---------------------------------------------------------------
[ 2022-06-09T10:47:08+08:00 ] 127.0.0.1 POST api.newkefu.com/admin/user/model
[运行时间：0.126486s] [吞吐率：7.91req/s] [内存消耗：4,856.28kb] [文件加载：194]
[ info ] [ LANG ] D:\phpstudy_pro\WWW\new_kefu_online\thinkphp\lang\zh-cn.php
[ info ] [ ROUTE ] array (
  'type' => 'module',
  'module' => 
  array (
    0 => 'admin',
    1 => 'user',
    2 => 'model',
  ),
)
[ info ] [ HEADER ] array (
  'content-length' => '0',
  'referer' => 'http://www.newkefu.com/',
  'connection' => 'close',
  'origin' => 'http://www.newkefu.com',
  'platform' => 'youyu',
  'token' => 'eyJ0eXAiOiJKV1QiLCJhbGciOiJIUzI1NiIsImp0aSI6ImxYWGluZyJ9.eyJpc3MiOiJhcGkubmV3a2VmdS5jb20iLCJqdGkiOiJsWFhpbmciLCJpYXQiOjE2NTQ0OTc5NDEsImV4cCI6MTY1NzA4OTk0MSwidWlkIjoxNDN9.-43ZKzS1MUyNzhuhyoJcaYbJ8NgYn4rH6qNK6V5pLDg',
  'accept-encoding' => 'gzip, deflate',
  'accept-language' => 'zh-CN,zh;q=0.8,zh-TW;q=0.7,zh-HK;q=0.5,en-US;q=0.3,en;q=0.2',
  'accept' => 'application/json, text/javascript, */*; q=0.01',
  'user-agent' => 'Mozilla/5.0 (Windows NT 10.0; Win64; x64; rv:101.0) Gecko/20100101 Firefox/101.0',
  'host' => 'api.newkefu.com',
)
[ info ] [ PARAM ] array (
  '/admin/user/model' => '',
)
[ info ] [ DB ] INIT mysql
[ info ] [ CACHE ] INIT redis
[ info ] [ DB ] INIT mysql
[ info ] [ DB ] INIT mysql
[ info ] [ RUN ] app\admin\controller\User->model[ D:\phpstudy_pro\WWW\new_kefu_online\application\admin\controller\User.php ]
[ info ] [ LOG ] INIT File
[ sql ] [ DB ] CONNECT:[ UseTime:0.001454s ] mysql:host=127.0.0.1;port=3306;dbname=gr_chat;charset=utf8
[ sql ] [ SQL ] SHOW COLUMNS FROM `gr_menu_new` [ RunTime:0.001162s ]
[ sql ] [ SQL ] SELECT m.menu_id as id,`m`.`menu_name`,`m`.`p_id`,`m`.`controller`,`m`.`action`,`m`.`is_show`,`m`.`url`,`m`.`type` FROM `gr_menu_new` `m` ORDER BY `p_id` ASC,`sort` ASC,`id` ASC [ RunTime:0.001468s ]
---------------------------------------------------------------
[ 2022-06-09T10:47:08+08:00 ] 127.0.0.1 POST api.newkefu.com/admin/user/index
[运行时间：0.097491s] [吞吐率：10.26req/s] [内存消耗：4,722.66kb] [文件加载：193]
[ info ] [ LANG ] D:\phpstudy_pro\WWW\new_kefu_online\thinkphp\lang\zh-cn.php
[ info ] [ ROUTE ] array (
  'type' => 'module',
  'module' => 
  array (
    0 => 'admin',
    1 => 'user',
    2 => 'index',
  ),
)
[ info ] [ HEADER ] array (
  'content-length' => '0',
  'referer' => 'http://www.newkefu.com/',
  'connection' => 'close',
  'origin' => 'http://www.newkefu.com',
  'platform' => 'youyu',
  'token' => 'eyJ0eXAiOiJKV1QiLCJhbGciOiJIUzI1NiIsImp0aSI6ImxYWGluZyJ9.eyJpc3MiOiJhcGkubmV3a2VmdS5jb20iLCJqdGkiOiJsWFhpbmciLCJpYXQiOjE2NTQ0OTc5NDEsImV4cCI6MTY1NzA4OTk0MSwidWlkIjoxNDN9.-43ZKzS1MUyNzhuhyoJcaYbJ8NgYn4rH6qNK6V5pLDg',
  'accept-encoding' => 'gzip, deflate',
  'accept-language' => 'zh-CN,zh;q=0.8,zh-TW;q=0.7,zh-HK;q=0.5,en-US;q=0.3,en;q=0.2',
  'accept' => 'application/json, text/javascript, */*; q=0.01',
  'user-agent' => 'Mozilla/5.0 (Windows NT 10.0; Win64; x64; rv:101.0) Gecko/20100101 Firefox/101.0',
  'host' => 'api.newkefu.com',
)
[ info ] [ PARAM ] array (
  '/admin/user/index' => '',
)
[ info ] [ DB ] INIT mysql
[ info ] [ CACHE ] INIT redis
[ info ] [ DB ] INIT mysql
[ info ] [ RUN ] app\admin\controller\User->index[ D:\phpstudy_pro\WWW\new_kefu_online\application\admin\controller\User.php ]
[ info ] [ LOG ] INIT File
[ sql ] [ DB ] CONNECT:[ UseTime:0.001227s ] mysql:host=127.0.0.1;port=3306;dbname=gr_chat;charset=utf8
[ sql ] [ SQL ] SHOW COLUMNS FROM `gr_menu_new` [ RunTime:0.000925s ]
[ sql ] [ SQL ] SELECT m.menu_id as id,`m`.`menu_name`,`m`.`p_id`,`m`.`controller`,`m`.`action`,`m`.`is_show`,`m`.`url`,`m`.`type` FROM `gr_menu_new` `m` ORDER BY `p_id` ASC,`sort` ASC,`id` ASC [ RunTime:0.000814s ]
---------------------------------------------------------------
[ 2022-06-09T14:55:35+08:00 ] 127.0.0.1 POST api.newkefu.com/admin/game_ltv/index
[运行时间：0.291319s] [吞吐率：3.43req/s] [内存消耗：4,778.14kb] [文件加载：198]
[ info ] [ LANG ] D:\phpstudy_pro\WWW\new_kefu_online\thinkphp\lang\zh-cn.php
[ info ] [ ROUTE ] array (
  'type' => 'module',
  'module' => 
  array (
    0 => 'admin',
    1 => 'game_ltv',
    2 => 'index',
  ),
)
[ info ] [ HEADER ] array (
  'cache-control' => 'no-cache',
  'pragma' => 'no-cache',
  'referer' => 'http://www.newkefu.com/',
  'connection' => 'close',
  'origin' => 'http://www.newkefu.com',
  'content-length' => '48',
  'platform' => 'youyu',
  'token' => 'eyJ0eXAiOiJKV1QiLCJhbGciOiJIUzI1NiIsImp0aSI6ImxYWGluZyJ9.eyJpc3MiOiJhcGkubmV3a2VmdS5jb20iLCJqdGkiOiJsWFhpbmciLCJpYXQiOjE2NTQ0OTc5NDEsImV4cCI6MTY1NzA4OTk0MSwidWlkIjoxNDN9.-43ZKzS1MUyNzhuhyoJcaYbJ8NgYn4rH6qNK6V5pLDg',
  'content-type' => 'application/x-www-form-urlencoded; charset=UTF-8',
  'accept-encoding' => 'gzip, deflate',
  'accept-language' => 'zh-CN,zh;q=0.8,zh-TW;q=0.7,zh-HK;q=0.5,en-US;q=0.3,en;q=0.2',
  'accept' => 'application/json, text/javascript, */*; q=0.01',
  'user-agent' => 'Mozilla/5.0 (Windows NT 10.0; Win64; x64; rv:101.0) Gecko/20100101 Firefox/101.0',
  'host' => 'api.newkefu.com',
)
[ info ] [ PARAM ] array (
  '/admin/game_ltv/index' => '',
  'start_time' => '',
  'end_time' => '',
  'start_sid' => '',
  'end_sid' => '',
  'type' => '1',
)
[ info ] [ DB ] INIT mysql
[ info ] [ CACHE ] INIT redis
[ info ] [ DB ] INIT mysql
[ info ] [ DB ] INIT mysql
[ info ] [ RUN ] app\admin\controller\GameLtv->index[ D:\phpstudy_pro\WWW\new_kefu_online\application\admin\controller\GameLtv.php ]
[ info ] [ LOG ] INIT File
[ sql ] [ DB ] CONNECT:[ UseTime:0.001432s ] mysql:host=127.0.0.1;port=3306;dbname=gr_chat;charset=utf8
[ sql ] [ SQL ] SHOW COLUMNS FROM `gr_menu_new` [ RunTime:0.001122s ]
[ sql ] [ SQL ] SELECT m.menu_id as id,`m`.`menu_name`,`m`.`p_id`,`m`.`controller`,`m`.`action`,`m`.`is_show`,`m`.`url`,`m`.`type` FROM `gr_menu_new` `m` ORDER BY `p_id` ASC,`sort` ASC,`id` ASC [ RunTime:0.001282s ]
[ sql ] [ SQL ] SHOW COLUMNS FROM `gr_admin_log_n` [ RunTime:0.000928s ]
[ sql ] [ SQL ] INSERT INTO `gr_admin_log_n` (`ip` , `admin_id` , `url` , `data` , `controller` , `action` , `add_time`) VALUES ('127.0.0.1' , 143 , '/admin/game_ltv/index' , '\"{\\\"\\\\\\/admin\\\\\\/game_ltv\\\\\\/index\\\":\\\"\\\",\\\"start_time\\\":\\\"\\\",\\\"end_time\\\":\\\"\\\",\\\"start_sid\\\":\\\"\\\",\\\"end_sid\\\":\\\"\\\",\\\"type\\\":\\\"1\\\"}\"' , 'GameLtv' , 'index' , 1654757735) [ RunTime:0.000589s ]
---------------------------------------------------------------
[ 2022-06-09T14:55:35+08:00 ] 127.0.0.1 GET api.newkefu.com/admin/game_ltv/index?page=1&limit=10
[运行时间：0.189701s] [吞吐率：5.27req/s] [内存消耗：4,660.98kb] [文件加载：197]
[ info ] [ LANG ] D:\phpstudy_pro\WWW\new_kefu_online\thinkphp\lang\zh-cn.php
[ info ] [ ROUTE ] array (
  'type' => 'module',
  'module' => 
  array (
    0 => 'admin',
    1 => 'game_ltv',
    2 => 'index',
  ),
)
[ info ] [ HEADER ] array (
  'cache-control' => 'no-cache',
  'pragma' => 'no-cache',
  'referer' => 'http://www.newkefu.com/',
  'connection' => 'close',
  'origin' => 'http://www.newkefu.com',
  'platform' => 'youyu',
  'token' => 'eyJ0eXAiOiJKV1QiLCJhbGciOiJIUzI1NiIsImp0aSI6ImxYWGluZyJ9.eyJpc3MiOiJhcGkubmV3a2VmdS5jb20iLCJqdGkiOiJsWFhpbmciLCJpYXQiOjE2NTQ0OTc5NDEsImV4cCI6MTY1NzA4OTk0MSwidWlkIjoxNDN9.-43ZKzS1MUyNzhuhyoJcaYbJ8NgYn4rH6qNK6V5pLDg',
  'accept-encoding' => 'gzip, deflate',
  'accept-language' => 'zh-CN,zh;q=0.8,zh-TW;q=0.7,zh-HK;q=0.5,en-US;q=0.3,en;q=0.2',
  'accept' => 'application/json, text/javascript, */*; q=0.01',
  'user-agent' => 'Mozilla/5.0 (Windows NT 10.0; Win64; x64; rv:101.0) Gecko/20100101 Firefox/101.0',
  'host' => 'api.newkefu.com',
)
[ info ] [ PARAM ] array (
  '/admin/game_ltv/index' => '',
  'page' => '1',
  'limit' => '10',
)
[ info ] [ DB ] INIT mysql
[ info ] [ CACHE ] INIT redis
[ info ] [ DB ] INIT mysql
[ info ] [ RUN ] app\admin\controller\GameLtv->index[ D:\phpstudy_pro\WWW\new_kefu_online\application\admin\controller\GameLtv.php ]
[ info ] [ LOG ] INIT File
[ sql ] [ DB ] CONNECT:[ UseTime:0.001448s ] mysql:host=127.0.0.1;port=3306;dbname=gr_chat;charset=utf8
[ sql ] [ SQL ] SHOW COLUMNS FROM `gr_menu_new` [ RunTime:0.001253s ]
[ sql ] [ SQL ] SELECT m.menu_id as id,`m`.`menu_name`,`m`.`p_id`,`m`.`controller`,`m`.`action`,`m`.`is_show`,`m`.`url`,`m`.`type` FROM `gr_menu_new` `m` ORDER BY `p_id` ASC,`sort` ASC,`id` ASC [ RunTime:0.001077s ]
[ sql ] [ SQL ] SHOW COLUMNS FROM `gr_admin_log_n` [ RunTime:0.000783s ]
[ sql ] [ SQL ] INSERT INTO `gr_admin_log_n` (`ip` , `admin_id` , `url` , `data` , `controller` , `action` , `add_time`) VALUES ('127.0.0.1' , 143 , '/admin/game_ltv/index?page=1&limit=10' , '\"{\\\"\\\\\\/admin\\\\\\/game_ltv\\\\\\/index\\\":\\\"\\\",\\\"page\\\":\\\"1\\\",\\\"limit\\\":\\\"10\\\"}\"' , 'GameLtv' , 'index' , 1654757735) [ RunTime:0.000495s ]
---------------------------------------------------------------
[ 2022-06-09T14:55:43+08:00 ] 127.0.0.1 POST api.newkefu.com/admin/game_ltv/index
[运行时间：0.292037s] [吞吐率：3.42req/s] [内存消耗：4,661.77kb] [文件加载：197]
[ info ] [ LANG ] D:\phpstudy_pro\WWW\new_kefu_online\thinkphp\lang\zh-cn.php
[ info ] [ ROUTE ] array (
  'type' => 'module',
  'module' => 
  array (
    0 => 'admin',
    1 => 'game_ltv',
    2 => 'index',
  ),
)
[ info ] [ HEADER ] array (
  'cache-control' => 'no-cache',
  'pragma' => 'no-cache',
  'referer' => 'http://www.newkefu.com/',
  'connection' => 'close',
  'origin' => 'http://www.newkefu.com',
  'content-length' => '110',
  'platform' => 'youyu',
  'token' => 'eyJ0eXAiOiJKV1QiLCJhbGciOiJIUzI1NiIsImp0aSI6ImxYWGluZyJ9.eyJpc3MiOiJhcGkubmV3a2VmdS5jb20iLCJqdGkiOiJsWFhpbmciLCJpYXQiOjE2NTQ0OTc5NDEsImV4cCI6MTY1NzA4OTk0MSwidWlkIjoxNDN9.-43ZKzS1MUyNzhuhyoJcaYbJ8NgYn4rH6qNK6V5pLDg',
  'content-type' => 'application/x-www-form-urlencoded; charset=UTF-8',
  'accept-encoding' => 'gzip, deflate',
  'accept-language' => 'zh-CN,zh;q=0.8,zh-TW;q=0.7,zh-HK;q=0.5,en-US;q=0.3,en;q=0.2',
  'accept' => 'application/json, text/javascript, */*; q=0.01',
  'user-agent' => 'Mozilla/5.0 (Windows NT 10.0; Win64; x64; rv:101.0) Gecko/20100101 Firefox/101.0',
  'host' => 'api.newkefu.com',
)
[ info ] [ PARAM ] array (
  '/admin/game_ltv/index' => '',
  'page' => '1',
  'limit' => '10',
  'start_time' => '2022-06-01 00:00:00',
  'end_time' => '2022-06-08 00:00:00',
  'start_sid' => '',
  'end_sid' => '',
  'type' => '1',
)
[ info ] [ DB ] INIT mysql
[ info ] [ CACHE ] INIT redis
[ info ] [ DB ] INIT mysql
[ info ] [ RUN ] app\admin\controller\GameLtv->index[ D:\phpstudy_pro\WWW\new_kefu_online\application\admin\controller\GameLtv.php ]
[ info ] [ LOG ] INIT File
[ sql ] [ DB ] CONNECT:[ UseTime:0.001402s ] mysql:host=127.0.0.1;port=3306;dbname=gr_chat;charset=utf8
[ sql ] [ SQL ] SHOW COLUMNS FROM `gr_menu_new` [ RunTime:0.001116s ]
[ sql ] [ SQL ] SELECT m.menu_id as id,`m`.`menu_name`,`m`.`p_id`,`m`.`controller`,`m`.`action`,`m`.`is_show`,`m`.`url`,`m`.`type` FROM `gr_menu_new` `m` ORDER BY `p_id` ASC,`sort` ASC,`id` ASC [ RunTime:0.000957s ]
[ sql ] [ SQL ] SHOW COLUMNS FROM `gr_admin_log_n` [ RunTime:0.000783s ]
[ sql ] [ SQL ] INSERT INTO `gr_admin_log_n` (`ip` , `admin_id` , `url` , `data` , `controller` , `action` , `add_time`) VALUES ('127.0.0.1' , 143 , '/admin/game_ltv/index' , '\"{\\\"\\\\\\/admin\\\\\\/game_ltv\\\\\\/index\\\":\\\"\\\",\\\"page\\\":\\\"1\\\",\\\"limit\\\":\\\"10\\\",\\\"start_time\\\":\\\"2022-06-01 00:00:00\\\",\\\"end_time\\\":\\\"2022-06-08 00:00:00\\\",\\\"start_sid\\\":\\\"\\\",\\\"end_sid\\\":\\\"\\\",\\\"type\\\":\\\"1\\\"}\"' , 'GameLtv' , 'index' , 1654757742) [ RunTime:0.000450s ]
---------------------------------------------------------------
[ 2022-06-09T14:55:53+08:00 ] 127.0.0.1 POST api.newkefu.com/admin/game_ltv/index
[运行时间：0.547031s] [吞吐率：1.83req/s] [内存消耗：4,661.77kb] [文件加载：197]
[ info ] [ LANG ] D:\phpstudy_pro\WWW\new_kefu_online\thinkphp\lang\zh-cn.php
[ info ] [ ROUTE ] array (
  'type' => 'module',
  'module' => 
  array (
    0 => 'admin',
    1 => 'game_ltv',
    2 => 'index',
  ),
)
[ info ] [ HEADER ] array (
  'cache-control' => 'no-cache',
  'pragma' => 'no-cache',
  'referer' => 'http://www.newkefu.com/',
  'connection' => 'close',
  'origin' => 'http://www.newkefu.com',
  'content-length' => '110',
  'platform' => 'youyu',
  'token' => 'eyJ0eXAiOiJKV1QiLCJhbGciOiJIUzI1NiIsImp0aSI6ImxYWGluZyJ9.eyJpc3MiOiJhcGkubmV3a2VmdS5jb20iLCJqdGkiOiJsWFhpbmciLCJpYXQiOjE2NTQ0OTc5NDEsImV4cCI6MTY1NzA4OTk0MSwidWlkIjoxNDN9.-43ZKzS1MUyNzhuhyoJcaYbJ8NgYn4rH6qNK6V5pLDg',
  'content-type' => 'application/x-www-form-urlencoded; charset=UTF-8',
  'accept-encoding' => 'gzip, deflate',
  'accept-language' => 'zh-CN,zh;q=0.8,zh-TW;q=0.7,zh-HK;q=0.5,en-US;q=0.3,en;q=0.2',
  'accept' => 'application/json, text/javascript, */*; q=0.01',
  'user-agent' => 'Mozilla/5.0 (Windows NT 10.0; Win64; x64; rv:101.0) Gecko/20100101 Firefox/101.0',
  'host' => 'api.newkefu.com',
)
[ info ] [ PARAM ] array (
  '/admin/game_ltv/index' => '',
  'page' => '1',
  'limit' => '10',
  'start_time' => '2022-05-01 00:00:00',
  'end_time' => '2022-06-01 00:00:00',
  'start_sid' => '',
  'end_sid' => '',
  'type' => '1',
)
[ info ] [ DB ] INIT mysql
[ info ] [ CACHE ] INIT redis
[ info ] [ DB ] INIT mysql
[ info ] [ RUN ] app\admin\controller\GameLtv->index[ D:\phpstudy_pro\WWW\new_kefu_online\application\admin\controller\GameLtv.php ]
[ info ] [ LOG ] INIT File
[ sql ] [ DB ] CONNECT:[ UseTime:0.001164s ] mysql:host=127.0.0.1;port=3306;dbname=gr_chat;charset=utf8
[ sql ] [ SQL ] SHOW COLUMNS FROM `gr_menu_new` [ RunTime:0.000963s ]
[ sql ] [ SQL ] SELECT m.menu_id as id,`m`.`menu_name`,`m`.`p_id`,`m`.`controller`,`m`.`action`,`m`.`is_show`,`m`.`url`,`m`.`type` FROM `gr_menu_new` `m` ORDER BY `p_id` ASC,`sort` ASC,`id` ASC [ RunTime:0.000982s ]
[ sql ] [ SQL ] SHOW COLUMNS FROM `gr_admin_log_n` [ RunTime:0.000830s ]
[ sql ] [ SQL ] INSERT INTO `gr_admin_log_n` (`ip` , `admin_id` , `url` , `data` , `controller` , `action` , `add_time`) VALUES ('127.0.0.1' , 143 , '/admin/game_ltv/index' , '\"{\\\"\\\\\\/admin\\\\\\/game_ltv\\\\\\/index\\\":\\\"\\\",\\\"page\\\":\\\"1\\\",\\\"limit\\\":\\\"10\\\",\\\"start_time\\\":\\\"2022-05-01 00:00:00\\\",\\\"end_time\\\":\\\"2022-06-01 00:00:00\\\",\\\"start_sid\\\":\\\"\\\",\\\"end_sid\\\":\\\"\\\",\\\"type\\\":\\\"1\\\"}\"' , 'GameLtv' , 'index' , 1654757752) [ RunTime:0.000540s ]
---------------------------------------------------------------
[ 2022-06-09T14:56:03+08:00 ] 127.0.0.1 POST api.newkefu.com/admin/game_ltv/index
[运行时间：0.624205s] [吞吐率：1.60req/s] [内存消耗：4,661.77kb] [文件加载：197]
[ info ] [ LANG ] D:\phpstudy_pro\WWW\new_kefu_online\thinkphp\lang\zh-cn.php
[ info ] [ ROUTE ] array (
  'type' => 'module',
  'module' => 
  array (
    0 => 'admin',
    1 => 'game_ltv',
    2 => 'index',
  ),
)
[ info ] [ HEADER ] array (
  'cache-control' => 'no-cache',
  'pragma' => 'no-cache',
  'referer' => 'http://www.newkefu.com/',
  'connection' => 'close',
  'origin' => 'http://www.newkefu.com',
  'content-length' => '110',
  'platform' => 'youyu',
  'token' => 'eyJ0eXAiOiJKV1QiLCJhbGciOiJIUzI1NiIsImp0aSI6ImxYWGluZyJ9.eyJpc3MiOiJhcGkubmV3a2VmdS5jb20iLCJqdGkiOiJsWFhpbmciLCJpYXQiOjE2NTQ0OTc5NDEsImV4cCI6MTY1NzA4OTk0MSwidWlkIjoxNDN9.-43ZKzS1MUyNzhuhyoJcaYbJ8NgYn4rH6qNK6V5pLDg',
  'content-type' => 'application/x-www-form-urlencoded; charset=UTF-8',
  'accept-encoding' => 'gzip, deflate',
  'accept-language' => 'zh-CN,zh;q=0.8,zh-TW;q=0.7,zh-HK;q=0.5,en-US;q=0.3,en;q=0.2',
  'accept' => 'application/json, text/javascript, */*; q=0.01',
  'user-agent' => 'Mozilla/5.0 (Windows NT 10.0; Win64; x64; rv:101.0) Gecko/20100101 Firefox/101.0',
  'host' => 'api.newkefu.com',
)
[ info ] [ PARAM ] array (
  '/admin/game_ltv/index' => '',
  'page' => '2',
  'limit' => '10',
  'start_time' => '2022-05-01 00:00:00',
  'end_time' => '2022-06-01 00:00:00',
  'start_sid' => '',
  'end_sid' => '',
  'type' => '1',
)
[ info ] [ DB ] INIT mysql
[ info ] [ CACHE ] INIT redis
[ info ] [ DB ] INIT mysql
[ info ] [ RUN ] app\admin\controller\GameLtv->index[ D:\phpstudy_pro\WWW\new_kefu_online\application\admin\controller\GameLtv.php ]
[ info ] [ LOG ] INIT File
[ sql ] [ DB ] CONNECT:[ UseTime:0.001211s ] mysql:host=127.0.0.1;port=3306;dbname=gr_chat;charset=utf8
[ sql ] [ SQL ] SHOW COLUMNS FROM `gr_menu_new` [ RunTime:0.001025s ]
[ sql ] [ SQL ] SELECT m.menu_id as id,`m`.`menu_name`,`m`.`p_id`,`m`.`controller`,`m`.`action`,`m`.`is_show`,`m`.`url`,`m`.`type` FROM `gr_menu_new` `m` ORDER BY `p_id` ASC,`sort` ASC,`id` ASC [ RunTime:0.000925s ]
[ sql ] [ SQL ] SHOW COLUMNS FROM `gr_admin_log_n` [ RunTime:0.000686s ]
[ sql ] [ SQL ] INSERT INTO `gr_admin_log_n` (`ip` , `admin_id` , `url` , `data` , `controller` , `action` , `add_time`) VALUES ('127.0.0.1' , 143 , '/admin/game_ltv/index' , '\"{\\\"\\\\\\/admin\\\\\\/game_ltv\\\\\\/index\\\":\\\"\\\",\\\"page\\\":\\\"2\\\",\\\"limit\\\":\\\"10\\\",\\\"start_time\\\":\\\"2022-05-01 00:00:00\\\",\\\"end_time\\\":\\\"2022-06-01 00:00:00\\\",\\\"start_sid\\\":\\\"\\\",\\\"end_sid\\\":\\\"\\\",\\\"type\\\":\\\"1\\\"}\"' , 'GameLtv' , 'index' , 1654757762) [ RunTime:0.000396s ]
---------------------------------------------------------------
[ 2022-06-09T14:56:06+08:00 ] 127.0.0.1 POST api.newkefu.com/admin/game_ltv/index
[运行时间：0.466652s] [吞吐率：2.14req/s] [内存消耗：4,661.77kb] [文件加载：197]
[ info ] [ LANG ] D:\phpstudy_pro\WWW\new_kefu_online\thinkphp\lang\zh-cn.php
[ info ] [ ROUTE ] array (
  'type' => 'module',
  'module' => 
  array (
    0 => 'admin',
    1 => 'game_ltv',
    2 => 'index',
  ),
)
[ info ] [ HEADER ] array (
  'cache-control' => 'no-cache',
  'pragma' => 'no-cache',
  'referer' => 'http://www.newkefu.com/',
  'connection' => 'close',
  'origin' => 'http://www.newkefu.com',
  'content-length' => '110',
  'platform' => 'youyu',
  'token' => 'eyJ0eXAiOiJKV1QiLCJhbGciOiJIUzI1NiIsImp0aSI6ImxYWGluZyJ9.eyJpc3MiOiJhcGkubmV3a2VmdS5jb20iLCJqdGkiOiJsWFhpbmciLCJpYXQiOjE2NTQ0OTc5NDEsImV4cCI6MTY1NzA4OTk0MSwidWlkIjoxNDN9.-43ZKzS1MUyNzhuhyoJcaYbJ8NgYn4rH6qNK6V5pLDg',
  'content-type' => 'application/x-www-form-urlencoded; charset=UTF-8',
  'accept-encoding' => 'gzip, deflate',
  'accept-language' => 'zh-CN,zh;q=0.8,zh-TW;q=0.7,zh-HK;q=0.5,en-US;q=0.3,en;q=0.2',
  'accept' => 'application/json, text/javascript, */*; q=0.01',
  'user-agent' => 'Mozilla/5.0 (Windows NT 10.0; Win64; x64; rv:101.0) Gecko/20100101 Firefox/101.0',
  'host' => 'api.newkefu.com',
)
[ info ] [ PARAM ] array (
  '/admin/game_ltv/index' => '',
  'page' => '1',
  'limit' => '10',
  'start_time' => '2022-05-01 00:00:00',
  'end_time' => '2022-06-01 00:00:00',
  'start_sid' => '',
  'end_sid' => '',
  'type' => '1',
)
[ info ] [ DB ] INIT mysql
[ info ] [ CACHE ] INIT redis
[ info ] [ DB ] INIT mysql
[ info ] [ RUN ] app\admin\controller\GameLtv->index[ D:\phpstudy_pro\WWW\new_kefu_online\application\admin\controller\GameLtv.php ]
[ info ] [ LOG ] INIT File
[ sql ] [ DB ] CONNECT:[ UseTime:0.001338s ] mysql:host=127.0.0.1;port=3306;dbname=gr_chat;charset=utf8
[ sql ] [ SQL ] SHOW COLUMNS FROM `gr_menu_new` [ RunTime:0.000856s ]
[ sql ] [ SQL ] SELECT m.menu_id as id,`m`.`menu_name`,`m`.`p_id`,`m`.`controller`,`m`.`action`,`m`.`is_show`,`m`.`url`,`m`.`type` FROM `gr_menu_new` `m` ORDER BY `p_id` ASC,`sort` ASC,`id` ASC [ RunTime:0.000999s ]
[ sql ] [ SQL ] SHOW COLUMNS FROM `gr_admin_log_n` [ RunTime:0.000994s ]
[ sql ] [ SQL ] INSERT INTO `gr_admin_log_n` (`ip` , `admin_id` , `url` , `data` , `controller` , `action` , `add_time`) VALUES ('127.0.0.1' , 143 , '/admin/game_ltv/index' , '\"{\\\"\\\\\\/admin\\\\\\/game_ltv\\\\\\/index\\\":\\\"\\\",\\\"page\\\":\\\"1\\\",\\\"limit\\\":\\\"10\\\",\\\"start_time\\\":\\\"2022-05-01 00:00:00\\\",\\\"end_time\\\":\\\"2022-06-01 00:00:00\\\",\\\"start_sid\\\":\\\"\\\",\\\"end_sid\\\":\\\"\\\",\\\"type\\\":\\\"1\\\"}\"' , 'GameLtv' , 'index' , 1654757766) [ RunTime:0.000552s ]
---------------------------------------------------------------
[ 2022-06-09T14:56:57+08:00 ] 127.0.0.1 POST api.newkefu.com/admin/user/model
[运行时间：0.107962s] [吞吐率：9.26req/s] [内存消耗：4,738.66kb] [文件加载：193]
[ info ] [ LANG ] D:\phpstudy_pro\WWW\new_kefu_online\thinkphp\lang\zh-cn.php
[ info ] [ ROUTE ] array (
  'type' => 'module',
  'module' => 
  array (
    0 => 'admin',
    1 => 'user',
    2 => 'model',
  ),
)
[ info ] [ HEADER ] array (
  'content-length' => '0',
  'referer' => 'http://www.newkefu.com/',
  'connection' => 'close',
  'origin' => 'http://www.newkefu.com',
  'platform' => 'youyu',
  'token' => 'eyJ0eXAiOiJKV1QiLCJhbGciOiJIUzI1NiIsImp0aSI6ImxYWGluZyJ9.eyJpc3MiOiJhcGkubmV3a2VmdS5jb20iLCJqdGkiOiJsWFhpbmciLCJpYXQiOjE2NTQ0OTc5NDEsImV4cCI6MTY1NzA4OTk0MSwidWlkIjoxNDN9.-43ZKzS1MUyNzhuhyoJcaYbJ8NgYn4rH6qNK6V5pLDg',
  'accept-encoding' => 'gzip, deflate',
  'accept-language' => 'zh-CN,zh;q=0.8,zh-TW;q=0.7,zh-HK;q=0.5,en-US;q=0.3,en;q=0.2',
  'accept' => 'application/json, text/javascript, */*; q=0.01',
  'user-agent' => 'Mozilla/5.0 (Windows NT 10.0; Win64; x64; rv:101.0) Gecko/20100101 Firefox/101.0',
  'host' => 'api.newkefu.com',
)
[ info ] [ PARAM ] array (
  '/admin/user/model' => '',
)
[ info ] [ DB ] INIT mysql
[ info ] [ CACHE ] INIT redis
[ info ] [ DB ] INIT mysql
[ info ] [ RUN ] app\admin\controller\User->model[ D:\phpstudy_pro\WWW\new_kefu_online\application\admin\controller\User.php ]
[ info ] [ LOG ] INIT File
[ sql ] [ DB ] CONNECT:[ UseTime:0.010820s ] mysql:host=127.0.0.1;port=3306;dbname=gr_chat;charset=utf8
[ sql ] [ SQL ] SHOW COLUMNS FROM `gr_menu_new` [ RunTime:0.001265s ]
[ sql ] [ SQL ] SELECT m.menu_id as id,`m`.`menu_name`,`m`.`p_id`,`m`.`controller`,`m`.`action`,`m`.`is_show`,`m`.`url`,`m`.`type` FROM `gr_menu_new` `m` ORDER BY `p_id` ASC,`sort` ASC,`id` ASC [ RunTime:0.001079s ]
---------------------------------------------------------------
[ 2022-06-09T14:56:57+08:00 ] 127.0.0.1 POST api.newkefu.com/admin/user/index
[运行时间：0.084952s] [吞吐率：11.77req/s] [内存消耗：4,722.66kb] [文件加载：193]
[ info ] [ LANG ] D:\phpstudy_pro\WWW\new_kefu_online\thinkphp\lang\zh-cn.php
[ info ] [ ROUTE ] array (
  'type' => 'module',
  'module' => 
  array (
    0 => 'admin',
    1 => 'user',
    2 => 'index',
  ),
)
[ info ] [ HEADER ] array (
  'content-length' => '0',
  'referer' => 'http://www.newkefu.com/',
  'connection' => 'close',
  'origin' => 'http://www.newkefu.com',
  'platform' => 'youyu',
  'token' => 'eyJ0eXAiOiJKV1QiLCJhbGciOiJIUzI1NiIsImp0aSI6ImxYWGluZyJ9.eyJpc3MiOiJhcGkubmV3a2VmdS5jb20iLCJqdGkiOiJsWFhpbmciLCJpYXQiOjE2NTQ0OTc5NDEsImV4cCI6MTY1NzA4OTk0MSwidWlkIjoxNDN9.-43ZKzS1MUyNzhuhyoJcaYbJ8NgYn4rH6qNK6V5pLDg',
  'accept-encoding' => 'gzip, deflate',
  'accept-language' => 'zh-CN,zh;q=0.8,zh-TW;q=0.7,zh-HK;q=0.5,en-US;q=0.3,en;q=0.2',
  'accept' => 'application/json, text/javascript, */*; q=0.01',
  'user-agent' => 'Mozilla/5.0 (Windows NT 10.0; Win64; x64; rv:101.0) Gecko/20100101 Firefox/101.0',
  'host' => 'api.newkefu.com',
)
[ info ] [ PARAM ] array (
  '/admin/user/index' => '',
)
[ info ] [ DB ] INIT mysql
[ info ] [ CACHE ] INIT redis
[ info ] [ DB ] INIT mysql
[ info ] [ RUN ] app\admin\controller\User->index[ D:\phpstudy_pro\WWW\new_kefu_online\application\admin\controller\User.php ]
[ info ] [ LOG ] INIT File
[ sql ] [ DB ] CONNECT:[ UseTime:0.001120s ] mysql:host=127.0.0.1;port=3306;dbname=gr_chat;charset=utf8
[ sql ] [ SQL ] SHOW COLUMNS FROM `gr_menu_new` [ RunTime:0.001092s ]
[ sql ] [ SQL ] SELECT m.menu_id as id,`m`.`menu_name`,`m`.`p_id`,`m`.`controller`,`m`.`action`,`m`.`is_show`,`m`.`url`,`m`.`type` FROM `gr_menu_new` `m` ORDER BY `p_id` ASC,`sort` ASC,`id` ASC [ RunTime:0.001042s ]
---------------------------------------------------------------
[ 2022-06-09T17:53:18+08:00 ] 127.0.0.1 POST api.newkefu.com/admin/keyword/getProductList
[运行时间：0.116150s] [吞吐率：8.61req/s] [内存消耗：4,858.30kb] [文件加载：196]
[ info ] [ LANG ] D:\phpstudy_pro\WWW\new_kefu_online\thinkphp\lang\zh-cn.php
[ info ] [ ROUTE ] array (
  'type' => 'module',
  'module' => 
  array (
    0 => 'admin',
    1 => 'keyword',
    2 => 'getProductList',
  ),
)
[ info ] [ HEADER ] array (
  'content-length' => '0',
  'cache-control' => 'no-cache',
  'pragma' => 'no-cache',
  'referer' => 'http://www.newkefu.com/',
  'connection' => 'close',
  'origin' => 'http://www.newkefu.com',
  'platform' => 'youyu',
  'token' => 'eyJ0eXAiOiJKV1QiLCJhbGciOiJIUzI1NiIsImp0aSI6ImxYWGluZyJ9.eyJpc3MiOiJhcGkubmV3a2VmdS5jb20iLCJqdGkiOiJsWFhpbmciLCJpYXQiOjE2NTQ0OTc5NDEsImV4cCI6MTY1NzA4OTk0MSwidWlkIjoxNDN9.-43ZKzS1MUyNzhuhyoJcaYbJ8NgYn4rH6qNK6V5pLDg',
  'accept-encoding' => 'gzip, deflate',
  'accept-language' => 'zh-CN,zh;q=0.8,zh-TW;q=0.7,zh-HK;q=0.5,en-US;q=0.3,en;q=0.2',
  'accept' => 'application/json, text/javascript, */*; q=0.01',
  'user-agent' => 'Mozilla/5.0 (Windows NT 10.0; Win64; x64; rv:101.0) Gecko/20100101 Firefox/101.0',
  'host' => 'api.newkefu.com',
)
[ info ] [ PARAM ] array (
  '/admin/keyword/getProductList' => '',
)
[ info ] [ DB ] INIT mysql
[ info ] [ CACHE ] INIT redis
[ info ] [ DB ] INIT mysql
[ info ] [ DB ] INIT mysql
[ info ] [ RUN ] app\admin\controller\Keyword->getProductList[ D:\phpstudy_pro\WWW\new_kefu_online\application\admin\controller\Keyword.php ]
[ info ] [ LOG ] INIT File
[ sql ] [ DB ] CONNECT:[ UseTime:0.001340s ] mysql:host=127.0.0.1;port=3306;dbname=gr_chat;charset=utf8
[ sql ] [ SQL ] SHOW COLUMNS FROM `gr_menu_new` [ RunTime:0.000855s ]
[ sql ] [ SQL ] SELECT m.menu_id as id,`m`.`menu_name`,`m`.`p_id`,`m`.`controller`,`m`.`action`,`m`.`is_show`,`m`.`url`,`m`.`type` FROM `gr_menu_new` `m` ORDER BY `p_id` ASC,`sort` ASC,`id` ASC [ RunTime:0.001242s ]
[ sql ] [ SQL ] SHOW COLUMNS FROM `gr_admin_log_n` [ RunTime:0.000844s ]
[ sql ] [ SQL ] INSERT INTO `gr_admin_log_n` (`ip` , `admin_id` , `url` , `data` , `controller` , `action` , `add_time`) VALUES ('127.0.0.1' , 143 , '/admin/keyword/getProductList' , '\"{\\\"\\\\\\/admin\\\\\\/keyword\\\\\\/getProductList\\\":\\\"\\\"}\"' , 'Keyword' , 'getProductList' , 1654768398) [ RunTime:0.000512s ]
---------------------------------------------------------------
[ 2022-06-09T17:53:18+08:00 ] 127.0.0.1 POST api.newkefu.com/admin/keyword/index
[运行时间：0.122192s] [吞吐率：8.18req/s] [内存消耗：4,814.95kb] [文件加载：200]
[ info ] [ LANG ] D:\phpstudy_pro\WWW\new_kefu_online\thinkphp\lang\zh-cn.php
[ info ] [ ROUTE ] array (
  'type' => 'module',
  'module' => 
  array (
    0 => 'admin',
    1 => 'keyword',
    2 => 'index',
  ),
)
[ info ] [ HEADER ] array (
  'cache-control' => 'no-cache',
  'pragma' => 'no-cache',
  'referer' => 'http://www.newkefu.com/',
  'connection' => 'close',
  'origin' => 'http://www.newkefu.com',
  'content-length' => '15',
  'platform' => 'youyu',
  'token' => 'eyJ0eXAiOiJKV1QiLCJhbGciOiJIUzI1NiIsImp0aSI6ImxYWGluZyJ9.eyJpc3MiOiJhcGkubmV3a2VmdS5jb20iLCJqdGkiOiJsWFhpbmciLCJpYXQiOjE2NTQ0OTc5NDEsImV4cCI6MTY1NzA4OTk0MSwidWlkIjoxNDN9.-43ZKzS1MUyNzhuhyoJcaYbJ8NgYn4rH6qNK6V5pLDg',
  'content-type' => 'application/x-www-form-urlencoded; charset=UTF-8',
  'accept-encoding' => 'gzip, deflate',
  'accept-language' => 'zh-CN,zh;q=0.8,zh-TW;q=0.7,zh-HK;q=0.5,en-US;q=0.3,en;q=0.2',
  'accept' => 'application/json, text/javascript, */*; q=0.01',
  'user-agent' => 'Mozilla/5.0 (Windows NT 10.0; Win64; x64; rv:101.0) Gecko/20100101 Firefox/101.0',
  'host' => 'api.newkefu.com',
)
[ info ] [ PARAM ] array (
  '/admin/keyword/index' => '',
  'page' => '1',
  'limit' => '20',
)
[ info ] [ DB ] INIT mysql
[ info ] [ CACHE ] INIT redis
[ info ] [ DB ] INIT mysql
[ info ] [ RUN ] app\admin\controller\Keyword->index[ D:\phpstudy_pro\WWW\new_kefu_online\application\admin\controller\Keyword.php ]
[ info ] [ LOG ] INIT File
[ sql ] [ DB ] CONNECT:[ UseTime:0.001569s ] mysql:host=127.0.0.1;port=3306;dbname=gr_chat;charset=utf8
[ sql ] [ SQL ] SHOW COLUMNS FROM `gr_menu_new` [ RunTime:0.000889s ]
[ sql ] [ SQL ] SELECT m.menu_id as id,`m`.`menu_name`,`m`.`p_id`,`m`.`controller`,`m`.`action`,`m`.`is_show`,`m`.`url`,`m`.`type` FROM `gr_menu_new` `m` ORDER BY `p_id` ASC,`sort` ASC,`id` ASC [ RunTime:0.000891s ]
[ sql ] [ SQL ] SHOW COLUMNS FROM `gr_admin_log_n` [ RunTime:0.000773s ]
[ sql ] [ SQL ] INSERT INTO `gr_admin_log_n` (`ip` , `admin_id` , `url` , `data` , `controller` , `action` , `add_time`) VALUES ('127.0.0.1' , 143 , '/admin/keyword/index' , '\"{\\\"\\\\\\/admin\\\\\\/keyword\\\\\\/index\\\":\\\"\\\",\\\"page\\\":\\\"1\\\",\\\"limit\\\":\\\"20\\\"}\"' , 'Keyword' , 'index' , 1654768398) [ RunTime:0.000385s ]
