---------------------------------------------------------------
[ 2022-06-13T10:37:58+08:00 ] 127.0.0.1 POST api.newkefu.com/admin/user/model
[运行时间：0.153804s] [吞吐率：6.50req/s] [内存消耗：4,856.28kb] [文件加载：194]
[ info ] [ LANG ] D:\phpstudy_pro\WWW\new_kefu_online\thinkphp\lang\zh-cn.php
[ info ] [ ROUTE ] array (
  'type' => 'module',
  'module' => 
  array (
    0 => 'admin',
    1 => 'user',
    2 => 'model',
  ),
)
[ info ] [ HEADER ] array (
  'content-length' => '0',
  'referer' => 'http://www.newkefu.com/',
  'connection' => 'close',
  'origin' => 'http://www.newkefu.com',
  'platform' => 'youyu',
  'token' => 'eyJ0eXAiOiJKV1QiLCJhbGciOiJIUzI1NiIsImp0aSI6ImxYWGluZyJ9.eyJpc3MiOiJhcGkubmV3a2VmdS5jb20iLCJqdGkiOiJsWFhpbmciLCJpYXQiOjE2NTQ0OTc5NDEsImV4cCI6MTY1NzA4OTk0MSwidWlkIjoxNDN9.-43ZKzS1MUyNzhuhyoJcaYbJ8NgYn4rH6qNK6V5pLDg',
  'accept-encoding' => 'gzip, deflate',
  'accept-language' => 'zh-CN,zh;q=0.8,zh-TW;q=0.7,zh-HK;q=0.5,en-US;q=0.3,en;q=0.2',
  'accept' => 'application/json, text/javascript, */*; q=0.01',
  'user-agent' => 'Mozilla/5.0 (Windows NT 10.0; Win64; x64; rv:101.0) Gecko/20100101 Firefox/101.0',
  'host' => 'api.newkefu.com',
)
[ info ] [ PARAM ] array (
  '/admin/user/model' => '',
)
[ info ] [ DB ] INIT mysql
[ info ] [ CACHE ] INIT redis
[ info ] [ DB ] INIT mysql
[ info ] [ DB ] INIT mysql
[ info ] [ RUN ] app\admin\controller\User->model[ D:\phpstudy_pro\WWW\new_kefu_online\application\admin\controller\User.php ]
[ info ] [ LOG ] INIT File
[ sql ] [ DB ] CONNECT:[ UseTime:0.001760s ] mysql:host=127.0.0.1;port=3306;dbname=gr_chat;charset=utf8
[ sql ] [ SQL ] SHOW COLUMNS FROM `gr_menu_new` [ RunTime:0.001401s ]
[ sql ] [ SQL ] SELECT m.menu_id as id,`m`.`menu_name`,`m`.`p_id`,`m`.`controller`,`m`.`action`,`m`.`is_show`,`m`.`url`,`m`.`type` FROM `gr_menu_new` `m` ORDER BY `p_id` ASC,`sort` ASC,`id` ASC [ RunTime:0.005228s ]
---------------------------------------------------------------
[ 2022-06-13T10:37:58+08:00 ] 127.0.0.1 POST api.newkefu.com/admin/user/index
[运行时间：0.091166s] [吞吐率：10.97req/s] [内存消耗：4,722.66kb] [文件加载：193]
[ info ] [ LANG ] D:\phpstudy_pro\WWW\new_kefu_online\thinkphp\lang\zh-cn.php
[ info ] [ ROUTE ] array (
  'type' => 'module',
  'module' => 
  array (
    0 => 'admin',
    1 => 'user',
    2 => 'index',
  ),
)
[ info ] [ HEADER ] array (
  'content-length' => '0',
  'referer' => 'http://www.newkefu.com/',
  'connection' => 'close',
  'origin' => 'http://www.newkefu.com',
  'platform' => 'youyu',
  'token' => 'eyJ0eXAiOiJKV1QiLCJhbGciOiJIUzI1NiIsImp0aSI6ImxYWGluZyJ9.eyJpc3MiOiJhcGkubmV3a2VmdS5jb20iLCJqdGkiOiJsWFhpbmciLCJpYXQiOjE2NTQ0OTc5NDEsImV4cCI6MTY1NzA4OTk0MSwidWlkIjoxNDN9.-43ZKzS1MUyNzhuhyoJcaYbJ8NgYn4rH6qNK6V5pLDg',
  'accept-encoding' => 'gzip, deflate',
  'accept-language' => 'zh-CN,zh;q=0.8,zh-TW;q=0.7,zh-HK;q=0.5,en-US;q=0.3,en;q=0.2',
  'accept' => 'application/json, text/javascript, */*; q=0.01',
  'user-agent' => 'Mozilla/5.0 (Windows NT 10.0; Win64; x64; rv:101.0) Gecko/20100101 Firefox/101.0',
  'host' => 'api.newkefu.com',
)
[ info ] [ PARAM ] array (
  '/admin/user/index' => '',
)
[ info ] [ DB ] INIT mysql
[ info ] [ CACHE ] INIT redis
[ info ] [ DB ] INIT mysql
[ info ] [ RUN ] app\admin\controller\User->index[ D:\phpstudy_pro\WWW\new_kefu_online\application\admin\controller\User.php ]
[ info ] [ LOG ] INIT File
[ sql ] [ DB ] CONNECT:[ UseTime:0.001487s ] mysql:host=127.0.0.1;port=3306;dbname=gr_chat;charset=utf8
[ sql ] [ SQL ] SHOW COLUMNS FROM `gr_menu_new` [ RunTime:0.001212s ]
[ sql ] [ SQL ] SELECT m.menu_id as id,`m`.`menu_name`,`m`.`p_id`,`m`.`controller`,`m`.`action`,`m`.`is_show`,`m`.`url`,`m`.`type` FROM `gr_menu_new` `m` ORDER BY `p_id` ASC,`sort` ASC,`id` ASC [ RunTime:0.000923s ]
---------------------------------------------------------------
[ 2022-06-13T10:38:08+08:00 ] 127.0.0.1 POST api.newkefu.com/admin/Ajax/getPlatformList
[运行时间：0.098481s] [吞吐率：10.15req/s] [内存消耗：4,749.62kb] [文件加载：193]
[ info ] [ LANG ] D:\phpstudy_pro\WWW\new_kefu_online\thinkphp\lang\zh-cn.php
[ info ] [ ROUTE ] array (
  'type' => 'module',
  'module' => 
  array (
    0 => 'admin',
    1 => 'Ajax',
    2 => 'getPlatformList',
  ),
)
[ info ] [ HEADER ] array (
  'content-length' => '0',
  'referer' => 'http://www.newkefu.com/',
  'connection' => 'close',
  'origin' => 'http://www.newkefu.com',
  'platform' => 'youyu',
  'token' => 'eyJ0eXAiOiJKV1QiLCJhbGciOiJIUzI1NiIsImp0aSI6ImxYWGluZyJ9.eyJpc3MiOiJhcGkubmV3a2VmdS5jb20iLCJqdGkiOiJsWFhpbmciLCJpYXQiOjE2NTQ0OTc5NDEsImV4cCI6MTY1NzA4OTk0MSwidWlkIjoxNDN9.-43ZKzS1MUyNzhuhyoJcaYbJ8NgYn4rH6qNK6V5pLDg',
  'accept-encoding' => 'gzip, deflate',
  'accept-language' => 'zh-CN,zh;q=0.8,zh-TW;q=0.7,zh-HK;q=0.5,en-US;q=0.3,en;q=0.2',
  'accept' => 'application/json, text/javascript, */*; q=0.01',
  'user-agent' => 'Mozilla/5.0 (Windows NT 10.0; Win64; x64; rv:101.0) Gecko/20100101 Firefox/101.0',
  'host' => 'api.newkefu.com',
)
[ info ] [ PARAM ] array (
  '/admin/Ajax/getPlatformList' => '',
)
[ info ] [ DB ] INIT mysql
[ info ] [ CACHE ] INIT redis
[ info ] [ DB ] INIT mysql
[ info ] [ RUN ] app\admin\controller\Ajax->getPlatformList[ D:\phpstudy_pro\WWW\new_kefu_online\application\admin\controller\Ajax.php ]
[ info ] [ LOG ] INIT File
[ sql ] [ DB ] CONNECT:[ UseTime:0.001434s ] mysql:host=127.0.0.1;port=3306;dbname=gr_chat;charset=utf8
[ sql ] [ SQL ] SHOW COLUMNS FROM `gr_menu_new` [ RunTime:0.000992s ]
[ sql ] [ SQL ] SELECT m.menu_id as id,`m`.`menu_name`,`m`.`p_id`,`m`.`controller`,`m`.`action`,`m`.`is_show`,`m`.`url`,`m`.`type` FROM `gr_menu_new` `m` ORDER BY `p_id` ASC,`sort` ASC,`id` ASC [ RunTime:0.000912s ]
---------------------------------------------------------------
[ 2022-06-13T10:38:08+08:00 ] 127.0.0.1 POST api.newkefu.com/admin/block/getTypes
[运行时间：0.122362s] [吞吐率：8.17req/s] [内存消耗：4,699.08kb] [文件加载：195]
[ info ] [ LANG ] D:\phpstudy_pro\WWW\new_kefu_online\thinkphp\lang\zh-cn.php
[ info ] [ ROUTE ] array (
  'type' => 'module',
  'module' => 
  array (
    0 => 'admin',
    1 => 'block',
    2 => 'getTypes',
  ),
)
[ info ] [ HEADER ] array (
  'content-length' => '0',
  'referer' => 'http://www.newkefu.com/',
  'connection' => 'close',
  'origin' => 'http://www.newkefu.com',
  'platform' => 'youyu',
  'token' => 'eyJ0eXAiOiJKV1QiLCJhbGciOiJIUzI1NiIsImp0aSI6ImxYWGluZyJ9.eyJpc3MiOiJhcGkubmV3a2VmdS5jb20iLCJqdGkiOiJsWFhpbmciLCJpYXQiOjE2NTQ0OTc5NDEsImV4cCI6MTY1NzA4OTk0MSwidWlkIjoxNDN9.-43ZKzS1MUyNzhuhyoJcaYbJ8NgYn4rH6qNK6V5pLDg',
  'accept-encoding' => 'gzip, deflate',
  'accept-language' => 'zh-CN,zh;q=0.8,zh-TW;q=0.7,zh-HK;q=0.5,en-US;q=0.3,en;q=0.2',
  'accept' => 'application/json, text/javascript, */*; q=0.01',
  'user-agent' => 'Mozilla/5.0 (Windows NT 10.0; Win64; x64; rv:101.0) Gecko/20100101 Firefox/101.0',
  'host' => 'api.newkefu.com',
)
[ info ] [ PARAM ] array (
  '/admin/block/getTypes' => '',
)
[ info ] [ DB ] INIT mysql
[ info ] [ CACHE ] INIT redis
[ info ] [ DB ] INIT mysql
[ info ] [ RUN ] app\admin\controller\Block->getTypes[ D:\phpstudy_pro\WWW\new_kefu_online\application\admin\controller\Block.php ]
[ info ] [ LOG ] INIT File
[ sql ] [ DB ] CONNECT:[ UseTime:0.001715s ] mysql:host=127.0.0.1;port=3306;dbname=gr_chat;charset=utf8
[ sql ] [ SQL ] SHOW COLUMNS FROM `gr_menu_new` [ RunTime:0.000859s ]
[ sql ] [ SQL ] SELECT m.menu_id as id,`m`.`menu_name`,`m`.`p_id`,`m`.`controller`,`m`.`action`,`m`.`is_show`,`m`.`url`,`m`.`type` FROM `gr_menu_new` `m` ORDER BY `p_id` ASC,`sort` ASC,`id` ASC [ RunTime:0.000891s ]
[ sql ] [ SQL ] SHOW COLUMNS FROM `gr_admin_log_n` [ RunTime:0.001531s ]
[ sql ] [ SQL ] INSERT INTO `gr_admin_log_n` (`ip` , `admin_id` , `url` , `data` , `controller` , `action` , `add_time`) VALUES ('127.0.0.1' , 143 , '/admin/block/getTypes' , '\"{\\\"\\\\\\/admin\\\\\\/block\\\\\\/getTypes\\\":\\\"\\\"}\"' , 'Block' , 'getTypes' , 1655087888) [ RunTime:0.000527s ]
---------------------------------------------------------------
[ 2022-06-13T10:38:09+08:00 ] 127.0.0.1 GET api.newkefu.com/admin/block/index?page=1&limit=10&platform_id=&p_p=&p_g=&admin_id=&game=&type=&op_type=&rolename=&uid=&ip=&imei=&sid=&reg_channel_id=&admin=&sdate=2022-06-13+00%3A00%3A00&edate=2022-06-14+00%3A00%3A00&status=
[运行时间：0.144773s] [吞吐率：6.91req/s] [内存消耗：4,806.72kb] [文件加载：196]
[ info ] [ LANG ] D:\phpstudy_pro\WWW\new_kefu_online\thinkphp\lang\zh-cn.php
[ info ] [ ROUTE ] array (
  'type' => 'module',
  'module' => 
  array (
    0 => 'admin',
    1 => 'block',
    2 => 'index',
  ),
)
[ info ] [ HEADER ] array (
  'referer' => 'http://www.newkefu.com/',
  'connection' => 'close',
  'origin' => 'http://www.newkefu.com',
  'platform' => 'youyu',
  'token' => 'eyJ0eXAiOiJKV1QiLCJhbGciOiJIUzI1NiIsImp0aSI6ImxYWGluZyJ9.eyJpc3MiOiJhcGkubmV3a2VmdS5jb20iLCJqdGkiOiJsWFhpbmciLCJpYXQiOjE2NTQ0OTc5NDEsImV4cCI6MTY1NzA4OTk0MSwidWlkIjoxNDN9.-43ZKzS1MUyNzhuhyoJcaYbJ8NgYn4rH6qNK6V5pLDg',
  'accept-encoding' => 'gzip, deflate',
  'accept-language' => 'zh-CN,zh;q=0.8,zh-TW;q=0.7,zh-HK;q=0.5,en-US;q=0.3,en;q=0.2',
  'accept' => 'application/json, text/javascript, */*; q=0.01',
  'user-agent' => 'Mozilla/5.0 (Windows NT 10.0; Win64; x64; rv:101.0) Gecko/20100101 Firefox/101.0',
  'host' => 'api.newkefu.com',
)
[ info ] [ PARAM ] array (
  '/admin/block/index' => '',
  'page' => '1',
  'limit' => '10',
  'platform_id' => '',
  'p_p' => '',
  'p_g' => '',
  'admin_id' => '',
  'game' => '',
  'type' => '',
  'op_type' => '',
  'rolename' => '',
  'uid' => '',
  'ip' => '',
  'imei' => '',
  'sid' => '',
  'reg_channel_id' => '',
  'admin' => '',
  'sdate' => '2022-06-13 00:00:00',
  'edate' => '2022-06-14 00:00:00',
  'status' => '',
)
[ info ] [ DB ] INIT mysql
[ info ] [ CACHE ] INIT redis
[ info ] [ DB ] INIT mysql
[ info ] [ RUN ] app\admin\controller\Block->index[ D:\phpstudy_pro\WWW\new_kefu_online\application\admin\controller\Block.php ]
[ info ] [ LOG ] INIT File
[ sql ] [ DB ] CONNECT:[ UseTime:0.010632s ] mysql:host=127.0.0.1;port=3306;dbname=gr_chat;charset=utf8
[ sql ] [ SQL ] SHOW COLUMNS FROM `gr_menu_new` [ RunTime:0.000798s ]
[ sql ] [ SQL ] SELECT m.menu_id as id,`m`.`menu_name`,`m`.`p_id`,`m`.`controller`,`m`.`action`,`m`.`is_show`,`m`.`url`,`m`.`type` FROM `gr_menu_new` `m` ORDER BY `p_id` ASC,`sort` ASC,`id` ASC [ RunTime:0.000885s ]
[ sql ] [ SQL ] SHOW COLUMNS FROM `gr_admin_log_n` [ RunTime:0.001098s ]
[ sql ] [ SQL ] INSERT INTO `gr_admin_log_n` (`ip` , `admin_id` , `url` , `data` , `controller` , `action` , `add_time`) VALUES ('127.0.0.1' , 143 , '/admin/block/index?page=1&limit=10&platform_id=&p_p=&p_g=&admin_id=&game=&type=&op_type=&rolename=&uid=&ip=&imei=&sid=&reg_channel_id=&admin=&sdate=2022-06-13+00%3A00%3A00&edate=2022-06-14+00%3A00%3A00&status=' , '\"{\\\"\\\\\\/admin\\\\\\/block\\\\\\/index\\\":\\\"\\\",\\\"page\\\":\\\"1\\\",\\\"limit\\\":\\\"10\\\",\\\"platform_id\\\":\\\"\\\",\\\"p_p\\\":\\\"\\\",\\\"p_g\\\":\\\"\\\",\\\"admin_id\\\":\\\"\\\",\\\"game\\\":\\\"\\\",\\\"type\\\":\\\"\\\",\\\"op_type\\\":\\\"\\\",\\\"rolename\\\":\\\"\\\",\\\"uid\\\":\\\"\\\",\\\"ip\\\":\\\"\\\",\\\"imei\\\":\\\"\\\",\\\"sid\\\":\\\"\\\",\\\"reg_channel_id\\\":\\\"\\\",\\\"admin\\\":\\\"\\\",\\\"sdate\\\":\\\"2022-06-13 00:00:00\\\",\\\"edate\\\":\\\"2022-06-14 00:00:00\\\",\\\"status\\\":\\\"\\\"}\"' , 'Block' , 'index' , 1655087889) [ RunTime:0.000417s ]
---------------------------------------------------------------
[ 2022-06-13T10:38:09+08:00 ] 127.0.0.1 POST api.newkefu.com/admin/ajax/getGameProduct
[运行时间：0.076380s] [吞吐率：13.09req/s] [内存消耗：4,830.59kb] [文件加载：194]
[ info ] [ LANG ] D:\phpstudy_pro\WWW\new_kefu_online\thinkphp\lang\zh-cn.php
[ info ] [ ROUTE ] array (
  'type' => 'module',
  'module' => 
  array (
    0 => 'admin',
    1 => 'ajax',
    2 => 'getGameProduct',
  ),
)
[ info ] [ HEADER ] array (
  'content-length' => '0',
  'referer' => 'http://www.newkefu.com/',
  'connection' => 'close',
  'origin' => 'http://www.newkefu.com',
  'platform' => 'youyu',
  'token' => 'eyJ0eXAiOiJKV1QiLCJhbGciOiJIUzI1NiIsImp0aSI6ImxYWGluZyJ9.eyJpc3MiOiJhcGkubmV3a2VmdS5jb20iLCJqdGkiOiJsWFhpbmciLCJpYXQiOjE2NTQ0OTc5NDEsImV4cCI6MTY1NzA4OTk0MSwidWlkIjoxNDN9.-43ZKzS1MUyNzhuhyoJcaYbJ8NgYn4rH6qNK6V5pLDg',
  'accept-encoding' => 'gzip, deflate',
  'accept-language' => 'zh-CN,zh;q=0.8,zh-TW;q=0.7,zh-HK;q=0.5,en-US;q=0.3,en;q=0.2',
  'accept' => 'application/json, text/javascript, */*; q=0.01',
  'user-agent' => 'Mozilla/5.0 (Windows NT 10.0; Win64; x64; rv:101.0) Gecko/20100101 Firefox/101.0',
  'host' => 'api.newkefu.com',
)
[ info ] [ PARAM ] array (
  '/admin/ajax/getGameProduct' => '',
)
[ info ] [ DB ] INIT mysql
[ info ] [ CACHE ] INIT redis
[ info ] [ DB ] INIT mysql
[ info ] [ RUN ] app\admin\controller\Ajax->getGameProduct[ D:\phpstudy_pro\WWW\new_kefu_online\application\admin\controller\Ajax.php ]
[ info ] [ LOG ] INIT File
[ sql ] [ DB ] CONNECT:[ UseTime:0.001026s ] mysql:host=127.0.0.1;port=3306;dbname=gr_chat;charset=utf8
[ sql ] [ SQL ] SHOW COLUMNS FROM `gr_menu_new` [ RunTime:0.000722s ]
[ sql ] [ SQL ] SELECT m.menu_id as id,`m`.`menu_name`,`m`.`p_id`,`m`.`controller`,`m`.`action`,`m`.`is_show`,`m`.`url`,`m`.`type` FROM `gr_menu_new` `m` ORDER BY `p_id` ASC,`sort` ASC,`id` ASC [ RunTime:0.000894s ]
---------------------------------------------------------------
[ 2022-06-13T10:38:11+08:00 ] 127.0.0.1 POST api.newkefu.com/admin/Ajax/getPlatformList
[运行时间：0.083214s] [吞吐率：12.02req/s] [内存消耗：4,749.62kb] [文件加载：193]
[ info ] [ LANG ] D:\phpstudy_pro\WWW\new_kefu_online\thinkphp\lang\zh-cn.php
[ info ] [ ROUTE ] array (
  'type' => 'module',
  'module' => 
  array (
    0 => 'admin',
    1 => 'Ajax',
    2 => 'getPlatformList',
  ),
)
[ info ] [ HEADER ] array (
  'content-length' => '0',
  'referer' => 'http://www.newkefu.com/',
  'connection' => 'close',
  'origin' => 'http://www.newkefu.com',
  'platform' => 'youyu',
  'token' => 'eyJ0eXAiOiJKV1QiLCJhbGciOiJIUzI1NiIsImp0aSI6ImxYWGluZyJ9.eyJpc3MiOiJhcGkubmV3a2VmdS5jb20iLCJqdGkiOiJsWFhpbmciLCJpYXQiOjE2NTQ0OTc5NDEsImV4cCI6MTY1NzA4OTk0MSwidWlkIjoxNDN9.-43ZKzS1MUyNzhuhyoJcaYbJ8NgYn4rH6qNK6V5pLDg',
  'accept-encoding' => 'gzip, deflate',
  'accept-language' => 'zh-CN,zh;q=0.8,zh-TW;q=0.7,zh-HK;q=0.5,en-US;q=0.3,en;q=0.2',
  'accept' => 'application/json, text/javascript, */*; q=0.01',
  'user-agent' => 'Mozilla/5.0 (Windows NT 10.0; Win64; x64; rv:101.0) Gecko/20100101 Firefox/101.0',
  'host' => 'api.newkefu.com',
)
[ info ] [ PARAM ] array (
  '/admin/Ajax/getPlatformList' => '',
)
[ info ] [ DB ] INIT mysql
[ info ] [ CACHE ] INIT redis
[ info ] [ DB ] INIT mysql
[ info ] [ RUN ] app\admin\controller\Ajax->getPlatformList[ D:\phpstudy_pro\WWW\new_kefu_online\application\admin\controller\Ajax.php ]
[ info ] [ LOG ] INIT File
[ sql ] [ DB ] CONNECT:[ UseTime:0.001388s ] mysql:host=127.0.0.1;port=3306;dbname=gr_chat;charset=utf8
[ sql ] [ SQL ] SHOW COLUMNS FROM `gr_menu_new` [ RunTime:0.001083s ]
[ sql ] [ SQL ] SELECT m.menu_id as id,`m`.`menu_name`,`m`.`p_id`,`m`.`controller`,`m`.`action`,`m`.`is_show`,`m`.`url`,`m`.`type` FROM `gr_menu_new` `m` ORDER BY `p_id` ASC,`sort` ASC,`id` ASC [ RunTime:0.000844s ]
---------------------------------------------------------------
[ 2022-06-13T10:38:11+08:00 ] 127.0.0.1 POST api.newkefu.com/admin/block/getTypes
[运行时间：0.091427s] [吞吐率：10.94req/s] [内存消耗：4,699.08kb] [文件加载：195]
[ info ] [ LANG ] D:\phpstudy_pro\WWW\new_kefu_online\thinkphp\lang\zh-cn.php
[ info ] [ ROUTE ] array (
  'type' => 'module',
  'module' => 
  array (
    0 => 'admin',
    1 => 'block',
    2 => 'getTypes',
  ),
)
[ info ] [ HEADER ] array (
  'content-length' => '0',
  'referer' => 'http://www.newkefu.com/',
  'connection' => 'close',
  'origin' => 'http://www.newkefu.com',
  'platform' => 'youyu',
  'token' => 'eyJ0eXAiOiJKV1QiLCJhbGciOiJIUzI1NiIsImp0aSI6ImxYWGluZyJ9.eyJpc3MiOiJhcGkubmV3a2VmdS5jb20iLCJqdGkiOiJsWFhpbmciLCJpYXQiOjE2NTQ0OTc5NDEsImV4cCI6MTY1NzA4OTk0MSwidWlkIjoxNDN9.-43ZKzS1MUyNzhuhyoJcaYbJ8NgYn4rH6qNK6V5pLDg',
  'accept-encoding' => 'gzip, deflate',
  'accept-language' => 'zh-CN,zh;q=0.8,zh-TW;q=0.7,zh-HK;q=0.5,en-US;q=0.3,en;q=0.2',
  'accept' => 'application/json, text/javascript, */*; q=0.01',
  'user-agent' => 'Mozilla/5.0 (Windows NT 10.0; Win64; x64; rv:101.0) Gecko/20100101 Firefox/101.0',
  'host' => 'api.newkefu.com',
)
[ info ] [ PARAM ] array (
  '/admin/block/getTypes' => '',
)
[ info ] [ DB ] INIT mysql
[ info ] [ CACHE ] INIT redis
[ info ] [ DB ] INIT mysql
[ info ] [ RUN ] app\admin\controller\Block->getTypes[ D:\phpstudy_pro\WWW\new_kefu_online\application\admin\controller\Block.php ]
[ info ] [ LOG ] INIT File
[ sql ] [ DB ] CONNECT:[ UseTime:0.001204s ] mysql:host=127.0.0.1;port=3306;dbname=gr_chat;charset=utf8
[ sql ] [ SQL ] SHOW COLUMNS FROM `gr_menu_new` [ RunTime:0.000887s ]
[ sql ] [ SQL ] SELECT m.menu_id as id,`m`.`menu_name`,`m`.`p_id`,`m`.`controller`,`m`.`action`,`m`.`is_show`,`m`.`url`,`m`.`type` FROM `gr_menu_new` `m` ORDER BY `p_id` ASC,`sort` ASC,`id` ASC [ RunTime:0.000961s ]
[ sql ] [ SQL ] SHOW COLUMNS FROM `gr_admin_log_n` [ RunTime:0.001025s ]
[ sql ] [ SQL ] INSERT INTO `gr_admin_log_n` (`ip` , `admin_id` , `url` , `data` , `controller` , `action` , `add_time`) VALUES ('127.0.0.1' , 143 , '/admin/block/getTypes' , '\"{\\\"\\\\\\/admin\\\\\\/block\\\\\\/getTypes\\\":\\\"\\\"}\"' , 'Block' , 'getTypes' , 1655087891) [ RunTime:0.000397s ]
---------------------------------------------------------------
[ 2022-06-13T10:38:11+08:00 ] 127.0.0.1 POST api.newkefu.com/admin/ajax/getGameProduct
[运行时间：0.108768s] [吞吐率：9.19req/s] [内存消耗：4,830.59kb] [文件加载：194]
[ info ] [ LANG ] D:\phpstudy_pro\WWW\new_kefu_online\thinkphp\lang\zh-cn.php
[ info ] [ ROUTE ] array (
  'type' => 'module',
  'module' => 
  array (
    0 => 'admin',
    1 => 'ajax',
    2 => 'getGameProduct',
  ),
)
[ info ] [ HEADER ] array (
  'content-length' => '0',
  'referer' => 'http://www.newkefu.com/',
  'connection' => 'close',
  'origin' => 'http://www.newkefu.com',
  'platform' => 'youyu',
  'token' => 'eyJ0eXAiOiJKV1QiLCJhbGciOiJIUzI1NiIsImp0aSI6ImxYWGluZyJ9.eyJpc3MiOiJhcGkubmV3a2VmdS5jb20iLCJqdGkiOiJsWFhpbmciLCJpYXQiOjE2NTQ0OTc5NDEsImV4cCI6MTY1NzA4OTk0MSwidWlkIjoxNDN9.-43ZKzS1MUyNzhuhyoJcaYbJ8NgYn4rH6qNK6V5pLDg',
  'accept-encoding' => 'gzip, deflate',
  'accept-language' => 'zh-CN,zh;q=0.8,zh-TW;q=0.7,zh-HK;q=0.5,en-US;q=0.3,en;q=0.2',
  'accept' => 'application/json, text/javascript, */*; q=0.01',
  'user-agent' => 'Mozilla/5.0 (Windows NT 10.0; Win64; x64; rv:101.0) Gecko/20100101 Firefox/101.0',
  'host' => 'api.newkefu.com',
)
[ info ] [ PARAM ] array (
  '/admin/ajax/getGameProduct' => '',
)
[ info ] [ DB ] INIT mysql
[ info ] [ CACHE ] INIT redis
[ info ] [ DB ] INIT mysql
[ info ] [ RUN ] app\admin\controller\Ajax->getGameProduct[ D:\phpstudy_pro\WWW\new_kefu_online\application\admin\controller\Ajax.php ]
[ info ] [ LOG ] INIT File
[ sql ] [ DB ] CONNECT:[ UseTime:0.001062s ] mysql:host=127.0.0.1;port=3306;dbname=gr_chat;charset=utf8
[ sql ] [ SQL ] SHOW COLUMNS FROM `gr_menu_new` [ RunTime:0.000663s ]
[ sql ] [ SQL ] SELECT m.menu_id as id,`m`.`menu_name`,`m`.`p_id`,`m`.`controller`,`m`.`action`,`m`.`is_show`,`m`.`url`,`m`.`type` FROM `gr_menu_new` `m` ORDER BY `p_id` ASC,`sort` ASC,`id` ASC [ RunTime:0.000976s ]
---------------------------------------------------------------
[ 2022-06-13T10:38:12+08:00 ] 127.0.0.1 GET api.newkefu.com/admin/block/index?page=1&limit=10&platform_id=&p_p=&p_g=&admin_id=&game=&type=&op_type=&rolename=&uid=&ip=&imei=&sid=&reg_channel_id=&admin=&sdate=2022-06-13+00%3A00%3A00&edate=2022-06-14+00%3A00%3A00&status=
[运行时间：0.104488s] [吞吐率：9.57req/s] [内存消耗：4,806.72kb] [文件加载：196]
[ info ] [ LANG ] D:\phpstudy_pro\WWW\new_kefu_online\thinkphp\lang\zh-cn.php
[ info ] [ ROUTE ] array (
  'type' => 'module',
  'module' => 
  array (
    0 => 'admin',
    1 => 'block',
    2 => 'index',
  ),
)
[ info ] [ HEADER ] array (
  'referer' => 'http://www.newkefu.com/',
  'connection' => 'close',
  'origin' => 'http://www.newkefu.com',
  'platform' => 'youyu',
  'token' => 'eyJ0eXAiOiJKV1QiLCJhbGciOiJIUzI1NiIsImp0aSI6ImxYWGluZyJ9.eyJpc3MiOiJhcGkubmV3a2VmdS5jb20iLCJqdGkiOiJsWFhpbmciLCJpYXQiOjE2NTQ0OTc5NDEsImV4cCI6MTY1NzA4OTk0MSwidWlkIjoxNDN9.-43ZKzS1MUyNzhuhyoJcaYbJ8NgYn4rH6qNK6V5pLDg',
  'accept-encoding' => 'gzip, deflate',
  'accept-language' => 'zh-CN,zh;q=0.8,zh-TW;q=0.7,zh-HK;q=0.5,en-US;q=0.3,en;q=0.2',
  'accept' => 'application/json, text/javascript, */*; q=0.01',
  'user-agent' => 'Mozilla/5.0 (Windows NT 10.0; Win64; x64; rv:101.0) Gecko/20100101 Firefox/101.0',
  'host' => 'api.newkefu.com',
)
[ info ] [ PARAM ] array (
  '/admin/block/index' => '',
  'page' => '1',
  'limit' => '10',
  'platform_id' => '',
  'p_p' => '',
  'p_g' => '',
  'admin_id' => '',
  'game' => '',
  'type' => '',
  'op_type' => '',
  'rolename' => '',
  'uid' => '',
  'ip' => '',
  'imei' => '',
  'sid' => '',
  'reg_channel_id' => '',
  'admin' => '',
  'sdate' => '2022-06-13 00:00:00',
  'edate' => '2022-06-14 00:00:00',
  'status' => '',
)
[ info ] [ DB ] INIT mysql
[ info ] [ CACHE ] INIT redis
[ info ] [ DB ] INIT mysql
[ info ] [ RUN ] app\admin\controller\Block->index[ D:\phpstudy_pro\WWW\new_kefu_online\application\admin\controller\Block.php ]
[ info ] [ LOG ] INIT File
[ sql ] [ DB ] CONNECT:[ UseTime:0.010953s ] mysql:host=127.0.0.1;port=3306;dbname=gr_chat;charset=utf8
[ sql ] [ SQL ] SHOW COLUMNS FROM `gr_menu_new` [ RunTime:0.000691s ]
[ sql ] [ SQL ] SELECT m.menu_id as id,`m`.`menu_name`,`m`.`p_id`,`m`.`controller`,`m`.`action`,`m`.`is_show`,`m`.`url`,`m`.`type` FROM `gr_menu_new` `m` ORDER BY `p_id` ASC,`sort` ASC,`id` ASC [ RunTime:0.000788s ]
[ sql ] [ SQL ] SHOW COLUMNS FROM `gr_admin_log_n` [ RunTime:0.000732s ]
[ sql ] [ SQL ] INSERT INTO `gr_admin_log_n` (`ip` , `admin_id` , `url` , `data` , `controller` , `action` , `add_time`) VALUES ('127.0.0.1' , 143 , '/admin/block/index?page=1&limit=10&platform_id=&p_p=&p_g=&admin_id=&game=&type=&op_type=&rolename=&uid=&ip=&imei=&sid=&reg_channel_id=&admin=&sdate=2022-06-13+00%3A00%3A00&edate=2022-06-14+00%3A00%3A00&status=' , '\"{\\\"\\\\\\/admin\\\\\\/block\\\\\\/index\\\":\\\"\\\",\\\"page\\\":\\\"1\\\",\\\"limit\\\":\\\"10\\\",\\\"platform_id\\\":\\\"\\\",\\\"p_p\\\":\\\"\\\",\\\"p_g\\\":\\\"\\\",\\\"admin_id\\\":\\\"\\\",\\\"game\\\":\\\"\\\",\\\"type\\\":\\\"\\\",\\\"op_type\\\":\\\"\\\",\\\"rolename\\\":\\\"\\\",\\\"uid\\\":\\\"\\\",\\\"ip\\\":\\\"\\\",\\\"imei\\\":\\\"\\\",\\\"sid\\\":\\\"\\\",\\\"reg_channel_id\\\":\\\"\\\",\\\"admin\\\":\\\"\\\",\\\"sdate\\\":\\\"2022-06-13 00:00:00\\\",\\\"edate\\\":\\\"2022-06-14 00:00:00\\\",\\\"status\\\":\\\"\\\"}\"' , 'Block' , 'index' , 1655087892) [ RunTime:0.000351s ]
---------------------------------------------------------------
[ 2022-06-13T10:38:37+08:00 ] 127.0.0.1 POST api.newkefu.com/admin/keyword/getProductList
[运行时间：0.107969s] [吞吐率：9.26req/s] [内存消耗：4,740.91kb] [文件加载：195]
[ info ] [ LANG ] D:\phpstudy_pro\WWW\new_kefu_online\thinkphp\lang\zh-cn.php
[ info ] [ ROUTE ] array (
  'type' => 'module',
  'module' => 
  array (
    0 => 'admin',
    1 => 'keyword',
    2 => 'getProductList',
  ),
)
[ info ] [ HEADER ] array (
  'content-length' => '0',
  'referer' => 'http://www.newkefu.com/',
  'connection' => 'close',
  'origin' => 'http://www.newkefu.com',
  'platform' => 'youyu',
  'token' => 'eyJ0eXAiOiJKV1QiLCJhbGciOiJIUzI1NiIsImp0aSI6ImxYWGluZyJ9.eyJpc3MiOiJhcGkubmV3a2VmdS5jb20iLCJqdGkiOiJsWFhpbmciLCJpYXQiOjE2NTQ0OTc5NDEsImV4cCI6MTY1NzA4OTk0MSwidWlkIjoxNDN9.-43ZKzS1MUyNzhuhyoJcaYbJ8NgYn4rH6qNK6V5pLDg',
  'accept-encoding' => 'gzip, deflate',
  'accept-language' => 'zh-CN,zh;q=0.8,zh-TW;q=0.7,zh-HK;q=0.5,en-US;q=0.3,en;q=0.2',
  'accept' => 'application/json, text/javascript, */*; q=0.01',
  'user-agent' => 'Mozilla/5.0 (Windows NT 10.0; Win64; x64; rv:101.0) Gecko/20100101 Firefox/101.0',
  'host' => 'api.newkefu.com',
)
[ info ] [ PARAM ] array (
  '/admin/keyword/getProductList' => '',
)
[ info ] [ DB ] INIT mysql
[ info ] [ CACHE ] INIT redis
[ info ] [ DB ] INIT mysql
[ info ] [ RUN ] app\admin\controller\Keyword->getProductList[ D:\phpstudy_pro\WWW\new_kefu_online\application\admin\controller\Keyword.php ]
[ info ] [ LOG ] INIT File
[ sql ] [ DB ] CONNECT:[ UseTime:0.001283s ] mysql:host=127.0.0.1;port=3306;dbname=gr_chat;charset=utf8
[ sql ] [ SQL ] SHOW COLUMNS FROM `gr_menu_new` [ RunTime:0.000839s ]
[ sql ] [ SQL ] SELECT m.menu_id as id,`m`.`menu_name`,`m`.`p_id`,`m`.`controller`,`m`.`action`,`m`.`is_show`,`m`.`url`,`m`.`type` FROM `gr_menu_new` `m` ORDER BY `p_id` ASC,`sort` ASC,`id` ASC [ RunTime:0.000940s ]
[ sql ] [ SQL ] SHOW COLUMNS FROM `gr_admin_log_n` [ RunTime:0.000795s ]
[ sql ] [ SQL ] INSERT INTO `gr_admin_log_n` (`ip` , `admin_id` , `url` , `data` , `controller` , `action` , `add_time`) VALUES ('127.0.0.1' , 143 , '/admin/keyword/getProductList' , '\"{\\\"\\\\\\/admin\\\\\\/keyword\\\\\\/getProductList\\\":\\\"\\\"}\"' , 'Keyword' , 'getProductList' , 1655087917) [ RunTime:0.000391s ]
---------------------------------------------------------------
[ 2022-06-13T10:38:37+08:00 ] 127.0.0.1 POST api.newkefu.com/admin/monitoring_uid/index
[运行时间：0.103916s] [吞吐率：9.62req/s] [内存消耗：4,694.59kb] [文件加载：199]
[ info ] [ LANG ] D:\phpstudy_pro\WWW\new_kefu_online\thinkphp\lang\zh-cn.php
[ info ] [ ROUTE ] array (
  'type' => 'module',
  'module' => 
  array (
    0 => 'admin',
    1 => 'monitoring_uid',
    2 => 'index',
  ),
)
[ info ] [ HEADER ] array (
  'referer' => 'http://www.newkefu.com/',
  'connection' => 'close',
  'origin' => 'http://www.newkefu.com',
  'content-length' => '15',
  'platform' => 'youyu',
  'token' => 'eyJ0eXAiOiJKV1QiLCJhbGciOiJIUzI1NiIsImp0aSI6ImxYWGluZyJ9.eyJpc3MiOiJhcGkubmV3a2VmdS5jb20iLCJqdGkiOiJsWFhpbmciLCJpYXQiOjE2NTQ0OTc5NDEsImV4cCI6MTY1NzA4OTk0MSwidWlkIjoxNDN9.-43ZKzS1MUyNzhuhyoJcaYbJ8NgYn4rH6qNK6V5pLDg',
  'content-type' => 'application/x-www-form-urlencoded; charset=UTF-8',
  'accept-encoding' => 'gzip, deflate',
  'accept-language' => 'zh-CN,zh;q=0.8,zh-TW;q=0.7,zh-HK;q=0.5,en-US;q=0.3,en;q=0.2',
  'accept' => 'application/json, text/javascript, */*; q=0.01',
  'user-agent' => 'Mozilla/5.0 (Windows NT 10.0; Win64; x64; rv:101.0) Gecko/20100101 Firefox/101.0',
  'host' => 'api.newkefu.com',
)
[ info ] [ PARAM ] array (
  '/admin/monitoring_uid/index' => '',
  'page' => '1',
  'limit' => '20',
)
[ info ] [ DB ] INIT mysql
[ info ] [ CACHE ] INIT redis
[ info ] [ DB ] INIT mysql
[ info ] [ RUN ] app\admin\controller\MonitoringUid->index[ D:\phpstudy_pro\WWW\new_kefu_online\application\admin\controller\MonitoringUid.php ]
[ info ] [ LOG ] INIT File
[ sql ] [ DB ] CONNECT:[ UseTime:0.001160s ] mysql:host=127.0.0.1;port=3306;dbname=gr_chat;charset=utf8
[ sql ] [ SQL ] SHOW COLUMNS FROM `gr_menu_new` [ RunTime:0.000839s ]
[ sql ] [ SQL ] SELECT m.menu_id as id,`m`.`menu_name`,`m`.`p_id`,`m`.`controller`,`m`.`action`,`m`.`is_show`,`m`.`url`,`m`.`type` FROM `gr_menu_new` `m` ORDER BY `p_id` ASC,`sort` ASC,`id` ASC [ RunTime:0.000827s ]
[ sql ] [ SQL ] SHOW COLUMNS FROM `gr_admin_log_n` [ RunTime:0.000937s ]
[ sql ] [ SQL ] INSERT INTO `gr_admin_log_n` (`ip` , `admin_id` , `url` , `data` , `controller` , `action` , `add_time`) VALUES ('127.0.0.1' , 143 , '/admin/monitoring_uid/index' , '\"{\\\"\\\\\\/admin\\\\\\/monitoring_uid\\\\\\/index\\\":\\\"\\\",\\\"page\\\":\\\"1\\\",\\\"limit\\\":\\\"20\\\"}\"' , 'MonitoringUid' , 'index' , 1655087917) [ RunTime:0.000447s ]
---------------------------------------------------------------
[ 2022-06-13T10:38:58+08:00 ] 127.0.0.1 POST api.newkefu.com/admin/Sysmanage/commonConfigList
[运行时间：0.092481s] [吞吐率：10.81req/s] [内存消耗：4,942.04kb] [文件加载：194]
[ info ] [ LANG ] D:\phpstudy_pro\WWW\new_kefu_online\thinkphp\lang\zh-cn.php
[ info ] [ ROUTE ] array (
  'type' => 'module',
  'module' => 
  array (
    0 => 'admin',
    1 => 'Sysmanage',
    2 => 'commonConfigList',
  ),
)
[ info ] [ HEADER ] array (
  'content-length' => '0',
  'referer' => 'http://www.newkefu.com/',
  'connection' => 'close',
  'origin' => 'http://www.newkefu.com',
  'platform' => 'youyu',
  'token' => 'eyJ0eXAiOiJKV1QiLCJhbGciOiJIUzI1NiIsImp0aSI6ImxYWGluZyJ9.eyJpc3MiOiJhcGkubmV3a2VmdS5jb20iLCJqdGkiOiJsWFhpbmciLCJpYXQiOjE2NTQ0OTc5NDEsImV4cCI6MTY1NzA4OTk0MSwidWlkIjoxNDN9.-43ZKzS1MUyNzhuhyoJcaYbJ8NgYn4rH6qNK6V5pLDg',
  'accept-encoding' => 'gzip, deflate',
  'accept-language' => 'zh-CN,zh;q=0.8,zh-TW;q=0.7,zh-HK;q=0.5,en-US;q=0.3,en;q=0.2',
  'accept' => 'application/json, text/javascript, */*; q=0.01',
  'user-agent' => 'Mozilla/5.0 (Windows NT 10.0; Win64; x64; rv:101.0) Gecko/20100101 Firefox/101.0',
  'host' => 'api.newkefu.com',
)
[ info ] [ PARAM ] array (
  '/admin/Sysmanage/commonConfigList' => '',
)
[ info ] [ DB ] INIT mysql
[ info ] [ CACHE ] INIT redis
[ info ] [ DB ] INIT mysql
[ info ] [ RUN ] app\admin\controller\Sysmanage->commonConfigList[ D:\phpstudy_pro\WWW\new_kefu_online\application\admin\controller\Sysmanage.php ]
[ info ] [ DB ] INIT mysql
[ info ] [ LOG ] INIT File
[ sql ] [ DB ] CONNECT:[ UseTime:0.001177s ] mysql:host=127.0.0.1;port=3306;dbname=gr_chat;charset=utf8
[ sql ] [ SQL ] SHOW COLUMNS FROM `gr_menu_new` [ RunTime:0.000702s ]
[ sql ] [ SQL ] SELECT m.menu_id as id,`m`.`menu_name`,`m`.`p_id`,`m`.`controller`,`m`.`action`,`m`.`is_show`,`m`.`url`,`m`.`type` FROM `gr_menu_new` `m` ORDER BY `p_id` ASC,`sort` ASC,`id` ASC [ RunTime:0.000778s ]
---------------------------------------------------------------
[ 2022-06-13T10:39:37+08:00 ] 127.0.0.1 POST api.newkefu.com/admin/Sysmanage/commonConfigList
[运行时间：0.092416s] [吞吐率：10.82req/s] [内存消耗：4,944.49kb] [文件加载：194]
[ info ] [ LANG ] D:\phpstudy_pro\WWW\new_kefu_online\thinkphp\lang\zh-cn.php
[ info ] [ ROUTE ] array (
  'type' => 'module',
  'module' => 
  array (
    0 => 'admin',
    1 => 'Sysmanage',
    2 => 'commonConfigList',
  ),
)
[ info ] [ HEADER ] array (
  'content-length' => '0',
  'referer' => 'http://www.newkefu.com/',
  'connection' => 'close',
  'origin' => 'http://www.newkefu.com',
  'platform' => 'youyu',
  'token' => 'eyJ0eXAiOiJKV1QiLCJhbGciOiJIUzI1NiIsImp0aSI6ImxYWGluZyJ9.eyJpc3MiOiJhcGkubmV3a2VmdS5jb20iLCJqdGkiOiJsWFhpbmciLCJpYXQiOjE2NTQ0OTc5NDEsImV4cCI6MTY1NzA4OTk0MSwidWlkIjoxNDN9.-43ZKzS1MUyNzhuhyoJcaYbJ8NgYn4rH6qNK6V5pLDg',
  'accept-encoding' => 'gzip, deflate',
  'accept-language' => 'zh-CN,zh;q=0.8,zh-TW;q=0.7,zh-HK;q=0.5,en-US;q=0.3,en;q=0.2',
  'accept' => 'application/json, text/javascript, */*; q=0.01',
  'user-agent' => 'Mozilla/5.0 (Windows NT 10.0; Win64; x64; rv:101.0) Gecko/20100101 Firefox/101.0',
  'host' => 'api.newkefu.com',
)
[ info ] [ PARAM ] array (
  '/admin/Sysmanage/commonConfigList' => '',
)
[ info ] [ DB ] INIT mysql
[ info ] [ CACHE ] INIT redis
[ info ] [ DB ] INIT mysql
[ info ] [ RUN ] app\admin\controller\Sysmanage->commonConfigList[ D:\phpstudy_pro\WWW\new_kefu_online\application\admin\controller\Sysmanage.php ]
[ info ] [ DB ] INIT mysql
[ info ] [ LOG ] INIT File
[ sql ] [ DB ] CONNECT:[ UseTime:0.001194s ] mysql:host=127.0.0.1;port=3306;dbname=gr_chat;charset=utf8
[ sql ] [ SQL ] SHOW COLUMNS FROM `gr_menu_new` [ RunTime:0.000769s ]
[ sql ] [ SQL ] SELECT m.menu_id as id,`m`.`menu_name`,`m`.`p_id`,`m`.`controller`,`m`.`action`,`m`.`is_show`,`m`.`url`,`m`.`type` FROM `gr_menu_new` `m` ORDER BY `p_id` ASC,`sort` ASC,`id` ASC [ RunTime:0.000942s ]
---------------------------------------------------------------
[ 2022-06-13T10:44:16+08:00 ] 127.0.0.1 POST api.newkefu.com/admin/Sysmanage/commonConfigList
[运行时间：0.099585s] [吞吐率：10.04req/s] [内存消耗：4,944.49kb] [文件加载：194]
[ info ] [ LANG ] D:\phpstudy_pro\WWW\new_kefu_online\thinkphp\lang\zh-cn.php
[ info ] [ ROUTE ] array (
  'type' => 'module',
  'module' => 
  array (
    0 => 'admin',
    1 => 'Sysmanage',
    2 => 'commonConfigList',
  ),
)
[ info ] [ HEADER ] array (
  'content-length' => '0',
  'referer' => 'http://www.newkefu.com/',
  'connection' => 'close',
  'origin' => 'http://www.newkefu.com',
  'platform' => 'youyu',
  'token' => 'eyJ0eXAiOiJKV1QiLCJhbGciOiJIUzI1NiIsImp0aSI6ImxYWGluZyJ9.eyJpc3MiOiJhcGkubmV3a2VmdS5jb20iLCJqdGkiOiJsWFhpbmciLCJpYXQiOjE2NTQ0OTc5NDEsImV4cCI6MTY1NzA4OTk0MSwidWlkIjoxNDN9.-43ZKzS1MUyNzhuhyoJcaYbJ8NgYn4rH6qNK6V5pLDg',
  'accept-encoding' => 'gzip, deflate',
  'accept-language' => 'zh-CN,zh;q=0.8,zh-TW;q=0.7,zh-HK;q=0.5,en-US;q=0.3,en;q=0.2',
  'accept' => 'application/json, text/javascript, */*; q=0.01',
  'user-agent' => 'Mozilla/5.0 (Windows NT 10.0; Win64; x64; rv:101.0) Gecko/20100101 Firefox/101.0',
  'host' => 'api.newkefu.com',
)
[ info ] [ PARAM ] array (
  '/admin/Sysmanage/commonConfigList' => '',
)
[ info ] [ DB ] INIT mysql
[ info ] [ CACHE ] INIT redis
[ info ] [ DB ] INIT mysql
[ info ] [ RUN ] app\admin\controller\Sysmanage->commonConfigList[ D:\phpstudy_pro\WWW\new_kefu_online\application\admin\controller\Sysmanage.php ]
[ info ] [ DB ] INIT mysql
[ info ] [ LOG ] INIT File
[ sql ] [ DB ] CONNECT:[ UseTime:0.001157s ] mysql:host=127.0.0.1;port=3306;dbname=gr_chat;charset=utf8
[ sql ] [ SQL ] SHOW COLUMNS FROM `gr_menu_new` [ RunTime:0.001759s ]
[ sql ] [ SQL ] SELECT m.menu_id as id,`m`.`menu_name`,`m`.`p_id`,`m`.`controller`,`m`.`action`,`m`.`is_show`,`m`.`url`,`m`.`type` FROM `gr_menu_new` `m` ORDER BY `p_id` ASC,`sort` ASC,`id` ASC [ RunTime:0.000889s ]
---------------------------------------------------------------
[ 2022-06-13T10:45:37+08:00 ] 127.0.0.1 POST api.newkefu.com/admin/Sysmanage/commonConfigList
[运行时间：0.110103s] [吞吐率：9.08req/s] [内存消耗：4,944.49kb] [文件加载：194]
[ info ] [ LANG ] D:\phpstudy_pro\WWW\new_kefu_online\thinkphp\lang\zh-cn.php
[ info ] [ ROUTE ] array (
  'type' => 'module',
  'module' => 
  array (
    0 => 'admin',
    1 => 'Sysmanage',
    2 => 'commonConfigList',
  ),
)
[ info ] [ HEADER ] array (
  'content-length' => '0',
  'referer' => 'http://www.newkefu.com/',
  'connection' => 'close',
  'origin' => 'http://www.newkefu.com',
  'platform' => 'youyu',
  'token' => 'eyJ0eXAiOiJKV1QiLCJhbGciOiJIUzI1NiIsImp0aSI6ImxYWGluZyJ9.eyJpc3MiOiJhcGkubmV3a2VmdS5jb20iLCJqdGkiOiJsWFhpbmciLCJpYXQiOjE2NTQ0OTc5NDEsImV4cCI6MTY1NzA4OTk0MSwidWlkIjoxNDN9.-43ZKzS1MUyNzhuhyoJcaYbJ8NgYn4rH6qNK6V5pLDg',
  'accept-encoding' => 'gzip, deflate',
  'accept-language' => 'zh-CN,zh;q=0.8,zh-TW;q=0.7,zh-HK;q=0.5,en-US;q=0.3,en;q=0.2',
  'accept' => 'application/json, text/javascript, */*; q=0.01',
  'user-agent' => 'Mozilla/5.0 (Windows NT 10.0; Win64; x64; rv:101.0) Gecko/20100101 Firefox/101.0',
  'host' => 'api.newkefu.com',
)
[ info ] [ PARAM ] array (
  '/admin/Sysmanage/commonConfigList' => '',
)
[ info ] [ DB ] INIT mysql
[ info ] [ CACHE ] INIT redis
[ info ] [ DB ] INIT mysql
[ info ] [ RUN ] app\admin\controller\Sysmanage->commonConfigList[ D:\phpstudy_pro\WWW\new_kefu_online\application\admin\controller\Sysmanage.php ]
[ info ] [ DB ] INIT mysql
[ info ] [ LOG ] INIT File
[ sql ] [ DB ] CONNECT:[ UseTime:0.001134s ] mysql:host=127.0.0.1;port=3306;dbname=gr_chat;charset=utf8
[ sql ] [ SQL ] SHOW COLUMNS FROM `gr_menu_new` [ RunTime:0.000775s ]
[ sql ] [ SQL ] SELECT m.menu_id as id,`m`.`menu_name`,`m`.`p_id`,`m`.`controller`,`m`.`action`,`m`.`is_show`,`m`.`url`,`m`.`type` FROM `gr_menu_new` `m` ORDER BY `p_id` ASC,`sort` ASC,`id` ASC [ RunTime:0.000865s ]
---------------------------------------------------------------
[ 2022-06-13T10:46:59+08:00 ] 127.0.0.1 POST api.newkefu.com/admin/Sysmanage/commonConfigList
[运行时间：0.098449s] [吞吐率：10.16req/s] [内存消耗：4,944.49kb] [文件加载：194]
[ info ] [ LANG ] D:\phpstudy_pro\WWW\new_kefu_online\thinkphp\lang\zh-cn.php
[ info ] [ ROUTE ] array (
  'type' => 'module',
  'module' => 
  array (
    0 => 'admin',
    1 => 'Sysmanage',
    2 => 'commonConfigList',
  ),
)
[ info ] [ HEADER ] array (
  'content-length' => '0',
  'referer' => 'http://www.newkefu.com/',
  'connection' => 'close',
  'origin' => 'http://www.newkefu.com',
  'platform' => 'youyu',
  'token' => 'eyJ0eXAiOiJKV1QiLCJhbGciOiJIUzI1NiIsImp0aSI6ImxYWGluZyJ9.eyJpc3MiOiJhcGkubmV3a2VmdS5jb20iLCJqdGkiOiJsWFhpbmciLCJpYXQiOjE2NTQ0OTc5NDEsImV4cCI6MTY1NzA4OTk0MSwidWlkIjoxNDN9.-43ZKzS1MUyNzhuhyoJcaYbJ8NgYn4rH6qNK6V5pLDg',
  'accept-encoding' => 'gzip, deflate',
  'accept-language' => 'zh-CN,zh;q=0.8,zh-TW;q=0.7,zh-HK;q=0.5,en-US;q=0.3,en;q=0.2',
  'accept' => 'application/json, text/javascript, */*; q=0.01',
  'user-agent' => 'Mozilla/5.0 (Windows NT 10.0; Win64; x64; rv:101.0) Gecko/20100101 Firefox/101.0',
  'host' => 'api.newkefu.com',
)
[ info ] [ PARAM ] array (
  '/admin/Sysmanage/commonConfigList' => '',
)
[ info ] [ DB ] INIT mysql
[ info ] [ CACHE ] INIT redis
[ info ] [ DB ] INIT mysql
[ info ] [ RUN ] app\admin\controller\Sysmanage->commonConfigList[ D:\phpstudy_pro\WWW\new_kefu_online\application\admin\controller\Sysmanage.php ]
[ info ] [ DB ] INIT mysql
[ info ] [ LOG ] INIT File
[ sql ] [ DB ] CONNECT:[ UseTime:0.011477s ] mysql:host=127.0.0.1;port=3306;dbname=gr_chat;charset=utf8
[ sql ] [ SQL ] SHOW COLUMNS FROM `gr_menu_new` [ RunTime:0.000753s ]
[ sql ] [ SQL ] SELECT m.menu_id as id,`m`.`menu_name`,`m`.`p_id`,`m`.`controller`,`m`.`action`,`m`.`is_show`,`m`.`url`,`m`.`type` FROM `gr_menu_new` `m` ORDER BY `p_id` ASC,`sort` ASC,`id` ASC [ RunTime:0.000826s ]
---------------------------------------------------------------
[ 2022-06-13T10:47:32+08:00 ] 127.0.0.1 POST api.newkefu.com/admin/Sysmanage/commonConfigList
[运行时间：0.099203s] [吞吐率：10.08req/s] [内存消耗：4,944.49kb] [文件加载：194]
[ info ] [ LANG ] D:\phpstudy_pro\WWW\new_kefu_online\thinkphp\lang\zh-cn.php
[ info ] [ ROUTE ] array (
  'type' => 'module',
  'module' => 
  array (
    0 => 'admin',
    1 => 'Sysmanage',
    2 => 'commonConfigList',
  ),
)
[ info ] [ HEADER ] array (
  'content-length' => '0',
  'referer' => 'http://www.newkefu.com/',
  'connection' => 'close',
  'origin' => 'http://www.newkefu.com',
  'platform' => 'youyu',
  'token' => 'eyJ0eXAiOiJKV1QiLCJhbGciOiJIUzI1NiIsImp0aSI6ImxYWGluZyJ9.eyJpc3MiOiJhcGkubmV3a2VmdS5jb20iLCJqdGkiOiJsWFhpbmciLCJpYXQiOjE2NTQ0OTc5NDEsImV4cCI6MTY1NzA4OTk0MSwidWlkIjoxNDN9.-43ZKzS1MUyNzhuhyoJcaYbJ8NgYn4rH6qNK6V5pLDg',
  'accept-encoding' => 'gzip, deflate',
  'accept-language' => 'zh-CN,zh;q=0.8,zh-TW;q=0.7,zh-HK;q=0.5,en-US;q=0.3,en;q=0.2',
  'accept' => 'application/json, text/javascript, */*; q=0.01',
  'user-agent' => 'Mozilla/5.0 (Windows NT 10.0; Win64; x64; rv:101.0) Gecko/20100101 Firefox/101.0',
  'host' => 'api.newkefu.com',
)
[ info ] [ PARAM ] array (
  '/admin/Sysmanage/commonConfigList' => '',
)
[ info ] [ DB ] INIT mysql
[ info ] [ CACHE ] INIT redis
[ info ] [ DB ] INIT mysql
[ info ] [ RUN ] app\admin\controller\Sysmanage->commonConfigList[ D:\phpstudy_pro\WWW\new_kefu_online\application\admin\controller\Sysmanage.php ]
[ info ] [ DB ] INIT mysql
[ info ] [ LOG ] INIT File
[ sql ] [ DB ] CONNECT:[ UseTime:0.001156s ] mysql:host=127.0.0.1;port=3306;dbname=gr_chat;charset=utf8
[ sql ] [ SQL ] SHOW COLUMNS FROM `gr_menu_new` [ RunTime:0.000699s ]
[ sql ] [ SQL ] SELECT m.menu_id as id,`m`.`menu_name`,`m`.`p_id`,`m`.`controller`,`m`.`action`,`m`.`is_show`,`m`.`url`,`m`.`type` FROM `gr_menu_new` `m` ORDER BY `p_id` ASC,`sort` ASC,`id` ASC [ RunTime:0.000769s ]
---------------------------------------------------------------
[ 2022-06-13T10:47:49+08:00 ] 127.0.0.1 POST api.newkefu.com/admin/Sysmanage/commonConfigList
[运行时间：0.089874s] [吞吐率：11.13req/s] [内存消耗：4,944.49kb] [文件加载：194]
[ info ] [ LANG ] D:\phpstudy_pro\WWW\new_kefu_online\thinkphp\lang\zh-cn.php
[ info ] [ ROUTE ] array (
  'type' => 'module',
  'module' => 
  array (
    0 => 'admin',
    1 => 'Sysmanage',
    2 => 'commonConfigList',
  ),
)
[ info ] [ HEADER ] array (
  'content-length' => '0',
  'referer' => 'http://www.newkefu.com/',
  'connection' => 'close',
  'origin' => 'http://www.newkefu.com',
  'platform' => 'youyu',
  'token' => 'eyJ0eXAiOiJKV1QiLCJhbGciOiJIUzI1NiIsImp0aSI6ImxYWGluZyJ9.eyJpc3MiOiJhcGkubmV3a2VmdS5jb20iLCJqdGkiOiJsWFhpbmciLCJpYXQiOjE2NTQ0OTc5NDEsImV4cCI6MTY1NzA4OTk0MSwidWlkIjoxNDN9.-43ZKzS1MUyNzhuhyoJcaYbJ8NgYn4rH6qNK6V5pLDg',
  'accept-encoding' => 'gzip, deflate',
  'accept-language' => 'zh-CN,zh;q=0.8,zh-TW;q=0.7,zh-HK;q=0.5,en-US;q=0.3,en;q=0.2',
  'accept' => 'application/json, text/javascript, */*; q=0.01',
  'user-agent' => 'Mozilla/5.0 (Windows NT 10.0; Win64; x64; rv:101.0) Gecko/20100101 Firefox/101.0',
  'host' => 'api.newkefu.com',
)
[ info ] [ PARAM ] array (
  '/admin/Sysmanage/commonConfigList' => '',
)
[ info ] [ DB ] INIT mysql
[ info ] [ CACHE ] INIT redis
[ info ] [ DB ] INIT mysql
[ info ] [ RUN ] app\admin\controller\Sysmanage->commonConfigList[ D:\phpstudy_pro\WWW\new_kefu_online\application\admin\controller\Sysmanage.php ]
[ info ] [ DB ] INIT mysql
[ info ] [ LOG ] INIT File
[ sql ] [ DB ] CONNECT:[ UseTime:0.001085s ] mysql:host=127.0.0.1;port=3306;dbname=gr_chat;charset=utf8
[ sql ] [ SQL ] SHOW COLUMNS FROM `gr_menu_new` [ RunTime:0.000659s ]
[ sql ] [ SQL ] SELECT m.menu_id as id,`m`.`menu_name`,`m`.`p_id`,`m`.`controller`,`m`.`action`,`m`.`is_show`,`m`.`url`,`m`.`type` FROM `gr_menu_new` `m` ORDER BY `p_id` ASC,`sort` ASC,`id` ASC [ RunTime:0.000846s ]
---------------------------------------------------------------
[ 2022-06-13T10:47:59+08:00 ] 127.0.0.1 POST api.newkefu.com/admin/Sysmanage/commonConfigList
[运行时间：0.094574s] [吞吐率：10.57req/s] [内存消耗：4,944.49kb] [文件加载：194]
[ info ] [ LANG ] D:\phpstudy_pro\WWW\new_kefu_online\thinkphp\lang\zh-cn.php
[ info ] [ ROUTE ] array (
  'type' => 'module',
  'module' => 
  array (
    0 => 'admin',
    1 => 'Sysmanage',
    2 => 'commonConfigList',
  ),
)
[ info ] [ HEADER ] array (
  'content-length' => '0',
  'referer' => 'http://www.newkefu.com/',
  'connection' => 'close',
  'origin' => 'http://www.newkefu.com',
  'platform' => 'youyu',
  'token' => 'eyJ0eXAiOiJKV1QiLCJhbGciOiJIUzI1NiIsImp0aSI6ImxYWGluZyJ9.eyJpc3MiOiJhcGkubmV3a2VmdS5jb20iLCJqdGkiOiJsWFhpbmciLCJpYXQiOjE2NTQ0OTc5NDEsImV4cCI6MTY1NzA4OTk0MSwidWlkIjoxNDN9.-43ZKzS1MUyNzhuhyoJcaYbJ8NgYn4rH6qNK6V5pLDg',
  'accept-encoding' => 'gzip, deflate',
  'accept-language' => 'zh-CN,zh;q=0.8,zh-TW;q=0.7,zh-HK;q=0.5,en-US;q=0.3,en;q=0.2',
  'accept' => 'application/json, text/javascript, */*; q=0.01',
  'user-agent' => 'Mozilla/5.0 (Windows NT 10.0; Win64; x64; rv:101.0) Gecko/20100101 Firefox/101.0',
  'host' => 'api.newkefu.com',
)
[ info ] [ PARAM ] array (
  '/admin/Sysmanage/commonConfigList' => '',
)
[ info ] [ DB ] INIT mysql
[ info ] [ CACHE ] INIT redis
[ info ] [ DB ] INIT mysql
[ info ] [ RUN ] app\admin\controller\Sysmanage->commonConfigList[ D:\phpstudy_pro\WWW\new_kefu_online\application\admin\controller\Sysmanage.php ]
[ info ] [ DB ] INIT mysql
[ info ] [ LOG ] INIT File
[ sql ] [ DB ] CONNECT:[ UseTime:0.001105s ] mysql:host=127.0.0.1;port=3306;dbname=gr_chat;charset=utf8
[ sql ] [ SQL ] SHOW COLUMNS FROM `gr_menu_new` [ RunTime:0.000713s ]
[ sql ] [ SQL ] SELECT m.menu_id as id,`m`.`menu_name`,`m`.`p_id`,`m`.`controller`,`m`.`action`,`m`.`is_show`,`m`.`url`,`m`.`type` FROM `gr_menu_new` `m` ORDER BY `p_id` ASC,`sort` ASC,`id` ASC [ RunTime:0.000824s ]
---------------------------------------------------------------
[ 2022-06-13T10:48:06+08:00 ] 127.0.0.1 POST api.newkefu.com/admin/Sysmanage/commonConfigList
[运行时间：0.088594s] [吞吐率：11.29req/s] [内存消耗：4,944.49kb] [文件加载：194]
[ info ] [ LANG ] D:\phpstudy_pro\WWW\new_kefu_online\thinkphp\lang\zh-cn.php
[ info ] [ ROUTE ] array (
  'type' => 'module',
  'module' => 
  array (
    0 => 'admin',
    1 => 'Sysmanage',
    2 => 'commonConfigList',
  ),
)
[ info ] [ HEADER ] array (
  'content-length' => '0',
  'referer' => 'http://www.newkefu.com/',
  'connection' => 'close',
  'origin' => 'http://www.newkefu.com',
  'platform' => 'youyu',
  'token' => 'eyJ0eXAiOiJKV1QiLCJhbGciOiJIUzI1NiIsImp0aSI6ImxYWGluZyJ9.eyJpc3MiOiJhcGkubmV3a2VmdS5jb20iLCJqdGkiOiJsWFhpbmciLCJpYXQiOjE2NTQ0OTc5NDEsImV4cCI6MTY1NzA4OTk0MSwidWlkIjoxNDN9.-43ZKzS1MUyNzhuhyoJcaYbJ8NgYn4rH6qNK6V5pLDg',
  'accept-encoding' => 'gzip, deflate',
  'accept-language' => 'zh-CN,zh;q=0.8,zh-TW;q=0.7,zh-HK;q=0.5,en-US;q=0.3,en;q=0.2',
  'accept' => 'application/json, text/javascript, */*; q=0.01',
  'user-agent' => 'Mozilla/5.0 (Windows NT 10.0; Win64; x64; rv:101.0) Gecko/20100101 Firefox/101.0',
  'host' => 'api.newkefu.com',
)
[ info ] [ PARAM ] array (
  '/admin/Sysmanage/commonConfigList' => '',
)
[ info ] [ DB ] INIT mysql
[ info ] [ CACHE ] INIT redis
[ info ] [ DB ] INIT mysql
[ info ] [ RUN ] app\admin\controller\Sysmanage->commonConfigList[ D:\phpstudy_pro\WWW\new_kefu_online\application\admin\controller\Sysmanage.php ]
[ info ] [ DB ] INIT mysql
[ info ] [ LOG ] INIT File
[ sql ] [ DB ] CONNECT:[ UseTime:0.001181s ] mysql:host=127.0.0.1;port=3306;dbname=gr_chat;charset=utf8
[ sql ] [ SQL ] SHOW COLUMNS FROM `gr_menu_new` [ RunTime:0.000720s ]
[ sql ] [ SQL ] SELECT m.menu_id as id,`m`.`menu_name`,`m`.`p_id`,`m`.`controller`,`m`.`action`,`m`.`is_show`,`m`.`url`,`m`.`type` FROM `gr_menu_new` `m` ORDER BY `p_id` ASC,`sort` ASC,`id` ASC [ RunTime:0.000781s ]
---------------------------------------------------------------
[ 2022-06-13T10:48:11+08:00 ] 127.0.0.1 POST api.newkefu.com/admin/Sysmanage/commonConfigList
[运行时间：0.111975s] [吞吐率：8.93req/s] [内存消耗：4,944.49kb] [文件加载：194]
[ info ] [ LANG ] D:\phpstudy_pro\WWW\new_kefu_online\thinkphp\lang\zh-cn.php
[ info ] [ ROUTE ] array (
  'type' => 'module',
  'module' => 
  array (
    0 => 'admin',
    1 => 'Sysmanage',
    2 => 'commonConfigList',
  ),
)
[ info ] [ HEADER ] array (
  'content-length' => '0',
  'referer' => 'http://www.newkefu.com/',
  'connection' => 'close',
  'origin' => 'http://www.newkefu.com',
  'platform' => 'youyu',
  'token' => 'eyJ0eXAiOiJKV1QiLCJhbGciOiJIUzI1NiIsImp0aSI6ImxYWGluZyJ9.eyJpc3MiOiJhcGkubmV3a2VmdS5jb20iLCJqdGkiOiJsWFhpbmciLCJpYXQiOjE2NTQ0OTc5NDEsImV4cCI6MTY1NzA4OTk0MSwidWlkIjoxNDN9.-43ZKzS1MUyNzhuhyoJcaYbJ8NgYn4rH6qNK6V5pLDg',
  'accept-encoding' => 'gzip, deflate',
  'accept-language' => 'zh-CN,zh;q=0.8,zh-TW;q=0.7,zh-HK;q=0.5,en-US;q=0.3,en;q=0.2',
  'accept' => 'application/json, text/javascript, */*; q=0.01',
  'user-agent' => 'Mozilla/5.0 (Windows NT 10.0; Win64; x64; rv:101.0) Gecko/20100101 Firefox/101.0',
  'host' => 'api.newkefu.com',
)
[ info ] [ PARAM ] array (
  '/admin/Sysmanage/commonConfigList' => '',
)
[ info ] [ DB ] INIT mysql
[ info ] [ CACHE ] INIT redis
[ info ] [ DB ] INIT mysql
[ info ] [ RUN ] app\admin\controller\Sysmanage->commonConfigList[ D:\phpstudy_pro\WWW\new_kefu_online\application\admin\controller\Sysmanage.php ]
[ info ] [ DB ] INIT mysql
[ info ] [ LOG ] INIT File
[ sql ] [ DB ] CONNECT:[ UseTime:0.010893s ] mysql:host=127.0.0.1;port=3306;dbname=gr_chat;charset=utf8
[ sql ] [ SQL ] SHOW COLUMNS FROM `gr_menu_new` [ RunTime:0.000769s ]
[ sql ] [ SQL ] SELECT m.menu_id as id,`m`.`menu_name`,`m`.`p_id`,`m`.`controller`,`m`.`action`,`m`.`is_show`,`m`.`url`,`m`.`type` FROM `gr_menu_new` `m` ORDER BY `p_id` ASC,`sort` ASC,`id` ASC [ RunTime:0.000884s ]
---------------------------------------------------------------
[ 2022-06-13T10:48:30+08:00 ] 127.0.0.1 POST api.newkefu.com/admin/Sysmanage/commonConfigList
[运行时间：0.089211s] [吞吐率：11.21req/s] [内存消耗：4,944.49kb] [文件加载：194]
[ info ] [ LANG ] D:\phpstudy_pro\WWW\new_kefu_online\thinkphp\lang\zh-cn.php
[ info ] [ ROUTE ] array (
  'type' => 'module',
  'module' => 
  array (
    0 => 'admin',
    1 => 'Sysmanage',
    2 => 'commonConfigList',
  ),
)
[ info ] [ HEADER ] array (
  'content-length' => '0',
  'referer' => 'http://www.newkefu.com/',
  'connection' => 'close',
  'origin' => 'http://www.newkefu.com',
  'platform' => 'youyu',
  'token' => 'eyJ0eXAiOiJKV1QiLCJhbGciOiJIUzI1NiIsImp0aSI6ImxYWGluZyJ9.eyJpc3MiOiJhcGkubmV3a2VmdS5jb20iLCJqdGkiOiJsWFhpbmciLCJpYXQiOjE2NTQ0OTc5NDEsImV4cCI6MTY1NzA4OTk0MSwidWlkIjoxNDN9.-43ZKzS1MUyNzhuhyoJcaYbJ8NgYn4rH6qNK6V5pLDg',
  'accept-encoding' => 'gzip, deflate',
  'accept-language' => 'zh-CN,zh;q=0.8,zh-TW;q=0.7,zh-HK;q=0.5,en-US;q=0.3,en;q=0.2',
  'accept' => 'application/json, text/javascript, */*; q=0.01',
  'user-agent' => 'Mozilla/5.0 (Windows NT 10.0; Win64; x64; rv:101.0) Gecko/20100101 Firefox/101.0',
  'host' => 'api.newkefu.com',
)
[ info ] [ PARAM ] array (
  '/admin/Sysmanage/commonConfigList' => '',
)
[ info ] [ DB ] INIT mysql
[ info ] [ CACHE ] INIT redis
[ info ] [ DB ] INIT mysql
[ info ] [ RUN ] app\admin\controller\Sysmanage->commonConfigList[ D:\phpstudy_pro\WWW\new_kefu_online\application\admin\controller\Sysmanage.php ]
[ info ] [ DB ] INIT mysql
[ info ] [ LOG ] INIT File
[ sql ] [ DB ] CONNECT:[ UseTime:0.001165s ] mysql:host=127.0.0.1;port=3306;dbname=gr_chat;charset=utf8
[ sql ] [ SQL ] SHOW COLUMNS FROM `gr_menu_new` [ RunTime:0.000656s ]
[ sql ] [ SQL ] SELECT m.menu_id as id,`m`.`menu_name`,`m`.`p_id`,`m`.`controller`,`m`.`action`,`m`.`is_show`,`m`.`url`,`m`.`type` FROM `gr_menu_new` `m` ORDER BY `p_id` ASC,`sort` ASC,`id` ASC [ RunTime:0.000796s ]
---------------------------------------------------------------
[ 2022-06-13T10:49:48+08:00 ] 127.0.0.1 POST api.newkefu.com/admin/Sysmanage/commonConfigList
[运行时间：0.102764s] [吞吐率：9.73req/s] [内存消耗：4,944.49kb] [文件加载：194]
[ info ] [ LANG ] D:\phpstudy_pro\WWW\new_kefu_online\thinkphp\lang\zh-cn.php
[ info ] [ ROUTE ] array (
  'type' => 'module',
  'module' => 
  array (
    0 => 'admin',
    1 => 'Sysmanage',
    2 => 'commonConfigList',
  ),
)
[ info ] [ HEADER ] array (
  'content-length' => '0',
  'referer' => 'http://www.newkefu.com/',
  'connection' => 'close',
  'origin' => 'http://www.newkefu.com',
  'platform' => 'youyu',
  'token' => 'eyJ0eXAiOiJKV1QiLCJhbGciOiJIUzI1NiIsImp0aSI6ImxYWGluZyJ9.eyJpc3MiOiJhcGkubmV3a2VmdS5jb20iLCJqdGkiOiJsWFhpbmciLCJpYXQiOjE2NTQ0OTc5NDEsImV4cCI6MTY1NzA4OTk0MSwidWlkIjoxNDN9.-43ZKzS1MUyNzhuhyoJcaYbJ8NgYn4rH6qNK6V5pLDg',
  'accept-encoding' => 'gzip, deflate',
  'accept-language' => 'zh-CN,zh;q=0.8,zh-TW;q=0.7,zh-HK;q=0.5,en-US;q=0.3,en;q=0.2',
  'accept' => 'application/json, text/javascript, */*; q=0.01',
  'user-agent' => 'Mozilla/5.0 (Windows NT 10.0; Win64; x64; rv:101.0) Gecko/20100101 Firefox/101.0',
  'host' => 'api.newkefu.com',
)
[ info ] [ PARAM ] array (
  '/admin/Sysmanage/commonConfigList' => '',
)
[ info ] [ DB ] INIT mysql
[ info ] [ CACHE ] INIT redis
[ info ] [ DB ] INIT mysql
[ info ] [ RUN ] app\admin\controller\Sysmanage->commonConfigList[ D:\phpstudy_pro\WWW\new_kefu_online\application\admin\controller\Sysmanage.php ]
[ info ] [ DB ] INIT mysql
[ info ] [ LOG ] INIT File
[ sql ] [ DB ] CONNECT:[ UseTime:0.010575s ] mysql:host=127.0.0.1;port=3306;dbname=gr_chat;charset=utf8
[ sql ] [ SQL ] SHOW COLUMNS FROM `gr_menu_new` [ RunTime:0.000858s ]
[ sql ] [ SQL ] SELECT m.menu_id as id,`m`.`menu_name`,`m`.`p_id`,`m`.`controller`,`m`.`action`,`m`.`is_show`,`m`.`url`,`m`.`type` FROM `gr_menu_new` `m` ORDER BY `p_id` ASC,`sort` ASC,`id` ASC [ RunTime:0.000850s ]
---------------------------------------------------------------
[ 2022-06-13T10:50:12+08:00 ] 127.0.0.1 POST api.newkefu.com/admin/Sysmanage/commonConfigList
[运行时间：0.108304s] [吞吐率：9.23req/s] [内存消耗：4,944.49kb] [文件加载：194]
[ info ] [ LANG ] D:\phpstudy_pro\WWW\new_kefu_online\thinkphp\lang\zh-cn.php
[ info ] [ ROUTE ] array (
  'type' => 'module',
  'module' => 
  array (
    0 => 'admin',
    1 => 'Sysmanage',
    2 => 'commonConfigList',
  ),
)
[ info ] [ HEADER ] array (
  'content-length' => '0',
  'referer' => 'http://www.newkefu.com/',
  'connection' => 'close',
  'origin' => 'http://www.newkefu.com',
  'platform' => 'youyu',
  'token' => 'eyJ0eXAiOiJKV1QiLCJhbGciOiJIUzI1NiIsImp0aSI6ImxYWGluZyJ9.eyJpc3MiOiJhcGkubmV3a2VmdS5jb20iLCJqdGkiOiJsWFhpbmciLCJpYXQiOjE2NTQ0OTc5NDEsImV4cCI6MTY1NzA4OTk0MSwidWlkIjoxNDN9.-43ZKzS1MUyNzhuhyoJcaYbJ8NgYn4rH6qNK6V5pLDg',
  'accept-encoding' => 'gzip, deflate',
  'accept-language' => 'zh-CN,zh;q=0.8,zh-TW;q=0.7,zh-HK;q=0.5,en-US;q=0.3,en;q=0.2',
  'accept' => 'application/json, text/javascript, */*; q=0.01',
  'user-agent' => 'Mozilla/5.0 (Windows NT 10.0; Win64; x64; rv:101.0) Gecko/20100101 Firefox/101.0',
  'host' => 'api.newkefu.com',
)
[ info ] [ PARAM ] array (
  '/admin/Sysmanage/commonConfigList' => '',
)
[ info ] [ DB ] INIT mysql
[ info ] [ CACHE ] INIT redis
[ info ] [ DB ] INIT mysql
[ info ] [ RUN ] app\admin\controller\Sysmanage->commonConfigList[ D:\phpstudy_pro\WWW\new_kefu_online\application\admin\controller\Sysmanage.php ]
[ info ] [ DB ] INIT mysql
[ info ] [ LOG ] INIT File
[ sql ] [ DB ] CONNECT:[ UseTime:0.001157s ] mysql:host=127.0.0.1;port=3306;dbname=gr_chat;charset=utf8
[ sql ] [ SQL ] SHOW COLUMNS FROM `gr_menu_new` [ RunTime:0.000744s ]
[ sql ] [ SQL ] SELECT m.menu_id as id,`m`.`menu_name`,`m`.`p_id`,`m`.`controller`,`m`.`action`,`m`.`is_show`,`m`.`url`,`m`.`type` FROM `gr_menu_new` `m` ORDER BY `p_id` ASC,`sort` ASC,`id` ASC [ RunTime:0.000827s ]
---------------------------------------------------------------
[ 2022-06-13T11:04:05+08:00 ] 127.0.0.1 POST api.newkefu.com/admin/Sysmanage/commonConfigList
[运行时间：0.095073s] [吞吐率：10.52req/s] [内存消耗：4,944.49kb] [文件加载：194]
[ info ] [ LANG ] D:\phpstudy_pro\WWW\new_kefu_online\thinkphp\lang\zh-cn.php
[ info ] [ ROUTE ] array (
  'type' => 'module',
  'module' => 
  array (
    0 => 'admin',
    1 => 'Sysmanage',
    2 => 'commonConfigList',
  ),
)
[ info ] [ HEADER ] array (
  'content-length' => '0',
  'referer' => 'http://www.newkefu.com/',
  'connection' => 'close',
  'origin' => 'http://www.newkefu.com',
  'platform' => 'youyu',
  'token' => 'eyJ0eXAiOiJKV1QiLCJhbGciOiJIUzI1NiIsImp0aSI6ImxYWGluZyJ9.eyJpc3MiOiJhcGkubmV3a2VmdS5jb20iLCJqdGkiOiJsWFhpbmciLCJpYXQiOjE2NTQ0OTc5NDEsImV4cCI6MTY1NzA4OTk0MSwidWlkIjoxNDN9.-43ZKzS1MUyNzhuhyoJcaYbJ8NgYn4rH6qNK6V5pLDg',
  'accept-encoding' => 'gzip, deflate',
  'accept-language' => 'zh-CN,zh;q=0.8,zh-TW;q=0.7,zh-HK;q=0.5,en-US;q=0.3,en;q=0.2',
  'accept' => 'application/json, text/javascript, */*; q=0.01',
  'user-agent' => 'Mozilla/5.0 (Windows NT 10.0; Win64; x64; rv:101.0) Gecko/20100101 Firefox/101.0',
  'host' => 'api.newkefu.com',
)
[ info ] [ PARAM ] array (
  '/admin/Sysmanage/commonConfigList' => '',
)
[ info ] [ DB ] INIT mysql
[ info ] [ CACHE ] INIT redis
[ info ] [ DB ] INIT mysql
[ info ] [ RUN ] app\admin\controller\Sysmanage->commonConfigList[ D:\phpstudy_pro\WWW\new_kefu_online\application\admin\controller\Sysmanage.php ]
[ info ] [ DB ] INIT mysql
[ info ] [ LOG ] INIT File
[ sql ] [ DB ] CONNECT:[ UseTime:0.001058s ] mysql:host=127.0.0.1;port=3306;dbname=gr_chat;charset=utf8
[ sql ] [ SQL ] SHOW COLUMNS FROM `gr_menu_new` [ RunTime:0.000735s ]
[ sql ] [ SQL ] SELECT m.menu_id as id,`m`.`menu_name`,`m`.`p_id`,`m`.`controller`,`m`.`action`,`m`.`is_show`,`m`.`url`,`m`.`type` FROM `gr_menu_new` `m` ORDER BY `p_id` ASC,`sort` ASC,`id` ASC [ RunTime:0.000866s ]
---------------------------------------------------------------
[ 2022-06-13T11:04:15+08:00 ] 127.0.0.1 POST api.newkefu.com/admin/Sysmanage/commonConfigSave
[运行时间：0.118775s] [吞吐率：8.42req/s] [内存消耗：4,885.98kb] [文件加载：195]
[ info ] [ LANG ] D:\phpstudy_pro\WWW\new_kefu_online\thinkphp\lang\zh-cn.php
[ info ] [ ROUTE ] array (
  'type' => 'module',
  'module' => 
  array (
    0 => 'admin',
    1 => 'Sysmanage',
    2 => 'commonConfigSave',
  ),
)
[ info ] [ HEADER ] array (
  'cache-control' => 'no-cache',
  'pragma' => 'no-cache',
  'referer' => 'http://www.newkefu.com/',
  'connection' => 'close',
  'origin' => 'http://www.newkefu.com',
  'content-length' => '989',
  'platform' => 'youyu',
  'token' => 'eyJ0eXAiOiJKV1QiLCJhbGciOiJIUzI1NiIsImp0aSI6ImxYWGluZyJ9.eyJpc3MiOiJhcGkubmV3a2VmdS5jb20iLCJqdGkiOiJsWFhpbmciLCJpYXQiOjE2NTQ0OTc5NDEsImV4cCI6MTY1NzA4OTk0MSwidWlkIjoxNDN9.-43ZKzS1MUyNzhuhyoJcaYbJ8NgYn4rH6qNK6V5pLDg',
  'content-type' => 'application/x-www-form-urlencoded; charset=UTF-8',
  'accept-encoding' => 'gzip, deflate',
  'accept-language' => 'zh-CN,zh;q=0.8,zh-TW;q=0.7,zh-HK;q=0.5,en-US;q=0.3,en;q=0.2',
  'accept' => 'application/json, text/javascript, */*; q=0.01',
  'user-agent' => 'Mozilla/5.0 (Windows NT 10.0; Win64; x64; rv:101.0) Gecko/20100101 Firefox/101.0',
  'host' => 'api.newkefu.com',
)
[ info ] [ PARAM ] array (
  '/admin/Sysmanage/commonConfigSave' => '',
  'user_group_type' => 'VIP营销,GS内服,质检培训,在线客服,风控拉人',
  'position_grade_arr' => '专员,组长,主管,经理,总监,负责人',
  'admin_version' => '',
  'sobot' => 
  array (
    'open' => '1',
    'script_open' => '1',
    'check_sign' => '1',
    'set_log' => '1',
    'company_list' => 
    array (
      0 => 
      array (
        'company_id' => '4320d7c716434025bbc81cac3481b269',
        'app_key' => '04hpDq1FVdJ4',
        'source_id' => '1',
      ),
      1 => 
      array (
        'company_id' => '501f6a86044f4bb7b6e2c46313156307',
        'app_key' => 'rZgR88UilVL2',
        'source_id' => '8',
      ),
    ),
  ),
  'company_id' => '',
  'app_key' => '',
  'source_id' => '1',
  'api_ip_write_open' => '0',
  'api_ip_write' => '',
  'api_ip_black_open' => '0',
  'api_ip_black' => '',
  'block_waring_type' => 
  array (
    0 => 'block',
    1 => 'chat',
  ),
  'block_waring_money' => '10000',
)
[ info ] [ DB ] INIT mysql
[ info ] [ CACHE ] INIT redis
[ info ] [ DB ] INIT mysql
[ info ] [ RUN ] app\admin\controller\Sysmanage->commonConfigSave[ D:\phpstudy_pro\WWW\new_kefu_online\application\admin\controller\Sysmanage.php ]
[ info ] [ DB ] INIT mysql
[ info ] [ LOG ] INIT File
[ sql ] [ DB ] CONNECT:[ UseTime:0.010662s ] mysql:host=127.0.0.1;port=3306;dbname=gr_chat;charset=utf8
[ sql ] [ SQL ] SHOW COLUMNS FROM `gr_menu_new` [ RunTime:0.000724s ]
[ sql ] [ SQL ] SELECT m.menu_id as id,`m`.`menu_name`,`m`.`p_id`,`m`.`controller`,`m`.`action`,`m`.`is_show`,`m`.`url`,`m`.`type` FROM `gr_menu_new` `m` ORDER BY `p_id` ASC,`sort` ASC,`id` ASC [ RunTime:0.000894s ]
[ sql ] [ SQL ] SHOW COLUMNS FROM `gr_admin_log_n` [ RunTime:0.000613s ]
[ sql ] [ SQL ] INSERT INTO `gr_admin_log_n` (`ip` , `admin_id` , `url` , `data` , `controller` , `action` , `add_time`) VALUES ('127.0.0.1' , 143 , '/admin/Sysmanage/commonConfigSave' , '\"{\\\"\\\\\\/admin\\\\\\/Sysmanage\\\\\\/commonConfigSave\\\":\\\"\\\",\\\"user_group_type\\\":\\\"VIP\\\\u8425\\\\u9500,GS\\\\u5185\\\\u670d,\\\\u8d28\\\\u68c0\\\\u57f9\\\\u8bad,\\\\u5728\\\\u7ebf\\\\u5ba2\\\\u670d,\\\\u98ce\\\\u63a7\\\\u62c9\\\\u4eba\\\",\\\"position_grade_arr\\\":\\\"\\\\u4e13\\\\u5458,\\\\u7ec4\\\\u957f,\\\\u4e3b\\\\u7ba1,\\\\u7ecf\\\\u7406,\\\\u603b\\\\u76d1,\\\\u8d1f\\\\u8d23\\\\u4eba\\\",\\\"admin_version\\\":\\\"\\\",\\\"sobot\\\":{\\\"open\\\":\\\"1\\\",\\\"script_open\\\":\\\"1\\\",\\\"check_sign\\\":\\\"1\\\",\\\"set_log\\\":\\\"1\\\",\\\"company_list\\\":[{\\\"company_id\\\":\\\"4320d7c716434025bbc81cac3481b269\\\",\\\"app_key\\\":\\\"04hpDq1FVdJ4\\\",\\\"source_id\\\":\\\"1\\\"},{\\\"company_id\\\":\\\"501f6a86044f4bb7b6e2c46313156307\\\",\\\"app_key\\\":\\\"rZgR88UilVL2\\\",\\\"source_id\\\":\\\"8\\\"}]},\\\"company_id\\\":\\\"\\\",\\\"app_key\\\":\\\"\\\",\\\"source_id\\\":\\\"1\\\",\\\"api_ip_write_open\\\":\\\"0\\\",\\\"api_ip_write\\\":\\\"\\\",\\\"api_ip_black_open\\\":\\\"0\\\",\\\"api_ip_black\\\":\\\"\\\",\\\"block_waring_type\\\":[\\\"block\\\",\\\"chat\\\"],\\\"block_waring_money\\\":\\\"10000\\\"}\"' , 'Sysmanage' , 'commonConfigSave' , 1655089455) [ RunTime:0.000436s ]
---------------------------------------------------------------
[ 2022-06-13T11:07:06+08:00 ] 127.0.0.1 POST api.newkefu.com/admin/Sysmanage/commonConfigList
[运行时间：0.101128s] [吞吐率：9.89req/s] [内存消耗：4,946.25kb] [文件加载：194]
[ info ] [ LANG ] D:\phpstudy_pro\WWW\new_kefu_online\thinkphp\lang\zh-cn.php
[ info ] [ ROUTE ] array (
  'type' => 'module',
  'module' => 
  array (
    0 => 'admin',
    1 => 'Sysmanage',
    2 => 'commonConfigList',
  ),
)
[ info ] [ HEADER ] array (
  'content-length' => '0',
  'cache-control' => 'no-cache',
  'pragma' => 'no-cache',
  'referer' => 'http://www.newkefu.com/',
  'connection' => 'close',
  'origin' => 'http://www.newkefu.com',
  'platform' => 'youyu',
  'token' => 'eyJ0eXAiOiJKV1QiLCJhbGciOiJIUzI1NiIsImp0aSI6ImxYWGluZyJ9.eyJpc3MiOiJhcGkubmV3a2VmdS5jb20iLCJqdGkiOiJsWFhpbmciLCJpYXQiOjE2NTQ0OTc5NDEsImV4cCI6MTY1NzA4OTk0MSwidWlkIjoxNDN9.-43ZKzS1MUyNzhuhyoJcaYbJ8NgYn4rH6qNK6V5pLDg',
  'accept-encoding' => 'gzip, deflate',
  'accept-language' => 'zh-CN,zh;q=0.8,zh-TW;q=0.7,zh-HK;q=0.5,en-US;q=0.3,en;q=0.2',
  'accept' => 'application/json, text/javascript, */*; q=0.01',
  'user-agent' => 'Mozilla/5.0 (Windows NT 10.0; Win64; x64; rv:101.0) Gecko/20100101 Firefox/101.0',
  'host' => 'api.newkefu.com',
)
[ info ] [ PARAM ] array (
  '/admin/Sysmanage/commonConfigList' => '',
)
[ info ] [ DB ] INIT mysql
[ info ] [ CACHE ] INIT redis
[ info ] [ DB ] INIT mysql
[ info ] [ RUN ] app\admin\controller\Sysmanage->commonConfigList[ D:\phpstudy_pro\WWW\new_kefu_online\application\admin\controller\Sysmanage.php ]
[ info ] [ DB ] INIT mysql
[ info ] [ LOG ] INIT File
[ sql ] [ DB ] CONNECT:[ UseTime:0.001111s ] mysql:host=127.0.0.1;port=3306;dbname=gr_chat;charset=utf8
[ sql ] [ SQL ] SHOW COLUMNS FROM `gr_menu_new` [ RunTime:0.000727s ]
[ sql ] [ SQL ] SELECT m.menu_id as id,`m`.`menu_name`,`m`.`p_id`,`m`.`controller`,`m`.`action`,`m`.`is_show`,`m`.`url`,`m`.`type` FROM `gr_menu_new` `m` ORDER BY `p_id` ASC,`sort` ASC,`id` ASC [ RunTime:0.000852s ]
---------------------------------------------------------------
[ 2022-06-13T11:07:15+08:00 ] 127.0.0.1 POST api.newkefu.com/admin/Sysmanage/commonConfigSave
[运行时间：0.146938s] [吞吐率：6.81req/s] [内存消耗：4,887.22kb] [文件加载：198]
[ info ] [ LANG ] D:\phpstudy_pro\WWW\new_kefu_online\thinkphp\lang\zh-cn.php
[ info ] [ ROUTE ] array (
  'type' => 'module',
  'module' => 
  array (
    0 => 'admin',
    1 => 'Sysmanage',
    2 => 'commonConfigSave',
  ),
)
[ info ] [ HEADER ] array (
  'cache-control' => 'no-cache',
  'pragma' => 'no-cache',
  'referer' => 'http://www.newkefu.com/',
  'connection' => 'close',
  'origin' => 'http://www.newkefu.com',
  'content-length' => '988',
  'platform' => 'youyu',
  'token' => 'eyJ0eXAiOiJKV1QiLCJhbGciOiJIUzI1NiIsImp0aSI6ImxYWGluZyJ9.eyJpc3MiOiJhcGkubmV3a2VmdS5jb20iLCJqdGkiOiJsWFhpbmciLCJpYXQiOjE2NTQ0OTc5NDEsImV4cCI6MTY1NzA4OTk0MSwidWlkIjoxNDN9.-43ZKzS1MUyNzhuhyoJcaYbJ8NgYn4rH6qNK6V5pLDg',
  'content-type' => 'application/x-www-form-urlencoded; charset=UTF-8',
  'accept-encoding' => 'gzip, deflate',
  'accept-language' => 'zh-CN,zh;q=0.8,zh-TW;q=0.7,zh-HK;q=0.5,en-US;q=0.3,en;q=0.2',
  'accept' => 'application/json, text/javascript, */*; q=0.01',
  'user-agent' => 'Mozilla/5.0 (Windows NT 10.0; Win64; x64; rv:101.0) Gecko/20100101 Firefox/101.0',
  'host' => 'api.newkefu.com',
)
[ info ] [ PARAM ] array (
  '/admin/Sysmanage/commonConfigSave' => '',
  'user_group_type' => 'VIP营销,GS内服,质检培训,在线客服,风控拉人',
  'position_grade_arr' => '专员,组长,主管,经理,总监,负责人',
  'admin_version' => '',
  'sobot' => 
  array (
    'open' => '1',
    'script_open' => '1',
    'check_sign' => '1',
    'set_log' => '1',
    'company_list' => 
    array (
      0 => 
      array (
        'company_id' => '4320d7c716434025bbc81cac3481b269',
        'app_key' => '04hpDq1FVdJ4',
        'source_id' => '1',
      ),
      1 => 
      array (
        'company_id' => '501f6a86044f4bb7b6e2c46313156307',
        'app_key' => 'rZgR88UilVL2',
        'source_id' => '8',
      ),
    ),
  ),
  'company_id' => '',
  'app_key' => '',
  'source_id' => '1',
  'api_ip_write_open' => '0',
  'api_ip_write' => '',
  'api_ip_black_open' => '0',
  'api_ip_black' => '',
  'block_waring_type' => 
  array (
    0 => 'block',
    1 => 'chat',
  ),
  'block_waring_money' => '5000',
)
[ info ] [ DB ] INIT mysql
[ info ] [ CACHE ] INIT redis
[ info ] [ DB ] INIT mysql
[ info ] [ RUN ] app\admin\controller\Sysmanage->commonConfigSave[ D:\phpstudy_pro\WWW\new_kefu_online\application\admin\controller\Sysmanage.php ]
[ info ] [ DB ] INIT mysql
[ info ] [ LOG ] INIT File
[ sql ] [ DB ] CONNECT:[ UseTime:0.011273s ] mysql:host=127.0.0.1;port=3306;dbname=gr_chat;charset=utf8
[ sql ] [ SQL ] SHOW COLUMNS FROM `gr_menu_new` [ RunTime:0.000710s ]
[ sql ] [ SQL ] SELECT m.menu_id as id,`m`.`menu_name`,`m`.`p_id`,`m`.`controller`,`m`.`action`,`m`.`is_show`,`m`.`url`,`m`.`type` FROM `gr_menu_new` `m` ORDER BY `p_id` ASC,`sort` ASC,`id` ASC [ RunTime:0.000850s ]
[ sql ] [ SQL ] SHOW COLUMNS FROM `gr_admin_log_n` [ RunTime:0.000870s ]
[ sql ] [ SQL ] INSERT INTO `gr_admin_log_n` (`ip` , `admin_id` , `url` , `data` , `controller` , `action` , `add_time`) VALUES ('127.0.0.1' , 143 , '/admin/Sysmanage/commonConfigSave' , '\"{\\\"\\\\\\/admin\\\\\\/Sysmanage\\\\\\/commonConfigSave\\\":\\\"\\\",\\\"user_group_type\\\":\\\"VIP\\\\u8425\\\\u9500,GS\\\\u5185\\\\u670d,\\\\u8d28\\\\u68c0\\\\u57f9\\\\u8bad,\\\\u5728\\\\u7ebf\\\\u5ba2\\\\u670d,\\\\u98ce\\\\u63a7\\\\u62c9\\\\u4eba\\\",\\\"position_grade_arr\\\":\\\"\\\\u4e13\\\\u5458,\\\\u7ec4\\\\u957f,\\\\u4e3b\\\\u7ba1,\\\\u7ecf\\\\u7406,\\\\u603b\\\\u76d1,\\\\u8d1f\\\\u8d23\\\\u4eba\\\",\\\"admin_version\\\":\\\"\\\",\\\"sobot\\\":{\\\"open\\\":\\\"1\\\",\\\"script_open\\\":\\\"1\\\",\\\"check_sign\\\":\\\"1\\\",\\\"set_log\\\":\\\"1\\\",\\\"company_list\\\":[{\\\"company_id\\\":\\\"4320d7c716434025bbc81cac3481b269\\\",\\\"app_key\\\":\\\"04hpDq1FVdJ4\\\",\\\"source_id\\\":\\\"1\\\"},{\\\"company_id\\\":\\\"501f6a86044f4bb7b6e2c46313156307\\\",\\\"app_key\\\":\\\"rZgR88UilVL2\\\",\\\"source_id\\\":\\\"8\\\"}]},\\\"company_id\\\":\\\"\\\",\\\"app_key\\\":\\\"\\\",\\\"source_id\\\":\\\"1\\\",\\\"api_ip_write_open\\\":\\\"0\\\",\\\"api_ip_write\\\":\\\"\\\",\\\"api_ip_black_open\\\":\\\"0\\\",\\\"api_ip_black\\\":\\\"\\\",\\\"block_waring_type\\\":[\\\"block\\\",\\\"chat\\\"],\\\"block_waring_money\\\":\\\"5000\\\"}\"' , 'Sysmanage' , 'commonConfigSave' , 1655089635) [ RunTime:0.000548s ]
[ error ] [2]explode() expects parameter 2 to be string, array given[D:\phpstudy_pro\WWW\new_kefu_online\common\config\common.php:418]
---------------------------------------------------------------
[ 2022-06-13T11:10:48+08:00 ] 127.0.0.1 POST api.newkefu.com/admin/Sysmanage/commonConfigSave
[运行时间：0.131101s] [吞吐率：7.63req/s] [内存消耗：4,886.24kb] [文件加载：195]
[ info ] [ LANG ] D:\phpstudy_pro\WWW\new_kefu_online\thinkphp\lang\zh-cn.php
[ info ] [ ROUTE ] array (
  'type' => 'module',
  'module' => 
  array (
    0 => 'admin',
    1 => 'Sysmanage',
    2 => 'commonConfigSave',
  ),
)
[ info ] [ HEADER ] array (
  'cache-control' => 'no-cache',
  'pragma' => 'no-cache',
  'referer' => 'http://www.newkefu.com/',
  'connection' => 'close',
  'origin' => 'http://www.newkefu.com',
  'content-length' => '988',
  'platform' => 'youyu',
  'token' => 'eyJ0eXAiOiJKV1QiLCJhbGciOiJIUzI1NiIsImp0aSI6ImxYWGluZyJ9.eyJpc3MiOiJhcGkubmV3a2VmdS5jb20iLCJqdGkiOiJsWFhpbmciLCJpYXQiOjE2NTQ0OTc5NDEsImV4cCI6MTY1NzA4OTk0MSwidWlkIjoxNDN9.-43ZKzS1MUyNzhuhyoJcaYbJ8NgYn4rH6qNK6V5pLDg',
  'content-type' => 'application/x-www-form-urlencoded; charset=UTF-8',
  'accept-encoding' => 'gzip, deflate',
  'accept-language' => 'zh-CN,zh;q=0.8,zh-TW;q=0.7,zh-HK;q=0.5,en-US;q=0.3,en;q=0.2',
  'accept' => 'application/json, text/javascript, */*; q=0.01',
  'user-agent' => 'Mozilla/5.0 (Windows NT 10.0; Win64; x64; rv:101.0) Gecko/20100101 Firefox/101.0',
  'host' => 'api.newkefu.com',
)
[ info ] [ PARAM ] array (
  '/admin/Sysmanage/commonConfigSave' => '',
  'user_group_type' => 'VIP营销,GS内服,质检培训,在线客服,风控拉人',
  'position_grade_arr' => '专员,组长,主管,经理,总监,负责人',
  'admin_version' => '',
  'sobot' => 
  array (
    'open' => '1',
    'script_open' => '1',
    'check_sign' => '1',
    'set_log' => '1',
    'company_list' => 
    array (
      0 => 
      array (
        'company_id' => '4320d7c716434025bbc81cac3481b269',
        'app_key' => '04hpDq1FVdJ4',
        'source_id' => '1',
      ),
      1 => 
      array (
        'company_id' => '501f6a86044f4bb7b6e2c46313156307',
        'app_key' => 'rZgR88UilVL2',
        'source_id' => '8',
      ),
    ),
  ),
  'company_id' => '',
  'app_key' => '',
  'source_id' => '1',
  'api_ip_write_open' => '0',
  'api_ip_write' => '',
  'api_ip_black_open' => '0',
  'api_ip_black' => '',
  'block_waring_type' => 
  array (
    0 => 'block',
    1 => 'chat',
  ),
  'block_waring_money' => '5000',
)
[ info ] [ DB ] INIT mysql
[ info ] [ CACHE ] INIT redis
[ info ] [ DB ] INIT mysql
[ info ] [ RUN ] app\admin\controller\Sysmanage->commonConfigSave[ D:\phpstudy_pro\WWW\new_kefu_online\application\admin\controller\Sysmanage.php ]
[ info ] [ DB ] INIT mysql
[ info ] [ LOG ] INIT File
[ sql ] [ DB ] CONNECT:[ UseTime:0.010502s ] mysql:host=127.0.0.1;port=3306;dbname=gr_chat;charset=utf8
[ sql ] [ SQL ] SHOW COLUMNS FROM `gr_menu_new` [ RunTime:0.000713s ]
[ sql ] [ SQL ] SELECT m.menu_id as id,`m`.`menu_name`,`m`.`p_id`,`m`.`controller`,`m`.`action`,`m`.`is_show`,`m`.`url`,`m`.`type` FROM `gr_menu_new` `m` ORDER BY `p_id` ASC,`sort` ASC,`id` ASC [ RunTime:0.000912s ]
[ sql ] [ SQL ] SHOW COLUMNS FROM `gr_admin_log_n` [ RunTime:0.000665s ]
[ sql ] [ SQL ] INSERT INTO `gr_admin_log_n` (`ip` , `admin_id` , `url` , `data` , `controller` , `action` , `add_time`) VALUES ('127.0.0.1' , 143 , '/admin/Sysmanage/commonConfigSave' , '\"{\\\"\\\\\\/admin\\\\\\/Sysmanage\\\\\\/commonConfigSave\\\":\\\"\\\",\\\"user_group_type\\\":\\\"VIP\\\\u8425\\\\u9500,GS\\\\u5185\\\\u670d,\\\\u8d28\\\\u68c0\\\\u57f9\\\\u8bad,\\\\u5728\\\\u7ebf\\\\u5ba2\\\\u670d,\\\\u98ce\\\\u63a7\\\\u62c9\\\\u4eba\\\",\\\"position_grade_arr\\\":\\\"\\\\u4e13\\\\u5458,\\\\u7ec4\\\\u957f,\\\\u4e3b\\\\u7ba1,\\\\u7ecf\\\\u7406,\\\\u603b\\\\u76d1,\\\\u8d1f\\\\u8d23\\\\u4eba\\\",\\\"admin_version\\\":\\\"\\\",\\\"sobot\\\":{\\\"open\\\":\\\"1\\\",\\\"script_open\\\":\\\"1\\\",\\\"check_sign\\\":\\\"1\\\",\\\"set_log\\\":\\\"1\\\",\\\"company_list\\\":[{\\\"company_id\\\":\\\"4320d7c716434025bbc81cac3481b269\\\",\\\"app_key\\\":\\\"04hpDq1FVdJ4\\\",\\\"source_id\\\":\\\"1\\\"},{\\\"company_id\\\":\\\"501f6a86044f4bb7b6e2c46313156307\\\",\\\"app_key\\\":\\\"rZgR88UilVL2\\\",\\\"source_id\\\":\\\"8\\\"}]},\\\"company_id\\\":\\\"\\\",\\\"app_key\\\":\\\"\\\",\\\"source_id\\\":\\\"1\\\",\\\"api_ip_write_open\\\":\\\"0\\\",\\\"api_ip_write\\\":\\\"\\\",\\\"api_ip_black_open\\\":\\\"0\\\",\\\"api_ip_black\\\":\\\"\\\",\\\"block_waring_type\\\":[\\\"block\\\",\\\"chat\\\"],\\\"block_waring_money\\\":\\\"5000\\\"}\"' , 'Sysmanage' , 'commonConfigSave' , 1655089848) [ RunTime:0.000337s ]
---------------------------------------------------------------
[ 2022-06-13T11:15:52+08:00 ] 127.0.0.1 POST api.newkefu.com/admin/Sysmanage/commonConfigSave
[运行时间：0.105466s] [吞吐率：9.48req/s] [内存消耗：4,953.45kb] [文件加载：192]
[ info ] [ LANG ] D:\phpstudy_pro\WWW\new_kefu_online\thinkphp\lang\zh-cn.php
[ info ] [ ROUTE ] array (
  'type' => 'module',
  'module' => 
  array (
    0 => 'admin',
    1 => 'Sysmanage',
    2 => 'commonConfigSave',
  ),
)
[ info ] [ HEADER ] array (
  'cache-control' => 'no-cache',
  'pragma' => 'no-cache',
  'connection' => 'close',
  'origin' => 'http://www.newkefu.com',
  'content-length' => '988',
  'platform' => 'youyu',
  'token' => 'eyJ0eXAiOiJKV1QiLCJhbGciOiJIUzI1NiIsImp0aSI6ImxYWGluZyJ9.eyJpc3MiOiJhcGkubmV3a2VmdS5jb20iLCJqdGkiOiJsWFhpbmciLCJpYXQiOjE2NTQ0OTc5NDEsImV4cCI6MTY1NzA4OTk0MSwidWlkIjoxNDN9.-43ZKzS1MUyNzhuhyoJcaYbJ8NgYn4rH6qNK6V5pLDg',
  'content-type' => 'application/x-www-form-urlencoded; charset=UTF-8',
  'referer' => 'http://www.newkefu.com/',
  'accept-encoding' => 'gzip, deflate',
  'accept-language' => 'zh-CN,zh;q=0.8,zh-TW;q=0.7,zh-HK;q=0.5,en-US;q=0.3,en;q=0.2',
  'accept' => 'application/json, text/javascript, */*; q=0.01',
  'user-agent' => 'Mozilla/5.0 (Windows NT 10.0; Win64; x64; rv:101.0) Gecko/20100101 Firefox/101.0',
  'host' => 'api.newkefu.com',
)
[ info ] [ PARAM ] array (
  '/admin/Sysmanage/commonConfigSave' => '',
  'user_group_type' => 'VIP营销,GS内服,质检培训,在线客服,风控拉人',
  'position_grade_arr' => '专员,组长,主管,经理,总监,负责人',
  'admin_version' => '',
  'sobot' => 
  array (
    'open' => '1',
    'script_open' => '1',
    'check_sign' => '1',
    'set_log' => '1',
    'company_list' => 
    array (
      0 => 
      array (
        'company_id' => '4320d7c716434025bbc81cac3481b269',
        'app_key' => '04hpDq1FVdJ4',
        'source_id' => '1',
      ),
      1 => 
      array (
        'company_id' => '501f6a86044f4bb7b6e2c46313156307',
        'app_key' => 'rZgR88UilVL2',
        'source_id' => '8',
      ),
    ),
  ),
  'company_id' => '',
  'app_key' => '',
  'source_id' => '1',
  'api_ip_write_open' => '0',
  'api_ip_write' => '',
  'api_ip_black_open' => '0',
  'api_ip_black' => '',
  'block_waring_type' => 
  array (
    0 => 'block',
    1 => 'chat',
  ),
  'block_waring_money' => '5000',
)
[ info ] [ DB ] INIT mysql
[ info ] [ CACHE ] INIT redis
[ info ] [ DB ] INIT mysql
[ info ] [ RUN ] app\admin\controller\Sysmanage->commonConfigSave[ D:\phpstudy_pro\WWW\new_kefu_online\application\admin\controller\Sysmanage.php ]
[ info ] [ DB ] INIT mysql
[ info ] [ LOG ] INIT File
[ sql ] [ DB ] CONNECT:[ UseTime:0.001154s ] mysql:host=127.0.0.1;port=3306;dbname=gr_chat;charset=utf8
[ sql ] [ SQL ] SHOW COLUMNS FROM `gr_menu_new` [ RunTime:0.000721s ]
[ sql ] [ SQL ] SELECT m.menu_id as id,`m`.`menu_name`,`m`.`p_id`,`m`.`controller`,`m`.`action`,`m`.`is_show`,`m`.`url`,`m`.`type` FROM `gr_menu_new` `m` ORDER BY `p_id` ASC,`sort` ASC,`id` ASC [ RunTime:0.000901s ]
[ sql ] [ SQL ] SHOW COLUMNS FROM `gr_admin_log_n` [ RunTime:0.000788s ]
[ sql ] [ SQL ] INSERT INTO `gr_admin_log_n` (`ip` , `admin_id` , `url` , `data` , `controller` , `action` , `add_time`) VALUES ('127.0.0.1' , 143 , '/admin/Sysmanage/commonConfigSave' , '\"{\\\"\\\\\\/admin\\\\\\/Sysmanage\\\\\\/commonConfigSave\\\":\\\"\\\",\\\"user_group_type\\\":\\\"VIP\\\\u8425\\\\u9500,GS\\\\u5185\\\\u670d,\\\\u8d28\\\\u68c0\\\\u57f9\\\\u8bad,\\\\u5728\\\\u7ebf\\\\u5ba2\\\\u670d,\\\\u98ce\\\\u63a7\\\\u62c9\\\\u4eba\\\",\\\"position_grade_arr\\\":\\\"\\\\u4e13\\\\u5458,\\\\u7ec4\\\\u957f,\\\\u4e3b\\\\u7ba1,\\\\u7ecf\\\\u7406,\\\\u603b\\\\u76d1,\\\\u8d1f\\\\u8d23\\\\u4eba\\\",\\\"admin_version\\\":\\\"\\\",\\\"sobot\\\":{\\\"open\\\":\\\"1\\\",\\\"script_open\\\":\\\"1\\\",\\\"check_sign\\\":\\\"1\\\",\\\"set_log\\\":\\\"1\\\",\\\"company_list\\\":[{\\\"company_id\\\":\\\"4320d7c716434025bbc81cac3481b269\\\",\\\"app_key\\\":\\\"04hpDq1FVdJ4\\\",\\\"source_id\\\":\\\"1\\\"},{\\\"company_id\\\":\\\"501f6a86044f4bb7b6e2c46313156307\\\",\\\"app_key\\\":\\\"rZgR88UilVL2\\\",\\\"source_id\\\":\\\"8\\\"}]},\\\"company_id\\\":\\\"\\\",\\\"app_key\\\":\\\"\\\",\\\"source_id\\\":\\\"1\\\",\\\"api_ip_write_open\\\":\\\"0\\\",\\\"api_ip_write\\\":\\\"\\\",\\\"api_ip_black_open\\\":\\\"0\\\",\\\"api_ip_black\\\":\\\"\\\",\\\"block_waring_type\\\":[\\\"block\\\",\\\"chat\\\"],\\\"block_waring_money\\\":\\\"5000\\\"}\"' , 'Sysmanage' , 'commonConfigSave' , 1655090152) [ RunTime:0.000374s ]
---------------------------------------------------------------
[ 2022-06-13T11:16:12+08:00 ] 127.0.0.1 POST api.newkefu.com/admin/Sysmanage/commonConfigSave
[运行时间：0.108591s] [吞吐率：9.21req/s] [内存消耗：4,933.45kb] [文件加载：192]
[ info ] [ LANG ] D:\phpstudy_pro\WWW\new_kefu_online\thinkphp\lang\zh-cn.php
[ info ] [ ROUTE ] array (
  'type' => 'module',
  'module' => 
  array (
    0 => 'admin',
    1 => 'Sysmanage',
    2 => 'commonConfigSave',
  ),
)
[ info ] [ HEADER ] array (
  'cache-control' => 'no-cache',
  'pragma' => 'no-cache',
  'connection' => 'close',
  'origin' => 'http://www.newkefu.com',
  'content-length' => '988',
  'platform' => 'youyu',
  'token' => 'eyJ0eXAiOiJKV1QiLCJhbGciOiJIUzI1NiIsImp0aSI6ImxYWGluZyJ9.eyJpc3MiOiJhcGkubmV3a2VmdS5jb20iLCJqdGkiOiJsWFhpbmciLCJpYXQiOjE2NTQ0OTc5NDEsImV4cCI6MTY1NzA4OTk0MSwidWlkIjoxNDN9.-43ZKzS1MUyNzhuhyoJcaYbJ8NgYn4rH6qNK6V5pLDg',
  'content-type' => 'application/x-www-form-urlencoded; charset=UTF-8',
  'referer' => 'http://www.newkefu.com/',
  'accept-encoding' => 'gzip, deflate',
  'accept-language' => 'zh-CN,zh;q=0.8,zh-TW;q=0.7,zh-HK;q=0.5,en-US;q=0.3,en;q=0.2',
  'accept' => 'application/json, text/javascript, */*; q=0.01',
  'user-agent' => 'Mozilla/5.0 (Windows NT 10.0; Win64; x64; rv:101.0) Gecko/20100101 Firefox/101.0',
  'host' => 'api.newkefu.com',
)
[ info ] [ PARAM ] array (
  '/admin/Sysmanage/commonConfigSave' => '',
  'user_group_type' => 'VIP营销,GS内服,质检培训,在线客服,风控拉人',
  'position_grade_arr' => '专员,组长,主管,经理,总监,负责人',
  'admin_version' => '',
  'sobot' => 
  array (
    'open' => '1',
    'script_open' => '1',
    'check_sign' => '1',
    'set_log' => '1',
    'company_list' => 
    array (
      0 => 
      array (
        'company_id' => '4320d7c716434025bbc81cac3481b269',
        'app_key' => '04hpDq1FVdJ4',
        'source_id' => '1',
      ),
      1 => 
      array (
        'company_id' => '501f6a86044f4bb7b6e2c46313156307',
        'app_key' => 'rZgR88UilVL2',
        'source_id' => '8',
      ),
    ),
  ),
  'company_id' => '',
  'app_key' => '',
  'source_id' => '1',
  'api_ip_write_open' => '0',
  'api_ip_write' => '',
  'api_ip_black_open' => '0',
  'api_ip_black' => '',
  'block_waring_type' => 
  array (
    0 => 'block',
    1 => 'chat',
  ),
  'block_waring_money' => '5000',
)
[ info ] [ DB ] INIT mysql
[ info ] [ CACHE ] INIT redis
[ info ] [ DB ] INIT mysql
[ info ] [ RUN ] app\admin\controller\Sysmanage->commonConfigSave[ D:\phpstudy_pro\WWW\new_kefu_online\application\admin\controller\Sysmanage.php ]
[ info ] [ DB ] INIT mysql
[ info ] [ LOG ] INIT File
[ sql ] [ DB ] CONNECT:[ UseTime:0.001078s ] mysql:host=127.0.0.1;port=3306;dbname=gr_chat;charset=utf8
[ sql ] [ SQL ] SHOW COLUMNS FROM `gr_menu_new` [ RunTime:0.001631s ]
[ sql ] [ SQL ] SELECT m.menu_id as id,`m`.`menu_name`,`m`.`p_id`,`m`.`controller`,`m`.`action`,`m`.`is_show`,`m`.`url`,`m`.`type` FROM `gr_menu_new` `m` ORDER BY `p_id` ASC,`sort` ASC,`id` ASC [ RunTime:0.000811s ]
[ sql ] [ SQL ] SHOW COLUMNS FROM `gr_admin_log_n` [ RunTime:0.001127s ]
[ sql ] [ SQL ] INSERT INTO `gr_admin_log_n` (`ip` , `admin_id` , `url` , `data` , `controller` , `action` , `add_time`) VALUES ('127.0.0.1' , 143 , '/admin/Sysmanage/commonConfigSave' , '\"{\\\"\\\\\\/admin\\\\\\/Sysmanage\\\\\\/commonConfigSave\\\":\\\"\\\",\\\"user_group_type\\\":\\\"VIP\\\\u8425\\\\u9500,GS\\\\u5185\\\\u670d,\\\\u8d28\\\\u68c0\\\\u57f9\\\\u8bad,\\\\u5728\\\\u7ebf\\\\u5ba2\\\\u670d,\\\\u98ce\\\\u63a7\\\\u62c9\\\\u4eba\\\",\\\"position_grade_arr\\\":\\\"\\\\u4e13\\\\u5458,\\\\u7ec4\\\\u957f,\\\\u4e3b\\\\u7ba1,\\\\u7ecf\\\\u7406,\\\\u603b\\\\u76d1,\\\\u8d1f\\\\u8d23\\\\u4eba\\\",\\\"admin_version\\\":\\\"\\\",\\\"sobot\\\":{\\\"open\\\":\\\"1\\\",\\\"script_open\\\":\\\"1\\\",\\\"check_sign\\\":\\\"1\\\",\\\"set_log\\\":\\\"1\\\",\\\"company_list\\\":[{\\\"company_id\\\":\\\"4320d7c716434025bbc81cac3481b269\\\",\\\"app_key\\\":\\\"04hpDq1FVdJ4\\\",\\\"source_id\\\":\\\"1\\\"},{\\\"company_id\\\":\\\"501f6a86044f4bb7b6e2c46313156307\\\",\\\"app_key\\\":\\\"rZgR88UilVL2\\\",\\\"source_id\\\":\\\"8\\\"}]},\\\"company_id\\\":\\\"\\\",\\\"app_key\\\":\\\"\\\",\\\"source_id\\\":\\\"1\\\",\\\"api_ip_write_open\\\":\\\"0\\\",\\\"api_ip_write\\\":\\\"\\\",\\\"api_ip_black_open\\\":\\\"0\\\",\\\"api_ip_black\\\":\\\"\\\",\\\"block_waring_type\\\":[\\\"block\\\",\\\"chat\\\"],\\\"block_waring_money\\\":\\\"5000\\\"}\"' , 'Sysmanage' , 'commonConfigSave' , 1655090172) [ RunTime:0.000420s ]
---------------------------------------------------------------
[ 2022-06-13T11:17:53+08:00 ] 127.0.0.1 POST api.newkefu.com/admin/Sysmanage/commonConfigList
[运行时间：0.100593s] [吞吐率：9.94req/s] [内存消耗：4,946.47kb] [文件加载：194]
[ info ] [ LANG ] D:\phpstudy_pro\WWW\new_kefu_online\thinkphp\lang\zh-cn.php
[ info ] [ ROUTE ] array (
  'type' => 'module',
  'module' => 
  array (
    0 => 'admin',
    1 => 'Sysmanage',
    2 => 'commonConfigList',
  ),
)
[ info ] [ HEADER ] array (
  'content-length' => '0',
  'cache-control' => 'no-cache',
  'pragma' => 'no-cache',
  'referer' => 'http://www.newkefu.com/',
  'connection' => 'close',
  'origin' => 'http://www.newkefu.com',
  'platform' => 'youyu',
  'token' => 'eyJ0eXAiOiJKV1QiLCJhbGciOiJIUzI1NiIsImp0aSI6ImxYWGluZyJ9.eyJpc3MiOiJhcGkubmV3a2VmdS5jb20iLCJqdGkiOiJsWFhpbmciLCJpYXQiOjE2NTQ0OTc5NDEsImV4cCI6MTY1NzA4OTk0MSwidWlkIjoxNDN9.-43ZKzS1MUyNzhuhyoJcaYbJ8NgYn4rH6qNK6V5pLDg',
  'accept-encoding' => 'gzip, deflate',
  'accept-language' => 'zh-CN,zh;q=0.8,zh-TW;q=0.7,zh-HK;q=0.5,en-US;q=0.3,en;q=0.2',
  'accept' => 'application/json, text/javascript, */*; q=0.01',
  'user-agent' => 'Mozilla/5.0 (Windows NT 10.0; Win64; x64; rv:101.0) Gecko/20100101 Firefox/101.0',
  'host' => 'api.newkefu.com',
)
[ info ] [ PARAM ] array (
  '/admin/Sysmanage/commonConfigList' => '',
)
[ info ] [ DB ] INIT mysql
[ info ] [ CACHE ] INIT redis
[ info ] [ DB ] INIT mysql
[ info ] [ RUN ] app\admin\controller\Sysmanage->commonConfigList[ D:\phpstudy_pro\WWW\new_kefu_online\application\admin\controller\Sysmanage.php ]
[ info ] [ DB ] INIT mysql
[ info ] [ LOG ] INIT File
[ sql ] [ DB ] CONNECT:[ UseTime:0.001185s ] mysql:host=127.0.0.1;port=3306;dbname=gr_chat;charset=utf8
[ sql ] [ SQL ] SHOW COLUMNS FROM `gr_menu_new` [ RunTime:0.000771s ]
[ sql ] [ SQL ] SELECT m.menu_id as id,`m`.`menu_name`,`m`.`p_id`,`m`.`controller`,`m`.`action`,`m`.`is_show`,`m`.`url`,`m`.`type` FROM `gr_menu_new` `m` ORDER BY `p_id` ASC,`sort` ASC,`id` ASC [ RunTime:0.000887s ]
---------------------------------------------------------------
[ 2022-06-13T11:29:02+08:00 ] 127.0.0.1 POST api.newkefu.com/admin/Sysmanage/commonConfigSave
[运行时间：0.108072s] [吞吐率：9.25req/s] [内存消耗：4,885.63kb] [文件加载：195]
[ info ] [ LANG ] D:\phpstudy_pro\WWW\new_kefu_online\thinkphp\lang\zh-cn.php
[ info ] [ ROUTE ] array (
  'type' => 'module',
  'module' => 
  array (
    0 => 'admin',
    1 => 'Sysmanage',
    2 => 'commonConfigSave',
  ),
)
[ info ] [ HEADER ] array (
  'cache-control' => 'no-cache',
  'pragma' => 'no-cache',
  'referer' => 'http://www.newkefu.com/',
  'connection' => 'close',
  'origin' => 'http://www.newkefu.com',
  'content-length' => '991',
  'platform' => 'youyu',
  'token' => 'eyJ0eXAiOiJKV1QiLCJhbGciOiJIUzI1NiIsImp0aSI6ImxYWGluZyJ9.eyJpc3MiOiJhcGkubmV3a2VmdS5jb20iLCJqdGkiOiJsWFhpbmciLCJpYXQiOjE2NTQ0OTc5NDEsImV4cCI6MTY1NzA4OTk0MSwidWlkIjoxNDN9.-43ZKzS1MUyNzhuhyoJcaYbJ8NgYn4rH6qNK6V5pLDg',
  'content-type' => 'application/x-www-form-urlencoded; charset=UTF-8',
  'accept-encoding' => 'gzip, deflate',
  'accept-language' => 'zh-CN,zh;q=0.8,zh-TW;q=0.7,zh-HK;q=0.5,en-US;q=0.3,en;q=0.2',
  'accept' => 'application/json, text/javascript, */*; q=0.01',
  'user-agent' => 'Mozilla/5.0 (Windows NT 10.0; Win64; x64; rv:101.0) Gecko/20100101 Firefox/101.0',
  'host' => 'api.newkefu.com',
)
[ info ] [ PARAM ] array (
  '/admin/Sysmanage/commonConfigSave' => '',
  'user_group_type' => 'VIP营销,GS内服,质检培训,在线客服,风控拉人',
  'position_grade_arr' => '专员,组长,主管,经理,总监,负责人',
  'admin_version' => '123',
  'sobot' => 
  array (
    'open' => '1',
    'script_open' => '1',
    'check_sign' => '1',
    'set_log' => '1',
    'company_list' => 
    array (
      0 => 
      array (
        'company_id' => '4320d7c716434025bbc81cac3481b269',
        'app_key' => '04hpDq1FVdJ4',
        'source_id' => '1',
      ),
      1 => 
      array (
        'company_id' => '501f6a86044f4bb7b6e2c46313156307',
        'app_key' => 'rZgR88UilVL2',
        'source_id' => '8',
      ),
    ),
  ),
  'company_id' => '',
  'app_key' => '',
  'source_id' => '1',
  'api_ip_write_open' => '0',
  'api_ip_write' => '',
  'api_ip_black_open' => '0',
  'api_ip_black' => '',
  'block_waring_type' => 
  array (
    0 => 'block',
    1 => 'chat',
  ),
  'block_waring_money' => '5000',
)
[ info ] [ DB ] INIT mysql
[ info ] [ CACHE ] INIT redis
[ info ] [ DB ] INIT mysql
[ info ] [ RUN ] app\admin\controller\Sysmanage->commonConfigSave[ D:\phpstudy_pro\WWW\new_kefu_online\application\admin\controller\Sysmanage.php ]
[ info ] [ DB ] INIT mysql
[ info ] [ LOG ] INIT File
[ sql ] [ DB ] CONNECT:[ UseTime:0.001109s ] mysql:host=127.0.0.1;port=3306;dbname=gr_chat;charset=utf8
[ sql ] [ SQL ] SHOW COLUMNS FROM `gr_menu_new` [ RunTime:0.000728s ]
[ sql ] [ SQL ] SELECT m.menu_id as id,`m`.`menu_name`,`m`.`p_id`,`m`.`controller`,`m`.`action`,`m`.`is_show`,`m`.`url`,`m`.`type` FROM `gr_menu_new` `m` ORDER BY `p_id` ASC,`sort` ASC,`id` ASC [ RunTime:0.000945s ]
[ sql ] [ SQL ] SHOW COLUMNS FROM `gr_admin_log_n` [ RunTime:0.000686s ]
[ sql ] [ SQL ] INSERT INTO `gr_admin_log_n` (`ip` , `admin_id` , `url` , `data` , `controller` , `action` , `add_time`) VALUES ('127.0.0.1' , 143 , '/admin/Sysmanage/commonConfigSave' , '\"{\\\"\\\\\\/admin\\\\\\/Sysmanage\\\\\\/commonConfigSave\\\":\\\"\\\",\\\"user_group_type\\\":\\\"VIP\\\\u8425\\\\u9500,GS\\\\u5185\\\\u670d,\\\\u8d28\\\\u68c0\\\\u57f9\\\\u8bad,\\\\u5728\\\\u7ebf\\\\u5ba2\\\\u670d,\\\\u98ce\\\\u63a7\\\\u62c9\\\\u4eba\\\",\\\"position_grade_arr\\\":\\\"\\\\u4e13\\\\u5458,\\\\u7ec4\\\\u957f,\\\\u4e3b\\\\u7ba1,\\\\u7ecf\\\\u7406,\\\\u603b\\\\u76d1,\\\\u8d1f\\\\u8d23\\\\u4eba\\\",\\\"admin_version\\\":\\\"123\\\",\\\"sobot\\\":{\\\"open\\\":\\\"1\\\",\\\"script_open\\\":\\\"1\\\",\\\"check_sign\\\":\\\"1\\\",\\\"set_log\\\":\\\"1\\\",\\\"company_list\\\":[{\\\"company_id\\\":\\\"4320d7c716434025bbc81cac3481b269\\\",\\\"app_key\\\":\\\"04hpDq1FVdJ4\\\",\\\"source_id\\\":\\\"1\\\"},{\\\"company_id\\\":\\\"501f6a86044f4bb7b6e2c46313156307\\\",\\\"app_key\\\":\\\"rZgR88UilVL2\\\",\\\"source_id\\\":\\\"8\\\"}]},\\\"company_id\\\":\\\"\\\",\\\"app_key\\\":\\\"\\\",\\\"source_id\\\":\\\"1\\\",\\\"api_ip_write_open\\\":\\\"0\\\",\\\"api_ip_write\\\":\\\"\\\",\\\"api_ip_black_open\\\":\\\"0\\\",\\\"api_ip_black\\\":\\\"\\\",\\\"block_waring_type\\\":[\\\"block\\\",\\\"chat\\\"],\\\"block_waring_money\\\":\\\"5000\\\"}\"' , 'Sysmanage' , 'commonConfigSave' , 1655090942) [ RunTime:0.000393s ]
---------------------------------------------------------------
[ 2022-06-13T18:09:31+08:00 ] 127.0.0.1 POST api.newkefu.com/admin/block/index
[运行时间：0.173951s] [吞吐率：5.75req/s] [内存消耗：4,994.57kb] [文件加载：202]
[ info ] [ LANG ] D:\phpstudy_pro\WWW\new_kefu_online\thinkphp\lang\zh-cn.php
[ info ] [ ROUTE ] array (
  'type' => 'module',
  'module' => 
  array (
    0 => 'admin',
    1 => 'block',
    2 => 'index',
  ),
)
[ info ] [ HEADER ] array (
  'referer' => 'http://www.newkefu.com/',
  'connection' => 'close',
  'origin' => 'http://www.newkefu.com',
  'content-length' => '204',
  'platform' => 'youyu',
  'token' => 'eyJ0eXAiOiJKV1QiLCJhbGciOiJIUzI1NiIsImp0aSI6ImxYWGluZyJ9.eyJpc3MiOiJhcGkubmV3a2VmdS5jb20iLCJqdGkiOiJsWFhpbmciLCJpYXQiOjE2NTQ0OTc5NDEsImV4cCI6MTY1NzA4OTk0MSwidWlkIjoxNDN9.-43ZKzS1MUyNzhuhyoJcaYbJ8NgYn4rH6qNK6V5pLDg',
  'content-type' => 'application/x-www-form-urlencoded; charset=UTF-8',
  'accept-encoding' => 'gzip, deflate',
  'accept-language' => 'zh-CN,zh;q=0.8,zh-TW;q=0.7,zh-HK;q=0.5,en-US;q=0.3,en;q=0.2',
  'accept' => 'application/json, text/javascript, */*; q=0.01',
  'user-agent' => 'Mozilla/5.0 (Windows NT 10.0; Win64; x64; rv:101.0) Gecko/20100101 Firefox/101.0',
  'host' => 'api.newkefu.com',
)
[ info ] [ PARAM ] array (
  '/admin/block/index' => '',
  'page' => '1',
  'limit' => '10',
  'platform_id' => '6',
  'p_p' => '',
  'p_g' => '',
  'admin_id' => '',
  'game' => '',
  'type' => '',
  'op_type' => 'admin',
  'rolename' => '',
  'uid' => '19311354',
  'ip' => '',
  'imei' => '',
  'sid' => '',
  'reg_channel_id' => '',
  'admin' => '',
  'sdate' => '2022-06-10 00:00:00',
  'edate' => '2022-06-11 00:00:00',
  'status' => '',
)
[ info ] [ DB ] INIT mysql
[ info ] [ CACHE ] INIT redis
[ info ] [ DB ] INIT mysql
[ info ] [ DB ] INIT mysql
[ info ] [ RUN ] app\admin\controller\Block->index[ D:\phpstudy_pro\WWW\new_kefu_online\application\admin\controller\Block.php ]
[ info ] [ LOG ] INIT File
[ sql ] [ DB ] CONNECT:[ UseTime:0.001734s ] mysql:host=127.0.0.1;port=3306;dbname=gr_chat;charset=utf8
[ sql ] [ SQL ] SHOW COLUMNS FROM `gr_menu_new` [ RunTime:0.001485s ]
[ sql ] [ SQL ] SELECT m.menu_id as id,`m`.`menu_name`,`m`.`p_id`,`m`.`controller`,`m`.`action`,`m`.`is_show`,`m`.`url`,`m`.`type` FROM `gr_menu_new` `m` ORDER BY `p_id` ASC,`sort` ASC,`id` ASC [ RunTime:0.004775s ]
[ sql ] [ SQL ] SHOW COLUMNS FROM `gr_admin_log_n` [ RunTime:0.001093s ]
[ sql ] [ SQL ] INSERT INTO `gr_admin_log_n` (`ip` , `admin_id` , `url` , `data` , `controller` , `action` , `add_time`) VALUES ('127.0.0.1' , 143 , '/admin/block/index' , '\"{\\\"\\\\\\/admin\\\\\\/block\\\\\\/index\\\":\\\"\\\",\\\"page\\\":\\\"1\\\",\\\"limit\\\":\\\"10\\\",\\\"platform_id\\\":\\\"6\\\",\\\"p_p\\\":\\\"\\\",\\\"p_g\\\":\\\"\\\",\\\"admin_id\\\":\\\"\\\",\\\"game\\\":\\\"\\\",\\\"type\\\":\\\"\\\",\\\"op_type\\\":\\\"admin\\\",\\\"rolename\\\":\\\"\\\",\\\"uid\\\":\\\"19311354\\\",\\\"ip\\\":\\\"\\\",\\\"imei\\\":\\\"\\\",\\\"sid\\\":\\\"\\\",\\\"reg_channel_id\\\":\\\"\\\",\\\"admin\\\":\\\"\\\",\\\"sdate\\\":\\\"2022-06-10 00:00:00\\\",\\\"edate\\\":\\\"2022-06-11 00:00:00\\\",\\\"status\\\":\\\"\\\"}\"' , 'Block' , 'index' , 1655114971) [ RunTime:0.000712s ]
