---------------------------------------------------------------
[ 2022-06-28T10:12:22+08:00 ] 127.0.0.1 POST api.newkefu.com/admin/ajax/getPlatformList
[运行时间：0.155867s] [吞吐率：6.42req/s] [内存消耗：4,869.95kb] [文件加载：194]
[ info ] [ LANG ] D:\phpstudy_pro\WWW\new_kefu_online\thinkphp\lang\zh-cn.php
[ info ] [ ROUTE ] array (
  'type' => 'module',
  'module' => 
  array (
    0 => 'admin',
    1 => 'ajax',
    2 => 'getPlatformList',
  ),
)
[ info ] [ HEADER ] array (
  'content-length' => '0',
  'referer' => 'http://www.newkefu.com/',
  'connection' => 'close',
  'origin' => 'http://www.newkefu.com',
  'platform' => 'youyu',
  'token' => 'eyJ0eXAiOiJKV1QiLCJhbGciOiJIUzI1NiIsImp0aSI6ImxYWGluZyJ9.eyJpc3MiOiJhcGkubmV3a2VmdS5jb20iLCJqdGkiOiJsWFhpbmciLCJpYXQiOjE2NTU4Njk1MzgsImV4cCI6MTY1ODQ2MTUzOCwidWlkIjoxNDN9.YbCv2QvChcBuwl6xOECHGa8iXifOrvihxwSt7uN2uVk',
  'accept-encoding' => 'gzip, deflate',
  'accept-language' => 'zh-CN,zh;q=0.8,zh-TW;q=0.7,zh-HK;q=0.5,en-US;q=0.3,en;q=0.2',
  'accept' => 'application/json, text/javascript, */*; q=0.01',
  'user-agent' => 'Mozilla/5.0 (Windows NT 10.0; Win64; x64; rv:101.0) Gecko/20100101 Firefox/101.0',
  'host' => 'api.newkefu.com',
)
[ info ] [ PARAM ] array (
  '/admin/ajax/getPlatformList' => '',
)
[ info ] [ DB ] INIT mysql
[ info ] [ CACHE ] INIT redis
[ info ] [ DB ] INIT mysql
[ info ] [ DB ] INIT mysql
[ info ] [ RUN ] app\admin\controller\Ajax->getPlatformList[ D:\phpstudy_pro\WWW\new_kefu_online\application\admin\controller\Ajax.php ]
[ info ] [ LOG ] INIT File
[ sql ] [ DB ] CONNECT:[ UseTime:0.002149s ] mysql:host=127.0.0.1;port=3306;dbname=gr_chat;charset=utf8
[ sql ] [ SQL ] SHOW COLUMNS FROM `gr_menu_new` [ RunTime:0.003715s ]
[ sql ] [ SQL ] SELECT m.menu_id as id,`m`.`menu_name`,`m`.`p_id`,`m`.`controller`,`m`.`action`,`m`.`is_show`,`m`.`url`,`m`.`type` FROM `gr_menu_new` `m` ORDER BY `p_id` ASC,`sort` ASC,`id` ASC [ RunTime:0.003192s ]
---------------------------------------------------------------
[ 2022-06-28T10:12:22+08:00 ] 127.0.0.1 POST api.newkefu.com/admin/ajax/getGameProduct
[运行时间：0.160150s] [吞吐率：6.24req/s] [内存消耗：4,833.31kb] [文件加载：194]
[ info ] [ LANG ] D:\phpstudy_pro\WWW\new_kefu_online\thinkphp\lang\zh-cn.php
[ info ] [ ROUTE ] array (
  'type' => 'module',
  'module' => 
  array (
    0 => 'admin',
    1 => 'ajax',
    2 => 'getGameProduct',
  ),
)
[ info ] [ HEADER ] array (
  'content-length' => '0',
  'referer' => 'http://www.newkefu.com/',
  'connection' => 'close',
  'origin' => 'http://www.newkefu.com',
  'platform' => 'youyu',
  'token' => 'eyJ0eXAiOiJKV1QiLCJhbGciOiJIUzI1NiIsImp0aSI6ImxYWGluZyJ9.eyJpc3MiOiJhcGkubmV3a2VmdS5jb20iLCJqdGkiOiJsWFhpbmciLCJpYXQiOjE2NTU4Njk1MzgsImV4cCI6MTY1ODQ2MTUzOCwidWlkIjoxNDN9.YbCv2QvChcBuwl6xOECHGa8iXifOrvihxwSt7uN2uVk',
  'accept-encoding' => 'gzip, deflate',
  'accept-language' => 'zh-CN,zh;q=0.8,zh-TW;q=0.7,zh-HK;q=0.5,en-US;q=0.3,en;q=0.2',
  'accept' => 'application/json, text/javascript, */*; q=0.01',
  'user-agent' => 'Mozilla/5.0 (Windows NT 10.0; Win64; x64; rv:101.0) Gecko/20100101 Firefox/101.0',
  'host' => 'api.newkefu.com',
)
[ info ] [ PARAM ] array (
  '/admin/ajax/getGameProduct' => '',
)
[ info ] [ DB ] INIT mysql
[ info ] [ CACHE ] INIT redis
[ info ] [ DB ] INIT mysql
[ info ] [ RUN ] app\admin\controller\Ajax->getGameProduct[ D:\phpstudy_pro\WWW\new_kefu_online\application\admin\controller\Ajax.php ]
[ info ] [ LOG ] INIT File
[ sql ] [ DB ] CONNECT:[ UseTime:0.002994s ] mysql:host=127.0.0.1;port=3306;dbname=gr_chat;charset=utf8
[ sql ] [ SQL ] SHOW COLUMNS FROM `gr_menu_new` [ RunTime:0.001497s ]
[ sql ] [ SQL ] SELECT m.menu_id as id,`m`.`menu_name`,`m`.`p_id`,`m`.`controller`,`m`.`action`,`m`.`is_show`,`m`.`url`,`m`.`type` FROM `gr_menu_new` `m` ORDER BY `p_id` ASC,`sort` ASC,`id` ASC [ RunTime:0.000985s ]
---------------------------------------------------------------
[ 2022-06-28T10:12:23+08:00 ] 127.0.0.1 POST api.newkefu.com/admin/elastic_search_chat/getTypes
[运行时间：0.090292s] [吞吐率：11.08req/s] [内存消耗：4,691.61kb] [文件加载：195]
[ info ] [ LANG ] D:\phpstudy_pro\WWW\new_kefu_online\thinkphp\lang\zh-cn.php
[ info ] [ ROUTE ] array (
  'type' => 'module',
  'module' => 
  array (
    0 => 'admin',
    1 => 'elastic_search_chat',
    2 => 'getTypes',
  ),
)
[ info ] [ HEADER ] array (
  'content-length' => '0',
  'referer' => 'http://www.newkefu.com/',
  'connection' => 'close',
  'origin' => 'http://www.newkefu.com',
  'platform' => 'youyu',
  'token' => 'eyJ0eXAiOiJKV1QiLCJhbGciOiJIUzI1NiIsImp0aSI6ImxYWGluZyJ9.eyJpc3MiOiJhcGkubmV3a2VmdS5jb20iLCJqdGkiOiJsWFhpbmciLCJpYXQiOjE2NTU4Njk1MzgsImV4cCI6MTY1ODQ2MTUzOCwidWlkIjoxNDN9.YbCv2QvChcBuwl6xOECHGa8iXifOrvihxwSt7uN2uVk',
  'accept-encoding' => 'gzip, deflate',
  'accept-language' => 'zh-CN,zh;q=0.8,zh-TW;q=0.7,zh-HK;q=0.5,en-US;q=0.3,en;q=0.2',
  'accept' => 'application/json, text/javascript, */*; q=0.01',
  'user-agent' => 'Mozilla/5.0 (Windows NT 10.0; Win64; x64; rv:101.0) Gecko/20100101 Firefox/101.0',
  'host' => 'api.newkefu.com',
)
[ info ] [ PARAM ] array (
  '/admin/elastic_search_chat/getTypes' => '',
)
[ info ] [ DB ] INIT mysql
[ info ] [ CACHE ] INIT redis
[ info ] [ DB ] INIT mysql
[ info ] [ RUN ] app\admin\controller\ElasticSearchChat->getTypes[ D:\phpstudy_pro\WWW\new_kefu_online\application\admin\controller\ElasticSearchChat.php ]
[ info ] [ LOG ] INIT File
[ sql ] [ DB ] CONNECT:[ UseTime:0.001097s ] mysql:host=127.0.0.1;port=3306;dbname=gr_chat;charset=utf8
[ sql ] [ SQL ] SHOW COLUMNS FROM `gr_menu_new` [ RunTime:0.001311s ]
[ sql ] [ SQL ] SELECT m.menu_id as id,`m`.`menu_name`,`m`.`p_id`,`m`.`controller`,`m`.`action`,`m`.`is_show`,`m`.`url`,`m`.`type` FROM `gr_menu_new` `m` ORDER BY `p_id` ASC,`sort` ASC,`id` ASC [ RunTime:0.000954s ]
[ sql ] [ SQL ] SHOW COLUMNS FROM `gr_admin_log_n` [ RunTime:0.000719s ]
[ sql ] [ SQL ] INSERT INTO `gr_admin_log_n` (`ip` , `admin_id` , `url` , `data` , `controller` , `action` , `add_time`) VALUES ('127.0.0.1' , 143 , '/admin/elastic_search_chat/getTypes' , '\"{\\\"\\\\\\/admin\\\\\\/elastic_search_chat\\\\\\/getTypes\\\":\\\"\\\"}\"' , 'ElasticSearchChat' , 'getTypes' , 1656382343) [ RunTime:0.000568s ]
---------------------------------------------------------------
[ 2022-06-28T10:12:23+08:00 ] 127.0.0.1 GET api.newkefu.com/admin/elastic_search_chat/index?page=1&limit=20
[运行时间：0.090008s] [吞吐率：11.11req/s] [内存消耗：4,785.66kb] [文件加载：196]
[ info ] [ LANG ] D:\phpstudy_pro\WWW\new_kefu_online\thinkphp\lang\zh-cn.php
[ info ] [ ROUTE ] array (
  'type' => 'module',
  'module' => 
  array (
    0 => 'admin',
    1 => 'elastic_search_chat',
    2 => 'index',
  ),
)
[ info ] [ HEADER ] array (
  'referer' => 'http://www.newkefu.com/',
  'connection' => 'close',
  'origin' => 'http://www.newkefu.com',
  'platform' => 'youyu',
  'token' => 'eyJ0eXAiOiJKV1QiLCJhbGciOiJIUzI1NiIsImp0aSI6ImxYWGluZyJ9.eyJpc3MiOiJhcGkubmV3a2VmdS5jb20iLCJqdGkiOiJsWFhpbmciLCJpYXQiOjE2NTU4Njk1MzgsImV4cCI6MTY1ODQ2MTUzOCwidWlkIjoxNDN9.YbCv2QvChcBuwl6xOECHGa8iXifOrvihxwSt7uN2uVk',
  'accept-encoding' => 'gzip, deflate',
  'accept-language' => 'zh-CN,zh;q=0.8,zh-TW;q=0.7,zh-HK;q=0.5,en-US;q=0.3,en;q=0.2',
  'accept' => 'application/json, text/javascript, */*; q=0.01',
  'user-agent' => 'Mozilla/5.0 (Windows NT 10.0; Win64; x64; rv:101.0) Gecko/20100101 Firefox/101.0',
  'host' => 'api.newkefu.com',
)
[ info ] [ PARAM ] array (
  '/admin/elastic_search_chat/index' => '',
  'page' => '1',
  'limit' => '20',
)
[ info ] [ DB ] INIT mysql
[ info ] [ CACHE ] INIT redis
[ info ] [ DB ] INIT mysql
[ info ] [ RUN ] app\admin\controller\ElasticSearchChat->index[ D:\phpstudy_pro\WWW\new_kefu_online\application\admin\controller\ElasticSearchChat.php ]
[ info ] [ LOG ] INIT File
[ sql ] [ DB ] CONNECT:[ UseTime:0.001277s ] mysql:host=127.0.0.1;port=3306;dbname=gr_chat;charset=utf8
[ sql ] [ SQL ] SHOW COLUMNS FROM `gr_menu_new` [ RunTime:0.001017s ]
[ sql ] [ SQL ] SELECT m.menu_id as id,`m`.`menu_name`,`m`.`p_id`,`m`.`controller`,`m`.`action`,`m`.`is_show`,`m`.`url`,`m`.`type` FROM `gr_menu_new` `m` ORDER BY `p_id` ASC,`sort` ASC,`id` ASC [ RunTime:0.000928s ]
[ sql ] [ SQL ] SHOW COLUMNS FROM `gr_admin_log_n` [ RunTime:0.000878s ]
[ sql ] [ SQL ] INSERT INTO `gr_admin_log_n` (`ip` , `admin_id` , `url` , `data` , `controller` , `action` , `add_time`) VALUES ('127.0.0.1' , 143 , '/admin/elastic_search_chat/index?page=1&limit=20' , '\"{\\\"\\\\\\/admin\\\\\\/elastic_search_chat\\\\\\/index\\\":\\\"\\\",\\\"page\\\":\\\"1\\\",\\\"limit\\\":\\\"20\\\"}\"' , 'ElasticSearchChat' , 'index' , 1656382343) [ RunTime:0.000552s ]
---------------------------------------------------------------
[ 2022-06-28T10:13:29+08:00 ] 127.0.0.1 POST api.newkefu.com/admin/elastic_search_chat/index
[运行时间：0.097112s] [吞吐率：10.30req/s] [内存消耗：4,794.32kb] [文件加载：196]
[ info ] [ LANG ] D:\phpstudy_pro\WWW\new_kefu_online\thinkphp\lang\zh-cn.php
[ info ] [ ROUTE ] array (
  'type' => 'module',
  'module' => 
  array (
    0 => 'admin',
    1 => 'elastic_search_chat',
    2 => 'index',
  ),
)
[ info ] [ HEADER ] array (
  'referer' => 'http://www.newkefu.com/',
  'connection' => 'close',
  'origin' => 'http://www.newkefu.com',
  'content-length' => '196',
  'platform' => 'youyu',
  'token' => 'eyJ0eXAiOiJKV1QiLCJhbGciOiJIUzI1NiIsImp0aSI6ImxYWGluZyJ9.eyJpc3MiOiJhcGkubmV3a2VmdS5jb20iLCJqdGkiOiJsWFhpbmciLCJpYXQiOjE2NTU4Njk1MzgsImV4cCI6MTY1ODQ2MTUzOCwidWlkIjoxNDN9.YbCv2QvChcBuwl6xOECHGa8iXifOrvihxwSt7uN2uVk',
  'content-type' => 'application/x-www-form-urlencoded; charset=UTF-8',
  'accept-encoding' => 'gzip, deflate',
  'accept-language' => 'zh-CN,zh;q=0.8,zh-TW;q=0.7,zh-HK;q=0.5,en-US;q=0.3,en;q=0.2',
  'accept' => 'application/json, text/javascript, */*; q=0.01',
  'user-agent' => 'Mozilla/5.0 (Windows NT 10.0; Win64; x64; rv:101.0) Gecko/20100101 Firefox/101.0',
  'host' => 'api.newkefu.com',
)
[ info ] [ PARAM ] array (
  '/admin/elastic_search_chat/index' => '',
  'page' => '1',
  'limit' => '20',
  'tkey' => '',
  'game' => '',
  'type' => '',
  'keyword' => '',
  'uid' => '',
  'uname' => '',
  'sid' => '',
  'ip' => '',
  'imei' => '',
  'money_min' => '',
  'money_max' => '',
  'sdate' => '2022-06-28 00:00:00',
  'edate' => '2022-06-29 00:00:00',
  'level_min' => '',
  'level_max' => '',
  'sid_min' => '',
  'sid_max' => '',
  'ext' => '',
)
[ info ] [ DB ] INIT mysql
[ info ] [ CACHE ] INIT redis
[ info ] [ DB ] INIT mysql
[ info ] [ RUN ] app\admin\controller\ElasticSearchChat->index[ D:\phpstudy_pro\WWW\new_kefu_online\application\admin\controller\ElasticSearchChat.php ]
[ info ] [ LOG ] INIT File
[ sql ] [ DB ] CONNECT:[ UseTime:0.011426s ] mysql:host=127.0.0.1;port=3306;dbname=gr_chat;charset=utf8
[ sql ] [ SQL ] SHOW COLUMNS FROM `gr_menu_new` [ RunTime:0.000907s ]
[ sql ] [ SQL ] SELECT m.menu_id as id,`m`.`menu_name`,`m`.`p_id`,`m`.`controller`,`m`.`action`,`m`.`is_show`,`m`.`url`,`m`.`type` FROM `gr_menu_new` `m` ORDER BY `p_id` ASC,`sort` ASC,`id` ASC [ RunTime:0.000896s ]
[ sql ] [ SQL ] SHOW COLUMNS FROM `gr_admin_log_n` [ RunTime:0.000751s ]
[ sql ] [ SQL ] INSERT INTO `gr_admin_log_n` (`ip` , `admin_id` , `url` , `data` , `controller` , `action` , `add_time`) VALUES ('127.0.0.1' , 143 , '/admin/elastic_search_chat/index' , '\"{\\\"\\\\\\/admin\\\\\\/elastic_search_chat\\\\\\/index\\\":\\\"\\\",\\\"page\\\":\\\"1\\\",\\\"limit\\\":\\\"20\\\",\\\"tkey\\\":\\\"\\\",\\\"game\\\":\\\"\\\",\\\"type\\\":\\\"\\\",\\\"keyword\\\":\\\"\\\",\\\"uid\\\":\\\"\\\",\\\"uname\\\":\\\"\\\",\\\"sid\\\":\\\"\\\",\\\"ip\\\":\\\"\\\",\\\"imei\\\":\\\"\\\",\\\"money_min\\\":\\\"\\\",\\\"money_max\\\":\\\"\\\",\\\"sdate\\\":\\\"2022-06-28 00:00:00\\\",\\\"edate\\\":\\\"2022-06-29 00:00:00\\\",\\\"level_min\\\":\\\"\\\",\\\"level_max\\\":\\\"\\\",\\\"sid_min\\\":\\\"\\\",\\\"sid_max\\\":\\\"\\\",\\\"ext\\\":\\\"\\\"}\"' , 'ElasticSearchChat' , 'index' , 1656382409) [ RunTime:0.000401s ]
---------------------------------------------------------------
[ 2022-06-28T10:13:33+08:00 ] 127.0.0.1 POST api.newkefu.com/admin/elastic_search_chat/index
[运行时间：0.144867s] [吞吐率：6.90req/s] [内存消耗：10,648.66kb] [文件加载：261]
[ info ] [ LANG ] D:\phpstudy_pro\WWW\new_kefu_online\thinkphp\lang\zh-cn.php
[ info ] [ ROUTE ] array (
  'type' => 'module',
  'module' => 
  array (
    0 => 'admin',
    1 => 'elastic_search_chat',
    2 => 'index',
  ),
)
[ info ] [ HEADER ] array (
  'referer' => 'http://www.newkefu.com/',
  'connection' => 'close',
  'origin' => 'http://www.newkefu.com',
  'content-length' => '201',
  'platform' => 'youyu',
  'token' => 'eyJ0eXAiOiJKV1QiLCJhbGciOiJIUzI1NiIsImp0aSI6ImxYWGluZyJ9.eyJpc3MiOiJhcGkubmV3a2VmdS5jb20iLCJqdGkiOiJsWFhpbmciLCJpYXQiOjE2NTU4Njk1MzgsImV4cCI6MTY1ODQ2MTUzOCwidWlkIjoxNDN9.YbCv2QvChcBuwl6xOECHGa8iXifOrvihxwSt7uN2uVk',
  'content-type' => 'application/x-www-form-urlencoded; charset=UTF-8',
  'accept-encoding' => 'gzip, deflate',
  'accept-language' => 'zh-CN,zh;q=0.8,zh-TW;q=0.7,zh-HK;q=0.5,en-US;q=0.3,en;q=0.2',
  'accept' => 'application/json, text/javascript, */*; q=0.01',
  'user-agent' => 'Mozilla/5.0 (Windows NT 10.0; Win64; x64; rv:101.0) Gecko/20100101 Firefox/101.0',
  'host' => 'api.newkefu.com',
)
[ info ] [ PARAM ] array (
  '/admin/elastic_search_chat/index' => '',
  'page' => '1',
  'limit' => '20',
  'tkey' => 'youyu',
  'game' => '',
  'type' => '',
  'keyword' => '',
  'uid' => '',
  'uname' => '',
  'sid' => '',
  'ip' => '',
  'imei' => '',
  'money_min' => '',
  'money_max' => '',
  'sdate' => '2022-06-28 00:00:00',
  'edate' => '2022-06-29 00:00:00',
  'level_min' => '',
  'level_max' => '',
  'sid_min' => '',
  'sid_max' => '',
  'ext' => '',
)
[ info ] [ DB ] INIT mysql
[ info ] [ CACHE ] INIT redis
[ info ] [ DB ] INIT mysql
[ info ] [ RUN ] app\admin\controller\ElasticSearchChat->index[ D:\phpstudy_pro\WWW\new_kefu_online\application\admin\controller\ElasticSearchChat.php ]
[ info ] [ LOG ] INIT File
[ sql ] [ DB ] CONNECT:[ UseTime:0.001144s ] mysql:host=127.0.0.1;port=3306;dbname=gr_chat;charset=utf8
[ sql ] [ SQL ] SHOW COLUMNS FROM `gr_menu_new` [ RunTime:0.000697s ]
[ sql ] [ SQL ] SELECT m.menu_id as id,`m`.`menu_name`,`m`.`p_id`,`m`.`controller`,`m`.`action`,`m`.`is_show`,`m`.`url`,`m`.`type` FROM `gr_menu_new` `m` ORDER BY `p_id` ASC,`sort` ASC,`id` ASC [ RunTime:0.000885s ]
[ sql ] [ SQL ] SHOW COLUMNS FROM `gr_admin_log_n` [ RunTime:0.000640s ]
[ sql ] [ SQL ] INSERT INTO `gr_admin_log_n` (`ip` , `admin_id` , `url` , `data` , `controller` , `action` , `add_time`) VALUES ('127.0.0.1' , 143 , '/admin/elastic_search_chat/index' , '\"{\\\"\\\\\\/admin\\\\\\/elastic_search_chat\\\\\\/index\\\":\\\"\\\",\\\"page\\\":\\\"1\\\",\\\"limit\\\":\\\"20\\\",\\\"tkey\\\":\\\"youyu\\\",\\\"game\\\":\\\"\\\",\\\"type\\\":\\\"\\\",\\\"keyword\\\":\\\"\\\",\\\"uid\\\":\\\"\\\",\\\"uname\\\":\\\"\\\",\\\"sid\\\":\\\"\\\",\\\"ip\\\":\\\"\\\",\\\"imei\\\":\\\"\\\",\\\"money_min\\\":\\\"\\\",\\\"money_max\\\":\\\"\\\",\\\"sdate\\\":\\\"2022-06-28 00:00:00\\\",\\\"edate\\\":\\\"2022-06-29 00:00:00\\\",\\\"level_min\\\":\\\"\\\",\\\"level_max\\\":\\\"\\\",\\\"sid_min\\\":\\\"\\\",\\\"sid_max\\\":\\\"\\\",\\\"ext\\\":\\\"\\\"}\"' , 'ElasticSearchChat' , 'index' , 1656382413) [ RunTime:0.000422s ]
[ error ] [8]未定义数组索引: total[D:\phpstudy_pro\WWW\new_kefu_online\common\server\ElasticSearchChat\ElasticSearchChatServer.php:183]
---------------------------------------------------------------
[ 2022-06-28T10:13:39+08:00 ] 127.0.0.1 POST api.newkefu.com/admin/elastic_search_chat/index
[运行时间：0.152086s] [吞吐率：6.58req/s] [内存消耗：10,648.94kb] [文件加载：261]
[ info ] [ LANG ] D:\phpstudy_pro\WWW\new_kefu_online\thinkphp\lang\zh-cn.php
[ info ] [ ROUTE ] array (
  'type' => 'module',
  'module' => 
  array (
    0 => 'admin',
    1 => 'elastic_search_chat',
    2 => 'index',
  ),
)
[ info ] [ HEADER ] array (
  'cache-control' => 'no-cache',
  'pragma' => 'no-cache',
  'referer' => 'http://www.newkefu.com/',
  'connection' => 'close',
  'origin' => 'http://www.newkefu.com',
  'content-length' => '201',
  'platform' => 'youyu',
  'token' => 'eyJ0eXAiOiJKV1QiLCJhbGciOiJIUzI1NiIsImp0aSI6ImxYWGluZyJ9.eyJpc3MiOiJhcGkubmV3a2VmdS5jb20iLCJqdGkiOiJsWFhpbmciLCJpYXQiOjE2NTU4Njk1MzgsImV4cCI6MTY1ODQ2MTUzOCwidWlkIjoxNDN9.YbCv2QvChcBuwl6xOECHGa8iXifOrvihxwSt7uN2uVk',
  'content-type' => 'application/x-www-form-urlencoded; charset=UTF-8',
  'accept-encoding' => 'gzip, deflate',
  'accept-language' => 'zh-CN,zh;q=0.8,zh-TW;q=0.7,zh-HK;q=0.5,en-US;q=0.3,en;q=0.2',
  'accept' => 'application/json, text/javascript, */*; q=0.01',
  'user-agent' => 'Mozilla/5.0 (Windows NT 10.0; Win64; x64; rv:101.0) Gecko/20100101 Firefox/101.0',
  'host' => 'api.newkefu.com',
)
[ info ] [ PARAM ] array (
  '/admin/elastic_search_chat/index' => '',
  'page' => '1',
  'limit' => '20',
  'tkey' => 'youyu',
  'game' => '',
  'type' => '',
  'keyword' => '',
  'uid' => '',
  'uname' => '',
  'sid' => '',
  'ip' => '',
  'imei' => '',
  'money_min' => '',
  'money_max' => '',
  'sdate' => '2022-06-28 00:00:00',
  'edate' => '2022-06-29 00:00:00',
  'level_min' => '',
  'level_max' => '',
  'sid_min' => '',
  'sid_max' => '',
  'ext' => '',
)
[ info ] [ DB ] INIT mysql
[ info ] [ CACHE ] INIT redis
[ info ] [ DB ] INIT mysql
[ info ] [ RUN ] app\admin\controller\ElasticSearchChat->index[ D:\phpstudy_pro\WWW\new_kefu_online\application\admin\controller\ElasticSearchChat.php ]
[ info ] [ LOG ] INIT File
[ sql ] [ DB ] CONNECT:[ UseTime:0.001483s ] mysql:host=127.0.0.1;port=3306;dbname=gr_chat;charset=utf8
[ sql ] [ SQL ] SHOW COLUMNS FROM `gr_menu_new` [ RunTime:0.000863s ]
[ sql ] [ SQL ] SELECT m.menu_id as id,`m`.`menu_name`,`m`.`p_id`,`m`.`controller`,`m`.`action`,`m`.`is_show`,`m`.`url`,`m`.`type` FROM `gr_menu_new` `m` ORDER BY `p_id` ASC,`sort` ASC,`id` ASC [ RunTime:0.000846s ]
[ sql ] [ SQL ] SHOW COLUMNS FROM `gr_admin_log_n` [ RunTime:0.000967s ]
[ sql ] [ SQL ] INSERT INTO `gr_admin_log_n` (`ip` , `admin_id` , `url` , `data` , `controller` , `action` , `add_time`) VALUES ('127.0.0.1' , 143 , '/admin/elastic_search_chat/index' , '\"{\\\"\\\\\\/admin\\\\\\/elastic_search_chat\\\\\\/index\\\":\\\"\\\",\\\"page\\\":\\\"1\\\",\\\"limit\\\":\\\"20\\\",\\\"tkey\\\":\\\"youyu\\\",\\\"game\\\":\\\"\\\",\\\"type\\\":\\\"\\\",\\\"keyword\\\":\\\"\\\",\\\"uid\\\":\\\"\\\",\\\"uname\\\":\\\"\\\",\\\"sid\\\":\\\"\\\",\\\"ip\\\":\\\"\\\",\\\"imei\\\":\\\"\\\",\\\"money_min\\\":\\\"\\\",\\\"money_max\\\":\\\"\\\",\\\"sdate\\\":\\\"2022-06-28 00:00:00\\\",\\\"edate\\\":\\\"2022-06-29 00:00:00\\\",\\\"level_min\\\":\\\"\\\",\\\"level_max\\\":\\\"\\\",\\\"sid_min\\\":\\\"\\\",\\\"sid_max\\\":\\\"\\\",\\\"ext\\\":\\\"\\\"}\"' , 'ElasticSearchChat' , 'index' , 1656382418) [ RunTime:0.000442s ]
[ error ] [8]未定义数组索引: total[D:\phpstudy_pro\WWW\new_kefu_online\common\server\ElasticSearchChat\ElasticSearchChatServer.php:183]
---------------------------------------------------------------
[ 2022-06-28T10:14:02+08:00 ] 127.0.0.1 POST api.newkefu.com/admin/elastic_search_chat/index
[运行时间：0.133424s] [吞吐率：7.49req/s] [内存消耗：10,606.16kb] [文件加载：258]
[ info ] [ LANG ] D:\phpstudy_pro\WWW\new_kefu_online\thinkphp\lang\zh-cn.php
[ info ] [ ROUTE ] array (
  'type' => 'module',
  'module' => 
  array (
    0 => 'admin',
    1 => 'elastic_search_chat',
    2 => 'index',
  ),
)
[ info ] [ HEADER ] array (
  'cache-control' => 'no-cache',
  'pragma' => 'no-cache',
  'referer' => 'http://www.newkefu.com/',
  'connection' => 'close',
  'origin' => 'http://www.newkefu.com',
  'content-length' => '201',
  'platform' => 'youyu',
  'token' => 'eyJ0eXAiOiJKV1QiLCJhbGciOiJIUzI1NiIsImp0aSI6ImxYWGluZyJ9.eyJpc3MiOiJhcGkubmV3a2VmdS5jb20iLCJqdGkiOiJsWFhpbmciLCJpYXQiOjE2NTU4Njk1MzgsImV4cCI6MTY1ODQ2MTUzOCwidWlkIjoxNDN9.YbCv2QvChcBuwl6xOECHGa8iXifOrvihxwSt7uN2uVk',
  'content-type' => 'application/x-www-form-urlencoded; charset=UTF-8',
  'accept-encoding' => 'gzip, deflate',
  'accept-language' => 'zh-CN,zh;q=0.8,zh-TW;q=0.7,zh-HK;q=0.5,en-US;q=0.3,en;q=0.2',
  'accept' => 'application/json, text/javascript, */*; q=0.01',
  'user-agent' => 'Mozilla/5.0 (Windows NT 10.0; Win64; x64; rv:101.0) Gecko/20100101 Firefox/101.0',
  'host' => 'api.newkefu.com',
)
[ info ] [ PARAM ] array (
  '/admin/elastic_search_chat/index' => '',
  'page' => '1',
  'limit' => '20',
  'tkey' => 'youyu',
  'game' => '',
  'type' => '',
  'keyword' => '',
  'uid' => '',
  'uname' => '',
  'sid' => '',
  'ip' => '',
  'imei' => '',
  'money_min' => '',
  'money_max' => '',
  'sdate' => '2022-06-28 00:00:00',
  'edate' => '2022-06-29 00:00:00',
  'level_min' => '',
  'level_max' => '',
  'sid_min' => '',
  'sid_max' => '',
  'ext' => '',
)
[ info ] [ DB ] INIT mysql
[ info ] [ CACHE ] INIT redis
[ info ] [ DB ] INIT mysql
[ info ] [ RUN ] app\admin\controller\ElasticSearchChat->index[ D:\phpstudy_pro\WWW\new_kefu_online\application\admin\controller\ElasticSearchChat.php ]
[ info ] [ LOG ] INIT File
[ sql ] [ DB ] CONNECT:[ UseTime:0.001118s ] mysql:host=127.0.0.1;port=3306;dbname=gr_chat;charset=utf8
[ sql ] [ SQL ] SHOW COLUMNS FROM `gr_menu_new` [ RunTime:0.001099s ]
[ sql ] [ SQL ] SELECT m.menu_id as id,`m`.`menu_name`,`m`.`p_id`,`m`.`controller`,`m`.`action`,`m`.`is_show`,`m`.`url`,`m`.`type` FROM `gr_menu_new` `m` ORDER BY `p_id` ASC,`sort` ASC,`id` ASC [ RunTime:0.000807s ]
[ sql ] [ SQL ] SHOW COLUMNS FROM `gr_admin_log_n` [ RunTime:0.000723s ]
[ sql ] [ SQL ] INSERT INTO `gr_admin_log_n` (`ip` , `admin_id` , `url` , `data` , `controller` , `action` , `add_time`) VALUES ('127.0.0.1' , 143 , '/admin/elastic_search_chat/index' , '\"{\\\"\\\\\\/admin\\\\\\/elastic_search_chat\\\\\\/index\\\":\\\"\\\",\\\"page\\\":\\\"1\\\",\\\"limit\\\":\\\"20\\\",\\\"tkey\\\":\\\"youyu\\\",\\\"game\\\":\\\"\\\",\\\"type\\\":\\\"\\\",\\\"keyword\\\":\\\"\\\",\\\"uid\\\":\\\"\\\",\\\"uname\\\":\\\"\\\",\\\"sid\\\":\\\"\\\",\\\"ip\\\":\\\"\\\",\\\"imei\\\":\\\"\\\",\\\"money_min\\\":\\\"\\\",\\\"money_max\\\":\\\"\\\",\\\"sdate\\\":\\\"2022-06-28 00:00:00\\\",\\\"edate\\\":\\\"2022-06-29 00:00:00\\\",\\\"level_min\\\":\\\"\\\",\\\"level_max\\\":\\\"\\\",\\\"sid_min\\\":\\\"\\\",\\\"sid_max\\\":\\\"\\\",\\\"ext\\\":\\\"\\\"}\"' , 'ElasticSearchChat' , 'index' , 1656382442) [ RunTime:0.000455s ]
---------------------------------------------------------------
[ 2022-06-28T10:14:16+08:00 ] 127.0.0.1 POST api.newkefu.com/admin/elastic_search_chat/index
[运行时间：0.115596s] [吞吐率：8.65req/s] [内存消耗：10,606.16kb] [文件加载：258]
[ info ] [ LANG ] D:\phpstudy_pro\WWW\new_kefu_online\thinkphp\lang\zh-cn.php
[ info ] [ ROUTE ] array (
  'type' => 'module',
  'module' => 
  array (
    0 => 'admin',
    1 => 'elastic_search_chat',
    2 => 'index',
  ),
)
[ info ] [ HEADER ] array (
  'cache-control' => 'no-cache',
  'pragma' => 'no-cache',
  'referer' => 'http://www.newkefu.com/',
  'connection' => 'close',
  'origin' => 'http://www.newkefu.com',
  'content-length' => '201',
  'platform' => 'youyu',
  'token' => 'eyJ0eXAiOiJKV1QiLCJhbGciOiJIUzI1NiIsImp0aSI6ImxYWGluZyJ9.eyJpc3MiOiJhcGkubmV3a2VmdS5jb20iLCJqdGkiOiJsWFhpbmciLCJpYXQiOjE2NTU4Njk1MzgsImV4cCI6MTY1ODQ2MTUzOCwidWlkIjoxNDN9.YbCv2QvChcBuwl6xOECHGa8iXifOrvihxwSt7uN2uVk',
  'content-type' => 'application/x-www-form-urlencoded; charset=UTF-8',
  'accept-encoding' => 'gzip, deflate',
  'accept-language' => 'zh-CN,zh;q=0.8,zh-TW;q=0.7,zh-HK;q=0.5,en-US;q=0.3,en;q=0.2',
  'accept' => 'application/json, text/javascript, */*; q=0.01',
  'user-agent' => 'Mozilla/5.0 (Windows NT 10.0; Win64; x64; rv:101.0) Gecko/20100101 Firefox/101.0',
  'host' => 'api.newkefu.com',
)
[ info ] [ PARAM ] array (
  '/admin/elastic_search_chat/index' => '',
  'page' => '1',
  'limit' => '20',
  'tkey' => 'youyu',
  'game' => '',
  'type' => '',
  'keyword' => '',
  'uid' => '',
  'uname' => '',
  'sid' => '',
  'ip' => '',
  'imei' => '',
  'money_min' => '',
  'money_max' => '',
  'sdate' => '2022-06-28 00:00:00',
  'edate' => '2022-06-29 00:00:00',
  'level_min' => '',
  'level_max' => '',
  'sid_min' => '',
  'sid_max' => '',
  'ext' => '',
)
[ info ] [ DB ] INIT mysql
[ info ] [ CACHE ] INIT redis
[ info ] [ DB ] INIT mysql
[ info ] [ RUN ] app\admin\controller\ElasticSearchChat->index[ D:\phpstudy_pro\WWW\new_kefu_online\application\admin\controller\ElasticSearchChat.php ]
[ info ] [ LOG ] INIT File
[ sql ] [ DB ] CONNECT:[ UseTime:0.001149s ] mysql:host=127.0.0.1;port=3306;dbname=gr_chat;charset=utf8
[ sql ] [ SQL ] SHOW COLUMNS FROM `gr_menu_new` [ RunTime:0.000847s ]
[ sql ] [ SQL ] SELECT m.menu_id as id,`m`.`menu_name`,`m`.`p_id`,`m`.`controller`,`m`.`action`,`m`.`is_show`,`m`.`url`,`m`.`type` FROM `gr_menu_new` `m` ORDER BY `p_id` ASC,`sort` ASC,`id` ASC [ RunTime:0.000870s ]
[ sql ] [ SQL ] SHOW COLUMNS FROM `gr_admin_log_n` [ RunTime:0.000593s ]
[ sql ] [ SQL ] INSERT INTO `gr_admin_log_n` (`ip` , `admin_id` , `url` , `data` , `controller` , `action` , `add_time`) VALUES ('127.0.0.1' , 143 , '/admin/elastic_search_chat/index' , '\"{\\\"\\\\\\/admin\\\\\\/elastic_search_chat\\\\\\/index\\\":\\\"\\\",\\\"page\\\":\\\"1\\\",\\\"limit\\\":\\\"20\\\",\\\"tkey\\\":\\\"youyu\\\",\\\"game\\\":\\\"\\\",\\\"type\\\":\\\"\\\",\\\"keyword\\\":\\\"\\\",\\\"uid\\\":\\\"\\\",\\\"uname\\\":\\\"\\\",\\\"sid\\\":\\\"\\\",\\\"ip\\\":\\\"\\\",\\\"imei\\\":\\\"\\\",\\\"money_min\\\":\\\"\\\",\\\"money_max\\\":\\\"\\\",\\\"sdate\\\":\\\"2022-06-28 00:00:00\\\",\\\"edate\\\":\\\"2022-06-29 00:00:00\\\",\\\"level_min\\\":\\\"\\\",\\\"level_max\\\":\\\"\\\",\\\"sid_min\\\":\\\"\\\",\\\"sid_max\\\":\\\"\\\",\\\"ext\\\":\\\"\\\"}\"' , 'ElasticSearchChat' , 'index' , 1656382456) [ RunTime:0.000373s ]
---------------------------------------------------------------
[ 2022-06-28T10:18:29+08:00 ] 127.0.0.1 GET api.newkefu.com/admin/sensitive/index?page=1&limit=10
[运行时间：0.108075s] [吞吐率：9.25req/s] [内存消耗：4,780.65kb] [文件加载：200]
[ info ] [ LANG ] D:\phpstudy_pro\WWW\new_kefu_online\thinkphp\lang\zh-cn.php
[ info ] [ ROUTE ] array (
  'type' => 'module',
  'module' => 
  array (
    0 => 'admin',
    1 => 'sensitive',
    2 => 'index',
  ),
)
[ info ] [ HEADER ] array (
  'referer' => 'http://www.newkefu.com/',
  'connection' => 'close',
  'origin' => 'http://www.newkefu.com',
  'platform' => 'youyu',
  'token' => 'eyJ0eXAiOiJKV1QiLCJhbGciOiJIUzI1NiIsImp0aSI6ImxYWGluZyJ9.eyJpc3MiOiJhcGkubmV3a2VmdS5jb20iLCJqdGkiOiJsWFhpbmciLCJpYXQiOjE2NTU4Njk1MzgsImV4cCI6MTY1ODQ2MTUzOCwidWlkIjoxNDN9.YbCv2QvChcBuwl6xOECHGa8iXifOrvihxwSt7uN2uVk',
  'accept-encoding' => 'gzip, deflate',
  'accept-language' => 'zh-CN,zh;q=0.8,zh-TW;q=0.7,zh-HK;q=0.5,en-US;q=0.3,en;q=0.2',
  'accept' => 'application/json, text/javascript, */*; q=0.01',
  'user-agent' => 'Mozilla/5.0 (Windows NT 10.0; Win64; x64; rv:101.0) Gecko/20100101 Firefox/101.0',
  'host' => 'api.newkefu.com',
)
[ info ] [ PARAM ] array (
  '/admin/sensitive/index' => '',
  'page' => '1',
  'limit' => '10',
)
[ info ] [ DB ] INIT mysql
[ info ] [ CACHE ] INIT redis
[ info ] [ DB ] INIT mysql
[ info ] [ RUN ] app\admin\controller\Sensitive->index[ D:\phpstudy_pro\WWW\new_kefu_online\application\admin\controller\Sensitive.php ]
[ info ] [ LOG ] INIT File
[ sql ] [ DB ] CONNECT:[ UseTime:0.001049s ] mysql:host=127.0.0.1;port=3306;dbname=gr_chat;charset=utf8
[ sql ] [ SQL ] SHOW COLUMNS FROM `gr_menu_new` [ RunTime:0.000692s ]
[ sql ] [ SQL ] SELECT m.menu_id as id,`m`.`menu_name`,`m`.`p_id`,`m`.`controller`,`m`.`action`,`m`.`is_show`,`m`.`url`,`m`.`type` FROM `gr_menu_new` `m` ORDER BY `p_id` ASC,`sort` ASC,`id` ASC [ RunTime:0.000853s ]
[ sql ] [ SQL ] SHOW COLUMNS FROM `gr_admin_log_n` [ RunTime:0.001126s ]
[ sql ] [ SQL ] INSERT INTO `gr_admin_log_n` (`ip` , `admin_id` , `url` , `data` , `controller` , `action` , `add_time`) VALUES ('127.0.0.1' , 143 , '/admin/sensitive/index?page=1&limit=10' , '\"{\\\"\\\\\\/admin\\\\\\/sensitive\\\\\\/index\\\":\\\"\\\",\\\"page\\\":\\\"1\\\",\\\"limit\\\":\\\"10\\\"}\"' , 'Sensitive' , 'index' , 1656382709) [ RunTime:0.000423s ]
---------------------------------------------------------------
[ 2022-06-28T10:19:49+08:00 ] 127.0.0.1 POST api.newkefu.com/admin/ajax/getGameProduct
[运行时间：0.099983s] [吞吐率：10.00req/s] [内存消耗：4,833.71kb] [文件加载：194]
[ info ] [ LANG ] D:\phpstudy_pro\WWW\new_kefu_online\thinkphp\lang\zh-cn.php
[ info ] [ ROUTE ] array (
  'type' => 'module',
  'module' => 
  array (
    0 => 'admin',
    1 => 'ajax',
    2 => 'getGameProduct',
  ),
)
[ info ] [ HEADER ] array (
  'content-length' => '0',
  'cache-control' => 'no-cache',
  'pragma' => 'no-cache',
  'referer' => 'http://www.newkefu.com/',
  'connection' => 'close',
  'origin' => 'http://www.newkefu.com',
  'platform' => 'youyu',
  'token' => 'eyJ0eXAiOiJKV1QiLCJhbGciOiJIUzI1NiIsImp0aSI6ImxYWGluZyJ9.eyJpc3MiOiJhcGkubmV3a2VmdS5jb20iLCJqdGkiOiJsWFhpbmciLCJpYXQiOjE2NTU4Njk1MzgsImV4cCI6MTY1ODQ2MTUzOCwidWlkIjoxNDN9.YbCv2QvChcBuwl6xOECHGa8iXifOrvihxwSt7uN2uVk',
  'accept-encoding' => 'gzip, deflate',
  'accept-language' => 'zh-CN,zh;q=0.8,zh-TW;q=0.7,zh-HK;q=0.5,en-US;q=0.3,en;q=0.2',
  'accept' => 'application/json, text/javascript, */*; q=0.01',
  'user-agent' => 'Mozilla/5.0 (Windows NT 10.0; Win64; x64; rv:101.0) Gecko/20100101 Firefox/101.0',
  'host' => 'api.newkefu.com',
)
[ info ] [ PARAM ] array (
  '/admin/ajax/getGameProduct' => '',
)
[ info ] [ DB ] INIT mysql
[ info ] [ CACHE ] INIT redis
[ info ] [ DB ] INIT mysql
[ info ] [ RUN ] app\admin\controller\Ajax->getGameProduct[ D:\phpstudy_pro\WWW\new_kefu_online\application\admin\controller\Ajax.php ]
[ info ] [ LOG ] INIT File
[ sql ] [ DB ] CONNECT:[ UseTime:0.001304s ] mysql:host=127.0.0.1;port=3306;dbname=gr_chat;charset=utf8
[ sql ] [ SQL ] SHOW COLUMNS FROM `gr_menu_new` [ RunTime:0.000605s ]
[ sql ] [ SQL ] SELECT m.menu_id as id,`m`.`menu_name`,`m`.`p_id`,`m`.`controller`,`m`.`action`,`m`.`is_show`,`m`.`url`,`m`.`type` FROM `gr_menu_new` `m` ORDER BY `p_id` ASC,`sort` ASC,`id` ASC [ RunTime:0.000816s ]
---------------------------------------------------------------
[ 2022-06-28T10:19:49+08:00 ] 127.0.0.1 GET api.newkefu.com/admin/sensitive/index?page=1&limit=10
[运行时间：0.116038s] [吞吐率：8.62req/s] [内存消耗：4,781.05kb] [文件加载：200]
[ info ] [ LANG ] D:\phpstudy_pro\WWW\new_kefu_online\thinkphp\lang\zh-cn.php
[ info ] [ ROUTE ] array (
  'type' => 'module',
  'module' => 
  array (
    0 => 'admin',
    1 => 'sensitive',
    2 => 'index',
  ),
)
[ info ] [ HEADER ] array (
  'cache-control' => 'no-cache',
  'pragma' => 'no-cache',
  'referer' => 'http://www.newkefu.com/',
  'connection' => 'close',
  'origin' => 'http://www.newkefu.com',
  'platform' => 'youyu',
  'token' => 'eyJ0eXAiOiJKV1QiLCJhbGciOiJIUzI1NiIsImp0aSI6ImxYWGluZyJ9.eyJpc3MiOiJhcGkubmV3a2VmdS5jb20iLCJqdGkiOiJsWFhpbmciLCJpYXQiOjE2NTU4Njk1MzgsImV4cCI6MTY1ODQ2MTUzOCwidWlkIjoxNDN9.YbCv2QvChcBuwl6xOECHGa8iXifOrvihxwSt7uN2uVk',
  'accept-encoding' => 'gzip, deflate',
  'accept-language' => 'zh-CN,zh;q=0.8,zh-TW;q=0.7,zh-HK;q=0.5,en-US;q=0.3,en;q=0.2',
  'accept' => 'application/json, text/javascript, */*; q=0.01',
  'user-agent' => 'Mozilla/5.0 (Windows NT 10.0; Win64; x64; rv:101.0) Gecko/20100101 Firefox/101.0',
  'host' => 'api.newkefu.com',
)
[ info ] [ PARAM ] array (
  '/admin/sensitive/index' => '',
  'page' => '1',
  'limit' => '10',
)
[ info ] [ DB ] INIT mysql
[ info ] [ CACHE ] INIT redis
[ info ] [ DB ] INIT mysql
[ info ] [ RUN ] app\admin\controller\Sensitive->index[ D:\phpstudy_pro\WWW\new_kefu_online\application\admin\controller\Sensitive.php ]
[ info ] [ LOG ] INIT File
[ sql ] [ DB ] CONNECT:[ UseTime:0.001098s ] mysql:host=127.0.0.1;port=3306;dbname=gr_chat;charset=utf8
[ sql ] [ SQL ] SHOW COLUMNS FROM `gr_menu_new` [ RunTime:0.000673s ]
[ sql ] [ SQL ] SELECT m.menu_id as id,`m`.`menu_name`,`m`.`p_id`,`m`.`controller`,`m`.`action`,`m`.`is_show`,`m`.`url`,`m`.`type` FROM `gr_menu_new` `m` ORDER BY `p_id` ASC,`sort` ASC,`id` ASC [ RunTime:0.000772s ]
[ sql ] [ SQL ] SHOW COLUMNS FROM `gr_admin_log_n` [ RunTime:0.000820s ]
[ sql ] [ SQL ] INSERT INTO `gr_admin_log_n` (`ip` , `admin_id` , `url` , `data` , `controller` , `action` , `add_time`) VALUES ('127.0.0.1' , 143 , '/admin/sensitive/index?page=1&limit=10' , '\"{\\\"\\\\\\/admin\\\\\\/sensitive\\\\\\/index\\\":\\\"\\\",\\\"page\\\":\\\"1\\\",\\\"limit\\\":\\\"10\\\"}\"' , 'Sensitive' , 'index' , 1656382789) [ RunTime:0.000395s ]
