---------------------------------------------------------------
[ 2022-06-30T11:30:22+08:00 ] 127.0.0.1 GET api.newkefu.com/scripts/scripts/run
[运行时间：0.166184s] [吞吐率：6.02req/s] [内存消耗：4,102.05kb] [文件加载：173]
[ info ] [ LANG ] D:\phpstudy_pro\WWW\new_kefu_online\thinkphp\lang\zh-cn.php
[ info ] [ ROUTE ] array (
  'type' => 'module',
  'module' => 
  array (
    0 => 'scripts',
    1 => 'scripts',
    2 => 'run',
  ),
)
[ info ] [ HEADER ] array (
  'upgrade-insecure-requests' => '1',
  'connection' => 'close',
  'accept-encoding' => 'gzip, deflate',
  'accept-language' => 'zh-CN,zh;q=0.8,zh-TW;q=0.7,zh-HK;q=0.5,en-US;q=0.3,en;q=0.2',
  'accept' => 'text/html,application/xhtml+xml,application/xml;q=0.9,image/avif,image/webp,*/*;q=0.8',
  'user-agent' => 'Mozilla/5.0 (Windows NT 10.0; Win64; x64; rv:101.0) Gecko/20100101 Firefox/101.0',
  'host' => 'api.newkefu.com',
)
[ info ] [ PARAM ] array (
  '/scripts/scripts/run' => '',
)
[ info ] [ CACHE ] INIT redis
[ info ] [ DB ] INIT mysql
[ info ] [ RUN ] app\scripts\controller\Scripts->run[ D:\phpstudy_pro\WWW\new_kefu_online\application\scripts\controller\Scripts.php ]
[ info ] [ LOG ] INIT File
---------------------------------------------------------------
[ 2022-06-30T11:30:44+08:00 ] 127.0.0.1 GET api.newkefu.com/scripts/scripts/run
[运行时间：0.079376s] [吞吐率：12.60req/s] [内存消耗：2,853.34kb] [文件加载：162]
[ info ] [ LANG ] D:\phpstudy_pro\WWW\new_kefu_online\thinkphp\lang\zh-cn.php
[ info ] [ ROUTE ] array (
  'type' => 'module',
  'module' => 
  array (
    0 => 'scripts',
    1 => 'scripts',
    2 => 'run',
  ),
)
[ info ] [ HEADER ] array (
  'upgrade-insecure-requests' => '1',
  'connection' => 'close',
  'accept-encoding' => 'gzip, deflate',
  'accept-language' => 'zh-CN,zh;q=0.8,zh-TW;q=0.7,zh-HK;q=0.5,en-US;q=0.3,en;q=0.2',
  'accept' => 'text/html,application/xhtml+xml,application/xml;q=0.9,image/avif,image/webp,*/*;q=0.8',
  'user-agent' => 'Mozilla/5.0 (Windows NT 10.0; Win64; x64; rv:101.0) Gecko/20100101 Firefox/101.0',
  'host' => 'api.newkefu.com',
)
[ info ] [ PARAM ] array (
  '/scripts/scripts/run' => '',
)
[ info ] [ CACHE ] INIT redis
[ info ] [ RUN ] app\scripts\controller\Scripts->run[ D:\phpstudy_pro\WWW\new_kefu_online\application\scripts\controller\Scripts.php ]
[ info ] [ LOG ] INIT File
---------------------------------------------------------------
[ 2022-06-30T11:30:51+08:00 ] 127.0.0.1 GET api.newkefu.com/scripts/scripts/run
[运行时间：0.060711s] [吞吐率：16.47req/s] [内存消耗：2,854.07kb] [文件加载：162]
[ info ] [ LANG ] D:\phpstudy_pro\WWW\new_kefu_online\thinkphp\lang\zh-cn.php
[ info ] [ ROUTE ] array (
  'type' => 'module',
  'module' => 
  array (
    0 => 'scripts',
    1 => 'scripts',
    2 => 'run',
  ),
)
[ info ] [ HEADER ] array (
  'upgrade-insecure-requests' => '1',
  'connection' => 'close',
  'accept-encoding' => 'gzip, deflate',
  'accept-language' => 'zh-CN,zh;q=0.8,zh-TW;q=0.7,zh-HK;q=0.5,en-US;q=0.3,en;q=0.2',
  'accept' => 'text/html,application/xhtml+xml,application/xml;q=0.9,image/avif,image/webp,*/*;q=0.8',
  'user-agent' => 'Mozilla/5.0 (Windows NT 10.0; Win64; x64; rv:101.0) Gecko/20100101 Firefox/101.0',
  'host' => 'api.newkefu.com',
)
[ info ] [ PARAM ] array (
  '/scripts/scripts/run' => '',
)
[ info ] [ CACHE ] INIT redis
[ info ] [ RUN ] app\scripts\controller\Scripts->run[ D:\phpstudy_pro\WWW\new_kefu_online\application\scripts\controller\Scripts.php ]
[ info ] [ LOG ] INIT File
---------------------------------------------------------------
[ 2022-06-30T11:31:58+08:00 ] 127.0.0.1 GET api.newkefu.com/scripts/scripts/run
[运行时间：0.061117s] [吞吐率：16.36req/s] [内存消耗：2,853.68kb] [文件加载：162]
[ info ] [ LANG ] D:\phpstudy_pro\WWW\new_kefu_online\thinkphp\lang\zh-cn.php
[ info ] [ ROUTE ] array (
  'type' => 'module',
  'module' => 
  array (
    0 => 'scripts',
    1 => 'scripts',
    2 => 'run',
  ),
)
[ info ] [ HEADER ] array (
  'upgrade-insecure-requests' => '1',
  'connection' => 'close',
  'accept-encoding' => 'gzip, deflate',
  'accept-language' => 'zh-CN,zh;q=0.8,zh-TW;q=0.7,zh-HK;q=0.5,en-US;q=0.3,en;q=0.2',
  'accept' => 'text/html,application/xhtml+xml,application/xml;q=0.9,image/avif,image/webp,*/*;q=0.8',
  'user-agent' => 'Mozilla/5.0 (Windows NT 10.0; Win64; x64; rv:101.0) Gecko/20100101 Firefox/101.0',
  'host' => 'api.newkefu.com',
)
[ info ] [ PARAM ] array (
  '/scripts/scripts/run' => '',
)
[ info ] [ CACHE ] INIT redis
[ info ] [ RUN ] app\scripts\controller\Scripts->run[ D:\phpstudy_pro\WWW\new_kefu_online\application\scripts\controller\Scripts.php ]
[ info ] [ LOG ] INIT File
