[ 2022-02-15T11:37:30+08:00 ][ info ] [ LANG ] D:\phpstudy_pro\WWW\new_kefu\thinkphp\lang\zh-cn.php
[ info ] [ LOG ] INIT File
[ 2022-02-15T11:37:30+08:00 ][ info ] [ ROUTE ] array (
  'type' => 'module',
  'module' => 
  array (
    0 => 'admin',
    1 => 'Test',
    2 => 'index',
  ),
)
[ 2022-02-15T11:37:30+08:00 ][ info ] [ HEADER ] array (
)
[ 2022-02-15T11:37:30+08:00 ][ info ] [ PARAM ] array (
)
[ 2022-02-15T11:37:30+08:00 ][ info ] [ RUN ] app\admin\controller\Test->index[ D:\phpstudy_pro\WWW\new_kefu\application\admin\controller\Test.php ]
[ 2022-02-15T11:37:30+08:00 ][ error ] [0]Fatal error: Class 'common\libraries\Common' not found[D:\phpstudy_pro\WWW\new_kefu\application\admin\controller\Test.php:11]
[ 2022-02-15T11:38:29+08:00 ][ info ] [ LANG ] D:\phpstudy_pro\WWW\new_kefu\thinkphp\lang\zh-cn.php
[ info ] [ LOG ] INIT File
[ 2022-02-15T11:38:30+08:00 ][ info ] [ ROUTE ] array (
  'type' => 'module',
  'module' => 
  array (
    0 => 'admin',
    1 => 'Test',
    2 => 'index',
  ),
)
[ 2022-02-15T11:38:30+08:00 ][ info ] [ HEADER ] array (
)
[ 2022-02-15T11:38:30+08:00 ][ info ] [ PARAM ] array (
)
[ 2022-02-15T11:38:30+08:00 ][ info ] [ RUN ] app\admin\controller\Test->index[ D:\phpstudy_pro\WWW\new_kefu\application\admin\controller\Test.php ]
[ 2022-02-15T11:38:30+08:00 ][ error ] [0]Fatal error: Class 'common\libraries\Common' not found[D:\phpstudy_pro\WWW\new_kefu\application\admin\controller\Test.php:11]
[ 2022-02-15T11:40:06+08:00 ][ info ] [ LANG ] D:\phpstudy_pro\WWW\new_kefu\thinkphp\lang\zh-cn.php
[ info ] [ LOG ] INIT File
[ 2022-02-15T11:40:06+08:00 ][ info ] [ ROUTE ] array (
  'type' => 'module',
  'module' => 
  array (
    0 => 'admin',
    1 => 'Test',
    2 => 'index',
  ),
)
[ 2022-02-15T11:40:06+08:00 ][ info ] [ HEADER ] array (
)
[ 2022-02-15T11:40:06+08:00 ][ info ] [ PARAM ] array (
)
[ 2022-02-15T11:40:06+08:00 ][ info ] [ RUN ] app\admin\controller\Test->index[ D:\phpstudy_pro\WWW\new_kefu\application\admin\controller\Test.php ]
[ 2022-02-15T11:40:06+08:00 ][ error ] [0]Fatal error: Class 'common\libraries\Common' not found[D:\phpstudy_pro\WWW\new_kefu\application\admin\controller\Test.php:11]
[ 2022-02-15T11:40:30+08:00 ][ info ] [ LANG ] D:\phpstudy_pro\WWW\new_kefu\thinkphp\lang\zh-cn.php
[ info ] [ LOG ] INIT File
[ 2022-02-15T11:40:30+08:00 ][ info ] [ ROUTE ] array (
  'type' => 'module',
  'module' => 
  array (
    0 => 'scripts',
    1 => 'GetBaseInfo',
    2 => 'user_register',
  ),
)
[ 2022-02-15T11:40:30+08:00 ][ info ] [ HEADER ] array (
)
[ 2022-02-15T11:40:30+08:00 ][ info ] [ PARAM ] array (
)
[ 2022-02-15T11:40:30+08:00 ][ info ] [ RUN ] app\scripts\controller\GetBaseInfo->user_register[ D:\phpstudy_pro\WWW\new_kefu\application\scripts\controller\GetBaseInfo.php ]
[ 2022-02-15T11:40:30+08:00 ][ error ] [0]Fatal error: Class 'app\scripts\controller\Config' not found[D:\phpstudy_pro\WWW\new_kefu\application\scripts\controller\GetBaseInfo.php:58]
[ 2022-02-15T11:40:33+08:00 ][ info ] [ LANG ] D:\phpstudy_pro\WWW\new_kefu\thinkphp\lang\zh-cn.php
[ info ] [ LOG ] INIT File
[ 2022-02-15T11:40:33+08:00 ][ info ] [ ROUTE ] array (
  'type' => 'module',
  'module' => 
  array (
    0 => 'admin',
    1 => 'Test',
    2 => 'index',
  ),
)
[ 2022-02-15T11:40:33+08:00 ][ info ] [ HEADER ] array (
)
[ 2022-02-15T11:40:33+08:00 ][ info ] [ PARAM ] array (
)
[ 2022-02-15T11:40:33+08:00 ][ info ] [ RUN ] app\admin\controller\Test->index[ D:\phpstudy_pro\WWW\new_kefu\application\admin\controller\Test.php ]
[ 2022-02-15T11:40:33+08:00 ][ error ] [0]Fatal error: Class 'app\admin\controller\Config' not found[D:\phpstudy_pro\WWW\new_kefu\application\admin\controller\Test.php:11]
[ 2022-02-15T11:40:59+08:00 ][ info ] [ LANG ] D:\phpstudy_pro\WWW\new_kefu\thinkphp\lang\zh-cn.php
[ info ] [ LOG ] INIT File
[ 2022-02-15T11:40:59+08:00 ][ info ] [ ROUTE ] array (
  'type' => 'module',
  'module' => 
  array (
    0 => 'admin',
    1 => 'Test',
    2 => 'index',
  ),
)
[ 2022-02-15T11:40:59+08:00 ][ info ] [ HEADER ] array (
)
[ 2022-02-15T11:40:59+08:00 ][ info ] [ PARAM ] array (
)
[ 2022-02-15T11:40:59+08:00 ][ info ] [ RUN ] app\admin\controller\Test->index[ D:\phpstudy_pro\WWW\new_kefu\application\admin\controller\Test.php ]
[ 2022-02-15T11:41:49+08:00 ][ info ] [ LANG ] D:\phpstudy_pro\WWW\new_kefu\thinkphp\lang\zh-cn.php
[ info ] [ LOG ] INIT File
[ 2022-02-15T11:41:49+08:00 ][ info ] [ ROUTE ] array (
  'type' => 'module',
  'module' => 
  array (
    0 => 'admin',
    1 => 'Test',
    2 => 'index',
  ),
)
[ 2022-02-15T11:41:49+08:00 ][ info ] [ HEADER ] array (
)
[ 2022-02-15T11:41:49+08:00 ][ info ] [ PARAM ] array (
)
[ 2022-02-15T11:41:49+08:00 ][ info ] [ RUN ] app\admin\controller\Test->index[ D:\phpstudy_pro\WWW\new_kefu\application\admin\controller\Test.php ]
[ 2022-02-15T11:42:02+08:00 ][ info ] [ LANG ] D:\phpstudy_pro\WWW\new_kefu\thinkphp\lang\zh-cn.php
[ info ] [ LOG ] INIT File
[ 2022-02-15T11:42:02+08:00 ][ info ] [ ROUTE ] array (
  'type' => 'module',
  'module' => 
  array (
    0 => 'admin',
    1 => 'Test',
    2 => 'index',
  ),
)
[ 2022-02-15T11:42:02+08:00 ][ info ] [ HEADER ] array (
)
[ 2022-02-15T11:42:02+08:00 ][ info ] [ PARAM ] array (
)
[ 2022-02-15T11:42:02+08:00 ][ info ] [ RUN ] app\admin\controller\Test->index[ D:\phpstudy_pro\WWW\new_kefu\application\admin\controller\Test.php ]
[ 2022-02-15T11:43:05+08:00 ][ info ] [ LANG ] D:\phpstudy_pro\WWW\new_kefu\thinkphp\lang\zh-cn.php
[ info ] [ LOG ] INIT File
[ 2022-02-15T11:43:05+08:00 ][ info ] [ ROUTE ] array (
  'type' => 'module',
  'module' => 
  array (
    0 => 'admin',
    1 => 'Test',
    2 => 'index',
  ),
)
[ 2022-02-15T11:43:05+08:00 ][ info ] [ HEADER ] array (
)
[ 2022-02-15T11:43:05+08:00 ][ info ] [ PARAM ] array (
)
[ 2022-02-15T11:43:05+08:00 ][ info ] [ RUN ] app\admin\controller\Test->index[ D:\phpstudy_pro\WWW\new_kefu\application\admin\controller\Test.php ]
[ 2022-02-15T11:43:05+08:00 ][ error ] [0]Fatal error: Class 'common\libraries\Common' not found[D:\phpstudy_pro\WWW\new_kefu\application\admin\controller\Test.php:12]
[ 2022-02-15T11:43:12+08:00 ][ info ] [ LANG ] D:\phpstudy_pro\WWW\new_kefu\thinkphp\lang\zh-cn.php
[ info ] [ LOG ] INIT File
[ 2022-02-15T11:43:12+08:00 ][ info ] [ ROUTE ] array (
  'type' => 'module',
  'module' => 
  array (
    0 => 'admin',
    1 => 'Test',
    2 => 'index',
  ),
)
[ 2022-02-15T11:43:12+08:00 ][ info ] [ HEADER ] array (
)
[ 2022-02-15T11:43:12+08:00 ][ info ] [ PARAM ] array (
)
[ 2022-02-15T11:43:12+08:00 ][ info ] [ RUN ] app\admin\controller\Test->index[ D:\phpstudy_pro\WWW\new_kefu\application\admin\controller\Test.php ]
[ 2022-02-15T11:44:36+08:00 ][ info ] [ LANG ] D:\phpstudy_pro\WWW\new_kefu\thinkphp\lang\zh-cn.php
[ info ] [ LOG ] INIT File
[ 2022-02-15T11:44:36+08:00 ][ info ] [ ROUTE ] array (
  'type' => 'module',
  'module' => 
  array (
    0 => 'admin',
    1 => 'Test',
    2 => 'index',
  ),
)
[ 2022-02-15T11:44:36+08:00 ][ info ] [ HEADER ] array (
)
[ 2022-02-15T11:44:36+08:00 ][ info ] [ PARAM ] array (
)
[ 2022-02-15T11:44:36+08:00 ][ info ] [ RUN ] app\admin\controller\Test->index[ D:\phpstudy_pro\WWW\new_kefu\application\admin\controller\Test.php ]
[ 2022-02-15T11:44:54+08:00 ][ info ] [ LANG ] D:\phpstudy_pro\WWW\new_kefu\thinkphp\lang\zh-cn.php
[ info ] [ LOG ] INIT File
[ 2022-02-15T11:44:54+08:00 ][ info ] [ ROUTE ] array (
  'type' => 'module',
  'module' => 
  array (
    0 => 'admin',
    1 => 'Test',
    2 => 'index',
  ),
)
[ 2022-02-15T11:44:54+08:00 ][ info ] [ HEADER ] array (
)
[ 2022-02-15T11:44:54+08:00 ][ info ] [ PARAM ] array (
)
[ 2022-02-15T11:44:54+08:00 ][ info ] [ RUN ] app\admin\controller\Test->index[ D:\phpstudy_pro\WWW\new_kefu\application\admin\controller\Test.php ]
[ 2022-02-15T11:45:05+08:00 ][ info ] [ LANG ] D:\phpstudy_pro\WWW\new_kefu\thinkphp\lang\zh-cn.php
[ info ] [ LOG ] INIT File
[ 2022-02-15T11:45:05+08:00 ][ info ] [ ROUTE ] array (
  'type' => 'module',
  'module' => 
  array (
    0 => 'admin',
    1 => 'Test',
    2 => 'index',
  ),
)
[ 2022-02-15T11:45:05+08:00 ][ info ] [ HEADER ] array (
)
[ 2022-02-15T11:45:05+08:00 ][ info ] [ PARAM ] array (
)
[ 2022-02-15T11:45:05+08:00 ][ info ] [ RUN ] app\admin\controller\Test->index[ D:\phpstudy_pro\WWW\new_kefu\application\admin\controller\Test.php ]
[ 2022-02-15T11:46:20+08:00 ][ info ] [ LANG ] D:\phpstudy_pro\WWW\new_kefu\thinkphp\lang\zh-cn.php
[ info ] [ LOG ] INIT File
[ 2022-02-15T11:46:20+08:00 ][ info ] [ ROUTE ] array (
  'type' => 'module',
  'module' => 
  array (
    0 => 'admin',
    1 => 'Test',
    2 => 'index',
  ),
)
[ 2022-02-15T11:46:20+08:00 ][ info ] [ HEADER ] array (
)
[ 2022-02-15T11:46:20+08:00 ][ info ] [ PARAM ] array (
)
[ 2022-02-15T11:46:20+08:00 ][ info ] [ RUN ] app\admin\controller\Test->index[ D:\phpstudy_pro\WWW\new_kefu\application\admin\controller\Test.php ]
[ 2022-02-15T11:46:29+08:00 ][ info ] [ LANG ] D:\phpstudy_pro\WWW\new_kefu\thinkphp\lang\zh-cn.php
[ info ] [ LOG ] INIT File
[ 2022-02-15T11:46:29+08:00 ][ info ] [ ROUTE ] array (
  'type' => 'module',
  'module' => 
  array (
    0 => 'admin',
    1 => 'Test',
    2 => 'index',
  ),
)
[ 2022-02-15T11:46:29+08:00 ][ info ] [ HEADER ] array (
)
[ 2022-02-15T11:46:29+08:00 ][ info ] [ PARAM ] array (
)
[ 2022-02-15T11:46:29+08:00 ][ info ] [ RUN ] app\admin\controller\Test->index[ D:\phpstudy_pro\WWW\new_kefu\application\admin\controller\Test.php ]
[ 2022-02-15T11:46:45+08:00 ][ info ] [ LANG ] D:\phpstudy_pro\WWW\new_kefu\thinkphp\lang\zh-cn.php
[ info ] [ LOG ] INIT File
[ 2022-02-15T11:46:45+08:00 ][ info ] [ ROUTE ] array (
  'type' => 'module',
  'module' => 
  array (
    0 => 'admin',
    1 => 'Test',
    2 => 'index',
  ),
)
[ 2022-02-15T11:46:45+08:00 ][ info ] [ HEADER ] array (
)
[ 2022-02-15T11:46:45+08:00 ][ info ] [ PARAM ] array (
)
[ 2022-02-15T11:46:45+08:00 ][ info ] [ RUN ] app\admin\controller\Test->index[ D:\phpstudy_pro\WWW\new_kefu\application\admin\controller\Test.php ]
[ 2022-02-15T11:46:45+08:00 ][ error ] [0]Fatal error: Class 'common\libraries\Common' not found[D:\phpstudy_pro\WWW\new_kefu\application\admin\controller\Test.php:12]
[ 2022-02-15T14:53:08+08:00 ][ info ] [ LANG ] D:\phpstudy_pro\WWW\new_kefu\thinkphp\lang\zh-cn.php
[ info ] [ LOG ] INIT File
[ 2022-02-15T14:53:08+08:00 ][ info ] [ ROUTE ] array (
  'type' => 'module',
  'module' => 
  array (
    0 => 'scripts',
    1 => 'GetBaseInfo',
    2 => 'user_register',
  ),
)
[ 2022-02-15T14:53:08+08:00 ][ info ] [ HEADER ] array (
)
[ 2022-02-15T14:53:08+08:00 ][ info ] [ PARAM ] array (
)
[ 2022-02-15T14:53:08+08:00 ][ info ] [ RUN ] app\scripts\controller\GetBaseInfo->user_register[ D:\phpstudy_pro\WWW\new_kefu\application\scripts\controller\GetBaseInfo.php ]
[ 2022-02-15T14:53:08+08:00 ][ error ] [0]Fatal error: Class 'app\scripts\controller\Config' not found[D:\phpstudy_pro\WWW\new_kefu\application\scripts\controller\GetBaseInfo.php:58]
[ 2022-02-15T14:53:17+08:00 ][ info ] [ LANG ] D:\phpstudy_pro\WWW\new_kefu\thinkphp\lang\zh-cn.php
[ info ] [ LOG ] INIT File
[ 2022-02-15T14:53:17+08:00 ][ info ] [ ROUTE ] array (
  'type' => 'module',
  'module' => 
  array (
    0 => 'scripts',
    1 => 'GetBaseInfo',
    2 => 'user_register',
  ),
)
[ 2022-02-15T14:53:17+08:00 ][ info ] [ HEADER ] array (
)
[ 2022-02-15T14:53:17+08:00 ][ info ] [ PARAM ] array (
)
[ 2022-02-15T14:53:17+08:00 ][ info ] [ RUN ] app\scripts\controller\GetBaseInfo->user_register[ D:\phpstudy_pro\WWW\new_kefu\application\scripts\controller\GetBaseInfo.php ]
[ 2022-02-15T14:53:17+08:00 ][ error ] [0]Fatal error: Class 'app\scripts\controller\Common' not found[D:\phpstudy_pro\WWW\new_kefu\application\scripts\controller\GetBaseInfo.php:59]
[ 2022-02-15T14:53:27+08:00 ][ info ] [ LANG ] D:\phpstudy_pro\WWW\new_kefu\thinkphp\lang\zh-cn.php
[ info ] [ LOG ] INIT File
[ 2022-02-15T14:53:27+08:00 ][ info ] [ ROUTE ] array (
  'type' => 'module',
  'module' => 
  array (
    0 => 'scripts',
    1 => 'GetBaseInfo',
    2 => 'user_register',
  ),
)
[ 2022-02-15T14:53:27+08:00 ][ info ] [ HEADER ] array (
)
[ 2022-02-15T14:53:27+08:00 ][ info ] [ PARAM ] array (
)
[ 2022-02-15T14:53:27+08:00 ][ info ] [ RUN ] app\scripts\controller\GetBaseInfo->user_register[ D:\phpstudy_pro\WWW\new_kefu\application\scripts\controller\GetBaseInfo.php ]
[ 2022-02-15T14:53:46+08:00 ][ info ] [ LANG ] D:\phpstudy_pro\WWW\new_kefu\thinkphp\lang\zh-cn.php
[ info ] [ LOG ] INIT File
[ 2022-02-15T14:53:46+08:00 ][ info ] [ ROUTE ] array (
  'type' => 'module',
  'module' => 
  array (
    0 => 'scripts',
    1 => 'GetBaseInfo',
    2 => 'user_register',
  ),
)
[ 2022-02-15T14:53:46+08:00 ][ info ] [ HEADER ] array (
)
[ 2022-02-15T14:53:46+08:00 ][ info ] [ PARAM ] array (
)
[ 2022-02-15T14:53:46+08:00 ][ info ] [ RUN ] app\scripts\controller\GetBaseInfo->user_register[ D:\phpstudy_pro\WWW\new_kefu\application\scripts\controller\GetBaseInfo.php ]
[ 2022-02-15T14:53:46+08:00 ][ error ] [0]Type error: Too few arguments to function common\server\GetBaseInfo\GetBaseInfoServer::dealParams(), 0 passed in D:\phpstudy_pro\WWW\new_kefu\application\scripts\controller\GetBaseInfo.php on line 58 and exactly 1 expected[D:\phpstudy_pro\WWW\new_kefu\common\server\GetBaseInfo\GetBaseInfoServer.php:22]
[ 2022-02-15T14:54:20+08:00 ][ info ] [ LANG ] D:\phpstudy_pro\WWW\new_kefu\thinkphp\lang\zh-cn.php
[ info ] [ LOG ] INIT File
[ 2022-02-15T14:54:20+08:00 ][ info ] [ ROUTE ] array (
  'type' => 'module',
  'module' => 
  array (
    0 => 'scripts',
    1 => 'GetBaseInfo',
    2 => 'user_register',
  ),
)
[ 2022-02-15T14:54:20+08:00 ][ info ] [ HEADER ] array (
)
[ 2022-02-15T14:54:20+08:00 ][ info ] [ PARAM ] array (
)
[ 2022-02-15T14:54:20+08:00 ][ info ] [ RUN ] app\scripts\controller\GetBaseInfo->user_register[ D:\phpstudy_pro\WWW\new_kefu\application\scripts\controller\GetBaseInfo.php ]
[ 2022-02-15T14:54:58+08:00 ][ info ] [ LANG ] D:\phpstudy_pro\WWW\new_kefu\thinkphp\lang\zh-cn.php
[ info ] [ LOG ] INIT File
[ 2022-02-15T14:54:58+08:00 ][ info ] [ ROUTE ] array (
  'type' => 'module',
  'module' => 
  array (
    0 => 'scripts',
    1 => 'GetBaseInfo',
    2 => 'user_register',
  ),
)
[ 2022-02-15T14:54:58+08:00 ][ info ] [ HEADER ] array (
)
[ 2022-02-15T14:54:58+08:00 ][ info ] [ PARAM ] array (
)
[ 2022-02-15T14:54:58+08:00 ][ info ] [ RUN ] app\scripts\controller\GetBaseInfo->user_register[ D:\phpstudy_pro\WWW\new_kefu\application\scripts\controller\GetBaseInfo.php ]
[ 2022-02-15T14:56:55+08:00 ][ info ] [ LANG ] D:\phpstudy_pro\WWW\new_kefu\thinkphp\lang\zh-cn.php
[ info ] [ LOG ] INIT File
[ 2022-02-15T14:56:55+08:00 ][ info ] [ ROUTE ] array (
  'type' => 'module',
  'module' => 
  array (
    0 => 'scripts',
    1 => 'GetBaseInfo',
    2 => 'user_register',
  ),
)
[ 2022-02-15T14:56:55+08:00 ][ info ] [ HEADER ] array (
)
[ 2022-02-15T14:56:55+08:00 ][ info ] [ PARAM ] array (
)
[ 2022-02-15T14:56:55+08:00 ][ info ] [ RUN ] app\scripts\controller\GetBaseInfo->user_register[ D:\phpstudy_pro\WWW\new_kefu\application\scripts\controller\GetBaseInfo.php ]
[ 2022-02-15T14:56:55+08:00 ][ error ] [8]Undefined variable: argv[D:\phpstudy_pro\WWW\new_kefu\application\scripts\controller\GetBaseInfo.php:56]
[ 2022-02-15T14:57:16+08:00 ][ info ] [ LANG ] D:\phpstudy_pro\WWW\new_kefu\thinkphp\lang\zh-cn.php
[ info ] [ LOG ] INIT File
[ 2022-02-15T14:57:16+08:00 ][ info ] [ ROUTE ] array (
  'type' => 'module',
  'module' => 
  array (
    0 => 'scripts',
    1 => 'GetBaseInfo',
    2 => 'user_register',
  ),
)
[ 2022-02-15T14:57:16+08:00 ][ info ] [ HEADER ] array (
)
[ 2022-02-15T14:57:16+08:00 ][ info ] [ PARAM ] array (
)
[ 2022-02-15T14:57:16+08:00 ][ info ] [ RUN ] app\scripts\controller\GetBaseInfo->user_register[ D:\phpstudy_pro\WWW\new_kefu\application\scripts\controller\GetBaseInfo.php ]
[ 2022-02-15T14:57:16+08:00 ][ error ] [2]getopt() expects at least 1 parameter, 0 given[D:\phpstudy_pro\WWW\new_kefu\application\scripts\controller\GetBaseInfo.php:56]
[ 2022-02-15T14:58:20+08:00 ][ info ] [ LANG ] D:\phpstudy_pro\WWW\new_kefu\thinkphp\lang\zh-cn.php
[ info ] [ LOG ] INIT File
[ 2022-02-15T14:58:20+08:00 ][ info ] [ ROUTE ] array (
  'type' => 'module',
  'module' => 
  array (
    0 => 'scripts',
    1 => 'GetBaseInfo',
    2 => 'user_register',
  ),
)
[ 2022-02-15T14:58:20+08:00 ][ info ] [ HEADER ] array (
)
[ 2022-02-15T14:58:20+08:00 ][ info ] [ PARAM ] array (
)
[ 2022-02-15T14:58:20+08:00 ][ info ] [ RUN ] app\scripts\controller\GetBaseInfo->user_register[ D:\phpstudy_pro\WWW\new_kefu\application\scripts\controller\GetBaseInfo.php ]
[ 2022-02-15T14:58:20+08:00 ][ error ] [8]Undefined property: app\scripts\controller\GetBaseInfo::$request[D:\phpstudy_pro\WWW\new_kefu\application\scripts\controller\GetBaseInfo.php:56]
[ 2022-02-15T14:58:45+08:00 ][ info ] [ LANG ] D:\phpstudy_pro\WWW\new_kefu\thinkphp\lang\zh-cn.php
[ info ] [ LOG ] INIT File
[ 2022-02-15T14:58:45+08:00 ][ info ] [ ROUTE ] array (
  'type' => 'module',
  'module' => 
  array (
    0 => 'scripts',
    1 => 'GetBaseInfo',
    2 => 'user_register',
  ),
)
[ 2022-02-15T14:58:45+08:00 ][ info ] [ HEADER ] array (
)
[ 2022-02-15T14:58:45+08:00 ][ info ] [ PARAM ] array (
)
[ 2022-02-15T14:58:45+08:00 ][ info ] [ RUN ] app\scripts\controller\GetBaseInfo->user_register[ D:\phpstudy_pro\WWW\new_kefu\application\scripts\controller\GetBaseInfo.php ]
[ 2022-02-15T14:59:44+08:00 ][ info ] [ LANG ] D:\phpstudy_pro\WWW\new_kefu\thinkphp\lang\zh-cn.php
[ info ] [ LOG ] INIT File
[ 2022-02-15T14:59:44+08:00 ][ info ] [ ROUTE ] array (
  'type' => 'module',
  'module' => 
  array (
    0 => 'scripts',
    1 => 'GetBaseInfo',
    2 => 'user_register',
  ),
)
[ 2022-02-15T14:59:44+08:00 ][ info ] [ HEADER ] array (
)
[ 2022-02-15T14:59:44+08:00 ][ info ] [ PARAM ] array (
)
[ 2022-02-15T14:59:45+08:00 ][ error ] [0]method param miss:params[D:\phpstudy_pro\WWW\new_kefu\thinkphp\library\think\App.php:432]
[ 2022-02-15T15:00:13+08:00 ][ info ] [ LANG ] D:\phpstudy_pro\WWW\new_kefu\thinkphp\lang\zh-cn.php
[ info ] [ LOG ] INIT File
[ 2022-02-15T15:00:13+08:00 ][ info ] [ ROUTE ] array (
  'type' => 'module',
  'module' => 
  array (
    0 => 'scripts',
    1 => 'GetBaseInfo',
    2 => 'user_register',
  ),
)
[ 2022-02-15T15:00:13+08:00 ][ info ] [ HEADER ] array (
)
[ 2022-02-15T15:00:13+08:00 ][ info ] [ PARAM ] array (
)
[ 2022-02-15T15:00:13+08:00 ][ error ] [0]method param miss:params[D:\phpstudy_pro\WWW\new_kefu\thinkphp\library\think\App.php:432]
[ 2022-02-15T15:00:59+08:00 ][ info ] [ LANG ] D:\phpstudy_pro\WWW\new_kefu\thinkphp\lang\zh-cn.php
[ info ] [ LOG ] INIT File
[ 2022-02-15T15:00:59+08:00 ][ info ] [ ROUTE ] array (
  'type' => 'module',
  'module' => 
  array (
    0 => 'scripts',
    1 => 'GetBaseInfo',
    2 => 'user_register',
  ),
)
[ 2022-02-15T15:00:59+08:00 ][ info ] [ HEADER ] array (
)
[ 2022-02-15T15:00:59+08:00 ][ info ] [ PARAM ] array (
)
[ 2022-02-15T15:00:59+08:00 ][ error ] [0]method param miss:params[D:\phpstudy_pro\WWW\new_kefu\thinkphp\library\think\App.php:432]
[ 2022-02-15T15:01:15+08:00 ][ info ] [ LANG ] D:\phpstudy_pro\WWW\new_kefu\thinkphp\lang\zh-cn.php
[ info ] [ LOG ] INIT File
[ 2022-02-15T15:01:15+08:00 ][ info ] [ ROUTE ] array (
  'type' => 'module',
  'module' => 
  array (
    0 => 'scripts',
    1 => 'GetBaseInfo',
    2 => 'user_register',
  ),
)
[ 2022-02-15T15:01:15+08:00 ][ info ] [ HEADER ] array (
)
[ 2022-02-15T15:01:15+08:00 ][ info ] [ PARAM ] array (
)
[ 2022-02-15T15:01:15+08:00 ][ info ] [ RUN ] app\scripts\controller\GetBaseInfo->user_register[ D:\phpstudy_pro\WWW\new_kefu\application\scripts\controller\GetBaseInfo.php ]
[ 2022-02-15T15:01:57+08:00 ][ info ] [ LANG ] D:\phpstudy_pro\WWW\new_kefu\thinkphp\lang\zh-cn.php
[ info ] [ LOG ] INIT File
[ 2022-02-15T15:01:57+08:00 ][ info ] [ ROUTE ] array (
  'type' => 'module',
  'module' => 
  array (
    0 => 'scripts',
    1 => 'GetBaseInfo',
    2 => 'user_register',
  ),
)
[ 2022-02-15T15:01:57+08:00 ][ info ] [ HEADER ] array (
)
[ 2022-02-15T15:01:57+08:00 ][ info ] [ PARAM ] array (
)
[ 2022-02-15T15:01:57+08:00 ][ info ] [ RUN ] app\scripts\controller\GetBaseInfo->user_register[ D:\phpstudy_pro\WWW\new_kefu\application\scripts\controller\GetBaseInfo.php ]
[ 2022-02-15T15:02:08+08:00 ][ info ] [ LANG ] D:\phpstudy_pro\WWW\new_kefu\thinkphp\lang\zh-cn.php
[ info ] [ LOG ] INIT File
[ 2022-02-15T15:02:08+08:00 ][ info ] [ ROUTE ] array (
  'type' => 'module',
  'module' => 
  array (
    0 => 'scripts',
    1 => 'GetBaseInfo',
    2 => 'user_register',
  ),
)
[ 2022-02-15T15:02:08+08:00 ][ info ] [ HEADER ] array (
)
[ 2022-02-15T15:02:08+08:00 ][ info ] [ PARAM ] array (
)
[ 2022-02-15T15:02:08+08:00 ][ info ] [ RUN ] app\scripts\controller\GetBaseInfo->user_register[ D:\phpstudy_pro\WWW\new_kefu\application\scripts\controller\GetBaseInfo.php ]
[ 2022-02-15T15:02:14+08:00 ][ info ] [ LANG ] D:\phpstudy_pro\WWW\new_kefu\thinkphp\lang\zh-cn.php
[ info ] [ LOG ] INIT File
[ 2022-02-15T15:02:14+08:00 ][ info ] [ ROUTE ] array (
  'type' => 'module',
  'module' => 
  array (
    0 => 'scripts',
    1 => 'GetBaseInfo',
    2 => 'user_register',
  ),
)
[ 2022-02-15T15:02:14+08:00 ][ info ] [ HEADER ] array (
)
[ 2022-02-15T15:02:14+08:00 ][ info ] [ PARAM ] array (
)
[ 2022-02-15T15:02:14+08:00 ][ info ] [ RUN ] app\scripts\controller\GetBaseInfo->user_register[ D:\phpstudy_pro\WWW\new_kefu\application\scripts\controller\GetBaseInfo.php ]
[ 2022-02-15T15:02:53+08:00 ][ info ] [ LANG ] D:\phpstudy_pro\WWW\new_kefu\thinkphp\lang\zh-cn.php
[ info ] [ LOG ] INIT File
[ 2022-02-15T15:02:53+08:00 ][ info ] [ ROUTE ] array (
  'type' => 'module',
  'module' => 
  array (
    0 => 'scripts',
    1 => 'GetBaseInfo',
    2 => 'user_register',
  ),
)
[ 2022-02-15T15:02:53+08:00 ][ info ] [ HEADER ] array (
)
[ 2022-02-15T15:02:53+08:00 ][ info ] [ PARAM ] array (
  'platform' => 'zw',
)
[ 2022-02-15T15:02:53+08:00 ][ info ] [ RUN ] app\scripts\controller\GetBaseInfo->user_register[ D:\phpstudy_pro\WWW\new_kefu\application\scripts\controller\GetBaseInfo.php ]
[ 2022-02-15T15:03:00+08:00 ][ info ] [ LANG ] D:\phpstudy_pro\WWW\new_kefu\thinkphp\lang\zh-cn.php
[ info ] [ LOG ] INIT File
[ 2022-02-15T15:03:00+08:00 ][ info ] [ ROUTE ] array (
  'type' => 'module',
  'module' => 
  array (
    0 => 'scripts',
    1 => 'GetBaseInfo',
    2 => 'user_register',
  ),
)
[ 2022-02-15T15:03:00+08:00 ][ info ] [ HEADER ] array (
)
[ 2022-02-15T15:03:00+08:00 ][ info ] [ PARAM ] array (
  'platform' => 'zw',
)
[ 2022-02-15T15:03:00+08:00 ][ info ] [ RUN ] app\scripts\controller\GetBaseInfo->user_register[ D:\phpstudy_pro\WWW\new_kefu\application\scripts\controller\GetBaseInfo.php ]
[ 2022-02-15T15:08:13+08:00 ][ info ] [ LANG ] D:\phpstudy_pro\WWW\new_kefu\thinkphp\lang\zh-cn.php
[ info ] [ LOG ] INIT File
[ 2022-02-15T15:08:13+08:00 ][ info ] [ ROUTE ] array (
  'type' => 'module',
  'module' => 
  array (
    0 => 'scripts',
    1 => 'GetBaseInfo',
    2 => 'user_register',
  ),
)
[ 2022-02-15T15:08:13+08:00 ][ info ] [ HEADER ] array (
)
[ 2022-02-15T15:08:13+08:00 ][ info ] [ PARAM ] array (
)
[ 2022-02-15T15:08:13+08:00 ][ error ] [0]method param miss:argv[D:\phpstudy_pro\WWW\new_kefu\thinkphp\library\think\App.php:432]
[ 2022-02-15T15:50:43+08:00 ][ info ] [ LANG ] D:\phpstudy_pro\WWW\new_kefu\thinkphp\lang\zh-cn.php
[ info ] [ LOG ] INIT File
[ 2022-02-15T15:50:43+08:00 ][ info ] [ ROUTE ] array (
  'type' => 'module',
  'module' => 
  array (
    0 => 'scripts',
    1 => 'GetBaseInfo',
    2 => 'user_register',
  ),
)
[ 2022-02-15T15:50:43+08:00 ][ info ] [ HEADER ] array (
)
[ 2022-02-15T15:50:43+08:00 ][ info ] [ PARAM ] array (
)
[ 2022-02-15T15:50:43+08:00 ][ info ] [ RUN ] app\scripts\controller\GetBaseInfo->user_register[ D:\phpstudy_pro\WWW\new_kefu\application\scripts\controller\GetBaseInfo.php ]
[ 2022-02-15T15:52:21+08:00 ][ info ] [ LANG ] D:\phpstudy_pro\WWW\new_kefu\thinkphp\lang\zh-cn.php
[ info ] [ LOG ] INIT File
[ 2022-02-15T15:52:21+08:00 ][ info ] [ ROUTE ] array (
  'type' => 'module',
  'module' => 
  array (
    0 => 'scripts',
    1 => 'GetBaseInfo',
    2 => 'user_register',
  ),
)
[ 2022-02-15T15:52:21+08:00 ][ info ] [ HEADER ] array (
)
[ 2022-02-15T15:52:21+08:00 ][ info ] [ PARAM ] array (
  'g' => 'scripts',
  'm' => 'GetBaseInfo',
  'a' => 'user_register',
)
[ 2022-02-15T15:52:21+08:00 ][ info ] [ RUN ] app\scripts\controller\GetBaseInfo->user_register[ D:\phpstudy_pro\WWW\new_kefu\application\scripts\controller\GetBaseInfo.php ]
[ 2022-02-15T15:52:37+08:00 ][ info ] [ LANG ] D:\phpstudy_pro\WWW\new_kefu\thinkphp\lang\zh-cn.php
[ info ] [ LOG ] INIT File
[ 2022-02-15T15:52:37+08:00 ][ info ] [ ROUTE ] array (
  'type' => 'module',
  'module' => 
  array (
    0 => 'scripts',
    1 => 'GetBaseInfo',
    2 => 'user_register',
  ),
)
[ 2022-02-15T15:52:37+08:00 ][ info ] [ HEADER ] array (
)
[ 2022-02-15T15:52:37+08:00 ][ info ] [ PARAM ] array (
  'g' => 'scripts',
  'm' => 'GetBaseInfo',
  'a' => 'user_register',
)
[ 2022-02-15T15:52:37+08:00 ][ info ] [ RUN ] app\scripts\controller\GetBaseInfo->user_register[ D:\phpstudy_pro\WWW\new_kefu\application\scripts\controller\GetBaseInfo.php ]
[ 2022-02-15T15:53:04+08:00 ][ info ] [ LANG ] D:\phpstudy_pro\WWW\new_kefu\thinkphp\lang\zh-cn.php
[ info ] [ LOG ] INIT File
[ 2022-02-15T15:53:04+08:00 ][ info ] [ ROUTE ] array (
  'type' => 'module',
  'module' => 
  array (
    0 => 'scripts',
    1 => 'GetBaseInfo',
    2 => 'user_register',
  ),
)
[ 2022-02-15T15:53:04+08:00 ][ info ] [ HEADER ] array (
)
[ 2022-02-15T15:53:04+08:00 ][ info ] [ PARAM ] array (
  'g' => 'scripts',
  'm' => 'GetBaseInfo',
  'a' => 'user_register',
)
[ 2022-02-15T15:53:04+08:00 ][ info ] [ RUN ] app\scripts\controller\GetBaseInfo->user_register[ D:\phpstudy_pro\WWW\new_kefu\application\scripts\controller\GetBaseInfo.php ]
[ 2022-02-15T15:53:04+08:00 ][ error ] [8]Undefined variable: params[D:\phpstudy_pro\WWW\new_kefu\application\scripts\controller\GetBaseInfo.php:56]
[ 2022-02-15T16:06:55+08:00 ][ info ] [ LANG ] D:\phpstudy_pro\WWW\new_kefu\thinkphp\lang\zh-cn.php
[ info ] [ LOG ] INIT File
[ 2022-02-15T16:06:55+08:00 ][ info ] [ ROUTE ] array (
  'type' => 'module',
  'module' => 
  array (
    0 => 'scripts',
    1 => 'GetBaseInfo',
    2 => 'user_register',
  ),
)
[ 2022-02-15T16:06:55+08:00 ][ info ] [ HEADER ] array (
)
[ 2022-02-15T16:06:55+08:00 ][ info ] [ PARAM ] array (
  'g' => 'scripts',
  'm' => 'GetBaseInfo',
  'a' => 'user_register',
  'p' => 'platform=zw',
)
[ 2022-02-15T16:06:55+08:00 ][ info ] [ RUN ] app\scripts\controller\GetBaseInfo->user_register[ D:\phpstudy_pro\WWW\new_kefu\application\scripts\controller\GetBaseInfo.php ]
[ 2022-02-15T16:07:58+08:00 ][ info ] [ LANG ] D:\phpstudy_pro\WWW\new_kefu\thinkphp\lang\zh-cn.php
[ info ] [ LOG ] INIT File
[ 2022-02-15T16:07:58+08:00 ][ info ] [ ROUTE ] array (
  'type' => 'module',
  'module' => 
  array (
    0 => 'scripts',
    1 => 'GetBaseInfo',
    2 => 'user_register',
  ),
)
[ 2022-02-15T16:07:58+08:00 ][ info ] [ HEADER ] array (
)
[ 2022-02-15T16:07:58+08:00 ][ info ] [ PARAM ] array (
  'g' => 'scripts',
  'm' => 'GetBaseInfo',
  'a' => 'user_register',
  'p' => 'platform=zw',
)
[ 2022-02-15T16:07:58+08:00 ][ info ] [ RUN ] app\scripts\controller\GetBaseInfo->user_register[ D:\phpstudy_pro\WWW\new_kefu\application\scripts\controller\GetBaseInfo.php ]
[ 2022-02-15T16:07:58+08:00 ][ error ] [8192]parse_str(): Calling parse_str() without the result argument is deprecated[D:\phpstudy_pro\WWW\new_kefu\common\server\GetBaseInfo\GetBaseInfoServer.php:26]
[ 2022-02-15T16:08:16+08:00 ][ info ] [ LANG ] D:\phpstudy_pro\WWW\new_kefu\thinkphp\lang\zh-cn.php
[ info ] [ LOG ] INIT File
[ 2022-02-15T16:08:16+08:00 ][ info ] [ ROUTE ] array (
  'type' => 'module',
  'module' => 
  array (
    0 => 'scripts',
    1 => 'GetBaseInfo',
    2 => 'user_register',
  ),
)
[ 2022-02-15T16:08:16+08:00 ][ info ] [ HEADER ] array (
)
[ 2022-02-15T16:08:16+08:00 ][ info ] [ PARAM ] array (
  'g' => 'scripts',
  'm' => 'GetBaseInfo',
  'a' => 'user_register',
  'p' => 'platform=zw',
)
[ 2022-02-15T16:08:16+08:00 ][ info ] [ RUN ] app\scripts\controller\GetBaseInfo->user_register[ D:\phpstudy_pro\WWW\new_kefu\application\scripts\controller\GetBaseInfo.php ]
[ 2022-02-15T16:09:10+08:00 ][ info ] [ LANG ] D:\phpstudy_pro\WWW\new_kefu\thinkphp\lang\zh-cn.php
[ info ] [ LOG ] INIT File
[ 2022-02-15T16:09:10+08:00 ][ info ] [ ROUTE ] array (
  'type' => 'module',
  'module' => 
  array (
    0 => 'scripts',
    1 => 'GetBaseInfo',
    2 => 'user_register',
  ),
)
[ 2022-02-15T16:09:10+08:00 ][ info ] [ HEADER ] array (
)
[ 2022-02-15T16:09:10+08:00 ][ info ] [ PARAM ] array (
  'g' => 'scripts',
  'm' => 'GetBaseInfo',
  'a' => 'user_register',
  'p' => 'platform=zw',
)
[ 2022-02-15T16:09:10+08:00 ][ info ] [ RUN ] app\scripts\controller\GetBaseInfo->user_register[ D:\phpstudy_pro\WWW\new_kefu\application\scripts\controller\GetBaseInfo.php ]
[ 2022-02-15T16:09:29+08:00 ][ info ] [ LANG ] D:\phpstudy_pro\WWW\new_kefu\thinkphp\lang\zh-cn.php
[ info ] [ LOG ] INIT File
[ 2022-02-15T16:09:29+08:00 ][ info ] [ ROUTE ] array (
  'type' => 'module',
  'module' => 
  array (
    0 => 'scripts',
    1 => 'GetBaseInfo',
    2 => 'user_register',
  ),
)
[ 2022-02-15T16:09:29+08:00 ][ info ] [ HEADER ] array (
)
[ 2022-02-15T16:09:29+08:00 ][ info ] [ PARAM ] array (
  'g' => 'scripts',
  'm' => 'GetBaseInfo',
  'a' => 'user_register',
  'p' => 'platform=zw',
)
[ 2022-02-15T16:09:29+08:00 ][ info ] [ RUN ] app\scripts\controller\GetBaseInfo->user_register[ D:\phpstudy_pro\WWW\new_kefu\application\scripts\controller\GetBaseInfo.php ]
[ 2022-02-15T16:10:14+08:00 ][ info ] [ LANG ] D:\phpstudy_pro\WWW\new_kefu\thinkphp\lang\zh-cn.php
[ info ] [ LOG ] INIT File
[ 2022-02-15T16:10:14+08:00 ][ info ] [ ROUTE ] array (
  'type' => 'module',
  'module' => 
  array (
    0 => 'scripts',
    1 => 'GetBaseInfo',
    2 => 'user_register',
  ),
)
[ 2022-02-15T16:10:14+08:00 ][ info ] [ HEADER ] array (
)
[ 2022-02-15T16:10:14+08:00 ][ info ] [ PARAM ] array (
  'g' => 'scripts',
  'm' => 'GetBaseInfo',
  'a' => 'user_register',
  'p' => 
  array (
    'platform' => 'zw',
  ),
)
[ 2022-02-15T16:10:14+08:00 ][ info ] [ RUN ] app\scripts\controller\GetBaseInfo->user_register[ D:\phpstudy_pro\WWW\new_kefu\application\scripts\controller\GetBaseInfo.php ]
[ 2022-02-15T16:10:14+08:00 ][ error ] [0]variable type error：array[D:\phpstudy_pro\WWW\new_kefu\thinkphp\library\think\Request.php:1162]
[ 2022-02-15T16:10:56+08:00 ][ info ] [ LANG ] D:\phpstudy_pro\WWW\new_kefu\thinkphp\lang\zh-cn.php
[ info ] [ LOG ] INIT File
[ 2022-02-15T16:10:56+08:00 ][ info ] [ ROUTE ] array (
  'type' => 'module',
  'module' => 
  array (
    0 => 'scripts',
    1 => 'GetBaseInfo',
    2 => 'user_register',
  ),
)
[ 2022-02-15T16:10:56+08:00 ][ info ] [ HEADER ] array (
)
[ 2022-02-15T16:10:56+08:00 ][ info ] [ PARAM ] array (
  'g' => 'scripts',
  'm' => 'GetBaseInfo',
  'a' => 'user_register',
  'p' => 
  array (
    'platform' => 'zw',
  ),
)
[ 2022-02-15T16:10:56+08:00 ][ info ] [ RUN ] app\scripts\controller\GetBaseInfo->user_register[ D:\phpstudy_pro\WWW\new_kefu\application\scripts\controller\GetBaseInfo.php ]
[ 2022-02-15T16:12:43+08:00 ][ info ] [ LANG ] D:\phpstudy_pro\WWW\new_kefu\thinkphp\lang\zh-cn.php
[ info ] [ LOG ] INIT File
[ 2022-02-15T16:12:43+08:00 ][ info ] [ ROUTE ] array (
  'type' => 'module',
  'module' => 
  array (
    0 => 'scripts',
    1 => 'GetBaseInfo',
    2 => 'user_register',
  ),
)
[ 2022-02-15T16:12:43+08:00 ][ info ] [ HEADER ] array (
)
[ 2022-02-15T16:12:43+08:00 ][ info ] [ PARAM ] array (
  'g' => 'scripts',
  'm' => 'GetBaseInfo',
  'a' => 'user_register',
  'p' => 
  array (
    'platform' => 'zw',
  ),
)
[ 2022-02-15T16:12:43+08:00 ][ info ] [ RUN ] app\scripts\controller\GetBaseInfo->user_register[ D:\phpstudy_pro\WWW\new_kefu\application\scripts\controller\GetBaseInfo.php ]
[ 2022-02-15T16:13:04+08:00 ][ info ] [ LANG ] D:\phpstudy_pro\WWW\new_kefu\thinkphp\lang\zh-cn.php
[ info ] [ LOG ] INIT File
[ 2022-02-15T16:13:04+08:00 ][ info ] [ ROUTE ] array (
  'type' => 'module',
  'module' => 
  array (
    0 => 'scripts',
    1 => 'GetBaseInfo',
    2 => 'user_register',
  ),
)
[ 2022-02-15T16:13:04+08:00 ][ info ] [ HEADER ] array (
)
[ 2022-02-15T16:13:04+08:00 ][ info ] [ PARAM ] array (
  'g' => 'scripts',
  'm' => 'GetBaseInfo',
  'a' => 'user_register',
  'p' => 
  array (
    'platform' => 'zw',
  ),
)
[ 2022-02-15T16:13:04+08:00 ][ info ] [ RUN ] app\scripts\controller\GetBaseInfo->user_register[ D:\phpstudy_pro\WWW\new_kefu\application\scripts\controller\GetBaseInfo.php ]
[ 2022-02-15T16:13:04+08:00 ][ error ] [0]Fatal error: Class 'common\server\GetBaseInfo\stdClass' not found[D:\phpstudy_pro\WWW\new_kefu\common\server\GetBaseInfo\GetBaseInfoServer.php:24]
[ 2022-02-15T16:14:00+08:00 ][ info ] [ LANG ] D:\phpstudy_pro\WWW\new_kefu\thinkphp\lang\zh-cn.php
[ info ] [ LOG ] INIT File
[ 2022-02-15T16:14:00+08:00 ][ info ] [ ROUTE ] array (
  'type' => 'module',
  'module' => 
  array (
    0 => 'scripts',
    1 => 'GetBaseInfo',
    2 => 'user_register',
  ),
)
[ 2022-02-15T16:14:00+08:00 ][ info ] [ HEADER ] array (
)
[ 2022-02-15T16:14:00+08:00 ][ info ] [ PARAM ] array (
  'g' => 'scripts',
  'm' => 'GetBaseInfo',
  'a' => 'user_register',
  'p' => 
  array (
    'platform' => 'zw',
  ),
)
[ 2022-02-15T16:14:00+08:00 ][ info ] [ RUN ] app\scripts\controller\GetBaseInfo->user_register[ D:\phpstudy_pro\WWW\new_kefu\application\scripts\controller\GetBaseInfo.php ]
[ 2022-02-15T16:14:00+08:00 ][ info ] [ CACHE ] INIT redis
[ 2022-02-15T16:14:00+08:00 ][ info ] [ DB ] INIT mysql
[ 2022-02-15T16:14:12+08:00 ][ info ] [ LANG ] D:\phpstudy_pro\WWW\new_kefu\thinkphp\lang\zh-cn.php
[ info ] [ LOG ] INIT File
[ 2022-02-15T16:14:12+08:00 ][ info ] [ ROUTE ] array (
  'type' => 'module',
  'module' => 
  array (
    0 => 'scripts',
    1 => 'GetBaseInfo',
    2 => 'user_register',
  ),
)
[ 2022-02-15T16:14:12+08:00 ][ info ] [ HEADER ] array (
)
[ 2022-02-15T16:14:12+08:00 ][ info ] [ PARAM ] array (
  'g' => 'scripts',
  'm' => 'GetBaseInfo',
  'a' => 'user_register',
  'p' => 
  array (
    'platform' => 'zw',
  ),
)
[ 2022-02-15T16:14:12+08:00 ][ info ] [ RUN ] app\scripts\controller\GetBaseInfo->user_register[ D:\phpstudy_pro\WWW\new_kefu\application\scripts\controller\GetBaseInfo.php ]
[ 2022-02-15T16:14:12+08:00 ][ info ] [ CACHE ] INIT redis
[ 2022-02-15T16:14:12+08:00 ][ error ] [8]Undefined index: [D:\phpstudy_pro\WWW\new_kefu\common\server\GetBaseInfo\GetBaseInfoServer.php:67]
[ 2022-02-15T16:14:36+08:00 ][ info ] [ LANG ] D:\phpstudy_pro\WWW\new_kefu\thinkphp\lang\zh-cn.php
[ info ] [ LOG ] INIT File
[ 2022-02-15T16:14:36+08:00 ][ info ] [ ROUTE ] array (
  'type' => 'module',
  'module' => 
  array (
    0 => 'scripts',
    1 => 'GetBaseInfo',
    2 => 'user_register',
  ),
)
[ 2022-02-15T16:14:36+08:00 ][ info ] [ HEADER ] array (
)
[ 2022-02-15T16:14:36+08:00 ][ info ] [ PARAM ] array (
  'g' => 'scripts',
  'm' => 'GetBaseInfo',
  'a' => 'user_register',
  'p' => 
  array (
    'platform' => 'zw',
  ),
)
[ 2022-02-15T16:14:36+08:00 ][ info ] [ RUN ] app\scripts\controller\GetBaseInfo->user_register[ D:\phpstudy_pro\WWW\new_kefu\application\scripts\controller\GetBaseInfo.php ]
[ 2022-02-15T16:14:36+08:00 ][ info ] [ CACHE ] INIT redis
[ 2022-02-15T16:16:47+08:00 ][ info ] [ LANG ] D:\phpstudy_pro\WWW\new_kefu\thinkphp\lang\zh-cn.php
[ info ] [ LOG ] INIT File
[ 2022-02-15T16:16:47+08:00 ][ info ] [ ROUTE ] array (
  'type' => 'module',
  'module' => 
  array (
    0 => 'scripts',
    1 => 'GetBaseInfo',
    2 => 'user_register',
  ),
)
[ 2022-02-15T16:16:47+08:00 ][ info ] [ HEADER ] array (
)
[ 2022-02-15T16:16:47+08:00 ][ info ] [ PARAM ] array (
  'g' => 'scripts',
  'm' => 'GetBaseInfo',
  'a' => 'user_register',
  'p' => 
  array (
    'platform' => 'zw',
  ),
)
[ 2022-02-15T16:16:47+08:00 ][ info ] [ RUN ] app\scripts\controller\GetBaseInfo->user_register[ D:\phpstudy_pro\WWW\new_kefu\application\scripts\controller\GetBaseInfo.php ]
[ 2022-02-15T16:16:47+08:00 ][ info ] [ CACHE ] INIT redis
[ 2022-02-15T16:17:05+08:00 ][ info ] [ LANG ] D:\phpstudy_pro\WWW\new_kefu\thinkphp\lang\zh-cn.php
[ info ] [ LOG ] INIT File
[ 2022-02-15T16:17:05+08:00 ][ info ] [ ROUTE ] array (
  'type' => 'module',
  'module' => 
  array (
    0 => 'scripts',
    1 => 'GetBaseInfo',
    2 => 'user_register',
  ),
)
[ 2022-02-15T16:17:05+08:00 ][ info ] [ HEADER ] array (
)
[ 2022-02-15T16:17:05+08:00 ][ info ] [ PARAM ] array (
  'g' => 'scripts',
  'm' => 'GetBaseInfo',
  'a' => 'user_register',
  'p' => 
  array (
    'platform' => 'zw',
  ),
)
[ 2022-02-15T16:17:05+08:00 ][ info ] [ RUN ] app\scripts\controller\GetBaseInfo->user_register[ D:\phpstudy_pro\WWW\new_kefu\application\scripts\controller\GetBaseInfo.php ]
[ 2022-02-15T16:17:05+08:00 ][ info ] [ CACHE ] INIT redis
[ 2022-02-15T16:18:04+08:00 ][ info ] [ LANG ] D:\phpstudy_pro\WWW\new_kefu\thinkphp\lang\zh-cn.php
[ info ] [ LOG ] INIT File
[ 2022-02-15T16:18:04+08:00 ][ info ] [ ROUTE ] array (
  'type' => 'module',
  'module' => 
  array (
    0 => 'scripts',
    1 => 'GetBaseInfo',
    2 => 'user_register',
  ),
)
[ 2022-02-15T16:18:04+08:00 ][ info ] [ HEADER ] array (
)
[ 2022-02-15T16:18:04+08:00 ][ info ] [ PARAM ] array (
  'g' => 'scripts',
  'm' => 'GetBaseInfo',
  'a' => 'user_register',
  'p' => 
  array (
    'platform' => 'zw',
  ),
)
[ 2022-02-15T16:18:04+08:00 ][ info ] [ RUN ] app\scripts\controller\GetBaseInfo->user_register[ D:\phpstudy_pro\WWW\new_kefu\application\scripts\controller\GetBaseInfo.php ]
[ 2022-02-15T16:19:53+08:00 ][ info ] [ LANG ] D:\phpstudy_pro\WWW\new_kefu\thinkphp\lang\zh-cn.php
[ info ] [ LOG ] INIT File
[ 2022-02-15T16:19:53+08:00 ][ info ] [ ROUTE ] array (
  'type' => 'module',
  'module' => 
  array (
    0 => 'scripts',
    1 => 'GetBaseInfo',
    2 => 'user_register',
  ),
)
[ 2022-02-15T16:19:53+08:00 ][ info ] [ HEADER ] array (
)
[ 2022-02-15T16:19:53+08:00 ][ info ] [ PARAM ] array (
  'g' => 'scripts',
  'm' => 'GetBaseInfo',
  'a' => 'user_register',
  'p' => 
  array (
    'platform' => 'zw',
    'id' => '1',
  ),
)
[ 2022-02-15T16:19:53+08:00 ][ info ] [ RUN ] app\scripts\controller\GetBaseInfo->user_register[ D:\phpstudy_pro\WWW\new_kefu\application\scripts\controller\GetBaseInfo.php ]
