[ 2022-02-17T10:36:46+08:00 ][ info ] [ LANG ] D:\phpstudy_pro\WWW\new_kefu\thinkphp\lang\zh-cn.php
[ info ] [ LOG ] INIT File
[ 2022-02-17T10:36:46+08:00 ][ info ] [ ROUTE ] array (
  'type' => 'module',
  'module' => 
  array (
    0 => 'scripts',
    1 => 'GetBaseInfo',
    2 => 'run',
  ),
)
[ 2022-02-17T10:36:46+08:00 ][ info ] [ HEADER ] array (
)
[ 2022-02-17T10:36:46+08:00 ][ info ] [ PARAM ] array (
  'g' => 'scripts',
  'm' => 'GetBaseInfo',
  'a' => 'run',
  'p' => 
  array (
    'action' => 'register',
    'platform' => 'zw',
  ),
)
[ 2022-02-17T10:36:46+08:00 ][ info ] [ CACHE ] INIT redis
[ 2022-02-17T10:36:46+08:00 ][ info ] [ DB ] INIT mysql
[ 2022-02-17T10:36:46+08:00 ][ info ] [ RUN ] app\scripts\controller\GetBaseInfo->run[ D:\phpstudy_pro\WWW\new_kefu\application\scripts\controller\GetBaseInfo.php ]
[ 2022-02-17T10:36:46+08:00 ][ info ] [ DB ] INIT mysql
[ 2022-02-17T10:36:46+08:00 ][ sql ] [ DB ] CONNECT:[ UseTime:0.011067s ] mysql:host=127.0.0.1;port=3306;dbname=gr_chat;charset=utf8
[ 2022-02-17T10:36:46+08:00 ][ sql ] [ SQL ] SHOW COLUMNS FROM `gr_run_log` [ RunTime:0.001450s ]
[ 2022-02-17T10:36:46+08:00 ][ sql ] [ SQL ] INSERT INTO `gr_run_log` (`controller` , `action` , `input_param` , `add_time` , `update_time`) VALUES ('script_GetBaseInfo' , 'userRegister' , '{\"action\":\"register\",\"platform\":\"zw\"}' , 1645065406 , 1645065406) [ RunTime:0.011894s ]
[ 2022-02-17T10:36:46+08:00 ][ error ] [0]Fatal error: Call to undefined method common\sql_server\GetBaseInfoSqlServer::excuteSQL()[D:\phpstudy_pro\WWW\new_kefu\common\sql_server\GetBaseInfoSqlServer.php:267]
[ 2022-02-17T14:55:17+08:00 ][ info ] [ LANG ] D:\phpstudy_pro\WWW\new_kefu\thinkphp\lang\zh-cn.php
[ info ] [ LOG ] INIT File
[ 2022-02-17T14:55:17+08:00 ][ info ] [ ROUTE ] array (
  'type' => 'module',
  'module' => 
  array (
    0 => 'scripts',
    1 => 'GetBaseInfo',
    2 => 'run',
  ),
)
[ 2022-02-17T14:55:17+08:00 ][ info ] [ HEADER ] array (
)
[ 2022-02-17T14:55:17+08:00 ][ info ] [ PARAM ] array (
  'g' => 'scripts',
  'm' => 'GetBaseInfo',
  'a' => 'run',
  'p' => 
  array (
    'action' => 'register',
    'platform' => 'zw',
  ),
)
[ 2022-02-17T14:55:17+08:00 ][ info ] [ CACHE ] INIT redis
[ 2022-02-17T14:55:17+08:00 ][ info ] [ DB ] INIT mysql
[ 2022-02-17T14:55:17+08:00 ][ info ] [ RUN ] app\scripts\controller\GetBaseInfo->run[ D:\phpstudy_pro\WWW\new_kefu\application\scripts\controller\GetBaseInfo.php ]
[ 2022-02-17T14:55:17+08:00 ][ info ] [ DB ] INIT mysql
[ 2022-02-17T14:55:17+08:00 ][ sql ] [ DB ] CONNECT:[ UseTime:0.001479s ] mysql:host=127.0.0.1;port=3306;dbname=gr_chat;charset=utf8
[ 2022-02-17T14:55:17+08:00 ][ sql ] [ SQL ] SHOW COLUMNS FROM `gr_run_log` [ RunTime:0.001149s ]
[ 2022-02-17T14:55:17+08:00 ][ sql ] [ SQL ] INSERT INTO `gr_run_log` (`controller` , `action` , `input_param` , `add_time` , `update_time`) VALUES ('script_GetBaseInfo' , 'userRegister' , '{\"action\":\"register\",\"platform\":\"zw\"}' , 1645080917 , 1645080917) [ RunTime:0.007296s ]
[ 2022-02-17T14:55:18+08:00 ][ error ] [8]Undefined property: common\sql_server\GetBaseInfoSqlServer::$platform[D:\phpstudy_pro\WWW\new_kefu\common\sql_server\GetBaseInfoSqlServer.php:229]
[ 2022-02-17T15:07:49+08:00 ][ info ] [ LANG ] D:\phpstudy_pro\WWW\new_kefu\thinkphp\lang\zh-cn.php
[ info ] [ LOG ] INIT File
[ 2022-02-17T15:07:49+08:00 ][ info ] [ ROUTE ] array (
  'type' => 'module',
  'module' => 
  array (
    0 => 'scripts',
    1 => 'GetBaseInfo',
    2 => 'run',
  ),
)
[ 2022-02-17T15:07:49+08:00 ][ info ] [ HEADER ] array (
)
[ 2022-02-17T15:07:49+08:00 ][ info ] [ PARAM ] array (
  'g' => 'scripts',
  'm' => 'GetBaseInfo',
  'a' => 'run',
  'p' => 
  array (
    'action' => 'register',
    'platform' => 'zw',
  ),
)
[ 2022-02-17T15:07:50+08:00 ][ info ] [ CACHE ] INIT redis
[ 2022-02-17T15:07:50+08:00 ][ info ] [ RUN ] app\scripts\controller\GetBaseInfo->run[ D:\phpstudy_pro\WWW\new_kefu\application\scripts\controller\GetBaseInfo.php ]
[ 2022-02-17T15:07:50+08:00 ][ info ] [ DB ] INIT mysql
[ 2022-02-17T15:07:50+08:00 ][ sql ] [ DB ] CONNECT:[ UseTime:0.002354s ] mysql:host=127.0.0.1;port=3306;dbname=gr_chat;charset=utf8
[ 2022-02-17T15:07:50+08:00 ][ sql ] [ SQL ] SHOW COLUMNS FROM `gr_run_log` [ RunTime:0.003505s ]
[ 2022-02-17T15:07:50+08:00 ][ sql ] [ SQL ] INSERT INTO `gr_run_log` (`controller` , `action` , `input_param` , `add_time` , `update_time`) VALUES ('script_GetBaseInfo' , 'userRegister' , '{\"action\":\"register\",\"platform\":\"zw\"}' , 1645081670 , 1645081670) [ RunTime:0.001463s ]
[ 2022-02-17T15:07:50+08:00 ][ error ] [8]Undefined property: common\sql_server\GetBaseInfoSqlServer::$platform[D:\phpstudy_pro\WWW\new_kefu\common\sql_server\GetBaseInfoSqlServer.php:231]
[ 2022-02-17T15:08:38+08:00 ][ info ] [ LANG ] D:\phpstudy_pro\WWW\new_kefu\thinkphp\lang\zh-cn.php
[ info ] [ LOG ] INIT File
[ 2022-02-17T15:08:38+08:00 ][ info ] [ ROUTE ] array (
  'type' => 'module',
  'module' => 
  array (
    0 => 'scripts',
    1 => 'GetBaseInfo',
    2 => 'run',
  ),
)
[ 2022-02-17T15:08:38+08:00 ][ info ] [ HEADER ] array (
)
[ 2022-02-17T15:08:38+08:00 ][ info ] [ PARAM ] array (
  'g' => 'scripts',
  'm' => 'GetBaseInfo',
  'a' => 'run',
  'p' => 
  array (
    'action' => 'register',
    'platform' => 'zw',
  ),
)
[ 2022-02-17T15:08:38+08:00 ][ info ] [ CACHE ] INIT redis
[ 2022-02-17T15:08:38+08:00 ][ info ] [ RUN ] app\scripts\controller\GetBaseInfo->run[ D:\phpstudy_pro\WWW\new_kefu\application\scripts\controller\GetBaseInfo.php ]
[ 2022-02-17T15:08:38+08:00 ][ info ] [ DB ] INIT mysql
[ 2022-02-17T15:08:38+08:00 ][ sql ] [ DB ] CONNECT:[ UseTime:0.001764s ] mysql:host=127.0.0.1;port=3306;dbname=gr_chat;charset=utf8
[ 2022-02-17T15:08:38+08:00 ][ sql ] [ SQL ] SHOW COLUMNS FROM `gr_run_log` [ RunTime:0.001305s ]
[ 2022-02-17T15:08:38+08:00 ][ sql ] [ SQL ] INSERT INTO `gr_run_log` (`controller` , `action` , `input_param` , `add_time` , `update_time`) VALUES ('script_GetBaseInfo' , 'userRegister' , '{\"action\":\"register\",\"platform\":\"zw\"}' , 1645081718 , 1645081718) [ RunTime:0.001205s ]
[ 2022-02-17T15:08:38+08:00 ][ error ] [8]Undefined property: common\sql_server\GetBaseInfoSqlServer::$platform[D:\phpstudy_pro\WWW\new_kefu\common\sql_server\GetBaseInfoSqlServer.php:230]
[ 2022-02-17T15:09:25+08:00 ][ info ] [ LANG ] D:\phpstudy_pro\WWW\new_kefu\thinkphp\lang\zh-cn.php
[ info ] [ LOG ] INIT File
[ 2022-02-17T15:09:25+08:00 ][ info ] [ ROUTE ] array (
  'type' => 'module',
  'module' => 
  array (
    0 => 'scripts',
    1 => 'GetBaseInfo',
    2 => 'run',
  ),
)
[ 2022-02-17T15:09:25+08:00 ][ info ] [ HEADER ] array (
)
[ 2022-02-17T15:09:25+08:00 ][ info ] [ PARAM ] array (
  'g' => 'scripts',
  'm' => 'GetBaseInfo',
  'a' => 'run',
  'p' => 
  array (
    'action' => 'register',
    'platform' => 'zw',
  ),
)
[ 2022-02-17T15:09:25+08:00 ][ info ] [ CACHE ] INIT redis
[ 2022-02-17T15:09:25+08:00 ][ info ] [ RUN ] app\scripts\controller\GetBaseInfo->run[ D:\phpstudy_pro\WWW\new_kefu\application\scripts\controller\GetBaseInfo.php ]
[ 2022-02-17T15:09:25+08:00 ][ info ] [ DB ] INIT mysql
[ 2022-02-17T15:09:25+08:00 ][ sql ] [ DB ] CONNECT:[ UseTime:0.001527s ] mysql:host=127.0.0.1;port=3306;dbname=gr_chat;charset=utf8
[ 2022-02-17T15:09:25+08:00 ][ sql ] [ SQL ] SHOW COLUMNS FROM `gr_run_log` [ RunTime:0.001125s ]
[ 2022-02-17T15:09:25+08:00 ][ sql ] [ SQL ] INSERT INTO `gr_run_log` (`controller` , `action` , `input_param` , `add_time` , `update_time`) VALUES ('script_GetBaseInfo' , 'userRegister' , '{\"action\":\"register\",\"platform\":\"zw\"}' , 1645081765 , 1645081765) [ RunTime:0.001139s ]
[ 2022-02-17T15:11:46+08:00 ][ info ] [ LANG ] D:\phpstudy_pro\WWW\new_kefu\thinkphp\lang\zh-cn.php
[ info ] [ LOG ] INIT File
[ 2022-02-17T15:11:46+08:00 ][ info ] [ ROUTE ] array (
  'type' => 'module',
  'module' => 
  array (
    0 => 'scripts',
    1 => 'GetBaseInfo',
    2 => 'run',
  ),
)
[ 2022-02-17T15:11:46+08:00 ][ info ] [ HEADER ] array (
)
[ 2022-02-17T15:11:46+08:00 ][ info ] [ PARAM ] array (
  'g' => 'scripts',
  'm' => 'GetBaseInfo',
  'a' => 'run',
  'p' => 
  array (
    'action' => 'register',
    'platform' => 'zw',
  ),
)
[ 2022-02-17T15:11:46+08:00 ][ info ] [ CACHE ] INIT redis
[ 2022-02-17T15:11:46+08:00 ][ info ] [ RUN ] app\scripts\controller\GetBaseInfo->run[ D:\phpstudy_pro\WWW\new_kefu\application\scripts\controller\GetBaseInfo.php ]
[ 2022-02-17T15:11:46+08:00 ][ info ] [ DB ] INIT mysql
[ 2022-02-17T15:11:46+08:00 ][ sql ] [ DB ] CONNECT:[ UseTime:0.001525s ] mysql:host=127.0.0.1;port=3306;dbname=gr_chat;charset=utf8
[ 2022-02-17T15:11:46+08:00 ][ sql ] [ SQL ] SHOW COLUMNS FROM `gr_run_log` [ RunTime:0.001231s ]
[ 2022-02-17T15:11:46+08:00 ][ sql ] [ SQL ] INSERT INTO `gr_run_log` (`controller` , `action` , `input_param` , `add_time` , `update_time`) VALUES ('script_GetBaseInfo' , 'userRegister' , '{\"action\":\"register\",\"platform\":\"zw\"}' , 1645081906 , 1645081906) [ RunTime:0.001130s ]
[ 2022-02-17T15:12:02+08:00 ][ info ] [ LANG ] D:\phpstudy_pro\WWW\new_kefu\thinkphp\lang\zh-cn.php
[ info ] [ LOG ] INIT File
[ 2022-02-17T15:12:02+08:00 ][ info ] [ ROUTE ] array (
  'type' => 'module',
  'module' => 
  array (
    0 => 'scripts',
    1 => 'GetBaseInfo',
    2 => 'run',
  ),
)
[ 2022-02-17T15:12:02+08:00 ][ info ] [ HEADER ] array (
)
[ 2022-02-17T15:12:02+08:00 ][ info ] [ PARAM ] array (
  'g' => 'scripts',
  'm' => 'GetBaseInfo',
  'a' => 'run',
  'p' => 
  array (
    'action' => 'register',
    'platform' => 'zw',
  ),
)
[ 2022-02-17T15:12:02+08:00 ][ info ] [ CACHE ] INIT redis
[ 2022-02-17T15:12:03+08:00 ][ info ] [ RUN ] app\scripts\controller\GetBaseInfo->run[ D:\phpstudy_pro\WWW\new_kefu\application\scripts\controller\GetBaseInfo.php ]
[ 2022-02-17T15:12:03+08:00 ][ info ] [ DB ] INIT mysql
[ 2022-02-17T15:12:03+08:00 ][ sql ] [ DB ] CONNECT:[ UseTime:0.001402s ] mysql:host=127.0.0.1;port=3306;dbname=gr_chat;charset=utf8
[ 2022-02-17T15:12:03+08:00 ][ sql ] [ SQL ] SHOW COLUMNS FROM `gr_run_log` [ RunTime:0.001100s ]
[ 2022-02-17T15:12:03+08:00 ][ sql ] [ SQL ] INSERT INTO `gr_run_log` (`controller` , `action` , `input_param` , `add_time` , `update_time`) VALUES ('script_GetBaseInfo' , 'userRegister' , '{\"action\":\"register\",\"platform\":\"zw\"}' , 1645081923 , 1645081923) [ RunTime:0.000815s ]
[ 2022-02-17T15:12:45+08:00 ][ info ] [ LANG ] D:\phpstudy_pro\WWW\new_kefu\thinkphp\lang\zh-cn.php
[ info ] [ LOG ] INIT File
[ 2022-02-17T15:12:45+08:00 ][ info ] [ ROUTE ] array (
  'type' => 'module',
  'module' => 
  array (
    0 => 'scripts',
    1 => 'GetBaseInfo',
    2 => 'run',
  ),
)
[ 2022-02-17T15:12:45+08:00 ][ info ] [ HEADER ] array (
)
[ 2022-02-17T15:12:45+08:00 ][ info ] [ PARAM ] array (
  'g' => 'scripts',
  'm' => 'GetBaseInfo',
  'a' => 'run',
  'p' => 
  array (
    'action' => 'register',
    'platform' => 'zw',
  ),
)
[ 2022-02-17T15:12:45+08:00 ][ info ] [ CACHE ] INIT redis
[ 2022-02-17T15:12:45+08:00 ][ info ] [ RUN ] app\scripts\controller\GetBaseInfo->run[ D:\phpstudy_pro\WWW\new_kefu\application\scripts\controller\GetBaseInfo.php ]
[ 2022-02-17T15:12:52+08:00 ][ info ] [ LANG ] D:\phpstudy_pro\WWW\new_kefu\thinkphp\lang\zh-cn.php
[ info ] [ LOG ] INIT File
[ 2022-02-17T15:12:52+08:00 ][ info ] [ ROUTE ] array (
  'type' => 'module',
  'module' => 
  array (
    0 => 'scripts',
    1 => 'GetBaseInfo',
    2 => 'run',
  ),
)
[ 2022-02-17T15:12:52+08:00 ][ info ] [ HEADER ] array (
)
[ 2022-02-17T15:12:52+08:00 ][ info ] [ PARAM ] array (
  'g' => 'scripts',
  'm' => 'GetBaseInfo',
  'a' => 'run',
  'p' => 
  array (
    'action' => 'register',
    'platform' => 'zw',
  ),
)
[ 2022-02-17T15:12:52+08:00 ][ info ] [ CACHE ] INIT redis
[ 2022-02-17T15:12:52+08:00 ][ info ] [ RUN ] app\scripts\controller\GetBaseInfo->run[ D:\phpstudy_pro\WWW\new_kefu\application\scripts\controller\GetBaseInfo.php ]
[ 2022-02-17T15:12:52+08:00 ][ info ] [ DB ] INIT mysql
[ 2022-02-17T15:12:52+08:00 ][ sql ] [ DB ] CONNECT:[ UseTime:0.001646s ] mysql:host=127.0.0.1;port=3306;dbname=gr_chat;charset=utf8
[ 2022-02-17T15:12:52+08:00 ][ sql ] [ SQL ] SHOW COLUMNS FROM `gr_run_log` [ RunTime:0.001173s ]
[ 2022-02-17T15:12:52+08:00 ][ sql ] [ SQL ] INSERT INTO `gr_run_log` (`controller` , `action` , `input_param` , `add_time` , `update_time`) VALUES ('script_GetBaseInfo' , 'userRegister' , '{\"action\":\"register\",\"platform\":\"zw\"}' , 1645081972 , 1645081972) [ RunTime:0.001304s ]
[ 2022-02-17T15:13:12+08:00 ][ info ] [ LANG ] D:\phpstudy_pro\WWW\new_kefu\thinkphp\lang\zh-cn.php
[ info ] [ LOG ] INIT File
[ 2022-02-17T15:13:12+08:00 ][ info ] [ ROUTE ] array (
  'type' => 'module',
  'module' => 
  array (
    0 => 'scripts',
    1 => 'GetBaseInfo',
    2 => 'run',
  ),
)
[ 2022-02-17T15:13:12+08:00 ][ info ] [ HEADER ] array (
)
[ 2022-02-17T15:13:12+08:00 ][ info ] [ PARAM ] array (
  'g' => 'scripts',
  'm' => 'GetBaseInfo',
  'a' => 'run',
  'p' => 
  array (
    'action' => 'register',
    'platform' => 'zw',
  ),
)
[ 2022-02-17T15:13:12+08:00 ][ info ] [ CACHE ] INIT redis
[ 2022-02-17T15:13:12+08:00 ][ info ] [ RUN ] app\scripts\controller\GetBaseInfo->run[ D:\phpstudy_pro\WWW\new_kefu\application\scripts\controller\GetBaseInfo.php ]
[ 2022-02-17T15:13:12+08:00 ][ info ] [ DB ] INIT mysql
[ 2022-02-17T15:13:12+08:00 ][ sql ] [ DB ] CONNECT:[ UseTime:0.001268s ] mysql:host=127.0.0.1;port=3306;dbname=gr_chat;charset=utf8
[ 2022-02-17T15:13:12+08:00 ][ sql ] [ SQL ] SHOW COLUMNS FROM `gr_run_log` [ RunTime:0.001403s ]
[ 2022-02-17T15:13:12+08:00 ][ sql ] [ SQL ] INSERT INTO `gr_run_log` (`controller` , `action` , `input_param` , `add_time` , `update_time`) VALUES ('script_GetBaseInfo' , 'userRegister' , '{\"action\":\"register\",\"platform\":\"zw\"}' , 1645081992 , 1645081992) [ RunTime:0.001167s ]
[ 2022-02-17T15:14:07+08:00 ][ info ] [ LANG ] D:\phpstudy_pro\WWW\new_kefu\thinkphp\lang\zh-cn.php
[ info ] [ LOG ] INIT File
[ 2022-02-17T15:14:07+08:00 ][ info ] [ ROUTE ] array (
  'type' => 'module',
  'module' => 
  array (
    0 => 'scripts',
    1 => 'GetBaseInfo',
    2 => 'run',
  ),
)
[ 2022-02-17T15:14:07+08:00 ][ info ] [ HEADER ] array (
)
[ 2022-02-17T15:14:07+08:00 ][ info ] [ PARAM ] array (
  'g' => 'scripts',
  'm' => 'GetBaseInfo',
  'a' => 'run',
  'p' => 
  array (
    'action' => 'register',
    'platform' => 'zw',
  ),
)
[ 2022-02-17T15:14:07+08:00 ][ info ] [ CACHE ] INIT redis
[ 2022-02-17T15:14:07+08:00 ][ info ] [ RUN ] app\scripts\controller\GetBaseInfo->run[ D:\phpstudy_pro\WWW\new_kefu\application\scripts\controller\GetBaseInfo.php ]
[ 2022-02-17T15:14:07+08:00 ][ info ] [ DB ] INIT mysql
[ 2022-02-17T15:14:07+08:00 ][ sql ] [ DB ] CONNECT:[ UseTime:0.001588s ] mysql:host=127.0.0.1;port=3306;dbname=gr_chat;charset=utf8
[ 2022-02-17T15:14:07+08:00 ][ sql ] [ SQL ] SHOW COLUMNS FROM `gr_run_log` [ RunTime:0.000866s ]
[ 2022-02-17T15:14:07+08:00 ][ sql ] [ SQL ] INSERT INTO `gr_run_log` (`controller` , `action` , `input_param` , `add_time` , `update_time`) VALUES ('script_GetBaseInfo' , 'userRegister' , '{\"action\":\"register\",\"platform\":\"zw\"}' , 1645082047 , 1645082047) [ RunTime:0.001446s ]
[ 2022-02-17T15:14:24+08:00 ][ info ] [ LANG ] D:\phpstudy_pro\WWW\new_kefu\thinkphp\lang\zh-cn.php
[ info ] [ LOG ] INIT File
[ 2022-02-17T15:14:24+08:00 ][ info ] [ ROUTE ] array (
  'type' => 'module',
  'module' => 
  array (
    0 => 'scripts',
    1 => 'GetBaseInfo',
    2 => 'run',
  ),
)
[ 2022-02-17T15:14:24+08:00 ][ info ] [ HEADER ] array (
)
[ 2022-02-17T15:14:24+08:00 ][ info ] [ PARAM ] array (
  'g' => 'scripts',
  'm' => 'GetBaseInfo',
  'a' => 'run',
  'p' => 
  array (
    'action' => 'register',
    'platform' => 'zw',
  ),
)
[ 2022-02-17T15:14:24+08:00 ][ info ] [ CACHE ] INIT redis
[ 2022-02-17T15:14:24+08:00 ][ info ] [ RUN ] app\scripts\controller\GetBaseInfo->run[ D:\phpstudy_pro\WWW\new_kefu\application\scripts\controller\GetBaseInfo.php ]
[ 2022-02-17T15:14:24+08:00 ][ info ] [ DB ] INIT mysql
[ 2022-02-17T15:14:24+08:00 ][ sql ] [ DB ] CONNECT:[ UseTime:0.001356s ] mysql:host=127.0.0.1;port=3306;dbname=gr_chat;charset=utf8
[ 2022-02-17T15:14:24+08:00 ][ sql ] [ SQL ] SHOW COLUMNS FROM `gr_run_log` [ RunTime:0.001129s ]
[ 2022-02-17T15:14:24+08:00 ][ sql ] [ SQL ] INSERT INTO `gr_run_log` (`controller` , `action` , `input_param` , `add_time` , `update_time`) VALUES ('script_GetBaseInfo' , 'userRegister' , '{\"action\":\"register\",\"platform\":\"zw\"}' , 1645082064 , 1645082064) [ RunTime:0.001116s ]
[ 2022-02-17T15:14:38+08:00 ][ info ] [ LANG ] D:\phpstudy_pro\WWW\new_kefu\thinkphp\lang\zh-cn.php
[ info ] [ LOG ] INIT File
[ 2022-02-17T15:14:38+08:00 ][ info ] [ ROUTE ] array (
  'type' => 'module',
  'module' => 
  array (
    0 => 'scripts',
    1 => 'GetBaseInfo',
    2 => 'run',
  ),
)
[ 2022-02-17T15:14:38+08:00 ][ info ] [ HEADER ] array (
)
[ 2022-02-17T15:14:38+08:00 ][ info ] [ PARAM ] array (
  'g' => 'scripts',
  'm' => 'GetBaseInfo',
  'a' => 'run',
  'p' => 
  array (
    'action' => 'register',
    'platform' => 'zw',
  ),
)
[ 2022-02-17T15:14:38+08:00 ][ info ] [ CACHE ] INIT redis
[ 2022-02-17T15:14:38+08:00 ][ info ] [ RUN ] app\scripts\controller\GetBaseInfo->run[ D:\phpstudy_pro\WWW\new_kefu\application\scripts\controller\GetBaseInfo.php ]
[ 2022-02-17T15:14:38+08:00 ][ info ] [ DB ] INIT mysql
[ 2022-02-17T15:14:38+08:00 ][ sql ] [ DB ] CONNECT:[ UseTime:0.001331s ] mysql:host=127.0.0.1;port=3306;dbname=gr_chat;charset=utf8
[ 2022-02-17T15:14:38+08:00 ][ sql ] [ SQL ] SHOW COLUMNS FROM `gr_run_log` [ RunTime:0.000892s ]
[ 2022-02-17T15:14:38+08:00 ][ sql ] [ SQL ] INSERT INTO `gr_run_log` (`controller` , `action` , `input_param` , `add_time` , `update_time`) VALUES ('script_GetBaseInfo' , 'userRegister' , '{\"action\":\"register\",\"platform\":\"zw\"}' , 1645082078 , 1645082078) [ RunTime:0.001166s ]
[ 2022-02-17T15:14:59+08:00 ][ info ] [ LANG ] D:\phpstudy_pro\WWW\new_kefu\thinkphp\lang\zh-cn.php
[ info ] [ LOG ] INIT File
[ 2022-02-17T15:14:59+08:00 ][ info ] [ ROUTE ] array (
  'type' => 'module',
  'module' => 
  array (
    0 => 'scripts',
    1 => 'GetBaseInfo',
    2 => 'run',
  ),
)
[ 2022-02-17T15:14:59+08:00 ][ info ] [ HEADER ] array (
)
[ 2022-02-17T15:14:59+08:00 ][ info ] [ PARAM ] array (
  'g' => 'scripts',
  'm' => 'GetBaseInfo',
  'a' => 'run',
  'p' => 
  array (
    'action' => 'register',
    'platform' => 'zw',
  ),
)
[ 2022-02-17T15:14:59+08:00 ][ info ] [ CACHE ] INIT redis
[ 2022-02-17T15:14:59+08:00 ][ info ] [ RUN ] app\scripts\controller\GetBaseInfo->run[ D:\phpstudy_pro\WWW\new_kefu\application\scripts\controller\GetBaseInfo.php ]
[ 2022-02-17T15:14:59+08:00 ][ info ] [ DB ] INIT mysql
[ 2022-02-17T15:14:59+08:00 ][ sql ] [ DB ] CONNECT:[ UseTime:0.001296s ] mysql:host=127.0.0.1;port=3306;dbname=gr_chat;charset=utf8
[ 2022-02-17T15:14:59+08:00 ][ sql ] [ SQL ] SHOW COLUMNS FROM `gr_run_log` [ RunTime:0.003086s ]
[ 2022-02-17T15:14:59+08:00 ][ sql ] [ SQL ] INSERT INTO `gr_run_log` (`controller` , `action` , `input_param` , `add_time` , `update_time`) VALUES ('script_GetBaseInfo' , 'userRegister' , '{\"action\":\"register\",\"platform\":\"zw\"}' , 1645082099 , 1645082099) [ RunTime:0.001155s ]
[ 2022-02-17T15:14:59+08:00 ][ info ] [ DB ] INIT mysql
[ 2022-02-17T15:14:59+08:00 ][ error ] [0]Fatal error: Call to a member function toArray() on array[D:\phpstudy_pro\WWW\new_kefu\common\sql_server\GetBaseInfoSqlServer.php:233]
[ 2022-02-17T15:15:24+08:00 ][ info ] [ LANG ] D:\phpstudy_pro\WWW\new_kefu\thinkphp\lang\zh-cn.php
[ info ] [ LOG ] INIT File
[ 2022-02-17T15:15:24+08:00 ][ info ] [ ROUTE ] array (
  'type' => 'module',
  'module' => 
  array (
    0 => 'scripts',
    1 => 'GetBaseInfo',
    2 => 'run',
  ),
)
[ 2022-02-17T15:15:24+08:00 ][ info ] [ HEADER ] array (
)
[ 2022-02-17T15:15:24+08:00 ][ info ] [ PARAM ] array (
  'g' => 'scripts',
  'm' => 'GetBaseInfo',
  'a' => 'run',
  'p' => 
  array (
    'action' => 'register',
    'platform' => 'zw',
  ),
)
[ 2022-02-17T15:15:24+08:00 ][ info ] [ CACHE ] INIT redis
[ 2022-02-17T15:15:24+08:00 ][ info ] [ RUN ] app\scripts\controller\GetBaseInfo->run[ D:\phpstudy_pro\WWW\new_kefu\application\scripts\controller\GetBaseInfo.php ]
[ 2022-02-17T15:15:24+08:00 ][ info ] [ DB ] INIT mysql
[ 2022-02-17T15:15:25+08:00 ][ sql ] [ DB ] CONNECT:[ UseTime:0.001174s ] mysql:host=127.0.0.1;port=3306;dbname=gr_chat;charset=utf8
[ 2022-02-17T15:15:25+08:00 ][ sql ] [ SQL ] SHOW COLUMNS FROM `gr_run_log` [ RunTime:0.002457s ]
[ 2022-02-17T15:15:25+08:00 ][ sql ] [ SQL ] INSERT INTO `gr_run_log` (`controller` , `action` , `input_param` , `add_time` , `update_time`) VALUES ('script_GetBaseInfo' , 'userRegister' , '{\"action\":\"register\",\"platform\":\"zw\"}' , 1645082125 , 1645082125) [ RunTime:0.001159s ]
[ 2022-02-17T15:15:25+08:00 ][ info ] [ DB ] INIT mysql
[ 2022-02-17T15:15:52+08:00 ][ info ] [ LANG ] D:\phpstudy_pro\WWW\new_kefu\thinkphp\lang\zh-cn.php
[ info ] [ LOG ] INIT File
[ 2022-02-17T15:15:52+08:00 ][ info ] [ ROUTE ] array (
  'type' => 'module',
  'module' => 
  array (
    0 => 'scripts',
    1 => 'GetBaseInfo',
    2 => 'run',
  ),
)
[ 2022-02-17T15:15:52+08:00 ][ info ] [ HEADER ] array (
)
[ 2022-02-17T15:15:52+08:00 ][ info ] [ PARAM ] array (
  'g' => 'scripts',
  'm' => 'GetBaseInfo',
  'a' => 'run',
  'p' => 
  array (
    'action' => 'register',
    'platform' => 'zw',
  ),
)
[ 2022-02-17T15:15:52+08:00 ][ info ] [ CACHE ] INIT redis
[ 2022-02-17T15:15:52+08:00 ][ info ] [ RUN ] app\scripts\controller\GetBaseInfo->run[ D:\phpstudy_pro\WWW\new_kefu\application\scripts\controller\GetBaseInfo.php ]
[ 2022-02-17T15:15:52+08:00 ][ info ] [ DB ] INIT mysql
[ 2022-02-17T15:15:52+08:00 ][ sql ] [ DB ] CONNECT:[ UseTime:0.001608s ] mysql:host=127.0.0.1;port=3306;dbname=gr_chat;charset=utf8
[ 2022-02-17T15:15:52+08:00 ][ sql ] [ SQL ] SHOW COLUMNS FROM `gr_run_log` [ RunTime:0.001315s ]
[ 2022-02-17T15:15:52+08:00 ][ sql ] [ SQL ] INSERT INTO `gr_run_log` (`controller` , `action` , `input_param` , `add_time` , `update_time`) VALUES ('script_GetBaseInfo' , 'userRegister' , '{\"action\":\"register\",\"platform\":\"zw\"}' , 1645082152 , 1645082152) [ RunTime:0.001173s ]
[ 2022-02-17T15:15:52+08:00 ][ info ] [ DB ] INIT mysql
[ 2022-02-17T15:15:52+08:00 ][ sql ] [ SQL ] UPDATE `gr_run_log`  SET `status`=1,`update_time`=1645082152  WHERE  `id` = 22 [ RunTime:0.010178s ]
[ 2022-02-17T15:48:56+08:00 ][ info ] [ LANG ] D:\phpstudy_pro\WWW\new_kefu\thinkphp\lang\zh-cn.php
[ info ] [ LOG ] INIT File
[ 2022-02-17T15:48:56+08:00 ][ info ] [ ROUTE ] array (
  'type' => 'module',
  'module' => 
  array (
    0 => 'scripts',
    1 => 'GetUserInfo',
    2 => 'run',
  ),
)
[ 2022-02-17T15:48:56+08:00 ][ info ] [ HEADER ] array (
)
[ 2022-02-17T15:48:56+08:00 ][ info ] [ PARAM ] array (
  'g' => 'scripts',
  'm' => 'GetUserInfo',
  'a' => 'run',
  'p' => 
  array (
    'action' => 'register',
    'platform' => 'zw',
  ),
)
[ 2022-02-17T15:50:01+08:00 ][ info ] [ LANG ] D:\phpstudy_pro\WWW\new_kefu\thinkphp\lang\zh-cn.php
[ info ] [ LOG ] INIT File
[ 2022-02-17T15:50:01+08:00 ][ info ] [ ROUTE ] array (
  'type' => 'module',
  'module' => 
  array (
    0 => 'scripts',
    1 => 'GetBaseInfo',
    2 => 'run',
  ),
)
[ 2022-02-17T15:50:01+08:00 ][ info ] [ HEADER ] array (
)
[ 2022-02-17T15:50:01+08:00 ][ info ] [ PARAM ] array (
  'g' => 'scripts',
  'm' => 'GetBaseInfo',
  'a' => 'run',
  'p' => 
  array (
    'action' => 'register',
    'platform' => 'zw',
  ),
)
[ 2022-02-17T15:50:01+08:00 ][ info ] [ CACHE ] INIT redis
[ 2022-02-17T15:50:01+08:00 ][ info ] [ DB ] INIT mysql
[ 2022-02-17T15:50:01+08:00 ][ info ] [ RUN ] app\scripts\controller\GetBaseInfo->run[ D:\phpstudy_pro\WWW\new_kefu\application\scripts\controller\GetBaseInfo.php ]
[ 2022-02-17T15:50:01+08:00 ][ info ] [ DB ] INIT mysql
[ 2022-02-17T15:50:01+08:00 ][ sql ] [ DB ] CONNECT:[ UseTime:0.010953s ] mysql:host=127.0.0.1;port=3306;dbname=gr_chat;charset=utf8
[ 2022-02-17T15:50:01+08:00 ][ sql ] [ SQL ] SHOW COLUMNS FROM `gr_run_log` [ RunTime:0.003869s ]
[ 2022-02-17T15:50:01+08:00 ][ sql ] [ SQL ] INSERT INTO `gr_run_log` (`controller` , `action` , `input_param` , `add_time` , `update_time`) VALUES ('script_GetBaseInfo' , 'userRegister' , '{\"action\":\"register\",\"platform\":\"zw\"}' , 1645084201 , 1645084201) [ RunTime:0.001482s ]
[ 2022-02-17T15:50:02+08:00 ][ sql ] [ SQL ] UPDATE `gr_run_log`  SET `status`=1,`update_time`=1645084202  WHERE  `id` = 23 [ RunTime:0.000870s ]
[ 2022-02-17T15:51:27+08:00 ][ info ] [ LANG ] D:\phpstudy_pro\WWW\new_kefu\thinkphp\lang\zh-cn.php
[ info ] [ LOG ] INIT File
[ 2022-02-17T15:51:27+08:00 ][ info ] [ ROUTE ] array (
  'type' => 'module',
  'module' => 
  array (
    0 => 'scripts',
    1 => 'GetBaseInfo',
    2 => 'run',
  ),
)
[ 2022-02-17T15:51:27+08:00 ][ info ] [ HEADER ] array (
)
[ 2022-02-17T15:51:27+08:00 ][ info ] [ PARAM ] array (
  'g' => 'scripts',
  'm' => 'GetBaseInfo',
  'a' => 'run',
  'p' => 
  array (
    'action' => 'register',
    'platform' => 'zw',
    'start_time' => '2022-02-16',
    'end_time' => '2022-02-17',
  ),
)
[ 2022-02-17T15:51:27+08:00 ][ info ] [ CACHE ] INIT redis
[ 2022-02-17T15:51:27+08:00 ][ info ] [ RUN ] app\scripts\controller\GetBaseInfo->run[ D:\phpstudy_pro\WWW\new_kefu\application\scripts\controller\GetBaseInfo.php ]
[ 2022-02-17T15:52:01+08:00 ][ info ] [ LANG ] D:\phpstudy_pro\WWW\new_kefu\thinkphp\lang\zh-cn.php
[ info ] [ LOG ] INIT File
[ 2022-02-17T15:52:01+08:00 ][ info ] [ ROUTE ] array (
  'type' => 'module',
  'module' => 
  array (
    0 => 'scripts',
    1 => 'GetBaseInfo',
    2 => 'run',
  ),
)
[ 2022-02-17T15:52:01+08:00 ][ info ] [ HEADER ] array (
)
[ 2022-02-17T15:52:01+08:00 ][ info ] [ PARAM ] array (
  'g' => 'scripts',
  'm' => 'GetBaseInfo',
  'a' => 'run',
  'p' => 
  array (
    'action' => 'register',
    'platform' => 'zw',
    'start_time' => '2022-02-16',
    'end_time' => '2022-02-17',
  ),
)
[ 2022-02-17T15:52:01+08:00 ][ info ] [ CACHE ] INIT redis
[ 2022-02-17T15:52:01+08:00 ][ info ] [ RUN ] app\scripts\controller\GetBaseInfo->run[ D:\phpstudy_pro\WWW\new_kefu\application\scripts\controller\GetBaseInfo.php ]
[ 2022-02-17T15:52:01+08:00 ][ info ] [ DB ] INIT mysql
[ 2022-02-17T15:52:01+08:00 ][ sql ] [ DB ] CONNECT:[ UseTime:0.011603s ] mysql:host=127.0.0.1;port=3306;dbname=gr_chat;charset=utf8
[ 2022-02-17T15:52:01+08:00 ][ sql ] [ SQL ] SHOW COLUMNS FROM `gr_run_log` [ RunTime:0.002259s ]
[ 2022-02-17T15:52:01+08:00 ][ sql ] [ SQL ] INSERT INTO `gr_run_log` (`controller` , `action` , `input_param` , `add_time` , `update_time`) VALUES ('script_GetBaseInfo' , 'userRegister' , '{\"action\":\"register\",\"platform\":\"zw\",\"start_time\":\"2022-02-16\",\"end_time\":\"2022-02-17\"}' , 1645084321 , 1645084321) [ RunTime:0.001281s ]
[ 2022-02-17T15:52:01+08:00 ][ sql ] [ SQL ] UPDATE `gr_run_log`  SET `out_param`='start_time must be less than the end_time',`status`=1,`update_time`=1645084321  WHERE  `id` = 24 [ RunTime:0.000886s ]
[ 2022-02-17T15:52:26+08:00 ][ info ] [ LANG ] D:\phpstudy_pro\WWW\new_kefu\thinkphp\lang\zh-cn.php
[ info ] [ LOG ] INIT File
[ 2022-02-17T15:52:26+08:00 ][ info ] [ ROUTE ] array (
  'type' => 'module',
  'module' => 
  array (
    0 => 'scripts',
    1 => 'GetBaseInfo',
    2 => 'run',
  ),
)
[ 2022-02-17T15:52:26+08:00 ][ info ] [ HEADER ] array (
)
[ 2022-02-17T15:52:26+08:00 ][ info ] [ PARAM ] array (
  'g' => 'scripts',
  'm' => 'GetBaseInfo',
  'a' => 'run',
  'p' => 
  array (
    'action' => 'register',
    'platform' => 'zw',
    'start_time' => '2022-02-16',
    'end_time' => '2022-02-17',
  ),
)
[ 2022-02-17T15:52:26+08:00 ][ info ] [ CACHE ] INIT redis
[ 2022-02-17T15:52:26+08:00 ][ info ] [ RUN ] app\scripts\controller\GetBaseInfo->run[ D:\phpstudy_pro\WWW\new_kefu\application\scripts\controller\GetBaseInfo.php ]
[ 2022-02-17T15:52:33+08:00 ][ info ] [ LANG ] D:\phpstudy_pro\WWW\new_kefu\thinkphp\lang\zh-cn.php
[ info ] [ LOG ] INIT File
[ 2022-02-17T15:52:33+08:00 ][ info ] [ ROUTE ] array (
  'type' => 'module',
  'module' => 
  array (
    0 => 'scripts',
    1 => 'GetBaseInfo',
    2 => 'run',
  ),
)
[ 2022-02-17T15:52:33+08:00 ][ info ] [ HEADER ] array (
)
[ 2022-02-17T15:52:33+08:00 ][ info ] [ PARAM ] array (
  'g' => 'scripts',
  'm' => 'GetBaseInfo',
  'a' => 'run',
  'p' => 
  array (
    'action' => 'register',
    'platform' => 'zw',
    'start_time' => '2022-02-16',
    'end_time' => '2022-02-17',
  ),
)
[ 2022-02-17T15:52:33+08:00 ][ info ] [ CACHE ] INIT redis
[ 2022-02-17T15:52:33+08:00 ][ info ] [ RUN ] app\scripts\controller\GetBaseInfo->run[ D:\phpstudy_pro\WWW\new_kefu\application\scripts\controller\GetBaseInfo.php ]
[ 2022-02-17T15:52:33+08:00 ][ info ] [ DB ] INIT mysql
[ 2022-02-17T15:52:33+08:00 ][ sql ] [ DB ] CONNECT:[ UseTime:0.001230s ] mysql:host=127.0.0.1;port=3306;dbname=gr_chat;charset=utf8
[ 2022-02-17T15:52:33+08:00 ][ sql ] [ SQL ] SHOW COLUMNS FROM `gr_run_log` [ RunTime:0.002318s ]
[ 2022-02-17T15:52:33+08:00 ][ sql ] [ SQL ] INSERT INTO `gr_run_log` (`controller` , `action` , `input_param` , `add_time` , `update_time`) VALUES ('script_GetBaseInfo' , 'userRegister' , '{\"action\":\"register\",\"platform\":\"zw\",\"start_time\":\"2022-02-16\",\"end_time\":\"2022-02-17\"}' , 1645084353 , 1645084353) [ RunTime:0.000942s ]
[ 2022-02-17T15:52:33+08:00 ][ info ] [ DB ] INIT mysql
[ 2022-02-17T15:53:48+08:00 ][ error ] [8]Redis::get(): send of 47 bytes failed with errno=10054 远程主机强迫关闭了一个现有的连接。
[D:\phpstudy_pro\WWW\new_kefu\thinkphp\library\think\cache\driver\Redis.php:85]
[ 2022-02-17T15:59:00+08:00 ][ info ] [ LANG ] D:\phpstudy_pro\WWW\new_kefu\thinkphp\lang\zh-cn.php
[ info ] [ LOG ] INIT File
[ 2022-02-17T15:59:00+08:00 ][ info ] [ ROUTE ] array (
  'type' => 'module',
  'module' => 
  array (
    0 => 'scripts',
    1 => 'GetBaseInfo',
    2 => 'run',
  ),
)
[ 2022-02-17T15:59:00+08:00 ][ info ] [ HEADER ] array (
)
[ 2022-02-17T15:59:00+08:00 ][ info ] [ PARAM ] array (
  'g' => 'scripts',
  'm' => 'GetBaseInfo',
  'a' => 'run',
  'p' => 
  array (
    'action' => 'register',
    'platform' => 'zw',
    'start_time' => '2022-02-16',
    'end_time' => '2022-02-17',
  ),
)
[ 2022-02-17T15:59:00+08:00 ][ error ] [2]Illegal string offset 'type'[D:\phpstudy_pro\WWW\new_kefu\thinkphp\library\think\Cache.php:83]
[ 2022-02-17T16:00:49+08:00 ][ info ] [ LANG ] D:\phpstudy_pro\WWW\new_kefu\thinkphp\lang\zh-cn.php
[ info ] [ LOG ] INIT File
[ 2022-02-17T16:00:49+08:00 ][ info ] [ ROUTE ] array (
  'type' => 'module',
  'module' => 
  array (
    0 => 'scripts',
    1 => 'GetBaseInfo',
    2 => 'run',
  ),
)
[ 2022-02-17T16:00:49+08:00 ][ info ] [ HEADER ] array (
)
[ 2022-02-17T16:00:49+08:00 ][ info ] [ PARAM ] array (
  'g' => 'scripts',
  'm' => 'GetBaseInfo',
  'a' => 'run',
  'p' => 
  array (
    'action' => 'register',
    'platform' => 'zw',
    'start_time' => '2022-02-16',
    'end_time' => '2022-02-17',
  ),
)
[ 2022-02-17T16:00:49+08:00 ][ info ] [ CACHE ] INIT File
[ 2022-02-17T16:00:49+08:00 ][ info ] [ DB ] INIT mysql
[ 2022-02-17T16:00:49+08:00 ][ info ] [ RUN ] app\scripts\controller\GetBaseInfo->run[ D:\phpstudy_pro\WWW\new_kefu\application\scripts\controller\GetBaseInfo.php ]
[ 2022-02-17T16:00:49+08:00 ][ info ] [ DB ] INIT mysql
[ 2022-02-17T16:00:49+08:00 ][ sql ] [ DB ] CONNECT:[ UseTime:0.001177s ] mysql:host=127.0.0.1;port=3306;dbname=gr_chat;charset=utf8
[ 2022-02-17T16:00:49+08:00 ][ sql ] [ SQL ] SHOW COLUMNS FROM `gr_run_log` [ RunTime:0.002280s ]
[ 2022-02-17T16:00:49+08:00 ][ sql ] [ SQL ] INSERT INTO `gr_run_log` (`controller` , `action` , `input_param` , `add_time` , `update_time`) VALUES ('script_GetBaseInfo' , 'userRegister' , '{\"action\":\"register\",\"platform\":\"zw\",\"start_time\":\"2022-02-16\",\"end_time\":\"2022-02-17\"}' , 1645084849 , 1645084849) [ RunTime:0.001132s ]
[ 2022-02-17T16:02:05+08:00 ][ sql ] [ SQL ] UPDATE `gr_run_log`  SET `status`=1,`update_time`=1645084925  WHERE  `id` = 26 [ RunTime:0.002983s ]
[ 2022-02-17T16:02:42+08:00 ][ info ] [ LANG ] D:\phpstudy_pro\WWW\new_kefu\thinkphp\lang\zh-cn.php
[ info ] [ LOG ] INIT File
[ 2022-02-17T16:02:42+08:00 ][ info ] [ ROUTE ] array (
  'type' => 'module',
  'module' => 
  array (
    0 => 'scripts',
    1 => 'Demo',
    2 => 'run',
  ),
)
[ 2022-02-17T16:02:42+08:00 ][ info ] [ HEADER ] array (
)
[ 2022-02-17T16:02:42+08:00 ][ info ] [ PARAM ] array (
  'g' => 'scripts',
  'm' => 'Demo',
  'a' => 'run',
  'p' => 
  array (
  ),
)
[ 2022-02-17T16:02:42+08:00 ][ info ] [ CACHE ] INIT File
[ 2022-02-17T16:02:42+08:00 ][ info ] [ RUN ] app\scripts\controller\Demo->run[ D:\phpstudy_pro\WWW\new_kefu\application\scripts\controller\Demo.php ]
[ 2022-02-17T16:02:42+08:00 ][ info ] [ DB ] INIT mysql
[ 2022-02-17T16:02:42+08:00 ][ sql ] [ DB ] CONNECT:[ UseTime:0.002130s ] mysql:host=127.0.0.1;port=3306;dbname=gr_chat;charset=utf8
[ 2022-02-17T16:02:42+08:00 ][ sql ] [ SQL ] SHOW COLUMNS FROM `gr_run_log` [ RunTime:0.002358s ]
[ 2022-02-17T16:02:42+08:00 ][ sql ] [ SQL ] INSERT INTO `gr_run_log` (`controller` , `action` , `input_param` , `add_time` , `update_time`) VALUES ('script_Demo' , 'test1' , '\"\"' , 1645084962 , 1645084962) [ RunTime:0.001124s ]
[ 2022-02-17T16:02:44+08:00 ][ sql ] [ SQL ] UPDATE `gr_run_log`  SET `out_param`=NULL,`status`=1,`update_time`=1645084964  WHERE  `id` = 27 [ RunTime:0.000984s ]
[ 2022-02-17T16:02:56+08:00 ][ info ] [ LANG ] D:\phpstudy_pro\WWW\new_kefu\thinkphp\lang\zh-cn.php
[ info ] [ LOG ] INIT File
[ 2022-02-17T16:02:56+08:00 ][ info ] [ ROUTE ] array (
  'type' => 'module',
  'module' => 
  array (
    0 => 'scripts',
    1 => 'Demo',
    2 => 'run',
  ),
)
[ 2022-02-17T16:02:56+08:00 ][ info ] [ HEADER ] array (
)
[ 2022-02-17T16:02:56+08:00 ][ info ] [ PARAM ] array (
  'g' => 'scripts',
  'm' => 'Demo',
  'a' => 'run',
  'p' => 
  array (
  ),
)
[ 2022-02-17T16:02:56+08:00 ][ info ] [ CACHE ] INIT redis
[ 2022-02-17T16:02:56+08:00 ][ info ] [ RUN ] app\scripts\controller\Demo->run[ D:\phpstudy_pro\WWW\new_kefu\application\scripts\controller\Demo.php ]
[ 2022-02-17T16:02:56+08:00 ][ info ] [ DB ] INIT mysql
[ 2022-02-17T16:02:56+08:00 ][ sql ] [ DB ] CONNECT:[ UseTime:0.010655s ] mysql:host=127.0.0.1;port=3306;dbname=gr_chat;charset=utf8
[ 2022-02-17T16:02:56+08:00 ][ sql ] [ SQL ] SHOW COLUMNS FROM `gr_run_log` [ RunTime:0.002402s ]
[ 2022-02-17T16:02:56+08:00 ][ sql ] [ SQL ] INSERT INTO `gr_run_log` (`controller` , `action` , `input_param` , `add_time` , `update_time`) VALUES ('script_Demo' , 'test1' , '\"\"' , 1645084976 , 1645084976) [ RunTime:0.000938s ]
[ 2022-02-17T16:02:58+08:00 ][ sql ] [ SQL ] UPDATE `gr_run_log`  SET `out_param`=NULL,`status`=1,`update_time`=1645084978  WHERE  `id` = 28 [ RunTime:0.001168s ]
[ 2022-02-17T16:13:59+08:00 ][ info ] [ LANG ] D:\phpstudy_pro\WWW\new_kefu\thinkphp\lang\zh-cn.php
[ info ] [ LOG ] INIT File
[ 2022-02-17T16:13:59+08:00 ][ info ] [ ROUTE ] array (
  'type' => 'module',
  'module' => 
  array (
    0 => 'scripts',
    1 => 'GetBaseInfo',
    2 => 'run',
  ),
)
[ 2022-02-17T16:13:59+08:00 ][ info ] [ HEADER ] array (
)
[ 2022-02-17T16:13:59+08:00 ][ info ] [ PARAM ] array (
  'g' => 'scripts',
  'm' => 'GetBaseInfo',
  'a' => 'run',
  'p' => 
  array (
    'action' => 'register',
    'platform' => 'zw',
    'start_time' => '2022-02-16',
    'end_time' => '2022-02-17',
  ),
)
[ 2022-02-17T16:13:59+08:00 ][ info ] [ CACHE ] INIT redis
[ 2022-02-17T16:13:59+08:00 ][ info ] [ RUN ] app\scripts\controller\GetBaseInfo->run[ D:\phpstudy_pro\WWW\new_kefu\application\scripts\controller\GetBaseInfo.php ]
[ 2022-02-17T16:13:59+08:00 ][ info ] [ DB ] INIT mysql
[ 2022-02-17T16:13:59+08:00 ][ sql ] [ DB ] CONNECT:[ UseTime:0.001191s ] mysql:host=127.0.0.1;port=3306;dbname=gr_chat;charset=utf8
[ 2022-02-17T16:13:59+08:00 ][ sql ] [ SQL ] SHOW COLUMNS FROM `gr_run_log` [ RunTime:0.000673s ]
[ 2022-02-17T16:13:59+08:00 ][ sql ] [ SQL ] INSERT INTO `gr_run_log` (`controller` , `action` , `input_param` , `add_time` , `update_time`) VALUES ('script_GetBaseInfo' , 'userRegister' , '{\"action\":\"register\",\"platform\":\"zw\",\"start_time\":\"2022-02-16\",\"end_time\":\"2022-02-17\"}' , 1645085639 , 1645085639) [ RunTime:0.001083s ]
[ 2022-02-17T16:13:59+08:00 ][ info ] [ DB ] INIT mysql
[ 2022-02-17T16:15:14+08:00 ][ error ] [8]Redis::get(): send of 47 bytes failed with errno=10054 远程主机强迫关闭了一个现有的连接。
[D:\phpstudy_pro\WWW\new_kefu\thinkphp\library\think\cache\driver\Redis.php:85]
[ 2022-02-17T16:44:23+08:00 ][ info ] [ LANG ] D:\phpstudy_pro\WWW\new_kefu\thinkphp\lang\zh-cn.php
[ info ] [ LOG ] INIT File
[ 2022-02-17T16:44:23+08:00 ][ info ] [ ROUTE ] array (
  'type' => 'module',
  'module' => 
  array (
    0 => 'scripts',
    1 => 'GetBaseInfo',
    2 => 'run',
  ),
)
[ 2022-02-17T16:44:23+08:00 ][ info ] [ HEADER ] array (
)
[ 2022-02-17T16:44:23+08:00 ][ info ] [ PARAM ] array (
  'g' => 'scripts',
  'm' => 'GetBaseInfo',
  'a' => 'run',
  'p' => 
  array (
    'action' => 'register',
    'platform' => 'zw',
    'start_time' => '2022-02-16',
    'end_time' => '2022-02-17',
  ),
)
[ 2022-02-17T16:44:23+08:00 ][ info ] [ CACHE ] INIT redis
[ 2022-02-17T16:44:23+08:00 ][ info ] [ RUN ] app\scripts\controller\GetBaseInfo->run[ D:\phpstudy_pro\WWW\new_kefu\application\scripts\controller\GetBaseInfo.php ]
[ 2022-02-17T16:44:23+08:00 ][ info ] [ DB ] INIT mysql
[ 2022-02-17T16:44:23+08:00 ][ sql ] [ DB ] CONNECT:[ UseTime:0.001297s ] mysql:host=127.0.0.1;port=3306;dbname=gr_chat;charset=utf8
[ 2022-02-17T16:44:23+08:00 ][ sql ] [ SQL ] SHOW COLUMNS FROM `gr_run_log` [ RunTime:0.000862s ]
[ 2022-02-17T16:44:23+08:00 ][ sql ] [ SQL ] INSERT INTO `gr_run_log` (`controller` , `action` , `input_param` , `add_time` , `update_time`) VALUES ('script_GetBaseInfo' , 'userRegister' , '{\"action\":\"register\",\"platform\":\"zw\",\"start_time\":\"2022-02-16\",\"end_time\":\"2022-02-17\"}' , 1645087463 , 1645087463) [ RunTime:0.001220s ]
[ 2022-02-17T16:44:24+08:00 ][ info ] [ DB ] INIT mysql
[ 2022-02-17T16:45:42+08:00 ][ error ] [8]Redis::get(): send of 47 bytes failed with errno=10054 远程主机强迫关闭了一个现有的连接。
[D:\phpstudy_pro\WWW\new_kefu\thinkphp\library\think\cache\driver\Redis.php:86]
[ 2022-02-17T16:46:12+08:00 ][ info ] [ LANG ] D:\phpstudy_pro\WWW\new_kefu\thinkphp\lang\zh-cn.php
[ info ] [ LOG ] INIT File
[ 2022-02-17T16:46:12+08:00 ][ info ] [ ROUTE ] array (
  'type' => 'module',
  'module' => 
  array (
    0 => 'scripts',
    1 => 'GetBaseInfo',
    2 => 'run',
  ),
)
[ 2022-02-17T16:46:12+08:00 ][ info ] [ HEADER ] array (
)
[ 2022-02-17T16:46:12+08:00 ][ info ] [ PARAM ] array (
  'g' => 'scripts',
  'm' => 'GetBaseInfo',
  'a' => 'run',
  'p' => 
  array (
    'action' => 'register',
    'platform' => 'zw',
    'start_time' => '2022-02-16',
    'end_time' => '2022-02-17',
  ),
)
[ 2022-02-17T16:46:12+08:00 ][ info ] [ CACHE ] INIT redis
[ 2022-02-17T16:46:12+08:00 ][ info ] [ RUN ] app\scripts\controller\GetBaseInfo->run[ D:\phpstudy_pro\WWW\new_kefu\application\scripts\controller\GetBaseInfo.php ]
[ 2022-02-17T16:46:12+08:00 ][ info ] [ DB ] INIT mysql
[ 2022-02-17T16:46:12+08:00 ][ sql ] [ DB ] CONNECT:[ UseTime:0.001334s ] mysql:host=127.0.0.1;port=3306;dbname=gr_chat;charset=utf8
[ 2022-02-17T16:46:12+08:00 ][ sql ] [ SQL ] SHOW COLUMNS FROM `gr_run_log` [ RunTime:0.000813s ]
[ 2022-02-17T16:46:12+08:00 ][ sql ] [ SQL ] INSERT INTO `gr_run_log` (`controller` , `action` , `input_param` , `add_time` , `update_time`) VALUES ('script_GetBaseInfo' , 'userRegister' , '{\"action\":\"register\",\"platform\":\"zw\",\"start_time\":\"2022-02-16\",\"end_time\":\"2022-02-17\"}' , 1645087572 , 1645087572) [ RunTime:0.001160s ]
[ 2022-02-17T16:46:12+08:00 ][ info ] [ DB ] INIT mysql
[ 2022-02-17T16:47:28+08:00 ][ error ] [8]Redis::get(): send of 47 bytes failed with errno=10054 远程主机强迫关闭了一个现有的连接。
[D:\phpstudy_pro\WWW\new_kefu\thinkphp\library\think\cache\driver\Redis.php:87]
[ 2022-02-17T17:03:10+08:00 ][ info ] [ LANG ] D:\phpstudy_pro\WWW\new_kefu\thinkphp\lang\zh-cn.php
[ info ] [ LOG ] INIT File
[ 2022-02-17T17:03:10+08:00 ][ info ] [ ROUTE ] array (
  'type' => 'module',
  'module' => 
  array (
    0 => 'scripts',
    1 => 'GetBaseInfo',
    2 => 'run',
  ),
)
[ 2022-02-17T17:03:10+08:00 ][ info ] [ HEADER ] array (
)
[ 2022-02-17T17:03:10+08:00 ][ info ] [ PARAM ] array (
  'g' => 'scripts',
  'm' => 'GetBaseInfo',
  'a' => 'run',
  'p' => 
  array (
    'action' => 'register',
    'platform' => 'zw',
    'start_time' => '2022-02-16',
    'end_time' => '2022-02-17',
  ),
)
[ 2022-02-17T17:03:10+08:00 ][ info ] [ CACHE ] INIT redis
[ 2022-02-17T17:03:10+08:00 ][ info ] [ DB ] INIT mysql
[ 2022-02-17T17:03:10+08:00 ][ info ] [ RUN ] app\scripts\controller\GetBaseInfo->run[ D:\phpstudy_pro\WWW\new_kefu\application\scripts\controller\GetBaseInfo.php ]
[ 2022-02-17T17:03:14+08:00 ][ info ] [ LANG ] D:\phpstudy_pro\WWW\new_kefu\thinkphp\lang\zh-cn.php
[ info ] [ LOG ] INIT File
[ 2022-02-17T17:03:14+08:00 ][ info ] [ ROUTE ] array (
  'type' => 'module',
  'module' => 
  array (
    0 => 'scripts',
    1 => 'GetBaseInfo',
    2 => 'run',
  ),
)
[ 2022-02-17T17:03:14+08:00 ][ info ] [ HEADER ] array (
)
[ 2022-02-17T17:03:14+08:00 ][ info ] [ PARAM ] array (
  'g' => 'scripts',
  'm' => 'GetBaseInfo',
  'a' => 'run',
  'p' => 
  array (
    'action' => 'register',
    'platform' => 'zw',
    'start_time' => '2022-02-16',
    'end_time' => '2022-02-17',
  ),
)
[ 2022-02-17T17:03:14+08:00 ][ info ] [ CACHE ] INIT redis
[ 2022-02-17T17:03:14+08:00 ][ info ] [ RUN ] app\scripts\controller\GetBaseInfo->run[ D:\phpstudy_pro\WWW\new_kefu\application\scripts\controller\GetBaseInfo.php ]
[ 2022-02-17T17:03:14+08:00 ][ info ] [ DB ] INIT mysql
[ 2022-02-17T17:03:14+08:00 ][ sql ] [ DB ] CONNECT:[ UseTime:0.001092s ] mysql:host=127.0.0.1;port=3306;dbname=gr_chat;charset=utf8
[ 2022-02-17T17:03:14+08:00 ][ sql ] [ SQL ] SHOW COLUMNS FROM `gr_run_log` [ RunTime:0.002770s ]
[ 2022-02-17T17:03:14+08:00 ][ sql ] [ SQL ] INSERT INTO `gr_run_log` (`controller` , `action` , `input_param` , `add_time` , `update_time`) VALUES ('script_GetBaseInfo' , 'userRegister' , '{\"action\":\"register\",\"platform\":\"zw\",\"start_time\":\"2022-02-16\",\"end_time\":\"2022-02-17\"}' , 1645088594 , 1645088594) [ RunTime:0.001046s ]
[ 2022-02-17T17:03:15+08:00 ][ info ] [ DB ] INIT mysql
[ 2022-02-17T17:04:30+08:00 ][ sql ] [ SQL ] UPDATE `gr_run_log`  SET `status`=1,`update_time`=1645088670  WHERE  `id` = 32 [ RunTime:0.000880s ]
