[ 2022-02-18T11:18:18+08:00 ][ info ] [ LANG ] D:\phpstudy_pro\WWW\new_kefu\thinkphp\lang\zh-cn.php
[ info ] [ LOG ] INIT File
[ 2022-02-18T11:18:18+08:00 ][ info ] [ ROUTE ] array (
  'type' => 'module',
  'module' => 
  array (
    0 => 'scripts',
    1 => 'GetBaseInfo',
    2 => 'run',
  ),
)
[ 2022-02-18T11:18:18+08:00 ][ info ] [ HEADER ] array (
)
[ 2022-02-18T11:18:18+08:00 ][ info ] [ PARAM ] array (
  'g' => 'scripts',
  'm' => 'GetBaseInfo',
  'a' => 'run',
  'p' => 
  array (
    'action' => 'login',
    'platform' => 'zw',
  ),
)
[ 2022-02-18T11:18:18+08:00 ][ info ] [ CACHE ] INIT redis
[ 2022-02-18T11:18:18+08:00 ][ info ] [ DB ] INIT mysql
[ 2022-02-18T11:18:18+08:00 ][ info ] [ RUN ] app\scripts\controller\GetBaseInfo->run[ D:\phpstudy_pro\WWW\new_kefu\application\scripts\controller\GetBaseInfo.php ]
[ 2022-02-18T11:18:18+08:00 ][ info ] [ DB ] INIT mysql
[ 2022-02-18T11:18:18+08:00 ][ sql ] [ DB ] CONNECT:[ UseTime:0.001015s ] mysql:host=127.0.0.1;port=3306;dbname=gr_chat;charset=utf8
[ 2022-02-18T11:18:18+08:00 ][ sql ] [ SQL ] SHOW COLUMNS FROM `gr_run_log` [ RunTime:0.001839s ]
[ 2022-02-18T11:18:18+08:00 ][ sql ] [ SQL ] INSERT INTO `gr_run_log` (`controller` , `action` , `input_param` , `add_time` , `update_time`) VALUES ('script_GetBaseInfo' , 'userLogin' , '{\"action\":\"login\",\"platform\":\"zw\"}' , 1645154298 , 1645154298) [ RunTime:0.001785s ]
[ 2022-02-18T11:18:18+08:00 ][ error ] [2]Declaration of common\model\db_customer_platform\KefuLoginLog::initialize($suffix) should be compatible with think\Model::initialize()[D:\phpstudy_pro\WWW\new_kefu\common\model\db_customer_platform\KefuLoginLog.php:29]
[ 2022-02-18T11:19:44+08:00 ][ info ] [ LANG ] D:\phpstudy_pro\WWW\new_kefu\thinkphp\lang\zh-cn.php
[ info ] [ LOG ] INIT File
[ 2022-02-18T11:19:44+08:00 ][ info ] [ ROUTE ] array (
  'type' => 'module',
  'module' => 
  array (
    0 => 'scripts',
    1 => 'GetBaseInfo',
    2 => 'run',
  ),
)
[ 2022-02-18T11:19:44+08:00 ][ info ] [ HEADER ] array (
)
[ 2022-02-18T11:19:44+08:00 ][ info ] [ PARAM ] array (
  'g' => 'scripts',
  'm' => 'GetBaseInfo',
  'a' => 'run',
  'p' => 
  array (
    'action' => 'login',
    'platform' => 'zw',
  ),
)
[ 2022-02-18T11:19:44+08:00 ][ info ] [ CACHE ] INIT redis
[ 2022-02-18T11:19:44+08:00 ][ info ] [ RUN ] app\scripts\controller\GetBaseInfo->run[ D:\phpstudy_pro\WWW\new_kefu\application\scripts\controller\GetBaseInfo.php ]
[ 2022-02-18T11:20:01+08:00 ][ info ] [ LANG ] D:\phpstudy_pro\WWW\new_kefu\thinkphp\lang\zh-cn.php
[ info ] [ LOG ] INIT File
[ 2022-02-18T11:20:01+08:00 ][ info ] [ ROUTE ] array (
  'type' => 'module',
  'module' => 
  array (
    0 => 'scripts',
    1 => 'GetBaseInfo',
    2 => 'run',
  ),
)
[ 2022-02-18T11:20:01+08:00 ][ info ] [ HEADER ] array (
)
[ 2022-02-18T11:20:01+08:00 ][ info ] [ PARAM ] array (
  'g' => 'scripts',
  'm' => 'GetBaseInfo',
  'a' => 'run',
  'p' => 
  array (
    'action' => 'login',
    'platform' => 'zw',
  ),
)
[ 2022-02-18T11:20:01+08:00 ][ info ] [ CACHE ] INIT redis
[ 2022-02-18T11:20:01+08:00 ][ info ] [ RUN ] app\scripts\controller\GetBaseInfo->run[ D:\phpstudy_pro\WWW\new_kefu\application\scripts\controller\GetBaseInfo.php ]
[ 2022-02-18T11:20:01+08:00 ][ info ] [ DB ] INIT mysql
[ 2022-02-18T11:20:01+08:00 ][ sql ] [ DB ] CONNECT:[ UseTime:0.001207s ] mysql:host=127.0.0.1;port=3306;dbname=gr_chat;charset=utf8
[ 2022-02-18T11:20:01+08:00 ][ sql ] [ SQL ] SHOW COLUMNS FROM `gr_run_log` [ RunTime:0.001970s ]
[ 2022-02-18T11:20:01+08:00 ][ sql ] [ SQL ] INSERT INTO `gr_run_log` (`controller` , `action` , `input_param` , `add_time` , `update_time`) VALUES ('script_GetBaseInfo' , 'userLogin' , '{\"action\":\"login\",\"platform\":\"zw\"}' , 1645154401 , 1645154401) [ RunTime:0.001006s ]
[ 2022-02-18T11:20:02+08:00 ][ info ] [ DB ] INIT mysql
[ 2022-02-18T11:20:02+08:00 ][ error ] [10501]SQLSTATE[42S02]: Base table or view not found: 1146 Table 'db_customer_zw.kefu_login_log' doesn't exist[D:\phpstudy_pro\WWW\new_kefu\thinkphp\library\think\db\Connection.php:453]
[ 2022-02-18T11:20:57+08:00 ][ info ] [ LANG ] D:\phpstudy_pro\WWW\new_kefu\thinkphp\lang\zh-cn.php
[ info ] [ LOG ] INIT File
[ 2022-02-18T11:20:57+08:00 ][ info ] [ ROUTE ] array (
  'type' => 'module',
  'module' => 
  array (
    0 => 'scripts',
    1 => 'GetBaseInfo',
    2 => 'run',
  ),
)
[ 2022-02-18T11:20:57+08:00 ][ info ] [ HEADER ] array (
)
[ 2022-02-18T11:20:57+08:00 ][ info ] [ PARAM ] array (
  'g' => 'scripts',
  'm' => 'GetBaseInfo',
  'a' => 'run',
  'p' => 
  array (
    'action' => 'login',
    'platform' => 'zw',
  ),
)
[ 2022-02-18T11:20:57+08:00 ][ info ] [ CACHE ] INIT redis
[ 2022-02-18T11:20:57+08:00 ][ info ] [ RUN ] app\scripts\controller\GetBaseInfo->run[ D:\phpstudy_pro\WWW\new_kefu\application\scripts\controller\GetBaseInfo.php ]
[ 2022-02-18T11:21:04+08:00 ][ info ] [ LANG ] D:\phpstudy_pro\WWW\new_kefu\thinkphp\lang\zh-cn.php
[ info ] [ LOG ] INIT File
[ 2022-02-18T11:21:04+08:00 ][ info ] [ ROUTE ] array (
  'type' => 'module',
  'module' => 
  array (
    0 => 'scripts',
    1 => 'GetBaseInfo',
    2 => 'run',
  ),
)
[ 2022-02-18T11:21:04+08:00 ][ info ] [ HEADER ] array (
)
[ 2022-02-18T11:21:04+08:00 ][ info ] [ PARAM ] array (
  'g' => 'scripts',
  'm' => 'GetBaseInfo',
  'a' => 'run',
  'p' => 
  array (
    'action' => 'login',
    'platform' => 'zw',
  ),
)
[ 2022-02-18T11:21:04+08:00 ][ info ] [ CACHE ] INIT redis
[ 2022-02-18T11:21:04+08:00 ][ info ] [ RUN ] app\scripts\controller\GetBaseInfo->run[ D:\phpstudy_pro\WWW\new_kefu\application\scripts\controller\GetBaseInfo.php ]
[ 2022-02-18T11:21:04+08:00 ][ info ] [ DB ] INIT mysql
[ 2022-02-18T11:21:04+08:00 ][ sql ] [ DB ] CONNECT:[ UseTime:0.011078s ] mysql:host=127.0.0.1;port=3306;dbname=gr_chat;charset=utf8
[ 2022-02-18T11:21:04+08:00 ][ sql ] [ SQL ] SHOW COLUMNS FROM `gr_run_log` [ RunTime:0.001667s ]
[ 2022-02-18T11:21:04+08:00 ][ sql ] [ SQL ] INSERT INTO `gr_run_log` (`controller` , `action` , `input_param` , `add_time` , `update_time`) VALUES ('script_GetBaseInfo' , 'userLogin' , '{\"action\":\"login\",\"platform\":\"zw\"}' , 1645154464 , 1645154464) [ RunTime:0.001061s ]
[ 2022-02-18T11:21:04+08:00 ][ info ] [ DB ] INIT mysql
[ 2022-02-18T11:21:04+08:00 ][ error ] [0]Fatal error: Call to undefined method common\sql_server\GetBaseInfoSqlServer::checkLoginUserBanExists()[D:\phpstudy_pro\WWW\new_kefu\common\server\GetBaseInfo\GetBaseInfoServer.php:265]
[ 2022-02-18T11:21:56+08:00 ][ info ] [ LANG ] D:\phpstudy_pro\WWW\new_kefu\thinkphp\lang\zh-cn.php
[ info ] [ LOG ] INIT File
[ 2022-02-18T11:21:56+08:00 ][ info ] [ ROUTE ] array (
  'type' => 'module',
  'module' => 
  array (
    0 => 'scripts',
    1 => 'GetBaseInfo',
    2 => 'run',
  ),
)
[ 2022-02-18T11:21:56+08:00 ][ info ] [ HEADER ] array (
)
[ 2022-02-18T11:21:56+08:00 ][ info ] [ PARAM ] array (
  'g' => 'scripts',
  'm' => 'GetBaseInfo',
  'a' => 'run',
  'p' => 
  array (
    'action' => 'login',
    'platform' => 'zw',
  ),
)
[ 2022-02-18T11:21:56+08:00 ][ info ] [ CACHE ] INIT redis
[ 2022-02-18T11:21:56+08:00 ][ info ] [ RUN ] app\scripts\controller\GetBaseInfo->run[ D:\phpstudy_pro\WWW\new_kefu\application\scripts\controller\GetBaseInfo.php ]
[ 2022-02-18T11:21:56+08:00 ][ info ] [ DB ] INIT mysql
[ 2022-02-18T11:21:56+08:00 ][ sql ] [ DB ] CONNECT:[ UseTime:0.011082s ] mysql:host=127.0.0.1;port=3306;dbname=gr_chat;charset=utf8
[ 2022-02-18T11:21:56+08:00 ][ sql ] [ SQL ] SHOW COLUMNS FROM `gr_run_log` [ RunTime:0.000674s ]
[ 2022-02-18T11:21:56+08:00 ][ sql ] [ SQL ] INSERT INTO `gr_run_log` (`controller` , `action` , `input_param` , `add_time` , `update_time`) VALUES ('script_GetBaseInfo' , 'userLogin' , '{\"action\":\"login\",\"platform\":\"zw\"}' , 1645154516 , 1645154516) [ RunTime:0.001018s ]
[ 2022-02-18T11:21:57+08:00 ][ info ] [ DB ] INIT mysql
[ 2022-02-18T11:21:57+08:00 ][ error ] [0]Fatal error: Call to a member function toArray() on array[D:\phpstudy_pro\WWW\new_kefu\common\sql_server\GetBaseInfoSqlServer.php:294]
[ 2022-02-18T11:22:57+08:00 ][ info ] [ LANG ] D:\phpstudy_pro\WWW\new_kefu\thinkphp\lang\zh-cn.php
[ info ] [ LOG ] INIT File
[ 2022-02-18T11:22:57+08:00 ][ info ] [ ROUTE ] array (
  'type' => 'module',
  'module' => 
  array (
    0 => 'scripts',
    1 => 'GetBaseInfo',
    2 => 'run',
  ),
)
[ 2022-02-18T11:22:57+08:00 ][ info ] [ HEADER ] array (
)
[ 2022-02-18T11:22:57+08:00 ][ info ] [ PARAM ] array (
  'g' => 'scripts',
  'm' => 'GetBaseInfo',
  'a' => 'run',
  'p' => 
  array (
    'action' => 'login',
    'platform' => 'zw',
  ),
)
[ 2022-02-18T11:22:57+08:00 ][ info ] [ CACHE ] INIT redis
[ 2022-02-18T11:22:57+08:00 ][ info ] [ RUN ] app\scripts\controller\GetBaseInfo->run[ D:\phpstudy_pro\WWW\new_kefu\application\scripts\controller\GetBaseInfo.php ]
[ 2022-02-18T11:22:57+08:00 ][ info ] [ DB ] INIT mysql
[ 2022-02-18T11:22:57+08:00 ][ sql ] [ DB ] CONNECT:[ UseTime:0.001161s ] mysql:host=127.0.0.1;port=3306;dbname=gr_chat;charset=utf8
[ 2022-02-18T11:22:57+08:00 ][ sql ] [ SQL ] SHOW COLUMNS FROM `gr_run_log` [ RunTime:0.001561s ]
[ 2022-02-18T11:22:57+08:00 ][ sql ] [ SQL ] INSERT INTO `gr_run_log` (`controller` , `action` , `input_param` , `add_time` , `update_time`) VALUES ('script_GetBaseInfo' , 'userLogin' , '{\"action\":\"login\",\"platform\":\"zw\"}' , 1645154577 , 1645154577) [ RunTime:0.001073s ]
[ 2022-02-18T11:22:58+08:00 ][ info ] [ DB ] INIT mysql
[ 2022-02-18T11:23:02+08:00 ][ sql ] [ SQL ] UPDATE `gr_run_log`  SET `status`=1,`update_time`=1645154582  WHERE  `id` = 37 [ RunTime:0.000840s ]
[ 2022-02-18T15:05:06+08:00 ][ info ] [ LANG ] D:\phpstudy_pro\WWW\new_kefu\thinkphp\lang\zh-cn.php
[ info ] [ LOG ] INIT File
[ 2022-02-18T15:05:06+08:00 ][ info ] [ ROUTE ] array (
  'type' => 'module',
  'module' => 
  array (
    0 => 'scripts',
    1 => 'GetBaseInfo',
    2 => 'run',
  ),
)
[ 2022-02-18T15:05:06+08:00 ][ info ] [ HEADER ] array (
)
[ 2022-02-18T15:05:06+08:00 ][ info ] [ PARAM ] array (
  'g' => 'scripts',
  'm' => 'GetBaseInfo',
  'a' => 'run',
  'p' => 
  array (
    'action' => 'role',
    'platform' => 'zw',
  ),
)
[ 2022-02-18T15:05:06+08:00 ][ info ] [ CACHE ] INIT redis
[ 2022-02-18T15:05:06+08:00 ][ info ] [ DB ] INIT mysql
[ 2022-02-18T15:05:06+08:00 ][ info ] [ RUN ] app\scripts\controller\GetBaseInfo->run[ D:\phpstudy_pro\WWW\new_kefu\application\scripts\controller\GetBaseInfo.php ]
[ 2022-02-18T15:05:06+08:00 ][ info ] [ DB ] INIT mysql
[ 2022-02-18T15:05:06+08:00 ][ sql ] [ DB ] CONNECT:[ UseTime:0.001120s ] mysql:host=127.0.0.1;port=3306;dbname=gr_chat;charset=utf8
[ 2022-02-18T15:05:06+08:00 ][ sql ] [ SQL ] SHOW COLUMNS FROM `gr_run_log` [ RunTime:0.001022s ]
[ 2022-02-18T15:05:06+08:00 ][ sql ] [ SQL ] INSERT INTO `gr_run_log` (`controller` , `action` , `input_param` , `add_time` , `update_time`) VALUES ('script_GetBaseInfo' , 'userUserRole' , '{\"action\":\"role\",\"platform\":\"zw\"}' , 1645167906 , 1645167906) [ RunTime:0.001824s ]
[ 2022-02-18T15:05:06+08:00 ][ error ] [0]Fatal error: Call to undefined method app\scripts\controller\GetBaseInfo::userUserRole()[D:\phpstudy_pro\WWW\new_kefu\thinkphp\library\traits\controller\lxxScript.php:240]
[ 2022-02-18T15:06:09+08:00 ][ info ] [ LANG ] D:\phpstudy_pro\WWW\new_kefu\thinkphp\lang\zh-cn.php
[ info ] [ LOG ] INIT File
[ 2022-02-18T15:06:09+08:00 ][ info ] [ ROUTE ] array (
  'type' => 'module',
  'module' => 
  array (
    0 => 'scripts',
    1 => 'GetBaseInfo',
    2 => 'run',
  ),
)
[ 2022-02-18T15:06:09+08:00 ][ info ] [ HEADER ] array (
)
[ 2022-02-18T15:06:09+08:00 ][ info ] [ PARAM ] array (
  'g' => 'scripts',
  'm' => 'GetBaseInfo',
  'a' => 'run',
  'p' => 
  array (
    'action' => 'role',
    'platform' => 'zw',
  ),
)
[ 2022-02-18T15:06:09+08:00 ][ info ] [ CACHE ] INIT redis
[ 2022-02-18T15:06:09+08:00 ][ info ] [ RUN ] app\scripts\controller\GetBaseInfo->run[ D:\phpstudy_pro\WWW\new_kefu\application\scripts\controller\GetBaseInfo.php ]
[ 2022-02-18T15:06:09+08:00 ][ info ] [ DB ] INIT mysql
[ 2022-02-18T15:06:09+08:00 ][ sql ] [ DB ] CONNECT:[ UseTime:0.001242s ] mysql:host=127.0.0.1;port=3306;dbname=gr_chat;charset=utf8
[ 2022-02-18T15:06:09+08:00 ][ sql ] [ SQL ] SHOW COLUMNS FROM `gr_run_log` [ RunTime:0.001778s ]
[ 2022-02-18T15:06:09+08:00 ][ sql ] [ SQL ] INSERT INTO `gr_run_log` (`controller` , `action` , `input_param` , `add_time` , `update_time`) VALUES ('script_GetBaseInfo' , 'userRole' , '{\"action\":\"role\",\"platform\":\"zw\"}' , 1645167969 , 1645167969) [ RunTime:0.001147s ]
[ 2022-02-18T15:06:09+08:00 ][ error ] [8]Undefined index: user_role[D:\phpstudy_pro\WWW\new_kefu\common\server\GetBaseInfo\GetBaseInfoServer.php:530]
[ 2022-02-18T15:06:37+08:00 ][ info ] [ LANG ] D:\phpstudy_pro\WWW\new_kefu\thinkphp\lang\zh-cn.php
[ info ] [ LOG ] INIT File
[ 2022-02-18T15:06:37+08:00 ][ info ] [ ROUTE ] array (
  'type' => 'module',
  'module' => 
  array (
    0 => 'scripts',
    1 => 'GetBaseInfo',
    2 => 'run',
  ),
)
[ 2022-02-18T15:06:37+08:00 ][ info ] [ HEADER ] array (
)
[ 2022-02-18T15:06:37+08:00 ][ info ] [ PARAM ] array (
  'g' => 'scripts',
  'm' => 'GetBaseInfo',
  'a' => 'run',
  'p' => 
  array (
    'action' => 'role',
    'platform' => 'zw',
  ),
)
[ 2022-02-18T15:06:37+08:00 ][ info ] [ CACHE ] INIT redis
[ 2022-02-18T15:06:37+08:00 ][ info ] [ RUN ] app\scripts\controller\GetBaseInfo->run[ D:\phpstudy_pro\WWW\new_kefu\application\scripts\controller\GetBaseInfo.php ]
[ 2022-02-18T15:06:49+08:00 ][ info ] [ LANG ] D:\phpstudy_pro\WWW\new_kefu\thinkphp\lang\zh-cn.php
[ info ] [ LOG ] INIT File
[ 2022-02-18T15:06:49+08:00 ][ info ] [ ROUTE ] array (
  'type' => 'module',
  'module' => 
  array (
    0 => 'scripts',
    1 => 'GetBaseInfo',
    2 => 'run',
  ),
)
[ 2022-02-18T15:06:49+08:00 ][ info ] [ HEADER ] array (
)
[ 2022-02-18T15:06:49+08:00 ][ info ] [ PARAM ] array (
  'g' => 'scripts',
  'm' => 'GetBaseInfo',
  'a' => 'run',
  'p' => 
  array (
    'action' => 'role',
    'platform' => 'zw',
  ),
)
[ 2022-02-18T15:06:49+08:00 ][ info ] [ CACHE ] INIT redis
[ 2022-02-18T15:06:49+08:00 ][ info ] [ RUN ] app\scripts\controller\GetBaseInfo->run[ D:\phpstudy_pro\WWW\new_kefu\application\scripts\controller\GetBaseInfo.php ]
[ 2022-02-18T15:06:49+08:00 ][ info ] [ DB ] INIT mysql
[ 2022-02-18T15:06:49+08:00 ][ sql ] [ DB ] CONNECT:[ UseTime:0.001175s ] mysql:host=127.0.0.1;port=3306;dbname=gr_chat;charset=utf8
[ 2022-02-18T15:06:49+08:00 ][ sql ] [ SQL ] SHOW COLUMNS FROM `gr_run_log` [ RunTime:0.000677s ]
[ 2022-02-18T15:06:49+08:00 ][ sql ] [ SQL ] INSERT INTO `gr_run_log` (`controller` , `action` , `input_param` , `add_time` , `update_time`) VALUES ('script_GetBaseInfo' , 'userRole' , '{\"action\":\"role\",\"platform\":\"zw\"}' , 1645168009 , 1645168009) [ RunTime:0.001147s ]
[ 2022-02-18T15:07:21+08:00 ][ info ] [ LANG ] D:\phpstudy_pro\WWW\new_kefu\thinkphp\lang\zh-cn.php
[ info ] [ LOG ] INIT File
[ 2022-02-18T15:07:21+08:00 ][ info ] [ ROUTE ] array (
  'type' => 'module',
  'module' => 
  array (
    0 => 'scripts',
    1 => 'GetBaseInfo',
    2 => 'run',
  ),
)
[ 2022-02-18T15:07:21+08:00 ][ info ] [ HEADER ] array (
)
[ 2022-02-18T15:07:21+08:00 ][ info ] [ PARAM ] array (
  'g' => 'scripts',
  'm' => 'GetBaseInfo',
  'a' => 'run',
  'p' => 
  array (
    'action' => 'role',
    'platform' => 'zw',
  ),
)
[ 2022-02-18T15:07:21+08:00 ][ info ] [ CACHE ] INIT redis
[ 2022-02-18T15:07:21+08:00 ][ info ] [ RUN ] app\scripts\controller\GetBaseInfo->run[ D:\phpstudy_pro\WWW\new_kefu\application\scripts\controller\GetBaseInfo.php ]
[ 2022-02-18T15:07:27+08:00 ][ info ] [ LANG ] D:\phpstudy_pro\WWW\new_kefu\thinkphp\lang\zh-cn.php
[ info ] [ LOG ] INIT File
[ 2022-02-18T15:07:27+08:00 ][ info ] [ ROUTE ] array (
  'type' => 'module',
  'module' => 
  array (
    0 => 'scripts',
    1 => 'GetBaseInfo',
    2 => 'run',
  ),
)
[ 2022-02-18T15:07:27+08:00 ][ info ] [ HEADER ] array (
)
[ 2022-02-18T15:07:27+08:00 ][ info ] [ PARAM ] array (
  'g' => 'scripts',
  'm' => 'GetBaseInfo',
  'a' => 'run',
  'p' => 
  array (
    'action' => 'role',
    'platform' => 'zw',
  ),
)
[ 2022-02-18T15:07:27+08:00 ][ info ] [ CACHE ] INIT redis
[ 2022-02-18T15:07:27+08:00 ][ info ] [ RUN ] app\scripts\controller\GetBaseInfo->run[ D:\phpstudy_pro\WWW\new_kefu\application\scripts\controller\GetBaseInfo.php ]
[ 2022-02-18T15:07:27+08:00 ][ info ] [ DB ] INIT mysql
[ 2022-02-18T15:07:27+08:00 ][ sql ] [ DB ] CONNECT:[ UseTime:0.001162s ] mysql:host=127.0.0.1;port=3306;dbname=gr_chat;charset=utf8
[ 2022-02-18T15:07:27+08:00 ][ sql ] [ SQL ] SHOW COLUMNS FROM `gr_run_log` [ RunTime:0.001743s ]
[ 2022-02-18T15:07:27+08:00 ][ sql ] [ SQL ] INSERT INTO `gr_run_log` (`controller` , `action` , `input_param` , `add_time` , `update_time`) VALUES ('script_GetBaseInfo' , 'userRole' , '{\"action\":\"role\",\"platform\":\"zw\"}' , 1645168047 , 1645168047) [ RunTime:0.001245s ]
[ 2022-02-18T15:07:27+08:00 ][ error ] [2]count(): Parameter must be an array or an object that implements Countable[D:\phpstudy_pro\WWW\new_kefu\common\server\GetBaseInfo\GetBaseInfoServer.php:551]
[ 2022-02-18T15:07:45+08:00 ][ info ] [ LANG ] D:\phpstudy_pro\WWW\new_kefu\thinkphp\lang\zh-cn.php
[ info ] [ LOG ] INIT File
[ 2022-02-18T15:07:45+08:00 ][ info ] [ ROUTE ] array (
  'type' => 'module',
  'module' => 
  array (
    0 => 'scripts',
    1 => 'GetBaseInfo',
    2 => 'run',
  ),
)
[ 2022-02-18T15:07:45+08:00 ][ info ] [ HEADER ] array (
)
[ 2022-02-18T15:07:45+08:00 ][ info ] [ PARAM ] array (
  'g' => 'scripts',
  'm' => 'GetBaseInfo',
  'a' => 'run',
  'p' => 
  array (
    'action' => 'role',
    'platform' => 'zw',
  ),
)
[ 2022-02-18T15:07:45+08:00 ][ info ] [ CACHE ] INIT redis
[ 2022-02-18T15:07:45+08:00 ][ info ] [ RUN ] app\scripts\controller\GetBaseInfo->run[ D:\phpstudy_pro\WWW\new_kefu\application\scripts\controller\GetBaseInfo.php ]
[ 2022-02-18T15:07:50+08:00 ][ info ] [ LANG ] D:\phpstudy_pro\WWW\new_kefu\thinkphp\lang\zh-cn.php
[ info ] [ LOG ] INIT File
[ 2022-02-18T15:07:50+08:00 ][ info ] [ ROUTE ] array (
  'type' => 'module',
  'module' => 
  array (
    0 => 'scripts',
    1 => 'GetBaseInfo',
    2 => 'run',
  ),
)
[ 2022-02-18T15:07:50+08:00 ][ info ] [ HEADER ] array (
)
[ 2022-02-18T15:07:50+08:00 ][ info ] [ PARAM ] array (
  'g' => 'scripts',
  'm' => 'GetBaseInfo',
  'a' => 'run',
  'p' => 
  array (
    'action' => 'role',
    'platform' => 'zw',
  ),
)
[ 2022-02-18T15:07:50+08:00 ][ info ] [ CACHE ] INIT redis
[ 2022-02-18T15:07:50+08:00 ][ info ] [ RUN ] app\scripts\controller\GetBaseInfo->run[ D:\phpstudy_pro\WWW\new_kefu\application\scripts\controller\GetBaseInfo.php ]
[ 2022-02-18T15:07:50+08:00 ][ info ] [ DB ] INIT mysql
[ 2022-02-18T15:07:50+08:00 ][ sql ] [ DB ] CONNECT:[ UseTime:0.001123s ] mysql:host=127.0.0.1;port=3306;dbname=gr_chat;charset=utf8
[ 2022-02-18T15:07:50+08:00 ][ sql ] [ SQL ] SHOW COLUMNS FROM `gr_run_log` [ RunTime:0.000680s ]
[ 2022-02-18T15:07:50+08:00 ][ sql ] [ SQL ] INSERT INTO `gr_run_log` (`controller` , `action` , `input_param` , `add_time` , `update_time`) VALUES ('script_GetBaseInfo' , 'userRole' , '{\"action\":\"role\",\"platform\":\"zw\"}' , 1645168070 , 1645168070) [ RunTime:0.001072s ]
[ 2022-02-18T15:09:41+08:00 ][ info ] [ LANG ] D:\phpstudy_pro\WWW\new_kefu\thinkphp\lang\zh-cn.php
[ info ] [ LOG ] INIT File
[ 2022-02-18T15:09:41+08:00 ][ info ] [ ROUTE ] array (
  'type' => 'module',
  'module' => 
  array (
    0 => 'scripts',
    1 => 'GetBaseInfo',
    2 => 'run',
  ),
)
[ 2022-02-18T15:09:41+08:00 ][ info ] [ HEADER ] array (
)
[ 2022-02-18T15:09:41+08:00 ][ info ] [ PARAM ] array (
  'g' => 'scripts',
  'm' => 'GetBaseInfo',
  'a' => 'run',
  'p' => 
  array (
    'action' => 'role',
    'platform' => 'zw',
  ),
)
[ 2022-02-18T15:09:41+08:00 ][ info ] [ CACHE ] INIT redis
[ 2022-02-18T15:09:41+08:00 ][ info ] [ RUN ] app\scripts\controller\GetBaseInfo->run[ D:\phpstudy_pro\WWW\new_kefu\application\scripts\controller\GetBaseInfo.php ]
[ 2022-02-18T15:09:41+08:00 ][ info ] [ DB ] INIT mysql
[ 2022-02-18T15:09:41+08:00 ][ sql ] [ DB ] CONNECT:[ UseTime:0.001176s ] mysql:host=127.0.0.1;port=3306;dbname=gr_chat;charset=utf8
[ 2022-02-18T15:09:41+08:00 ][ sql ] [ SQL ] SHOW COLUMNS FROM `gr_run_log` [ RunTime:0.001647s ]
[ 2022-02-18T15:09:41+08:00 ][ sql ] [ SQL ] INSERT INTO `gr_run_log` (`controller` , `action` , `input_param` , `add_time` , `update_time`) VALUES ('script_GetBaseInfo' , 'userRole' , '{\"action\":\"role\",\"platform\":\"zw\"}' , 1645168181 , 1645168181) [ RunTime:0.001211s ]
[ 2022-02-18T15:12:15+08:00 ][ info ] [ LANG ] D:\phpstudy_pro\WWW\new_kefu\thinkphp\lang\zh-cn.php
[ info ] [ LOG ] INIT File
[ 2022-02-18T15:12:15+08:00 ][ info ] [ ROUTE ] array (
  'type' => 'module',
  'module' => 
  array (
    0 => 'scripts',
    1 => 'GetBaseInfo',
    2 => 'run',
  ),
)
[ 2022-02-18T15:12:15+08:00 ][ info ] [ HEADER ] array (
)
[ 2022-02-18T15:12:15+08:00 ][ info ] [ PARAM ] array (
  'g' => 'scripts',
  'm' => 'GetBaseInfo',
  'a' => 'run',
  'p' => 
  array (
    'action' => 'role',
    'platform' => 'zw',
  ),
)
[ 2022-02-18T15:12:15+08:00 ][ info ] [ CACHE ] INIT redis
[ 2022-02-18T15:12:15+08:00 ][ info ] [ RUN ] app\scripts\controller\GetBaseInfo->run[ D:\phpstudy_pro\WWW\new_kefu\application\scripts\controller\GetBaseInfo.php ]
[ 2022-02-18T15:12:15+08:00 ][ info ] [ DB ] INIT mysql
[ 2022-02-18T15:12:15+08:00 ][ sql ] [ DB ] CONNECT:[ UseTime:0.011057s ] mysql:host=127.0.0.1;port=3306;dbname=gr_chat;charset=utf8
[ 2022-02-18T15:12:15+08:00 ][ sql ] [ SQL ] SHOW COLUMNS FROM `gr_run_log` [ RunTime:0.001770s ]
[ 2022-02-18T15:12:15+08:00 ][ sql ] [ SQL ] INSERT INTO `gr_run_log` (`controller` , `action` , `input_param` , `add_time` , `update_time`) VALUES ('script_GetBaseInfo' , 'userRole' , '{\"action\":\"role\",\"platform\":\"zw\"}' , 1645168335 , 1645168335) [ RunTime:0.001193s ]
[ 2022-02-18T15:12:15+08:00 ][ info ] [ DB ] INIT mysql
[ 2022-02-18T15:12:15+08:00 ][ error ] [8]Undefined property: common\server\GetBaseInfo\GetBaseInfoServer::$db[D:\phpstudy_pro\WWW\new_kefu\common\server\GetBaseInfo\GetBaseInfoServer.php:624]
[ 2022-02-18T15:13:29+08:00 ][ info ] [ LANG ] D:\phpstudy_pro\WWW\new_kefu\thinkphp\lang\zh-cn.php
[ info ] [ LOG ] INIT File
[ 2022-02-18T15:13:29+08:00 ][ info ] [ ROUTE ] array (
  'type' => 'module',
  'module' => 
  array (
    0 => 'scripts',
    1 => 'GetBaseInfo',
    2 => 'run',
  ),
)
[ 2022-02-18T15:13:29+08:00 ][ info ] [ HEADER ] array (
)
[ 2022-02-18T15:13:29+08:00 ][ info ] [ PARAM ] array (
  'g' => 'scripts',
  'm' => 'GetBaseInfo',
  'a' => 'run',
  'p' => 
  array (
    'action' => 'role',
    'platform' => 'zw',
  ),
)
[ 2022-02-18T15:13:29+08:00 ][ info ] [ CACHE ] INIT redis
[ 2022-02-18T15:13:29+08:00 ][ info ] [ RUN ] app\scripts\controller\GetBaseInfo->run[ D:\phpstudy_pro\WWW\new_kefu\application\scripts\controller\GetBaseInfo.php ]
[ 2022-02-18T15:13:29+08:00 ][ info ] [ DB ] INIT mysql
[ 2022-02-18T15:13:29+08:00 ][ sql ] [ DB ] CONNECT:[ UseTime:0.001217s ] mysql:host=127.0.0.1;port=3306;dbname=gr_chat;charset=utf8
[ 2022-02-18T15:13:29+08:00 ][ sql ] [ SQL ] SHOW COLUMNS FROM `gr_run_log` [ RunTime:0.001783s ]
[ 2022-02-18T15:13:29+08:00 ][ sql ] [ SQL ] INSERT INTO `gr_run_log` (`controller` , `action` , `input_param` , `add_time` , `update_time`) VALUES ('script_GetBaseInfo' , 'userRole' , '{\"action\":\"role\",\"platform\":\"zw\"}' , 1645168409 , 1645168409) [ RunTime:0.001088s ]
[ 2022-02-18T15:13:29+08:00 ][ info ] [ DB ] INIT mysql
[ 2022-02-18T15:13:29+08:00 ][ error ] [10501]SQLSTATE[42S02]: Base table or view not found: 1146 Table 'db_customer.kefu_server_list' doesn't exist[D:\phpstudy_pro\WWW\new_kefu\thinkphp\library\think\db\Connection.php:385]
[ 2022-02-18T15:25:18+08:00 ][ info ] [ LANG ] D:\phpstudy_pro\WWW\new_kefu\thinkphp\lang\zh-cn.php
[ info ] [ LOG ] INIT File
[ 2022-02-18T15:25:18+08:00 ][ info ] [ ROUTE ] array (
  'type' => 'module',
  'module' => 
  array (
    0 => 'scripts',
    1 => 'GetBaseInfo',
    2 => 'run',
  ),
)
[ 2022-02-18T15:25:18+08:00 ][ info ] [ HEADER ] array (
)
[ 2022-02-18T15:25:18+08:00 ][ info ] [ PARAM ] array (
  'g' => 'scripts',
  'm' => 'GetBaseInfo',
  'a' => 'run',
  'p' => 
  array (
    'action' => 'role',
    'platform' => 'zw',
  ),
)
[ 2022-02-18T15:25:18+08:00 ][ info ] [ CACHE ] INIT redis
[ 2022-02-18T15:25:18+08:00 ][ info ] [ RUN ] app\scripts\controller\GetBaseInfo->run[ D:\phpstudy_pro\WWW\new_kefu\application\scripts\controller\GetBaseInfo.php ]
[ 2022-02-18T15:25:18+08:00 ][ info ] [ DB ] INIT mysql
[ 2022-02-18T15:25:18+08:00 ][ sql ] [ DB ] CONNECT:[ UseTime:0.001310s ] mysql:host=127.0.0.1;port=3306;dbname=gr_chat;charset=utf8
[ 2022-02-18T15:25:18+08:00 ][ sql ] [ SQL ] SHOW COLUMNS FROM `gr_run_log` [ RunTime:0.002103s ]
[ 2022-02-18T15:25:18+08:00 ][ sql ] [ SQL ] INSERT INTO `gr_run_log` (`controller` , `action` , `input_param` , `add_time` , `update_time`) VALUES ('script_GetBaseInfo' , 'userRole' , '{\"action\":\"role\",\"platform\":\"zw\"}' , 1645169118 , 1645169118) [ RunTime:0.001192s ]
[ 2022-02-18T15:25:19+08:00 ][ info ] [ DB ] INIT mysql
[ 2022-02-18T15:25:19+08:00 ][ error ] [0]Fatal error: Class '\common\model\db_customer_zw\ServerList' not found[D:\phpstudy_pro\WWW\new_kefu\common\server\CustomerPlatform\CommonServer.php:15]
[ 2022-02-18T15:25:56+08:00 ][ info ] [ LANG ] D:\phpstudy_pro\WWW\new_kefu\thinkphp\lang\zh-cn.php
[ info ] [ LOG ] INIT File
[ 2022-02-18T15:25:56+08:00 ][ info ] [ ROUTE ] array (
  'type' => 'module',
  'module' => 
  array (
    0 => 'scripts',
    1 => 'GetBaseInfo',
    2 => 'run',
  ),
)
[ 2022-02-18T15:25:56+08:00 ][ info ] [ HEADER ] array (
)
[ 2022-02-18T15:25:56+08:00 ][ info ] [ PARAM ] array (
  'g' => 'scripts',
  'm' => 'GetBaseInfo',
  'a' => 'run',
  'p' => 
  array (
    'action' => 'role',
    'platform' => 'zw',
  ),
)
[ 2022-02-18T15:25:56+08:00 ][ info ] [ CACHE ] INIT redis
[ 2022-02-18T15:25:56+08:00 ][ info ] [ RUN ] app\scripts\controller\GetBaseInfo->run[ D:\phpstudy_pro\WWW\new_kefu\application\scripts\controller\GetBaseInfo.php ]
[ 2022-02-18T15:25:56+08:00 ][ info ] [ DB ] INIT mysql
[ 2022-02-18T15:25:56+08:00 ][ sql ] [ DB ] CONNECT:[ UseTime:0.001215s ] mysql:host=127.0.0.1;port=3306;dbname=gr_chat;charset=utf8
[ 2022-02-18T15:25:56+08:00 ][ sql ] [ SQL ] SHOW COLUMNS FROM `gr_run_log` [ RunTime:0.000796s ]
[ 2022-02-18T15:25:56+08:00 ][ sql ] [ SQL ] INSERT INTO `gr_run_log` (`controller` , `action` , `input_param` , `add_time` , `update_time`) VALUES ('script_GetBaseInfo' , 'userRole' , '{\"action\":\"role\",\"platform\":\"zw\"}' , 1645169156 , 1645169156) [ RunTime:0.001158s ]
[ 2022-02-18T15:25:56+08:00 ][ info ] [ DB ] INIT mysql
[ 2022-02-18T15:25:56+08:00 ][ info ] [ DB ] INIT mysql
[ 2022-02-18T15:25:56+08:00 ][ sql ] [ SQL ] UPDATE `gr_run_log`  SET `status`=1,`update_time`=1645169156  WHERE  `id` = 47 [ RunTime:0.000981s ]
[ 2022-02-18T17:10:13+08:00 ][ info ] [ LANG ] D:\phpstudy_pro\WWW\new_kefu\thinkphp\lang\zh-cn.php
[ info ] [ LOG ] INIT File
[ 2022-02-18T17:10:13+08:00 ][ info ] [ ROUTE ] array (
  'type' => 'module',
  'module' => 
  array (
    0 => 'scripts',
    1 => 'GetBaseInfo',
    2 => 'run',
  ),
)
[ 2022-02-18T17:10:13+08:00 ][ info ] [ HEADER ] array (
)
[ 2022-02-18T17:10:13+08:00 ][ info ] [ PARAM ] array (
  'g' => 'scripts',
  'm' => 'GetBaseInfo',
  'a' => 'run',
  'p' => 
  array (
    'action' => 'action',
    'platform' => 'zw',
    'type' => '1',
    'action_type' => '1',
  ),
)
[ 2022-02-18T17:10:13+08:00 ][ info ] [ CACHE ] INIT redis
[ 2022-02-18T17:10:13+08:00 ][ info ] [ DB ] INIT mysql
[ 2022-02-18T17:10:13+08:00 ][ info ] [ RUN ] app\scripts\controller\GetBaseInfo->run[ D:\phpstudy_pro\WWW\new_kefu\application\scripts\controller\GetBaseInfo.php ]
[ 2022-02-18T17:10:13+08:00 ][ info ] [ DB ] INIT mysql
[ 2022-02-18T17:10:13+08:00 ][ sql ] [ DB ] CONNECT:[ UseTime:0.010165s ] mysql:host=127.0.0.1;port=3306;dbname=gr_chat;charset=utf8
[ 2022-02-18T17:10:13+08:00 ][ sql ] [ SQL ] SHOW COLUMNS FROM `gr_run_log` [ RunTime:0.001020s ]
[ 2022-02-18T17:10:13+08:00 ][ sql ] [ SQL ] INSERT INTO `gr_run_log` (`controller` , `action` , `input_param` , `add_time` , `update_time`) VALUES ('script_GetBaseInfo' , 'userAction' , '{\"action\":\"action\",\"platform\":\"zw\",\"type\":\"1\",\"action_type\":\"1\"}' , 1645175413 , 1645175413) [ RunTime:0.001699s ]
