[ 2022-02-22T10:22:21+08:00 ][ info ] [ LANG ] D:\phpstudy_pro\WWW\new_kefu\thinkphp\lang\zh-cn.php
[ info ] [ LOG ] INIT File
[ 2022-02-22T10:22:21+08:00 ][ info ] [ ROUTE ] array (
  'type' => 'module',
  'module' => 
  array (
    0 => 'scripts',
    1 => 'GetBaseInfo',
    2 => 'run',
  ),
)
[ 2022-02-22T10:22:21+08:00 ][ info ] [ HEADER ] array (
)
[ 2022-02-22T10:22:21+08:00 ][ info ] [ PARAM ] array (
  'g' => 'scripts',
  'm' => 'GetBaseInfo',
  'a' => 'run',
  'p' => 
  array (
    'action' => 'action',
    'platform' => 'zw',
    'type' => '1',
    'action_type' => '1',
  ),
)
[ 2022-02-22T10:22:21+08:00 ][ info ] [ CACHE ] INIT redis
[ 2022-02-22T10:22:21+08:00 ][ info ] [ DB ] INIT mysql
[ 2022-02-22T10:22:21+08:00 ][ info ] [ RUN ] app\scripts\controller\GetBaseInfo->run[ D:\phpstudy_pro\WWW\new_kefu\application\scripts\controller\GetBaseInfo.php ]
[ 2022-02-22T10:22:21+08:00 ][ info ] [ DB ] INIT mysql
[ 2022-02-22T10:22:21+08:00 ][ sql ] [ DB ] CONNECT:[ UseTime:0.001371s ] mysql:host=127.0.0.1;port=3306;dbname=gr_chat;charset=utf8
[ 2022-02-22T10:22:21+08:00 ][ sql ] [ SQL ] SHOW COLUMNS FROM `gr_run_log` [ RunTime:0.001088s ]
[ 2022-02-22T10:22:21+08:00 ][ sql ] [ SQL ] INSERT INTO `gr_run_log` (`controller` , `action` , `input_param` , `add_time` , `update_time`) VALUES ('script_GetBaseInfo' , 'userAction' , '{\"action\":\"action\",\"platform\":\"zw\",\"type\":\"1\",\"action_type\":\"1\"}' , 1645496541 , 1645496541) [ RunTime:0.001755s ]
[ 2022-02-22T10:22:21+08:00 ][ error ] [0]Fatal error: Call to a member function getTotalCount() on string[D:\phpstudy_pro\WWW\new_kefu\common\server\GetBaseInfo\GetBaseInfoServer.php:791]
[ 2022-02-22T10:24:25+08:00 ][ info ] [ LANG ] D:\phpstudy_pro\WWW\new_kefu\thinkphp\lang\zh-cn.php
[ info ] [ LOG ] INIT File
[ 2022-02-22T10:24:25+08:00 ][ info ] [ ROUTE ] array (
  'type' => 'module',
  'module' => 
  array (
    0 => 'scripts',
    1 => 'GetBaseInfo',
    2 => 'run',
  ),
)
[ 2022-02-22T10:24:25+08:00 ][ info ] [ HEADER ] array (
)
[ 2022-02-22T10:24:25+08:00 ][ info ] [ PARAM ] array (
  'g' => 'scripts',
  'm' => 'GetBaseInfo',
  'a' => 'run',
  'p' => 
  array (
    'action' => 'action',
    'platform' => 'zw',
    'type' => '1',
    'action_type' => '1',
  ),
)
[ 2022-02-22T10:24:25+08:00 ][ info ] [ CACHE ] INIT redis
[ 2022-02-22T10:24:25+08:00 ][ info ] [ RUN ] app\scripts\controller\GetBaseInfo->run[ D:\phpstudy_pro\WWW\new_kefu\application\scripts\controller\GetBaseInfo.php ]
[ 2022-02-22T10:24:25+08:00 ][ info ] [ DB ] INIT mysql
[ 2022-02-22T10:24:25+08:00 ][ sql ] [ DB ] CONNECT:[ UseTime:0.001489s ] mysql:host=127.0.0.1;port=3306;dbname=gr_chat;charset=utf8
[ 2022-02-22T10:24:25+08:00 ][ sql ] [ SQL ] SHOW COLUMNS FROM `gr_run_log` [ RunTime:0.002062s ]
[ 2022-02-22T10:24:25+08:00 ][ sql ] [ SQL ] INSERT INTO `gr_run_log` (`controller` , `action` , `input_param` , `add_time` , `update_time`) VALUES ('script_GetBaseInfo' , 'userAction' , '{\"action\":\"action\",\"platform\":\"zw\",\"type\":\"1\",\"action_type\":\"1\"}' , 1645496665 , 1645496665) [ RunTime:0.001242s ]
[ 2022-02-22T10:24:25+08:00 ][ error ] [0]Fatal error: Class 'kefuCommonMember' not found[D:\phpstudy_pro\WWW\new_kefu\common\sql_server\GetBaseInfoSqlServer.php:512]
[ 2022-02-22T10:25:09+08:00 ][ info ] [ LANG ] D:\phpstudy_pro\WWW\new_kefu\thinkphp\lang\zh-cn.php
[ info ] [ LOG ] INIT File
[ 2022-02-22T10:25:09+08:00 ][ info ] [ ROUTE ] array (
  'type' => 'module',
  'module' => 
  array (
    0 => 'scripts',
    1 => 'GetBaseInfo',
    2 => 'run',
  ),
)
[ 2022-02-22T10:25:09+08:00 ][ info ] [ HEADER ] array (
)
[ 2022-02-22T10:25:09+08:00 ][ info ] [ PARAM ] array (
  'g' => 'scripts',
  'm' => 'GetBaseInfo',
  'a' => 'run',
  'p' => 
  array (
    'action' => 'action',
    'platform' => 'zw',
    'type' => '1',
    'action_type' => '1',
  ),
)
[ 2022-02-22T10:25:09+08:00 ][ info ] [ CACHE ] INIT redis
[ 2022-02-22T10:25:09+08:00 ][ info ] [ RUN ] app\scripts\controller\GetBaseInfo->run[ D:\phpstudy_pro\WWW\new_kefu\application\scripts\controller\GetBaseInfo.php ]
[ 2022-02-22T10:26:10+08:00 ][ info ] [ LANG ] D:\phpstudy_pro\WWW\new_kefu\thinkphp\lang\zh-cn.php
[ info ] [ LOG ] INIT File
[ 2022-02-22T10:26:10+08:00 ][ info ] [ ROUTE ] array (
  'type' => 'module',
  'module' => 
  array (
    0 => 'scripts',
    1 => 'GetBaseInfo',
    2 => 'run',
  ),
)
[ 2022-02-22T10:26:10+08:00 ][ info ] [ HEADER ] array (
)
[ 2022-02-22T10:26:10+08:00 ][ info ] [ PARAM ] array (
  'g' => 'scripts',
  'm' => 'GetBaseInfo',
  'a' => 'run',
  'p' => 
  array (
    'action' => 'action',
    'platform' => 'zw',
    'type' => '1',
    'action_type' => '1',
  ),
)
[ 2022-02-22T10:26:10+08:00 ][ info ] [ CACHE ] INIT redis
[ 2022-02-22T10:26:10+08:00 ][ info ] [ RUN ] app\scripts\controller\GetBaseInfo->run[ D:\phpstudy_pro\WWW\new_kefu\application\scripts\controller\GetBaseInfo.php ]
[ 2022-02-22T10:26:10+08:00 ][ info ] [ DB ] INIT mysql
[ 2022-02-22T10:26:10+08:00 ][ sql ] [ DB ] CONNECT:[ UseTime:0.001504s ] mysql:host=127.0.0.1;port=3306;dbname=gr_chat;charset=utf8
[ 2022-02-22T10:26:10+08:00 ][ sql ] [ SQL ] SHOW COLUMNS FROM `gr_run_log` [ RunTime:0.000949s ]
[ 2022-02-22T10:26:10+08:00 ][ sql ] [ SQL ] INSERT INTO `gr_run_log` (`controller` , `action` , `input_param` , `add_time` , `update_time`) VALUES ('script_GetBaseInfo' , 'userAction' , '{\"action\":\"action\",\"platform\":\"zw\",\"type\":\"1\",\"action_type\":\"1\"}' , 1645496770 , 1645496770) [ RunTime:0.001097s ]
[ 2022-02-22T10:29:19+08:00 ][ info ] [ LANG ] D:\phpstudy_pro\WWW\new_kefu\thinkphp\lang\zh-cn.php
[ info ] [ LOG ] INIT File
[ 2022-02-22T10:29:19+08:00 ][ info ] [ ROUTE ] array (
  'type' => 'module',
  'module' => 
  array (
    0 => 'scripts',
    1 => 'GetBaseInfo',
    2 => 'run',
  ),
)
[ 2022-02-22T10:29:19+08:00 ][ info ] [ HEADER ] array (
)
[ 2022-02-22T10:29:19+08:00 ][ info ] [ PARAM ] array (
  'g' => 'scripts',
  'm' => 'GetBaseInfo',
  'a' => 'run',
  'p' => 
  array (
    'action' => 'action',
    'platform' => 'zw',
    'type' => '1',
    'action_type' => '1',
  ),
)
[ 2022-02-22T10:29:19+08:00 ][ info ] [ CACHE ] INIT redis
[ 2022-02-22T10:29:19+08:00 ][ info ] [ RUN ] app\scripts\controller\GetBaseInfo->run[ D:\phpstudy_pro\WWW\new_kefu\application\scripts\controller\GetBaseInfo.php ]
[ 2022-02-22T10:29:19+08:00 ][ info ] [ DB ] INIT mysql
[ 2022-02-22T10:29:19+08:00 ][ sql ] [ DB ] CONNECT:[ UseTime:0.001463s ] mysql:host=127.0.0.1;port=3306;dbname=gr_chat;charset=utf8
[ 2022-02-22T10:29:19+08:00 ][ sql ] [ SQL ] SHOW COLUMNS FROM `gr_run_log` [ RunTime:0.001990s ]
[ 2022-02-22T10:29:19+08:00 ][ sql ] [ SQL ] INSERT INTO `gr_run_log` (`controller` , `action` , `input_param` , `add_time` , `update_time`) VALUES ('script_GetBaseInfo' , 'userAction' , '{\"action\":\"action\",\"platform\":\"zw\",\"type\":\"1\",\"action_type\":\"1\"}' , 1645496959 , 1645496959) [ RunTime:0.001263s ]
[ 2022-02-22T10:29:19+08:00 ][ info ] [ DB ] INIT mysql
[ 2022-02-22T10:30:06+08:00 ][ info ] [ LANG ] D:\phpstudy_pro\WWW\new_kefu\thinkphp\lang\zh-cn.php
[ info ] [ LOG ] INIT File
[ 2022-02-22T10:30:06+08:00 ][ info ] [ ROUTE ] array (
  'type' => 'module',
  'module' => 
  array (
    0 => 'scripts',
    1 => 'GetBaseInfo',
    2 => 'run',
  ),
)
[ 2022-02-22T10:30:06+08:00 ][ info ] [ HEADER ] array (
)
[ 2022-02-22T10:30:06+08:00 ][ info ] [ PARAM ] array (
  'g' => 'scripts',
  'm' => 'GetBaseInfo',
  'a' => 'run',
  'p' => 
  array (
    'action' => 'action',
    'platform' => 'zw',
    'type' => '1',
    'action_type' => '1',
  ),
)
[ 2022-02-22T10:30:06+08:00 ][ info ] [ CACHE ] INIT redis
[ 2022-02-22T10:30:06+08:00 ][ info ] [ RUN ] app\scripts\controller\GetBaseInfo->run[ D:\phpstudy_pro\WWW\new_kefu\application\scripts\controller\GetBaseInfo.php ]
[ 2022-02-22T10:30:06+08:00 ][ info ] [ DB ] INIT mysql
[ 2022-02-22T10:30:06+08:00 ][ sql ] [ DB ] CONNECT:[ UseTime:0.001283s ] mysql:host=127.0.0.1;port=3306;dbname=gr_chat;charset=utf8
[ 2022-02-22T10:30:06+08:00 ][ sql ] [ SQL ] SHOW COLUMNS FROM `gr_run_log` [ RunTime:0.000968s ]
[ 2022-02-22T10:30:06+08:00 ][ sql ] [ SQL ] INSERT INTO `gr_run_log` (`controller` , `action` , `input_param` , `add_time` , `update_time`) VALUES ('script_GetBaseInfo' , 'userAction' , '{\"action\":\"action\",\"platform\":\"zw\",\"type\":\"1\",\"action_type\":\"1\"}' , 1645497006 , 1645497006) [ RunTime:0.001086s ]
[ 2022-02-22T10:30:07+08:00 ][ info ] [ DB ] INIT mysql
[ 2022-02-22T10:30:07+08:00 ][ error ] [10501]SQLSTATE[42S02]: Base table or view not found: 1146 Table 'zw.kefu_common_member' doesn't exist[D:\phpstudy_pro\WWW\new_kefu\thinkphp\library\think\db\Connection.php:385]
[ 2022-02-22T10:31:10+08:00 ][ info ] [ LANG ] D:\phpstudy_pro\WWW\new_kefu\thinkphp\lang\zh-cn.php
[ info ] [ LOG ] INIT File
[ 2022-02-22T10:31:10+08:00 ][ info ] [ ROUTE ] array (
  'type' => 'module',
  'module' => 
  array (
    0 => 'scripts',
    1 => 'GetBaseInfo',
    2 => 'run',
  ),
)
[ 2022-02-22T10:31:10+08:00 ][ info ] [ HEADER ] array (
)
[ 2022-02-22T10:31:10+08:00 ][ info ] [ PARAM ] array (
  'g' => 'scripts',
  'm' => 'GetBaseInfo',
  'a' => 'run',
  'p' => 
  array (
    'action' => 'action',
    'platform' => 'zw',
    'type' => '1',
    'action_type' => '1',
  ),
)
[ 2022-02-22T10:31:10+08:00 ][ info ] [ CACHE ] INIT redis
[ 2022-02-22T10:31:10+08:00 ][ info ] [ RUN ] app\scripts\controller\GetBaseInfo->run[ D:\phpstudy_pro\WWW\new_kefu\application\scripts\controller\GetBaseInfo.php ]
[ 2022-02-22T10:31:10+08:00 ][ info ] [ DB ] INIT mysql
[ 2022-02-22T10:31:10+08:00 ][ sql ] [ DB ] CONNECT:[ UseTime:0.001279s ] mysql:host=127.0.0.1;port=3306;dbname=gr_chat;charset=utf8
[ 2022-02-22T10:31:10+08:00 ][ sql ] [ SQL ] SHOW COLUMNS FROM `gr_run_log` [ RunTime:0.000810s ]
[ 2022-02-22T10:31:10+08:00 ][ sql ] [ SQL ] INSERT INTO `gr_run_log` (`controller` , `action` , `input_param` , `add_time` , `update_time`) VALUES ('script_GetBaseInfo' , 'userAction' , '{\"action\":\"action\",\"platform\":\"zw\",\"type\":\"1\",\"action_type\":\"1\"}' , 1645497070 , 1645497070) [ RunTime:0.001030s ]
[ 2022-02-22T10:31:10+08:00 ][ error ] [0]Parse error: syntax error, unexpected '('[D:\phpstudy_pro\WWW\new_kefu\common\sql_server\GetBaseInfoSqlServer.php:512]
[ 2022-02-22T10:31:50+08:00 ][ info ] [ LANG ] D:\phpstudy_pro\WWW\new_kefu\thinkphp\lang\zh-cn.php
[ info ] [ LOG ] INIT File
[ 2022-02-22T10:31:50+08:00 ][ info ] [ ROUTE ] array (
  'type' => 'module',
  'module' => 
  array (
    0 => 'scripts',
    1 => 'GetBaseInfo',
    2 => 'run',
  ),
)
[ 2022-02-22T10:31:50+08:00 ][ info ] [ HEADER ] array (
)
[ 2022-02-22T10:31:50+08:00 ][ info ] [ PARAM ] array (
  'g' => 'scripts',
  'm' => 'GetBaseInfo',
  'a' => 'run',
  'p' => 
  array (
    'action' => 'action',
    'platform' => 'zw',
    'type' => '1',
    'action_type' => '1',
  ),
)
[ 2022-02-22T10:31:50+08:00 ][ info ] [ CACHE ] INIT redis
[ 2022-02-22T10:31:50+08:00 ][ info ] [ RUN ] app\scripts\controller\GetBaseInfo->run[ D:\phpstudy_pro\WWW\new_kefu\application\scripts\controller\GetBaseInfo.php ]
[ 2022-02-22T10:31:50+08:00 ][ info ] [ DB ] INIT mysql
[ 2022-02-22T10:31:50+08:00 ][ sql ] [ DB ] CONNECT:[ UseTime:0.010862s ] mysql:host=127.0.0.1;port=3306;dbname=gr_chat;charset=utf8
[ 2022-02-22T10:31:50+08:00 ][ sql ] [ SQL ] SHOW COLUMNS FROM `gr_run_log` [ RunTime:0.001772s ]
[ 2022-02-22T10:31:50+08:00 ][ sql ] [ SQL ] INSERT INTO `gr_run_log` (`controller` , `action` , `input_param` , `add_time` , `update_time`) VALUES ('script_GetBaseInfo' , 'userAction' , '{\"action\":\"action\",\"platform\":\"zw\",\"type\":\"1\",\"action_type\":\"1\"}' , 1645497110 , 1645497110) [ RunTime:0.001192s ]
[ 2022-02-22T10:31:50+08:00 ][ error ] [0]Fatal error: Class 'kefuCommonMember' not found[D:\phpstudy_pro\WWW\new_kefu\common\sql_server\GetBaseInfoSqlServer.php:510]
[ 2022-02-22T10:39:44+08:00 ][ info ] [ LANG ] D:\phpstudy_pro\WWW\new_kefu\thinkphp\lang\zh-cn.php
[ info ] [ LOG ] INIT File
[ 2022-02-22T10:39:44+08:00 ][ info ] [ ROUTE ] array (
  'type' => 'module',
  'module' => 
  array (
    0 => 'scripts',
    1 => 'GetBaseInfo',
    2 => 'run',
  ),
)
[ 2022-02-22T10:39:44+08:00 ][ info ] [ HEADER ] array (
)
[ 2022-02-22T10:39:44+08:00 ][ info ] [ PARAM ] array (
  'g' => 'scripts',
  'm' => 'GetBaseInfo',
  'a' => 'run',
  'p' => 
  array (
    'action' => 'action',
    'platform' => 'zw',
    'type' => '1',
    'action_type' => '1',
  ),
)
[ 2022-02-22T10:39:44+08:00 ][ info ] [ CACHE ] INIT redis
[ 2022-02-22T10:39:44+08:00 ][ info ] [ RUN ] app\scripts\controller\GetBaseInfo->run[ D:\phpstudy_pro\WWW\new_kefu\application\scripts\controller\GetBaseInfo.php ]
[ 2022-02-22T10:39:44+08:00 ][ info ] [ DB ] INIT mysql
[ 2022-02-22T10:39:44+08:00 ][ sql ] [ DB ] CONNECT:[ UseTime:0.001370s ] mysql:host=127.0.0.1;port=3306;dbname=gr_chat;charset=utf8
[ 2022-02-22T10:39:44+08:00 ][ sql ] [ SQL ] SHOW COLUMNS FROM `gr_run_log` [ RunTime:0.001950s ]
[ 2022-02-22T10:39:44+08:00 ][ sql ] [ SQL ] INSERT INTO `gr_run_log` (`controller` , `action` , `input_param` , `add_time` , `update_time`) VALUES ('script_GetBaseInfo' , 'userAction' , '{\"action\":\"action\",\"platform\":\"zw\",\"type\":\"1\",\"action_type\":\"1\"}' , 1645497584 , 1645497584) [ RunTime:0.001294s ]
[ 2022-02-22T10:39:44+08:00 ][ error ] [0]Fatal error: Class 'KefuCommonMember' not found[D:\phpstudy_pro\WWW\new_kefu\common\sql_server\GetBaseInfoSqlServer.php:511]
[ 2022-02-22T10:53:23+08:00 ][ info ] [ LANG ] D:\phpstudy_pro\WWW\new_kefu\thinkphp\lang\zh-cn.php
[ info ] [ LOG ] INIT File
[ 2022-02-22T10:53:23+08:00 ][ info ] [ ROUTE ] array (
  'type' => 'module',
  'module' => 
  array (
    0 => 'scripts',
    1 => 'GetBaseInfo',
    2 => 'run',
  ),
)
[ 2022-02-22T10:53:23+08:00 ][ info ] [ HEADER ] array (
)
[ 2022-02-22T10:53:23+08:00 ][ info ] [ PARAM ] array (
  'g' => 'scripts',
  'm' => 'GetBaseInfo',
  'a' => 'run',
  'p' => 
  array (
    'action' => 'action',
    'platform' => 'zw',
    'type' => '1',
    'action_type' => '1',
  ),
)
[ 2022-02-22T10:53:23+08:00 ][ info ] [ CACHE ] INIT redis
[ 2022-02-22T10:53:23+08:00 ][ info ] [ RUN ] app\scripts\controller\GetBaseInfo->run[ D:\phpstudy_pro\WWW\new_kefu\application\scripts\controller\GetBaseInfo.php ]
[ 2022-02-22T10:53:23+08:00 ][ info ] [ DB ] INIT mysql
[ 2022-02-22T10:53:23+08:00 ][ sql ] [ DB ] CONNECT:[ UseTime:0.001370s ] mysql:host=127.0.0.1;port=3306;dbname=gr_chat;charset=utf8
[ 2022-02-22T10:53:23+08:00 ][ sql ] [ SQL ] SHOW COLUMNS FROM `gr_run_log` [ RunTime:0.001900s ]
[ 2022-02-22T10:53:23+08:00 ][ sql ] [ SQL ] INSERT INTO `gr_run_log` (`controller` , `action` , `input_param` , `add_time` , `update_time`) VALUES ('script_GetBaseInfo' , 'userAction' , '{\"action\":\"action\",\"platform\":\"zw\",\"type\":\"1\",\"action_type\":\"1\"}' , 1645498403 , 1645498403) [ RunTime:0.001164s ]
[ 2022-02-22T10:53:23+08:00 ][ info ] [ DB ] INIT mysql
[ 2022-02-22T10:53:37+08:00 ][ info ] [ LANG ] D:\phpstudy_pro\WWW\new_kefu\thinkphp\lang\zh-cn.php
[ info ] [ LOG ] INIT File
[ 2022-02-22T10:53:37+08:00 ][ info ] [ ROUTE ] array (
  'type' => 'module',
  'module' => 
  array (
    0 => 'scripts',
    1 => 'GetBaseInfo',
    2 => 'run',
  ),
)
[ 2022-02-22T10:53:37+08:00 ][ info ] [ HEADER ] array (
)
[ 2022-02-22T10:53:37+08:00 ][ info ] [ PARAM ] array (
  'g' => 'scripts',
  'm' => 'GetBaseInfo',
  'a' => 'run',
  'p' => 
  array (
    'action' => 'action',
    'platform' => 'zw',
    'type' => '1',
    'action_type' => '1',
  ),
)
[ 2022-02-22T10:53:37+08:00 ][ info ] [ CACHE ] INIT redis
[ 2022-02-22T10:53:37+08:00 ][ info ] [ RUN ] app\scripts\controller\GetBaseInfo->run[ D:\phpstudy_pro\WWW\new_kefu\application\scripts\controller\GetBaseInfo.php ]
[ 2022-02-22T10:53:37+08:00 ][ info ] [ DB ] INIT mysql
[ 2022-02-22T10:53:37+08:00 ][ sql ] [ DB ] CONNECT:[ UseTime:0.001179s ] mysql:host=127.0.0.1;port=3306;dbname=gr_chat;charset=utf8
[ 2022-02-22T10:53:37+08:00 ][ sql ] [ SQL ] SHOW COLUMNS FROM `gr_run_log` [ RunTime:0.000846s ]
[ 2022-02-22T10:53:37+08:00 ][ sql ] [ SQL ] INSERT INTO `gr_run_log` (`controller` , `action` , `input_param` , `add_time` , `update_time`) VALUES ('script_GetBaseInfo' , 'userAction' , '{\"action\":\"action\",\"platform\":\"zw\",\"type\":\"1\",\"action_type\":\"1\"}' , 1645498417 , 1645498417) [ RunTime:0.001136s ]
[ 2022-02-22T10:53:37+08:00 ][ error ] [0]Fatal error: Class 'KefuCommonMember' not found[D:\phpstudy_pro\WWW\new_kefu\common\sql_server\GetBaseInfoSqlServer.php:511]
[ 2022-02-22T10:58:16+08:00 ][ info ] [ LANG ] D:\phpstudy_pro\WWW\new_kefu\thinkphp\lang\zh-cn.php
[ info ] [ LOG ] INIT File
[ 2022-02-22T10:58:16+08:00 ][ info ] [ ROUTE ] array (
  'type' => 'module',
  'module' => 
  array (
    0 => 'scripts',
    1 => 'GetBaseInfo',
    2 => 'run',
  ),
)
[ 2022-02-22T10:58:16+08:00 ][ info ] [ HEADER ] array (
)
[ 2022-02-22T10:58:16+08:00 ][ info ] [ PARAM ] array (
  'g' => 'scripts',
  'm' => 'GetBaseInfo',
  'a' => 'run',
  'p' => 
  array (
    'action' => 'action',
    'platform' => 'zw',
    'type' => '1',
    'action_type' => '1',
  ),
)
[ 2022-02-22T10:58:16+08:00 ][ info ] [ CACHE ] INIT redis
[ 2022-02-22T10:58:16+08:00 ][ info ] [ RUN ] app\scripts\controller\GetBaseInfo->run[ D:\phpstudy_pro\WWW\new_kefu\application\scripts\controller\GetBaseInfo.php ]
[ 2022-02-22T10:58:16+08:00 ][ info ] [ DB ] INIT mysql
[ 2022-02-22T10:58:16+08:00 ][ sql ] [ DB ] CONNECT:[ UseTime:0.001378s ] mysql:host=127.0.0.1;port=3306;dbname=gr_chat;charset=utf8
[ 2022-02-22T10:58:16+08:00 ][ sql ] [ SQL ] SHOW COLUMNS FROM `gr_run_log` [ RunTime:0.000943s ]
[ 2022-02-22T10:58:16+08:00 ][ sql ] [ SQL ] INSERT INTO `gr_run_log` (`controller` , `action` , `input_param` , `add_time` , `update_time`) VALUES ('script_GetBaseInfo' , 'userAction' , '{\"action\":\"action\",\"platform\":\"zw\",\"type\":\"1\",\"action_type\":\"1\"}' , 1645498696 , 1645498696) [ RunTime:0.001192s ]
[ 2022-02-22T10:58:16+08:00 ][ error ] [0]Fatal error: Class 'KefuCommonMember1' not found[D:\phpstudy_pro\WWW\new_kefu\common\sql_server\GetBaseInfoSqlServer.php:513]
[ 2022-02-22T10:58:39+08:00 ][ info ] [ LANG ] D:\phpstudy_pro\WWW\new_kefu\thinkphp\lang\zh-cn.php
[ info ] [ LOG ] INIT File
[ 2022-02-22T10:58:39+08:00 ][ info ] [ ROUTE ] array (
  'type' => 'module',
  'module' => 
  array (
    0 => 'scripts',
    1 => 'GetBaseInfo',
    2 => 'run',
  ),
)
[ 2022-02-22T10:58:39+08:00 ][ info ] [ HEADER ] array (
)
[ 2022-02-22T10:58:39+08:00 ][ info ] [ PARAM ] array (
  'g' => 'scripts',
  'm' => 'GetBaseInfo',
  'a' => 'run',
  'p' => 
  array (
    'action' => 'action',
    'platform' => 'zw',
    'type' => '1',
    'action_type' => '1',
  ),
)
[ 2022-02-22T10:58:39+08:00 ][ info ] [ CACHE ] INIT redis
[ 2022-02-22T10:58:39+08:00 ][ info ] [ RUN ] app\scripts\controller\GetBaseInfo->run[ D:\phpstudy_pro\WWW\new_kefu\application\scripts\controller\GetBaseInfo.php ]
[ 2022-02-22T10:58:39+08:00 ][ info ] [ DB ] INIT mysql
[ 2022-02-22T10:58:39+08:00 ][ sql ] [ DB ] CONNECT:[ UseTime:0.001212s ] mysql:host=127.0.0.1;port=3306;dbname=gr_chat;charset=utf8
[ 2022-02-22T10:58:39+08:00 ][ sql ] [ SQL ] SHOW COLUMNS FROM `gr_run_log` [ RunTime:0.000701s ]
[ 2022-02-22T10:58:39+08:00 ][ sql ] [ SQL ] INSERT INTO `gr_run_log` (`controller` , `action` , `input_param` , `add_time` , `update_time`) VALUES ('script_GetBaseInfo' , 'userAction' , '{\"action\":\"action\",\"platform\":\"zw\",\"type\":\"1\",\"action_type\":\"1\"}' , 1645498719 , 1645498719) [ RunTime:0.000811s ]
[ 2022-02-22T11:07:18+08:00 ][ info ] [ LANG ] D:\phpstudy_pro\WWW\new_kefu\thinkphp\lang\zh-cn.php
[ info ] [ LOG ] INIT File
[ 2022-02-22T11:07:18+08:00 ][ info ] [ ROUTE ] array (
  'type' => 'module',
  'module' => 
  array (
    0 => 'scripts',
    1 => 'GetBaseInfo',
    2 => 'run',
  ),
)
[ 2022-02-22T11:07:18+08:00 ][ info ] [ HEADER ] array (
)
[ 2022-02-22T11:07:18+08:00 ][ info ] [ PARAM ] array (
  'g' => 'scripts',
  'm' => 'GetBaseInfo',
  'a' => 'run',
  'p' => 
  array (
    'action' => 'action',
    'platform' => 'zw',
    'type' => '1',
    'action_type' => '1',
  ),
)
[ 2022-02-22T11:07:18+08:00 ][ info ] [ CACHE ] INIT redis
[ 2022-02-22T11:07:18+08:00 ][ info ] [ RUN ] app\scripts\controller\GetBaseInfo->run[ D:\phpstudy_pro\WWW\new_kefu\application\scripts\controller\GetBaseInfo.php ]
[ 2022-02-22T11:07:18+08:00 ][ info ] [ DB ] INIT mysql
[ 2022-02-22T11:07:18+08:00 ][ sql ] [ DB ] CONNECT:[ UseTime:0.001491s ] mysql:host=127.0.0.1;port=3306;dbname=gr_chat;charset=utf8
[ 2022-02-22T11:07:18+08:00 ][ sql ] [ SQL ] SHOW COLUMNS FROM `gr_run_log` [ RunTime:0.001038s ]
[ 2022-02-22T11:07:18+08:00 ][ sql ] [ SQL ] INSERT INTO `gr_run_log` (`controller` , `action` , `input_param` , `add_time` , `update_time`) VALUES ('script_GetBaseInfo' , 'userAction' , '{\"action\":\"action\",\"platform\":\"zw\",\"type\":\"1\",\"action_type\":\"1\"}' , 1645499238 , 1645499238) [ RunTime:0.001193s ]
[ 2022-02-22T11:07:18+08:00 ][ sql ] [ SQL ] SELECT
                    (
                        FROM_UNIXTIME('reg_date', '%H')
                    ) AS h,
                    count(*) as totalCount
                FROM
                    db_customer_zw.kefu_common_member
                WHERE
                    reg_date >= 1645372800
                AND reg_date < 1645459200
                GROUP BY
                    h [ RunTime:0.001616s ]
[ 2022-02-22T11:08:23+08:00 ][ info ] [ LANG ] D:\phpstudy_pro\WWW\new_kefu\thinkphp\lang\zh-cn.php
[ info ] [ LOG ] INIT File
[ 2022-02-22T11:08:23+08:00 ][ info ] [ ROUTE ] array (
  'type' => 'module',
  'module' => 
  array (
    0 => 'scripts',
    1 => 'GetBaseInfo',
    2 => 'run',
  ),
)
[ 2022-02-22T11:08:23+08:00 ][ info ] [ HEADER ] array (
)
[ 2022-02-22T11:08:23+08:00 ][ info ] [ PARAM ] array (
  'g' => 'scripts',
  'm' => 'GetBaseInfo',
  'a' => 'run',
  'p' => 
  array (
    'action' => 'action',
    'platform' => 'zw',
    'type' => '1',
    'action_type' => '1',
  ),
)
[ 2022-02-22T11:08:23+08:00 ][ info ] [ CACHE ] INIT redis
[ 2022-02-22T11:08:23+08:00 ][ info ] [ RUN ] app\scripts\controller\GetBaseInfo->run[ D:\phpstudy_pro\WWW\new_kefu\application\scripts\controller\GetBaseInfo.php ]
[ 2022-02-22T11:08:23+08:00 ][ info ] [ DB ] INIT mysql
[ 2022-02-22T11:08:23+08:00 ][ sql ] [ DB ] CONNECT:[ UseTime:0.001268s ] mysql:host=127.0.0.1;port=3306;dbname=gr_chat;charset=utf8
[ 2022-02-22T11:08:23+08:00 ][ sql ] [ SQL ] SHOW COLUMNS FROM `gr_run_log` [ RunTime:0.000857s ]
[ 2022-02-22T11:08:23+08:00 ][ sql ] [ SQL ] INSERT INTO `gr_run_log` (`controller` , `action` , `input_param` , `add_time` , `update_time`) VALUES ('script_GetBaseInfo' , 'userAction' , '{\"action\":\"action\",\"platform\":\"zw\",\"type\":\"1\",\"action_type\":\"1\"}' , 1645499303 , 1645499303) [ RunTime:0.001061s ]
[ 2022-02-22T11:08:23+08:00 ][ sql ] [ SQL ] SELECT
                    (
                        FROM_UNIXTIME('reg_date', '%H')
                    ) AS h,
                    count(*) as totalCount
                FROM
                    db_customer_zw.kefu_common_member
                WHERE
                    reg_date >= 1645372800
                AND reg_date < 1645459200
                GROUP BY
                    h [ RunTime:0.000598s ]
[ 2022-02-22T11:08:23+08:00 ][ error ] [0]Type error: Too few arguments to function common\server\GetBaseInfo\GetBaseInfoServer::hourDifferent(), 4 passed in D:\phpstudy_pro\WWW\new_kefu\common\server\GetBaseInfo\GetBaseInfoServer.php on line 795 and exactly 5 expected[D:\phpstudy_pro\WWW\new_kefu\common\server\GetBaseInfo\GetBaseInfoServer.php:842]
[ 2022-02-22T14:42:57+08:00 ][ info ] [ LANG ] D:\phpstudy_pro\WWW\new_kefu\thinkphp\lang\zh-cn.php
[ info ] [ LOG ] INIT File
[ 2022-02-22T14:42:57+08:00 ][ info ] [ ROUTE ] array (
  'type' => 'module',
  'module' => 
  array (
    0 => 'scripts',
    1 => 'GetBaseInfo',
    2 => 'run',
  ),
)
[ 2022-02-22T14:42:57+08:00 ][ info ] [ HEADER ] array (
)
[ 2022-02-22T14:42:57+08:00 ][ info ] [ PARAM ] array (
  'g' => 'scripts',
  'm' => 'GetBaseInfo',
  'a' => 'run',
  'p' => 
  array (
    'action' => 'action',
    'platform' => 'zw',
    'type' => '1',
    'action_type' => '1',
  ),
)
[ 2022-02-22T14:42:57+08:00 ][ info ] [ CACHE ] INIT redis
[ 2022-02-22T14:42:57+08:00 ][ info ] [ DB ] INIT mysql
[ 2022-02-22T14:42:57+08:00 ][ info ] [ RUN ] app\scripts\controller\GetBaseInfo->run[ D:\phpstudy_pro\WWW\new_kefu\application\scripts\controller\GetBaseInfo.php ]
[ 2022-02-22T14:42:57+08:00 ][ info ] [ DB ] INIT mysql
[ 2022-02-22T14:42:57+08:00 ][ sql ] [ DB ] CONNECT:[ UseTime:0.001123s ] mysql:host=127.0.0.1;port=3306;dbname=gr_chat;charset=utf8
[ 2022-02-22T14:42:57+08:00 ][ sql ] [ SQL ] SHOW COLUMNS FROM `gr_run_log` [ RunTime:0.000873s ]
[ 2022-02-22T14:42:57+08:00 ][ sql ] [ SQL ] INSERT INTO `gr_run_log` (`controller` , `action` , `input_param` , `add_time` , `update_time`) VALUES ('script_GetBaseInfo' , 'userAction' , '{\"action\":\"action\",\"platform\":\"zw\",\"type\":\"1\",\"action_type\":\"1\"}' , 1645512177 , 1645512177) [ RunTime:0.001242s ]
[ 2022-02-22T14:42:57+08:00 ][ sql ] [ SQL ] SELECT
                    (
                        FROM_UNIXTIME('reg_date', '%H')
                    ) AS h,
                    count(*) as totalCount
                FROM
                    db_customer_zw.kefu_common_member
                WHERE
                    reg_date >= 1645372800
                AND reg_date < 1645459200
                GROUP BY
                    h [ RunTime:0.000971s ]
[ 2022-02-22T14:42:57+08:00 ][ error ] [2]Invalid argument supplied for foreach()[D:\phpstudy_pro\WWW\new_kefu\common\server\GetBaseInfo\GetBaseInfoServer.php:844]
[ 2022-02-22T14:43:20+08:00 ][ info ] [ LANG ] D:\phpstudy_pro\WWW\new_kefu\thinkphp\lang\zh-cn.php
[ info ] [ LOG ] INIT File
[ 2022-02-22T14:43:20+08:00 ][ info ] [ ROUTE ] array (
  'type' => 'module',
  'module' => 
  array (
    0 => 'scripts',
    1 => 'GetBaseInfo',
    2 => 'run',
  ),
)
[ 2022-02-22T14:43:20+08:00 ][ info ] [ HEADER ] array (
)
[ 2022-02-22T14:43:20+08:00 ][ info ] [ PARAM ] array (
  'g' => 'scripts',
  'm' => 'GetBaseInfo',
  'a' => 'run',
  'p' => 
  array (
    'action' => 'action',
    'platform' => 'zw',
    'type' => '1',
    'action_type' => '1',
  ),
)
[ 2022-02-22T14:43:20+08:00 ][ info ] [ CACHE ] INIT redis
[ 2022-02-22T14:43:20+08:00 ][ info ] [ RUN ] app\scripts\controller\GetBaseInfo->run[ D:\phpstudy_pro\WWW\new_kefu\application\scripts\controller\GetBaseInfo.php ]
[ 2022-02-22T14:43:20+08:00 ][ info ] [ DB ] INIT mysql
[ 2022-02-22T14:43:20+08:00 ][ sql ] [ DB ] CONNECT:[ UseTime:0.001448s ] mysql:host=127.0.0.1;port=3306;dbname=gr_chat;charset=utf8
[ 2022-02-22T14:43:20+08:00 ][ sql ] [ SQL ] SHOW COLUMNS FROM `gr_run_log` [ RunTime:0.000999s ]
[ 2022-02-22T14:43:20+08:00 ][ sql ] [ SQL ] INSERT INTO `gr_run_log` (`controller` , `action` , `input_param` , `add_time` , `update_time`) VALUES ('script_GetBaseInfo' , 'userAction' , '{\"action\":\"action\",\"platform\":\"zw\",\"type\":\"1\",\"action_type\":\"1\"}' , 1645512200 , 1645512200) [ RunTime:0.001219s ]
[ 2022-02-22T14:43:21+08:00 ][ sql ] [ SQL ] SELECT
                    (
                        FROM_UNIXTIME('reg_date', '%H')
                    ) AS h,
                    count(*) as totalCount
                FROM
                    db_customer_zw.kefu_common_member
                WHERE
                    reg_date >= 1645372800
                AND reg_date < 1645459200
                GROUP BY
                    h [ RunTime:0.001869s ]
[ 2022-02-22T14:44:37+08:00 ][ info ] [ LANG ] D:\phpstudy_pro\WWW\new_kefu\thinkphp\lang\zh-cn.php
[ info ] [ LOG ] INIT File
[ 2022-02-22T14:44:37+08:00 ][ info ] [ ROUTE ] array (
  'type' => 'module',
  'module' => 
  array (
    0 => 'scripts',
    1 => 'GetBaseInfo',
    2 => 'run',
  ),
)
[ 2022-02-22T14:44:37+08:00 ][ info ] [ HEADER ] array (
)
[ 2022-02-22T14:44:37+08:00 ][ info ] [ PARAM ] array (
  'g' => 'scripts',
  'm' => 'GetBaseInfo',
  'a' => 'run',
  'p' => 
  array (
    'action' => 'action',
    'platform' => 'zw',
    'type' => '1',
    'action_type' => '1',
  ),
)
[ 2022-02-22T14:44:37+08:00 ][ info ] [ CACHE ] INIT redis
[ 2022-02-22T14:44:37+08:00 ][ info ] [ RUN ] app\scripts\controller\GetBaseInfo->run[ D:\phpstudy_pro\WWW\new_kefu\application\scripts\controller\GetBaseInfo.php ]
[ 2022-02-22T14:44:37+08:00 ][ info ] [ DB ] INIT mysql
[ 2022-02-22T14:44:37+08:00 ][ sql ] [ DB ] CONNECT:[ UseTime:0.001349s ] mysql:host=127.0.0.1;port=3306;dbname=gr_chat;charset=utf8
[ 2022-02-22T14:44:37+08:00 ][ sql ] [ SQL ] SHOW COLUMNS FROM `gr_run_log` [ RunTime:0.000908s ]
[ 2022-02-22T14:44:37+08:00 ][ sql ] [ SQL ] INSERT INTO `gr_run_log` (`controller` , `action` , `input_param` , `add_time` , `update_time`) VALUES ('script_GetBaseInfo' , 'userAction' , '{\"action\":\"action\",\"platform\":\"zw\",\"type\":\"1\",\"action_type\":\"1\"}' , 1645512277 , 1645512277) [ RunTime:0.001212s ]
[ 2022-02-22T14:44:38+08:00 ][ sql ] [ SQL ] SELECT
                    (
                        FROM_UNIXTIME('reg_date', '%H')
                    ) AS h,
                    count(*) as totalCount
                FROM
                    db_customer_zw.kefu_common_member
                WHERE
                    reg_date >= 1645372800
                AND reg_date < 1645459200
                GROUP BY
                    h [ RunTime:0.001611s ]
[ 2022-02-22T14:45:21+08:00 ][ info ] [ LANG ] D:\phpstudy_pro\WWW\new_kefu\thinkphp\lang\zh-cn.php
[ info ] [ LOG ] INIT File
[ 2022-02-22T14:45:21+08:00 ][ info ] [ ROUTE ] array (
  'type' => 'module',
  'module' => 
  array (
    0 => 'scripts',
    1 => 'GetBaseInfo',
    2 => 'run',
  ),
)
[ 2022-02-22T14:45:21+08:00 ][ info ] [ HEADER ] array (
)
[ 2022-02-22T14:45:21+08:00 ][ info ] [ PARAM ] array (
  'g' => 'scripts',
  'm' => 'GetBaseInfo',
  'a' => 'run',
  'p' => 
  array (
    'action' => 'action',
    'platform' => 'zw',
    'type' => '1',
    'action_type' => '1',
  ),
)
[ 2022-02-22T14:45:22+08:00 ][ info ] [ CACHE ] INIT redis
[ 2022-02-22T14:45:22+08:00 ][ info ] [ RUN ] app\scripts\controller\GetBaseInfo->run[ D:\phpstudy_pro\WWW\new_kefu\application\scripts\controller\GetBaseInfo.php ]
[ 2022-02-22T14:45:22+08:00 ][ info ] [ DB ] INIT mysql
[ 2022-02-22T14:45:22+08:00 ][ sql ] [ DB ] CONNECT:[ UseTime:0.001470s ] mysql:host=127.0.0.1;port=3306;dbname=gr_chat;charset=utf8
[ 2022-02-22T14:45:22+08:00 ][ sql ] [ SQL ] SHOW COLUMNS FROM `gr_run_log` [ RunTime:0.000893s ]
[ 2022-02-22T14:45:22+08:00 ][ sql ] [ SQL ] INSERT INTO `gr_run_log` (`controller` , `action` , `input_param` , `add_time` , `update_time`) VALUES ('script_GetBaseInfo' , 'userAction' , '{\"action\":\"action\",\"platform\":\"zw\",\"type\":\"1\",\"action_type\":\"1\"}' , 1645512322 , 1645512322) [ RunTime:0.001182s ]
[ 2022-02-22T14:45:22+08:00 ][ sql ] [ SQL ] SELECT
                    (
                        FROM_UNIXTIME('reg_date', '%H')
                    ) AS h,
                    count(*) as totalCount
                FROM
                    db_customer_zw.kefu_common_member
                WHERE
                    reg_date >= 1645372800
                AND reg_date < 1645459200
                GROUP BY
                    h [ RunTime:0.001698s ]
[ 2022-02-22T14:45:22+08:00 ][ error ] [8]Undefined variable: dataArray[D:\phpstudy_pro\WWW\new_kefu\common\server\GetBaseInfo\GetBaseInfoServer.php:854]
[ 2022-02-22T14:45:45+08:00 ][ info ] [ LANG ] D:\phpstudy_pro\WWW\new_kefu\thinkphp\lang\zh-cn.php
[ info ] [ LOG ] INIT File
[ 2022-02-22T14:45:45+08:00 ][ info ] [ ROUTE ] array (
  'type' => 'module',
  'module' => 
  array (
    0 => 'scripts',
    1 => 'GetBaseInfo',
    2 => 'run',
  ),
)
[ 2022-02-22T14:45:45+08:00 ][ info ] [ HEADER ] array (
)
[ 2022-02-22T14:45:45+08:00 ][ info ] [ PARAM ] array (
  'g' => 'scripts',
  'm' => 'GetBaseInfo',
  'a' => 'run',
  'p' => 
  array (
    'action' => 'action',
    'platform' => 'zw',
    'type' => '1',
    'action_type' => '1',
  ),
)
[ 2022-02-22T14:45:45+08:00 ][ info ] [ CACHE ] INIT redis
[ 2022-02-22T14:45:45+08:00 ][ info ] [ RUN ] app\scripts\controller\GetBaseInfo->run[ D:\phpstudy_pro\WWW\new_kefu\application\scripts\controller\GetBaseInfo.php ]
[ 2022-02-22T14:45:45+08:00 ][ info ] [ DB ] INIT mysql
[ 2022-02-22T14:45:45+08:00 ][ sql ] [ DB ] CONNECT:[ UseTime:0.001209s ] mysql:host=127.0.0.1;port=3306;dbname=gr_chat;charset=utf8
[ 2022-02-22T14:45:45+08:00 ][ sql ] [ SQL ] SHOW COLUMNS FROM `gr_run_log` [ RunTime:0.000806s ]
[ 2022-02-22T14:45:45+08:00 ][ sql ] [ SQL ] INSERT INTO `gr_run_log` (`controller` , `action` , `input_param` , `add_time` , `update_time`) VALUES ('script_GetBaseInfo' , 'userAction' , '{\"action\":\"action\",\"platform\":\"zw\",\"type\":\"1\",\"action_type\":\"1\"}' , 1645512345 , 1645512345) [ RunTime:0.001316s ]
[ 2022-02-22T14:45:45+08:00 ][ sql ] [ SQL ] SELECT
                    (
                        FROM_UNIXTIME('reg_date', '%H')
                    ) AS h,
                    count(*) as totalCount
                FROM
                    db_customer_zw.kefu_common_member
                WHERE
                    reg_date >= 1645372800
                AND reg_date < 1645459200
                GROUP BY
                    h [ RunTime:0.001759s ]
[ 2022-02-22T14:47:09+08:00 ][ info ] [ LANG ] D:\phpstudy_pro\WWW\new_kefu\thinkphp\lang\zh-cn.php
[ info ] [ LOG ] INIT File
[ 2022-02-22T14:47:09+08:00 ][ info ] [ ROUTE ] array (
  'type' => 'module',
  'module' => 
  array (
    0 => 'scripts',
    1 => 'GetBaseInfo',
    2 => 'run',
  ),
)
[ 2022-02-22T14:47:09+08:00 ][ info ] [ HEADER ] array (
)
[ 2022-02-22T14:47:09+08:00 ][ info ] [ PARAM ] array (
  'g' => 'scripts',
  'm' => 'GetBaseInfo',
  'a' => 'run',
  'p' => 
  array (
    'action' => 'action',
    'platform' => 'zw',
    'type' => '1',
    'action_type' => '1',
  ),
)
[ 2022-02-22T14:47:09+08:00 ][ info ] [ CACHE ] INIT redis
[ 2022-02-22T14:47:09+08:00 ][ info ] [ RUN ] app\scripts\controller\GetBaseInfo->run[ D:\phpstudy_pro\WWW\new_kefu\application\scripts\controller\GetBaseInfo.php ]
[ 2022-02-22T14:47:09+08:00 ][ info ] [ DB ] INIT mysql
[ 2022-02-22T14:47:09+08:00 ][ sql ] [ DB ] CONNECT:[ UseTime:0.001325s ] mysql:host=127.0.0.1;port=3306;dbname=gr_chat;charset=utf8
[ 2022-02-22T14:47:09+08:00 ][ sql ] [ SQL ] SHOW COLUMNS FROM `gr_run_log` [ RunTime:0.000946s ]
[ 2022-02-22T14:47:09+08:00 ][ sql ] [ SQL ] INSERT INTO `gr_run_log` (`controller` , `action` , `input_param` , `add_time` , `update_time`) VALUES ('script_GetBaseInfo' , 'userAction' , '{\"action\":\"action\",\"platform\":\"zw\",\"type\":\"1\",\"action_type\":\"1\"}' , 1645512429 , 1645512429) [ RunTime:0.001039s ]
[ 2022-02-22T14:47:10+08:00 ][ sql ] [ SQL ] SELECT
                    (
                        FROM_UNIXTIME('reg_date', '%H')
                    ) AS h,
                    count(*) as totalCount
                FROM
                    db_customer_zw.kefu_common_member
                WHERE
                    reg_date >= 1645372800
                AND reg_date < 1645459200
                GROUP BY
                    h [ RunTime:0.001744s ]
[ 2022-02-22T14:47:44+08:00 ][ info ] [ LANG ] D:\phpstudy_pro\WWW\new_kefu\thinkphp\lang\zh-cn.php
[ info ] [ LOG ] INIT File
[ 2022-02-22T14:47:44+08:00 ][ info ] [ ROUTE ] array (
  'type' => 'module',
  'module' => 
  array (
    0 => 'scripts',
    1 => 'GetBaseInfo',
    2 => 'run',
  ),
)
[ 2022-02-22T14:47:44+08:00 ][ info ] [ HEADER ] array (
)
[ 2022-02-22T14:47:44+08:00 ][ info ] [ PARAM ] array (
  'g' => 'scripts',
  'm' => 'GetBaseInfo',
  'a' => 'run',
  'p' => 
  array (
    'action' => 'action',
    'platform' => 'zw',
    'type' => '1',
    'action_type' => '1',
  ),
)
[ 2022-02-22T14:47:44+08:00 ][ info ] [ CACHE ] INIT redis
[ 2022-02-22T14:47:44+08:00 ][ info ] [ RUN ] app\scripts\controller\GetBaseInfo->run[ D:\phpstudy_pro\WWW\new_kefu\application\scripts\controller\GetBaseInfo.php ]
[ 2022-02-22T14:47:44+08:00 ][ info ] [ DB ] INIT mysql
[ 2022-02-22T14:47:44+08:00 ][ sql ] [ DB ] CONNECT:[ UseTime:0.001218s ] mysql:host=127.0.0.1;port=3306;dbname=gr_chat;charset=utf8
[ 2022-02-22T14:47:44+08:00 ][ sql ] [ SQL ] SHOW COLUMNS FROM `gr_run_log` [ RunTime:0.000835s ]
[ 2022-02-22T14:47:44+08:00 ][ sql ] [ SQL ] INSERT INTO `gr_run_log` (`controller` , `action` , `input_param` , `add_time` , `update_time`) VALUES ('script_GetBaseInfo' , 'userAction' , '{\"action\":\"action\",\"platform\":\"zw\",\"type\":\"1\",\"action_type\":\"1\"}' , 1645512464 , 1645512464) [ RunTime:0.000953s ]
[ 2022-02-22T14:47:44+08:00 ][ sql ] [ SQL ] SELECT
                    (
                        FROM_UNIXTIME('reg_date', '%H')
                    ) AS h,
                    count(*) as totalCount
                FROM
                    db_customer_zw.kefu_common_member
                WHERE
                    reg_date >= 1645372800
                AND reg_date < 1645459200
                GROUP BY
                    h [ RunTime:0.001384s ]
[ 2022-02-22T14:50:46+08:00 ][ info ] [ LANG ] D:\phpstudy_pro\WWW\new_kefu\thinkphp\lang\zh-cn.php
[ info ] [ LOG ] INIT File
[ 2022-02-22T14:50:46+08:00 ][ info ] [ ROUTE ] array (
  'type' => 'module',
  'module' => 
  array (
    0 => 'scripts',
    1 => 'GetBaseInfo',
    2 => 'run',
  ),
)
[ 2022-02-22T14:50:46+08:00 ][ info ] [ HEADER ] array (
)
[ 2022-02-22T14:50:46+08:00 ][ info ] [ PARAM ] array (
  'g' => 'scripts',
  'm' => 'GetBaseInfo',
  'a' => 'run',
  'p' => 
  array (
    'action' => 'action',
    'platform' => 'zw',
    'type' => '1',
    'action_type' => '1',
  ),
)
[ 2022-02-22T14:50:46+08:00 ][ info ] [ CACHE ] INIT redis
[ 2022-02-22T14:50:46+08:00 ][ info ] [ RUN ] app\scripts\controller\GetBaseInfo->run[ D:\phpstudy_pro\WWW\new_kefu\application\scripts\controller\GetBaseInfo.php ]
[ 2022-02-22T14:50:46+08:00 ][ info ] [ DB ] INIT mysql
[ 2022-02-22T14:50:46+08:00 ][ sql ] [ DB ] CONNECT:[ UseTime:0.001256s ] mysql:host=127.0.0.1;port=3306;dbname=gr_chat;charset=utf8
[ 2022-02-22T14:50:46+08:00 ][ sql ] [ SQL ] SHOW COLUMNS FROM `gr_run_log` [ RunTime:0.000813s ]
[ 2022-02-22T14:50:46+08:00 ][ sql ] [ SQL ] INSERT INTO `gr_run_log` (`controller` , `action` , `input_param` , `add_time` , `update_time`) VALUES ('script_GetBaseInfo' , 'userAction' , '{\"action\":\"action\",\"platform\":\"zw\",\"type\":\"1\",\"action_type\":\"1\"}' , 1645512646 , 1645512646) [ RunTime:0.001209s ]
[ 2022-02-22T14:50:47+08:00 ][ sql ] [ SQL ] SELECT
                    (
                        FROM_UNIXTIME('reg_date', '%H')
                    ) AS h,
                    count(*) as totalCount
                FROM
                    db_customer_zw.kefu_common_member
                WHERE
                    reg_date >= 1645372800
                AND reg_date < 1645459200
                GROUP BY
                    h [ RunTime:0.000560s ]
[ 2022-02-22T14:50:47+08:00 ][ error ] [8]Trying to get property 'interface_name' of non-object[D:\phpstudy_pro\WWW\new_kefu\application\scripts\controller\GetBaseInfo.php:164]
[ 2022-02-22T14:51:21+08:00 ][ info ] [ LANG ] D:\phpstudy_pro\WWW\new_kefu\thinkphp\lang\zh-cn.php
[ info ] [ LOG ] INIT File
[ 2022-02-22T14:51:21+08:00 ][ info ] [ ROUTE ] array (
  'type' => 'module',
  'module' => 
  array (
    0 => 'scripts',
    1 => 'GetBaseInfo',
    2 => 'run',
  ),
)
[ 2022-02-22T14:51:21+08:00 ][ info ] [ HEADER ] array (
)
[ 2022-02-22T14:51:21+08:00 ][ info ] [ PARAM ] array (
  'g' => 'scripts',
  'm' => 'GetBaseInfo',
  'a' => 'run',
  'p' => 
  array (
    'action' => 'action',
    'platform' => 'zw',
    'type' => '1',
    'action_type' => '1',
  ),
)
[ 2022-02-22T14:51:21+08:00 ][ info ] [ CACHE ] INIT redis
[ 2022-02-22T14:51:21+08:00 ][ info ] [ RUN ] app\scripts\controller\GetBaseInfo->run[ D:\phpstudy_pro\WWW\new_kefu\application\scripts\controller\GetBaseInfo.php ]
[ 2022-02-22T14:51:21+08:00 ][ info ] [ DB ] INIT mysql
[ 2022-02-22T14:51:21+08:00 ][ sql ] [ DB ] CONNECT:[ UseTime:0.001186s ] mysql:host=127.0.0.1;port=3306;dbname=gr_chat;charset=utf8
[ 2022-02-22T14:51:21+08:00 ][ sql ] [ SQL ] SHOW COLUMNS FROM `gr_run_log` [ RunTime:0.000657s ]
[ 2022-02-22T14:51:21+08:00 ][ sql ] [ SQL ] INSERT INTO `gr_run_log` (`controller` , `action` , `input_param` , `add_time` , `update_time`) VALUES ('script_GetBaseInfo' , 'userAction' , '{\"action\":\"action\",\"platform\":\"zw\",\"type\":\"1\",\"action_type\":\"1\"}' , 1645512681 , 1645512681) [ RunTime:0.000948s ]
[ 2022-02-22T14:51:22+08:00 ][ sql ] [ SQL ] SELECT
                    (
                        FROM_UNIXTIME('reg_date', '%H')
                    ) AS h,
                    count(*) as totalCount
                FROM
                    db_customer_zw.kefu_common_member
                WHERE
                    reg_date >= 1645372800
                AND reg_date < 1645459200
                GROUP BY
                    h [ RunTime:0.000542s ]
[ 2022-02-22T14:51:22+08:00 ][ error ] [8]Trying to get property 'interface_name' of non-object[D:\phpstudy_pro\WWW\new_kefu\application\scripts\controller\GetBaseInfo.php:163]
[ 2022-02-22T14:54:31+08:00 ][ info ] [ LANG ] D:\phpstudy_pro\WWW\new_kefu\thinkphp\lang\zh-cn.php
[ info ] [ LOG ] INIT File
[ 2022-02-22T14:54:31+08:00 ][ info ] [ ROUTE ] array (
  'type' => 'module',
  'module' => 
  array (
    0 => 'scripts',
    1 => 'GetBaseInfo',
    2 => 'run',
  ),
)
[ 2022-02-22T14:54:31+08:00 ][ info ] [ HEADER ] array (
)
[ 2022-02-22T14:54:31+08:00 ][ info ] [ PARAM ] array (
  'g' => 'scripts',
  'm' => 'GetBaseInfo',
  'a' => 'run',
  'p' => 
  array (
    'action' => 'action',
    'platform' => 'zw',
    'type' => '1',
    'action_type' => '1',
  ),
)
[ 2022-02-22T14:54:31+08:00 ][ info ] [ CACHE ] INIT redis
[ 2022-02-22T14:54:31+08:00 ][ info ] [ RUN ] app\scripts\controller\GetBaseInfo->run[ D:\phpstudy_pro\WWW\new_kefu\application\scripts\controller\GetBaseInfo.php ]
[ 2022-02-22T14:54:31+08:00 ][ info ] [ DB ] INIT mysql
[ 2022-02-22T14:54:31+08:00 ][ sql ] [ DB ] CONNECT:[ UseTime:0.001334s ] mysql:host=127.0.0.1;port=3306;dbname=gr_chat;charset=utf8
[ 2022-02-22T14:54:31+08:00 ][ sql ] [ SQL ] SHOW COLUMNS FROM `gr_run_log` [ RunTime:0.000750s ]
[ 2022-02-22T14:54:31+08:00 ][ sql ] [ SQL ] INSERT INTO `gr_run_log` (`controller` , `action` , `input_param` , `add_time` , `update_time`) VALUES ('script_GetBaseInfo' , 'userAction' , '{\"action\":\"action\",\"platform\":\"zw\",\"type\":\"1\",\"action_type\":\"1\"}' , 1645512871 , 1645512871) [ RunTime:0.001138s ]
[ 2022-02-22T14:54:32+08:00 ][ sql ] [ SQL ] SELECT
                    (
                        FROM_UNIXTIME('reg_date', '%H')
                    ) AS h,
                    count(*) as totalCount
                FROM
                    db_customer_zw.kefu_common_member
                WHERE
                    reg_date >= 1645372800
                AND reg_date < 1645459200
                GROUP BY
                    h [ RunTime:0.001584s ]
[ 2022-02-22T14:55:27+08:00 ][ info ] [ LANG ] D:\phpstudy_pro\WWW\new_kefu\thinkphp\lang\zh-cn.php
[ info ] [ LOG ] INIT File
[ 2022-02-22T14:55:27+08:00 ][ info ] [ ROUTE ] array (
  'type' => 'module',
  'module' => 
  array (
    0 => 'scripts',
    1 => 'GetBaseInfo',
    2 => 'run',
  ),
)
[ 2022-02-22T14:55:27+08:00 ][ info ] [ HEADER ] array (
)
[ 2022-02-22T14:55:27+08:00 ][ info ] [ PARAM ] array (
  'g' => 'scripts',
  'm' => 'GetBaseInfo',
  'a' => 'run',
  'p' => 
  array (
    'action' => 'action',
    'platform' => 'zw',
    'type' => '1',
    'action_type' => '1',
  ),
)
[ 2022-02-22T14:55:27+08:00 ][ info ] [ CACHE ] INIT redis
[ 2022-02-22T14:55:27+08:00 ][ info ] [ RUN ] app\scripts\controller\GetBaseInfo->run[ D:\phpstudy_pro\WWW\new_kefu\application\scripts\controller\GetBaseInfo.php ]
[ 2022-02-22T14:55:27+08:00 ][ info ] [ DB ] INIT mysql
[ 2022-02-22T14:55:27+08:00 ][ sql ] [ DB ] CONNECT:[ UseTime:0.011531s ] mysql:host=127.0.0.1;port=3306;dbname=gr_chat;charset=utf8
[ 2022-02-22T14:55:27+08:00 ][ sql ] [ SQL ] SHOW COLUMNS FROM `gr_run_log` [ RunTime:0.000833s ]
[ 2022-02-22T14:55:27+08:00 ][ sql ] [ SQL ] INSERT INTO `gr_run_log` (`controller` , `action` , `input_param` , `add_time` , `update_time`) VALUES ('script_GetBaseInfo' , 'userAction' , '{\"action\":\"action\",\"platform\":\"zw\",\"type\":\"1\",\"action_type\":\"1\"}' , 1645512927 , 1645512927) [ RunTime:0.001205s ]
[ 2022-02-22T14:55:27+08:00 ][ sql ] [ SQL ] SELECT
                    (
                        FROM_UNIXTIME('reg_date', '%H')
                    ) AS h,
                    count(*) as totalCount
                FROM
                    db_customer_zw.kefu_common_member
                WHERE
                    reg_date >= 1645372800
                AND reg_date < 1645459200
                GROUP BY
                    h [ RunTime:0.000536s ]
[ 2022-02-22T14:57:25+08:00 ][ info ] [ LANG ] D:\phpstudy_pro\WWW\new_kefu\thinkphp\lang\zh-cn.php
[ info ] [ LOG ] INIT File
[ 2022-02-22T14:57:25+08:00 ][ info ] [ ROUTE ] array (
  'type' => 'module',
  'module' => 
  array (
    0 => 'scripts',
    1 => 'GetBaseInfo',
    2 => 'run',
  ),
)
[ 2022-02-22T14:57:25+08:00 ][ info ] [ HEADER ] array (
)
[ 2022-02-22T14:57:25+08:00 ][ info ] [ PARAM ] array (
  'g' => 'scripts',
  'm' => 'GetBaseInfo',
  'a' => 'run',
  'p' => 
  array (
    'action' => 'action',
    'platform' => 'zw',
    'type' => '1',
    'action_type' => '1',
  ),
)
[ 2022-02-22T14:57:25+08:00 ][ info ] [ CACHE ] INIT redis
[ 2022-02-22T14:57:25+08:00 ][ info ] [ RUN ] app\scripts\controller\GetBaseInfo->run[ D:\phpstudy_pro\WWW\new_kefu\application\scripts\controller\GetBaseInfo.php ]
[ 2022-02-22T14:57:25+08:00 ][ info ] [ DB ] INIT mysql
[ 2022-02-22T14:57:25+08:00 ][ sql ] [ DB ] CONNECT:[ UseTime:0.001307s ] mysql:host=127.0.0.1;port=3306;dbname=gr_chat;charset=utf8
[ 2022-02-22T14:57:25+08:00 ][ sql ] [ SQL ] SHOW COLUMNS FROM `gr_run_log` [ RunTime:0.000768s ]
[ 2022-02-22T14:57:25+08:00 ][ sql ] [ SQL ] INSERT INTO `gr_run_log` (`controller` , `action` , `input_param` , `add_time` , `update_time`) VALUES ('script_GetBaseInfo' , 'userAction' , '{\"action\":\"action\",\"platform\":\"zw\",\"type\":\"1\",\"action_type\":\"1\"}' , 1645513045 , 1645513045) [ RunTime:0.001144s ]
[ 2022-02-22T14:57:26+08:00 ][ sql ] [ SQL ] SELECT
                    (
                        FROM_UNIXTIME('reg_date', '%H')
                    ) AS h,
                    count(*) as totalCount
                FROM
                    db_customer_zw.kefu_common_member
                WHERE
                    reg_date >= 1645372800
                AND reg_date < 1645459200
                GROUP BY
                    h [ RunTime:0.001530s ]
[ 2022-02-22T14:57:53+08:00 ][ info ] [ LANG ] D:\phpstudy_pro\WWW\new_kefu\thinkphp\lang\zh-cn.php
[ info ] [ LOG ] INIT File
[ 2022-02-22T14:57:53+08:00 ][ info ] [ ROUTE ] array (
  'type' => 'module',
  'module' => 
  array (
    0 => 'scripts',
    1 => 'GetBaseInfo',
    2 => 'run',
  ),
)
[ 2022-02-22T14:57:53+08:00 ][ info ] [ HEADER ] array (
)
[ 2022-02-22T14:57:53+08:00 ][ info ] [ PARAM ] array (
  'g' => 'scripts',
  'm' => 'GetBaseInfo',
  'a' => 'run',
  'p' => 
  array (
    'action' => 'action',
    'platform' => 'zw',
    'type' => '1',
    'action_type' => '1',
  ),
)
[ 2022-02-22T14:57:53+08:00 ][ info ] [ CACHE ] INIT redis
[ 2022-02-22T14:57:53+08:00 ][ info ] [ RUN ] app\scripts\controller\GetBaseInfo->run[ D:\phpstudy_pro\WWW\new_kefu\application\scripts\controller\GetBaseInfo.php ]
[ 2022-02-22T14:57:53+08:00 ][ info ] [ DB ] INIT mysql
[ 2022-02-22T14:57:53+08:00 ][ sql ] [ DB ] CONNECT:[ UseTime:0.010734s ] mysql:host=127.0.0.1;port=3306;dbname=gr_chat;charset=utf8
[ 2022-02-22T14:57:53+08:00 ][ sql ] [ SQL ] SHOW COLUMNS FROM `gr_run_log` [ RunTime:0.000847s ]
[ 2022-02-22T14:57:53+08:00 ][ sql ] [ SQL ] INSERT INTO `gr_run_log` (`controller` , `action` , `input_param` , `add_time` , `update_time`) VALUES ('script_GetBaseInfo' , 'userAction' , '{\"action\":\"action\",\"platform\":\"zw\",\"type\":\"1\",\"action_type\":\"1\"}' , 1645513073 , 1645513073) [ RunTime:0.001163s ]
[ 2022-02-22T14:57:54+08:00 ][ sql ] [ SQL ] SELECT
                    (
                        FROM_UNIXTIME('reg_date', '%H')
                    ) AS h,
                    count(*) as totalCount
                FROM
                    db_customer_zw.kefu_common_member
                WHERE
                    reg_date >= 1645372800
                AND reg_date < 1645459200
                GROUP BY
                    h [ RunTime:0.001438s ]
[ 2022-02-22T14:57:54+08:00 ][ error ] [8]Array to string conversion[D:\phpstudy_pro\WWW\new_kefu\application\scripts\controller\GetBaseInfo.php:164]
[ 2022-02-22T14:58:27+08:00 ][ info ] [ LANG ] D:\phpstudy_pro\WWW\new_kefu\thinkphp\lang\zh-cn.php
[ info ] [ LOG ] INIT File
[ 2022-02-22T14:58:27+08:00 ][ info ] [ ROUTE ] array (
  'type' => 'module',
  'module' => 
  array (
    0 => 'scripts',
    1 => 'GetBaseInfo',
    2 => 'run',
  ),
)
[ 2022-02-22T14:58:27+08:00 ][ info ] [ HEADER ] array (
)
[ 2022-02-22T14:58:27+08:00 ][ info ] [ PARAM ] array (
  'g' => 'scripts',
  'm' => 'GetBaseInfo',
  'a' => 'run',
  'p' => 
  array (
    'action' => 'action',
    'platform' => 'zw',
    'type' => '1',
    'action_type' => '1',
  ),
)
[ 2022-02-22T14:58:27+08:00 ][ info ] [ CACHE ] INIT redis
[ 2022-02-22T14:58:27+08:00 ][ info ] [ RUN ] app\scripts\controller\GetBaseInfo->run[ D:\phpstudy_pro\WWW\new_kefu\application\scripts\controller\GetBaseInfo.php ]
[ 2022-02-22T14:58:27+08:00 ][ info ] [ DB ] INIT mysql
[ 2022-02-22T14:58:27+08:00 ][ sql ] [ DB ] CONNECT:[ UseTime:0.001205s ] mysql:host=127.0.0.1;port=3306;dbname=gr_chat;charset=utf8
[ 2022-02-22T14:58:27+08:00 ][ sql ] [ SQL ] SHOW COLUMNS FROM `gr_run_log` [ RunTime:0.000735s ]
[ 2022-02-22T14:58:27+08:00 ][ sql ] [ SQL ] INSERT INTO `gr_run_log` (`controller` , `action` , `input_param` , `add_time` , `update_time`) VALUES ('script_GetBaseInfo' , 'userAction' , '{\"action\":\"action\",\"platform\":\"zw\",\"type\":\"1\",\"action_type\":\"1\"}' , 1645513107 , 1645513107) [ RunTime:0.001173s ]
[ 2022-02-22T14:58:27+08:00 ][ sql ] [ SQL ] SELECT
                    (
                        FROM_UNIXTIME('reg_date', '%H')
                    ) AS h,
                    count(*) as totalCount
                FROM
                    db_customer_zw.kefu_common_member
                WHERE
                    reg_date >= 1645372800
                AND reg_date < 1645459200
                GROUP BY
                    h [ RunTime:0.000577s ]
[ 2022-02-22T15:00:25+08:00 ][ info ] [ LANG ] D:\phpstudy_pro\WWW\new_kefu\thinkphp\lang\zh-cn.php
[ info ] [ LOG ] INIT File
[ 2022-02-22T15:00:25+08:00 ][ info ] [ ROUTE ] array (
  'type' => 'module',
  'module' => 
  array (
    0 => 'scripts',
    1 => 'GetBaseInfo',
    2 => 'run',
  ),
)
[ 2022-02-22T15:00:25+08:00 ][ info ] [ HEADER ] array (
)
[ 2022-02-22T15:00:25+08:00 ][ info ] [ PARAM ] array (
  'g' => 'scripts',
  'm' => 'GetBaseInfo',
  'a' => 'run',
  'p' => 
  array (
    'action' => 'action',
    'platform' => 'zw',
    'type' => '1',
    'action_type' => '1',
  ),
)
[ 2022-02-22T15:00:25+08:00 ][ info ] [ CACHE ] INIT redis
[ 2022-02-22T15:00:25+08:00 ][ info ] [ RUN ] app\scripts\controller\GetBaseInfo->run[ D:\phpstudy_pro\WWW\new_kefu\application\scripts\controller\GetBaseInfo.php ]
[ 2022-02-22T15:00:35+08:00 ][ info ] [ LANG ] D:\phpstudy_pro\WWW\new_kefu\thinkphp\lang\zh-cn.php
[ info ] [ LOG ] INIT File
[ 2022-02-22T15:00:35+08:00 ][ info ] [ ROUTE ] array (
  'type' => 'module',
  'module' => 
  array (
    0 => 'scripts',
    1 => 'GetBaseInfo',
    2 => 'run',
  ),
)
[ 2022-02-22T15:00:35+08:00 ][ info ] [ HEADER ] array (
)
[ 2022-02-22T15:00:35+08:00 ][ info ] [ PARAM ] array (
  'g' => 'scripts',
  'm' => 'GetBaseInfo',
  'a' => 'run',
  'p' => 
  array (
    'action' => 'action',
    'platform' => 'zw',
    'type' => '1',
    'action_type' => '1',
  ),
)
[ 2022-02-22T15:00:35+08:00 ][ info ] [ CACHE ] INIT redis
[ 2022-02-22T15:00:35+08:00 ][ info ] [ RUN ] app\scripts\controller\GetBaseInfo->run[ D:\phpstudy_pro\WWW\new_kefu\application\scripts\controller\GetBaseInfo.php ]
[ 2022-02-22T15:00:35+08:00 ][ info ] [ DB ] INIT mysql
[ 2022-02-22T15:00:35+08:00 ][ sql ] [ DB ] CONNECT:[ UseTime:0.001242s ] mysql:host=127.0.0.1;port=3306;dbname=gr_chat;charset=utf8
[ 2022-02-22T15:00:35+08:00 ][ sql ] [ SQL ] SHOW COLUMNS FROM `gr_run_log` [ RunTime:0.000721s ]
[ 2022-02-22T15:00:35+08:00 ][ sql ] [ SQL ] INSERT INTO `gr_run_log` (`controller` , `action` , `input_param` , `add_time` , `update_time`) VALUES ('script_GetBaseInfo' , 'userAction' , '{\"action\":\"action\",\"platform\":\"zw\",\"type\":\"1\",\"action_type\":\"1\"}' , 1645513235 , 1645513235) [ RunTime:0.001147s ]
[ 2022-02-22T15:00:36+08:00 ][ sql ] [ SQL ] SELECT
                    (
                        FROM_UNIXTIME('reg_date', '%H')
                    ) AS h,
                    count(*) as totalCount
                FROM
                    db_customer_zw.kefu_common_member
                WHERE
                    reg_date >= 1645372800
                AND reg_date < 1645459200
                GROUP BY
                    h [ RunTime:0.000541s ]
[ 2022-02-22T15:00:36+08:00 ][ info ] [ DB ] INIT mysql
[ 2022-02-22T15:00:38+08:00 ][ sql ] [ SQL ] UPDATE `gr_run_log`  SET `status`=1,`update_time`=1645513238  WHERE  `id` = 77 [ RunTime:0.000955s ]
[ 2022-02-22T15:07:31+08:00 ][ info ] [ LANG ] D:\phpstudy_pro\WWW\new_kefu\thinkphp\lang\zh-cn.php
[ info ] [ LOG ] INIT File
[ 2022-02-22T15:07:31+08:00 ][ info ] [ ROUTE ] array (
  'type' => 'module',
  'module' => 
  array (
    0 => 'scripts',
    1 => 'GetBaseInfo',
    2 => 'run',
  ),
)
[ 2022-02-22T15:07:31+08:00 ][ info ] [ HEADER ] array (
)
[ 2022-02-22T15:07:31+08:00 ][ info ] [ PARAM ] array (
  'g' => 'scripts',
  'm' => 'GetBaseInfo',
  'a' => 'run',
  'p' => 
  array (
    'action' => 'action',
    'platform' => 'zw',
    'type' => '1',
    'action_type' => '1',
  ),
)
[ 2022-02-22T15:07:31+08:00 ][ info ] [ CACHE ] INIT redis
[ 2022-02-22T15:07:31+08:00 ][ info ] [ RUN ] app\scripts\controller\GetBaseInfo->run[ D:\phpstudy_pro\WWW\new_kefu\application\scripts\controller\GetBaseInfo.php ]
[ 2022-02-22T15:07:31+08:00 ][ info ] [ DB ] INIT mysql
[ 2022-02-22T15:07:31+08:00 ][ sql ] [ DB ] CONNECT:[ UseTime:0.001389s ] mysql:host=127.0.0.1;port=3306;dbname=gr_chat;charset=utf8
[ 2022-02-22T15:07:31+08:00 ][ sql ] [ SQL ] SHOW COLUMNS FROM `gr_run_log` [ RunTime:0.000822s ]
[ 2022-02-22T15:07:31+08:00 ][ sql ] [ SQL ] INSERT INTO `gr_run_log` (`controller` , `action` , `input_param` , `add_time` , `update_time`) VALUES ('script_GetBaseInfo' , 'userAction' , '{\"action\":\"action\",\"platform\":\"zw\",\"type\":\"1\",\"action_type\":\"1\"}' , 1645513651 , 1645513651) [ RunTime:0.000988s ]
[ 2022-02-22T15:07:31+08:00 ][ sql ] [ SQL ] SELECT
                    (
                        FROM_UNIXTIME('reg_date', '%H')
                    ) AS h,
                    count(*) as totalCount
                FROM
                    db_customer_zw.kefu_common_member
                WHERE
                    reg_date >= 1645372800
                AND reg_date < 1645459200
                GROUP BY
                    h [ RunTime:0.000721s ]
[ 2022-02-22T15:28:52+08:00 ][ info ] [ LANG ] D:\phpstudy_pro\WWW\new_kefu\thinkphp\lang\zh-cn.php
[ info ] [ LOG ] INIT File
[ 2022-02-22T15:28:52+08:00 ][ info ] [ ROUTE ] array (
  'type' => 'module',
  'module' => 
  array (
    0 => 'scripts',
    1 => 'GetBaseInfo',
    2 => 'run',
  ),
)
[ 2022-02-22T15:28:52+08:00 ][ info ] [ HEADER ] array (
)
[ 2022-02-22T15:28:52+08:00 ][ info ] [ PARAM ] array (
  'g' => 'scripts',
  'm' => 'GetBaseInfo',
  'a' => 'run',
  'p' => 
  array (
    'action' => 'action',
    'platform' => 'zw',
    'type' => '1',
    'action_type' => '1',
  ),
)
[ 2022-02-22T15:28:52+08:00 ][ info ] [ CACHE ] INIT redis
[ 2022-02-22T15:28:52+08:00 ][ info ] [ RUN ] app\scripts\controller\GetBaseInfo->run[ D:\phpstudy_pro\WWW\new_kefu\application\scripts\controller\GetBaseInfo.php ]
[ 2022-02-22T15:28:52+08:00 ][ info ] [ DB ] INIT mysql
[ 2022-02-22T15:28:52+08:00 ][ sql ] [ DB ] CONNECT:[ UseTime:0.011589s ] mysql:host=127.0.0.1;port=3306;dbname=gr_chat;charset=utf8
[ 2022-02-22T15:28:52+08:00 ][ sql ] [ SQL ] SHOW COLUMNS FROM `gr_run_log` [ RunTime:0.000877s ]
[ 2022-02-22T15:28:52+08:00 ][ sql ] [ SQL ] INSERT INTO `gr_run_log` (`controller` , `action` , `input_param` , `add_time` , `update_time`) VALUES ('script_GetBaseInfo' , 'userAction' , '{\"action\":\"action\",\"platform\":\"zw\",\"type\":\"1\",\"action_type\":\"1\"}' , 1645514932 , 1645514932) [ RunTime:0.001221s ]
[ 2022-02-22T15:28:52+08:00 ][ sql ] [ SQL ] SELECT
                    (
                        FROM_UNIXTIME('reg_date', '%H')
                    ) AS h,
                    count(*) as totalCount
                FROM
                    db_customer_zw.kefu_common_member
                WHERE
                    reg_date >= 1645372800
                AND reg_date < 1645459200
                GROUP BY
                    h [ RunTime:0.000676s ]
[ 2022-02-22T15:29:29+08:00 ][ info ] [ LANG ] D:\phpstudy_pro\WWW\new_kefu\thinkphp\lang\zh-cn.php
[ info ] [ LOG ] INIT File
[ 2022-02-22T15:29:29+08:00 ][ info ] [ ROUTE ] array (
  'type' => 'module',
  'module' => 
  array (
    0 => 'scripts',
    1 => 'GetBaseInfo',
    2 => 'run',
  ),
)
[ 2022-02-22T15:29:29+08:00 ][ info ] [ HEADER ] array (
)
[ 2022-02-22T15:29:29+08:00 ][ info ] [ PARAM ] array (
  'g' => 'scripts',
  'm' => 'GetBaseInfo',
  'a' => 'run',
  'p' => 
  array (
    'action' => 'action',
    'platform' => 'zw',
    'type' => '1',
    'action_type' => '1',
  ),
)
[ 2022-02-22T15:29:29+08:00 ][ info ] [ CACHE ] INIT redis
[ 2022-02-22T15:29:29+08:00 ][ info ] [ RUN ] app\scripts\controller\GetBaseInfo->run[ D:\phpstudy_pro\WWW\new_kefu\application\scripts\controller\GetBaseInfo.php ]
[ 2022-02-22T15:29:29+08:00 ][ info ] [ DB ] INIT mysql
[ 2022-02-22T15:29:29+08:00 ][ sql ] [ DB ] CONNECT:[ UseTime:0.001292s ] mysql:host=127.0.0.1;port=3306;dbname=gr_chat;charset=utf8
[ 2022-02-22T15:29:29+08:00 ][ sql ] [ SQL ] SHOW COLUMNS FROM `gr_run_log` [ RunTime:0.000693s ]
[ 2022-02-22T15:29:29+08:00 ][ sql ] [ SQL ] INSERT INTO `gr_run_log` (`controller` , `action` , `input_param` , `add_time` , `update_time`) VALUES ('script_GetBaseInfo' , 'userAction' , '{\"action\":\"action\",\"platform\":\"zw\",\"type\":\"1\",\"action_type\":\"1\"}' , 1645514969 , 1645514969) [ RunTime:0.001894s ]
[ 2022-02-22T15:29:29+08:00 ][ sql ] [ SQL ] SELECT
                    (
                        FROM_UNIXTIME('reg_date', '%H')
                    ) AS h,
                    count(*) as totalCount
                FROM
                    db_customer_zw.kefu_common_member
                WHERE
                    reg_date >= 1645372800
                AND reg_date < 1645459200
                GROUP BY
                    h [ RunTime:0.000654s ]
[ 2022-02-22T15:29:51+08:00 ][ info ] [ LANG ] D:\phpstudy_pro\WWW\new_kefu\thinkphp\lang\zh-cn.php
[ info ] [ LOG ] INIT File
[ 2022-02-22T15:29:51+08:00 ][ info ] [ ROUTE ] array (
  'type' => 'module',
  'module' => 
  array (
    0 => 'scripts',
    1 => 'GetBaseInfo',
    2 => 'run',
  ),
)
[ 2022-02-22T15:29:51+08:00 ][ info ] [ HEADER ] array (
)
[ 2022-02-22T15:29:51+08:00 ][ info ] [ PARAM ] array (
  'g' => 'scripts',
  'm' => 'GetBaseInfo',
  'a' => 'run',
  'p' => 
  array (
    'action' => 'action',
    'platform' => 'zw',
    'type' => '1',
    'action_type' => '1',
  ),
)
[ 2022-02-22T15:29:51+08:00 ][ info ] [ CACHE ] INIT redis
[ 2022-02-22T15:29:51+08:00 ][ info ] [ RUN ] app\scripts\controller\GetBaseInfo->run[ D:\phpstudy_pro\WWW\new_kefu\application\scripts\controller\GetBaseInfo.php ]
[ 2022-02-22T15:29:51+08:00 ][ info ] [ DB ] INIT mysql
[ 2022-02-22T15:29:51+08:00 ][ sql ] [ DB ] CONNECT:[ UseTime:0.001180s ] mysql:host=127.0.0.1;port=3306;dbname=gr_chat;charset=utf8
[ 2022-02-22T15:29:51+08:00 ][ sql ] [ SQL ] SHOW COLUMNS FROM `gr_run_log` [ RunTime:0.000686s ]
[ 2022-02-22T15:29:51+08:00 ][ sql ] [ SQL ] INSERT INTO `gr_run_log` (`controller` , `action` , `input_param` , `add_time` , `update_time`) VALUES ('script_GetBaseInfo' , 'userAction' , '{\"action\":\"action\",\"platform\":\"zw\",\"type\":\"1\",\"action_type\":\"1\"}' , 1645514991 , 1645514991) [ RunTime:0.001189s ]
[ 2022-02-22T15:29:51+08:00 ][ sql ] [ SQL ] SELECT
                    (
                        FROM_UNIXTIME('reg_date', '%H')
                    ) AS h,
                    count(*) as totalCount
                FROM
                    db_customer_zw.kefu_common_member
                WHERE
                    reg_date >= 1645372800
                AND reg_date < 1645459200
                GROUP BY
                    h [ RunTime:0.000604s ]
[ 2022-02-22T15:31:33+08:00 ][ info ] [ LANG ] D:\phpstudy_pro\WWW\new_kefu\thinkphp\lang\zh-cn.php
[ info ] [ LOG ] INIT File
[ 2022-02-22T15:31:33+08:00 ][ info ] [ ROUTE ] array (
  'type' => 'module',
  'module' => 
  array (
    0 => 'scripts',
    1 => 'GetBaseInfo',
    2 => 'run',
  ),
)
[ 2022-02-22T15:31:33+08:00 ][ info ] [ HEADER ] array (
)
[ 2022-02-22T15:31:33+08:00 ][ info ] [ PARAM ] array (
  'g' => 'scripts',
  'm' => 'GetBaseInfo',
  'a' => 'run',
  'p' => 
  array (
    'action' => 'action',
    'platform' => 'zw',
    'type' => '1',
    'action_type' => '1',
  ),
)
[ 2022-02-22T15:31:33+08:00 ][ info ] [ CACHE ] INIT redis
[ 2022-02-22T15:31:33+08:00 ][ info ] [ RUN ] app\scripts\controller\GetBaseInfo->run[ D:\phpstudy_pro\WWW\new_kefu\application\scripts\controller\GetBaseInfo.php ]
[ 2022-02-22T15:31:53+08:00 ][ info ] [ LANG ] D:\phpstudy_pro\WWW\new_kefu\thinkphp\lang\zh-cn.php
[ info ] [ LOG ] INIT File
[ 2022-02-22T15:31:53+08:00 ][ info ] [ ROUTE ] array (
  'type' => 'module',
  'module' => 
  array (
    0 => 'scripts',
    1 => 'GetBaseInfo',
    2 => 'run',
  ),
)
[ 2022-02-22T15:31:53+08:00 ][ info ] [ HEADER ] array (
)
[ 2022-02-22T15:31:53+08:00 ][ info ] [ PARAM ] array (
  'g' => 'scripts',
  'm' => 'GetBaseInfo',
  'a' => 'run',
  'p' => 
  array (
    'action' => 'action',
    'platform' => 'zw',
    'type' => '1',
    'action_type' => '1',
  ),
)
[ 2022-02-22T15:31:53+08:00 ][ info ] [ CACHE ] INIT redis
[ 2022-02-22T15:31:53+08:00 ][ info ] [ RUN ] app\scripts\controller\GetBaseInfo->run[ D:\phpstudy_pro\WWW\new_kefu\application\scripts\controller\GetBaseInfo.php ]
[ 2022-02-22T15:31:53+08:00 ][ info ] [ DB ] INIT mysql
[ 2022-02-22T15:31:53+08:00 ][ sql ] [ DB ] CONNECT:[ UseTime:0.001368s ] mysql:host=127.0.0.1;port=3306;dbname=gr_chat;charset=utf8
[ 2022-02-22T15:31:53+08:00 ][ sql ] [ SQL ] SHOW COLUMNS FROM `gr_run_log` [ RunTime:0.000782s ]
[ 2022-02-22T15:31:53+08:00 ][ sql ] [ SQL ] INSERT INTO `gr_run_log` (`controller` , `action` , `input_param` , `add_time` , `update_time`) VALUES ('script_GetBaseInfo' , 'userAction' , '{\"action\":\"action\",\"platform\":\"zw\",\"type\":\"1\",\"action_type\":\"1\"}' , 1645515113 , 1645515113) [ RunTime:0.001146s ]
[ 2022-02-22T15:31:53+08:00 ][ sql ] [ SQL ] SELECT
                    (
                        FROM_UNIXTIME('reg_date', '%H')
                    ) AS h,
                    count(*) as totalCount
                FROM
                    db_customer_zw.kefu_common_member
                WHERE
                    reg_date >= 1645372800
                AND reg_date < 1645459200
                GROUP BY
                    h [ RunTime:0.000658s ]
[ 2022-02-22T15:32:05+08:00 ][ info ] [ LANG ] D:\phpstudy_pro\WWW\new_kefu\thinkphp\lang\zh-cn.php
[ info ] [ LOG ] INIT File
[ 2022-02-22T15:32:05+08:00 ][ info ] [ ROUTE ] array (
  'type' => 'module',
  'module' => 
  array (
    0 => 'scripts',
    1 => 'GetBaseInfo',
    2 => 'run',
  ),
)
[ 2022-02-22T15:32:05+08:00 ][ info ] [ HEADER ] array (
)
[ 2022-02-22T15:32:05+08:00 ][ info ] [ PARAM ] array (
  'g' => 'scripts',
  'm' => 'GetBaseInfo',
  'a' => 'run',
  'p' => 
  array (
    'action' => 'action',
    'platform' => 'zw',
    'type' => '1',
    'action_type' => '1',
  ),
)
[ 2022-02-22T15:32:05+08:00 ][ info ] [ CACHE ] INIT redis
[ 2022-02-22T15:32:05+08:00 ][ info ] [ RUN ] app\scripts\controller\GetBaseInfo->run[ D:\phpstudy_pro\WWW\new_kefu\application\scripts\controller\GetBaseInfo.php ]
[ 2022-02-22T15:32:05+08:00 ][ info ] [ DB ] INIT mysql
[ 2022-02-22T15:32:05+08:00 ][ sql ] [ DB ] CONNECT:[ UseTime:0.001260s ] mysql:host=127.0.0.1;port=3306;dbname=gr_chat;charset=utf8
[ 2022-02-22T15:32:05+08:00 ][ sql ] [ SQL ] SHOW COLUMNS FROM `gr_run_log` [ RunTime:0.000741s ]
[ 2022-02-22T15:32:05+08:00 ][ sql ] [ SQL ] INSERT INTO `gr_run_log` (`controller` , `action` , `input_param` , `add_time` , `update_time`) VALUES ('script_GetBaseInfo' , 'userAction' , '{\"action\":\"action\",\"platform\":\"zw\",\"type\":\"1\",\"action_type\":\"1\"}' , 1645515125 , 1645515125) [ RunTime:0.001058s ]
[ 2022-02-22T15:32:05+08:00 ][ sql ] [ SQL ] SELECT
                    (
                        FROM_UNIXTIME('reg_date', '%H')
                    ) AS h,
                    count(*) as totalCount
                FROM
                    db_customer_zw.kefu_common_member
                WHERE
                    reg_date >= 1645372800
                AND reg_date < 1645459200
                GROUP BY
                    h [ RunTime:0.000667s ]
[ 2022-02-22T15:32:05+08:00 ][ info ] [ DB ] INIT mysql
[ 2022-02-22T15:32:57+08:00 ][ sql ] [ SQL ] UPDATE `gr_run_log`  SET `status`=1,`update_time`=1645515177  WHERE  `id` = 83 [ RunTime:0.000921s ]
[ 2022-02-22T15:38:29+08:00 ][ info ] [ LANG ] D:\phpstudy_pro\WWW\new_kefu\thinkphp\lang\zh-cn.php
[ info ] [ LOG ] INIT File
[ 2022-02-22T15:38:29+08:00 ][ info ] [ ROUTE ] array (
  'type' => 'module',
  'module' => 
  array (
    0 => 'scripts',
    1 => 'GetBaseInfo',
    2 => 'run',
  ),
)
[ 2022-02-22T15:38:29+08:00 ][ info ] [ HEADER ] array (
)
[ 2022-02-22T15:38:29+08:00 ][ info ] [ PARAM ] array (
  'g' => 'scripts',
  'm' => 'GetBaseInfo',
  'a' => 'run',
  'p' => 
  array (
    'action' => 'action',
    'platform' => 'youyu',
    'type' => '1',
    'action_type' => '1',
  ),
)
[ 2022-02-22T15:38:29+08:00 ][ info ] [ CACHE ] INIT redis
[ 2022-02-22T15:38:29+08:00 ][ info ] [ RUN ] app\scripts\controller\GetBaseInfo->run[ D:\phpstudy_pro\WWW\new_kefu\application\scripts\controller\GetBaseInfo.php ]
[ 2022-02-22T15:38:29+08:00 ][ info ] [ DB ] INIT mysql
[ 2022-02-22T15:38:29+08:00 ][ sql ] [ DB ] CONNECT:[ UseTime:0.001428s ] mysql:host=127.0.0.1;port=3306;dbname=gr_chat;charset=utf8
[ 2022-02-22T15:38:29+08:00 ][ sql ] [ SQL ] SHOW COLUMNS FROM `gr_run_log` [ RunTime:0.000958s ]
[ 2022-02-22T15:38:29+08:00 ][ sql ] [ SQL ] INSERT INTO `gr_run_log` (`controller` , `action` , `input_param` , `add_time` , `update_time`) VALUES ('script_GetBaseInfo' , 'userAction' , '{\"action\":\"action\",\"platform\":\"youyu\",\"type\":\"1\",\"action_type\":\"1\"}' , 1645515509 , 1645515509) [ RunTime:0.001144s ]
[ 2022-02-22T15:38:29+08:00 ][ sql ] [ SQL ] SELECT
                    (
                        FROM_UNIXTIME('reg_date', '%H')
                    ) AS h,
                    count(*) as totalCount
                FROM
                    db_customer_youyu.kefu_common_member
                WHERE
                    reg_date >= 1645372800
                AND reg_date < 1645459200
                GROUP BY
                    h [ RunTime:0.002067s ]
[ 2022-02-22T15:38:30+08:00 ][ info ] [ DB ] INIT mysql
[ 2022-02-22T15:39:10+08:00 ][ sql ] [ SQL ] UPDATE `gr_run_log`  SET `status`=1,`update_time`=1645515550  WHERE  `id` = 84 [ RunTime:0.008767s ]
[ 2022-02-22T17:50:35+08:00 ][ info ] [ LANG ] D:\phpstudy_pro\WWW\new_kefu\thinkphp\lang\zh-cn.php
[ info ] [ LOG ] INIT File
[ 2022-02-22T17:50:35+08:00 ][ info ] [ ROUTE ] array (
  'type' => 'module',
  'module' => 
  array (
    0 => 'scripts',
    1 => 'GetBaseInfo',
    2 => 'run',
  ),
)
[ 2022-02-22T17:50:35+08:00 ][ info ] [ HEADER ] array (
)
[ 2022-02-22T17:50:35+08:00 ][ info ] [ PARAM ] array (
  'g' => 'scripts',
  'm' => 'GetBaseInfo',
  'a' => 'run',
  'p' => 
  array (
    'action' => 'repair_role',
    'platform' => 'youyu',
    'type' => '1',
    'action_type' => '1',
  ),
)
[ 2022-02-22T17:50:35+08:00 ][ info ] [ CACHE ] INIT redis
[ 2022-02-22T17:50:35+08:00 ][ info ] [ DB ] INIT mysql
[ 2022-02-22T17:50:35+08:00 ][ info ] [ RUN ] app\scripts\controller\GetBaseInfo->run[ D:\phpstudy_pro\WWW\new_kefu\application\scripts\controller\GetBaseInfo.php ]
[ 2022-02-22T17:50:35+08:00 ][ info ] [ DB ] INIT mysql
[ 2022-02-22T17:50:35+08:00 ][ sql ] [ DB ] CONNECT:[ UseTime:0.001332s ] mysql:host=127.0.0.1;port=3306;dbname=gr_chat;charset=utf8
[ 2022-02-22T17:50:35+08:00 ][ sql ] [ SQL ] SHOW COLUMNS FROM `gr_run_log` [ RunTime:0.001025s ]
[ 2022-02-22T17:50:35+08:00 ][ sql ] [ SQL ] INSERT INTO `gr_run_log` (`controller` , `action` , `input_param` , `add_time` , `update_time`) VALUES ('script_GetBaseInfo' , 'repairRole' , '{\"action\":\"repair_role\",\"platform\":\"youyu\",\"type\":\"1\",\"action_type\":\"1\"}' , 1645523435 , 1645523435) [ RunTime:0.001613s ]
[ 2022-02-22T17:50:35+08:00 ][ error ] [2]Illegal string offset 'start_time'[D:\phpstudy_pro\WWW\new_kefu\common\server\GetBaseInfo\GetBaseInfoServer.php:941]
[ 2022-02-22T17:51:23+08:00 ][ info ] [ LANG ] D:\phpstudy_pro\WWW\new_kefu\thinkphp\lang\zh-cn.php
[ info ] [ LOG ] INIT File
[ 2022-02-22T17:51:23+08:00 ][ info ] [ ROUTE ] array (
  'type' => 'module',
  'module' => 
  array (
    0 => 'scripts',
    1 => 'GetBaseInfo',
    2 => 'run',
  ),
)
[ 2022-02-22T17:51:23+08:00 ][ info ] [ HEADER ] array (
)
[ 2022-02-22T17:51:23+08:00 ][ info ] [ PARAM ] array (
  'g' => 'scripts',
  'm' => 'GetBaseInfo',
  'a' => 'run',
  'p' => 
  array (
    'action' => 'repair_role',
    'platform' => 'youyu',
    'type' => '1',
    'action_type' => '1',
  ),
)
[ 2022-02-22T17:51:23+08:00 ][ info ] [ CACHE ] INIT redis
[ 2022-02-22T17:51:23+08:00 ][ info ] [ RUN ] app\scripts\controller\GetBaseInfo->run[ D:\phpstudy_pro\WWW\new_kefu\application\scripts\controller\GetBaseInfo.php ]
[ 2022-02-22T17:51:35+08:00 ][ info ] [ LANG ] D:\phpstudy_pro\WWW\new_kefu\thinkphp\lang\zh-cn.php
[ info ] [ LOG ] INIT File
[ 2022-02-22T17:51:35+08:00 ][ info ] [ ROUTE ] array (
  'type' => 'module',
  'module' => 
  array (
    0 => 'scripts',
    1 => 'GetBaseInfo',
    2 => 'run',
  ),
)
[ 2022-02-22T17:51:35+08:00 ][ info ] [ HEADER ] array (
)
[ 2022-02-22T17:51:35+08:00 ][ info ] [ PARAM ] array (
  'g' => 'scripts',
  'm' => 'GetBaseInfo',
  'a' => 'run',
  'p' => 
  array (
    'action' => 'repair_role',
    'platform' => 'youyu',
    'type' => '1',
    'action_type' => '1',
  ),
)
[ 2022-02-22T17:51:35+08:00 ][ info ] [ CACHE ] INIT redis
[ 2022-02-22T17:51:35+08:00 ][ info ] [ RUN ] app\scripts\controller\GetBaseInfo->run[ D:\phpstudy_pro\WWW\new_kefu\application\scripts\controller\GetBaseInfo.php ]
[ 2022-02-22T17:51:35+08:00 ][ info ] [ DB ] INIT mysql
[ 2022-02-22T17:51:35+08:00 ][ sql ] [ DB ] CONNECT:[ UseTime:0.001325s ] mysql:host=127.0.0.1;port=3306;dbname=gr_chat;charset=utf8
[ 2022-02-22T17:51:35+08:00 ][ sql ] [ SQL ] SHOW COLUMNS FROM `gr_run_log` [ RunTime:0.007999s ]
[ 2022-02-22T17:51:35+08:00 ][ sql ] [ SQL ] INSERT INTO `gr_run_log` (`controller` , `action` , `input_param` , `add_time` , `update_time`) VALUES ('script_GetBaseInfo' , 'repairRole' , '{\"action\":\"repair_role\",\"platform\":\"youyu\",\"type\":\"1\",\"action_type\":\"1\"}' , 1645523495 , 1645523495) [ RunTime:0.001334s ]
[ 2022-02-22T17:51:35+08:00 ][ error ] [2]Illegal string offset 'start_time'[D:\phpstudy_pro\WWW\new_kefu\common\server\GetBaseInfo\GetBaseInfoServer.php:941]
[ 2022-02-22T17:53:14+08:00 ][ info ] [ LANG ] D:\phpstudy_pro\WWW\new_kefu\thinkphp\lang\zh-cn.php
[ info ] [ LOG ] INIT File
[ 2022-02-22T17:53:14+08:00 ][ info ] [ ROUTE ] array (
  'type' => 'module',
  'module' => 
  array (
    0 => 'scripts',
    1 => 'GetBaseInfo',
    2 => 'run',
  ),
)
[ 2022-02-22T17:53:14+08:00 ][ info ] [ HEADER ] array (
)
[ 2022-02-22T17:53:14+08:00 ][ info ] [ PARAM ] array (
  'g' => 'scripts',
  'm' => 'GetBaseInfo',
  'a' => 'run',
  'p' => 
  array (
    'action' => 'repair_role',
    'platform' => 'youyu',
    'type' => '1',
    'action_type' => '1',
  ),
)
[ 2022-02-22T17:53:14+08:00 ][ info ] [ CACHE ] INIT redis
[ 2022-02-22T17:53:14+08:00 ][ info ] [ RUN ] app\scripts\controller\GetBaseInfo->run[ D:\phpstudy_pro\WWW\new_kefu\application\scripts\controller\GetBaseInfo.php ]
[ 2022-02-22T17:53:14+08:00 ][ info ] [ DB ] INIT mysql
[ 2022-02-22T17:53:14+08:00 ][ sql ] [ DB ] CONNECT:[ UseTime:0.001337s ] mysql:host=127.0.0.1;port=3306;dbname=gr_chat;charset=utf8
[ 2022-02-22T17:53:14+08:00 ][ sql ] [ SQL ] SHOW COLUMNS FROM `gr_run_log` [ RunTime:0.000828s ]
[ 2022-02-22T17:53:14+08:00 ][ sql ] [ SQL ] INSERT INTO `gr_run_log` (`controller` , `action` , `input_param` , `add_time` , `update_time`) VALUES ('script_GetBaseInfo' , 'repairRole' , '{\"action\":\"repair_role\",\"platform\":\"youyu\",\"type\":\"1\",\"action_type\":\"1\"}' , 1645523594 , 1645523594) [ RunTime:0.001146s ]
[ 2022-02-22T17:53:32+08:00 ][ info ] [ LANG ] D:\phpstudy_pro\WWW\new_kefu\thinkphp\lang\zh-cn.php
[ info ] [ LOG ] INIT File
[ 2022-02-22T17:53:32+08:00 ][ info ] [ ROUTE ] array (
  'type' => 'module',
  'module' => 
  array (
    0 => 'scripts',
    1 => 'GetBaseInfo',
    2 => 'run',
  ),
)
[ 2022-02-22T17:53:32+08:00 ][ info ] [ HEADER ] array (
)
[ 2022-02-22T17:53:32+08:00 ][ info ] [ PARAM ] array (
  'g' => 'scripts',
  'm' => 'GetBaseInfo',
  'a' => 'run',
  'p' => 
  array (
    'action' => 'repair_role',
    'platform' => 'youyu',
  ),
)
[ 2022-02-22T17:53:32+08:00 ][ info ] [ CACHE ] INIT redis
[ 2022-02-22T17:53:32+08:00 ][ info ] [ RUN ] app\scripts\controller\GetBaseInfo->run[ D:\phpstudy_pro\WWW\new_kefu\application\scripts\controller\GetBaseInfo.php ]
[ 2022-02-22T17:53:37+08:00 ][ info ] [ LANG ] D:\phpstudy_pro\WWW\new_kefu\thinkphp\lang\zh-cn.php
[ info ] [ LOG ] INIT File
[ 2022-02-22T17:53:37+08:00 ][ info ] [ ROUTE ] array (
  'type' => 'module',
  'module' => 
  array (
    0 => 'scripts',
    1 => 'GetBaseInfo',
    2 => 'run',
  ),
)
[ 2022-02-22T17:53:37+08:00 ][ info ] [ HEADER ] array (
)
[ 2022-02-22T17:53:37+08:00 ][ info ] [ PARAM ] array (
  'g' => 'scripts',
  'm' => 'GetBaseInfo',
  'a' => 'run',
  'p' => 
  array (
    'action' => 'repair_role',
    'platform' => 'youyu',
  ),
)
[ 2022-02-22T17:53:37+08:00 ][ info ] [ CACHE ] INIT redis
[ 2022-02-22T17:53:37+08:00 ][ info ] [ RUN ] app\scripts\controller\GetBaseInfo->run[ D:\phpstudy_pro\WWW\new_kefu\application\scripts\controller\GetBaseInfo.php ]
[ 2022-02-22T17:53:37+08:00 ][ info ] [ DB ] INIT mysql
[ 2022-02-22T17:53:37+08:00 ][ sql ] [ DB ] CONNECT:[ UseTime:0.001280s ] mysql:host=127.0.0.1;port=3306;dbname=gr_chat;charset=utf8
[ 2022-02-22T17:53:37+08:00 ][ sql ] [ SQL ] SHOW COLUMNS FROM `gr_run_log` [ RunTime:0.000966s ]
[ 2022-02-22T17:53:37+08:00 ][ sql ] [ SQL ] INSERT INTO `gr_run_log` (`controller` , `action` , `input_param` , `add_time` , `update_time`) VALUES ('script_GetBaseInfo' , 'repairRole' , '{\"action\":\"repair_role\",\"platform\":\"youyu\"}' , 1645523617 , 1645523617) [ RunTime:0.000895s ]
[ 2022-02-22T17:55:08+08:00 ][ info ] [ LANG ] D:\phpstudy_pro\WWW\new_kefu\thinkphp\lang\zh-cn.php
[ info ] [ LOG ] INIT File
[ 2022-02-22T17:55:08+08:00 ][ info ] [ ROUTE ] array (
  'type' => 'module',
  'module' => 
  array (
    0 => 'scripts',
    1 => 'GetBaseInfo',
    2 => 'run',
  ),
)
[ 2022-02-22T17:55:08+08:00 ][ info ] [ HEADER ] array (
)
[ 2022-02-22T17:55:08+08:00 ][ info ] [ PARAM ] array (
  'g' => 'scripts',
  'm' => 'GetBaseInfo',
  'a' => 'run',
  'p' => 
  array (
    'action' => 'repair_role',
    'platform' => 'youyu',
    'new_start_time' => '2022-02-21',
    'new_end_time' => '2022-02-22',
  ),
)
[ 2022-02-22T17:55:08+08:00 ][ info ] [ CACHE ] INIT redis
[ 2022-02-22T17:55:08+08:00 ][ info ] [ RUN ] app\scripts\controller\GetBaseInfo->run[ D:\phpstudy_pro\WWW\new_kefu\application\scripts\controller\GetBaseInfo.php ]
[ 2022-02-22T17:55:08+08:00 ][ info ] [ DB ] INIT mysql
[ 2022-02-22T17:55:08+08:00 ][ sql ] [ DB ] CONNECT:[ UseTime:0.001230s ] mysql:host=127.0.0.1;port=3306;dbname=gr_chat;charset=utf8
[ 2022-02-22T17:55:08+08:00 ][ sql ] [ SQL ] SHOW COLUMNS FROM `gr_run_log` [ RunTime:0.001068s ]
[ 2022-02-22T17:55:08+08:00 ][ sql ] [ SQL ] INSERT INTO `gr_run_log` (`controller` , `action` , `input_param` , `add_time` , `update_time`) VALUES ('script_GetBaseInfo' , 'repairRole' , '{\"action\":\"repair_role\",\"platform\":\"youyu\",\"new_start_time\":\"2022-02-21\",\"new_end_time\":\"2022-02-22\"}' , 1645523708 , 1645523708) [ RunTime:0.001203s ]
[ 2022-02-22T17:55:34+08:00 ][ info ] [ LANG ] D:\phpstudy_pro\WWW\new_kefu\thinkphp\lang\zh-cn.php
[ info ] [ LOG ] INIT File
[ 2022-02-22T17:55:34+08:00 ][ info ] [ ROUTE ] array (
  'type' => 'module',
  'module' => 
  array (
    0 => 'scripts',
    1 => 'GetBaseInfo',
    2 => 'run',
  ),
)
[ 2022-02-22T17:55:34+08:00 ][ info ] [ HEADER ] array (
)
[ 2022-02-22T17:55:34+08:00 ][ info ] [ PARAM ] array (
  'g' => 'scripts',
  'm' => 'GetBaseInfo',
  'a' => 'run',
  'p' => 
  array (
    'action' => 'repair_role',
    'platform' => 'youyu',
    'new_start_time' => '2022-02-21',
    'new_end_time' => '2022-02-22',
  ),
)
[ 2022-02-22T17:55:34+08:00 ][ info ] [ CACHE ] INIT redis
[ 2022-02-22T17:55:34+08:00 ][ info ] [ RUN ] app\scripts\controller\GetBaseInfo->run[ D:\phpstudy_pro\WWW\new_kefu\application\scripts\controller\GetBaseInfo.php ]
[ 2022-02-22T17:55:34+08:00 ][ info ] [ DB ] INIT mysql
[ 2022-02-22T17:55:34+08:00 ][ sql ] [ DB ] CONNECT:[ UseTime:0.001194s ] mysql:host=127.0.0.1;port=3306;dbname=gr_chat;charset=utf8
[ 2022-02-22T17:55:34+08:00 ][ sql ] [ SQL ] SHOW COLUMNS FROM `gr_run_log` [ RunTime:0.000720s ]
[ 2022-02-22T17:55:34+08:00 ][ sql ] [ SQL ] INSERT INTO `gr_run_log` (`controller` , `action` , `input_param` , `add_time` , `update_time`) VALUES ('script_GetBaseInfo' , 'repairRole' , '{\"action\":\"repair_role\",\"platform\":\"youyu\",\"new_start_time\":\"2022-02-21\",\"new_end_time\":\"2022-02-22\"}' , 1645523734 , 1645523734) [ RunTime:0.001096s ]
[ 2022-02-22T17:56:28+08:00 ][ info ] [ LANG ] D:\phpstudy_pro\WWW\new_kefu\thinkphp\lang\zh-cn.php
[ info ] [ LOG ] INIT File
[ 2022-02-22T17:56:28+08:00 ][ info ] [ ROUTE ] array (
  'type' => 'module',
  'module' => 
  array (
    0 => 'scripts',
    1 => 'GetBaseInfo',
    2 => 'run',
  ),
)
[ 2022-02-22T17:56:28+08:00 ][ info ] [ HEADER ] array (
)
[ 2022-02-22T17:56:28+08:00 ][ info ] [ PARAM ] array (
  'g' => 'scripts',
  'm' => 'GetBaseInfo',
  'a' => 'run',
  'p' => 
  array (
    'action' => 'repair_role',
    'platform' => 'youyu',
    'new_start_time' => '2022-02-21',
    'new_end_time' => '2022-02-22',
  ),
)
[ 2022-02-22T17:56:28+08:00 ][ info ] [ CACHE ] INIT redis
[ 2022-02-22T17:56:28+08:00 ][ info ] [ RUN ] app\scripts\controller\GetBaseInfo->run[ D:\phpstudy_pro\WWW\new_kefu\application\scripts\controller\GetBaseInfo.php ]
[ 2022-02-22T17:56:28+08:00 ][ info ] [ DB ] INIT mysql
[ 2022-02-22T17:56:28+08:00 ][ sql ] [ DB ] CONNECT:[ UseTime:0.001245s ] mysql:host=127.0.0.1;port=3306;dbname=gr_chat;charset=utf8
[ 2022-02-22T17:56:28+08:00 ][ sql ] [ SQL ] SHOW COLUMNS FROM `gr_run_log` [ RunTime:0.000818s ]
[ 2022-02-22T17:56:28+08:00 ][ sql ] [ SQL ] INSERT INTO `gr_run_log` (`controller` , `action` , `input_param` , `add_time` , `update_time`) VALUES ('script_GetBaseInfo' , 'repairRole' , '{\"action\":\"repair_role\",\"platform\":\"youyu\",\"new_start_time\":\"2022-02-21\",\"new_end_time\":\"2022-02-22\"}' , 1645523788 , 1645523788) [ RunTime:0.001246s ]
[ 2022-02-22T17:56:28+08:00 ][ error ] [2]Illegal string offset 'start_time'[D:\phpstudy_pro\WWW\new_kefu\common\server\GetBaseInfo\GetBaseInfoServer.php:941]
[ 2022-02-22T17:56:54+08:00 ][ info ] [ LANG ] D:\phpstudy_pro\WWW\new_kefu\thinkphp\lang\zh-cn.php
[ info ] [ LOG ] INIT File
[ 2022-02-22T17:56:54+08:00 ][ info ] [ ROUTE ] array (
  'type' => 'module',
  'module' => 
  array (
    0 => 'scripts',
    1 => 'GetBaseInfo',
    2 => 'run',
  ),
)
[ 2022-02-22T17:56:54+08:00 ][ info ] [ HEADER ] array (
)
[ 2022-02-22T17:56:54+08:00 ][ info ] [ PARAM ] array (
  'g' => 'scripts',
  'm' => 'GetBaseInfo',
  'a' => 'run',
  'p' => 
  array (
    'action' => 'repair_role',
    'platform' => 'youyu',
    'new_start_time' => '2022-02-21',
    'new_end_time' => '2022-02-22',
  ),
)
[ 2022-02-22T17:56:54+08:00 ][ info ] [ CACHE ] INIT redis
[ 2022-02-22T17:56:54+08:00 ][ info ] [ RUN ] app\scripts\controller\GetBaseInfo->run[ D:\phpstudy_pro\WWW\new_kefu\application\scripts\controller\GetBaseInfo.php ]
[ 2022-02-22T17:56:54+08:00 ][ info ] [ DB ] INIT mysql
[ 2022-02-22T17:56:54+08:00 ][ sql ] [ DB ] CONNECT:[ UseTime:0.001380s ] mysql:host=127.0.0.1;port=3306;dbname=gr_chat;charset=utf8
[ 2022-02-22T17:56:54+08:00 ][ sql ] [ SQL ] SHOW COLUMNS FROM `gr_run_log` [ RunTime:0.000826s ]
[ 2022-02-22T17:56:54+08:00 ][ sql ] [ SQL ] INSERT INTO `gr_run_log` (`controller` , `action` , `input_param` , `add_time` , `update_time`) VALUES ('script_GetBaseInfo' , 'repairRole' , '{\"action\":\"repair_role\",\"platform\":\"youyu\",\"new_start_time\":\"2022-02-21\",\"new_end_time\":\"2022-02-22\"}' , 1645523814 , 1645523814) [ RunTime:0.001194s ]
[ 2022-02-22T17:57:08+08:00 ][ info ] [ LANG ] D:\phpstudy_pro\WWW\new_kefu\thinkphp\lang\zh-cn.php
[ info ] [ LOG ] INIT File
[ 2022-02-22T17:57:08+08:00 ][ info ] [ ROUTE ] array (
  'type' => 'module',
  'module' => 
  array (
    0 => 'scripts',
    1 => 'GetBaseInfo',
    2 => 'run',
  ),
)
[ 2022-02-22T17:57:08+08:00 ][ info ] [ HEADER ] array (
)
[ 2022-02-22T17:57:08+08:00 ][ info ] [ PARAM ] array (
  'g' => 'scripts',
  'm' => 'GetBaseInfo',
  'a' => 'run',
  'p' => 
  array (
    'action' => 'repair_role',
    'platform' => 'youyu',
    'new_start_time' => '2022-02-21',
    'new_end_time' => '2022-02-22',
  ),
)
[ 2022-02-22T17:57:08+08:00 ][ info ] [ CACHE ] INIT redis
[ 2022-02-22T17:57:08+08:00 ][ info ] [ RUN ] app\scripts\controller\GetBaseInfo->run[ D:\phpstudy_pro\WWW\new_kefu\application\scripts\controller\GetBaseInfo.php ]
[ 2022-02-22T17:57:08+08:00 ][ info ] [ DB ] INIT mysql
[ 2022-02-22T17:57:08+08:00 ][ sql ] [ DB ] CONNECT:[ UseTime:0.001248s ] mysql:host=127.0.0.1;port=3306;dbname=gr_chat;charset=utf8
[ 2022-02-22T17:57:08+08:00 ][ sql ] [ SQL ] SHOW COLUMNS FROM `gr_run_log` [ RunTime:0.000866s ]
[ 2022-02-22T17:57:08+08:00 ][ sql ] [ SQL ] INSERT INTO `gr_run_log` (`controller` , `action` , `input_param` , `add_time` , `update_time`) VALUES ('script_GetBaseInfo' , 'repairRole' , '{\"action\":\"repair_role\",\"platform\":\"youyu\",\"new_start_time\":\"2022-02-21\",\"new_end_time\":\"2022-02-22\"}' , 1645523828 , 1645523828) [ RunTime:0.001361s ]
