---------------------------------------------------------------
[ 2022-02-28T11:48:44+08:00 ] 127.0.0.1 GET api.newkefu.com/scripts/gameproduct/run
[运行时间：0.090926s] [吞吐率：11.00req/s] [内存消耗：2,209.17kb] [文件加载：149]
[ info ] [ LANG ] D:\phpstudy_pro\WWW\new_kefu\thinkphp\lang\zh-cn.php
[ info ] [ ROUTE ] array (
  'type' => 'module',
  'module' => 
  array (
    0 => 'scripts',
    1 => 'gameproduct',
    2 => 'run',
  ),
)
[ info ] [ HEADER ] array (
  'upgrade-insecure-requests' => '1',
  'connection' => 'close',
  'accept-encoding' => 'gzip, deflate',
  'accept-language' => 'zh-CN,zh;q=0.8,zh-TW;q=0.7,zh-HK;q=0.5,en-US;q=0.3,en;q=0.2',
  'accept' => 'text/html,application/xhtml+xml,application/xml;q=0.9,image/avif,image/webp,*/*;q=0.8',
  'user-agent' => 'Mozilla/5.0 (Windows NT 10.0; Win64; x64; rv:97.0) Gecko/20100101 Firefox/97.0',
  'host' => 'api.newkefu.com',
)
[ info ] [ PARAM ] array (
  '/scripts/gameproduct/run' => '',
)
[ info ] [ LOG ] INIT File
[ error ] [64]Access level to app\scripts\controller\GameProduct::$time must be protected (as in class app\scripts\controller\Base) or weaker[D:\phpstudy_pro\WWW\new_kefu\application\scripts\controller\Gameproduct.php:18]
---------------------------------------------------------------
[ 2022-02-28T11:49:30+08:00 ] 127.0.0.1 GET api.newkefu.com/scripts/gameproduct/run
[运行时间：0.087762s] [吞吐率：11.39req/s] [内存消耗：3,864.36kb] [文件加载：169]
[ info ] [ LANG ] D:\phpstudy_pro\WWW\new_kefu\thinkphp\lang\zh-cn.php
[ info ] [ ROUTE ] array (
  'type' => 'module',
  'module' => 
  array (
    0 => 'scripts',
    1 => 'gameproduct',
    2 => 'run',
  ),
)
[ info ] [ HEADER ] array (
  'upgrade-insecure-requests' => '1',
  'connection' => 'close',
  'accept-encoding' => 'gzip, deflate',
  'accept-language' => 'zh-CN,zh;q=0.8,zh-TW;q=0.7,zh-HK;q=0.5,en-US;q=0.3,en;q=0.2',
  'accept' => 'text/html,application/xhtml+xml,application/xml;q=0.9,image/avif,image/webp,*/*;q=0.8',
  'user-agent' => 'Mozilla/5.0 (Windows NT 10.0; Win64; x64; rv:97.0) Gecko/20100101 Firefox/97.0',
  'host' => 'api.newkefu.com',
)
[ info ] [ PARAM ] array (
  '/scripts/gameproduct/run' => '',
)
[ info ] [ CACHE ] INIT redis
[ info ] [ DB ] INIT mysql
[ info ] [ RUN ] app\scripts\controller\GameProduct->run[ D:\phpstudy_pro\WWW\new_kefu\application\scripts\controller\Gameproduct.php ]
[ info ] [ LOG ] INIT File
[ error ] [8]未定义数组索引: action[D:\phpstudy_pro\WWW\new_kefu\application\scripts\controller\Gameproduct.php:35]
---------------------------------------------------------------
[ 2022-02-28T11:51:37+08:00 ] 127.0.0.1 GET api.newkefu.com/scripts/gameproduct/run?action=%27game_product%27
[运行时间：0.063871s] [吞吐率：15.66req/s] [内存消耗：2,617.23kb] [文件加载：158]
[ info ] [ LANG ] D:\phpstudy_pro\WWW\new_kefu\thinkphp\lang\zh-cn.php
[ info ] [ ROUTE ] array (
  'type' => 'module',
  'module' => 
  array (
    0 => 'scripts',
    1 => 'gameproduct',
    2 => 'run',
  ),
)
[ info ] [ HEADER ] array (
  'upgrade-insecure-requests' => '1',
  'connection' => 'close',
  'accept-encoding' => 'gzip, deflate',
  'accept-language' => 'zh-CN,zh;q=0.8,zh-TW;q=0.7,zh-HK;q=0.5,en-US;q=0.3,en;q=0.2',
  'accept' => 'text/html,application/xhtml+xml,application/xml;q=0.9,image/avif,image/webp,*/*;q=0.8',
  'user-agent' => 'Mozilla/5.0 (Windows NT 10.0; Win64; x64; rv:97.0) Gecko/20100101 Firefox/97.0',
  'host' => 'api.newkefu.com',
)
[ info ] [ PARAM ] array (
  '/scripts/gameproduct/run' => '',
  'action' => '\'game_product\'',
)
[ info ] [ CACHE ] INIT redis
[ info ] [ RUN ] app\scripts\controller\GameProduct->run[ D:\phpstudy_pro\WWW\new_kefu\application\scripts\controller\Gameproduct.php ]
[ info ] [ LOG ] INIT File
[ error ] [8]未定义数组索引: action[D:\phpstudy_pro\WWW\new_kefu\application\scripts\controller\Gameproduct.php:35]
---------------------------------------------------------------
[ 2022-02-28T11:51:56+08:00 ] 127.0.0.1 GET api.newkefu.com/scripts/gameproduct/run?action=game_product
[运行时间：0.051611s] [吞吐率：19.38req/s] [内存消耗：2,457.02kb] [文件加载：152]
[ info ] [ LANG ] D:\phpstudy_pro\WWW\new_kefu\thinkphp\lang\zh-cn.php
[ info ] [ ROUTE ] array (
  'type' => 'module',
  'module' => 
  array (
    0 => 'scripts',
    1 => 'gameproduct',
    2 => 'run',
  ),
)
[ info ] [ HEADER ] array (
  'upgrade-insecure-requests' => '1',
  'connection' => 'close',
  'accept-encoding' => 'gzip, deflate',
  'accept-language' => 'zh-CN,zh;q=0.8,zh-TW;q=0.7,zh-HK;q=0.5,en-US;q=0.3,en;q=0.2',
  'accept' => 'text/html,application/xhtml+xml,application/xml;q=0.9,image/avif,image/webp,*/*;q=0.8',
  'user-agent' => 'Mozilla/5.0 (Windows NT 10.0; Win64; x64; rv:97.0) Gecko/20100101 Firefox/97.0',
  'host' => 'api.newkefu.com',
)
[ info ] [ PARAM ] array (
  '/scripts/gameproduct/run' => '',
  'action' => 'game_product',
)
[ info ] [ CACHE ] INIT redis
[ info ] [ RUN ] app\scripts\controller\GameProduct->run[ D:\phpstudy_pro\WWW\new_kefu\application\scripts\controller\Gameproduct.php ]
[ info ] [ LOG ] INIT File
---------------------------------------------------------------
[ 2022-02-28T11:53:43+08:00 ] 127.0.0.1 GET api.newkefu.com/scripts/gameproduct/run?action=game_product
[运行时间：0.059881s] [吞吐率：16.70req/s] [内存消耗：2,457.02kb] [文件加载：152]
[ info ] [ LANG ] D:\phpstudy_pro\WWW\new_kefu\thinkphp\lang\zh-cn.php
[ info ] [ ROUTE ] array (
  'type' => 'module',
  'module' => 
  array (
    0 => 'scripts',
    1 => 'gameproduct',
    2 => 'run',
  ),
)
[ info ] [ HEADER ] array (
  'upgrade-insecure-requests' => '1',
  'connection' => 'close',
  'accept-encoding' => 'gzip, deflate',
  'accept-language' => 'zh-CN,zh;q=0.8,zh-TW;q=0.7,zh-HK;q=0.5,en-US;q=0.3,en;q=0.2',
  'accept' => 'text/html,application/xhtml+xml,application/xml;q=0.9,image/avif,image/webp,*/*;q=0.8',
  'user-agent' => 'Mozilla/5.0 (Windows NT 10.0; Win64; x64; rv:97.0) Gecko/20100101 Firefox/97.0',
  'host' => 'api.newkefu.com',
)
[ info ] [ PARAM ] array (
  '/scripts/gameproduct/run' => '',
  'action' => 'game_product',
)
[ info ] [ CACHE ] INIT redis
[ info ] [ RUN ] app\scripts\controller\GameProduct->run[ D:\phpstudy_pro\WWW\new_kefu\application\scripts\controller\Gameproduct.php ]
[ info ] [ LOG ] INIT File
---------------------------------------------------------------
[ 2022-02-28T11:53:59+08:00 ] 127.0.0.1 GET api.newkefu.com/scripts/gameproduct/run?action=game_product
[运行时间：0.054227s] [吞吐率：18.44req/s] [内存消耗：2,617.22kb] [文件加载：158]
[ info ] [ LANG ] D:\phpstudy_pro\WWW\new_kefu\thinkphp\lang\zh-cn.php
[ info ] [ ROUTE ] array (
  'type' => 'module',
  'module' => 
  array (
    0 => 'scripts',
    1 => 'gameproduct',
    2 => 'run',
  ),
)
[ info ] [ HEADER ] array (
  'upgrade-insecure-requests' => '1',
  'connection' => 'close',
  'accept-encoding' => 'gzip, deflate',
  'accept-language' => 'zh-CN,zh;q=0.8,zh-TW;q=0.7,zh-HK;q=0.5,en-US;q=0.3,en;q=0.2',
  'accept' => 'text/html,application/xhtml+xml,application/xml;q=0.9,image/avif,image/webp,*/*;q=0.8',
  'user-agent' => 'Mozilla/5.0 (Windows NT 10.0; Win64; x64; rv:97.0) Gecko/20100101 Firefox/97.0',
  'host' => 'api.newkefu.com',
)
[ info ] [ PARAM ] array (
  '/scripts/gameproduct/run' => '',
  'action' => 'game_product',
)
[ info ] [ CACHE ] INIT redis
[ info ] [ RUN ] app\scripts\controller\GameProduct->run[ D:\phpstudy_pro\WWW\new_kefu\application\scripts\controller\Gameproduct.php ]
[ info ] [ LOG ] INIT File
[ error ] [8]未定义数组索引: action[D:\phpstudy_pro\WWW\new_kefu\application\scripts\controller\Gameproduct.php:36]
---------------------------------------------------------------
[ 2022-02-28T11:54:04+08:00 ] 127.0.0.1 GET api.newkefu.com/scripts/gameproduct/run?action=game_product
[运行时间：0.050040s] [吞吐率：19.98req/s] [内存消耗：2,457.02kb] [文件加载：152]
[ info ] [ LANG ] D:\phpstudy_pro\WWW\new_kefu\thinkphp\lang\zh-cn.php
[ info ] [ ROUTE ] array (
  'type' => 'module',
  'module' => 
  array (
    0 => 'scripts',
    1 => 'gameproduct',
    2 => 'run',
  ),
)
[ info ] [ HEADER ] array (
  'upgrade-insecure-requests' => '1',
  'connection' => 'close',
  'accept-encoding' => 'gzip, deflate',
  'accept-language' => 'zh-CN,zh;q=0.8,zh-TW;q=0.7,zh-HK;q=0.5,en-US;q=0.3,en;q=0.2',
  'accept' => 'text/html,application/xhtml+xml,application/xml;q=0.9,image/avif,image/webp,*/*;q=0.8',
  'user-agent' => 'Mozilla/5.0 (Windows NT 10.0; Win64; x64; rv:97.0) Gecko/20100101 Firefox/97.0',
  'host' => 'api.newkefu.com',
)
[ info ] [ PARAM ] array (
  '/scripts/gameproduct/run' => '',
  'action' => 'game_product',
)
[ info ] [ CACHE ] INIT redis
[ info ] [ RUN ] app\scripts\controller\GameProduct->run[ D:\phpstudy_pro\WWW\new_kefu\application\scripts\controller\Gameproduct.php ]
[ info ] [ LOG ] INIT File
---------------------------------------------------------------
[ 2022-02-28T11:57:04+08:00 ] 127.0.0.1 GET api.newkefu.com/scripts/gameproduct/run?action=game_product
[运行时间：0.079978s] [吞吐率：12.50req/s] [内存消耗：3,812.79kb] [文件加载：167]
[ info ] [ LANG ] D:\phpstudy_pro\WWW\new_kefu\thinkphp\lang\zh-cn.php
[ info ] [ ROUTE ] array (
  'type' => 'module',
  'module' => 
  array (
    0 => 'scripts',
    1 => 'gameproduct',
    2 => 'run',
  ),
)
[ info ] [ HEADER ] array (
  'upgrade-insecure-requests' => '1',
  'connection' => 'close',
  'accept-encoding' => 'gzip, deflate',
  'accept-language' => 'zh-CN,zh;q=0.8,zh-TW;q=0.7,zh-HK;q=0.5,en-US;q=0.3,en;q=0.2',
  'accept' => 'text/html,application/xhtml+xml,application/xml;q=0.9,image/avif,image/webp,*/*;q=0.8',
  'user-agent' => 'Mozilla/5.0 (Windows NT 10.0; Win64; x64; rv:97.0) Gecko/20100101 Firefox/97.0',
  'host' => 'api.newkefu.com',
)
[ info ] [ PARAM ] array (
  '/scripts/gameproduct/run' => '',
  'action' => 'game_product',
)
[ info ] [ CACHE ] INIT redis
[ info ] [ RUN ] app\scripts\controller\GameProduct->run[ D:\phpstudy_pro\WWW\new_kefu\application\scripts\controller\Gameproduct.php ]
[ info ] [ DB ] INIT mysql
[ info ] [ LOG ] INIT File
[ sql ] [ DB ] CONNECT:[ UseTime:0.001316s ] mysql:host=127.0.0.1;port=3306;dbname=gr_chat;charset=utf8
[ sql ] [ SQL ] SHOW COLUMNS FROM `gr_run_log` [ RunTime:0.004532s ]
[ sql ] [ SQL ] INSERT INTO `gr_run_log` (`controller` , `action` , `input_param` , `add_time` , `update_time`) VALUES ('script_Gameproduct' , 'GameProduct' , '\"\"' , 1646020624 , 1646020624) [ RunTime:0.001312s ]
[ error ] [0]类型错误: Argument 1 passed to app\scripts\controller\GameProduct::GameProduct() must be of the type array, string given, called in D:\phpstudy_pro\WWW\new_kefu\thinkphp\library\traits\controller\lxxScript.php on line 240[D:\phpstudy_pro\WWW\new_kefu\application\scripts\controller\Gameproduct.php:57]
---------------------------------------------------------------
[ 2022-02-28T11:57:35+08:00 ] 127.0.0.1 GET api.newkefu.com/scripts/gameproduct/run?action=game_product
[运行时间：0.053191s] [吞吐率：18.80req/s] [内存消耗：2,569.52kb] [文件加载：154]
[ info ] [ LANG ] D:\phpstudy_pro\WWW\new_kefu\thinkphp\lang\zh-cn.php
[ info ] [ ROUTE ] array (
  'type' => 'module',
  'module' => 
  array (
    0 => 'scripts',
    1 => 'gameproduct',
    2 => 'run',
  ),
)
[ info ] [ HEADER ] array (
  'upgrade-insecure-requests' => '1',
  'connection' => 'close',
  'accept-encoding' => 'gzip, deflate',
  'accept-language' => 'zh-CN,zh;q=0.8,zh-TW;q=0.7,zh-HK;q=0.5,en-US;q=0.3,en;q=0.2',
  'accept' => 'text/html,application/xhtml+xml,application/xml;q=0.9,image/avif,image/webp,*/*;q=0.8',
  'user-agent' => 'Mozilla/5.0 (Windows NT 10.0; Win64; x64; rv:97.0) Gecko/20100101 Firefox/97.0',
  'host' => 'api.newkefu.com',
)
[ info ] [ PARAM ] array (
  '/scripts/gameproduct/run' => '',
  'action' => 'game_product',
)
[ info ] [ CACHE ] INIT redis
[ info ] [ RUN ] app\scripts\controller\GameProduct->run[ D:\phpstudy_pro\WWW\new_kefu\application\scripts\controller\Gameproduct.php ]
[ info ] [ LOG ] INIT File
---------------------------------------------------------------
[ 2022-02-28T11:59:32+08:00 ] 127.0.0.1 GET api.newkefu.com/scripts/gameproduct/run?action=game_product
[运行时间：0.077097s] [吞吐率：12.97req/s] [内存消耗：3,812.79kb] [文件加载：167]
[ info ] [ LANG ] D:\phpstudy_pro\WWW\new_kefu\thinkphp\lang\zh-cn.php
[ info ] [ ROUTE ] array (
  'type' => 'module',
  'module' => 
  array (
    0 => 'scripts',
    1 => 'gameproduct',
    2 => 'run',
  ),
)
[ info ] [ HEADER ] array (
  'upgrade-insecure-requests' => '1',
  'connection' => 'close',
  'accept-encoding' => 'gzip, deflate',
  'accept-language' => 'zh-CN,zh;q=0.8,zh-TW;q=0.7,zh-HK;q=0.5,en-US;q=0.3,en;q=0.2',
  'accept' => 'text/html,application/xhtml+xml,application/xml;q=0.9,image/avif,image/webp,*/*;q=0.8',
  'user-agent' => 'Mozilla/5.0 (Windows NT 10.0; Win64; x64; rv:97.0) Gecko/20100101 Firefox/97.0',
  'host' => 'api.newkefu.com',
)
[ info ] [ PARAM ] array (
  '/scripts/gameproduct/run' => '',
  'action' => 'game_product',
)
[ info ] [ CACHE ] INIT redis
[ info ] [ RUN ] app\scripts\controller\GameProduct->run[ D:\phpstudy_pro\WWW\new_kefu\application\scripts\controller\Gameproduct.php ]
[ info ] [ DB ] INIT mysql
[ info ] [ LOG ] INIT File
[ sql ] [ DB ] CONNECT:[ UseTime:0.001248s ] mysql:host=127.0.0.1;port=3306;dbname=gr_chat;charset=utf8
[ sql ] [ SQL ] SHOW COLUMNS FROM `gr_run_log` [ RunTime:0.002696s ]
[ sql ] [ SQL ] INSERT INTO `gr_run_log` (`controller` , `action` , `input_param` , `add_time` , `update_time`) VALUES ('script_Gameproduct' , 'GameProduct' , '\"\"' , 1646020772 , 1646020772) [ RunTime:0.001309s ]
[ error ] [0]类型错误: Argument 1 passed to app\scripts\controller\GameProduct::GameProduct() must be of the type array, string given, called in D:\phpstudy_pro\WWW\new_kefu\thinkphp\library\traits\controller\lxxScript.php on line 240[D:\phpstudy_pro\WWW\new_kefu\application\scripts\controller\Gameproduct.php:57]
---------------------------------------------------------------
[ 2022-02-28T12:05:41+08:00 ] 127.0.0.1 GET api.newkefu.com/scripts/gameproduct/run?action=game_product
[运行时间：0.080023s] [吞吐率：12.50req/s] [内存消耗：3,812.60kb] [文件加载：167]
[ info ] [ LANG ] D:\phpstudy_pro\WWW\new_kefu\thinkphp\lang\zh-cn.php
[ info ] [ ROUTE ] array (
  'type' => 'module',
  'module' => 
  array (
    0 => 'scripts',
    1 => 'gameproduct',
    2 => 'run',
  ),
)
[ info ] [ HEADER ] array (
  'upgrade-insecure-requests' => '1',
  'connection' => 'close',
  'accept-encoding' => 'gzip, deflate',
  'accept-language' => 'zh-CN,zh;q=0.8,zh-TW;q=0.7,zh-HK;q=0.5,en-US;q=0.3,en;q=0.2',
  'accept' => 'text/html,application/xhtml+xml,application/xml;q=0.9,image/avif,image/webp,*/*;q=0.8',
  'user-agent' => 'Mozilla/5.0 (Windows NT 10.0; Win64; x64; rv:97.0) Gecko/20100101 Firefox/97.0',
  'host' => 'api.newkefu.com',
)
[ info ] [ PARAM ] array (
  '/scripts/gameproduct/run' => '',
  'action' => 'game_product',
)
[ info ] [ CACHE ] INIT redis
[ info ] [ RUN ] app\scripts\controller\GameProduct->run[ D:\phpstudy_pro\WWW\new_kefu\application\scripts\controller\Gameproduct.php ]
[ info ] [ DB ] INIT mysql
[ info ] [ LOG ] INIT File
[ sql ] [ DB ] CONNECT:[ UseTime:0.001243s ] mysql:host=127.0.0.1;port=3306;dbname=gr_chat;charset=utf8
[ sql ] [ SQL ] SHOW COLUMNS FROM `gr_run_log` [ RunTime:0.002510s ]
[ sql ] [ SQL ] INSERT INTO `gr_run_log` (`controller` , `action` , `input_param` , `add_time` , `update_time`) VALUES ('script_Gameproduct' , 'GameProduct' , '\"\"' , 1646021141 , 1646021141) [ RunTime:0.003469s ]
[ error ] [0]类型错误: Argument 1 passed to app\scripts\controller\GameProduct::GameProduct() must be of the type array, string given, called in D:\phpstudy_pro\WWW\new_kefu\thinkphp\library\traits\controller\lxxScript.php on line 240[D:\phpstudy_pro\WWW\new_kefu\application\scripts\controller\Gameproduct.php:58]
---------------------------------------------------------------
[ 2022-02-28T12:05:54+08:00 ] 127.0.0.1 GET api.newkefu.com/scripts/gameproduct/run?action=game_product
[运行时间：0.053545s] [吞吐率：18.68req/s] [内存消耗：2,569.34kb] [文件加载：154]
[ info ] [ LANG ] D:\phpstudy_pro\WWW\new_kefu\thinkphp\lang\zh-cn.php
[ info ] [ ROUTE ] array (
  'type' => 'module',
  'module' => 
  array (
    0 => 'scripts',
    1 => 'gameproduct',
    2 => 'run',
  ),
)
[ info ] [ HEADER ] array (
  'upgrade-insecure-requests' => '1',
  'connection' => 'close',
  'accept-encoding' => 'gzip, deflate',
  'accept-language' => 'zh-CN,zh;q=0.8,zh-TW;q=0.7,zh-HK;q=0.5,en-US;q=0.3,en;q=0.2',
  'accept' => 'text/html,application/xhtml+xml,application/xml;q=0.9,image/avif,image/webp,*/*;q=0.8',
  'user-agent' => 'Mozilla/5.0 (Windows NT 10.0; Win64; x64; rv:97.0) Gecko/20100101 Firefox/97.0',
  'host' => 'api.newkefu.com',
)
[ info ] [ PARAM ] array (
  '/scripts/gameproduct/run' => '',
  'action' => 'game_product',
)
[ info ] [ CACHE ] INIT redis
[ info ] [ RUN ] app\scripts\controller\GameProduct->run[ D:\phpstudy_pro\WWW\new_kefu\application\scripts\controller\Gameproduct.php ]
[ info ] [ LOG ] INIT File
---------------------------------------------------------------
[ 2022-02-28T12:06:15+08:00 ] 127.0.0.1 GET api.newkefu.com/scripts/gameproduct/run?action=game_product
[运行时间：0.052451s] [吞吐率：19.07req/s] [内存消耗：2,569.34kb] [文件加载：154]
[ info ] [ LANG ] D:\phpstudy_pro\WWW\new_kefu\thinkphp\lang\zh-cn.php
[ info ] [ ROUTE ] array (
  'type' => 'module',
  'module' => 
  array (
    0 => 'scripts',
    1 => 'gameproduct',
    2 => 'run',
  ),
)
[ info ] [ HEADER ] array (
  'upgrade-insecure-requests' => '1',
  'connection' => 'close',
  'accept-encoding' => 'gzip, deflate',
  'accept-language' => 'zh-CN,zh;q=0.8,zh-TW;q=0.7,zh-HK;q=0.5,en-US;q=0.3,en;q=0.2',
  'accept' => 'text/html,application/xhtml+xml,application/xml;q=0.9,image/avif,image/webp,*/*;q=0.8',
  'user-agent' => 'Mozilla/5.0 (Windows NT 10.0; Win64; x64; rv:97.0) Gecko/20100101 Firefox/97.0',
  'host' => 'api.newkefu.com',
)
[ info ] [ PARAM ] array (
  '/scripts/gameproduct/run' => '',
  'action' => 'game_product',
)
[ info ] [ CACHE ] INIT redis
[ info ] [ RUN ] app\scripts\controller\GameProduct->run[ D:\phpstudy_pro\WWW\new_kefu\application\scripts\controller\Gameproduct.php ]
[ info ] [ LOG ] INIT File
---------------------------------------------------------------
[ 2022-02-28T12:06:25+08:00 ] 127.0.0.1 GET api.newkefu.com/scripts/gameproduct/run?action=game_product
[运行时间：0.052707s] [吞吐率：18.97req/s] [内存消耗：2,569.34kb] [文件加载：154]
[ info ] [ LANG ] D:\phpstudy_pro\WWW\new_kefu\thinkphp\lang\zh-cn.php
[ info ] [ ROUTE ] array (
  'type' => 'module',
  'module' => 
  array (
    0 => 'scripts',
    1 => 'gameproduct',
    2 => 'run',
  ),
)
[ info ] [ HEADER ] array (
  'upgrade-insecure-requests' => '1',
  'connection' => 'close',
  'accept-encoding' => 'gzip, deflate',
  'accept-language' => 'zh-CN,zh;q=0.8,zh-TW;q=0.7,zh-HK;q=0.5,en-US;q=0.3,en;q=0.2',
  'accept' => 'text/html,application/xhtml+xml,application/xml;q=0.9,image/avif,image/webp,*/*;q=0.8',
  'user-agent' => 'Mozilla/5.0 (Windows NT 10.0; Win64; x64; rv:97.0) Gecko/20100101 Firefox/97.0',
  'host' => 'api.newkefu.com',
)
[ info ] [ PARAM ] array (
  '/scripts/gameproduct/run' => '',
  'action' => 'game_product',
)
[ info ] [ CACHE ] INIT redis
[ info ] [ RUN ] app\scripts\controller\GameProduct->run[ D:\phpstudy_pro\WWW\new_kefu\application\scripts\controller\Gameproduct.php ]
[ info ] [ LOG ] INIT File
---------------------------------------------------------------
[ 2022-02-28T12:09:02+08:00 ] 127.0.0.1 GET api.newkefu.com/scripts/gameproduct/run?action=game_product
[运行时间：0.060674s] [吞吐率：16.48req/s] [内存消耗：2,569.46kb] [文件加载：154]
[ info ] [ LANG ] D:\phpstudy_pro\WWW\new_kefu\thinkphp\lang\zh-cn.php
[ info ] [ ROUTE ] array (
  'type' => 'module',
  'module' => 
  array (
    0 => 'scripts',
    1 => 'gameproduct',
    2 => 'run',
  ),
)
[ info ] [ HEADER ] array (
  'upgrade-insecure-requests' => '1',
  'connection' => 'close',
  'accept-encoding' => 'gzip, deflate',
  'accept-language' => 'zh-CN,zh;q=0.8,zh-TW;q=0.7,zh-HK;q=0.5,en-US;q=0.3,en;q=0.2',
  'accept' => 'text/html,application/xhtml+xml,application/xml;q=0.9,image/avif,image/webp,*/*;q=0.8',
  'user-agent' => 'Mozilla/5.0 (Windows NT 10.0; Win64; x64; rv:97.0) Gecko/20100101 Firefox/97.0',
  'host' => 'api.newkefu.com',
)
[ info ] [ PARAM ] array (
  '/scripts/gameproduct/run' => '',
  'action' => 'game_product',
)
[ info ] [ CACHE ] INIT redis
[ info ] [ RUN ] app\scripts\controller\GameProduct->run[ D:\phpstudy_pro\WWW\new_kefu\application\scripts\controller\Gameproduct.php ]
[ info ] [ LOG ] INIT File
---------------------------------------------------------------
[ 2022-02-28T12:09:26+08:00 ] 127.0.0.1 GET api.newkefu.com/scripts/gameproduct/run?action=game_product
[运行时间：0.053182s] [吞吐率：18.80req/s] [内存消耗：2,569.46kb] [文件加载：154]
[ info ] [ LANG ] D:\phpstudy_pro\WWW\new_kefu\thinkphp\lang\zh-cn.php
[ info ] [ ROUTE ] array (
  'type' => 'module',
  'module' => 
  array (
    0 => 'scripts',
    1 => 'gameproduct',
    2 => 'run',
  ),
)
[ info ] [ HEADER ] array (
  'upgrade-insecure-requests' => '1',
  'connection' => 'close',
  'accept-encoding' => 'gzip, deflate',
  'accept-language' => 'zh-CN,zh;q=0.8,zh-TW;q=0.7,zh-HK;q=0.5,en-US;q=0.3,en;q=0.2',
  'accept' => 'text/html,application/xhtml+xml,application/xml;q=0.9,image/avif,image/webp,*/*;q=0.8',
  'user-agent' => 'Mozilla/5.0 (Windows NT 10.0; Win64; x64; rv:97.0) Gecko/20100101 Firefox/97.0',
  'host' => 'api.newkefu.com',
)
[ info ] [ PARAM ] array (
  '/scripts/gameproduct/run' => '',
  'action' => 'game_product',
)
[ info ] [ CACHE ] INIT redis
[ info ] [ RUN ] app\scripts\controller\GameProduct->run[ D:\phpstudy_pro\WWW\new_kefu\application\scripts\controller\Gameproduct.php ]
[ info ] [ LOG ] INIT File
---------------------------------------------------------------
[ 2022-02-28T12:09:30+08:00 ] 127.0.0.1 GET api.newkefu.com/scripts/gameproduct/run?action=game_product
[运行时间：0.051960s] [吞吐率：19.25req/s] [内存消耗：2,569.46kb] [文件加载：154]
[ info ] [ LANG ] D:\phpstudy_pro\WWW\new_kefu\thinkphp\lang\zh-cn.php
[ info ] [ ROUTE ] array (
  'type' => 'module',
  'module' => 
  array (
    0 => 'scripts',
    1 => 'gameproduct',
    2 => 'run',
  ),
)
[ info ] [ HEADER ] array (
  'upgrade-insecure-requests' => '1',
  'connection' => 'close',
  'accept-encoding' => 'gzip, deflate',
  'accept-language' => 'zh-CN,zh;q=0.8,zh-TW;q=0.7,zh-HK;q=0.5,en-US;q=0.3,en;q=0.2',
  'accept' => 'text/html,application/xhtml+xml,application/xml;q=0.9,image/avif,image/webp,*/*;q=0.8',
  'user-agent' => 'Mozilla/5.0 (Windows NT 10.0; Win64; x64; rv:97.0) Gecko/20100101 Firefox/97.0',
  'host' => 'api.newkefu.com',
)
[ info ] [ PARAM ] array (
  '/scripts/gameproduct/run' => '',
  'action' => 'game_product',
)
[ info ] [ CACHE ] INIT redis
[ info ] [ RUN ] app\scripts\controller\GameProduct->run[ D:\phpstudy_pro\WWW\new_kefu\application\scripts\controller\Gameproduct.php ]
[ info ] [ LOG ] INIT File
---------------------------------------------------------------
[ 2022-02-28T12:09:37+08:00 ] 127.0.0.1 GET api.newkefu.com/scripts/gameproduct/run?action=game_product
[运行时间：0.052547s] [吞吐率：19.03req/s] [内存消耗：2,569.46kb] [文件加载：154]
[ info ] [ LANG ] D:\phpstudy_pro\WWW\new_kefu\thinkphp\lang\zh-cn.php
[ info ] [ ROUTE ] array (
  'type' => 'module',
  'module' => 
  array (
    0 => 'scripts',
    1 => 'gameproduct',
    2 => 'run',
  ),
)
[ info ] [ HEADER ] array (
  'upgrade-insecure-requests' => '1',
  'connection' => 'close',
  'accept-encoding' => 'gzip, deflate',
  'accept-language' => 'zh-CN,zh;q=0.8,zh-TW;q=0.7,zh-HK;q=0.5,en-US;q=0.3,en;q=0.2',
  'accept' => 'text/html,application/xhtml+xml,application/xml;q=0.9,image/avif,image/webp,*/*;q=0.8',
  'user-agent' => 'Mozilla/5.0 (Windows NT 10.0; Win64; x64; rv:97.0) Gecko/20100101 Firefox/97.0',
  'host' => 'api.newkefu.com',
)
[ info ] [ PARAM ] array (
  '/scripts/gameproduct/run' => '',
  'action' => 'game_product',
)
[ info ] [ CACHE ] INIT redis
[ info ] [ RUN ] app\scripts\controller\GameProduct->run[ D:\phpstudy_pro\WWW\new_kefu\application\scripts\controller\Gameproduct.php ]
[ info ] [ LOG ] INIT File
---------------------------------------------------------------
[ 2022-02-28T12:09:50+08:00 ] 127.0.0.1 GET api.newkefu.com/scripts/gameproduct/run?action=game_product
[运行时间：0.052402s] [吞吐率：19.08req/s] [内存消耗：2,569.46kb] [文件加载：154]
[ info ] [ LANG ] D:\phpstudy_pro\WWW\new_kefu\thinkphp\lang\zh-cn.php
[ info ] [ ROUTE ] array (
  'type' => 'module',
  'module' => 
  array (
    0 => 'scripts',
    1 => 'gameproduct',
    2 => 'run',
  ),
)
[ info ] [ HEADER ] array (
  'upgrade-insecure-requests' => '1',
  'connection' => 'close',
  'accept-encoding' => 'gzip, deflate',
  'accept-language' => 'zh-CN,zh;q=0.8,zh-TW;q=0.7,zh-HK;q=0.5,en-US;q=0.3,en;q=0.2',
  'accept' => 'text/html,application/xhtml+xml,application/xml;q=0.9,image/avif,image/webp,*/*;q=0.8',
  'user-agent' => 'Mozilla/5.0 (Windows NT 10.0; Win64; x64; rv:97.0) Gecko/20100101 Firefox/97.0',
  'host' => 'api.newkefu.com',
)
[ info ] [ PARAM ] array (
  '/scripts/gameproduct/run' => '',
  'action' => 'game_product',
)
[ info ] [ CACHE ] INIT redis
[ info ] [ RUN ] app\scripts\controller\GameProduct->run[ D:\phpstudy_pro\WWW\new_kefu\application\scripts\controller\Gameproduct.php ]
[ info ] [ LOG ] INIT File
---------------------------------------------------------------
[ 2022-02-28T12:09:54+08:00 ] 127.0.0.1 GET api.newkefu.com/scripts/gameproduct/run?action=game_product
[运行时间：0.051794s] [吞吐率：19.31req/s] [内存消耗：2,569.46kb] [文件加载：154]
[ info ] [ LANG ] D:\phpstudy_pro\WWW\new_kefu\thinkphp\lang\zh-cn.php
[ info ] [ ROUTE ] array (
  'type' => 'module',
  'module' => 
  array (
    0 => 'scripts',
    1 => 'gameproduct',
    2 => 'run',
  ),
)
[ info ] [ HEADER ] array (
  'upgrade-insecure-requests' => '1',
  'connection' => 'close',
  'accept-encoding' => 'gzip, deflate',
  'accept-language' => 'zh-CN,zh;q=0.8,zh-TW;q=0.7,zh-HK;q=0.5,en-US;q=0.3,en;q=0.2',
  'accept' => 'text/html,application/xhtml+xml,application/xml;q=0.9,image/avif,image/webp,*/*;q=0.8',
  'user-agent' => 'Mozilla/5.0 (Windows NT 10.0; Win64; x64; rv:97.0) Gecko/20100101 Firefox/97.0',
  'host' => 'api.newkefu.com',
)
[ info ] [ PARAM ] array (
  '/scripts/gameproduct/run' => '',
  'action' => 'game_product',
)
[ info ] [ CACHE ] INIT redis
[ info ] [ RUN ] app\scripts\controller\GameProduct->run[ D:\phpstudy_pro\WWW\new_kefu\application\scripts\controller\Gameproduct.php ]
[ info ] [ LOG ] INIT File
---------------------------------------------------------------
[ 2022-02-28T12:10:05+08:00 ] 127.0.0.1 GET api.newkefu.com/scripts/gameproduct/run?action=game_product
[运行时间：0.052501s] [吞吐率：19.05req/s] [内存消耗：2,569.46kb] [文件加载：154]
[ info ] [ LANG ] D:\phpstudy_pro\WWW\new_kefu\thinkphp\lang\zh-cn.php
[ info ] [ ROUTE ] array (
  'type' => 'module',
  'module' => 
  array (
    0 => 'scripts',
    1 => 'gameproduct',
    2 => 'run',
  ),
)
[ info ] [ HEADER ] array (
  'upgrade-insecure-requests' => '1',
  'connection' => 'close',
  'accept-encoding' => 'gzip, deflate',
  'accept-language' => 'zh-CN,zh;q=0.8,zh-TW;q=0.7,zh-HK;q=0.5,en-US;q=0.3,en;q=0.2',
  'accept' => 'text/html,application/xhtml+xml,application/xml;q=0.9,image/avif,image/webp,*/*;q=0.8',
  'user-agent' => 'Mozilla/5.0 (Windows NT 10.0; Win64; x64; rv:97.0) Gecko/20100101 Firefox/97.0',
  'host' => 'api.newkefu.com',
)
[ info ] [ PARAM ] array (
  '/scripts/gameproduct/run' => '',
  'action' => 'game_product',
)
[ info ] [ CACHE ] INIT redis
[ info ] [ RUN ] app\scripts\controller\GameProduct->run[ D:\phpstudy_pro\WWW\new_kefu\application\scripts\controller\Gameproduct.php ]
[ info ] [ LOG ] INIT File
---------------------------------------------------------------
[ 2022-02-28T12:10:11+08:00 ] 127.0.0.1 GET api.newkefu.com/scripts/gameproduct/run?action=game_product
[运行时间：0.061160s] [吞吐率：16.35req/s] [内存消耗：2,569.46kb] [文件加载：154]
[ info ] [ LANG ] D:\phpstudy_pro\WWW\new_kefu\thinkphp\lang\zh-cn.php
[ info ] [ ROUTE ] array (
  'type' => 'module',
  'module' => 
  array (
    0 => 'scripts',
    1 => 'gameproduct',
    2 => 'run',
  ),
)
[ info ] [ HEADER ] array (
  'upgrade-insecure-requests' => '1',
  'connection' => 'close',
  'accept-encoding' => 'gzip, deflate',
  'accept-language' => 'zh-CN,zh;q=0.8,zh-TW;q=0.7,zh-HK;q=0.5,en-US;q=0.3,en;q=0.2',
  'accept' => 'text/html,application/xhtml+xml,application/xml;q=0.9,image/avif,image/webp,*/*;q=0.8',
  'user-agent' => 'Mozilla/5.0 (Windows NT 10.0; Win64; x64; rv:97.0) Gecko/20100101 Firefox/97.0',
  'host' => 'api.newkefu.com',
)
[ info ] [ PARAM ] array (
  '/scripts/gameproduct/run' => '',
  'action' => 'game_product',
)
[ info ] [ CACHE ] INIT redis
[ info ] [ RUN ] app\scripts\controller\GameProduct->run[ D:\phpstudy_pro\WWW\new_kefu\application\scripts\controller\Gameproduct.php ]
[ info ] [ LOG ] INIT File
---------------------------------------------------------------
[ 2022-02-28T12:10:32+08:00 ] 127.0.0.1 GET api.newkefu.com/scripts/gameproduct/run?action=game_product
[运行时间：0.070039s] [吞吐率：14.28req/s] [内存消耗：3,751.85kb] [文件加载：163]
[ info ] [ LANG ] D:\phpstudy_pro\WWW\new_kefu\thinkphp\lang\zh-cn.php
[ info ] [ ROUTE ] array (
  'type' => 'module',
  'module' => 
  array (
    0 => 'scripts',
    1 => 'gameproduct',
    2 => 'run',
  ),
)
[ info ] [ HEADER ] array (
  'upgrade-insecure-requests' => '1',
  'connection' => 'close',
  'accept-encoding' => 'gzip, deflate',
  'accept-language' => 'zh-CN,zh;q=0.8,zh-TW;q=0.7,zh-HK;q=0.5,en-US;q=0.3,en;q=0.2',
  'accept' => 'text/html,application/xhtml+xml,application/xml;q=0.9,image/avif,image/webp,*/*;q=0.8',
  'user-agent' => 'Mozilla/5.0 (Windows NT 10.0; Win64; x64; rv:97.0) Gecko/20100101 Firefox/97.0',
  'host' => 'api.newkefu.com',
)
[ info ] [ PARAM ] array (
  '/scripts/gameproduct/run' => '',
  'action' => 'game_product',
)
[ info ] [ CACHE ] INIT redis
[ info ] [ RUN ] app\scripts\controller\GameProduct->run[ D:\phpstudy_pro\WWW\new_kefu\application\scripts\controller\Gameproduct.php ]
[ info ] [ DB ] INIT mysql
[ info ] [ LOG ] INIT File
[ sql ] [ DB ] CONNECT:[ UseTime:0.001184s ] mysql:host=127.0.0.1;port=3306;dbname=gr_chat;charset=utf8
[ sql ] [ SQL ] SHOW COLUMNS FROM `gr_run_log` [ RunTime:0.002378s ]
[ sql ] [ SQL ] INSERT INTO `gr_run_log` (`controller` , `action` , `input_param` , `add_time` , `update_time`) VALUES ('script_Gameproduct' , 'GameProduct' , '\"\"' , 1646021432 , 1646021432) [ RunTime:0.002594s ]
---------------------------------------------------------------
[ 2022-02-28T12:10:46+08:00 ] 127.0.0.1 GET api.newkefu.com/scripts/gameproduct/run?action=game_product
[运行时间：0.072650s] [吞吐率：13.76req/s] [内存消耗：3,922.41kb] [文件加载：170]
[ info ] [ LANG ] D:\phpstudy_pro\WWW\new_kefu\thinkphp\lang\zh-cn.php
[ info ] [ ROUTE ] array (
  'type' => 'module',
  'module' => 
  array (
    0 => 'scripts',
    1 => 'gameproduct',
    2 => 'run',
  ),
)
[ info ] [ HEADER ] array (
  'upgrade-insecure-requests' => '1',
  'connection' => 'close',
  'accept-encoding' => 'gzip, deflate',
  'accept-language' => 'zh-CN,zh;q=0.8,zh-TW;q=0.7,zh-HK;q=0.5,en-US;q=0.3,en;q=0.2',
  'accept' => 'text/html,application/xhtml+xml,application/xml;q=0.9,image/avif,image/webp,*/*;q=0.8',
  'user-agent' => 'Mozilla/5.0 (Windows NT 10.0; Win64; x64; rv:97.0) Gecko/20100101 Firefox/97.0',
  'host' => 'api.newkefu.com',
)
[ info ] [ PARAM ] array (
  '/scripts/gameproduct/run' => '',
  'action' => 'game_product',
)
[ info ] [ CACHE ] INIT redis
[ info ] [ RUN ] app\scripts\controller\GameProduct->run[ D:\phpstudy_pro\WWW\new_kefu\application\scripts\controller\Gameproduct.php ]
[ info ] [ DB ] INIT mysql
[ info ] [ LOG ] INIT File
[ sql ] [ DB ] CONNECT:[ UseTime:0.001226s ] mysql:host=127.0.0.1;port=3306;dbname=gr_chat;charset=utf8
[ sql ] [ SQL ] SHOW COLUMNS FROM `gr_run_log` [ RunTime:0.002323s ]
[ sql ] [ SQL ] INSERT INTO `gr_run_log` (`controller` , `action` , `input_param` , `add_time` , `update_time`) VALUES ('script_Gameproduct' , 'GameProduct' , '\"\"' , 1646021446 , 1646021446) [ RunTime:0.003227s ]
[ error ] [2]Creating default object from empty value[D:\phpstudy_pro\WWW\new_kefu\common\server\GameProduct\GameProductScriptsServer.php:19]
---------------------------------------------------------------
[ 2022-02-28T12:11:14+08:00 ] 127.0.0.1 GET api.newkefu.com/scripts/gameproduct/run?action=game_product
[运行时间：0.074314s] [吞吐率：13.46req/s] [内存消耗：3,751.96kb] [文件加载：163]
[ info ] [ LANG ] D:\phpstudy_pro\WWW\new_kefu\thinkphp\lang\zh-cn.php
[ info ] [ ROUTE ] array (
  'type' => 'module',
  'module' => 
  array (
    0 => 'scripts',
    1 => 'gameproduct',
    2 => 'run',
  ),
)
[ info ] [ HEADER ] array (
  'upgrade-insecure-requests' => '1',
  'connection' => 'close',
  'accept-encoding' => 'gzip, deflate',
  'accept-language' => 'zh-CN,zh;q=0.8,zh-TW;q=0.7,zh-HK;q=0.5,en-US;q=0.3,en;q=0.2',
  'accept' => 'text/html,application/xhtml+xml,application/xml;q=0.9,image/avif,image/webp,*/*;q=0.8',
  'user-agent' => 'Mozilla/5.0 (Windows NT 10.0; Win64; x64; rv:97.0) Gecko/20100101 Firefox/97.0',
  'host' => 'api.newkefu.com',
)
[ info ] [ PARAM ] array (
  '/scripts/gameproduct/run' => '',
  'action' => 'game_product',
)
[ info ] [ CACHE ] INIT redis
[ info ] [ RUN ] app\scripts\controller\GameProduct->run[ D:\phpstudy_pro\WWW\new_kefu\application\scripts\controller\Gameproduct.php ]
[ info ] [ DB ] INIT mysql
[ info ] [ LOG ] INIT File
[ sql ] [ DB ] CONNECT:[ UseTime:0.001134s ] mysql:host=127.0.0.1;port=3306;dbname=gr_chat;charset=utf8
[ sql ] [ SQL ] SHOW COLUMNS FROM `gr_run_log` [ RunTime:0.002330s ]
[ sql ] [ SQL ] INSERT INTO `gr_run_log` (`controller` , `action` , `input_param` , `add_time` , `update_time`) VALUES ('script_Gameproduct' , 'GameProduct' , '\"\"' , 1646021474 , 1646021474) [ RunTime:0.001077s ]
---------------------------------------------------------------
[ 2022-02-28T12:11:30+08:00 ] 127.0.0.1 GET api.newkefu.com/scripts/gameproduct/run?action=game_product
[运行时间：0.067515s] [吞吐率：14.81req/s] [内存消耗：3,752.38kb] [文件加载：163]
[ info ] [ LANG ] D:\phpstudy_pro\WWW\new_kefu\thinkphp\lang\zh-cn.php
[ info ] [ ROUTE ] array (
  'type' => 'module',
  'module' => 
  array (
    0 => 'scripts',
    1 => 'gameproduct',
    2 => 'run',
  ),
)
[ info ] [ HEADER ] array (
  'upgrade-insecure-requests' => '1',
  'connection' => 'close',
  'accept-encoding' => 'gzip, deflate',
  'accept-language' => 'zh-CN,zh;q=0.8,zh-TW;q=0.7,zh-HK;q=0.5,en-US;q=0.3,en;q=0.2',
  'accept' => 'text/html,application/xhtml+xml,application/xml;q=0.9,image/avif,image/webp,*/*;q=0.8',
  'user-agent' => 'Mozilla/5.0 (Windows NT 10.0; Win64; x64; rv:97.0) Gecko/20100101 Firefox/97.0',
  'host' => 'api.newkefu.com',
)
[ info ] [ PARAM ] array (
  '/scripts/gameproduct/run' => '',
  'action' => 'game_product',
)
[ info ] [ CACHE ] INIT redis
[ info ] [ RUN ] app\scripts\controller\GameProduct->run[ D:\phpstudy_pro\WWW\new_kefu\application\scripts\controller\Gameproduct.php ]
[ info ] [ DB ] INIT mysql
[ info ] [ LOG ] INIT File
[ sql ] [ DB ] CONNECT:[ UseTime:0.001120s ] mysql:host=127.0.0.1;port=3306;dbname=gr_chat;charset=utf8
[ sql ] [ SQL ] SHOW COLUMNS FROM `gr_run_log` [ RunTime:0.002290s ]
[ sql ] [ SQL ] INSERT INTO `gr_run_log` (`controller` , `action` , `input_param` , `add_time` , `update_time`) VALUES ('script_Gameproduct' , 'GameProduct' , '\"\"' , 1646021490 , 1646021490) [ RunTime:0.003093s ]
---------------------------------------------------------------
[ 2022-02-28T14:22:09+08:00 ] 127.0.0.1 GET api.newkefu.com/scripts/gameproduct/run?action=game_product
[运行时间：0.085731s] [吞吐率：11.66req/s] [内存消耗：3,817.16kb] [文件加载：165]
[ info ] [ LANG ] D:\phpstudy_pro\WWW\new_kefu\thinkphp\lang\zh-cn.php
[ info ] [ ROUTE ] array (
  'type' => 'module',
  'module' => 
  array (
    0 => 'scripts',
    1 => 'gameproduct',
    2 => 'run',
  ),
)
[ info ] [ HEADER ] array (
  'upgrade-insecure-requests' => '1',
  'connection' => 'close',
  'accept-encoding' => 'gzip, deflate',
  'accept-language' => 'zh-CN,zh;q=0.8,zh-TW;q=0.7,zh-HK;q=0.5,en-US;q=0.3,en;q=0.2',
  'accept' => 'text/html,application/xhtml+xml,application/xml;q=0.9,image/avif,image/webp,*/*;q=0.8',
  'user-agent' => 'Mozilla/5.0 (Windows NT 10.0; Win64; x64; rv:97.0) Gecko/20100101 Firefox/97.0',
  'host' => 'api.newkefu.com',
)
[ info ] [ PARAM ] array (
  '/scripts/gameproduct/run' => '',
  'action' => 'game_product',
)
[ info ] [ CACHE ] INIT redis
[ info ] [ DB ] INIT mysql
[ info ] [ RUN ] app\scripts\controller\GameProduct->run[ D:\phpstudy_pro\WWW\new_kefu\application\scripts\controller\Gameproduct.php ]
[ info ] [ LOG ] INIT File
---------------------------------------------------------------
[ 2022-02-28T14:22:17+08:00 ] 127.0.0.1 GET api.newkefu.com/scripts/gameproduct/run?action=game_product
[运行时间：0.069346s] [吞吐率：14.42req/s] [内存消耗：3,845.23kb] [文件加载：164]
[ info ] [ LANG ] D:\phpstudy_pro\WWW\new_kefu\thinkphp\lang\zh-cn.php
[ info ] [ ROUTE ] array (
  'type' => 'module',
  'module' => 
  array (
    0 => 'scripts',
    1 => 'gameproduct',
    2 => 'run',
  ),
)
[ info ] [ HEADER ] array (
  'upgrade-insecure-requests' => '1',
  'connection' => 'close',
  'accept-encoding' => 'gzip, deflate',
  'accept-language' => 'zh-CN,zh;q=0.8,zh-TW;q=0.7,zh-HK;q=0.5,en-US;q=0.3,en;q=0.2',
  'accept' => 'text/html,application/xhtml+xml,application/xml;q=0.9,image/avif,image/webp,*/*;q=0.8',
  'user-agent' => 'Mozilla/5.0 (Windows NT 10.0; Win64; x64; rv:97.0) Gecko/20100101 Firefox/97.0',
  'host' => 'api.newkefu.com',
)
[ info ] [ PARAM ] array (
  '/scripts/gameproduct/run' => '',
  'action' => 'game_product',
)
[ info ] [ CACHE ] INIT redis
[ info ] [ RUN ] app\scripts\controller\GameProduct->run[ D:\phpstudy_pro\WWW\new_kefu\application\scripts\controller\Gameproduct.php ]
[ info ] [ DB ] INIT mysql
[ info ] [ LOG ] INIT File
[ sql ] [ DB ] CONNECT:[ UseTime:0.001323s ] mysql:host=127.0.0.1;port=3306;dbname=gr_chat;charset=utf8
[ sql ] [ SQL ] SHOW COLUMNS FROM `gr_run_log` [ RunTime:0.002729s ]
[ sql ] [ SQL ] INSERT INTO `gr_run_log` (`controller` , `action` , `input_param` , `add_time` , `update_time`) VALUES ('script_Gameproduct' , 'GameProduct' , '\"\"' , 1646029337 , 1646029337) [ RunTime:0.003086s ]
---------------------------------------------------------------
[ 2022-02-28T14:22:52+08:00 ] 127.0.0.1 GET api.newkefu.com/scripts/gameproduct/run?action=game_product
[运行时间：0.069528s] [吞吐率：14.38req/s] [内存消耗：3,922.38kb] [文件加载：170]
[ info ] [ LANG ] D:\phpstudy_pro\WWW\new_kefu\thinkphp\lang\zh-cn.php
[ info ] [ ROUTE ] array (
  'type' => 'module',
  'module' => 
  array (
    0 => 'scripts',
    1 => 'gameproduct',
    2 => 'run',
  ),
)
[ info ] [ HEADER ] array (
  'upgrade-insecure-requests' => '1',
  'connection' => 'close',
  'accept-encoding' => 'gzip, deflate',
  'accept-language' => 'zh-CN,zh;q=0.8,zh-TW;q=0.7,zh-HK;q=0.5,en-US;q=0.3,en;q=0.2',
  'accept' => 'text/html,application/xhtml+xml,application/xml;q=0.9,image/avif,image/webp,*/*;q=0.8',
  'user-agent' => 'Mozilla/5.0 (Windows NT 10.0; Win64; x64; rv:97.0) Gecko/20100101 Firefox/97.0',
  'host' => 'api.newkefu.com',
)
[ info ] [ PARAM ] array (
  '/scripts/gameproduct/run' => '',
  'action' => 'game_product',
)
[ info ] [ CACHE ] INIT redis
[ info ] [ RUN ] app\scripts\controller\GameProduct->run[ D:\phpstudy_pro\WWW\new_kefu\application\scripts\controller\Gameproduct.php ]
[ info ] [ DB ] INIT mysql
[ info ] [ LOG ] INIT File
[ sql ] [ DB ] CONNECT:[ UseTime:0.001207s ] mysql:host=127.0.0.1;port=3306;dbname=gr_chat;charset=utf8
[ sql ] [ SQL ] SHOW COLUMNS FROM `gr_run_log` [ RunTime:0.002574s ]
[ sql ] [ SQL ] INSERT INTO `gr_run_log` (`controller` , `action` , `input_param` , `add_time` , `update_time`) VALUES ('script_Gameproduct' , 'GameProduct' , '\"\"' , 1646029372 , 1646029372) [ RunTime:0.001717s ]
[ error ] [8]未定义数组索引: platform_suffix[D:\phpstudy_pro\WWW\new_kefu\common\server\GameProduct\GameProductScriptsServer.php:90]
---------------------------------------------------------------
[ 2022-02-28T14:23:57+08:00 ] 127.0.0.1 GET api.newkefu.com/scripts/gameproduct/run?action=game_product
[运行时间：0.079167s] [吞吐率：12.63req/s] [内存消耗：3,861.02kb] [文件加载：164]
[ info ] [ LANG ] D:\phpstudy_pro\WWW\new_kefu\thinkphp\lang\zh-cn.php
[ info ] [ ROUTE ] array (
  'type' => 'module',
  'module' => 
  array (
    0 => 'scripts',
    1 => 'gameproduct',
    2 => 'run',
  ),
)
[ info ] [ HEADER ] array (
  'upgrade-insecure-requests' => '1',
  'connection' => 'close',
  'accept-encoding' => 'gzip, deflate',
  'accept-language' => 'zh-CN,zh;q=0.8,zh-TW;q=0.7,zh-HK;q=0.5,en-US;q=0.3,en;q=0.2',
  'accept' => 'text/html,application/xhtml+xml,application/xml;q=0.9,image/avif,image/webp,*/*;q=0.8',
  'user-agent' => 'Mozilla/5.0 (Windows NT 10.0; Win64; x64; rv:97.0) Gecko/20100101 Firefox/97.0',
  'host' => 'api.newkefu.com',
)
[ info ] [ PARAM ] array (
  '/scripts/gameproduct/run' => '',
  'action' => 'game_product',
)
[ info ] [ CACHE ] INIT redis
[ info ] [ RUN ] app\scripts\controller\GameProduct->run[ D:\phpstudy_pro\WWW\new_kefu\application\scripts\controller\Gameproduct.php ]
[ info ] [ DB ] INIT mysql
[ info ] [ LOG ] INIT File
[ sql ] [ DB ] CONNECT:[ UseTime:0.011408s ] mysql:host=127.0.0.1;port=3306;dbname=gr_chat;charset=utf8
[ sql ] [ SQL ] SHOW COLUMNS FROM `gr_run_log` [ RunTime:0.002473s ]
[ sql ] [ SQL ] INSERT INTO `gr_run_log` (`controller` , `action` , `input_param` , `add_time` , `update_time`) VALUES ('script_Gameproduct' , 'GameProduct' , '\"\"' , 1646029437 , 1646029437) [ RunTime:0.002941s ]
---------------------------------------------------------------
[ 2022-02-28T14:24:59+08:00 ] 127.0.0.1 GET api.newkefu.com/scripts/gameproduct/run?action=game_product
[运行时间：0.078147s] [吞吐率：12.80req/s] [内存消耗：3,920.55kb] [文件加载：169]
[ info ] [ LANG ] D:\phpstudy_pro\WWW\new_kefu\thinkphp\lang\zh-cn.php
[ info ] [ ROUTE ] array (
  'type' => 'module',
  'module' => 
  array (
    0 => 'scripts',
    1 => 'gameproduct',
    2 => 'run',
  ),
)
[ info ] [ HEADER ] array (
  'upgrade-insecure-requests' => '1',
  'connection' => 'close',
  'accept-encoding' => 'gzip, deflate',
  'accept-language' => 'zh-CN,zh;q=0.8,zh-TW;q=0.7,zh-HK;q=0.5,en-US;q=0.3,en;q=0.2',
  'accept' => 'text/html,application/xhtml+xml,application/xml;q=0.9,image/avif,image/webp,*/*;q=0.8',
  'user-agent' => 'Mozilla/5.0 (Windows NT 10.0; Win64; x64; rv:97.0) Gecko/20100101 Firefox/97.0',
  'host' => 'api.newkefu.com',
)
[ info ] [ PARAM ] array (
  '/scripts/gameproduct/run' => '',
  'action' => 'game_product',
)
[ info ] [ CACHE ] INIT redis
[ info ] [ RUN ] app\scripts\controller\GameProduct->run[ D:\phpstudy_pro\WWW\new_kefu\application\scripts\controller\Gameproduct.php ]
[ info ] [ DB ] INIT mysql
[ info ] [ LOG ] INIT File
[ sql ] [ DB ] CONNECT:[ UseTime:0.001234s ] mysql:host=127.0.0.1;port=3306;dbname=gr_chat;charset=utf8
[ sql ] [ SQL ] SHOW COLUMNS FROM `gr_run_log` [ RunTime:0.002427s ]
[ sql ] [ SQL ] INSERT INTO `gr_run_log` (`controller` , `action` , `input_param` , `add_time` , `update_time`) VALUES ('script_Gameproduct' , 'GameProduct' , '\"\"' , 1646029499 , 1646029499) [ RunTime:0.001077s ]
[ error ] [0]致命错误: Call to undefined method common\server\GameProduct\GameProductScriptsServer::post_curl()[D:\phpstudy_pro\WWW\new_kefu\common\server\GameProduct\GameProductScriptsServer.php:189]
---------------------------------------------------------------
[ 2022-02-28T14:26:07+08:00 ] 127.0.0.1 GET api.newkefu.com/scripts/gameproduct/run?action=game_product
[运行时间：1.099349s] [吞吐率：0.91req/s] [内存消耗：3,889.38kb] [文件加载：164]
[ info ] [ LANG ] D:\phpstudy_pro\WWW\new_kefu\thinkphp\lang\zh-cn.php
[ info ] [ ROUTE ] array (
  'type' => 'module',
  'module' => 
  array (
    0 => 'scripts',
    1 => 'gameproduct',
    2 => 'run',
  ),
)
[ info ] [ HEADER ] array (
  'upgrade-insecure-requests' => '1',
  'connection' => 'close',
  'accept-encoding' => 'gzip, deflate',
  'accept-language' => 'zh-CN,zh;q=0.8,zh-TW;q=0.7,zh-HK;q=0.5,en-US;q=0.3,en;q=0.2',
  'accept' => 'text/html,application/xhtml+xml,application/xml;q=0.9,image/avif,image/webp,*/*;q=0.8',
  'user-agent' => 'Mozilla/5.0 (Windows NT 10.0; Win64; x64; rv:97.0) Gecko/20100101 Firefox/97.0',
  'host' => 'api.newkefu.com',
)
[ info ] [ PARAM ] array (
  '/scripts/gameproduct/run' => '',
  'action' => 'game_product',
)
[ info ] [ CACHE ] INIT redis
[ info ] [ RUN ] app\scripts\controller\GameProduct->run[ D:\phpstudy_pro\WWW\new_kefu\application\scripts\controller\Gameproduct.php ]
[ info ] [ DB ] INIT mysql
[ info ] [ LOG ] INIT File
[ sql ] [ DB ] CONNECT:[ UseTime:0.001186s ] mysql:host=127.0.0.1;port=3306;dbname=gr_chat;charset=utf8
[ sql ] [ SQL ] SHOW COLUMNS FROM `gr_run_log` [ RunTime:0.002353s ]
[ sql ] [ SQL ] INSERT INTO `gr_run_log` (`controller` , `action` , `input_param` , `add_time` , `update_time`) VALUES ('script_Gameproduct' , 'GameProduct' , '\"\"' , 1646029566 , 1646029566) [ RunTime:0.003191s ]
