[ 2022-03-02T15:22:57+08:00 ][ info ] [ LANG ] D:\phpstudy_pro\WWW\new_kefu\thinkphp\lang\zh-cn.php
[ info ] [ LOG ] INIT File
[ 2022-03-02T15:22:57+08:00 ][ info ] [ ROUTE ] array (
  'type' => 'module',
  'module' => 
  array (
    0 => 'scripts',
    1 => 'payment',
    2 => 'run',
  ),
)
[ 2022-03-02T15:22:57+08:00 ][ info ] [ HEADER ] array (
)
[ 2022-03-02T15:22:57+08:00 ][ info ] [ PARAM ] array (
)
[ 2022-03-02T15:22:57+08:00 ][ info ] [ CACHE ] INIT redis
[ 2022-03-02T15:22:57+08:00 ][ info ] [ DB ] INIT mysql
[ 2022-03-02T15:22:57+08:00 ][ info ] [ RUN ] app\scripts\controller\Payment->run[ D:\phpstudy_pro\WWW\new_kefu\application\scripts\controller\Payment.php ]
[ 2022-03-02T15:22:57+08:00 ][ error ] [8]Undefined index: func[D:\phpstudy_pro\WWW\new_kefu\thinkphp\library\traits\controller\lxxScript.php:179]
[ 2022-03-02T15:23:33+08:00 ][ info ] [ LANG ] D:\phpstudy_pro\WWW\new_kefu\thinkphp\lang\zh-cn.php
[ info ] [ LOG ] INIT File
[ 2022-03-02T15:23:33+08:00 ][ info ] [ ROUTE ] array (
  'type' => 'module',
  'module' => 
  array (
    0 => 'scripts',
    1 => 'payment',
    2 => 'run',
  ),
)
[ 2022-03-02T15:23:33+08:00 ][ info ] [ HEADER ] array (
)
[ 2022-03-02T15:23:33+08:00 ][ info ] [ PARAM ] array (
)
[ 2022-03-02T15:23:33+08:00 ][ info ] [ CACHE ] INIT redis
[ 2022-03-02T15:23:33+08:00 ][ info ] [ RUN ] app\scripts\controller\Payment->run[ D:\phpstudy_pro\WWW\new_kefu\application\scripts\controller\Payment.php ]
[ 2022-03-02T15:24:44+08:00 ][ info ] [ LANG ] D:\phpstudy_pro\WWW\new_kefu\thinkphp\lang\zh-cn.php
[ info ] [ LOG ] INIT File
[ 2022-03-02T15:24:44+08:00 ][ info ] [ ROUTE ] array (
  'type' => 'module',
  'module' => 
  array (
    0 => 'scripts',
    1 => 'payment',
    2 => 'run',
  ),
)
[ 2022-03-02T15:24:44+08:00 ][ info ] [ HEADER ] array (
)
[ 2022-03-02T15:24:44+08:00 ][ info ] [ PARAM ] array (
)
[ 2022-03-02T15:24:44+08:00 ][ info ] [ CACHE ] INIT redis
[ 2022-03-02T15:24:44+08:00 ][ info ] [ RUN ] app\scripts\controller\Payment->run[ D:\phpstudy_pro\WWW\new_kefu\application\scripts\controller\Payment.php ]
[ 2022-03-02T15:25:54+08:00 ][ info ] [ LANG ] D:\phpstudy_pro\WWW\new_kefu\thinkphp\lang\zh-cn.php
[ info ] [ LOG ] INIT File
[ 2022-03-02T15:25:54+08:00 ][ info ] [ ROUTE ] array (
  'type' => 'module',
  'module' => 
  array (
    0 => 'scripts',
    1 => 'payment',
    2 => 'run',
  ),
)
[ 2022-03-02T15:25:54+08:00 ][ info ] [ HEADER ] array (
)
[ 2022-03-02T15:25:54+08:00 ][ info ] [ PARAM ] array (
  'g' => 'scripts',
  'm' => 'payment',
  'a' => 'run',
  'p' => 
  array (
    'action' => 'get_payment',
  ),
)
[ 2022-03-02T15:25:54+08:00 ][ info ] [ CACHE ] INIT redis
[ 2022-03-02T15:25:54+08:00 ][ info ] [ RUN ] app\scripts\controller\Payment->run[ D:\phpstudy_pro\WWW\new_kefu\application\scripts\controller\Payment.php ]
[ 2022-03-02T15:25:59+08:00 ][ info ] [ LANG ] D:\phpstudy_pro\WWW\new_kefu\thinkphp\lang\zh-cn.php
[ info ] [ LOG ] INIT File
[ 2022-03-02T15:25:59+08:00 ][ info ] [ ROUTE ] array (
  'type' => 'module',
  'module' => 
  array (
    0 => 'scripts',
    1 => 'payment',
    2 => 'run',
  ),
)
[ 2022-03-02T15:25:59+08:00 ][ info ] [ HEADER ] array (
)
[ 2022-03-02T15:25:59+08:00 ][ info ] [ PARAM ] array (
  'g' => 'scripts',
  'm' => 'payment',
  'a' => 'run',
  'p' => 
  array (
    'action' => 'get_payment',
  ),
)
[ 2022-03-02T15:25:59+08:00 ][ info ] [ CACHE ] INIT redis
[ 2022-03-02T15:25:59+08:00 ][ info ] [ RUN ] app\scripts\controller\Payment->run[ D:\phpstudy_pro\WWW\new_kefu\application\scripts\controller\Payment.php ]
[ 2022-03-02T15:25:59+08:00 ][ info ] [ DB ] INIT mysql
[ 2022-03-02T15:25:59+08:00 ][ sql ] [ DB ] CONNECT:[ UseTime:0.001563s ] mysql:host=127.0.0.1;port=3306;dbname=gr_chat;charset=utf8
[ 2022-03-02T15:25:59+08:00 ][ sql ] [ SQL ] SHOW COLUMNS FROM `gr_run_log` [ RunTime:0.001254s ]
[ 2022-03-02T15:25:59+08:00 ][ sql ] [ SQL ] INSERT INTO `gr_run_log` (`controller` , `action` , `input_param` , `add_time` , `update_time`) VALUES ('script_Payment' , 'getPayment' , '{\"action\":\"get_payment\"}' , 1646205959 , 1646205959) [ RunTime:0.002057s ]
[ 2022-03-02T15:26:23+08:00 ][ info ] [ LANG ] D:\phpstudy_pro\WWW\new_kefu\thinkphp\lang\zh-cn.php
[ info ] [ LOG ] INIT File
[ 2022-03-02T15:26:23+08:00 ][ info ] [ ROUTE ] array (
  'type' => 'module',
  'module' => 
  array (
    0 => 'scripts',
    1 => 'payment',
    2 => 'run',
  ),
)
[ 2022-03-02T15:26:23+08:00 ][ info ] [ HEADER ] array (
)
[ 2022-03-02T15:26:23+08:00 ][ info ] [ PARAM ] array (
  'g' => 'scripts',
  'm' => 'payment',
  'a' => 'run',
  'p' => 
  array (
    'action' => 'get_payment',
    'platform' => 'zw',
  ),
)
[ 2022-03-02T15:26:23+08:00 ][ info ] [ CACHE ] INIT redis
[ 2022-03-02T15:26:23+08:00 ][ info ] [ RUN ] app\scripts\controller\Payment->run[ D:\phpstudy_pro\WWW\new_kefu\application\scripts\controller\Payment.php ]
[ 2022-03-02T15:26:31+08:00 ][ info ] [ LANG ] D:\phpstudy_pro\WWW\new_kefu\thinkphp\lang\zh-cn.php
[ info ] [ LOG ] INIT File
[ 2022-03-02T15:26:31+08:00 ][ info ] [ ROUTE ] array (
  'type' => 'module',
  'module' => 
  array (
    0 => 'scripts',
    1 => 'payment',
    2 => 'run',
  ),
)
[ 2022-03-02T15:26:31+08:00 ][ info ] [ HEADER ] array (
)
[ 2022-03-02T15:26:31+08:00 ][ info ] [ PARAM ] array (
  'g' => 'scripts',
  'm' => 'payment',
  'a' => 'run',
  'p' => 
  array (
    'action' => 'get_payment',
    'platform' => 'zw',
  ),
)
[ 2022-03-02T15:26:31+08:00 ][ info ] [ CACHE ] INIT redis
[ 2022-03-02T15:26:31+08:00 ][ info ] [ RUN ] app\scripts\controller\Payment->run[ D:\phpstudy_pro\WWW\new_kefu\application\scripts\controller\Payment.php ]
[ 2022-03-02T15:26:31+08:00 ][ info ] [ DB ] INIT mysql
[ 2022-03-02T15:26:31+08:00 ][ sql ] [ DB ] CONNECT:[ UseTime:0.011165s ] mysql:host=127.0.0.1;port=3306;dbname=gr_chat;charset=utf8
[ 2022-03-02T15:26:31+08:00 ][ sql ] [ SQL ] SHOW COLUMNS FROM `gr_run_log` [ RunTime:0.000739s ]
[ 2022-03-02T15:26:31+08:00 ][ sql ] [ SQL ] INSERT INTO `gr_run_log` (`controller` , `action` , `input_param` , `add_time` , `update_time`) VALUES ('script_Payment' , 'getPayment' , '{\"action\":\"get_payment\",\"platform\":\"zw\"}' , 1646205991 , 1646205991) [ RunTime:0.001488s ]
[ 2022-03-02T15:26:31+08:00 ][ info ] [ DB ] INIT mysql
[ 2022-03-02T15:31:53+08:00 ][ info ] [ LANG ] D:\phpstudy_pro\WWW\new_kefu\thinkphp\lang\zh-cn.php
[ info ] [ LOG ] INIT File
[ 2022-03-02T15:31:53+08:00 ][ info ] [ ROUTE ] array (
  'type' => 'module',
  'module' => 
  array (
    0 => 'scripts',
    1 => 'payment',
    2 => 'run',
  ),
)
[ 2022-03-02T15:31:53+08:00 ][ info ] [ HEADER ] array (
)
[ 2022-03-02T15:31:53+08:00 ][ info ] [ PARAM ] array (
  'g' => 'scripts',
  'm' => 'payment',
  'a' => 'run',
  'p' => 
  array (
    'action' => 'get_payment',
    'platform' => 'zw',
  ),
)
[ 2022-03-02T15:31:53+08:00 ][ info ] [ CACHE ] INIT redis
[ 2022-03-02T15:31:53+08:00 ][ info ] [ RUN ] app\scripts\controller\Payment->run[ D:\phpstudy_pro\WWW\new_kefu\application\scripts\controller\Payment.php ]
[ 2022-03-02T15:32:00+08:00 ][ info ] [ LANG ] D:\phpstudy_pro\WWW\new_kefu\thinkphp\lang\zh-cn.php
[ info ] [ LOG ] INIT File
[ 2022-03-02T15:32:00+08:00 ][ info ] [ ROUTE ] array (
  'type' => 'module',
  'module' => 
  array (
    0 => 'scripts',
    1 => 'payment',
    2 => 'run',
  ),
)
[ 2022-03-02T15:32:00+08:00 ][ info ] [ HEADER ] array (
)
[ 2022-03-02T15:32:00+08:00 ][ info ] [ PARAM ] array (
  'g' => 'scripts',
  'm' => 'payment',
  'a' => 'run',
  'p' => 
  array (
    'action' => 'get_payment',
    'platform' => 'zw',
  ),
)
[ 2022-03-02T15:32:00+08:00 ][ info ] [ CACHE ] INIT redis
[ 2022-03-02T15:32:00+08:00 ][ info ] [ RUN ] app\scripts\controller\Payment->run[ D:\phpstudy_pro\WWW\new_kefu\application\scripts\controller\Payment.php ]
[ 2022-03-02T15:32:00+08:00 ][ info ] [ DB ] INIT mysql
[ 2022-03-02T15:32:00+08:00 ][ sql ] [ DB ] CONNECT:[ UseTime:0.001480s ] mysql:host=127.0.0.1;port=3306;dbname=gr_chat;charset=utf8
[ 2022-03-02T15:32:00+08:00 ][ sql ] [ SQL ] SHOW COLUMNS FROM `gr_run_log` [ RunTime:0.001033s ]
[ 2022-03-02T15:32:00+08:00 ][ sql ] [ SQL ] INSERT INTO `gr_run_log` (`controller` , `action` , `input_param` , `add_time` , `update_time`) VALUES ('script_Payment' , 'getPayment' , '{\"action\":\"get_payment\",\"platform\":\"zw\"}' , 1646206320 , 1646206320) [ RunTime:0.001570s ]
[ 2022-03-02T15:32:00+08:00 ][ info ] [ DB ] INIT mysql
[ 2022-03-02T15:33:22+08:00 ][ info ] [ LANG ] D:\phpstudy_pro\WWW\new_kefu\thinkphp\lang\zh-cn.php
[ info ] [ LOG ] INIT File
[ 2022-03-02T15:33:22+08:00 ][ info ] [ ROUTE ] array (
  'type' => 'module',
  'module' => 
  array (
    0 => 'scripts',
    1 => 'payment',
    2 => 'run',
  ),
)
[ 2022-03-02T15:33:22+08:00 ][ info ] [ HEADER ] array (
)
[ 2022-03-02T15:33:22+08:00 ][ info ] [ PARAM ] array (
  'g' => 'scripts',
  'm' => 'payment',
  'a' => 'run',
  'p' => 
  array (
    'action' => 'get_payment',
    'platform' => 'zw',
  ),
)
[ 2022-03-02T15:33:22+08:00 ][ info ] [ CACHE ] INIT redis
[ 2022-03-02T15:33:22+08:00 ][ info ] [ RUN ] app\scripts\controller\Payment->run[ D:\phpstudy_pro\WWW\new_kefu\application\scripts\controller\Payment.php ]
[ 2022-03-02T15:33:22+08:00 ][ info ] [ DB ] INIT mysql
[ 2022-03-02T15:33:22+08:00 ][ sql ] [ DB ] CONNECT:[ UseTime:0.001216s ] mysql:host=127.0.0.1;port=3306;dbname=gr_chat;charset=utf8
[ 2022-03-02T15:33:22+08:00 ][ sql ] [ SQL ] SHOW COLUMNS FROM `gr_run_log` [ RunTime:0.000784s ]
[ 2022-03-02T15:33:22+08:00 ][ sql ] [ SQL ] INSERT INTO `gr_run_log` (`controller` , `action` , `input_param` , `add_time` , `update_time`) VALUES ('script_Payment' , 'getPayment' , '{\"action\":\"get_payment\",\"platform\":\"zw\"}' , 1646206402 , 1646206402) [ RunTime:0.001388s ]
[ 2022-03-02T15:33:22+08:00 ][ error ] [0]Parse error: syntax error, unexpected ';', expecting ')'[D:\phpstudy_pro\WWW\new_kefu\common\server\Payment\PaymentServer.php:24]
[ 2022-03-02T15:33:42+08:00 ][ info ] [ LANG ] D:\phpstudy_pro\WWW\new_kefu\thinkphp\lang\zh-cn.php
[ info ] [ LOG ] INIT File
[ 2022-03-02T15:33:42+08:00 ][ info ] [ ROUTE ] array (
  'type' => 'module',
  'module' => 
  array (
    0 => 'scripts',
    1 => 'payment',
    2 => 'run',
  ),
)
[ 2022-03-02T15:33:42+08:00 ][ info ] [ HEADER ] array (
)
[ 2022-03-02T15:33:42+08:00 ][ info ] [ PARAM ] array (
  'g' => 'scripts',
  'm' => 'payment',
  'a' => 'run',
  'p' => 
  array (
    'action' => 'get_payment',
    'platform' => 'zw',
  ),
)
[ 2022-03-02T15:33:42+08:00 ][ info ] [ CACHE ] INIT redis
[ 2022-03-02T15:33:42+08:00 ][ info ] [ RUN ] app\scripts\controller\Payment->run[ D:\phpstudy_pro\WWW\new_kefu\application\scripts\controller\Payment.php ]
[ 2022-03-02T15:33:42+08:00 ][ info ] [ DB ] INIT mysql
[ 2022-03-02T15:33:42+08:00 ][ sql ] [ DB ] CONNECT:[ UseTime:0.001250s ] mysql:host=127.0.0.1;port=3306;dbname=gr_chat;charset=utf8
[ 2022-03-02T15:33:42+08:00 ][ sql ] [ SQL ] SHOW COLUMNS FROM `gr_run_log` [ RunTime:0.001025s ]
[ 2022-03-02T15:33:42+08:00 ][ sql ] [ SQL ] INSERT INTO `gr_run_log` (`controller` , `action` , `input_param` , `add_time` , `update_time`) VALUES ('script_Payment' , 'getPayment' , '{\"action\":\"get_payment\",\"platform\":\"zw\"}' , 1646206422 , 1646206422) [ RunTime:0.001311s ]
[ 2022-03-02T15:33:42+08:00 ][ sql ] [ SQL ] UPDATE `gr_run_log`  SET `out_param`=NULL,`status`=1,`update_time`=1646206422  WHERE  `id` = 166 [ RunTime:0.001621s ]
[ 2022-03-02T15:34:41+08:00 ][ info ] [ LANG ] D:\phpstudy_pro\WWW\new_kefu\thinkphp\lang\zh-cn.php
[ info ] [ LOG ] INIT File
[ 2022-03-02T15:34:41+08:00 ][ info ] [ ROUTE ] array (
  'type' => 'module',
  'module' => 
  array (
    0 => 'scripts',
    1 => 'payment',
    2 => 'run',
  ),
)
[ 2022-03-02T15:34:41+08:00 ][ info ] [ HEADER ] array (
)
[ 2022-03-02T15:34:41+08:00 ][ info ] [ PARAM ] array (
  'g' => 'scripts',
  'm' => 'payment',
  'a' => 'run',
  'p' => 
  array (
    'action' => 'get_payment',
    'platform' => 'zw',
  ),
)
[ 2022-03-02T15:34:41+08:00 ][ info ] [ CACHE ] INIT redis
[ 2022-03-02T15:34:41+08:00 ][ info ] [ RUN ] app\scripts\controller\Payment->run[ D:\phpstudy_pro\WWW\new_kefu\application\scripts\controller\Payment.php ]
[ 2022-03-02T15:34:41+08:00 ][ info ] [ DB ] INIT mysql
[ 2022-03-02T15:34:41+08:00 ][ sql ] [ DB ] CONNECT:[ UseTime:0.001112s ] mysql:host=127.0.0.1;port=3306;dbname=gr_chat;charset=utf8
[ 2022-03-02T15:34:41+08:00 ][ sql ] [ SQL ] SHOW COLUMNS FROM `gr_run_log` [ RunTime:0.000772s ]
[ 2022-03-02T15:34:41+08:00 ][ sql ] [ SQL ] INSERT INTO `gr_run_log` (`controller` , `action` , `input_param` , `add_time` , `update_time`) VALUES ('script_Payment' , 'getPayment' , '{\"action\":\"get_payment\",\"platform\":\"zw\"}' , 1646206481 , 1646206481) [ RunTime:0.001129s ]
[ 2022-03-02T15:34:41+08:00 ][ sql ] [ SQL ] UPDATE `gr_run_log`  SET `out_param`=NULL,`status`=1,`update_time`=1646206481  WHERE  `id` = 167 [ RunTime:0.001285s ]
[ 2022-03-02T15:35:07+08:00 ][ info ] [ LANG ] D:\phpstudy_pro\WWW\new_kefu\thinkphp\lang\zh-cn.php
[ info ] [ LOG ] INIT File
[ 2022-03-02T15:35:07+08:00 ][ info ] [ ROUTE ] array (
  'type' => 'module',
  'module' => 
  array (
    0 => 'scripts',
    1 => 'payment',
    2 => 'run',
  ),
)
[ 2022-03-02T15:35:07+08:00 ][ info ] [ HEADER ] array (
)
[ 2022-03-02T15:35:07+08:00 ][ info ] [ PARAM ] array (
  'g' => 'scripts',
  'm' => 'payment',
  'a' => 'run',
  'p' => 
  array (
    'action' => 'get_payment',
    'platform' => 'zw',
  ),
)
[ 2022-03-02T15:35:07+08:00 ][ info ] [ CACHE ] INIT redis
[ 2022-03-02T15:35:07+08:00 ][ info ] [ RUN ] app\scripts\controller\Payment->run[ D:\phpstudy_pro\WWW\new_kefu\application\scripts\controller\Payment.php ]
[ 2022-03-02T15:35:07+08:00 ][ info ] [ DB ] INIT mysql
[ 2022-03-02T15:35:07+08:00 ][ sql ] [ DB ] CONNECT:[ UseTime:0.001168s ] mysql:host=127.0.0.1;port=3306;dbname=gr_chat;charset=utf8
[ 2022-03-02T15:35:07+08:00 ][ sql ] [ SQL ] SHOW COLUMNS FROM `gr_run_log` [ RunTime:0.000668s ]
[ 2022-03-02T15:35:07+08:00 ][ sql ] [ SQL ] INSERT INTO `gr_run_log` (`controller` , `action` , `input_param` , `add_time` , `update_time`) VALUES ('script_Payment' , 'getPayment' , '{\"action\":\"get_payment\",\"platform\":\"zw\"}' , 1646206507 , 1646206507) [ RunTime:0.001193s ]
[ 2022-03-02T15:35:07+08:00 ][ sql ] [ SQL ] UPDATE `gr_run_log`  SET `out_param`=NULL,`status`=1,`update_time`=1646206507  WHERE  `id` = 168 [ RunTime:0.000983s ]
[ 2022-03-02T15:35:57+08:00 ][ info ] [ LANG ] D:\phpstudy_pro\WWW\new_kefu\thinkphp\lang\zh-cn.php
[ info ] [ LOG ] INIT File
[ 2022-03-02T15:35:57+08:00 ][ info ] [ ROUTE ] array (
  'type' => 'module',
  'module' => 
  array (
    0 => 'scripts',
    1 => 'payment',
    2 => 'run',
  ),
)
[ 2022-03-02T15:35:57+08:00 ][ info ] [ HEADER ] array (
)
[ 2022-03-02T15:35:57+08:00 ][ info ] [ PARAM ] array (
  'g' => 'scripts',
  'm' => 'payment',
  'a' => 'run',
  'p' => 
  array (
    'action' => 'get_payment',
    'platform' => 'zw',
  ),
)
[ 2022-03-02T15:35:57+08:00 ][ info ] [ CACHE ] INIT redis
[ 2022-03-02T15:35:57+08:00 ][ info ] [ RUN ] app\scripts\controller\Payment->run[ D:\phpstudy_pro\WWW\new_kefu\application\scripts\controller\Payment.php ]
[ 2022-03-02T15:35:57+08:00 ][ info ] [ DB ] INIT mysql
[ 2022-03-02T15:35:57+08:00 ][ sql ] [ DB ] CONNECT:[ UseTime:0.001204s ] mysql:host=127.0.0.1;port=3306;dbname=gr_chat;charset=utf8
[ 2022-03-02T15:35:57+08:00 ][ sql ] [ SQL ] SHOW COLUMNS FROM `gr_run_log` [ RunTime:0.002819s ]
[ 2022-03-02T15:35:57+08:00 ][ sql ] [ SQL ] INSERT INTO `gr_run_log` (`controller` , `action` , `input_param` , `add_time` , `update_time`) VALUES ('script_Payment' , 'getPayment' , '{\"action\":\"get_payment\",\"platform\":\"zw\"}' , 1646206557 , 1646206557) [ RunTime:0.001152s ]
[ 2022-03-02T15:35:57+08:00 ][ sql ] [ SQL ] UPDATE `gr_run_log`  SET `out_param`=NULL,`status`=1,`update_time`=1646206557  WHERE  `id` = 169 [ RunTime:0.001729s ]
[ 2022-03-02T15:36:19+08:00 ][ info ] [ LANG ] D:\phpstudy_pro\WWW\new_kefu\thinkphp\lang\zh-cn.php
[ info ] [ LOG ] INIT File
[ 2022-03-02T15:36:19+08:00 ][ info ] [ ROUTE ] array (
  'type' => 'module',
  'module' => 
  array (
    0 => 'scripts',
    1 => 'payment',
    2 => 'run',
  ),
)
[ 2022-03-02T15:36:19+08:00 ][ info ] [ HEADER ] array (
)
[ 2022-03-02T15:36:19+08:00 ][ info ] [ PARAM ] array (
  'g' => 'scripts',
  'm' => 'payment',
  'a' => 'run',
  'p' => 
  array (
    'action' => 'get_payment',
    'platform' => 'zw',
  ),
)
[ 2022-03-02T15:36:19+08:00 ][ info ] [ CACHE ] INIT redis
[ 2022-03-02T15:36:19+08:00 ][ info ] [ RUN ] app\scripts\controller\Payment->run[ D:\phpstudy_pro\WWW\new_kefu\application\scripts\controller\Payment.php ]
[ 2022-03-02T15:36:19+08:00 ][ info ] [ DB ] INIT mysql
[ 2022-03-02T15:36:19+08:00 ][ sql ] [ DB ] CONNECT:[ UseTime:0.001236s ] mysql:host=127.0.0.1;port=3306;dbname=gr_chat;charset=utf8
[ 2022-03-02T15:36:19+08:00 ][ sql ] [ SQL ] SHOW COLUMNS FROM `gr_run_log` [ RunTime:0.000838s ]
[ 2022-03-02T15:36:19+08:00 ][ sql ] [ SQL ] INSERT INTO `gr_run_log` (`controller` , `action` , `input_param` , `add_time` , `update_time`) VALUES ('script_Payment' , 'getPayment' , '{\"action\":\"get_payment\",\"platform\":\"zw\"}' , 1646206579 , 1646206579) [ RunTime:0.001085s ]
[ 2022-03-02T15:36:19+08:00 ][ sql ] [ SQL ] UPDATE `gr_run_log`  SET `out_param`=NULL,`status`=1,`update_time`=1646206579  WHERE  `id` = 170 [ RunTime:0.001022s ]
[ 2022-03-02T15:36:33+08:00 ][ info ] [ LANG ] D:\phpstudy_pro\WWW\new_kefu\thinkphp\lang\zh-cn.php
[ info ] [ LOG ] INIT File
[ 2022-03-02T15:36:33+08:00 ][ info ] [ ROUTE ] array (
  'type' => 'module',
  'module' => 
  array (
    0 => 'scripts',
    1 => 'payment',
    2 => 'run',
  ),
)
[ 2022-03-02T15:36:33+08:00 ][ info ] [ HEADER ] array (
)
[ 2022-03-02T15:36:33+08:00 ][ info ] [ PARAM ] array (
  'g' => 'scripts',
  'm' => 'payment',
  'a' => 'run',
  'p' => 
  array (
    'action' => 'get_payment',
    'platform' => 'zw',
  ),
)
[ 2022-03-02T15:36:33+08:00 ][ info ] [ CACHE ] INIT redis
[ 2022-03-02T15:36:33+08:00 ][ info ] [ RUN ] app\scripts\controller\Payment->run[ D:\phpstudy_pro\WWW\new_kefu\application\scripts\controller\Payment.php ]
[ 2022-03-02T15:36:33+08:00 ][ info ] [ DB ] INIT mysql
[ 2022-03-02T15:36:33+08:00 ][ sql ] [ DB ] CONNECT:[ UseTime:0.001163s ] mysql:host=127.0.0.1;port=3306;dbname=gr_chat;charset=utf8
[ 2022-03-02T15:36:33+08:00 ][ sql ] [ SQL ] SHOW COLUMNS FROM `gr_run_log` [ RunTime:0.002393s ]
[ 2022-03-02T15:36:33+08:00 ][ sql ] [ SQL ] INSERT INTO `gr_run_log` (`controller` , `action` , `input_param` , `add_time` , `update_time`) VALUES ('script_Payment' , 'getPayment' , '{\"action\":\"get_payment\",\"platform\":\"zw\"}' , 1646206593 , 1646206593) [ RunTime:0.001531s ]
[ 2022-03-02T15:36:57+08:00 ][ info ] [ LANG ] D:\phpstudy_pro\WWW\new_kefu\thinkphp\lang\zh-cn.php
[ info ] [ LOG ] INIT File
[ 2022-03-02T15:36:57+08:00 ][ info ] [ ROUTE ] array (
  'type' => 'module',
  'module' => 
  array (
    0 => 'scripts',
    1 => 'payment',
    2 => 'run',
  ),
)
[ 2022-03-02T15:36:57+08:00 ][ info ] [ HEADER ] array (
)
[ 2022-03-02T15:36:57+08:00 ][ info ] [ PARAM ] array (
  'g' => 'scripts',
  'm' => 'payment',
  'a' => 'run',
  'p' => 
  array (
    'action' => 'get_payment',
    'platform' => 'zw',
  ),
)
[ 2022-03-02T15:36:57+08:00 ][ info ] [ CACHE ] INIT redis
[ 2022-03-02T15:36:57+08:00 ][ info ] [ RUN ] app\scripts\controller\Payment->run[ D:\phpstudy_pro\WWW\new_kefu\application\scripts\controller\Payment.php ]
[ 2022-03-02T15:36:57+08:00 ][ info ] [ DB ] INIT mysql
[ 2022-03-02T15:36:57+08:00 ][ sql ] [ DB ] CONNECT:[ UseTime:0.001140s ] mysql:host=127.0.0.1;port=3306;dbname=gr_chat;charset=utf8
[ 2022-03-02T15:36:57+08:00 ][ sql ] [ SQL ] SHOW COLUMNS FROM `gr_run_log` [ RunTime:0.000662s ]
[ 2022-03-02T15:36:57+08:00 ][ sql ] [ SQL ] INSERT INTO `gr_run_log` (`controller` , `action` , `input_param` , `add_time` , `update_time`) VALUES ('script_Payment' , 'getPayment' , '{\"action\":\"get_payment\",\"platform\":\"zw\"}' , 1646206617 , 1646206617) [ RunTime:0.001133s ]
[ 2022-03-02T15:37:06+08:00 ][ info ] [ LANG ] D:\phpstudy_pro\WWW\new_kefu\thinkphp\lang\zh-cn.php
[ info ] [ LOG ] INIT File
[ 2022-03-02T15:37:06+08:00 ][ info ] [ ROUTE ] array (
  'type' => 'module',
  'module' => 
  array (
    0 => 'scripts',
    1 => 'payment',
    2 => 'run',
  ),
)
[ 2022-03-02T15:37:06+08:00 ][ info ] [ HEADER ] array (
)
[ 2022-03-02T15:37:06+08:00 ][ info ] [ PARAM ] array (
  'g' => 'scripts',
  'm' => 'payment',
  'a' => 'run',
  'p' => 
  array (
    'action' => 'get_payment',
    'platform' => 'zw',
  ),
)
[ 2022-03-02T15:37:06+08:00 ][ info ] [ CACHE ] INIT redis
[ 2022-03-02T15:37:06+08:00 ][ info ] [ RUN ] app\scripts\controller\Payment->run[ D:\phpstudy_pro\WWW\new_kefu\application\scripts\controller\Payment.php ]
[ 2022-03-02T15:37:06+08:00 ][ info ] [ DB ] INIT mysql
[ 2022-03-02T15:37:06+08:00 ][ sql ] [ DB ] CONNECT:[ UseTime:0.001219s ] mysql:host=127.0.0.1;port=3306;dbname=gr_chat;charset=utf8
[ 2022-03-02T15:37:06+08:00 ][ sql ] [ SQL ] SHOW COLUMNS FROM `gr_run_log` [ RunTime:0.000637s ]
[ 2022-03-02T15:37:06+08:00 ][ sql ] [ SQL ] INSERT INTO `gr_run_log` (`controller` , `action` , `input_param` , `add_time` , `update_time`) VALUES ('script_Payment' , 'getPayment' , '{\"action\":\"get_payment\",\"platform\":\"zw\"}' , 1646206626 , 1646206626) [ RunTime:0.001096s ]
[ 2022-03-02T15:37:06+08:00 ][ error ] [8192]Non-static method common\server\Payment\PaymentServer::getData() should not be called statically[D:\phpstudy_pro\WWW\new_kefu\common\server\Payment\PaymentServer.php:48]
[ 2022-03-02T15:37:30+08:00 ][ info ] [ LANG ] D:\phpstudy_pro\WWW\new_kefu\thinkphp\lang\zh-cn.php
[ info ] [ LOG ] INIT File
[ 2022-03-02T15:37:30+08:00 ][ info ] [ ROUTE ] array (
  'type' => 'module',
  'module' => 
  array (
    0 => 'scripts',
    1 => 'payment',
    2 => 'run',
  ),
)
[ 2022-03-02T15:37:30+08:00 ][ info ] [ HEADER ] array (
)
[ 2022-03-02T15:37:30+08:00 ][ info ] [ PARAM ] array (
  'g' => 'scripts',
  'm' => 'payment',
  'a' => 'run',
  'p' => 
  array (
    'action' => 'get_payment',
    'platform' => 'zw',
  ),
)
[ 2022-03-02T15:37:30+08:00 ][ info ] [ CACHE ] INIT redis
[ 2022-03-02T15:37:30+08:00 ][ info ] [ RUN ] app\scripts\controller\Payment->run[ D:\phpstudy_pro\WWW\new_kefu\application\scripts\controller\Payment.php ]
[ 2022-03-02T15:37:30+08:00 ][ info ] [ DB ] INIT mysql
[ 2022-03-02T15:37:30+08:00 ][ sql ] [ DB ] CONNECT:[ UseTime:0.001160s ] mysql:host=127.0.0.1;port=3306;dbname=gr_chat;charset=utf8
[ 2022-03-02T15:37:30+08:00 ][ sql ] [ SQL ] SHOW COLUMNS FROM `gr_run_log` [ RunTime:0.000710s ]
[ 2022-03-02T15:37:30+08:00 ][ sql ] [ SQL ] INSERT INTO `gr_run_log` (`controller` , `action` , `input_param` , `add_time` , `update_time`) VALUES ('script_Payment' , 'getPayment' , '{\"action\":\"get_payment\",\"platform\":\"zw\"}' , 1646206650 , 1646206650) [ RunTime:0.001106s ]
[ 2022-03-02T15:51:02+08:00 ][ info ] [ LANG ] D:\phpstudy_pro\WWW\new_kefu\thinkphp\lang\zh-cn.php
[ info ] [ LOG ] INIT File
[ 2022-03-02T15:51:02+08:00 ][ info ] [ ROUTE ] array (
  'type' => 'module',
  'module' => 
  array (
    0 => 'scripts',
    1 => 'payment',
    2 => 'run',
  ),
)
[ 2022-03-02T15:51:02+08:00 ][ info ] [ HEADER ] array (
)
[ 2022-03-02T15:51:02+08:00 ][ info ] [ PARAM ] array (
  'g' => 'scripts',
  'm' => 'payment',
  'a' => 'run',
  'p' => 
  array (
    'action' => 'get_payment',
    'platform' => 'zw',
  ),
)
[ 2022-03-02T15:51:02+08:00 ][ info ] [ CACHE ] INIT redis
[ 2022-03-02T15:51:02+08:00 ][ info ] [ RUN ] app\scripts\controller\Payment->run[ D:\phpstudy_pro\WWW\new_kefu\application\scripts\controller\Payment.php ]
[ 2022-03-02T15:51:02+08:00 ][ info ] [ DB ] INIT mysql
[ 2022-03-02T15:51:02+08:00 ][ sql ] [ DB ] CONNECT:[ UseTime:0.011350s ] mysql:host=127.0.0.1;port=3306;dbname=gr_chat;charset=utf8
[ 2022-03-02T15:51:03+08:00 ][ sql ] [ SQL ] SHOW COLUMNS FROM `gr_run_log` [ RunTime:0.000975s ]
[ 2022-03-02T15:51:03+08:00 ][ sql ] [ SQL ] INSERT INTO `gr_run_log` (`controller` , `action` , `input_param` , `add_time` , `update_time`) VALUES ('script_Payment' , 'getPayment' , '{\"action\":\"get_payment\",\"platform\":\"zw\"}' , 1646207462 , 1646207462) [ RunTime:0.001320s ]
[ 2022-03-02T15:57:09+08:00 ][ info ] [ LANG ] D:\phpstudy_pro\WWW\new_kefu\thinkphp\lang\zh-cn.php
[ info ] [ LOG ] INIT File
[ 2022-03-02T15:57:09+08:00 ][ info ] [ ROUTE ] array (
  'type' => 'module',
  'module' => 
  array (
    0 => 'scripts',
    1 => 'payment',
    2 => 'run',
  ),
)
[ 2022-03-02T15:57:09+08:00 ][ info ] [ HEADER ] array (
)
[ 2022-03-02T15:57:09+08:00 ][ info ] [ PARAM ] array (
  'g' => 'scripts',
  'm' => 'payment',
  'a' => 'run',
  'p' => 
  array (
    'action' => 'get_payment',
    'platform' => 'zw',
  ),
)
[ 2022-03-02T15:57:09+08:00 ][ info ] [ CACHE ] INIT redis
[ 2022-03-02T15:57:09+08:00 ][ info ] [ RUN ] app\scripts\controller\Payment->run[ D:\phpstudy_pro\WWW\new_kefu\application\scripts\controller\Payment.php ]
[ 2022-03-02T15:57:09+08:00 ][ info ] [ DB ] INIT mysql
[ 2022-03-02T15:57:09+08:00 ][ sql ] [ DB ] CONNECT:[ UseTime:0.001365s ] mysql:host=127.0.0.1;port=3306;dbname=gr_chat;charset=utf8
[ 2022-03-02T15:57:09+08:00 ][ sql ] [ SQL ] SHOW COLUMNS FROM `gr_run_log` [ RunTime:0.000912s ]
[ 2022-03-02T15:57:09+08:00 ][ sql ] [ SQL ] INSERT INTO `gr_run_log` (`controller` , `action` , `input_param` , `add_time` , `update_time`) VALUES ('script_Payment' , 'getPayment' , '{\"action\":\"get_payment\",\"platform\":\"zw\"}' , 1646207829 , 1646207829) [ RunTime:0.001160s ]
[ 2022-03-02T16:00:27+08:00 ][ info ] [ LANG ] D:\phpstudy_pro\WWW\new_kefu\thinkphp\lang\zh-cn.php
[ info ] [ LOG ] INIT File
[ 2022-03-02T16:00:27+08:00 ][ info ] [ ROUTE ] array (
  'type' => 'module',
  'module' => 
  array (
    0 => 'scripts',
    1 => 'payment',
    2 => 'run',
  ),
)
[ 2022-03-02T16:00:27+08:00 ][ info ] [ HEADER ] array (
)
[ 2022-03-02T16:00:27+08:00 ][ info ] [ PARAM ] array (
  'g' => 'scripts',
  'm' => 'payment',
  'a' => 'run',
  'p' => 
  array (
    'action' => 'get_payment',
    'platform' => 'zw',
  ),
)
[ 2022-03-02T16:00:27+08:00 ][ info ] [ CACHE ] INIT redis
[ 2022-03-02T16:00:27+08:00 ][ info ] [ RUN ] app\scripts\controller\Payment->run[ D:\phpstudy_pro\WWW\new_kefu\application\scripts\controller\Payment.php ]
[ 2022-03-02T16:00:27+08:00 ][ info ] [ DB ] INIT mysql
[ 2022-03-02T16:00:27+08:00 ][ sql ] [ DB ] CONNECT:[ UseTime:0.001280s ] mysql:host=127.0.0.1;port=3306;dbname=gr_chat;charset=utf8
[ 2022-03-02T16:00:27+08:00 ][ sql ] [ SQL ] SHOW COLUMNS FROM `gr_run_log` [ RunTime:0.000870s ]
[ 2022-03-02T16:00:27+08:00 ][ sql ] [ SQL ] INSERT INTO `gr_run_log` (`controller` , `action` , `input_param` , `add_time` , `update_time`) VALUES ('script_Payment' , 'getPayment' , '{\"action\":\"get_payment\",\"platform\":\"zw\"}' , 1646208027 , 1646208027) [ RunTime:0.001049s ]
[ 2022-03-02T16:00:37+08:00 ][ info ] [ LANG ] D:\phpstudy_pro\WWW\new_kefu\thinkphp\lang\zh-cn.php
[ info ] [ LOG ] INIT File
[ 2022-03-02T16:00:37+08:00 ][ info ] [ ROUTE ] array (
  'type' => 'module',
  'module' => 
  array (
    0 => 'scripts',
    1 => 'payment',
    2 => 'run',
  ),
)
[ 2022-03-02T16:00:37+08:00 ][ info ] [ HEADER ] array (
)
[ 2022-03-02T16:00:37+08:00 ][ info ] [ PARAM ] array (
  'g' => 'scripts',
  'm' => 'payment',
  'a' => 'run',
  'p' => 
  array (
    'action' => 'get_payment',
    'platform' => 'zw',
  ),
)
[ 2022-03-02T16:00:37+08:00 ][ info ] [ CACHE ] INIT redis
[ 2022-03-02T16:00:37+08:00 ][ info ] [ RUN ] app\scripts\controller\Payment->run[ D:\phpstudy_pro\WWW\new_kefu\application\scripts\controller\Payment.php ]
[ 2022-03-02T16:00:37+08:00 ][ info ] [ DB ] INIT mysql
[ 2022-03-02T16:00:37+08:00 ][ sql ] [ DB ] CONNECT:[ UseTime:0.001201s ] mysql:host=127.0.0.1;port=3306;dbname=gr_chat;charset=utf8
[ 2022-03-02T16:00:37+08:00 ][ sql ] [ SQL ] SHOW COLUMNS FROM `gr_run_log` [ RunTime:0.000638s ]
[ 2022-03-02T16:00:37+08:00 ][ sql ] [ SQL ] INSERT INTO `gr_run_log` (`controller` , `action` , `input_param` , `add_time` , `update_time`) VALUES ('script_Payment' , 'getPayment' , '{\"action\":\"get_payment\",\"platform\":\"zw\"}' , 1646208037 , 1646208037) [ RunTime:0.001255s ]
[ 2022-03-02T16:00:37+08:00 ][ error ] [8192]Non-static method common\server\Payment\PaymentServer::insertPaymentData() should not be called statically[D:\phpstudy_pro\WWW\new_kefu\common\server\Payment\PaymentServer.php:51]
[ 2022-03-02T16:01:25+08:00 ][ info ] [ LANG ] D:\phpstudy_pro\WWW\new_kefu\thinkphp\lang\zh-cn.php
[ info ] [ LOG ] INIT File
[ 2022-03-02T16:01:25+08:00 ][ info ] [ ROUTE ] array (
  'type' => 'module',
  'module' => 
  array (
    0 => 'scripts',
    1 => 'payment',
    2 => 'run',
  ),
)
[ 2022-03-02T16:01:25+08:00 ][ info ] [ HEADER ] array (
)
[ 2022-03-02T16:01:25+08:00 ][ info ] [ PARAM ] array (
  'g' => 'scripts',
  'm' => 'payment',
  'a' => 'run',
  'p' => 
  array (
    'action' => 'get_payment',
    'platform' => 'zw',
  ),
)
[ 2022-03-02T16:01:25+08:00 ][ info ] [ CACHE ] INIT redis
[ 2022-03-02T16:01:25+08:00 ][ info ] [ RUN ] app\scripts\controller\Payment->run[ D:\phpstudy_pro\WWW\new_kefu\application\scripts\controller\Payment.php ]
[ 2022-03-02T16:01:25+08:00 ][ info ] [ DB ] INIT mysql
[ 2022-03-02T16:01:25+08:00 ][ sql ] [ DB ] CONNECT:[ UseTime:0.001220s ] mysql:host=127.0.0.1;port=3306;dbname=gr_chat;charset=utf8
[ 2022-03-02T16:01:25+08:00 ][ sql ] [ SQL ] SHOW COLUMNS FROM `gr_run_log` [ RunTime:0.000667s ]
[ 2022-03-02T16:01:25+08:00 ][ sql ] [ SQL ] INSERT INTO `gr_run_log` (`controller` , `action` , `input_param` , `add_time` , `update_time`) VALUES ('script_Payment' , 'getPayment' , '{\"action\":\"get_payment\",\"platform\":\"zw\"}' , 1646208085 , 1646208085) [ RunTime:0.000931s ]
[ 2022-03-02T16:01:25+08:00 ][ sql ] [ SQL ] UPDATE `gr_run_log`  SET `out_param`=NULL,`status`=1,`update_time`=1646208085  WHERE  `id` = 179 [ RunTime:0.001189s ]
[ 2022-03-02T16:02:34+08:00 ][ info ] [ LANG ] D:\phpstudy_pro\WWW\new_kefu\thinkphp\lang\zh-cn.php
[ info ] [ LOG ] INIT File
[ 2022-03-02T16:02:34+08:00 ][ info ] [ ROUTE ] array (
  'type' => 'module',
  'module' => 
  array (
    0 => 'scripts',
    1 => 'payment',
    2 => 'run',
  ),
)
[ 2022-03-02T16:02:34+08:00 ][ info ] [ HEADER ] array (
)
[ 2022-03-02T16:02:34+08:00 ][ info ] [ PARAM ] array (
  'g' => 'scripts',
  'm' => 'payment',
  'a' => 'run',
  'p' => 
  array (
    'action' => 'get_payment',
    'platform' => 'zw',
  ),
)
[ 2022-03-02T16:02:34+08:00 ][ info ] [ CACHE ] INIT redis
[ 2022-03-02T16:02:34+08:00 ][ info ] [ RUN ] app\scripts\controller\Payment->run[ D:\phpstudy_pro\WWW\new_kefu\application\scripts\controller\Payment.php ]
[ 2022-03-02T16:02:34+08:00 ][ info ] [ DB ] INIT mysql
[ 2022-03-02T16:02:34+08:00 ][ sql ] [ DB ] CONNECT:[ UseTime:0.001117s ] mysql:host=127.0.0.1;port=3306;dbname=gr_chat;charset=utf8
[ 2022-03-02T16:02:34+08:00 ][ sql ] [ SQL ] SHOW COLUMNS FROM `gr_run_log` [ RunTime:0.000737s ]
[ 2022-03-02T16:02:34+08:00 ][ sql ] [ SQL ] INSERT INTO `gr_run_log` (`controller` , `action` , `input_param` , `add_time` , `update_time`) VALUES ('script_Payment' , 'getPayment' , '{\"action\":\"get_payment\",\"platform\":\"zw\"}' , 1646208154 , 1646208154) [ RunTime:0.001183s ]
[ 2022-03-02T16:03:06+08:00 ][ info ] [ LANG ] D:\phpstudy_pro\WWW\new_kefu\thinkphp\lang\zh-cn.php
[ info ] [ LOG ] INIT File
[ 2022-03-02T16:03:06+08:00 ][ info ] [ ROUTE ] array (
  'type' => 'module',
  'module' => 
  array (
    0 => 'scripts',
    1 => 'payment',
    2 => 'run',
  ),
)
[ 2022-03-02T16:03:06+08:00 ][ info ] [ HEADER ] array (
)
[ 2022-03-02T16:03:06+08:00 ][ info ] [ PARAM ] array (
  'g' => 'scripts',
  'm' => 'payment',
  'a' => 'run',
  'p' => 
  array (
    'action' => 'get_payment',
    'platform' => 'zw',
  ),
)
[ 2022-03-02T16:03:06+08:00 ][ info ] [ CACHE ] INIT redis
[ 2022-03-02T16:03:06+08:00 ][ info ] [ RUN ] app\scripts\controller\Payment->run[ D:\phpstudy_pro\WWW\new_kefu\application\scripts\controller\Payment.php ]
[ 2022-03-02T16:03:06+08:00 ][ info ] [ DB ] INIT mysql
[ 2022-03-02T16:03:06+08:00 ][ sql ] [ DB ] CONNECT:[ UseTime:0.001138s ] mysql:host=127.0.0.1;port=3306;dbname=gr_chat;charset=utf8
[ 2022-03-02T16:03:06+08:00 ][ sql ] [ SQL ] SHOW COLUMNS FROM `gr_run_log` [ RunTime:0.000759s ]
[ 2022-03-02T16:03:06+08:00 ][ sql ] [ SQL ] INSERT INTO `gr_run_log` (`controller` , `action` , `input_param` , `add_time` , `update_time`) VALUES ('script_Payment' , 'getPayment' , '{\"action\":\"get_payment\",\"platform\":\"zw\"}' , 1646208186 , 1646208186) [ RunTime:0.001631s ]
[ 2022-03-02T16:03:43+08:00 ][ info ] [ LANG ] D:\phpstudy_pro\WWW\new_kefu\thinkphp\lang\zh-cn.php
[ info ] [ LOG ] INIT File
[ 2022-03-02T16:03:43+08:00 ][ info ] [ ROUTE ] array (
  'type' => 'module',
  'module' => 
  array (
    0 => 'scripts',
    1 => 'payment',
    2 => 'run',
  ),
)
[ 2022-03-02T16:03:43+08:00 ][ info ] [ HEADER ] array (
)
[ 2022-03-02T16:03:43+08:00 ][ info ] [ PARAM ] array (
  'g' => 'scripts',
  'm' => 'payment',
  'a' => 'run',
  'p' => 
  array (
    'action' => 'get_payment',
    'platform' => 'zw',
  ),
)
[ 2022-03-02T16:03:43+08:00 ][ info ] [ CACHE ] INIT redis
[ 2022-03-02T16:03:43+08:00 ][ info ] [ RUN ] app\scripts\controller\Payment->run[ D:\phpstudy_pro\WWW\new_kefu\application\scripts\controller\Payment.php ]
[ 2022-03-02T16:03:43+08:00 ][ info ] [ DB ] INIT mysql
[ 2022-03-02T16:03:43+08:00 ][ sql ] [ DB ] CONNECT:[ UseTime:0.001066s ] mysql:host=127.0.0.1;port=3306;dbname=gr_chat;charset=utf8
[ 2022-03-02T16:03:43+08:00 ][ sql ] [ SQL ] SHOW COLUMNS FROM `gr_run_log` [ RunTime:0.000645s ]
[ 2022-03-02T16:03:43+08:00 ][ sql ] [ SQL ] INSERT INTO `gr_run_log` (`controller` , `action` , `input_param` , `add_time` , `update_time`) VALUES ('script_Payment' , 'getPayment' , '{\"action\":\"get_payment\",\"platform\":\"zw\"}' , 1646208223 , 1646208223) [ RunTime:0.001578s ]
[ 2022-03-02T16:04:54+08:00 ][ info ] [ LANG ] D:\phpstudy_pro\WWW\new_kefu\thinkphp\lang\zh-cn.php
[ info ] [ LOG ] INIT File
[ 2022-03-02T16:04:54+08:00 ][ info ] [ ROUTE ] array (
  'type' => 'module',
  'module' => 
  array (
    0 => 'scripts',
    1 => 'payment',
    2 => 'run',
  ),
)
[ 2022-03-02T16:04:54+08:00 ][ info ] [ HEADER ] array (
)
[ 2022-03-02T16:04:54+08:00 ][ info ] [ PARAM ] array (
  'g' => 'scripts',
  'm' => 'payment',
  'a' => 'run',
  'p' => 
  array (
    'action' => 'get_payment',
    'platform' => 'zw',
  ),
)
[ 2022-03-02T16:04:54+08:00 ][ info ] [ CACHE ] INIT redis
[ 2022-03-02T16:04:54+08:00 ][ info ] [ RUN ] app\scripts\controller\Payment->run[ D:\phpstudy_pro\WWW\new_kefu\application\scripts\controller\Payment.php ]
[ 2022-03-02T16:04:54+08:00 ][ info ] [ DB ] INIT mysql
[ 2022-03-02T16:04:54+08:00 ][ sql ] [ DB ] CONNECT:[ UseTime:0.001133s ] mysql:host=127.0.0.1;port=3306;dbname=gr_chat;charset=utf8
[ 2022-03-02T16:04:54+08:00 ][ sql ] [ SQL ] SHOW COLUMNS FROM `gr_run_log` [ RunTime:0.000736s ]
[ 2022-03-02T16:04:54+08:00 ][ sql ] [ SQL ] INSERT INTO `gr_run_log` (`controller` , `action` , `input_param` , `add_time` , `update_time`) VALUES ('script_Payment' , 'getPayment' , '{\"action\":\"get_payment\",\"platform\":\"zw\"}' , 1646208294 , 1646208294) [ RunTime:0.002108s ]
[ 2022-03-02T16:05:53+08:00 ][ info ] [ LANG ] D:\phpstudy_pro\WWW\new_kefu\thinkphp\lang\zh-cn.php
[ info ] [ LOG ] INIT File
[ 2022-03-02T16:05:53+08:00 ][ info ] [ ROUTE ] array (
  'type' => 'module',
  'module' => 
  array (
    0 => 'scripts',
    1 => 'payment',
    2 => 'run',
  ),
)
[ 2022-03-02T16:05:53+08:00 ][ info ] [ HEADER ] array (
)
[ 2022-03-02T16:05:53+08:00 ][ info ] [ PARAM ] array (
  'g' => 'scripts',
  'm' => 'payment',
  'a' => 'run',
  'p' => 
  array (
    'action' => 'get_payment',
    'platform' => 'zw',
  ),
)
[ 2022-03-02T16:05:53+08:00 ][ info ] [ CACHE ] INIT redis
[ 2022-03-02T16:05:53+08:00 ][ info ] [ RUN ] app\scripts\controller\Payment->run[ D:\phpstudy_pro\WWW\new_kefu\application\scripts\controller\Payment.php ]
[ 2022-03-02T16:05:53+08:00 ][ info ] [ DB ] INIT mysql
[ 2022-03-02T16:05:53+08:00 ][ sql ] [ DB ] CONNECT:[ UseTime:0.001252s ] mysql:host=127.0.0.1;port=3306;dbname=gr_chat;charset=utf8
[ 2022-03-02T16:05:53+08:00 ][ sql ] [ SQL ] SHOW COLUMNS FROM `gr_run_log` [ RunTime:0.000760s ]
[ 2022-03-02T16:05:53+08:00 ][ sql ] [ SQL ] INSERT INTO `gr_run_log` (`controller` , `action` , `input_param` , `add_time` , `update_time`) VALUES ('script_Payment' , 'getPayment' , '{\"action\":\"get_payment\",\"platform\":\"zw\"}' , 1646208353 , 1646208353) [ RunTime:0.001120s ]
[ 2022-03-02T16:06:16+08:00 ][ info ] [ LANG ] D:\phpstudy_pro\WWW\new_kefu\thinkphp\lang\zh-cn.php
[ info ] [ LOG ] INIT File
[ 2022-03-02T16:06:16+08:00 ][ info ] [ ROUTE ] array (
  'type' => 'module',
  'module' => 
  array (
    0 => 'scripts',
    1 => 'payment',
    2 => 'run',
  ),
)
[ 2022-03-02T16:06:16+08:00 ][ info ] [ HEADER ] array (
)
[ 2022-03-02T16:06:16+08:00 ][ info ] [ PARAM ] array (
  'g' => 'scripts',
  'm' => 'payment',
  'a' => 'run',
  'p' => 
  array (
    'action' => 'get_payment',
    'platform' => 'zw',
  ),
)
[ 2022-03-02T16:06:16+08:00 ][ info ] [ CACHE ] INIT redis
[ 2022-03-02T16:06:16+08:00 ][ info ] [ RUN ] app\scripts\controller\Payment->run[ D:\phpstudy_pro\WWW\new_kefu\application\scripts\controller\Payment.php ]
[ 2022-03-02T16:06:16+08:00 ][ info ] [ DB ] INIT mysql
[ 2022-03-02T16:06:16+08:00 ][ sql ] [ DB ] CONNECT:[ UseTime:0.001127s ] mysql:host=127.0.0.1;port=3306;dbname=gr_chat;charset=utf8
[ 2022-03-02T16:06:16+08:00 ][ sql ] [ SQL ] SHOW COLUMNS FROM `gr_run_log` [ RunTime:0.000706s ]
[ 2022-03-02T16:06:16+08:00 ][ sql ] [ SQL ] INSERT INTO `gr_run_log` (`controller` , `action` , `input_param` , `add_time` , `update_time`) VALUES ('script_Payment' , 'getPayment' , '{\"action\":\"get_payment\",\"platform\":\"zw\"}' , 1646208376 , 1646208376) [ RunTime:0.001098s ]
[ 2022-03-02T16:06:17+08:00 ][ error ] [0]Fatal error: Class 'common\sql_server\payment' not found[D:\phpstudy_pro\WWW\new_kefu\common\server\Payment\PaymentServer.php:75]
[ 2022-03-02T16:07:29+08:00 ][ info ] [ LANG ] D:\phpstudy_pro\WWW\new_kefu\thinkphp\lang\zh-cn.php
[ info ] [ LOG ] INIT File
[ 2022-03-02T16:07:29+08:00 ][ info ] [ ROUTE ] array (
  'type' => 'module',
  'module' => 
  array (
    0 => 'scripts',
    1 => 'payment',
    2 => 'run',
  ),
)
[ 2022-03-02T16:07:29+08:00 ][ info ] [ HEADER ] array (
)
[ 2022-03-02T16:07:29+08:00 ][ info ] [ PARAM ] array (
  'g' => 'scripts',
  'm' => 'payment',
  'a' => 'run',
  'p' => 
  array (
    'action' => 'get_payment',
    'platform' => 'zw',
  ),
)
[ 2022-03-02T16:07:29+08:00 ][ info ] [ CACHE ] INIT redis
[ 2022-03-02T16:07:29+08:00 ][ info ] [ RUN ] app\scripts\controller\Payment->run[ D:\phpstudy_pro\WWW\new_kefu\application\scripts\controller\Payment.php ]
[ 2022-03-02T16:07:29+08:00 ][ info ] [ DB ] INIT mysql
[ 2022-03-02T16:07:29+08:00 ][ sql ] [ DB ] CONNECT:[ UseTime:0.001207s ] mysql:host=127.0.0.1;port=3306;dbname=gr_chat;charset=utf8
[ 2022-03-02T16:07:29+08:00 ][ sql ] [ SQL ] SHOW COLUMNS FROM `gr_run_log` [ RunTime:0.000752s ]
[ 2022-03-02T16:07:29+08:00 ][ sql ] [ SQL ] INSERT INTO `gr_run_log` (`controller` , `action` , `input_param` , `add_time` , `update_time`) VALUES ('script_Payment' , 'getPayment' , '{\"action\":\"get_payment\",\"platform\":\"zw\"}' , 1646208449 , 1646208449) [ RunTime:0.001232s ]
[ 2022-03-02T16:07:30+08:00 ][ info ] [ DB ] INIT mysql
[ 2022-03-02T16:07:30+08:00 ][ sql ] [ SQL ] UPDATE `gr_run_log`  SET `out_param`=NULL,`status`=1,`update_time`=1646208450  WHERE  `id` = 186 [ RunTime:0.001453s ]
[ 2022-03-02T16:07:57+08:00 ][ info ] [ LANG ] D:\phpstudy_pro\WWW\new_kefu\thinkphp\lang\zh-cn.php
[ info ] [ LOG ] INIT File
[ 2022-03-02T16:07:57+08:00 ][ info ] [ ROUTE ] array (
  'type' => 'module',
  'module' => 
  array (
    0 => 'scripts',
    1 => 'payment',
    2 => 'run',
  ),
)
[ 2022-03-02T16:07:57+08:00 ][ info ] [ HEADER ] array (
)
[ 2022-03-02T16:07:57+08:00 ][ info ] [ PARAM ] array (
  'g' => 'scripts',
  'm' => 'payment',
  'a' => 'run',
  'p' => 
  array (
    'action' => 'get_payment',
    'platform' => 'zw',
  ),
)
[ 2022-03-02T16:07:58+08:00 ][ info ] [ CACHE ] INIT redis
[ 2022-03-02T16:07:58+08:00 ][ info ] [ RUN ] app\scripts\controller\Payment->run[ D:\phpstudy_pro\WWW\new_kefu\application\scripts\controller\Payment.php ]
[ 2022-03-02T16:07:58+08:00 ][ info ] [ DB ] INIT mysql
[ 2022-03-02T16:07:58+08:00 ][ sql ] [ DB ] CONNECT:[ UseTime:0.001125s ] mysql:host=127.0.0.1;port=3306;dbname=gr_chat;charset=utf8
[ 2022-03-02T16:07:58+08:00 ][ sql ] [ SQL ] SHOW COLUMNS FROM `gr_run_log` [ RunTime:0.000609s ]
[ 2022-03-02T16:07:58+08:00 ][ sql ] [ SQL ] INSERT INTO `gr_run_log` (`controller` , `action` , `input_param` , `add_time` , `update_time`) VALUES ('script_Payment' , 'getPayment' , '{\"action\":\"get_payment\",\"platform\":\"zw\"}' , 1646208478 , 1646208478) [ RunTime:0.000909s ]
[ 2022-03-02T16:09:29+08:00 ][ info ] [ LANG ] D:\phpstudy_pro\WWW\new_kefu\thinkphp\lang\zh-cn.php
[ info ] [ LOG ] INIT File
[ 2022-03-02T16:09:29+08:00 ][ info ] [ ROUTE ] array (
  'type' => 'module',
  'module' => 
  array (
    0 => 'scripts',
    1 => 'payment',
    2 => 'run',
  ),
)
[ 2022-03-02T16:09:29+08:00 ][ info ] [ HEADER ] array (
)
[ 2022-03-02T16:09:29+08:00 ][ info ] [ PARAM ] array (
  'g' => 'scripts',
  'm' => 'payment',
  'a' => 'run',
  'p' => 
  array (
    'action' => 'get_payment',
    'platform' => 'zw',
  ),
)
[ 2022-03-02T16:09:29+08:00 ][ info ] [ CACHE ] INIT redis
[ 2022-03-02T16:09:29+08:00 ][ info ] [ RUN ] app\scripts\controller\Payment->run[ D:\phpstudy_pro\WWW\new_kefu\application\scripts\controller\Payment.php ]
[ 2022-03-02T16:09:29+08:00 ][ info ] [ DB ] INIT mysql
[ 2022-03-02T16:09:29+08:00 ][ sql ] [ DB ] CONNECT:[ UseTime:0.001303s ] mysql:host=127.0.0.1;port=3306;dbname=gr_chat;charset=utf8
[ 2022-03-02T16:09:29+08:00 ][ sql ] [ SQL ] SHOW COLUMNS FROM `gr_run_log` [ RunTime:0.000700s ]
[ 2022-03-02T16:09:29+08:00 ][ sql ] [ SQL ] INSERT INTO `gr_run_log` (`controller` , `action` , `input_param` , `add_time` , `update_time`) VALUES ('script_Payment' , 'getPayment' , '{\"action\":\"get_payment\",\"platform\":\"zw\"}' , 1646208569 , 1646208569) [ RunTime:0.001006s ]
[ 2022-03-02T16:09:29+08:00 ][ info ] [ DB ] INIT mysql
[ 2022-03-02T16:09:29+08:00 ][ sql ] [ SQL ] UPDATE `gr_run_log`  SET `out_param`=NULL,`status`=1,`update_time`=1646208569  WHERE  `id` = 188 [ RunTime:0.001456s ]
[ 2022-03-02T18:21:08+08:00 ][ info ] [ LANG ] D:\phpstudy_pro\WWW\new_kefu\thinkphp\lang\zh-cn.php
[ info ] [ LOG ] INIT File
[ 2022-03-02T18:21:08+08:00 ][ info ] [ ROUTE ] array (
  'type' => 'module',
  'module' => 
  array (
    0 => 'scripts',
    1 => 'platformChannelingo',
    2 => 'run',
  ),
)
[ 2022-03-02T18:21:08+08:00 ][ info ] [ HEADER ] array (
)
[ 2022-03-02T18:21:08+08:00 ][ info ] [ PARAM ] array (
  'g' => 'scripts',
  'm' => 'platformChannelingo',
  'a' => 'run',
  'p' => 
  array (
    'action' => 'platform_channel_info',
    'platform' => 'zw',
  ),
)
