[ 2022-03-03T10:12:04+08:00 ][ info ] [ LANG ] D:\phpstudy_pro\WWW\new_kefu\thinkphp\lang\zh-cn.php
[ info ] [ LOG ] INIT File
[ 2022-03-03T10:12:04+08:00 ][ info ] [ ROUTE ] array (
  'type' => 'module',
  'module' => 
  array (
    0 => 'scripts',
    1 => 'platformChannelinfo',
    2 => 'run',
  ),
)
[ 2022-03-03T10:12:04+08:00 ][ info ] [ HEADER ] array (
)
[ 2022-03-03T10:12:04+08:00 ][ info ] [ PARAM ] array (
  'g' => 'scripts',
  'm' => 'platformChannelinfo',
  'a' => 'run',
  'p' => 
  array (
    'action' => 'platform_channel_info',
    'platform' => 'zw',
  ),
)
[ 2022-03-03T10:12:40+08:00 ][ info ] [ LANG ] D:\phpstudy_pro\WWW\new_kefu\thinkphp\lang\zh-cn.php
[ info ] [ LOG ] INIT File
[ 2022-03-03T10:12:40+08:00 ][ info ] [ ROUTE ] array (
  'type' => 'module',
  'module' => 
  array (
    0 => 'scripts',
    1 => 'platformChannelinfo',
    2 => 'run',
  ),
)
[ 2022-03-03T10:12:40+08:00 ][ info ] [ HEADER ] array (
)
[ 2022-03-03T10:12:40+08:00 ][ info ] [ PARAM ] array (
  'g' => 'scripts',
  'm' => 'platformChannelinfo',
  'a' => 'run',
  'p' => 
  array (
    'action' => 'platform_channel_info',
    'platform' => 'zw',
  ),
)
[ 2022-03-03T10:13:21+08:00 ][ info ] [ LANG ] D:\phpstudy_pro\WWW\new_kefu\thinkphp\lang\zh-cn.php
[ info ] [ LOG ] INIT File
[ 2022-03-03T10:13:21+08:00 ][ info ] [ ROUTE ] array (
  'type' => 'module',
  'module' => 
  array (
    0 => 'scripts',
    1 => 'platformChannelInfo',
    2 => 'run',
  ),
)
[ 2022-03-03T10:13:21+08:00 ][ info ] [ HEADER ] array (
)
[ 2022-03-03T10:13:21+08:00 ][ info ] [ PARAM ] array (
  'g' => 'scripts',
  'm' => 'platformChannelInfo',
  'a' => 'run',
  'p' => 
  array (
    'action' => 'platform_channel_info',
    'platform' => 'zw',
  ),
)
[ 2022-03-03T10:13:21+08:00 ][ error ] [64]Access level to app\scripts\controller\PlatformChannelInfo::$time must be protected (as in class app\scripts\controller\Base) or weaker[D:\phpstudy_pro\WWW\new_kefu\application\scripts\controller\PlatformChannelInfo.php:14]
[ 2022-03-03T10:15:51+08:00 ][ info ] [ LANG ] D:\phpstudy_pro\WWW\new_kefu\thinkphp\lang\zh-cn.php
[ info ] [ LOG ] INIT File
[ 2022-03-03T10:15:51+08:00 ][ info ] [ ROUTE ] array (
  'type' => 'module',
  'module' => 
  array (
    0 => 'scripts',
    1 => 'platformChannelInfo',
    2 => 'run',
  ),
)
[ 2022-03-03T10:15:51+08:00 ][ info ] [ HEADER ] array (
)
[ 2022-03-03T10:15:51+08:00 ][ info ] [ PARAM ] array (
  'g' => 'scripts',
  'm' => 'platformChannelInfo',
  'a' => 'run',
  'p' => 
  array (
    'action' => 'platform_channel_info',
    'platform' => 'zw',
  ),
)
[ 2022-03-03T10:15:51+08:00 ][ info ] [ CACHE ] INIT redis
[ 2022-03-03T10:15:51+08:00 ][ info ] [ DB ] INIT mysql
[ 2022-03-03T10:15:51+08:00 ][ info ] [ RUN ] app\scripts\controller\PlatformChannelInfo->run[ D:\phpstudy_pro\WWW\new_kefu\application\scripts\controller\PlatformChannelInfo.php ]
[ 2022-03-03T10:15:51+08:00 ][ info ] [ DB ] INIT mysql
[ 2022-03-03T10:15:51+08:00 ][ sql ] [ DB ] CONNECT:[ UseTime:0.011297s ] mysql:host=127.0.0.1;port=3306;dbname=gr_chat;charset=utf8
[ 2022-03-03T10:15:51+08:00 ][ sql ] [ SQL ] SHOW COLUMNS FROM `gr_run_log` [ RunTime:0.001132s ]
[ 2022-03-03T10:15:51+08:00 ][ sql ] [ SQL ] INSERT INTO `gr_run_log` (`controller` , `action` , `input_param` , `add_time` , `update_time`) VALUES ('script_PlatformChannelInfo' , 'platformChannelInfo' , '{\"action\":\"platform_channel_info\",\"platform\":\"zw\"}' , 1646273751 , 1646273751) [ RunTime:0.002244s ]
[ 2022-03-03T10:16:00+08:00 ][ info ] [ LANG ] D:\phpstudy_pro\WWW\new_kefu\thinkphp\lang\zh-cn.php
[ info ] [ LOG ] INIT File
[ 2022-03-03T10:16:00+08:00 ][ info ] [ ROUTE ] array (
  'type' => 'module',
  'module' => 
  array (
    0 => 'scripts',
    1 => 'platformChannelInfo',
    2 => 'run',
  ),
)
[ 2022-03-03T10:16:00+08:00 ][ info ] [ HEADER ] array (
)
[ 2022-03-03T10:16:00+08:00 ][ info ] [ PARAM ] array (
  'g' => 'scripts',
  'm' => 'platformChannelInfo',
  'a' => 'run',
  'p' => 
  array (
    'action' => 'platform_channel_info',
    'platform' => 'zw',
  ),
)
[ 2022-03-03T10:16:00+08:00 ][ info ] [ CACHE ] INIT redis
[ 2022-03-03T10:16:00+08:00 ][ info ] [ RUN ] app\scripts\controller\PlatformChannelInfo->run[ D:\phpstudy_pro\WWW\new_kefu\application\scripts\controller\PlatformChannelInfo.php ]
[ 2022-03-03T10:16:07+08:00 ][ info ] [ LANG ] D:\phpstudy_pro\WWW\new_kefu\thinkphp\lang\zh-cn.php
[ info ] [ LOG ] INIT File
[ 2022-03-03T10:16:07+08:00 ][ info ] [ ROUTE ] array (
  'type' => 'module',
  'module' => 
  array (
    0 => 'scripts',
    1 => 'platformChannelInfo',
    2 => 'run',
  ),
)
[ 2022-03-03T10:16:07+08:00 ][ info ] [ HEADER ] array (
)
[ 2022-03-03T10:16:07+08:00 ][ info ] [ PARAM ] array (
  'g' => 'scripts',
  'm' => 'platformChannelInfo',
  'a' => 'run',
  'p' => 
  array (
    'action' => 'platform_channel_info',
    'platform' => 'zw',
  ),
)
[ 2022-03-03T10:16:07+08:00 ][ info ] [ CACHE ] INIT redis
[ 2022-03-03T10:16:07+08:00 ][ info ] [ RUN ] app\scripts\controller\PlatformChannelInfo->run[ D:\phpstudy_pro\WWW\new_kefu\application\scripts\controller\PlatformChannelInfo.php ]
[ 2022-03-03T10:16:07+08:00 ][ info ] [ DB ] INIT mysql
[ 2022-03-03T10:16:07+08:00 ][ sql ] [ DB ] CONNECT:[ UseTime:0.001334s ] mysql:host=127.0.0.1;port=3306;dbname=gr_chat;charset=utf8
[ 2022-03-03T10:16:07+08:00 ][ sql ] [ SQL ] SHOW COLUMNS FROM `gr_run_log` [ RunTime:0.001028s ]
[ 2022-03-03T10:16:07+08:00 ][ sql ] [ SQL ] INSERT INTO `gr_run_log` (`controller` , `action` , `input_param` , `add_time` , `update_time`) VALUES ('script_PlatformChannelInfo' , 'platformChannelInfo' , '{\"action\":\"platform_channel_info\",\"platform\":\"zw\"}' , 1646273767 , 1646273767) [ RunTime:0.001485s ]
[ 2022-03-03T10:16:07+08:00 ][ info ] [ DB ] INIT mysql
[ 2022-03-03T10:16:07+08:00 ][ sql ] [ SQL ] UPDATE `gr_run_log`  SET `status`=1,`update_time`=1646273767  WHERE  `id` = 190 [ RunTime:0.001448s ]
[ 2022-03-03T10:16:34+08:00 ][ info ] [ LANG ] D:\phpstudy_pro\WWW\new_kefu\thinkphp\lang\zh-cn.php
[ info ] [ LOG ] INIT File
[ 2022-03-03T10:16:34+08:00 ][ info ] [ ROUTE ] array (
  'type' => 'module',
  'module' => 
  array (
    0 => 'scripts',
    1 => 'platformChannelInfo',
    2 => 'run',
  ),
)
[ 2022-03-03T10:16:34+08:00 ][ info ] [ HEADER ] array (
)
[ 2022-03-03T10:16:34+08:00 ][ info ] [ PARAM ] array (
  'g' => 'scripts',
  'm' => 'platformChannelInfo',
  'a' => 'run',
  'p' => 
  array (
    'action' => 'platform_channel_info',
    'platform' => 'zw',
  ),
)
[ 2022-03-03T10:16:34+08:00 ][ info ] [ CACHE ] INIT redis
[ 2022-03-03T10:16:34+08:00 ][ info ] [ RUN ] app\scripts\controller\PlatformChannelInfo->run[ D:\phpstudy_pro\WWW\new_kefu\application\scripts\controller\PlatformChannelInfo.php ]
[ 2022-03-03T10:16:35+08:00 ][ info ] [ DB ] INIT mysql
[ 2022-03-03T10:16:35+08:00 ][ sql ] [ DB ] CONNECT:[ UseTime:0.001360s ] mysql:host=127.0.0.1;port=3306;dbname=gr_chat;charset=utf8
[ 2022-03-03T10:16:35+08:00 ][ sql ] [ SQL ] SHOW COLUMNS FROM `gr_run_log` [ RunTime:0.000953s ]
[ 2022-03-03T10:16:35+08:00 ][ sql ] [ SQL ] INSERT INTO `gr_run_log` (`controller` , `action` , `input_param` , `add_time` , `update_time`) VALUES ('script_PlatformChannelInfo' , 'platformChannelInfo' , '{\"action\":\"platform_channel_info\",\"platform\":\"zw\"}' , 1646273795 , 1646273795) [ RunTime:0.001478s ]
[ 2022-03-03T10:16:35+08:00 ][ info ] [ DB ] INIT mysql
[ 2022-03-03T10:16:35+08:00 ][ sql ] [ SQL ] UPDATE `gr_run_log`  SET `status`=1,`update_time`=1646273795  WHERE  `id` = 191 [ RunTime:0.001105s ]
[ 2022-03-03T10:19:01+08:00 ][ info ] [ LANG ] D:\phpstudy_pro\WWW\new_kefu\thinkphp\lang\zh-cn.php
[ info ] [ LOG ] INIT File
[ 2022-03-03T10:19:01+08:00 ][ info ] [ ROUTE ] array (
  'type' => 'module',
  'module' => 
  array (
    0 => 'scripts',
    1 => 'platformChannelInfo',
    2 => 'run',
  ),
)
[ 2022-03-03T10:19:01+08:00 ][ info ] [ HEADER ] array (
)
[ 2022-03-03T10:19:01+08:00 ][ info ] [ PARAM ] array (
  'g' => 'scripts',
  'm' => 'platformChannelInfo',
  'a' => 'run',
  'p' => 
  array (
    'action' => 'platform_channel_info',
    'platform' => 'zw',
  ),
)
[ 2022-03-03T10:19:01+08:00 ][ info ] [ CACHE ] INIT redis
[ 2022-03-03T10:19:01+08:00 ][ info ] [ RUN ] app\scripts\controller\PlatformChannelInfo->run[ D:\phpstudy_pro\WWW\new_kefu\application\scripts\controller\PlatformChannelInfo.php ]
[ 2022-03-03T10:19:01+08:00 ][ info ] [ DB ] INIT mysql
[ 2022-03-03T10:19:01+08:00 ][ sql ] [ DB ] CONNECT:[ UseTime:0.001252s ] mysql:host=127.0.0.1;port=3306;dbname=gr_chat;charset=utf8
[ 2022-03-03T10:19:01+08:00 ][ sql ] [ SQL ] SHOW COLUMNS FROM `gr_run_log` [ RunTime:0.000964s ]
[ 2022-03-03T10:19:01+08:00 ][ sql ] [ SQL ] INSERT INTO `gr_run_log` (`controller` , `action` , `input_param` , `add_time` , `update_time`) VALUES ('script_PlatformChannelInfo' , 'platformChannelInfo' , '{\"action\":\"platform_channel_info\",\"platform\":\"zw\"}' , 1646273941 , 1646273941) [ RunTime:0.001561s ]
[ 2022-03-03T10:19:01+08:00 ][ info ] [ DB ] INIT mysql
[ 2022-03-03T10:19:01+08:00 ][ sql ] [ SQL ] UPDATE `gr_run_log`  SET `status`=1,`update_time`=1646273941  WHERE  `id` = 192 [ RunTime:0.001197s ]
[ 2022-03-03T10:19:38+08:00 ][ info ] [ LANG ] D:\phpstudy_pro\WWW\new_kefu\thinkphp\lang\zh-cn.php
[ info ] [ LOG ] INIT File
[ 2022-03-03T10:19:38+08:00 ][ info ] [ ROUTE ] array (
  'type' => 'module',
  'module' => 
  array (
    0 => 'scripts',
    1 => 'platformChannelInfo',
    2 => 'run',
  ),
)
[ 2022-03-03T10:19:38+08:00 ][ info ] [ HEADER ] array (
)
[ 2022-03-03T10:19:38+08:00 ][ info ] [ PARAM ] array (
  'g' => 'scripts',
  'm' => 'platformChannelInfo',
  'a' => 'run',
  'p' => 
  array (
    'action' => 'platform_channel_info',
    'platform' => 'zw',
  ),
)
[ 2022-03-03T10:19:38+08:00 ][ info ] [ CACHE ] INIT redis
[ 2022-03-03T10:19:38+08:00 ][ info ] [ RUN ] app\scripts\controller\PlatformChannelInfo->run[ D:\phpstudy_pro\WWW\new_kefu\application\scripts\controller\PlatformChannelInfo.php ]
[ 2022-03-03T10:19:38+08:00 ][ info ] [ DB ] INIT mysql
[ 2022-03-03T10:19:38+08:00 ][ sql ] [ DB ] CONNECT:[ UseTime:0.001112s ] mysql:host=127.0.0.1;port=3306;dbname=gr_chat;charset=utf8
[ 2022-03-03T10:19:38+08:00 ][ sql ] [ SQL ] SHOW COLUMNS FROM `gr_run_log` [ RunTime:0.000689s ]
[ 2022-03-03T10:19:38+08:00 ][ sql ] [ SQL ] INSERT INTO `gr_run_log` (`controller` , `action` , `input_param` , `add_time` , `update_time`) VALUES ('script_PlatformChannelInfo' , 'platformChannelInfo' , '{\"action\":\"platform_channel_info\",\"platform\":\"zw\"}' , 1646273978 , 1646273978) [ RunTime:0.001299s ]
[ 2022-03-03T10:19:38+08:00 ][ info ] [ DB ] INIT mysql
[ 2022-03-03T10:20:27+08:00 ][ info ] [ LANG ] D:\phpstudy_pro\WWW\new_kefu\thinkphp\lang\zh-cn.php
[ info ] [ LOG ] INIT File
[ 2022-03-03T10:20:27+08:00 ][ info ] [ ROUTE ] array (
  'type' => 'module',
  'module' => 
  array (
    0 => 'scripts',
    1 => 'platformChannelInfo',
    2 => 'run',
  ),
)
[ 2022-03-03T10:20:27+08:00 ][ info ] [ HEADER ] array (
)
[ 2022-03-03T10:20:27+08:00 ][ info ] [ PARAM ] array (
  'g' => 'scripts',
  'm' => 'platformChannelInfo',
  'a' => 'run',
  'p' => 
  array (
    'action' => 'platform_channel_info',
    'platform' => 'zw',
  ),
)
[ 2022-03-03T10:20:27+08:00 ][ info ] [ CACHE ] INIT redis
[ 2022-03-03T10:20:27+08:00 ][ info ] [ RUN ] app\scripts\controller\PlatformChannelInfo->run[ D:\phpstudy_pro\WWW\new_kefu\application\scripts\controller\PlatformChannelInfo.php ]
[ 2022-03-03T10:20:27+08:00 ][ info ] [ DB ] INIT mysql
[ 2022-03-03T10:20:27+08:00 ][ sql ] [ DB ] CONNECT:[ UseTime:0.001120s ] mysql:host=127.0.0.1;port=3306;dbname=gr_chat;charset=utf8
[ 2022-03-03T10:20:27+08:00 ][ sql ] [ SQL ] SHOW COLUMNS FROM `gr_run_log` [ RunTime:0.000763s ]
[ 2022-03-03T10:20:27+08:00 ][ sql ] [ SQL ] INSERT INTO `gr_run_log` (`controller` , `action` , `input_param` , `add_time` , `update_time`) VALUES ('script_PlatformChannelInfo' , 'platformChannelInfo' , '{\"action\":\"platform_channel_info\",\"platform\":\"zw\"}' , 1646274027 , 1646274027) [ RunTime:0.001271s ]
[ 2022-03-03T10:20:27+08:00 ][ info ] [ DB ] INIT mysql
[ 2022-03-03T10:20:43+08:00 ][ info ] [ LANG ] D:\phpstudy_pro\WWW\new_kefu\thinkphp\lang\zh-cn.php
[ info ] [ LOG ] INIT File
[ 2022-03-03T10:20:43+08:00 ][ info ] [ ROUTE ] array (
  'type' => 'module',
  'module' => 
  array (
    0 => 'scripts',
    1 => 'platformChannelInfo',
    2 => 'run',
  ),
)
[ 2022-03-03T10:20:43+08:00 ][ info ] [ HEADER ] array (
)
[ 2022-03-03T10:20:43+08:00 ][ info ] [ PARAM ] array (
  'g' => 'scripts',
  'm' => 'platformChannelInfo',
  'a' => 'run',
  'p' => 
  array (
    'action' => 'platform_channel_info',
    'platform' => 'zw',
  ),
)
[ 2022-03-03T10:20:43+08:00 ][ info ] [ CACHE ] INIT redis
[ 2022-03-03T10:20:43+08:00 ][ info ] [ RUN ] app\scripts\controller\PlatformChannelInfo->run[ D:\phpstudy_pro\WWW\new_kefu\application\scripts\controller\PlatformChannelInfo.php ]
[ 2022-03-03T10:20:43+08:00 ][ info ] [ DB ] INIT mysql
[ 2022-03-03T10:20:43+08:00 ][ sql ] [ DB ] CONNECT:[ UseTime:0.001139s ] mysql:host=127.0.0.1;port=3306;dbname=gr_chat;charset=utf8
[ 2022-03-03T10:20:43+08:00 ][ sql ] [ SQL ] SHOW COLUMNS FROM `gr_run_log` [ RunTime:0.000701s ]
[ 2022-03-03T10:20:43+08:00 ][ sql ] [ SQL ] INSERT INTO `gr_run_log` (`controller` , `action` , `input_param` , `add_time` , `update_time`) VALUES ('script_PlatformChannelInfo' , 'platformChannelInfo' , '{\"action\":\"platform_channel_info\",\"platform\":\"zw\"}' , 1646274043 , 1646274043) [ RunTime:0.001518s ]
[ 2022-03-03T10:20:43+08:00 ][ info ] [ DB ] INIT mysql
[ 2022-03-03T10:20:49+08:00 ][ error ] [8]Undefined offset: 0[D:\phpstudy_pro\WWW\new_kefu\common\server\Platform\ChannelInfoServer.php:194]
[ 2022-03-03T10:21:28+08:00 ][ info ] [ LANG ] D:\phpstudy_pro\WWW\new_kefu\thinkphp\lang\zh-cn.php
[ info ] [ LOG ] INIT File
[ 2022-03-03T10:21:28+08:00 ][ info ] [ ROUTE ] array (
  'type' => 'module',
  'module' => 
  array (
    0 => 'scripts',
    1 => 'platformChannelInfo',
    2 => 'run',
  ),
)
[ 2022-03-03T10:21:28+08:00 ][ info ] [ HEADER ] array (
)
[ 2022-03-03T10:21:28+08:00 ][ info ] [ PARAM ] array (
  'g' => 'scripts',
  'm' => 'platformChannelInfo',
  'a' => 'run',
  'p' => 
  array (
    'action' => 'platform_channel_info',
    'platform' => 'zw',
  ),
)
[ 2022-03-03T10:21:28+08:00 ][ info ] [ CACHE ] INIT redis
[ 2022-03-03T10:21:28+08:00 ][ info ] [ RUN ] app\scripts\controller\PlatformChannelInfo->run[ D:\phpstudy_pro\WWW\new_kefu\application\scripts\controller\PlatformChannelInfo.php ]
[ 2022-03-03T10:21:28+08:00 ][ info ] [ DB ] INIT mysql
[ 2022-03-03T10:21:28+08:00 ][ sql ] [ DB ] CONNECT:[ UseTime:0.001165s ] mysql:host=127.0.0.1;port=3306;dbname=gr_chat;charset=utf8
[ 2022-03-03T10:21:28+08:00 ][ sql ] [ SQL ] SHOW COLUMNS FROM `gr_run_log` [ RunTime:0.000851s ]
[ 2022-03-03T10:21:28+08:00 ][ sql ] [ SQL ] INSERT INTO `gr_run_log` (`controller` , `action` , `input_param` , `add_time` , `update_time`) VALUES ('script_PlatformChannelInfo' , 'platformChannelInfo' , '{\"action\":\"platform_channel_info\",\"platform\":\"zw\"}' , 1646274088 , 1646274088) [ RunTime:0.001362s ]
[ 2022-03-03T10:21:28+08:00 ][ info ] [ DB ] INIT mysql
[ 2022-03-03T10:21:29+08:00 ][ error ] [8]Undefined offset: 0[D:\phpstudy_pro\WWW\new_kefu\common\server\Platform\ChannelInfoServer.php:194]
[ 2022-03-03T10:21:54+08:00 ][ info ] [ LANG ] D:\phpstudy_pro\WWW\new_kefu\thinkphp\lang\zh-cn.php
[ info ] [ LOG ] INIT File
[ 2022-03-03T10:21:54+08:00 ][ info ] [ ROUTE ] array (
  'type' => 'module',
  'module' => 
  array (
    0 => 'scripts',
    1 => 'platformChannelInfo',
    2 => 'run',
  ),
)
[ 2022-03-03T10:21:54+08:00 ][ info ] [ HEADER ] array (
)
[ 2022-03-03T10:21:54+08:00 ][ info ] [ PARAM ] array (
  'g' => 'scripts',
  'm' => 'platformChannelInfo',
  'a' => 'run',
  'p' => 
  array (
    'action' => 'platform_channel_info',
    'platform' => 'zw',
  ),
)
[ 2022-03-03T10:21:54+08:00 ][ info ] [ CACHE ] INIT redis
[ 2022-03-03T10:21:54+08:00 ][ info ] [ RUN ] app\scripts\controller\PlatformChannelInfo->run[ D:\phpstudy_pro\WWW\new_kefu\application\scripts\controller\PlatformChannelInfo.php ]
[ 2022-03-03T10:21:54+08:00 ][ info ] [ DB ] INIT mysql
[ 2022-03-03T10:21:54+08:00 ][ sql ] [ DB ] CONNECT:[ UseTime:0.001106s ] mysql:host=127.0.0.1;port=3306;dbname=gr_chat;charset=utf8
[ 2022-03-03T10:21:54+08:00 ][ sql ] [ SQL ] SHOW COLUMNS FROM `gr_run_log` [ RunTime:0.000824s ]
[ 2022-03-03T10:21:54+08:00 ][ sql ] [ SQL ] INSERT INTO `gr_run_log` (`controller` , `action` , `input_param` , `add_time` , `update_time`) VALUES ('script_PlatformChannelInfo' , 'platformChannelInfo' , '{\"action\":\"platform_channel_info\",\"platform\":\"zw\"}' , 1646274114 , 1646274114) [ RunTime:0.001473s ]
[ 2022-03-03T10:21:54+08:00 ][ info ] [ DB ] INIT mysql
[ 2022-03-03T10:21:55+08:00 ][ error ] [8]Undefined offset: 0[D:\phpstudy_pro\WWW\new_kefu\common\server\Platform\ChannelInfoServer.php:194]
[ 2022-03-03T10:22:13+08:00 ][ info ] [ LANG ] D:\phpstudy_pro\WWW\new_kefu\thinkphp\lang\zh-cn.php
[ info ] [ LOG ] INIT File
[ 2022-03-03T10:22:13+08:00 ][ info ] [ ROUTE ] array (
  'type' => 'module',
  'module' => 
  array (
    0 => 'scripts',
    1 => 'platformChannelInfo',
    2 => 'run',
  ),
)
[ 2022-03-03T10:22:13+08:00 ][ info ] [ HEADER ] array (
)
[ 2022-03-03T10:22:13+08:00 ][ info ] [ PARAM ] array (
  'g' => 'scripts',
  'm' => 'platformChannelInfo',
  'a' => 'run',
  'p' => 
  array (
    'action' => 'platform_channel_info',
    'platform' => 'zw',
  ),
)
[ 2022-03-03T10:22:13+08:00 ][ info ] [ CACHE ] INIT redis
[ 2022-03-03T10:22:13+08:00 ][ info ] [ RUN ] app\scripts\controller\PlatformChannelInfo->run[ D:\phpstudy_pro\WWW\new_kefu\application\scripts\controller\PlatformChannelInfo.php ]
[ 2022-03-03T10:22:13+08:00 ][ info ] [ DB ] INIT mysql
[ 2022-03-03T10:22:13+08:00 ][ sql ] [ DB ] CONNECT:[ UseTime:0.010990s ] mysql:host=127.0.0.1;port=3306;dbname=gr_chat;charset=utf8
[ 2022-03-03T10:22:13+08:00 ][ sql ] [ SQL ] SHOW COLUMNS FROM `gr_run_log` [ RunTime:0.000749s ]
[ 2022-03-03T10:22:13+08:00 ][ sql ] [ SQL ] INSERT INTO `gr_run_log` (`controller` , `action` , `input_param` , `add_time` , `update_time`) VALUES ('script_PlatformChannelInfo' , 'platformChannelInfo' , '{\"action\":\"platform_channel_info\",\"platform\":\"zw\"}' , 1646274133 , 1646274133) [ RunTime:0.001359s ]
[ 2022-03-03T10:22:13+08:00 ][ info ] [ DB ] INIT mysql
[ 2022-03-03T10:32:10+08:00 ][ info ] [ LANG ] D:\phpstudy_pro\WWW\new_kefu\thinkphp\lang\zh-cn.php
[ info ] [ LOG ] INIT File
[ 2022-03-03T10:32:10+08:00 ][ info ] [ ROUTE ] array (
  'type' => 'module',
  'module' => 
  array (
    0 => 'scripts',
    1 => 'platformChannelInfo',
    2 => 'run',
  ),
)
[ 2022-03-03T10:32:10+08:00 ][ info ] [ HEADER ] array (
)
[ 2022-03-03T10:32:10+08:00 ][ info ] [ PARAM ] array (
  'g' => 'scripts',
  'm' => 'platformChannelInfo',
  'a' => 'run',
  'p' => 
  array (
    'action' => 'platform_channel_info',
    'platform' => 'zw',
  ),
)
[ 2022-03-03T10:32:10+08:00 ][ info ] [ CACHE ] INIT redis
[ 2022-03-03T10:32:10+08:00 ][ info ] [ RUN ] app\scripts\controller\PlatformChannelInfo->run[ D:\phpstudy_pro\WWW\new_kefu\application\scripts\controller\PlatformChannelInfo.php ]
[ 2022-03-03T10:32:25+08:00 ][ info ] [ LANG ] D:\phpstudy_pro\WWW\new_kefu\thinkphp\lang\zh-cn.php
[ info ] [ LOG ] INIT File
[ 2022-03-03T10:32:25+08:00 ][ info ] [ ROUTE ] array (
  'type' => 'module',
  'module' => 
  array (
    0 => 'scripts',
    1 => 'platformChannelInfo',
    2 => 'run',
  ),
)
[ 2022-03-03T10:32:25+08:00 ][ info ] [ HEADER ] array (
)
[ 2022-03-03T10:32:25+08:00 ][ info ] [ PARAM ] array (
  'g' => 'scripts',
  'm' => 'platformChannelInfo',
  'a' => 'run',
  'p' => 
  array (
    'action' => 'platform_channel_info',
    'platform' => 'zw',
  ),
)
[ 2022-03-03T10:32:25+08:00 ][ info ] [ CACHE ] INIT redis
[ 2022-03-03T10:32:25+08:00 ][ info ] [ RUN ] app\scripts\controller\PlatformChannelInfo->run[ D:\phpstudy_pro\WWW\new_kefu\application\scripts\controller\PlatformChannelInfo.php ]
[ 2022-03-03T10:32:25+08:00 ][ info ] [ DB ] INIT mysql
[ 2022-03-03T10:32:25+08:00 ][ sql ] [ DB ] CONNECT:[ UseTime:0.001243s ] mysql:host=127.0.0.1;port=3306;dbname=gr_chat;charset=utf8
[ 2022-03-03T10:32:25+08:00 ][ sql ] [ SQL ] SHOW COLUMNS FROM `gr_run_log` [ RunTime:0.000802s ]
[ 2022-03-03T10:32:25+08:00 ][ sql ] [ SQL ] INSERT INTO `gr_run_log` (`controller` , `action` , `input_param` , `add_time` , `update_time`) VALUES ('script_PlatformChannelInfo' , 'platformChannelInfo' , '{\"action\":\"platform_channel_info\",\"platform\":\"zw\"}' , 1646274745 , 1646274745) [ RunTime:0.001589s ]
[ 2022-03-03T10:32:25+08:00 ][ info ] [ DB ] INIT mysql
[ 2022-03-03T10:33:27+08:00 ][ info ] [ LANG ] D:\phpstudy_pro\WWW\new_kefu\thinkphp\lang\zh-cn.php
[ info ] [ LOG ] INIT File
[ 2022-03-03T10:33:27+08:00 ][ info ] [ ROUTE ] array (
  'type' => 'module',
  'module' => 
  array (
    0 => 'scripts',
    1 => 'platformChannelInfo',
    2 => 'run',
  ),
)
[ 2022-03-03T10:33:27+08:00 ][ info ] [ HEADER ] array (
)
[ 2022-03-03T10:33:27+08:00 ][ info ] [ PARAM ] array (
  'g' => 'scripts',
  'm' => 'platformChannelInfo',
  'a' => 'run',
  'p' => 
  array (
    'action' => 'platform_channel_info',
    'platform' => 'zw',
  ),
)
[ 2022-03-03T10:33:27+08:00 ][ info ] [ CACHE ] INIT redis
[ 2022-03-03T10:33:27+08:00 ][ info ] [ RUN ] app\scripts\controller\PlatformChannelInfo->run[ D:\phpstudy_pro\WWW\new_kefu\application\scripts\controller\PlatformChannelInfo.php ]
[ 2022-03-03T10:33:27+08:00 ][ info ] [ DB ] INIT mysql
[ 2022-03-03T10:33:27+08:00 ][ sql ] [ DB ] CONNECT:[ UseTime:0.001132s ] mysql:host=127.0.0.1;port=3306;dbname=gr_chat;charset=utf8
[ 2022-03-03T10:33:27+08:00 ][ sql ] [ SQL ] SHOW COLUMNS FROM `gr_run_log` [ RunTime:0.000727s ]
[ 2022-03-03T10:33:27+08:00 ][ sql ] [ SQL ] INSERT INTO `gr_run_log` (`controller` , `action` , `input_param` , `add_time` , `update_time`) VALUES ('script_PlatformChannelInfo' , 'platformChannelInfo' , '{\"action\":\"platform_channel_info\",\"platform\":\"zw\"}' , 1646274807 , 1646274807) [ RunTime:0.001564s ]
[ 2022-03-03T10:33:27+08:00 ][ info ] [ DB ] INIT mysql
[ 2022-03-03T10:33:28+08:00 ][ info ] [ DB ] INIT mysql
