[ 2022-03-04T11:40:07+08:00 ][ info ] [ LANG ] D:\phpstudy_pro\WWW\new_kefu\thinkphp\lang\zh-cn.php
[ info ] [ LOG ] INIT File
[ 2022-03-04T11:40:07+08:00 ][ info ] [ ROUTE ] array (
  'type' => 'module',
  'module' => 
  array (
    0 => 'scripts',
    1 => 'ChannelGame',
    2 => 'run',
  ),
)
[ 2022-03-04T11:40:07+08:00 ][ info ] [ HEADER ] array (
)
[ 2022-03-04T11:40:07+08:00 ][ info ] [ PARAM ] array (
  'g' => 'scripts',
  'm' => 'ChannelGame',
  'a' => 'run',
  'p' => 
  array (
    'action' => 'platform_game_list',
  ),
)
[ 2022-03-04T11:40:43+08:00 ][ info ] [ LANG ] D:\phpstudy_pro\WWW\new_kefu\thinkphp\lang\zh-cn.php
[ info ] [ LOG ] INIT File
[ 2022-03-04T11:40:43+08:00 ][ info ] [ ROUTE ] array (
  'type' => 'module',
  'module' => 
  array (
    0 => 'scripts',
    1 => 'PlatformGame',
    2 => 'run',
  ),
)
[ 2022-03-04T11:40:43+08:00 ][ info ] [ HEADER ] array (
)
[ 2022-03-04T11:40:43+08:00 ][ info ] [ PARAM ] array (
  'g' => 'scripts',
  'm' => 'PlatformGame',
  'a' => 'run',
  'p' => 
  array (
    'action' => 'platform_game_list',
  ),
)
[ 2022-03-04T11:40:43+08:00 ][ info ] [ CACHE ] INIT redis
[ 2022-03-04T11:40:43+08:00 ][ info ] [ DB ] INIT mysql
[ 2022-03-04T11:40:43+08:00 ][ info ] [ RUN ] app\scripts\controller\PlatformGame->run[ D:\phpstudy_pro\WWW\new_kefu\application\scripts\controller\PlatformGame.php ]
[ 2022-03-04T11:40:43+08:00 ][ info ] [ DB ] INIT mysql
[ 2022-03-04T11:40:43+08:00 ][ sql ] [ DB ] CONNECT:[ UseTime:0.001382s ] mysql:host=127.0.0.1;port=3306;dbname=gr_chat;charset=utf8
[ 2022-03-04T11:40:43+08:00 ][ sql ] [ SQL ] SHOW COLUMNS FROM `gr_run_log` [ RunTime:0.001241s ]
[ 2022-03-04T11:40:43+08:00 ][ sql ] [ SQL ] INSERT INTO `gr_run_log` (`controller` , `action` , `input_param` , `add_time` , `update_time`) VALUES ('script_PlatformGame' , 'platformGameList' , '{\"action\":\"platform_game_list\"}' , 1646365243 , 1646365243) [ RunTime:0.002049s ]
[ 2022-03-04T11:40:43+08:00 ][ info ] [ DB ] INIT mysql
[ 2022-03-04T11:40:43+08:00 ][ error ] [8]Undefined index: url_key[D:\phpstudy_pro\WWW\new_kefu\common\server\Platform\ChannelGameServer.php:105]
[ 2022-03-04T11:48:06+08:00 ][ info ] [ LANG ] D:\phpstudy_pro\WWW\new_kefu\thinkphp\lang\zh-cn.php
[ info ] [ LOG ] INIT File
[ 2022-03-04T11:48:06+08:00 ][ info ] [ ROUTE ] array (
  'type' => 'module',
  'module' => 
  array (
    0 => 'scripts',
    1 => 'PlatformGameInfo',
    2 => 'run',
  ),
)
[ 2022-03-04T11:48:06+08:00 ][ info ] [ HEADER ] array (
)
[ 2022-03-04T11:48:06+08:00 ][ info ] [ PARAM ] array (
  'g' => 'scripts',
  'm' => 'PlatformGameInfo',
  'a' => 'run',
  'p' => 
  array (
    'action' => 'platform_game_list',
  ),
)
[ 2022-03-04T11:48:06+08:00 ][ info ] [ CACHE ] INIT redis
[ 2022-03-04T11:48:06+08:00 ][ info ] [ RUN ] app\scripts\controller\PlatformGameInfo->run[ D:\phpstudy_pro\WWW\new_kefu\application\scripts\controller\PlatformGameInfo.php ]
[ 2022-03-04T11:48:06+08:00 ][ info ] [ DB ] INIT mysql
[ 2022-03-04T11:48:06+08:00 ][ sql ] [ DB ] CONNECT:[ UseTime:0.001629s ] mysql:host=127.0.0.1;port=3306;dbname=gr_chat;charset=utf8
[ 2022-03-04T11:48:06+08:00 ][ sql ] [ SQL ] SHOW COLUMNS FROM `gr_run_log` [ RunTime:0.002008s ]
[ 2022-03-04T11:48:06+08:00 ][ sql ] [ SQL ] INSERT INTO `gr_run_log` (`controller` , `action` , `input_param` , `add_time` , `update_time`) VALUES ('script_PlatformGameInfo' , 'platformGameList' , '{\"action\":\"platform_game_list\"}' , 1646365686 , 1646365686) [ RunTime:0.001426s ]
[ 2022-03-04T11:48:06+08:00 ][ info ] [ DB ] INIT mysql
[ 2022-03-04T11:48:06+08:00 ][ info ] [ DB ] INIT mysql
[ 2022-03-04T11:48:06+08:00 ][ error ] [8]Undefined index: url_key[D:\phpstudy_pro\WWW\new_kefu\common\server\Platform\GameInfoServer.php:102]
[ 2022-03-04T14:27:32+08:00 ][ info ] [ LANG ] D:\phpstudy_pro\WWW\new_kefu\thinkphp\lang\zh-cn.php
[ info ] [ LOG ] INIT File
[ 2022-03-04T14:27:32+08:00 ][ info ] [ ROUTE ] array (
  'type' => 'module',
  'module' => 
  array (
    0 => 'scripts',
    1 => 'PlatformGameInfo',
    2 => 'run',
  ),
)
[ 2022-03-04T14:27:32+08:00 ][ info ] [ HEADER ] array (
)
[ 2022-03-04T14:27:32+08:00 ][ info ] [ PARAM ] array (
  'g' => 'scripts',
  'm' => 'PlatformGameInfo',
  'a' => 'run',
  'p' => 
  array (
    'action' => 'platform_game_list',
  ),
)
[ 2022-03-04T14:27:32+08:00 ][ info ] [ CACHE ] INIT redis
[ 2022-03-04T14:27:32+08:00 ][ info ] [ DB ] INIT mysql
[ 2022-03-04T14:27:32+08:00 ][ info ] [ RUN ] app\scripts\controller\PlatformGameInfo->run[ D:\phpstudy_pro\WWW\new_kefu\application\scripts\controller\PlatformGameInfo.php ]
[ 2022-03-04T14:27:54+08:00 ][ info ] [ LANG ] D:\phpstudy_pro\WWW\new_kefu\thinkphp\lang\zh-cn.php
[ info ] [ LOG ] INIT File
[ 2022-03-04T14:27:54+08:00 ][ info ] [ ROUTE ] array (
  'type' => 'module',
  'module' => 
  array (
    0 => 'scripts',
    1 => 'PlatformGameInfo',
    2 => 'run',
  ),
)
[ 2022-03-04T14:27:54+08:00 ][ info ] [ HEADER ] array (
)
[ 2022-03-04T14:27:54+08:00 ][ info ] [ PARAM ] array (
  'g' => 'scripts',
  'm' => 'PlatformGameInfo',
  'a' => 'run',
  'p' => 
  array (
    'action' => 'platform_game_list',
  ),
)
[ 2022-03-04T14:27:54+08:00 ][ info ] [ CACHE ] INIT redis
[ 2022-03-04T14:27:54+08:00 ][ info ] [ RUN ] app\scripts\controller\PlatformGameInfo->run[ D:\phpstudy_pro\WWW\new_kefu\application\scripts\controller\PlatformGameInfo.php ]
[ 2022-03-04T14:27:54+08:00 ][ info ] [ DB ] INIT mysql
[ 2022-03-04T14:27:54+08:00 ][ sql ] [ DB ] CONNECT:[ UseTime:0.001376s ] mysql:host=127.0.0.1;port=3306;dbname=gr_chat;charset=utf8
[ 2022-03-04T14:27:54+08:00 ][ sql ] [ SQL ] SHOW COLUMNS FROM `gr_run_log` [ RunTime:0.000963s ]
[ 2022-03-04T14:27:54+08:00 ][ sql ] [ SQL ] INSERT INTO `gr_run_log` (`controller` , `action` , `input_param` , `add_time` , `update_time`) VALUES ('script_PlatformGameInfo' , 'platformGameList' , '{\"action\":\"platform_game_list\"}' , 1646375274 , 1646375274) [ RunTime:0.002092s ]
[ 2022-03-04T14:27:54+08:00 ][ info ] [ DB ] INIT mysql
[ 2022-03-04T14:28:21+08:00 ][ info ] [ LANG ] D:\phpstudy_pro\WWW\new_kefu\thinkphp\lang\zh-cn.php
[ info ] [ LOG ] INIT File
[ 2022-03-04T14:28:21+08:00 ][ info ] [ ROUTE ] array (
  'type' => 'module',
  'module' => 
  array (
    0 => 'scripts',
    1 => 'PlatformGameInfo',
    2 => 'run',
  ),
)
[ 2022-03-04T14:28:21+08:00 ][ info ] [ HEADER ] array (
)
[ 2022-03-04T14:28:21+08:00 ][ info ] [ PARAM ] array (
  'g' => 'scripts',
  'm' => 'PlatformGameInfo',
  'a' => 'run',
  'p' => 
  array (
    'action' => 'platform_game_list',
  ),
)
[ 2022-03-04T14:28:21+08:00 ][ info ] [ CACHE ] INIT redis
[ 2022-03-04T14:28:21+08:00 ][ info ] [ RUN ] app\scripts\controller\PlatformGameInfo->run[ D:\phpstudy_pro\WWW\new_kefu\application\scripts\controller\PlatformGameInfo.php ]
[ 2022-03-04T14:28:21+08:00 ][ info ] [ DB ] INIT mysql
[ 2022-03-04T14:28:21+08:00 ][ sql ] [ DB ] CONNECT:[ UseTime:0.001220s ] mysql:host=127.0.0.1;port=3306;dbname=gr_chat;charset=utf8
[ 2022-03-04T14:28:21+08:00 ][ sql ] [ SQL ] SHOW COLUMNS FROM `gr_run_log` [ RunTime:0.000872s ]
[ 2022-03-04T14:28:21+08:00 ][ sql ] [ SQL ] INSERT INTO `gr_run_log` (`controller` , `action` , `input_param` , `add_time` , `update_time`) VALUES ('script_PlatformGameInfo' , 'platformGameList' , '{\"action\":\"platform_game_list\"}' , 1646375301 , 1646375301) [ RunTime:0.001353s ]
[ 2022-03-04T14:28:21+08:00 ][ info ] [ DB ] INIT mysql
[ 2022-03-04T14:28:51+08:00 ][ info ] [ LANG ] D:\phpstudy_pro\WWW\new_kefu\thinkphp\lang\zh-cn.php
[ info ] [ LOG ] INIT File
[ 2022-03-04T14:28:51+08:00 ][ info ] [ ROUTE ] array (
  'type' => 'module',
  'module' => 
  array (
    0 => 'scripts',
    1 => 'PlatformGameInfo',
    2 => 'run',
  ),
)
[ 2022-03-04T14:28:51+08:00 ][ info ] [ HEADER ] array (
)
[ 2022-03-04T14:28:51+08:00 ][ info ] [ PARAM ] array (
  'g' => 'scripts',
  'm' => 'PlatformGameInfo',
  'a' => 'run',
  'p' => 
  array (
    'action' => 'platform_game_list',
  ),
)
[ 2022-03-04T14:28:51+08:00 ][ info ] [ CACHE ] INIT redis
[ 2022-03-04T14:28:51+08:00 ][ info ] [ RUN ] app\scripts\controller\PlatformGameInfo->run[ D:\phpstudy_pro\WWW\new_kefu\application\scripts\controller\PlatformGameInfo.php ]
[ 2022-03-04T14:28:51+08:00 ][ info ] [ DB ] INIT mysql
[ 2022-03-04T14:28:51+08:00 ][ sql ] [ DB ] CONNECT:[ UseTime:0.001160s ] mysql:host=127.0.0.1;port=3306;dbname=gr_chat;charset=utf8
[ 2022-03-04T14:28:51+08:00 ][ sql ] [ SQL ] SHOW COLUMNS FROM `gr_run_log` [ RunTime:0.001274s ]
[ 2022-03-04T14:28:51+08:00 ][ sql ] [ SQL ] INSERT INTO `gr_run_log` (`controller` , `action` , `input_param` , `add_time` , `update_time`) VALUES ('script_PlatformGameInfo' , 'platformGameList' , '{\"action\":\"platform_game_list\"}' , 1646375331 , 1646375331) [ RunTime:0.001677s ]
[ 2022-03-04T14:28:51+08:00 ][ info ] [ DB ] INIT mysql
[ 2022-03-04T14:29:51+08:00 ][ info ] [ LANG ] D:\phpstudy_pro\WWW\new_kefu\thinkphp\lang\zh-cn.php
[ info ] [ LOG ] INIT File
[ 2022-03-04T14:29:51+08:00 ][ info ] [ ROUTE ] array (
  'type' => 'module',
  'module' => 
  array (
    0 => 'scripts',
    1 => 'PlatformGameInfo',
    2 => 'run',
  ),
)
[ 2022-03-04T14:29:51+08:00 ][ info ] [ HEADER ] array (
)
[ 2022-03-04T14:29:51+08:00 ][ info ] [ PARAM ] array (
  'g' => 'scripts',
  'm' => 'PlatformGameInfo',
  'a' => 'run',
  'p' => 
  array (
    'action' => 'platform_game_list',
  ),
)
[ 2022-03-04T14:29:51+08:00 ][ info ] [ CACHE ] INIT redis
[ 2022-03-04T14:29:51+08:00 ][ info ] [ RUN ] app\scripts\controller\PlatformGameInfo->run[ D:\phpstudy_pro\WWW\new_kefu\application\scripts\controller\PlatformGameInfo.php ]
[ 2022-03-04T14:29:51+08:00 ][ info ] [ DB ] INIT mysql
[ 2022-03-04T14:29:51+08:00 ][ sql ] [ DB ] CONNECT:[ UseTime:0.001184s ] mysql:host=127.0.0.1;port=3306;dbname=gr_chat;charset=utf8
[ 2022-03-04T14:29:51+08:00 ][ sql ] [ SQL ] SHOW COLUMNS FROM `gr_run_log` [ RunTime:0.001134s ]
[ 2022-03-04T14:29:51+08:00 ][ sql ] [ SQL ] INSERT INTO `gr_run_log` (`controller` , `action` , `input_param` , `add_time` , `update_time`) VALUES ('script_PlatformGameInfo' , 'platformGameList' , '{\"action\":\"platform_game_list\"}' , 1646375391 , 1646375391) [ RunTime:0.001361s ]
[ 2022-03-04T14:29:51+08:00 ][ info ] [ DB ] INIT mysql
[ 2022-03-04T14:29:51+08:00 ][ error ] [8]Undefined index: config[D:\phpstudy_pro\WWW\new_kefu\common\server\Platform\GameInfoServer.php:107]
[ 2022-03-04T14:30:11+08:00 ][ info ] [ LANG ] D:\phpstudy_pro\WWW\new_kefu\thinkphp\lang\zh-cn.php
[ info ] [ LOG ] INIT File
[ 2022-03-04T14:30:11+08:00 ][ info ] [ ROUTE ] array (
  'type' => 'module',
  'module' => 
  array (
    0 => 'scripts',
    1 => 'PlatformGameInfo',
    2 => 'run',
  ),
)
[ 2022-03-04T14:30:11+08:00 ][ info ] [ HEADER ] array (
)
[ 2022-03-04T14:30:11+08:00 ][ info ] [ PARAM ] array (
  'g' => 'scripts',
  'm' => 'PlatformGameInfo',
  'a' => 'run',
  'p' => 
  array (
    'action' => 'platform_game_list',
  ),
)
[ 2022-03-04T14:30:11+08:00 ][ info ] [ CACHE ] INIT redis
[ 2022-03-04T14:30:11+08:00 ][ info ] [ RUN ] app\scripts\controller\PlatformGameInfo->run[ D:\phpstudy_pro\WWW\new_kefu\application\scripts\controller\PlatformGameInfo.php ]
[ 2022-03-04T14:30:11+08:00 ][ info ] [ DB ] INIT mysql
[ 2022-03-04T14:30:11+08:00 ][ sql ] [ DB ] CONNECT:[ UseTime:0.001198s ] mysql:host=127.0.0.1;port=3306;dbname=gr_chat;charset=utf8
[ 2022-03-04T14:30:11+08:00 ][ sql ] [ SQL ] SHOW COLUMNS FROM `gr_run_log` [ RunTime:0.001218s ]
[ 2022-03-04T14:30:11+08:00 ][ sql ] [ SQL ] INSERT INTO `gr_run_log` (`controller` , `action` , `input_param` , `add_time` , `update_time`) VALUES ('script_PlatformGameInfo' , 'platformGameList' , '{\"action\":\"platform_game_list\"}' , 1646375411 , 1646375411) [ RunTime:0.001297s ]
[ 2022-03-04T14:30:11+08:00 ][ info ] [ DB ] INIT mysql
[ 2022-03-04T14:32:37+08:00 ][ info ] [ LANG ] D:\phpstudy_pro\WWW\new_kefu\thinkphp\lang\zh-cn.php
[ info ] [ LOG ] INIT File
[ 2022-03-04T14:32:37+08:00 ][ info ] [ ROUTE ] array (
  'type' => 'module',
  'module' => 
  array (
    0 => 'scripts',
    1 => 'PlatformGameInfo',
    2 => 'run',
  ),
)
[ 2022-03-04T14:32:37+08:00 ][ info ] [ HEADER ] array (
)
[ 2022-03-04T14:32:37+08:00 ][ info ] [ PARAM ] array (
  'g' => 'scripts',
  'm' => 'PlatformGameInfo',
  'a' => 'run',
  'p' => 
  array (
    'action' => 'platform_game_list',
  ),
)
[ 2022-03-04T14:32:37+08:00 ][ info ] [ CACHE ] INIT redis
[ 2022-03-04T14:32:37+08:00 ][ info ] [ RUN ] app\scripts\controller\PlatformGameInfo->run[ D:\phpstudy_pro\WWW\new_kefu\application\scripts\controller\PlatformGameInfo.php ]
[ 2022-03-04T14:32:44+08:00 ][ info ] [ LANG ] D:\phpstudy_pro\WWW\new_kefu\thinkphp\lang\zh-cn.php
[ info ] [ LOG ] INIT File
[ 2022-03-04T14:32:44+08:00 ][ info ] [ ROUTE ] array (
  'type' => 'module',
  'module' => 
  array (
    0 => 'scripts',
    1 => 'PlatformGameInfo',
    2 => 'run',
  ),
)
[ 2022-03-04T14:32:44+08:00 ][ info ] [ HEADER ] array (
)
[ 2022-03-04T14:32:44+08:00 ][ info ] [ PARAM ] array (
  'g' => 'scripts',
  'm' => 'PlatformGameInfo',
  'a' => 'run',
  'p' => 
  array (
    'action' => 'platform_game_list',
  ),
)
[ 2022-03-04T14:32:44+08:00 ][ info ] [ CACHE ] INIT redis
[ 2022-03-04T14:32:44+08:00 ][ info ] [ RUN ] app\scripts\controller\PlatformGameInfo->run[ D:\phpstudy_pro\WWW\new_kefu\application\scripts\controller\PlatformGameInfo.php ]
[ 2022-03-04T14:32:44+08:00 ][ info ] [ DB ] INIT mysql
[ 2022-03-04T14:32:44+08:00 ][ sql ] [ DB ] CONNECT:[ UseTime:0.001271s ] mysql:host=127.0.0.1;port=3306;dbname=gr_chat;charset=utf8
[ 2022-03-04T14:32:44+08:00 ][ sql ] [ SQL ] SHOW COLUMNS FROM `gr_run_log` [ RunTime:0.000821s ]
[ 2022-03-04T14:32:44+08:00 ][ sql ] [ SQL ] INSERT INTO `gr_run_log` (`controller` , `action` , `input_param` , `add_time` , `update_time`) VALUES ('script_PlatformGameInfo' , 'platformGameList' , '{\"action\":\"platform_game_list\"}' , 1646375564 , 1646375564) [ RunTime:0.001567s ]
[ 2022-03-04T14:32:44+08:00 ][ info ] [ DB ] INIT mysql
[ 2022-03-04T14:32:45+08:00 ][ info ] [ DB ] INIT mysql
[ 2022-03-04T14:32:45+08:00 ][ error ] [8]Undefined index: url_key[D:\phpstudy_pro\WWW\new_kefu\common\server\Platform\GameInfoServer.php:107]
[ 2022-03-04T14:33:13+08:00 ][ info ] [ LANG ] D:\phpstudy_pro\WWW\new_kefu\thinkphp\lang\zh-cn.php
[ info ] [ LOG ] INIT File
[ 2022-03-04T14:33:13+08:00 ][ info ] [ ROUTE ] array (
  'type' => 'module',
  'module' => 
  array (
    0 => 'scripts',
    1 => 'PlatformGameInfo',
    2 => 'run',
  ),
)
[ 2022-03-04T14:33:13+08:00 ][ info ] [ HEADER ] array (
)
[ 2022-03-04T14:33:13+08:00 ][ info ] [ PARAM ] array (
  'g' => 'scripts',
  'm' => 'PlatformGameInfo',
  'a' => 'run',
  'p' => 
  array (
    'action' => 'platform_game_list',
  ),
)
[ 2022-03-04T14:33:13+08:00 ][ info ] [ CACHE ] INIT redis
[ 2022-03-04T14:33:13+08:00 ][ info ] [ RUN ] app\scripts\controller\PlatformGameInfo->run[ D:\phpstudy_pro\WWW\new_kefu\application\scripts\controller\PlatformGameInfo.php ]
[ 2022-03-04T14:33:13+08:00 ][ info ] [ DB ] INIT mysql
[ 2022-03-04T14:33:13+08:00 ][ sql ] [ DB ] CONNECT:[ UseTime:0.001140s ] mysql:host=127.0.0.1;port=3306;dbname=gr_chat;charset=utf8
[ 2022-03-04T14:33:13+08:00 ][ sql ] [ SQL ] SHOW COLUMNS FROM `gr_run_log` [ RunTime:0.000890s ]
[ 2022-03-04T14:33:13+08:00 ][ sql ] [ SQL ] INSERT INTO `gr_run_log` (`controller` , `action` , `input_param` , `add_time` , `update_time`) VALUES ('script_PlatformGameInfo' , 'platformGameList' , '{\"action\":\"platform_game_list\"}' , 1646375593 , 1646375593) [ RunTime:0.001625s ]
[ 2022-03-04T14:33:13+08:00 ][ info ] [ DB ] INIT mysql
[ 2022-03-04T14:33:32+08:00 ][ info ] [ LANG ] D:\phpstudy_pro\WWW\new_kefu\thinkphp\lang\zh-cn.php
[ info ] [ LOG ] INIT File
[ 2022-03-04T14:33:32+08:00 ][ info ] [ ROUTE ] array (
  'type' => 'module',
  'module' => 
  array (
    0 => 'scripts',
    1 => 'PlatformGameInfo',
    2 => 'run',
  ),
)
[ 2022-03-04T14:33:32+08:00 ][ info ] [ HEADER ] array (
)
[ 2022-03-04T14:33:32+08:00 ][ info ] [ PARAM ] array (
  'g' => 'scripts',
  'm' => 'PlatformGameInfo',
  'a' => 'run',
  'p' => 
  array (
    'action' => 'platform_game_list',
  ),
)
[ 2022-03-04T14:33:32+08:00 ][ info ] [ CACHE ] INIT redis
[ 2022-03-04T14:33:32+08:00 ][ info ] [ RUN ] app\scripts\controller\PlatformGameInfo->run[ D:\phpstudy_pro\WWW\new_kefu\application\scripts\controller\PlatformGameInfo.php ]
[ 2022-03-04T14:33:32+08:00 ][ info ] [ DB ] INIT mysql
[ 2022-03-04T14:33:32+08:00 ][ sql ] [ DB ] CONNECT:[ UseTime:0.001117s ] mysql:host=127.0.0.1;port=3306;dbname=gr_chat;charset=utf8
[ 2022-03-04T14:33:32+08:00 ][ sql ] [ SQL ] SHOW COLUMNS FROM `gr_run_log` [ RunTime:0.001053s ]
[ 2022-03-04T14:33:32+08:00 ][ sql ] [ SQL ] INSERT INTO `gr_run_log` (`controller` , `action` , `input_param` , `add_time` , `update_time`) VALUES ('script_PlatformGameInfo' , 'platformGameList' , '{\"action\":\"platform_game_list\"}' , 1646375612 , 1646375612) [ RunTime:0.001380s ]
[ 2022-03-04T14:33:32+08:00 ][ info ] [ DB ] INIT mysql
[ 2022-03-04T14:33:32+08:00 ][ info ] [ DB ] INIT mysql
[ 2022-03-04T14:33:32+08:00 ][ error ] [8]Undefined index: url_key[D:\phpstudy_pro\WWW\new_kefu\common\server\Platform\GameInfoServer.php:107]
[ 2022-03-04T14:33:55+08:00 ][ info ] [ LANG ] D:\phpstudy_pro\WWW\new_kefu\thinkphp\lang\zh-cn.php
[ info ] [ LOG ] INIT File
[ 2022-03-04T14:33:55+08:00 ][ info ] [ ROUTE ] array (
  'type' => 'module',
  'module' => 
  array (
    0 => 'scripts',
    1 => 'PlatformGameInfo',
    2 => 'run',
  ),
)
[ 2022-03-04T14:33:55+08:00 ][ info ] [ HEADER ] array (
)
[ 2022-03-04T14:33:55+08:00 ][ info ] [ PARAM ] array (
  'g' => 'scripts',
  'm' => 'PlatformGameInfo',
  'a' => 'run',
  'p' => 
  array (
    'action' => 'platform_game_list',
  ),
)
[ 2022-03-04T14:33:55+08:00 ][ info ] [ CACHE ] INIT redis
[ 2022-03-04T14:33:55+08:00 ][ info ] [ RUN ] app\scripts\controller\PlatformGameInfo->run[ D:\phpstudy_pro\WWW\new_kefu\application\scripts\controller\PlatformGameInfo.php ]
[ 2022-03-04T14:33:55+08:00 ][ info ] [ DB ] INIT mysql
[ 2022-03-04T14:33:55+08:00 ][ sql ] [ DB ] CONNECT:[ UseTime:0.001196s ] mysql:host=127.0.0.1;port=3306;dbname=gr_chat;charset=utf8
[ 2022-03-04T14:33:55+08:00 ][ sql ] [ SQL ] SHOW COLUMNS FROM `gr_run_log` [ RunTime:0.000882s ]
[ 2022-03-04T14:33:55+08:00 ][ sql ] [ SQL ] INSERT INTO `gr_run_log` (`controller` , `action` , `input_param` , `add_time` , `update_time`) VALUES ('script_PlatformGameInfo' , 'platformGameList' , '{\"action\":\"platform_game_list\"}' , 1646375635 , 1646375635) [ RunTime:0.001452s ]
[ 2022-03-04T14:33:55+08:00 ][ info ] [ DB ] INIT mysql
[ 2022-03-04T14:33:55+08:00 ][ info ] [ DB ] INIT mysql
[ 2022-03-04T14:33:55+08:00 ][ error ] [8]Undefined index: url_key[D:\phpstudy_pro\WWW\new_kefu\common\server\Platform\GameInfoServer.php:107]
[ 2022-03-04T14:35:13+08:00 ][ info ] [ LANG ] D:\phpstudy_pro\WWW\new_kefu\thinkphp\lang\zh-cn.php
[ info ] [ LOG ] INIT File
[ 2022-03-04T14:35:13+08:00 ][ info ] [ ROUTE ] array (
  'type' => 'module',
  'module' => 
  array (
    0 => 'scripts',
    1 => 'PlatformGameInfo',
    2 => 'run',
  ),
)
[ 2022-03-04T14:35:13+08:00 ][ info ] [ HEADER ] array (
)
[ 2022-03-04T14:35:13+08:00 ][ info ] [ PARAM ] array (
  'g' => 'scripts',
  'm' => 'PlatformGameInfo',
  'a' => 'run',
  'p' => 
  array (
    'action' => 'platform_game_list',
  ),
)
[ 2022-03-04T14:35:13+08:00 ][ info ] [ CACHE ] INIT redis
[ 2022-03-04T14:35:13+08:00 ][ info ] [ RUN ] app\scripts\controller\PlatformGameInfo->run[ D:\phpstudy_pro\WWW\new_kefu\application\scripts\controller\PlatformGameInfo.php ]
[ 2022-03-04T14:35:13+08:00 ][ info ] [ DB ] INIT mysql
[ 2022-03-04T14:35:13+08:00 ][ sql ] [ DB ] CONNECT:[ UseTime:0.001100s ] mysql:host=127.0.0.1;port=3306;dbname=gr_chat;charset=utf8
[ 2022-03-04T14:35:13+08:00 ][ sql ] [ SQL ] SHOW COLUMNS FROM `gr_run_log` [ RunTime:0.000726s ]
[ 2022-03-04T14:35:13+08:00 ][ sql ] [ SQL ] INSERT INTO `gr_run_log` (`controller` , `action` , `input_param` , `add_time` , `update_time`) VALUES ('script_PlatformGameInfo' , 'platformGameList' , '{\"action\":\"platform_game_list\"}' , 1646375713 , 1646375713) [ RunTime:0.001532s ]
[ 2022-03-04T14:35:13+08:00 ][ info ] [ DB ] INIT mysql
[ 2022-03-04T14:35:35+08:00 ][ info ] [ LANG ] D:\phpstudy_pro\WWW\new_kefu\thinkphp\lang\zh-cn.php
[ info ] [ LOG ] INIT File
[ 2022-03-04T14:35:35+08:00 ][ info ] [ ROUTE ] array (
  'type' => 'module',
  'module' => 
  array (
    0 => 'scripts',
    1 => 'PlatformGameInfo',
    2 => 'run',
  ),
)
[ 2022-03-04T14:35:35+08:00 ][ info ] [ HEADER ] array (
)
[ 2022-03-04T14:35:35+08:00 ][ info ] [ PARAM ] array (
  'g' => 'scripts',
  'm' => 'PlatformGameInfo',
  'a' => 'run',
  'p' => 
  array (
    'action' => 'platform_game_list',
  ),
)
[ 2022-03-04T14:35:35+08:00 ][ info ] [ CACHE ] INIT redis
[ 2022-03-04T14:35:35+08:00 ][ info ] [ RUN ] app\scripts\controller\PlatformGameInfo->run[ D:\phpstudy_pro\WWW\new_kefu\application\scripts\controller\PlatformGameInfo.php ]
[ 2022-03-04T14:35:35+08:00 ][ info ] [ DB ] INIT mysql
[ 2022-03-04T14:35:35+08:00 ][ sql ] [ DB ] CONNECT:[ UseTime:0.001161s ] mysql:host=127.0.0.1;port=3306;dbname=gr_chat;charset=utf8
[ 2022-03-04T14:35:35+08:00 ][ sql ] [ SQL ] SHOW COLUMNS FROM `gr_run_log` [ RunTime:0.000637s ]
[ 2022-03-04T14:35:35+08:00 ][ sql ] [ SQL ] INSERT INTO `gr_run_log` (`controller` , `action` , `input_param` , `add_time` , `update_time`) VALUES ('script_PlatformGameInfo' , 'platformGameList' , '{\"action\":\"platform_game_list\"}' , 1646375735 , 1646375735) [ RunTime:0.001286s ]
[ 2022-03-04T14:35:35+08:00 ][ info ] [ DB ] INIT mysql
[ 2022-03-04T14:35:44+08:00 ][ info ] [ LANG ] D:\phpstudy_pro\WWW\new_kefu\thinkphp\lang\zh-cn.php
[ info ] [ LOG ] INIT File
[ 2022-03-04T14:35:44+08:00 ][ info ] [ ROUTE ] array (
  'type' => 'module',
  'module' => 
  array (
    0 => 'scripts',
    1 => 'PlatformGameInfo',
    2 => 'run',
  ),
)
[ 2022-03-04T14:35:44+08:00 ][ info ] [ HEADER ] array (
)
[ 2022-03-04T14:35:44+08:00 ][ info ] [ PARAM ] array (
  'g' => 'scripts',
  'm' => 'PlatformGameInfo',
  'a' => 'run',
  'p' => 
  array (
    'action' => 'platform_game_list',
  ),
)
[ 2022-03-04T14:35:44+08:00 ][ info ] [ CACHE ] INIT redis
[ 2022-03-04T14:35:44+08:00 ][ info ] [ RUN ] app\scripts\controller\PlatformGameInfo->run[ D:\phpstudy_pro\WWW\new_kefu\application\scripts\controller\PlatformGameInfo.php ]
[ 2022-03-04T14:35:44+08:00 ][ info ] [ DB ] INIT mysql
[ 2022-03-04T14:35:44+08:00 ][ sql ] [ DB ] CONNECT:[ UseTime:0.001140s ] mysql:host=127.0.0.1;port=3306;dbname=gr_chat;charset=utf8
[ 2022-03-04T14:35:44+08:00 ][ sql ] [ SQL ] SHOW COLUMNS FROM `gr_run_log` [ RunTime:0.000676s ]
[ 2022-03-04T14:35:44+08:00 ][ sql ] [ SQL ] INSERT INTO `gr_run_log` (`controller` , `action` , `input_param` , `add_time` , `update_time`) VALUES ('script_PlatformGameInfo' , 'platformGameList' , '{\"action\":\"platform_game_list\"}' , 1646375744 , 1646375744) [ RunTime:0.001476s ]
[ 2022-03-04T14:35:44+08:00 ][ info ] [ DB ] INIT mysql
[ 2022-03-04T14:35:45+08:00 ][ info ] [ DB ] INIT mysql
[ 2022-03-04T14:35:45+08:00 ][ error ] [8]Undefined index: game_list[D:\phpstudy_pro\WWW\new_kefu\common\server\Platform\GameInfoServer.php:110]
[ 2022-03-04T14:38:57+08:00 ][ info ] [ LANG ] D:\phpstudy_pro\WWW\new_kefu\thinkphp\lang\zh-cn.php
[ info ] [ LOG ] INIT File
[ 2022-03-04T14:38:57+08:00 ][ info ] [ ROUTE ] array (
  'type' => 'module',
  'module' => 
  array (
    0 => 'scripts',
    1 => 'PlatformGameInfo',
    2 => 'run',
  ),
)
[ 2022-03-04T14:38:57+08:00 ][ info ] [ HEADER ] array (
)
[ 2022-03-04T14:38:57+08:00 ][ info ] [ PARAM ] array (
  'g' => 'scripts',
  'm' => 'PlatformGameInfo',
  'a' => 'run',
  'p' => 
  array (
    'action' => 'platform_game_list',
  ),
)
[ 2022-03-04T14:38:57+08:00 ][ info ] [ CACHE ] INIT redis
[ 2022-03-04T14:38:57+08:00 ][ info ] [ RUN ] app\scripts\controller\PlatformGameInfo->run[ D:\phpstudy_pro\WWW\new_kefu\application\scripts\controller\PlatformGameInfo.php ]
[ 2022-03-04T14:38:57+08:00 ][ info ] [ DB ] INIT mysql
[ 2022-03-04T14:38:57+08:00 ][ sql ] [ DB ] CONNECT:[ UseTime:0.001305s ] mysql:host=127.0.0.1;port=3306;dbname=gr_chat;charset=utf8
[ 2022-03-04T14:38:57+08:00 ][ sql ] [ SQL ] SHOW COLUMNS FROM `gr_run_log` [ RunTime:0.000896s ]
[ 2022-03-04T14:38:57+08:00 ][ sql ] [ SQL ] INSERT INTO `gr_run_log` (`controller` , `action` , `input_param` , `add_time` , `update_time`) VALUES ('script_PlatformGameInfo' , 'platformGameList' , '{\"action\":\"platform_game_list\"}' , 1646375937 , 1646375937) [ RunTime:0.001123s ]
[ 2022-03-04T14:38:57+08:00 ][ info ] [ DB ] INIT mysql
[ 2022-03-04T14:38:58+08:00 ][ info ] [ DB ] INIT mysql
[ 2022-03-04T14:39:20+08:00 ][ error ] [0]Fatal error: Cannot use object of type common\server\Platform\GameInfoServer as array[D:\phpstudy_pro\WWW\new_kefu\application\scripts\controller\PlatformGameInfo.php:57]
[ 2022-03-04T16:59:18+08:00 ][ info ] [ LANG ] D:\phpstudy_pro\WWW\new_kefu\thinkphp\lang\zh-cn.php
[ info ] [ LOG ] INIT File
[ 2022-03-04T16:59:18+08:00 ][ info ] [ ROUTE ] array (
  'type' => 'module',
  'module' => 
  array (
    0 => 'scripts',
    1 => 'UpdateServerOpenTime',
    2 => 'run',
  ),
)
[ 2022-03-04T16:59:18+08:00 ][ info ] [ HEADER ] array (
)
[ 2022-03-04T16:59:18+08:00 ][ info ] [ PARAM ] array (
  'g' => 'scripts',
  'm' => 'UpdateServerOpenTime',
  'a' => 'run',
  'p' => 
  array (
    'action' => 'update',
  ),
)
[ 2022-03-04T16:59:18+08:00 ][ info ] [ CACHE ] INIT redis
[ 2022-03-04T16:59:18+08:00 ][ info ] [ DB ] INIT mysql
[ 2022-03-04T16:59:18+08:00 ][ info ] [ RUN ] app\scripts\controller\UpdateServerOpenTime->run[ D:\phpstudy_pro\WWW\new_kefu\application\scripts\controller\UpdateServerOpenTime.php ]
[ 2022-03-04T16:59:18+08:00 ][ info ] [ DB ] INIT mysql
[ 2022-03-04T16:59:18+08:00 ][ sql ] [ DB ] CONNECT:[ UseTime:0.001438s ] mysql:host=127.0.0.1;port=3306;dbname=gr_chat;charset=utf8
[ 2022-03-04T16:59:18+08:00 ][ sql ] [ SQL ] SHOW COLUMNS FROM `gr_run_log` [ RunTime:0.001277s ]
[ 2022-03-04T16:59:18+08:00 ][ sql ] [ SQL ] INSERT INTO `gr_run_log` (`controller` , `action` , `input_param` , `add_time` , `update_time`) VALUES ('script_UpdateServerOpenTime' , 'updateServerOpenTime' , '[]' , 1646384358 , 1646384358) [ RunTime:0.001739s ]
[ 2022-03-04T16:59:18+08:00 ][ error ] [2]array_search() expects parameter 2 to be array, null given[D:\phpstudy_pro\WWW\new_kefu\common\server\UpdateServerOpenTime\UpdateServerOpenTimeServer.php:64]
[ 2022-03-04T17:34:01+08:00 ][ info ] [ LANG ] D:\phpstudy_pro\WWW\new_kefu\thinkphp\lang\zh-cn.php
[ info ] [ LOG ] INIT File
[ 2022-03-04T17:34:01+08:00 ][ info ] [ ROUTE ] array (
  'type' => 'module',
  'module' => 
  array (
    0 => 'scripts',
    1 => 'UpdateServerOpenTime',
    2 => 'run',
  ),
)
[ 2022-03-04T17:34:01+08:00 ][ info ] [ HEADER ] array (
)
[ 2022-03-04T17:34:01+08:00 ][ info ] [ PARAM ] array (
  'g' => 'scripts',
  'm' => 'UpdateServerOpenTime',
  'a' => 'run',
  'p' => 
  array (
    'action' => 'update',
  ),
)
[ 2022-03-04T17:34:01+08:00 ][ info ] [ CACHE ] INIT redis
[ 2022-03-04T17:34:01+08:00 ][ info ] [ RUN ] app\scripts\controller\UpdateServerOpenTime->run[ D:\phpstudy_pro\WWW\new_kefu\application\scripts\controller\UpdateServerOpenTime.php ]
[ 2022-03-04T17:34:01+08:00 ][ error ] [8]Undefined index: func[D:\phpstudy_pro\WWW\new_kefu\thinkphp\library\traits\controller\lxxScript.php:179]
[ 2022-03-04T17:34:36+08:00 ][ info ] [ LANG ] D:\phpstudy_pro\WWW\new_kefu\thinkphp\lang\zh-cn.php
[ info ] [ LOG ] INIT File
[ 2022-03-04T17:34:36+08:00 ][ info ] [ ROUTE ] array (
  'type' => 'module',
  'module' => 
  array (
    0 => 'scripts',
    1 => 'UpdateServerOpenTime',
    2 => 'run',
  ),
)
[ 2022-03-04T17:34:36+08:00 ][ info ] [ HEADER ] array (
)
[ 2022-03-04T17:34:36+08:00 ][ info ] [ PARAM ] array (
  'g' => 'scripts',
  'm' => 'UpdateServerOpenTime',
  'a' => 'run',
  'p' => 
  array (
    'action' => 'update',
  ),
)
[ 2022-03-04T17:34:36+08:00 ][ info ] [ CACHE ] INIT redis
[ 2022-03-04T17:34:36+08:00 ][ info ] [ RUN ] app\scripts\controller\UpdateServerOpenTime->run[ D:\phpstudy_pro\WWW\new_kefu\application\scripts\controller\UpdateServerOpenTime.php ]
[ 2022-03-04T17:34:36+08:00 ][ info ] [ DB ] INIT mysql
[ 2022-03-04T17:34:36+08:00 ][ sql ] [ DB ] CONNECT:[ UseTime:0.001944s ] mysql:host=127.0.0.1;port=3306;dbname=gr_chat;charset=utf8
[ 2022-03-04T17:34:36+08:00 ][ sql ] [ SQL ] SHOW COLUMNS FROM `gr_run_log` [ RunTime:0.001286s ]
[ 2022-03-04T17:34:36+08:00 ][ sql ] [ SQL ] INSERT INTO `gr_run_log` (`controller` , `action` , `input_param` , `add_time` , `update_time`) VALUES ('script_UpdateServerOpenTime' , 'updateServerOpenTime' , '[]' , 1646386476 , 1646386476) [ RunTime:0.001044s ]
[ 2022-03-04T17:34:36+08:00 ][ error ] [0]Type error: Too few arguments to function common\server\UpdateServerOpenTime\UpdateServerOpenTimeServer::updateServerOpenTime(), 0 passed in D:\phpstudy_pro\WWW\new_kefu\application\scripts\controller\UpdateServerOpenTime.php on line 32 and exactly 1 expected[D:\phpstudy_pro\WWW\new_kefu\common\server\UpdateServerOpenTime\UpdateServerOpenTimeServer.php:65]
[ 2022-03-04T17:36:23+08:00 ][ info ] [ LANG ] D:\phpstudy_pro\WWW\new_kefu\thinkphp\lang\zh-cn.php
[ info ] [ LOG ] INIT File
[ 2022-03-04T17:36:23+08:00 ][ info ] [ ROUTE ] array (
  'type' => 'module',
  'module' => 
  array (
    0 => 'scripts',
    1 => 'UpdateServerOpenTime',
    2 => 'run',
  ),
)
[ 2022-03-04T17:36:23+08:00 ][ info ] [ HEADER ] array (
)
[ 2022-03-04T17:36:23+08:00 ][ info ] [ PARAM ] array (
  'g' => 'scripts',
  'm' => 'UpdateServerOpenTime',
  'a' => 'run',
  'p' => 
  array (
    'action' => 'update',
  ),
)
[ 2022-03-04T17:36:23+08:00 ][ info ] [ CACHE ] INIT redis
[ 2022-03-04T17:36:23+08:00 ][ info ] [ RUN ] app\scripts\controller\UpdateServerOpenTime->run[ D:\phpstudy_pro\WWW\new_kefu\application\scripts\controller\UpdateServerOpenTime.php ]
[ 2022-03-04T17:36:23+08:00 ][ info ] [ DB ] INIT mysql
[ 2022-03-04T17:36:23+08:00 ][ sql ] [ DB ] CONNECT:[ UseTime:0.001491s ] mysql:host=127.0.0.1;port=3306;dbname=gr_chat;charset=utf8
[ 2022-03-04T17:36:23+08:00 ][ sql ] [ SQL ] SHOW COLUMNS FROM `gr_run_log` [ RunTime:0.000969s ]
[ 2022-03-04T17:36:23+08:00 ][ sql ] [ SQL ] INSERT INTO `gr_run_log` (`controller` , `action` , `input_param` , `add_time` , `update_time`) VALUES ('script_UpdateServerOpenTime' , 'updateServerOpenTime' , '[]' , 1646386583 , 1646386583) [ RunTime:0.001166s ]
[ 2022-03-04T17:36:23+08:00 ][ error ] [8]Undefined index: [D:\phpstudy_pro\WWW\new_kefu\common\server\UpdateServerOpenTime\UpdateServerOpenTimeServer.php:42]
[ 2022-03-04T17:42:49+08:00 ][ info ] [ LANG ] D:\phpstudy_pro\WWW\new_kefu\thinkphp\lang\zh-cn.php
[ info ] [ LOG ] INIT File
[ 2022-03-04T17:42:49+08:00 ][ info ] [ ROUTE ] array (
  'type' => 'module',
  'module' => 
  array (
    0 => 'scripts',
    1 => 'UpdateServerOpenTime',
    2 => 'run',
  ),
)
[ 2022-03-04T17:42:49+08:00 ][ info ] [ HEADER ] array (
)
[ 2022-03-04T17:42:49+08:00 ][ info ] [ PARAM ] array (
  'g' => 'scripts',
  'm' => 'UpdateServerOpenTime',
  'a' => 'run',
  'p' => 
  array (
    'action' => 'update',
  ),
)
[ 2022-03-04T17:42:49+08:00 ][ info ] [ CACHE ] INIT redis
[ 2022-03-04T17:42:49+08:00 ][ info ] [ RUN ] app\scripts\controller\UpdateServerOpenTime->run[ D:\phpstudy_pro\WWW\new_kefu\application\scripts\controller\UpdateServerOpenTime.php ]
[ 2022-03-04T17:42:49+08:00 ][ info ] [ DB ] INIT mysql
[ 2022-03-04T17:42:49+08:00 ][ sql ] [ DB ] CONNECT:[ UseTime:0.001494s ] mysql:host=127.0.0.1;port=3306;dbname=gr_chat;charset=utf8
[ 2022-03-04T17:42:49+08:00 ][ sql ] [ SQL ] SHOW COLUMNS FROM `gr_run_log` [ RunTime:0.001275s ]
[ 2022-03-04T17:42:49+08:00 ][ sql ] [ SQL ] INSERT INTO `gr_run_log` (`controller` , `action` , `input_param` , `add_time` , `update_time`) VALUES ('script_UpdateServerOpenTime' , 'updateServerOpenTime' , '[]' , 1646386969 , 1646386969) [ RunTime:0.001087s ]
[ 2022-03-04T17:42:49+08:00 ][ sql ] [ SQL ] UPDATE `gr_run_log`  SET `out_param`=NULL,`status`=1,`update_time`=1646386969  WHERE  `id` = 219 [ RunTime:0.001487s ]
[ 2022-03-04T17:43:17+08:00 ][ info ] [ LANG ] D:\phpstudy_pro\WWW\new_kefu\thinkphp\lang\zh-cn.php
[ info ] [ LOG ] INIT File
[ 2022-03-04T17:43:17+08:00 ][ info ] [ ROUTE ] array (
  'type' => 'module',
  'module' => 
  array (
    0 => 'scripts',
    1 => 'UpdateServerOpenTime',
    2 => 'run',
  ),
)
[ 2022-03-04T17:43:17+08:00 ][ info ] [ HEADER ] array (
)
[ 2022-03-04T17:43:17+08:00 ][ info ] [ PARAM ] array (
  'g' => 'scripts',
  'm' => 'UpdateServerOpenTime',
  'a' => 'run',
  'p' => 
  array (
    'action' => 'update',
  ),
)
[ 2022-03-04T17:43:17+08:00 ][ info ] [ CACHE ] INIT redis
[ 2022-03-04T17:43:17+08:00 ][ info ] [ RUN ] app\scripts\controller\UpdateServerOpenTime->run[ D:\phpstudy_pro\WWW\new_kefu\application\scripts\controller\UpdateServerOpenTime.php ]
[ 2022-03-04T17:43:17+08:00 ][ info ] [ DB ] INIT mysql
[ 2022-03-04T17:43:17+08:00 ][ sql ] [ DB ] CONNECT:[ UseTime:0.001629s ] mysql:host=127.0.0.1;port=3306;dbname=gr_chat;charset=utf8
[ 2022-03-04T17:43:17+08:00 ][ sql ] [ SQL ] SHOW COLUMNS FROM `gr_run_log` [ RunTime:0.001349s ]
[ 2022-03-04T17:43:17+08:00 ][ sql ] [ SQL ] INSERT INTO `gr_run_log` (`controller` , `action` , `input_param` , `add_time` , `update_time`) VALUES ('script_UpdateServerOpenTime' , 'updateServerOpenTime' , '[]' , 1646386997 , 1646386997) [ RunTime:0.001170s ]
[ 2022-03-04T17:43:17+08:00 ][ sql ] [ SQL ] UPDATE `gr_run_log`  SET `out_param`=NULL,`status`=1,`update_time`=1646386997  WHERE  `id` = 220 [ RunTime:0.001186s ]
[ 2022-03-04T17:44:53+08:00 ][ info ] [ LANG ] D:\phpstudy_pro\WWW\new_kefu\thinkphp\lang\zh-cn.php
[ info ] [ LOG ] INIT File
[ 2022-03-04T17:44:53+08:00 ][ info ] [ ROUTE ] array (
  'type' => 'module',
  'module' => 
  array (
    0 => 'scripts',
    1 => 'UpdateServerOpenTime',
    2 => 'run',
  ),
)
[ 2022-03-04T17:44:53+08:00 ][ info ] [ HEADER ] array (
)
[ 2022-03-04T17:44:53+08:00 ][ info ] [ PARAM ] array (
  'g' => 'scripts',
  'm' => 'UpdateServerOpenTime',
  'a' => 'run',
  'p' => 
  array (
    'action' => 'update',
  ),
)
[ 2022-03-04T17:44:53+08:00 ][ info ] [ CACHE ] INIT redis
[ 2022-03-04T17:44:53+08:00 ][ info ] [ RUN ] app\scripts\controller\UpdateServerOpenTime->run[ D:\phpstudy_pro\WWW\new_kefu\application\scripts\controller\UpdateServerOpenTime.php ]
[ 2022-03-04T17:44:53+08:00 ][ info ] [ DB ] INIT mysql
[ 2022-03-04T17:44:53+08:00 ][ sql ] [ DB ] CONNECT:[ UseTime:0.001407s ] mysql:host=127.0.0.1;port=3306;dbname=gr_chat;charset=utf8
[ 2022-03-04T17:44:53+08:00 ][ sql ] [ SQL ] SHOW COLUMNS FROM `gr_run_log` [ RunTime:0.001016s ]
[ 2022-03-04T17:44:53+08:00 ][ sql ] [ SQL ] INSERT INTO `gr_run_log` (`controller` , `action` , `input_param` , `add_time` , `update_time`) VALUES ('script_UpdateServerOpenTime' , 'updateServerOpenTime' , '[]' , 1646387093 , 1646387093) [ RunTime:0.001010s ]
[ 2022-03-04T17:44:53+08:00 ][ sql ] [ SQL ] UPDATE `gr_run_log`  SET `out_param`=NULL,`status`=1,`update_time`=1646387093  WHERE  `id` = 221 [ RunTime:0.000854s ]
[ 2022-03-04T17:45:06+08:00 ][ info ] [ LANG ] D:\phpstudy_pro\WWW\new_kefu\thinkphp\lang\zh-cn.php
[ info ] [ LOG ] INIT File
[ 2022-03-04T17:45:06+08:00 ][ info ] [ ROUTE ] array (
  'type' => 'module',
  'module' => 
  array (
    0 => 'scripts',
    1 => 'UpdateServerOpenTime',
    2 => 'run',
  ),
)
[ 2022-03-04T17:45:06+08:00 ][ info ] [ HEADER ] array (
)
[ 2022-03-04T17:45:06+08:00 ][ info ] [ PARAM ] array (
  'g' => 'scripts',
  'm' => 'UpdateServerOpenTime',
  'a' => 'run',
  'p' => 
  array (
    'action' => 'update',
  ),
)
[ 2022-03-04T17:45:06+08:00 ][ info ] [ CACHE ] INIT redis
[ 2022-03-04T17:45:06+08:00 ][ info ] [ RUN ] app\scripts\controller\UpdateServerOpenTime->run[ D:\phpstudy_pro\WWW\new_kefu\application\scripts\controller\UpdateServerOpenTime.php ]
[ 2022-03-04T17:45:06+08:00 ][ info ] [ DB ] INIT mysql
[ 2022-03-04T17:45:06+08:00 ][ sql ] [ DB ] CONNECT:[ UseTime:0.001421s ] mysql:host=127.0.0.1;port=3306;dbname=gr_chat;charset=utf8
[ 2022-03-04T17:45:06+08:00 ][ sql ] [ SQL ] SHOW COLUMNS FROM `gr_run_log` [ RunTime:0.001052s ]
[ 2022-03-04T17:45:06+08:00 ][ sql ] [ SQL ] INSERT INTO `gr_run_log` (`controller` , `action` , `input_param` , `add_time` , `update_time`) VALUES ('script_UpdateServerOpenTime' , 'updateServerOpenTime' , '[]' , 1646387106 , 1646387106) [ RunTime:0.001054s ]
[ 2022-03-04T17:45:06+08:00 ][ sql ] [ SQL ] UPDATE `gr_run_log`  SET `out_param`=NULL,`status`=1,`update_time`=1646387106  WHERE  `id` = 222 [ RunTime:0.000914s ]
[ 2022-03-04T17:45:48+08:00 ][ info ] [ LANG ] D:\phpstudy_pro\WWW\new_kefu\thinkphp\lang\zh-cn.php
[ info ] [ LOG ] INIT File
[ 2022-03-04T17:45:48+08:00 ][ info ] [ ROUTE ] array (
  'type' => 'module',
  'module' => 
  array (
    0 => 'scripts',
    1 => 'UpdateServerOpenTime',
    2 => 'run',
  ),
)
[ 2022-03-04T17:45:48+08:00 ][ info ] [ HEADER ] array (
)
[ 2022-03-04T17:45:48+08:00 ][ info ] [ PARAM ] array (
  'g' => 'scripts',
  'm' => 'UpdateServerOpenTime',
  'a' => 'run',
  'p' => 
  array (
    'action' => 'update',
  ),
)
[ 2022-03-04T17:45:48+08:00 ][ info ] [ CACHE ] INIT redis
[ 2022-03-04T17:45:48+08:00 ][ info ] [ RUN ] app\scripts\controller\UpdateServerOpenTime->run[ D:\phpstudy_pro\WWW\new_kefu\application\scripts\controller\UpdateServerOpenTime.php ]
[ 2022-03-04T17:45:48+08:00 ][ info ] [ DB ] INIT mysql
[ 2022-03-04T17:45:48+08:00 ][ sql ] [ DB ] CONNECT:[ UseTime:0.001335s ] mysql:host=127.0.0.1;port=3306;dbname=gr_chat;charset=utf8
[ 2022-03-04T17:45:48+08:00 ][ sql ] [ SQL ] SHOW COLUMNS FROM `gr_run_log` [ RunTime:0.001231s ]
[ 2022-03-04T17:45:48+08:00 ][ sql ] [ SQL ] INSERT INTO `gr_run_log` (`controller` , `action` , `input_param` , `add_time` , `update_time`) VALUES ('script_UpdateServerOpenTime' , 'updateServerOpenTime' , '[]' , 1646387148 , 1646387148) [ RunTime:0.001176s ]
[ 2022-03-04T17:45:48+08:00 ][ info ] [ DB ] INIT mysql
[ 2022-03-04T17:45:48+08:00 ][ error ] [8]Undefined index: suffix[D:\phpstudy_pro\WWW\new_kefu\common\server\UpdateServerOpenTime\UpdateServerOpenTimeServer.php:77]
[ 2022-03-04T17:46:12+08:00 ][ info ] [ LANG ] D:\phpstudy_pro\WWW\new_kefu\thinkphp\lang\zh-cn.php
[ info ] [ LOG ] INIT File
[ 2022-03-04T17:46:12+08:00 ][ info ] [ ROUTE ] array (
  'type' => 'module',
  'module' => 
  array (
    0 => 'scripts',
    1 => 'UpdateServerOpenTime',
    2 => 'run',
  ),
)
[ 2022-03-04T17:46:12+08:00 ][ info ] [ HEADER ] array (
)
[ 2022-03-04T17:46:12+08:00 ][ info ] [ PARAM ] array (
  'g' => 'scripts',
  'm' => 'UpdateServerOpenTime',
  'a' => 'run',
  'p' => 
  array (
    'action' => 'update',
  ),
)
[ 2022-03-04T17:46:12+08:00 ][ info ] [ CACHE ] INIT redis
[ 2022-03-04T17:46:12+08:00 ][ info ] [ RUN ] app\scripts\controller\UpdateServerOpenTime->run[ D:\phpstudy_pro\WWW\new_kefu\application\scripts\controller\UpdateServerOpenTime.php ]
[ 2022-03-04T17:46:12+08:00 ][ info ] [ DB ] INIT mysql
[ 2022-03-04T17:46:12+08:00 ][ sql ] [ DB ] CONNECT:[ UseTime:0.001134s ] mysql:host=127.0.0.1;port=3306;dbname=gr_chat;charset=utf8
[ 2022-03-04T17:46:12+08:00 ][ sql ] [ SQL ] SHOW COLUMNS FROM `gr_run_log` [ RunTime:0.000851s ]
[ 2022-03-04T17:46:12+08:00 ][ sql ] [ SQL ] INSERT INTO `gr_run_log` (`controller` , `action` , `input_param` , `add_time` , `update_time`) VALUES ('script_UpdateServerOpenTime' , 'updateServerOpenTime' , '[]' , 1646387172 , 1646387172) [ RunTime:0.001105s ]
[ 2022-03-04T17:46:12+08:00 ][ info ] [ DB ] INIT mysql
[ 2022-03-04T17:49:31+08:00 ][ info ] [ LANG ] D:\phpstudy_pro\WWW\new_kefu\thinkphp\lang\zh-cn.php
[ info ] [ LOG ] INIT File
[ 2022-03-04T17:49:31+08:00 ][ info ] [ ROUTE ] array (
  'type' => 'module',
  'module' => 
  array (
    0 => 'scripts',
    1 => 'UpdateServerOpenTime',
    2 => 'run',
  ),
)
[ 2022-03-04T17:49:31+08:00 ][ info ] [ HEADER ] array (
)
[ 2022-03-04T17:49:31+08:00 ][ info ] [ PARAM ] array (
  'g' => 'scripts',
  'm' => 'UpdateServerOpenTime',
  'a' => 'run',
  'p' => 
  array (
    'action' => 'update',
  ),
)
[ 2022-03-04T17:49:31+08:00 ][ info ] [ CACHE ] INIT redis
[ 2022-03-04T17:49:31+08:00 ][ info ] [ RUN ] app\scripts\controller\UpdateServerOpenTime->run[ D:\phpstudy_pro\WWW\new_kefu\application\scripts\controller\UpdateServerOpenTime.php ]
[ 2022-03-04T17:49:31+08:00 ][ info ] [ DB ] INIT mysql
[ 2022-03-04T17:49:31+08:00 ][ sql ] [ DB ] CONNECT:[ UseTime:0.001235s ] mysql:host=127.0.0.1;port=3306;dbname=gr_chat;charset=utf8
[ 2022-03-04T17:49:31+08:00 ][ sql ] [ SQL ] SHOW COLUMNS FROM `gr_run_log` [ RunTime:0.000994s ]
[ 2022-03-04T17:49:31+08:00 ][ sql ] [ SQL ] INSERT INTO `gr_run_log` (`controller` , `action` , `input_param` , `add_time` , `update_time`) VALUES ('script_UpdateServerOpenTime' , 'updateServerOpenTime' , '[]' , 1646387371 , 1646387371) [ RunTime:0.001096s ]
[ 2022-03-04T17:49:31+08:00 ][ info ] [ DB ] INIT mysql
[ 2022-03-04T17:49:31+08:00 ][ error ] [8]Undefined index: tkey[D:\phpstudy_pro\WWW\new_kefu\common\server\UpdateServerOpenTime\UpdateServerOpenTimeServer.php:125]
[ 2022-03-04T17:50:53+08:00 ][ info ] [ LANG ] D:\phpstudy_pro\WWW\new_kefu\thinkphp\lang\zh-cn.php
[ info ] [ LOG ] INIT File
[ 2022-03-04T17:50:53+08:00 ][ info ] [ ROUTE ] array (
  'type' => 'module',
  'module' => 
  array (
    0 => 'scripts',
    1 => 'UpdateServerOpenTime',
    2 => 'run',
  ),
)
[ 2022-03-04T17:50:53+08:00 ][ info ] [ HEADER ] array (
)
[ 2022-03-04T17:50:53+08:00 ][ info ] [ PARAM ] array (
  'g' => 'scripts',
  'm' => 'UpdateServerOpenTime',
  'a' => 'run',
  'p' => 
  array (
    'action' => 'update',
  ),
)
[ 2022-03-04T17:50:53+08:00 ][ info ] [ CACHE ] INIT redis
[ 2022-03-04T17:50:53+08:00 ][ info ] [ RUN ] app\scripts\controller\UpdateServerOpenTime->run[ D:\phpstudy_pro\WWW\new_kefu\application\scripts\controller\UpdateServerOpenTime.php ]
[ 2022-03-04T17:50:53+08:00 ][ info ] [ DB ] INIT mysql
[ 2022-03-04T17:50:53+08:00 ][ sql ] [ DB ] CONNECT:[ UseTime:0.011205s ] mysql:host=127.0.0.1;port=3306;dbname=gr_chat;charset=utf8
[ 2022-03-04T17:50:53+08:00 ][ sql ] [ SQL ] SHOW COLUMNS FROM `gr_run_log` [ RunTime:0.000753s ]
[ 2022-03-04T17:50:53+08:00 ][ sql ] [ SQL ] INSERT INTO `gr_run_log` (`controller` , `action` , `input_param` , `add_time` , `update_time`) VALUES ('script_UpdateServerOpenTime' , 'updateServerOpenTime' , '[]' , 1646387453 , 1646387453) [ RunTime:0.001190s ]
[ 2022-03-04T17:50:53+08:00 ][ info ] [ DB ] INIT mysql
[ 2022-03-04T17:52:32+08:00 ][ info ] [ LANG ] D:\phpstudy_pro\WWW\new_kefu\thinkphp\lang\zh-cn.php
[ info ] [ LOG ] INIT File
[ 2022-03-04T17:52:32+08:00 ][ info ] [ ROUTE ] array (
  'type' => 'module',
  'module' => 
  array (
    0 => 'scripts',
    1 => 'UpdateServerOpenTime',
    2 => 'run',
  ),
)
[ 2022-03-04T17:52:32+08:00 ][ info ] [ HEADER ] array (
)
[ 2022-03-04T17:52:32+08:00 ][ info ] [ PARAM ] array (
  'g' => 'scripts',
  'm' => 'UpdateServerOpenTime',
  'a' => 'run',
  'p' => 
  array (
    'action' => 'update',
  ),
)
[ 2022-03-04T17:52:32+08:00 ][ info ] [ CACHE ] INIT redis
[ 2022-03-04T17:52:32+08:00 ][ info ] [ RUN ] app\scripts\controller\UpdateServerOpenTime->run[ D:\phpstudy_pro\WWW\new_kefu\application\scripts\controller\UpdateServerOpenTime.php ]
[ 2022-03-04T17:52:32+08:00 ][ info ] [ DB ] INIT mysql
[ 2022-03-04T17:52:32+08:00 ][ sql ] [ DB ] CONNECT:[ UseTime:0.001497s ] mysql:host=127.0.0.1;port=3306;dbname=gr_chat;charset=utf8
[ 2022-03-04T17:52:32+08:00 ][ sql ] [ SQL ] SHOW COLUMNS FROM `gr_run_log` [ RunTime:0.000996s ]
[ 2022-03-04T17:52:32+08:00 ][ sql ] [ SQL ] INSERT INTO `gr_run_log` (`controller` , `action` , `input_param` , `add_time` , `update_time`) VALUES ('script_UpdateServerOpenTime' , 'updateServerOpenTime' , '[]' , 1646387552 , 1646387552) [ RunTime:0.001121s ]
[ 2022-03-04T17:52:32+08:00 ][ info ] [ DB ] INIT mysql
[ 2022-03-04T17:58:02+08:00 ][ info ] [ LANG ] D:\phpstudy_pro\WWW\new_kefu\thinkphp\lang\zh-cn.php
[ info ] [ LOG ] INIT File
[ 2022-03-04T17:58:02+08:00 ][ info ] [ ROUTE ] array (
  'type' => 'module',
  'module' => 
  array (
    0 => 'scripts',
    1 => 'UpdateServerOpenTime',
    2 => 'run',
  ),
)
[ 2022-03-04T17:58:02+08:00 ][ info ] [ HEADER ] array (
)
[ 2022-03-04T17:58:02+08:00 ][ info ] [ PARAM ] array (
  'g' => 'scripts',
  'm' => 'UpdateServerOpenTime',
  'a' => 'run',
  'p' => 
  array (
    'action' => 'update',
  ),
)
[ 2022-03-04T17:58:02+08:00 ][ info ] [ CACHE ] INIT redis
[ 2022-03-04T17:58:02+08:00 ][ info ] [ RUN ] app\scripts\controller\UpdateServerOpenTime->run[ D:\phpstudy_pro\WWW\new_kefu\application\scripts\controller\UpdateServerOpenTime.php ]
[ 2022-03-04T17:58:02+08:00 ][ info ] [ DB ] INIT mysql
[ 2022-03-04T17:58:02+08:00 ][ sql ] [ DB ] CONNECT:[ UseTime:0.011009s ] mysql:host=127.0.0.1;port=3306;dbname=gr_chat;charset=utf8
[ 2022-03-04T17:58:02+08:00 ][ sql ] [ SQL ] SHOW COLUMNS FROM `gr_run_log` [ RunTime:0.000924s ]
[ 2022-03-04T17:58:02+08:00 ][ sql ] [ SQL ] INSERT INTO `gr_run_log` (`controller` , `action` , `input_param` , `add_time` , `update_time`) VALUES ('script_UpdateServerOpenTime' , 'updateServerOpenTime' , '[]' , 1646387882 , 1646387882) [ RunTime:0.001292s ]
[ 2022-03-04T17:58:02+08:00 ][ info ] [ DB ] INIT mysql
[ 2022-03-04T17:58:47+08:00 ][ info ] [ LANG ] D:\phpstudy_pro\WWW\new_kefu\thinkphp\lang\zh-cn.php
[ info ] [ LOG ] INIT File
[ 2022-03-04T17:58:47+08:00 ][ info ] [ ROUTE ] array (
  'type' => 'module',
  'module' => 
  array (
    0 => 'scripts',
    1 => 'UpdateServerOpenTime',
    2 => 'run',
  ),
)
[ 2022-03-04T17:58:47+08:00 ][ info ] [ HEADER ] array (
)
[ 2022-03-04T17:58:47+08:00 ][ info ] [ PARAM ] array (
  'g' => 'scripts',
  'm' => 'UpdateServerOpenTime',
  'a' => 'run',
  'p' => 
  array (
    'action' => 'update',
  ),
)
[ 2022-03-04T17:58:47+08:00 ][ info ] [ CACHE ] INIT redis
[ 2022-03-04T17:58:47+08:00 ][ info ] [ RUN ] app\scripts\controller\UpdateServerOpenTime->run[ D:\phpstudy_pro\WWW\new_kefu\application\scripts\controller\UpdateServerOpenTime.php ]
[ 2022-03-04T17:58:47+08:00 ][ info ] [ DB ] INIT mysql
[ 2022-03-04T17:58:47+08:00 ][ sql ] [ DB ] CONNECT:[ UseTime:0.001193s ] mysql:host=127.0.0.1;port=3306;dbname=gr_chat;charset=utf8
[ 2022-03-04T17:58:47+08:00 ][ sql ] [ SQL ] SHOW COLUMNS FROM `gr_run_log` [ RunTime:0.000668s ]
[ 2022-03-04T17:58:47+08:00 ][ sql ] [ SQL ] INSERT INTO `gr_run_log` (`controller` , `action` , `input_param` , `add_time` , `update_time`) VALUES ('script_UpdateServerOpenTime' , 'updateServerOpenTime' , '[]' , 1646387927 , 1646387927) [ RunTime:0.001129s ]
[ 2022-03-04T17:58:47+08:00 ][ info ] [ DB ] INIT mysql
[ 2022-03-04T18:03:14+08:00 ][ info ] [ LANG ] D:\phpstudy_pro\WWW\new_kefu\thinkphp\lang\zh-cn.php
[ info ] [ LOG ] INIT File
[ 2022-03-04T18:03:14+08:00 ][ info ] [ ROUTE ] array (
  'type' => 'module',
  'module' => 
  array (
    0 => 'scripts',
    1 => 'UpdateServerOpenTime',
    2 => 'run',
  ),
)
[ 2022-03-04T18:03:14+08:00 ][ info ] [ HEADER ] array (
)
[ 2022-03-04T18:03:14+08:00 ][ info ] [ PARAM ] array (
  'g' => 'scripts',
  'm' => 'UpdateServerOpenTime',
  'a' => 'run',
  'p' => 
  array (
    'action' => 'update',
  ),
)
[ 2022-03-04T18:03:14+08:00 ][ info ] [ CACHE ] INIT redis
[ 2022-03-04T18:03:14+08:00 ][ info ] [ DB ] INIT mysql
[ 2022-03-04T18:03:14+08:00 ][ info ] [ RUN ] app\scripts\controller\UpdateServerOpenTime->run[ D:\phpstudy_pro\WWW\new_kefu\application\scripts\controller\UpdateServerOpenTime.php ]
[ 2022-03-04T18:03:14+08:00 ][ info ] [ DB ] INIT mysql
[ 2022-03-04T18:03:14+08:00 ][ sql ] [ DB ] CONNECT:[ UseTime:0.001096s ] mysql:host=127.0.0.1;port=3306;dbname=gr_chat;charset=utf8
[ 2022-03-04T18:03:14+08:00 ][ sql ] [ SQL ] SHOW COLUMNS FROM `gr_run_log` [ RunTime:0.000688s ]
[ 2022-03-04T18:03:14+08:00 ][ sql ] [ SQL ] INSERT INTO `gr_run_log` (`controller` , `action` , `input_param` , `add_time` , `update_time`) VALUES ('script_UpdateServerOpenTime' , 'updateServerOpenTime' , '[]' , 1646388194 , 1646388194) [ RunTime:0.000988s ]
[ 2022-03-04T18:03:31+08:00 ][ info ] [ LANG ] D:\phpstudy_pro\WWW\new_kefu\thinkphp\lang\zh-cn.php
[ info ] [ LOG ] INIT File
[ 2022-03-04T18:03:31+08:00 ][ info ] [ ROUTE ] array (
  'type' => 'module',
  'module' => 
  array (
    0 => 'scripts',
    1 => 'UpdateServerOpenTime',
    2 => 'run',
  ),
)
[ 2022-03-04T18:03:31+08:00 ][ info ] [ HEADER ] array (
)
[ 2022-03-04T18:03:31+08:00 ][ info ] [ PARAM ] array (
  'g' => 'scripts',
  'm' => 'UpdateServerOpenTime',
  'a' => 'run',
  'p' => 
  array (
    'action' => 'update',
  ),
)
[ 2022-03-04T18:03:31+08:00 ][ info ] [ CACHE ] INIT redis
[ 2022-03-04T18:03:31+08:00 ][ info ] [ RUN ] app\scripts\controller\UpdateServerOpenTime->run[ D:\phpstudy_pro\WWW\new_kefu\application\scripts\controller\UpdateServerOpenTime.php ]
[ 2022-03-04T18:03:31+08:00 ][ info ] [ DB ] INIT mysql
[ 2022-03-04T18:03:31+08:00 ][ sql ] [ DB ] CONNECT:[ UseTime:0.001205s ] mysql:host=127.0.0.1;port=3306;dbname=gr_chat;charset=utf8
[ 2022-03-04T18:03:31+08:00 ][ sql ] [ SQL ] SHOW COLUMNS FROM `gr_run_log` [ RunTime:0.000713s ]
[ 2022-03-04T18:03:31+08:00 ][ sql ] [ SQL ] INSERT INTO `gr_run_log` (`controller` , `action` , `input_param` , `add_time` , `update_time`) VALUES ('script_UpdateServerOpenTime' , 'updateServerOpenTime' , '[]' , 1646388211 , 1646388211) [ RunTime:0.000996s ]
[ 2022-03-04T18:03:31+08:00 ][ info ] [ DB ] INIT mysql
[ 2022-03-04T18:03:49+08:00 ][ info ] [ LANG ] D:\phpstudy_pro\WWW\new_kefu\thinkphp\lang\zh-cn.php
[ info ] [ LOG ] INIT File
[ 2022-03-04T18:03:49+08:00 ][ info ] [ ROUTE ] array (
  'type' => 'module',
  'module' => 
  array (
    0 => 'scripts',
    1 => 'UpdateServerOpenTime',
    2 => 'run',
  ),
)
[ 2022-03-04T18:03:49+08:00 ][ info ] [ HEADER ] array (
)
[ 2022-03-04T18:03:49+08:00 ][ info ] [ PARAM ] array (
  'g' => 'scripts',
  'm' => 'UpdateServerOpenTime',
  'a' => 'run',
  'p' => 
  array (
    'action' => 'update',
  ),
)
[ 2022-03-04T18:03:49+08:00 ][ info ] [ CACHE ] INIT redis
[ 2022-03-04T18:03:49+08:00 ][ info ] [ RUN ] app\scripts\controller\UpdateServerOpenTime->run[ D:\phpstudy_pro\WWW\new_kefu\application\scripts\controller\UpdateServerOpenTime.php ]
[ 2022-03-04T18:03:49+08:00 ][ info ] [ DB ] INIT mysql
[ 2022-03-04T18:03:49+08:00 ][ sql ] [ DB ] CONNECT:[ UseTime:0.001120s ] mysql:host=127.0.0.1;port=3306;dbname=gr_chat;charset=utf8
[ 2022-03-04T18:03:49+08:00 ][ sql ] [ SQL ] SHOW COLUMNS FROM `gr_run_log` [ RunTime:0.000668s ]
[ 2022-03-04T18:03:49+08:00 ][ sql ] [ SQL ] INSERT INTO `gr_run_log` (`controller` , `action` , `input_param` , `add_time` , `update_time`) VALUES ('script_UpdateServerOpenTime' , 'updateServerOpenTime' , '[]' , 1646388229 , 1646388229) [ RunTime:0.001019s ]
[ 2022-03-04T18:03:49+08:00 ][ info ] [ DB ] INIT mysql
[ 2022-03-04T18:06:10+08:00 ][ info ] [ LANG ] D:\phpstudy_pro\WWW\new_kefu\thinkphp\lang\zh-cn.php
[ info ] [ LOG ] INIT File
[ 2022-03-04T18:06:10+08:00 ][ info ] [ ROUTE ] array (
  'type' => 'module',
  'module' => 
  array (
    0 => 'scripts',
    1 => 'UpdateServerOpenTime',
    2 => 'run',
  ),
)
[ 2022-03-04T18:06:10+08:00 ][ info ] [ HEADER ] array (
)
[ 2022-03-04T18:06:10+08:00 ][ info ] [ PARAM ] array (
  'g' => 'scripts',
  'm' => 'UpdateServerOpenTime',
  'a' => 'run',
  'p' => 
  array (
    'action' => 'update',
  ),
)
[ 2022-03-04T18:06:10+08:00 ][ info ] [ CACHE ] INIT redis
[ 2022-03-04T18:06:10+08:00 ][ info ] [ RUN ] app\scripts\controller\UpdateServerOpenTime->run[ D:\phpstudy_pro\WWW\new_kefu\application\scripts\controller\UpdateServerOpenTime.php ]
[ 2022-03-04T18:06:10+08:00 ][ info ] [ DB ] INIT mysql
[ 2022-03-04T18:06:10+08:00 ][ sql ] [ DB ] CONNECT:[ UseTime:0.001387s ] mysql:host=127.0.0.1;port=3306;dbname=gr_chat;charset=utf8
[ 2022-03-04T18:06:10+08:00 ][ sql ] [ SQL ] SHOW COLUMNS FROM `gr_run_log` [ RunTime:0.000943s ]
[ 2022-03-04T18:06:10+08:00 ][ sql ] [ SQL ] INSERT INTO `gr_run_log` (`controller` , `action` , `input_param` , `add_time` , `update_time`) VALUES ('script_UpdateServerOpenTime' , 'updateServerOpenTime' , '[]' , 1646388370 , 1646388370) [ RunTime:0.001154s ]
[ 2022-03-04T18:06:10+08:00 ][ info ] [ DB ] INIT mysql
[ 2022-03-04T18:17:44+08:00 ][ info ] [ LANG ] D:\phpstudy_pro\WWW\new_kefu\thinkphp\lang\zh-cn.php
[ info ] [ LOG ] INIT File
[ 2022-03-04T18:17:44+08:00 ][ info ] [ ROUTE ] array (
  'type' => 'module',
  'module' => 
  array (
    0 => 'scripts',
    1 => 'PlatformGameInfo',
    2 => 'run',
  ),
)
[ 2022-03-04T18:17:44+08:00 ][ info ] [ HEADER ] array (
)
[ 2022-03-04T18:17:44+08:00 ][ info ] [ PARAM ] array (
  'g' => 'scripts',
  'm' => 'PlatformGameInfo',
  'a' => 'run',
  'p' => 
  array (
    'action' => 'platform_game_list',
  ),
)
[ 2022-03-04T18:17:44+08:00 ][ info ] [ CACHE ] INIT redis
[ 2022-03-04T18:17:44+08:00 ][ info ] [ RUN ] app\scripts\controller\PlatformGameInfo->run[ D:\phpstudy_pro\WWW\new_kefu\application\scripts\controller\PlatformGameInfo.php ]
[ 2022-03-04T18:17:44+08:00 ][ info ] [ DB ] INIT mysql
[ 2022-03-04T18:17:44+08:00 ][ sql ] [ DB ] CONNECT:[ UseTime:0.001339s ] mysql:host=127.0.0.1;port=3306;dbname=gr_chat;charset=utf8
[ 2022-03-04T18:17:44+08:00 ][ sql ] [ SQL ] SHOW COLUMNS FROM `gr_run_log` [ RunTime:0.000953s ]
[ 2022-03-04T18:17:44+08:00 ][ sql ] [ SQL ] INSERT INTO `gr_run_log` (`controller` , `action` , `input_param` , `add_time` , `update_time`) VALUES ('script_PlatformGameInfo' , 'platformGameList' , '{\"action\":\"platform_game_list\"}' , 1646389064 , 1646389064) [ RunTime:0.001229s ]
[ 2022-03-04T18:17:44+08:00 ][ info ] [ DB ] INIT mysql
[ 2022-03-04T18:17:44+08:00 ][ info ] [ DB ] INIT mysql
[ 2022-03-04T18:18:06+08:00 ][ sql ] [ SQL ] UPDATE `gr_run_log`  SET `out_param`='success',`status`=1,`update_time`=1646389086  WHERE  `id` = 234 [ RunTime:0.001069s ]
[ 2022-03-04T18:18:12+08:00 ][ info ] [ LANG ] D:\phpstudy_pro\WWW\new_kefu\thinkphp\lang\zh-cn.php
[ info ] [ LOG ] INIT File
[ 2022-03-04T18:18:12+08:00 ][ info ] [ ROUTE ] array (
  'type' => 'module',
  'module' => 
  array (
    0 => 'scripts',
    1 => 'UpdateServerOpenTime',
    2 => 'run',
  ),
)
[ 2022-03-04T18:18:12+08:00 ][ info ] [ HEADER ] array (
)
[ 2022-03-04T18:18:12+08:00 ][ info ] [ PARAM ] array (
  'g' => 'scripts',
  'm' => 'UpdateServerOpenTime',
  'a' => 'run',
  'p' => 
  array (
    'action' => 'update',
  ),
)
[ 2022-03-04T18:18:12+08:00 ][ info ] [ CACHE ] INIT redis
[ 2022-03-04T18:18:12+08:00 ][ info ] [ RUN ] app\scripts\controller\UpdateServerOpenTime->run[ D:\phpstudy_pro\WWW\new_kefu\application\scripts\controller\UpdateServerOpenTime.php ]
[ 2022-03-04T18:18:12+08:00 ][ info ] [ DB ] INIT mysql
[ 2022-03-04T18:18:12+08:00 ][ sql ] [ DB ] CONNECT:[ UseTime:0.001267s ] mysql:host=127.0.0.1;port=3306;dbname=gr_chat;charset=utf8
[ 2022-03-04T18:18:12+08:00 ][ sql ] [ SQL ] SHOW COLUMNS FROM `gr_run_log` [ RunTime:0.000704s ]
[ 2022-03-04T18:18:12+08:00 ][ sql ] [ SQL ] INSERT INTO `gr_run_log` (`controller` , `action` , `input_param` , `add_time` , `update_time`) VALUES ('script_UpdateServerOpenTime' , 'updateServerOpenTime' , '[]' , 1646389092 , 1646389092) [ RunTime:0.000855s ]
[ 2022-03-04T18:18:12+08:00 ][ info ] [ DB ] INIT mysql
[ 2022-03-04T18:24:09+08:00 ][ info ] [ LANG ] D:\phpstudy_pro\WWW\new_kefu\thinkphp\lang\zh-cn.php
[ info ] [ LOG ] INIT File
[ 2022-03-04T18:24:09+08:00 ][ info ] [ ROUTE ] array (
  'type' => 'module',
  'module' => 
  array (
    0 => 'scripts',
    1 => 'UpdateServerOpenTime',
    2 => 'run',
  ),
)
[ 2022-03-04T18:24:09+08:00 ][ info ] [ HEADER ] array (
)
[ 2022-03-04T18:24:09+08:00 ][ info ] [ PARAM ] array (
  'g' => 'scripts',
  'm' => 'UpdateServerOpenTime',
  'a' => 'run',
  'p' => 
  array (
    'action' => 'update',
  ),
)
[ 2022-03-04T18:24:09+08:00 ][ info ] [ CACHE ] INIT redis
[ 2022-03-04T18:24:09+08:00 ][ info ] [ RUN ] app\scripts\controller\UpdateServerOpenTime->run[ D:\phpstudy_pro\WWW\new_kefu\application\scripts\controller\UpdateServerOpenTime.php ]
[ 2022-03-04T18:24:09+08:00 ][ info ] [ DB ] INIT mysql
[ 2022-03-04T18:24:09+08:00 ][ sql ] [ DB ] CONNECT:[ UseTime:0.001410s ] mysql:host=127.0.0.1;port=3306;dbname=gr_chat;charset=utf8
[ 2022-03-04T18:24:09+08:00 ][ sql ] [ SQL ] SHOW COLUMNS FROM `gr_run_log` [ RunTime:0.000893s ]
[ 2022-03-04T18:24:09+08:00 ][ sql ] [ SQL ] INSERT INTO `gr_run_log` (`controller` , `action` , `input_param` , `add_time` , `update_time`) VALUES ('script_UpdateServerOpenTime' , 'updateServerOpenTime' , '[]' , 1646389449 , 1646389449) [ RunTime:0.001277s ]
[ 2022-03-04T18:24:09+08:00 ][ info ] [ DB ] INIT mysql
[ 2022-03-04T18:24:09+08:00 ][ error ] [8]Undefined offset: 1[D:\phpstudy_pro\WWW\new_kefu\common\server\UpdateServerOpenTime\UpdateServerOpenTimeServer.php:116]
