[ 2022-03-07T10:26:54+08:00 ][ info ] [ LANG ] D:\phpstudy_pro\WWW\new_kefu\thinkphp\lang\zh-cn.php
[ info ] [ LOG ] INIT File
[ 2022-03-07T10:26:54+08:00 ][ info ] [ ROUTE ] array (
  'type' => 'module',
  'module' => 
  array (
    0 => 'scripts',
    1 => 'UpdateServerOpenTime',
    2 => 'run',
  ),
)
[ 2022-03-07T10:26:54+08:00 ][ info ] [ HEADER ] array (
)
[ 2022-03-07T10:26:54+08:00 ][ info ] [ PARAM ] array (
  'g' => 'scripts',
  'm' => 'UpdateServerOpenTime',
  'a' => 'run',
  'p' => 
  array (
    'action' => 'update',
  ),
)
[ 2022-03-07T10:26:54+08:00 ][ info ] [ CACHE ] INIT redis
[ 2022-03-07T10:26:54+08:00 ][ info ] [ DB ] INIT mysql
[ 2022-03-07T10:26:54+08:00 ][ info ] [ RUN ] app\scripts\controller\UpdateServerOpenTime->run[ D:\phpstudy_pro\WWW\new_kefu\application\scripts\controller\UpdateServerOpenTime.php ]
[ 2022-03-07T10:26:54+08:00 ][ info ] [ DB ] INIT mysql
[ 2022-03-07T10:26:54+08:00 ][ sql ] [ DB ] CONNECT:[ UseTime:0.010903s ] mysql:host=127.0.0.1;port=3306;dbname=gr_chat;charset=utf8
[ 2022-03-07T10:26:54+08:00 ][ sql ] [ SQL ] SHOW COLUMNS FROM `gr_run_log` [ RunTime:0.002941s ]
[ 2022-03-07T10:26:54+08:00 ][ sql ] [ SQL ] INSERT INTO `gr_run_log` (`controller` , `action` , `input_param` , `add_time` , `update_time`) VALUES ('script_UpdateServerOpenTime' , 'updateServerOpenTime' , '[]' , 1646620014 , 1646620014) [ RunTime:0.002716s ]
[ 2022-03-07T10:26:55+08:00 ][ error ] [8]Undefined offset: 1[D:\phpstudy_pro\WWW\new_kefu\common\server\UpdateServerOpenTime\UpdateServerOpenTimeServer.php:117]
[ 2022-03-07T10:27:25+08:00 ][ info ] [ LANG ] D:\phpstudy_pro\WWW\new_kefu\thinkphp\lang\zh-cn.php
[ info ] [ LOG ] INIT File
[ 2022-03-07T10:27:25+08:00 ][ info ] [ ROUTE ] array (
  'type' => 'module',
  'module' => 
  array (
    0 => 'scripts',
    1 => 'UpdateServerOpenTime',
    2 => 'run',
  ),
)
[ 2022-03-07T10:27:25+08:00 ][ info ] [ HEADER ] array (
)
[ 2022-03-07T10:27:25+08:00 ][ info ] [ PARAM ] array (
  'g' => 'scripts',
  'm' => 'UpdateServerOpenTime',
  'a' => 'run',
  'p' => 
  array (
    'action' => 'update',
  ),
)
[ 2022-03-07T10:27:25+08:00 ][ info ] [ CACHE ] INIT redis
[ 2022-03-07T10:27:25+08:00 ][ info ] [ RUN ] app\scripts\controller\UpdateServerOpenTime->run[ D:\phpstudy_pro\WWW\new_kefu\application\scripts\controller\UpdateServerOpenTime.php ]
[ 2022-03-07T10:27:25+08:00 ][ info ] [ DB ] INIT mysql
[ 2022-03-07T10:27:25+08:00 ][ sql ] [ DB ] CONNECT:[ UseTime:0.001733s ] mysql:host=127.0.0.1;port=3306;dbname=gr_chat;charset=utf8
[ 2022-03-07T10:27:25+08:00 ][ sql ] [ SQL ] SHOW COLUMNS FROM `gr_run_log` [ RunTime:0.001459s ]
[ 2022-03-07T10:27:25+08:00 ][ sql ] [ SQL ] INSERT INTO `gr_run_log` (`controller` , `action` , `input_param` , `add_time` , `update_time`) VALUES ('script_UpdateServerOpenTime' , 'updateServerOpenTime' , '[]' , 1646620045 , 1646620045) [ RunTime:0.001143s ]
[ 2022-03-07T10:27:25+08:00 ][ info ] [ DB ] INIT mysql
[ 2022-03-07T10:28:47+08:00 ][ info ] [ LANG ] D:\phpstudy_pro\WWW\new_kefu\thinkphp\lang\zh-cn.php
[ info ] [ LOG ] INIT File
[ 2022-03-07T10:28:47+08:00 ][ info ] [ ROUTE ] array (
  'type' => 'module',
  'module' => 
  array (
    0 => 'scripts',
    1 => 'UpdateServerOpenTime',
    2 => 'run',
  ),
)
[ 2022-03-07T10:28:47+08:00 ][ info ] [ HEADER ] array (
)
[ 2022-03-07T10:28:47+08:00 ][ info ] [ PARAM ] array (
  'g' => 'scripts',
  'm' => 'UpdateServerOpenTime',
  'a' => 'run',
  'p' => 
  array (
    'action' => 'update',
  ),
)
[ 2022-03-07T10:28:47+08:00 ][ info ] [ CACHE ] INIT redis
[ 2022-03-07T10:28:47+08:00 ][ info ] [ RUN ] app\scripts\controller\UpdateServerOpenTime->run[ D:\phpstudy_pro\WWW\new_kefu\application\scripts\controller\UpdateServerOpenTime.php ]
[ 2022-03-07T10:28:47+08:00 ][ info ] [ DB ] INIT mysql
[ 2022-03-07T10:28:47+08:00 ][ sql ] [ DB ] CONNECT:[ UseTime:0.001350s ] mysql:host=127.0.0.1;port=3306;dbname=gr_chat;charset=utf8
[ 2022-03-07T10:28:47+08:00 ][ sql ] [ SQL ] SHOW COLUMNS FROM `gr_run_log` [ RunTime:0.001494s ]
[ 2022-03-07T10:28:47+08:00 ][ sql ] [ SQL ] INSERT INTO `gr_run_log` (`controller` , `action` , `input_param` , `add_time` , `update_time`) VALUES ('script_UpdateServerOpenTime' , 'updateServerOpenTime' , '[]' , 1646620127 , 1646620127) [ RunTime:0.001012s ]
[ 2022-03-07T10:28:47+08:00 ][ info ] [ DB ] INIT mysql
[ 2022-03-07T10:29:14+08:00 ][ info ] [ LANG ] D:\phpstudy_pro\WWW\new_kefu\thinkphp\lang\zh-cn.php
[ info ] [ LOG ] INIT File
[ 2022-03-07T10:29:14+08:00 ][ info ] [ ROUTE ] array (
  'type' => 'module',
  'module' => 
  array (
    0 => 'scripts',
    1 => 'UpdateServerOpenTime',
    2 => 'run',
  ),
)
[ 2022-03-07T10:29:14+08:00 ][ info ] [ HEADER ] array (
)
[ 2022-03-07T10:29:14+08:00 ][ info ] [ PARAM ] array (
  'g' => 'scripts',
  'm' => 'UpdateServerOpenTime',
  'a' => 'run',
  'p' => 
  array (
    'action' => 'update',
  ),
)
[ 2022-03-07T10:29:14+08:00 ][ info ] [ CACHE ] INIT redis
[ 2022-03-07T10:29:14+08:00 ][ info ] [ RUN ] app\scripts\controller\UpdateServerOpenTime->run[ D:\phpstudy_pro\WWW\new_kefu\application\scripts\controller\UpdateServerOpenTime.php ]
[ 2022-03-07T10:29:14+08:00 ][ info ] [ DB ] INIT mysql
[ 2022-03-07T10:29:14+08:00 ][ sql ] [ DB ] CONNECT:[ UseTime:0.001197s ] mysql:host=127.0.0.1;port=3306;dbname=gr_chat;charset=utf8
[ 2022-03-07T10:29:14+08:00 ][ sql ] [ SQL ] SHOW COLUMNS FROM `gr_run_log` [ RunTime:0.001153s ]
[ 2022-03-07T10:29:14+08:00 ][ sql ] [ SQL ] INSERT INTO `gr_run_log` (`controller` , `action` , `input_param` , `add_time` , `update_time`) VALUES ('script_UpdateServerOpenTime' , 'updateServerOpenTime' , '[]' , 1646620154 , 1646620154) [ RunTime:0.001336s ]
[ 2022-03-07T10:29:14+08:00 ][ info ] [ DB ] INIT mysql
[ 2022-03-07T10:29:39+08:00 ][ info ] [ LANG ] D:\phpstudy_pro\WWW\new_kefu\thinkphp\lang\zh-cn.php
[ info ] [ LOG ] INIT File
[ 2022-03-07T10:29:39+08:00 ][ info ] [ ROUTE ] array (
  'type' => 'module',
  'module' => 
  array (
    0 => 'scripts',
    1 => 'UpdateServerOpenTime',
    2 => 'run',
  ),
)
[ 2022-03-07T10:29:39+08:00 ][ info ] [ HEADER ] array (
)
[ 2022-03-07T10:29:39+08:00 ][ info ] [ PARAM ] array (
  'g' => 'scripts',
  'm' => 'UpdateServerOpenTime',
  'a' => 'run',
  'p' => 
  array (
    'action' => 'update',
  ),
)
[ 2022-03-07T10:29:39+08:00 ][ info ] [ CACHE ] INIT redis
[ 2022-03-07T10:29:39+08:00 ][ info ] [ RUN ] app\scripts\controller\UpdateServerOpenTime->run[ D:\phpstudy_pro\WWW\new_kefu\application\scripts\controller\UpdateServerOpenTime.php ]
[ 2022-03-07T10:29:39+08:00 ][ info ] [ DB ] INIT mysql
[ 2022-03-07T10:29:39+08:00 ][ sql ] [ DB ] CONNECT:[ UseTime:0.001177s ] mysql:host=127.0.0.1;port=3306;dbname=gr_chat;charset=utf8
[ 2022-03-07T10:29:39+08:00 ][ sql ] [ SQL ] SHOW COLUMNS FROM `gr_run_log` [ RunTime:0.000752s ]
[ 2022-03-07T10:29:39+08:00 ][ sql ] [ SQL ] INSERT INTO `gr_run_log` (`controller` , `action` , `input_param` , `add_time` , `update_time`) VALUES ('script_UpdateServerOpenTime' , 'updateServerOpenTime' , '[]' , 1646620179 , 1646620179) [ RunTime:0.001639s ]
[ 2022-03-07T10:29:39+08:00 ][ info ] [ DB ] INIT mysql
[ 2022-03-07T10:30:07+08:00 ][ info ] [ LANG ] D:\phpstudy_pro\WWW\new_kefu\thinkphp\lang\zh-cn.php
[ info ] [ LOG ] INIT File
[ 2022-03-07T10:30:07+08:00 ][ info ] [ ROUTE ] array (
  'type' => 'module',
  'module' => 
  array (
    0 => 'scripts',
    1 => 'UpdateServerOpenTime',
    2 => 'run',
  ),
)
[ 2022-03-07T10:30:07+08:00 ][ info ] [ HEADER ] array (
)
[ 2022-03-07T10:30:07+08:00 ][ info ] [ PARAM ] array (
  'g' => 'scripts',
  'm' => 'UpdateServerOpenTime',
  'a' => 'run',
  'p' => 
  array (
    'action' => 'update',
  ),
)
[ 2022-03-07T10:30:07+08:00 ][ info ] [ CACHE ] INIT redis
[ 2022-03-07T10:30:07+08:00 ][ info ] [ RUN ] app\scripts\controller\UpdateServerOpenTime->run[ D:\phpstudy_pro\WWW\new_kefu\application\scripts\controller\UpdateServerOpenTime.php ]
[ 2022-03-07T10:30:07+08:00 ][ info ] [ DB ] INIT mysql
[ 2022-03-07T10:30:07+08:00 ][ sql ] [ DB ] CONNECT:[ UseTime:0.001210s ] mysql:host=127.0.0.1;port=3306;dbname=gr_chat;charset=utf8
[ 2022-03-07T10:30:07+08:00 ][ sql ] [ SQL ] SHOW COLUMNS FROM `gr_run_log` [ RunTime:0.001039s ]
[ 2022-03-07T10:30:07+08:00 ][ sql ] [ SQL ] INSERT INTO `gr_run_log` (`controller` , `action` , `input_param` , `add_time` , `update_time`) VALUES ('script_UpdateServerOpenTime' , 'updateServerOpenTime' , '[]' , 1646620207 , 1646620207) [ RunTime:0.001199s ]
[ 2022-03-07T10:30:07+08:00 ][ info ] [ DB ] INIT mysql
[ 2022-03-07T10:30:36+08:00 ][ info ] [ LANG ] D:\phpstudy_pro\WWW\new_kefu\thinkphp\lang\zh-cn.php
[ info ] [ LOG ] INIT File
[ 2022-03-07T10:30:36+08:00 ][ info ] [ ROUTE ] array (
  'type' => 'module',
  'module' => 
  array (
    0 => 'scripts',
    1 => 'UpdateServerOpenTime',
    2 => 'run',
  ),
)
[ 2022-03-07T10:30:36+08:00 ][ info ] [ HEADER ] array (
)
[ 2022-03-07T10:30:36+08:00 ][ info ] [ PARAM ] array (
  'g' => 'scripts',
  'm' => 'UpdateServerOpenTime',
  'a' => 'run',
  'p' => 
  array (
    'action' => 'update',
  ),
)
[ 2022-03-07T10:30:36+08:00 ][ info ] [ CACHE ] INIT redis
[ 2022-03-07T10:30:36+08:00 ][ info ] [ RUN ] app\scripts\controller\UpdateServerOpenTime->run[ D:\phpstudy_pro\WWW\new_kefu\application\scripts\controller\UpdateServerOpenTime.php ]
[ 2022-03-07T10:30:36+08:00 ][ info ] [ DB ] INIT mysql
[ 2022-03-07T10:30:36+08:00 ][ sql ] [ DB ] CONNECT:[ UseTime:0.001373s ] mysql:host=127.0.0.1;port=3306;dbname=gr_chat;charset=utf8
[ 2022-03-07T10:30:36+08:00 ][ sql ] [ SQL ] SHOW COLUMNS FROM `gr_run_log` [ RunTime:0.000818s ]
[ 2022-03-07T10:30:36+08:00 ][ sql ] [ SQL ] INSERT INTO `gr_run_log` (`controller` , `action` , `input_param` , `add_time` , `update_time`) VALUES ('script_UpdateServerOpenTime' , 'updateServerOpenTime' , '[]' , 1646620236 , 1646620236) [ RunTime:0.001225s ]
[ 2022-03-07T10:30:36+08:00 ][ info ] [ DB ] INIT mysql
[ 2022-03-07T10:31:22+08:00 ][ info ] [ LANG ] D:\phpstudy_pro\WWW\new_kefu\thinkphp\lang\zh-cn.php
[ info ] [ LOG ] INIT File
[ 2022-03-07T10:31:22+08:00 ][ info ] [ ROUTE ] array (
  'type' => 'module',
  'module' => 
  array (
    0 => 'scripts',
    1 => 'UpdateServerOpenTime',
    2 => 'run',
  ),
)
[ 2022-03-07T10:31:22+08:00 ][ info ] [ HEADER ] array (
)
[ 2022-03-07T10:31:22+08:00 ][ info ] [ PARAM ] array (
  'g' => 'scripts',
  'm' => 'UpdateServerOpenTime',
  'a' => 'run',
  'p' => 
  array (
    'action' => 'update',
  ),
)
[ 2022-03-07T10:31:22+08:00 ][ info ] [ CACHE ] INIT redis
[ 2022-03-07T10:31:22+08:00 ][ info ] [ RUN ] app\scripts\controller\UpdateServerOpenTime->run[ D:\phpstudy_pro\WWW\new_kefu\application\scripts\controller\UpdateServerOpenTime.php ]
[ 2022-03-07T10:31:22+08:00 ][ info ] [ DB ] INIT mysql
[ 2022-03-07T10:31:22+08:00 ][ sql ] [ DB ] CONNECT:[ UseTime:0.001113s ] mysql:host=127.0.0.1;port=3306;dbname=gr_chat;charset=utf8
[ 2022-03-07T10:31:22+08:00 ][ sql ] [ SQL ] SHOW COLUMNS FROM `gr_run_log` [ RunTime:0.000740s ]
[ 2022-03-07T10:31:22+08:00 ][ sql ] [ SQL ] INSERT INTO `gr_run_log` (`controller` , `action` , `input_param` , `add_time` , `update_time`) VALUES ('script_UpdateServerOpenTime' , 'updateServerOpenTime' , '[]' , 1646620282 , 1646620282) [ RunTime:0.001136s ]
[ 2022-03-07T10:31:22+08:00 ][ info ] [ DB ] INIT mysql
[ 2022-03-07T10:31:53+08:00 ][ info ] [ LANG ] D:\phpstudy_pro\WWW\new_kefu\thinkphp\lang\zh-cn.php
[ info ] [ LOG ] INIT File
[ 2022-03-07T10:31:53+08:00 ][ info ] [ ROUTE ] array (
  'type' => 'module',
  'module' => 
  array (
    0 => 'scripts',
    1 => 'UpdateServerOpenTime',
    2 => 'run',
  ),
)
[ 2022-03-07T10:31:53+08:00 ][ info ] [ HEADER ] array (
)
[ 2022-03-07T10:31:53+08:00 ][ info ] [ PARAM ] array (
  'g' => 'scripts',
  'm' => 'UpdateServerOpenTime',
  'a' => 'run',
  'p' => 
  array (
    'action' => 'update',
  ),
)
[ 2022-03-07T10:31:54+08:00 ][ info ] [ CACHE ] INIT redis
[ 2022-03-07T10:31:54+08:00 ][ info ] [ RUN ] app\scripts\controller\UpdateServerOpenTime->run[ D:\phpstudy_pro\WWW\new_kefu\application\scripts\controller\UpdateServerOpenTime.php ]
[ 2022-03-07T10:31:54+08:00 ][ info ] [ DB ] INIT mysql
[ 2022-03-07T10:31:54+08:00 ][ sql ] [ DB ] CONNECT:[ UseTime:0.001224s ] mysql:host=127.0.0.1;port=3306;dbname=gr_chat;charset=utf8
[ 2022-03-07T10:31:54+08:00 ][ sql ] [ SQL ] SHOW COLUMNS FROM `gr_run_log` [ RunTime:0.000713s ]
[ 2022-03-07T10:31:54+08:00 ][ sql ] [ SQL ] INSERT INTO `gr_run_log` (`controller` , `action` , `input_param` , `add_time` , `update_time`) VALUES ('script_UpdateServerOpenTime' , 'updateServerOpenTime' , '[]' , 1646620314 , 1646620314) [ RunTime:0.000996s ]
[ 2022-03-07T10:31:54+08:00 ][ info ] [ DB ] INIT mysql
[ 2022-03-07T10:31:54+08:00 ][ error ] [8192]Non-static method common\sql_server\ServerListSqlServer::updateOpenTime() should not be called statically[D:\phpstudy_pro\WWW\new_kefu\common\server\UpdateServerOpenTime\UpdateServerOpenTimeServer.php:104]
[ 2022-03-07T10:32:23+08:00 ][ info ] [ LANG ] D:\phpstudy_pro\WWW\new_kefu\thinkphp\lang\zh-cn.php
[ info ] [ LOG ] INIT File
[ 2022-03-07T10:32:23+08:00 ][ info ] [ ROUTE ] array (
  'type' => 'module',
  'module' => 
  array (
    0 => 'scripts',
    1 => 'UpdateServerOpenTime',
    2 => 'run',
  ),
)
[ 2022-03-07T10:32:23+08:00 ][ info ] [ HEADER ] array (
)
[ 2022-03-07T10:32:23+08:00 ][ info ] [ PARAM ] array (
  'g' => 'scripts',
  'm' => 'UpdateServerOpenTime',
  'a' => 'run',
  'p' => 
  array (
    'action' => 'update',
  ),
)
[ 2022-03-07T10:32:23+08:00 ][ info ] [ CACHE ] INIT redis
[ 2022-03-07T10:32:23+08:00 ][ info ] [ RUN ] app\scripts\controller\UpdateServerOpenTime->run[ D:\phpstudy_pro\WWW\new_kefu\application\scripts\controller\UpdateServerOpenTime.php ]
[ 2022-03-07T10:32:23+08:00 ][ info ] [ DB ] INIT mysql
[ 2022-03-07T10:32:23+08:00 ][ sql ] [ DB ] CONNECT:[ UseTime:0.001181s ] mysql:host=127.0.0.1;port=3306;dbname=gr_chat;charset=utf8
[ 2022-03-07T10:32:23+08:00 ][ sql ] [ SQL ] SHOW COLUMNS FROM `gr_run_log` [ RunTime:0.000652s ]
[ 2022-03-07T10:32:23+08:00 ][ sql ] [ SQL ] INSERT INTO `gr_run_log` (`controller` , `action` , `input_param` , `add_time` , `update_time`) VALUES ('script_UpdateServerOpenTime' , 'updateServerOpenTime' , '[]' , 1646620343 , 1646620343) [ RunTime:0.001713s ]
[ 2022-03-07T10:32:23+08:00 ][ info ] [ DB ] INIT mysql
[ 2022-03-07T10:32:23+08:00 ][ error ] [8192]Non-static method common\sql_server\ServerListSqlServer::updateOpenTime() should not be called statically[D:\phpstudy_pro\WWW\new_kefu\common\server\UpdateServerOpenTime\UpdateServerOpenTimeServer.php:104]
[ 2022-03-07T10:32:39+08:00 ][ info ] [ LANG ] D:\phpstudy_pro\WWW\new_kefu\thinkphp\lang\zh-cn.php
[ info ] [ LOG ] INIT File
[ 2022-03-07T10:32:39+08:00 ][ info ] [ ROUTE ] array (
  'type' => 'module',
  'module' => 
  array (
    0 => 'scripts',
    1 => 'UpdateServerOpenTime',
    2 => 'run',
  ),
)
[ 2022-03-07T10:32:39+08:00 ][ info ] [ HEADER ] array (
)
[ 2022-03-07T10:32:39+08:00 ][ info ] [ PARAM ] array (
  'g' => 'scripts',
  'm' => 'UpdateServerOpenTime',
  'a' => 'run',
  'p' => 
  array (
    'action' => 'update',
  ),
)
[ 2022-03-07T10:32:39+08:00 ][ info ] [ CACHE ] INIT redis
[ 2022-03-07T10:32:39+08:00 ][ info ] [ RUN ] app\scripts\controller\UpdateServerOpenTime->run[ D:\phpstudy_pro\WWW\new_kefu\application\scripts\controller\UpdateServerOpenTime.php ]
[ 2022-03-07T10:32:39+08:00 ][ info ] [ DB ] INIT mysql
[ 2022-03-07T10:32:39+08:00 ][ sql ] [ DB ] CONNECT:[ UseTime:0.001274s ] mysql:host=127.0.0.1;port=3306;dbname=gr_chat;charset=utf8
[ 2022-03-07T10:32:39+08:00 ][ sql ] [ SQL ] SHOW COLUMNS FROM `gr_run_log` [ RunTime:0.000980s ]
[ 2022-03-07T10:32:39+08:00 ][ sql ] [ SQL ] INSERT INTO `gr_run_log` (`controller` , `action` , `input_param` , `add_time` , `update_time`) VALUES ('script_UpdateServerOpenTime' , 'updateServerOpenTime' , '[]' , 1646620359 , 1646620359) [ RunTime:0.000909s ]
[ 2022-03-07T10:32:39+08:00 ][ info ] [ DB ] INIT mysql
[ 2022-03-07T10:32:39+08:00 ][ info ] [ DB ] INIT mysql
[ 2022-03-07T10:32:39+08:00 ][ error ] [0]Fatal error: Call to a member function toArray() on array[D:\phpstudy_pro\WWW\new_kefu\common\sql_server\ServerListSqlServer.php:34]
[ 2022-03-07T10:34:04+08:00 ][ info ] [ LANG ] D:\phpstudy_pro\WWW\new_kefu\thinkphp\lang\zh-cn.php
[ info ] [ LOG ] INIT File
[ 2022-03-07T10:34:04+08:00 ][ info ] [ ROUTE ] array (
  'type' => 'module',
  'module' => 
  array (
    0 => 'scripts',
    1 => 'UpdateServerOpenTime',
    2 => 'run',
  ),
)
[ 2022-03-07T10:34:04+08:00 ][ info ] [ HEADER ] array (
)
[ 2022-03-07T10:34:04+08:00 ][ info ] [ PARAM ] array (
  'g' => 'scripts',
  'm' => 'UpdateServerOpenTime',
  'a' => 'run',
  'p' => 
  array (
    'action' => 'update',
  ),
)
[ 2022-03-07T10:34:04+08:00 ][ info ] [ CACHE ] INIT redis
[ 2022-03-07T10:34:04+08:00 ][ info ] [ RUN ] app\scripts\controller\UpdateServerOpenTime->run[ D:\phpstudy_pro\WWW\new_kefu\application\scripts\controller\UpdateServerOpenTime.php ]
[ 2022-03-07T10:34:04+08:00 ][ info ] [ DB ] INIT mysql
[ 2022-03-07T10:34:04+08:00 ][ sql ] [ DB ] CONNECT:[ UseTime:0.001160s ] mysql:host=127.0.0.1;port=3306;dbname=gr_chat;charset=utf8
[ 2022-03-07T10:34:04+08:00 ][ sql ] [ SQL ] SHOW COLUMNS FROM `gr_run_log` [ RunTime:0.000824s ]
[ 2022-03-07T10:34:04+08:00 ][ sql ] [ SQL ] INSERT INTO `gr_run_log` (`controller` , `action` , `input_param` , `add_time` , `update_time`) VALUES ('script_UpdateServerOpenTime' , 'updateServerOpenTime' , '[]' , 1646620444 , 1646620444) [ RunTime:0.001146s ]
[ 2022-03-07T10:34:04+08:00 ][ info ] [ DB ] INIT mysql
[ 2022-03-07T10:34:04+08:00 ][ info ] [ DB ] INIT mysql
[ 2022-03-07T10:34:04+08:00 ][ info ] [ DB ] INIT mysql
[ 2022-03-07T10:36:44+08:00 ][ error ] [2]PDO::prepare(): MySQL server has gone away[D:\phpstudy_pro\WWW\new_kefu\thinkphp\library\think\db\Connection.php:428]
[ 2022-03-07T11:20:23+08:00 ][ error ] [8]think\db\Connection::free(): send of 9 bytes failed with errno=10053 你的主机中的软件中止了一个已建立的连接。
[D:\phpstudy_pro\WWW\new_kefu\thinkphp\library\think\db\Connection.php:318]
[ 2022-03-07T11:20:23+08:00 ][ error ] [8]Unknown: send of 9 bytes failed with errno=10053 你的主机中的软件中止了一个已建立的连接。
[Unknown:0]
[ 2022-03-07T14:52:05+08:00 ][ info ] [ LANG ] D:\phpstudy_pro\WWW\new_kefu\thinkphp\lang\zh-cn.php
[ info ] [ LOG ] INIT File
[ 2022-03-07T14:52:05+08:00 ][ info ] [ ROUTE ] array (
  'type' => 'module',
  'module' => 
  array (
    0 => 'scripts',
    1 => 'UpdateServerOpenTime',
    2 => 'run',
  ),
)
[ 2022-03-07T14:52:05+08:00 ][ info ] [ HEADER ] array (
)
[ 2022-03-07T14:52:05+08:00 ][ info ] [ PARAM ] array (
  'g' => 'scripts',
  'm' => 'UpdateServerOpenTime',
  'a' => 'run',
  'p' => 
  array (
    'action' => 'update',
  ),
)
[ 2022-03-07T14:52:05+08:00 ][ info ] [ CACHE ] INIT redis
[ 2022-03-07T14:52:05+08:00 ][ info ] [ DB ] INIT mysql
[ 2022-03-07T14:52:05+08:00 ][ info ] [ RUN ] app\scripts\controller\UpdateServerOpenTime->run[ D:\phpstudy_pro\WWW\new_kefu\application\scripts\controller\UpdateServerOpenTime.php ]
[ 2022-03-07T14:52:05+08:00 ][ info ] [ DB ] INIT mysql
[ 2022-03-07T14:52:05+08:00 ][ sql ] [ DB ] CONNECT:[ UseTime:0.001291s ] mysql:host=127.0.0.1;port=3306;dbname=gr_chat;charset=utf8
[ 2022-03-07T14:52:05+08:00 ][ sql ] [ SQL ] SHOW COLUMNS FROM `gr_run_log` [ RunTime:0.001512s ]
[ 2022-03-07T14:52:05+08:00 ][ sql ] [ SQL ] INSERT INTO `gr_run_log` (`controller` , `action` , `input_param` , `add_time` , `update_time`) VALUES ('script_UpdateServerOpenTime' , 'updateServerOpenTime' , '[]' , 1646635925 , 1646635925) [ RunTime:0.002095s ]
[ 2022-03-07T14:52:05+08:00 ][ info ] [ DB ] INIT mysql
[ 2022-03-07T14:52:56+08:00 ][ info ] [ LANG ] D:\phpstudy_pro\WWW\new_kefu\thinkphp\lang\zh-cn.php
[ info ] [ LOG ] INIT File
[ 2022-03-07T14:52:56+08:00 ][ info ] [ ROUTE ] array (
  'type' => 'module',
  'module' => 
  array (
    0 => 'scripts',
    1 => 'UpdateServerOpenTime',
    2 => 'run',
  ),
)
[ 2022-03-07T14:52:56+08:00 ][ info ] [ HEADER ] array (
)
[ 2022-03-07T14:52:56+08:00 ][ info ] [ PARAM ] array (
  'g' => 'scripts',
  'm' => 'UpdateServerOpenTime',
  'a' => 'run',
  'p' => 
  array (
    'action' => 'update',
  ),
)
[ 2022-03-07T14:52:56+08:00 ][ info ] [ CACHE ] INIT redis
[ 2022-03-07T14:52:56+08:00 ][ info ] [ RUN ] app\scripts\controller\UpdateServerOpenTime->run[ D:\phpstudy_pro\WWW\new_kefu\application\scripts\controller\UpdateServerOpenTime.php ]
[ 2022-03-07T14:52:56+08:00 ][ info ] [ DB ] INIT mysql
[ 2022-03-07T14:52:56+08:00 ][ sql ] [ DB ] CONNECT:[ UseTime:0.001321s ] mysql:host=127.0.0.1;port=3306;dbname=gr_chat;charset=utf8
[ 2022-03-07T14:52:56+08:00 ][ sql ] [ SQL ] SHOW COLUMNS FROM `gr_run_log` [ RunTime:0.001080s ]
[ 2022-03-07T14:52:56+08:00 ][ sql ] [ SQL ] INSERT INTO `gr_run_log` (`controller` , `action` , `input_param` , `add_time` , `update_time`) VALUES ('script_UpdateServerOpenTime' , 'updateServerOpenTime' , '[]' , 1646635976 , 1646635976) [ RunTime:0.001525s ]
[ 2022-03-07T14:52:56+08:00 ][ info ] [ DB ] INIT mysql
[ 2022-03-07T14:52:57+08:00 ][ info ] [ DB ] INIT mysql
[ 2022-03-07T14:52:57+08:00 ][ info ] [ DB ] INIT mysql
[ 2022-03-07T14:55:26+08:00 ][ info ] [ LANG ] D:\phpstudy_pro\WWW\new_kefu\thinkphp\lang\zh-cn.php
[ info ] [ LOG ] INIT File
[ 2022-03-07T14:55:26+08:00 ][ info ] [ ROUTE ] array (
  'type' => 'module',
  'module' => 
  array (
    0 => 'scripts',
    1 => 'UpdateServerOpenTime',
    2 => 'run',
  ),
)
[ 2022-03-07T14:55:26+08:00 ][ info ] [ HEADER ] array (
)
[ 2022-03-07T14:55:26+08:00 ][ info ] [ PARAM ] array (
  'g' => 'scripts',
  'm' => 'UpdateServerOpenTime',
  'a' => 'run',
  'p' => 
  array (
    'action' => 'update',
  ),
)
[ 2022-03-07T14:55:26+08:00 ][ info ] [ CACHE ] INIT redis
[ 2022-03-07T14:55:26+08:00 ][ info ] [ RUN ] app\scripts\controller\UpdateServerOpenTime->run[ D:\phpstudy_pro\WWW\new_kefu\application\scripts\controller\UpdateServerOpenTime.php ]
[ 2022-03-07T14:55:26+08:00 ][ info ] [ DB ] INIT mysql
[ 2022-03-07T14:55:26+08:00 ][ sql ] [ DB ] CONNECT:[ UseTime:0.001230s ] mysql:host=127.0.0.1;port=3306;dbname=gr_chat;charset=utf8
[ 2022-03-07T14:55:26+08:00 ][ sql ] [ SQL ] SHOW COLUMNS FROM `gr_run_log` [ RunTime:0.000940s ]
[ 2022-03-07T14:55:26+08:00 ][ sql ] [ SQL ] INSERT INTO `gr_run_log` (`controller` , `action` , `input_param` , `add_time` , `update_time`) VALUES ('script_UpdateServerOpenTime' , 'updateServerOpenTime' , '[]' , 1646636126 , 1646636126) [ RunTime:0.001133s ]
[ 2022-03-07T14:55:26+08:00 ][ info ] [ DB ] INIT mysql
[ 2022-03-07T14:55:26+08:00 ][ info ] [ DB ] INIT mysql
[ 2022-03-07T14:55:26+08:00 ][ info ] [ DB ] INIT mysql
[ 2022-03-07T14:56:35+08:00 ][ info ] [ LANG ] D:\phpstudy_pro\WWW\new_kefu\thinkphp\lang\zh-cn.php
[ info ] [ LOG ] INIT File
[ 2022-03-07T14:56:35+08:00 ][ info ] [ ROUTE ] array (
  'type' => 'module',
  'module' => 
  array (
    0 => 'scripts',
    1 => 'UpdateServerOpenTime',
    2 => 'run',
  ),
)
[ 2022-03-07T14:56:35+08:00 ][ info ] [ HEADER ] array (
)
[ 2022-03-07T14:56:35+08:00 ][ info ] [ PARAM ] array (
  'g' => 'scripts',
  'm' => 'UpdateServerOpenTime',
  'a' => 'run',
  'p' => 
  array (
    'action' => 'update',
  ),
)
[ 2022-03-07T14:56:35+08:00 ][ info ] [ CACHE ] INIT redis
[ 2022-03-07T14:56:35+08:00 ][ info ] [ RUN ] app\scripts\controller\UpdateServerOpenTime->run[ D:\phpstudy_pro\WWW\new_kefu\application\scripts\controller\UpdateServerOpenTime.php ]
[ 2022-03-07T14:56:35+08:00 ][ info ] [ DB ] INIT mysql
[ 2022-03-07T14:56:35+08:00 ][ sql ] [ DB ] CONNECT:[ UseTime:0.001254s ] mysql:host=127.0.0.1;port=3306;dbname=gr_chat;charset=utf8
[ 2022-03-07T14:56:35+08:00 ][ sql ] [ SQL ] SHOW COLUMNS FROM `gr_run_log` [ RunTime:0.000876s ]
[ 2022-03-07T14:56:35+08:00 ][ sql ] [ SQL ] INSERT INTO `gr_run_log` (`controller` , `action` , `input_param` , `add_time` , `update_time`) VALUES ('script_UpdateServerOpenTime' , 'updateServerOpenTime' , '[]' , 1646636195 , 1646636195) [ RunTime:0.001084s ]
[ 2022-03-07T14:56:35+08:00 ][ info ] [ DB ] INIT mysql
[ 2022-03-07T14:56:35+08:00 ][ info ] [ DB ] INIT mysql
[ 2022-03-07T14:56:35+08:00 ][ info ] [ DB ] INIT mysql
[ 2022-03-07T14:59:11+08:00 ][ info ] [ LANG ] D:\phpstudy_pro\WWW\new_kefu\thinkphp\lang\zh-cn.php
[ info ] [ LOG ] INIT File
[ 2022-03-07T14:59:11+08:00 ][ info ] [ ROUTE ] array (
  'type' => 'module',
  'module' => 
  array (
    0 => 'scripts',
    1 => 'UpdateServerOpenTime',
    2 => 'run',
  ),
)
[ 2022-03-07T14:59:11+08:00 ][ info ] [ HEADER ] array (
)
[ 2022-03-07T14:59:11+08:00 ][ info ] [ PARAM ] array (
  'g' => 'scripts',
  'm' => 'UpdateServerOpenTime',
  'a' => 'run',
  'p' => 
  array (
    'action' => 'update',
  ),
)
[ 2022-03-07T14:59:11+08:00 ][ info ] [ CACHE ] INIT redis
[ 2022-03-07T14:59:11+08:00 ][ info ] [ RUN ] app\scripts\controller\UpdateServerOpenTime->run[ D:\phpstudy_pro\WWW\new_kefu\application\scripts\controller\UpdateServerOpenTime.php ]
[ 2022-03-07T14:59:11+08:00 ][ info ] [ DB ] INIT mysql
[ 2022-03-07T14:59:11+08:00 ][ sql ] [ DB ] CONNECT:[ UseTime:0.001304s ] mysql:host=127.0.0.1;port=3306;dbname=gr_chat;charset=utf8
[ 2022-03-07T14:59:11+08:00 ][ sql ] [ SQL ] SHOW COLUMNS FROM `gr_run_log` [ RunTime:0.001978s ]
[ 2022-03-07T14:59:11+08:00 ][ sql ] [ SQL ] INSERT INTO `gr_run_log` (`controller` , `action` , `input_param` , `add_time` , `update_time`) VALUES ('script_UpdateServerOpenTime' , 'updateServerOpenTime' , '[]' , 1646636351 , 1646636351) [ RunTime:0.001423s ]
[ 2022-03-07T14:59:11+08:00 ][ info ] [ DB ] INIT mysql
[ 2022-03-07T14:59:11+08:00 ][ info ] [ DB ] INIT mysql
[ 2022-03-07T14:59:11+08:00 ][ info ] [ DB ] INIT mysql
[ 2022-03-07T14:59:38+08:00 ][ info ] [ LANG ] D:\phpstudy_pro\WWW\new_kefu\thinkphp\lang\zh-cn.php
[ info ] [ LOG ] INIT File
[ 2022-03-07T14:59:38+08:00 ][ info ] [ ROUTE ] array (
  'type' => 'module',
  'module' => 
  array (
    0 => 'scripts',
    1 => 'UpdateServerOpenTime',
    2 => 'run',
  ),
)
[ 2022-03-07T14:59:38+08:00 ][ info ] [ HEADER ] array (
)
[ 2022-03-07T14:59:38+08:00 ][ info ] [ PARAM ] array (
  'g' => 'scripts',
  'm' => 'UpdateServerOpenTime',
  'a' => 'run',
  'p' => 
  array (
    'action' => 'update',
  ),
)
[ 2022-03-07T14:59:38+08:00 ][ info ] [ CACHE ] INIT redis
[ 2022-03-07T14:59:38+08:00 ][ info ] [ RUN ] app\scripts\controller\UpdateServerOpenTime->run[ D:\phpstudy_pro\WWW\new_kefu\application\scripts\controller\UpdateServerOpenTime.php ]
[ 2022-03-07T14:59:38+08:00 ][ info ] [ DB ] INIT mysql
[ 2022-03-07T14:59:38+08:00 ][ sql ] [ DB ] CONNECT:[ UseTime:0.011014s ] mysql:host=127.0.0.1;port=3306;dbname=gr_chat;charset=utf8
[ 2022-03-07T14:59:38+08:00 ][ sql ] [ SQL ] SHOW COLUMNS FROM `gr_run_log` [ RunTime:0.000823s ]
[ 2022-03-07T14:59:38+08:00 ][ sql ] [ SQL ] INSERT INTO `gr_run_log` (`controller` , `action` , `input_param` , `add_time` , `update_time`) VALUES ('script_UpdateServerOpenTime' , 'updateServerOpenTime' , '[]' , 1646636378 , 1646636378) [ RunTime:0.001207s ]
[ 2022-03-07T14:59:38+08:00 ][ info ] [ DB ] INIT mysql
[ 2022-03-07T14:59:38+08:00 ][ info ] [ DB ] INIT mysql
[ 2022-03-07T14:59:38+08:00 ][ info ] [ DB ] INIT mysql
[ 2022-03-07T15:03:15+08:00 ][ info ] [ LANG ] D:\phpstudy_pro\WWW\new_kefu\thinkphp\lang\zh-cn.php
[ info ] [ LOG ] INIT File
[ 2022-03-07T15:03:15+08:00 ][ info ] [ ROUTE ] array (
  'type' => 'module',
  'module' => 
  array (
    0 => 'scripts',
    1 => 'UpdateServerOpenTime',
    2 => 'run',
  ),
)
[ 2022-03-07T15:03:15+08:00 ][ info ] [ HEADER ] array (
)
[ 2022-03-07T15:03:15+08:00 ][ info ] [ PARAM ] array (
  'g' => 'scripts',
  'm' => 'UpdateServerOpenTime',
  'a' => 'run',
  'p' => 
  array (
    'action' => 'update',
  ),
)
[ 2022-03-07T15:03:15+08:00 ][ info ] [ CACHE ] INIT redis
[ 2022-03-07T15:03:15+08:00 ][ info ] [ RUN ] app\scripts\controller\UpdateServerOpenTime->run[ D:\phpstudy_pro\WWW\new_kefu\application\scripts\controller\UpdateServerOpenTime.php ]
[ 2022-03-07T15:03:15+08:00 ][ info ] [ DB ] INIT mysql
[ 2022-03-07T15:03:15+08:00 ][ sql ] [ DB ] CONNECT:[ UseTime:0.001374s ] mysql:host=127.0.0.1;port=3306;dbname=gr_chat;charset=utf8
[ 2022-03-07T15:03:15+08:00 ][ sql ] [ SQL ] SHOW COLUMNS FROM `gr_run_log` [ RunTime:0.000744s ]
[ 2022-03-07T15:03:15+08:00 ][ sql ] [ SQL ] INSERT INTO `gr_run_log` (`controller` , `action` , `input_param` , `add_time` , `update_time`) VALUES ('script_UpdateServerOpenTime' , 'updateServerOpenTime' , '[]' , 1646636595 , 1646636595) [ RunTime:0.000833s ]
[ 2022-03-07T15:03:15+08:00 ][ info ] [ DB ] INIT mysql
[ 2022-03-07T15:03:16+08:00 ][ info ] [ DB ] INIT mysql
[ 2022-03-07T15:03:16+08:00 ][ info ] [ DB ] INIT mysql
[ 2022-03-07T15:04:39+08:00 ][ info ] [ LANG ] D:\phpstudy_pro\WWW\new_kefu\thinkphp\lang\zh-cn.php
[ info ] [ LOG ] INIT File
[ 2022-03-07T15:04:39+08:00 ][ info ] [ ROUTE ] array (
  'type' => 'module',
  'module' => 
  array (
    0 => 'scripts',
    1 => 'UpdateServerOpenTime',
    2 => 'run',
  ),
)
[ 2022-03-07T15:04:39+08:00 ][ info ] [ HEADER ] array (
)
[ 2022-03-07T15:04:39+08:00 ][ info ] [ PARAM ] array (
  'g' => 'scripts',
  'm' => 'UpdateServerOpenTime',
  'a' => 'run',
  'p' => 
  array (
    'action' => 'update',
  ),
)
[ 2022-03-07T15:04:39+08:00 ][ info ] [ CACHE ] INIT redis
[ 2022-03-07T15:04:39+08:00 ][ info ] [ RUN ] app\scripts\controller\UpdateServerOpenTime->run[ D:\phpstudy_pro\WWW\new_kefu\application\scripts\controller\UpdateServerOpenTime.php ]
[ 2022-03-07T15:04:39+08:00 ][ info ] [ DB ] INIT mysql
[ 2022-03-07T15:04:39+08:00 ][ sql ] [ DB ] CONNECT:[ UseTime:0.001631s ] mysql:host=127.0.0.1;port=3306;dbname=gr_chat;charset=utf8
[ 2022-03-07T15:04:39+08:00 ][ sql ] [ SQL ] SHOW COLUMNS FROM `gr_run_log` [ RunTime:0.000961s ]
[ 2022-03-07T15:04:39+08:00 ][ sql ] [ SQL ] INSERT INTO `gr_run_log` (`controller` , `action` , `input_param` , `add_time` , `update_time`) VALUES ('script_UpdateServerOpenTime' , 'updateServerOpenTime' , '[]' , 1646636679 , 1646636679) [ RunTime:0.001115s ]
[ 2022-03-07T15:04:39+08:00 ][ info ] [ DB ] INIT mysql
[ 2022-03-07T15:04:40+08:00 ][ info ] [ DB ] INIT mysql
[ 2022-03-07T15:05:20+08:00 ][ info ] [ LANG ] D:\phpstudy_pro\WWW\new_kefu\thinkphp\lang\zh-cn.php
[ info ] [ LOG ] INIT File
[ 2022-03-07T15:05:20+08:00 ][ info ] [ ROUTE ] array (
  'type' => 'module',
  'module' => 
  array (
    0 => 'scripts',
    1 => 'UpdateServerOpenTime',
    2 => 'run',
  ),
)
[ 2022-03-07T15:05:20+08:00 ][ info ] [ HEADER ] array (
)
[ 2022-03-07T15:05:20+08:00 ][ info ] [ PARAM ] array (
  'g' => 'scripts',
  'm' => 'UpdateServerOpenTime',
  'a' => 'run',
  'p' => 
  array (
    'action' => 'update',
  ),
)
[ 2022-03-07T15:05:20+08:00 ][ info ] [ CACHE ] INIT redis
[ 2022-03-07T15:05:20+08:00 ][ info ] [ RUN ] app\scripts\controller\UpdateServerOpenTime->run[ D:\phpstudy_pro\WWW\new_kefu\application\scripts\controller\UpdateServerOpenTime.php ]
[ 2022-03-07T15:05:20+08:00 ][ info ] [ DB ] INIT mysql
[ 2022-03-07T15:05:20+08:00 ][ sql ] [ DB ] CONNECT:[ UseTime:0.001178s ] mysql:host=127.0.0.1;port=3306;dbname=gr_chat;charset=utf8
[ 2022-03-07T15:05:20+08:00 ][ sql ] [ SQL ] SHOW COLUMNS FROM `gr_run_log` [ RunTime:0.000753s ]
[ 2022-03-07T15:05:20+08:00 ][ sql ] [ SQL ] INSERT INTO `gr_run_log` (`controller` , `action` , `input_param` , `add_time` , `update_time`) VALUES ('script_UpdateServerOpenTime' , 'updateServerOpenTime' , '[]' , 1646636720 , 1646636720) [ RunTime:0.001422s ]
[ 2022-03-07T15:05:20+08:00 ][ info ] [ DB ] INIT mysql
[ 2022-03-07T15:05:21+08:00 ][ info ] [ DB ] INIT mysql
[ 2022-03-07T15:07:33+08:00 ][ error ] [8]think\db\Connection::close(): send of 5 bytes failed with errno=10053 你的主机中的软件中止了一个已建立的连接。
[D:\phpstudy_pro\WWW\new_kefu\thinkphp\library\think\db\Connection.php:793]
[ 2022-03-07T15:07:33+08:00 ][ error ] [8]think\db\Connection::close(): send of 5 bytes failed with errno=10053 你的主机中的软件中止了一个已建立的连接。
[D:\phpstudy_pro\WWW\new_kefu\thinkphp\library\think\db\Connection.php:793]
[ 2022-03-07T15:30:02+08:00 ][ info ] [ LANG ] D:\phpstudy_pro\WWW\new_kefu\thinkphp\lang\zh-cn.php
[ info ] [ LOG ] INIT File
[ 2022-03-07T15:30:02+08:00 ][ info ] [ ROUTE ] array (
  'type' => 'module',
  'module' => 
  array (
    0 => 'scripts',
    1 => 'UpdateServerOpenTime',
    2 => 'run',
  ),
)
[ 2022-03-07T15:30:02+08:00 ][ info ] [ HEADER ] array (
)
[ 2022-03-07T15:30:02+08:00 ][ info ] [ PARAM ] array (
  'g' => 'scripts',
  'm' => 'UpdateServerOpenTime',
  'a' => 'run',
  'p' => 
  array (
    'action' => 'update',
  ),
)
[ 2022-03-07T15:30:02+08:00 ][ info ] [ CACHE ] INIT redis
[ 2022-03-07T15:30:02+08:00 ][ info ] [ RUN ] app\scripts\controller\UpdateServerOpenTime->run[ D:\phpstudy_pro\WWW\new_kefu\application\scripts\controller\UpdateServerOpenTime.php ]
[ 2022-03-07T15:30:02+08:00 ][ info ] [ DB ] INIT mysql
[ 2022-03-07T15:30:02+08:00 ][ sql ] [ DB ] CONNECT:[ UseTime:0.001476s ] mysql:host=127.0.0.1;port=3306;dbname=gr_chat;charset=utf8
[ 2022-03-07T15:30:02+08:00 ][ sql ] [ SQL ] SHOW COLUMNS FROM `gr_run_log` [ RunTime:0.000869s ]
[ 2022-03-07T15:30:02+08:00 ][ sql ] [ SQL ] INSERT INTO `gr_run_log` (`controller` , `action` , `input_param` , `add_time` , `update_time`) VALUES ('script_UpdateServerOpenTime' , 'updateServerOpenTime' , '[]' , 1646638202 , 1646638202) [ RunTime:0.001166s ]
[ 2022-03-07T15:30:02+08:00 ][ info ] [ DB ] INIT mysql
[ 2022-03-07T15:30:02+08:00 ][ info ] [ DB ] INIT mysql
[ 2022-03-07T15:30:02+08:00 ][ info ] [ DB ] INIT mysql
[ 2022-03-07T15:32:14+08:00 ][ error ] [8]think\db\Connection::close(): send of 5 bytes failed with errno=10053 你的主机中的软件中止了一个已建立的连接。
[D:\phpstudy_pro\WWW\new_kefu\thinkphp\library\think\db\Connection.php:793]
[ 2022-03-07T15:32:14+08:00 ][ error ] [8]think\db\Connection::close(): send of 5 bytes failed with errno=10053 你的主机中的软件中止了一个已建立的连接。
[D:\phpstudy_pro\WWW\new_kefu\thinkphp\library\think\db\Connection.php:793]
[ 2022-03-07T15:32:14+08:00 ][ error ] [8]think\db\Connection::close(): send of 5 bytes failed with errno=10053 你的主机中的软件中止了一个已建立的连接。
[D:\phpstudy_pro\WWW\new_kefu\thinkphp\library\think\db\Connection.php:793]
[ 2022-03-07T15:35:25+08:00 ][ info ] [ LANG ] D:\phpstudy_pro\WWW\new_kefu\thinkphp\lang\zh-cn.php
[ info ] [ LOG ] INIT File
[ 2022-03-07T15:35:25+08:00 ][ info ] [ ROUTE ] array (
  'type' => 'module',
  'module' => 
  array (
    0 => 'scripts',
    1 => 'UpdateServerOpenTime',
    2 => 'run',
  ),
)
[ 2022-03-07T15:35:25+08:00 ][ info ] [ HEADER ] array (
)
[ 2022-03-07T15:35:25+08:00 ][ info ] [ PARAM ] array (
  'g' => 'scripts',
  'm' => 'UpdateServerOpenTime',
  'a' => 'run',
  'p' => 
  array (
    'action' => 'update',
  ),
)
[ 2022-03-07T15:35:25+08:00 ][ info ] [ CACHE ] INIT redis
[ 2022-03-07T15:35:25+08:00 ][ info ] [ RUN ] app\scripts\controller\UpdateServerOpenTime->run[ D:\phpstudy_pro\WWW\new_kefu\application\scripts\controller\UpdateServerOpenTime.php ]
[ 2022-03-07T15:35:25+08:00 ][ error ] [8]Undefined index: func[D:\phpstudy_pro\WWW\new_kefu\thinkphp\library\traits\controller\lxxScript.php:179]
[ 2022-03-07T15:35:32+08:00 ][ info ] [ LANG ] D:\phpstudy_pro\WWW\new_kefu\thinkphp\lang\zh-cn.php
[ info ] [ LOG ] INIT File
[ 2022-03-07T15:35:32+08:00 ][ info ] [ ROUTE ] array (
  'type' => 'module',
  'module' => 
  array (
    0 => 'scripts',
    1 => 'UpdateServerOpenTime',
    2 => 'run',
  ),
)
[ 2022-03-07T15:35:32+08:00 ][ info ] [ HEADER ] array (
)
[ 2022-03-07T15:35:32+08:00 ][ info ] [ PARAM ] array (
  'g' => 'scripts',
  'm' => 'UpdateServerOpenTime',
  'a' => 'run',
  'p' => 
  array (
    'action' => 'update',
  ),
)
[ 2022-03-07T15:35:32+08:00 ][ info ] [ CACHE ] INIT redis
[ 2022-03-07T15:35:32+08:00 ][ info ] [ RUN ] app\scripts\controller\UpdateServerOpenTime->run[ D:\phpstudy_pro\WWW\new_kefu\application\scripts\controller\UpdateServerOpenTime.php ]
[ 2022-03-07T15:35:32+08:00 ][ info ] [ DB ] INIT mysql
[ 2022-03-07T15:35:32+08:00 ][ sql ] [ DB ] CONNECT:[ UseTime:0.001658s ] mysql:host=127.0.0.1;port=3306;dbname=gr_chat;charset=utf8
[ 2022-03-07T15:35:32+08:00 ][ sql ] [ SQL ] SHOW COLUMNS FROM `gr_run_log` [ RunTime:0.000786s ]
[ 2022-03-07T15:35:32+08:00 ][ sql ] [ SQL ] INSERT INTO `gr_run_log` (`controller` , `action` , `input_param` , `add_time` , `update_time`) VALUES ('script_UpdateServerOpenTime' , 'updateServerOpenTime' , '[]' , 1646638532 , 1646638532) [ RunTime:0.001222s ]
[ 2022-03-07T15:35:32+08:00 ][ info ] [ DB ] INIT mysql
[ 2022-03-07T15:35:32+08:00 ][ info ] [ DB ] INIT mysql
[ 2022-03-07T15:35:32+08:00 ][ info ] [ DB ] INIT mysql
[ 2022-03-07T15:37:43+08:00 ][ error ] [8]Undefined offset: 0[D:\phpstudy_pro\WWW\new_kefu\thinkphp\library\think\db\Builder.php:120]
[ 2022-03-07T15:37:44+08:00 ][ error ] [8]think\db\Connection::close(): send of 5 bytes failed with errno=10053 你的主机中的软件中止了一个已建立的连接。
[D:\phpstudy_pro\WWW\new_kefu\thinkphp\library\think\db\Connection.php:793]
[ 2022-03-07T15:37:44+08:00 ][ error ] [8]think\db\Connection::close(): send of 5 bytes failed with errno=10053 你的主机中的软件中止了一个已建立的连接。
[D:\phpstudy_pro\WWW\new_kefu\thinkphp\library\think\db\Connection.php:793]
[ 2022-03-07T15:37:44+08:00 ][ error ] [8]think\db\Connection::close(): send of 5 bytes failed with errno=10053 你的主机中的软件中止了一个已建立的连接。
[D:\phpstudy_pro\WWW\new_kefu\thinkphp\library\think\db\Connection.php:793]
[ 2022-03-07T15:44:38+08:00 ][ info ] [ LANG ] D:\phpstudy_pro\WWW\new_kefu\thinkphp\lang\zh-cn.php
[ info ] [ LOG ] INIT File
[ 2022-03-07T15:44:38+08:00 ][ info ] [ ROUTE ] array (
  'type' => 'module',
  'module' => 
  array (
    0 => 'scripts',
    1 => 'UpdateServerOpenTime',
    2 => 'run',
  ),
)
[ 2022-03-07T15:44:38+08:00 ][ info ] [ HEADER ] array (
)
[ 2022-03-07T15:44:38+08:00 ][ info ] [ PARAM ] array (
  'g' => 'scripts',
  'm' => 'UpdateServerOpenTime',
  'a' => 'run',
  'p' => 
  array (
    'action' => 'update',
  ),
)
[ 2022-03-07T15:44:38+08:00 ][ info ] [ CACHE ] INIT redis
[ 2022-03-07T15:44:38+08:00 ][ info ] [ RUN ] app\scripts\controller\UpdateServerOpenTime->run[ D:\phpstudy_pro\WWW\new_kefu\application\scripts\controller\UpdateServerOpenTime.php ]
[ 2022-03-07T15:44:38+08:00 ][ info ] [ DB ] INIT mysql
[ 2022-03-07T15:44:38+08:00 ][ sql ] [ DB ] CONNECT:[ UseTime:0.001391s ] mysql:host=127.0.0.1;port=3306;dbname=gr_chat;charset=utf8
[ 2022-03-07T15:44:38+08:00 ][ sql ] [ SQL ] SHOW COLUMNS FROM `gr_run_log` [ RunTime:0.001087s ]
[ 2022-03-07T15:44:38+08:00 ][ sql ] [ SQL ] INSERT INTO `gr_run_log` (`controller` , `action` , `input_param` , `add_time` , `update_time`) VALUES ('script_UpdateServerOpenTime' , 'updateServerOpenTime' , '[]' , 1646639078 , 1646639078) [ RunTime:0.000982s ]
[ 2022-03-07T15:44:38+08:00 ][ info ] [ DB ] INIT mysql
[ 2022-03-07T15:55:14+08:00 ][ info ] [ LANG ] D:\phpstudy_pro\WWW\new_kefu\thinkphp\lang\zh-cn.php
[ info ] [ LOG ] INIT File
[ 2022-03-07T15:55:14+08:00 ][ info ] [ ROUTE ] array (
  'type' => 'module',
  'module' => 
  array (
    0 => 'scripts',
    1 => 'UpdateServerOpenTime',
    2 => 'run',
  ),
)
[ 2022-03-07T15:55:14+08:00 ][ info ] [ HEADER ] array (
)
[ 2022-03-07T15:55:14+08:00 ][ info ] [ PARAM ] array (
  'g' => 'scripts',
  'm' => 'UpdateServerOpenTime',
  'a' => 'run',
  'p' => 
  array (
    'action' => 'update',
  ),
)
[ 2022-03-07T15:55:14+08:00 ][ info ] [ CACHE ] INIT redis
[ 2022-03-07T15:55:14+08:00 ][ info ] [ DB ] INIT mysql
[ 2022-03-07T15:55:14+08:00 ][ info ] [ RUN ] app\scripts\controller\UpdateServerOpenTime->run[ D:\phpstudy_pro\WWW\new_kefu\application\scripts\controller\UpdateServerOpenTime.php ]
[ 2022-03-07T15:55:14+08:00 ][ info ] [ DB ] INIT mysql
[ 2022-03-07T15:55:14+08:00 ][ sql ] [ DB ] CONNECT:[ UseTime:0.001232s ] mysql:host=127.0.0.1;port=3306;dbname=gr_chat;charset=utf8
[ 2022-03-07T15:55:14+08:00 ][ sql ] [ SQL ] SHOW COLUMNS FROM `gr_run_log` [ RunTime:0.000818s ]
[ 2022-03-07T15:55:14+08:00 ][ sql ] [ SQL ] INSERT INTO `gr_run_log` (`controller` , `action` , `input_param` , `add_time` , `update_time`) VALUES ('script_UpdateServerOpenTime' , 'updateServerOpenTime' , '[]' , 1646639714 , 1646639714) [ RunTime:0.001283s ]
[ 2022-03-07T15:55:15+08:00 ][ info ] [ DB ] INIT mysql
[ 2022-03-07T15:55:15+08:00 ][ info ] [ DB ] INIT mysql
[ 2022-03-07T15:57:29+08:00 ][ error ] [8]Undefined offset: 0[D:\phpstudy_pro\WWW\new_kefu\thinkphp\library\think\db\Builder.php:120]
[ 2022-03-07T15:57:29+08:00 ][ error ] [8]think\db\Connection::close(): send of 5 bytes failed with errno=10053 你的主机中的软件中止了一个已建立的连接。
[D:\phpstudy_pro\WWW\new_kefu\thinkphp\library\think\db\Connection.php:793]
[ 2022-03-07T15:57:29+08:00 ][ error ] [8]think\db\Connection::close(): send of 5 bytes failed with errno=10053 你的主机中的软件中止了一个已建立的连接。
[D:\phpstudy_pro\WWW\new_kefu\thinkphp\library\think\db\Connection.php:793]
[ 2022-03-07T15:57:29+08:00 ][ error ] [8]think\db\Connection::close(): send of 5 bytes failed with errno=10053 你的主机中的软件中止了一个已建立的连接。
[D:\phpstudy_pro\WWW\new_kefu\thinkphp\library\think\db\Connection.php:793]
[ 2022-03-07T16:03:24+08:00 ][ info ] [ LANG ] D:\phpstudy_pro\WWW\new_kefu\thinkphp\lang\zh-cn.php
[ info ] [ LOG ] INIT File
[ 2022-03-07T16:03:24+08:00 ][ info ] [ ROUTE ] array (
  'type' => 'module',
  'module' => 
  array (
    0 => 'scripts',
    1 => 'UpdateServerOpenTime',
    2 => 'run',
  ),
)
[ 2022-03-07T16:03:24+08:00 ][ info ] [ HEADER ] array (
)
[ 2022-03-07T16:03:24+08:00 ][ info ] [ PARAM ] array (
  'g' => 'scripts',
  'm' => 'UpdateServerOpenTime',
  'a' => 'run',
  'p' => 
  array (
    'action' => 'update',
  ),
)
[ 2022-03-07T16:03:25+08:00 ][ info ] [ CACHE ] INIT redis
[ 2022-03-07T16:03:25+08:00 ][ info ] [ RUN ] app\scripts\controller\UpdateServerOpenTime->run[ D:\phpstudy_pro\WWW\new_kefu\application\scripts\controller\UpdateServerOpenTime.php ]
[ 2022-03-07T16:03:25+08:00 ][ info ] [ DB ] INIT mysql
[ 2022-03-07T16:03:25+08:00 ][ sql ] [ DB ] CONNECT:[ UseTime:0.001170s ] mysql:host=127.0.0.1;port=3306;dbname=gr_chat;charset=utf8
[ 2022-03-07T16:03:25+08:00 ][ sql ] [ SQL ] SHOW COLUMNS FROM `gr_run_log` [ RunTime:0.000857s ]
[ 2022-03-07T16:03:25+08:00 ][ sql ] [ SQL ] INSERT INTO `gr_run_log` (`controller` , `action` , `input_param` , `add_time` , `update_time`) VALUES ('script_UpdateServerOpenTime' , 'updateServerOpenTime' , '[]' , 1646640205 , 1646640205) [ RunTime:0.001277s ]
[ 2022-03-07T16:03:25+08:00 ][ info ] [ DB ] INIT mysql
[ 2022-03-07T16:03:25+08:00 ][ info ] [ DB ] INIT mysql
[ 2022-03-07T16:03:25+08:00 ][ info ] [ DB ] INIT mysql
[ 2022-03-07T16:04:15+08:00 ][ info ] [ LANG ] D:\phpstudy_pro\WWW\new_kefu\thinkphp\lang\zh-cn.php
[ info ] [ LOG ] INIT File
[ 2022-03-07T16:04:15+08:00 ][ info ] [ ROUTE ] array (
  'type' => 'module',
  'module' => 
  array (
    0 => 'scripts',
    1 => 'UpdateServerOpenTime',
    2 => 'run',
  ),
)
[ 2022-03-07T16:04:15+08:00 ][ info ] [ HEADER ] array (
)
[ 2022-03-07T16:04:15+08:00 ][ info ] [ PARAM ] array (
  'g' => 'scripts',
  'm' => 'UpdateServerOpenTime',
  'a' => 'run',
  'p' => 
  array (
    'action' => 'update',
  ),
)
[ 2022-03-07T16:04:15+08:00 ][ info ] [ CACHE ] INIT redis
[ 2022-03-07T16:04:15+08:00 ][ info ] [ RUN ] app\scripts\controller\UpdateServerOpenTime->run[ D:\phpstudy_pro\WWW\new_kefu\application\scripts\controller\UpdateServerOpenTime.php ]
[ 2022-03-07T16:05:46+08:00 ][ info ] [ LANG ] D:\phpstudy_pro\WWW\new_kefu\thinkphp\lang\zh-cn.php
[ info ] [ LOG ] INIT File
[ 2022-03-07T16:05:46+08:00 ][ info ] [ ROUTE ] array (
  'type' => 'module',
  'module' => 
  array (
    0 => 'scripts',
    1 => 'UpdateServerOpenTime',
    2 => 'run',
  ),
)
[ 2022-03-07T16:05:46+08:00 ][ info ] [ HEADER ] array (
)
[ 2022-03-07T16:05:46+08:00 ][ info ] [ PARAM ] array (
  'g' => 'scripts',
  'm' => 'UpdateServerOpenTime',
  'a' => 'run',
  'p' => 
  array (
    'action' => 'update',
  ),
)
[ 2022-03-07T16:05:46+08:00 ][ info ] [ CACHE ] INIT redis
[ 2022-03-07T16:05:46+08:00 ][ info ] [ RUN ] app\scripts\controller\UpdateServerOpenTime->run[ D:\phpstudy_pro\WWW\new_kefu\application\scripts\controller\UpdateServerOpenTime.php ]
[ 2022-03-07T16:05:56+08:00 ][ info ] [ LANG ] D:\phpstudy_pro\WWW\new_kefu\thinkphp\lang\zh-cn.php
[ info ] [ LOG ] INIT File
[ 2022-03-07T16:05:56+08:00 ][ info ] [ ROUTE ] array (
  'type' => 'module',
  'module' => 
  array (
    0 => 'scripts',
    1 => 'UpdateServerOpenTime',
    2 => 'run',
  ),
)
[ 2022-03-07T16:05:56+08:00 ][ info ] [ HEADER ] array (
)
[ 2022-03-07T16:05:56+08:00 ][ info ] [ PARAM ] array (
  'g' => 'scripts',
  'm' => 'UpdateServerOpenTime',
  'a' => 'run',
  'p' => 
  array (
    'action' => 'update',
  ),
)
[ 2022-03-07T16:05:56+08:00 ][ info ] [ CACHE ] INIT redis
[ 2022-03-07T16:05:56+08:00 ][ info ] [ RUN ] app\scripts\controller\UpdateServerOpenTime->run[ D:\phpstudy_pro\WWW\new_kefu\application\scripts\controller\UpdateServerOpenTime.php ]
[ 2022-03-07T16:05:56+08:00 ][ info ] [ DB ] INIT mysql
[ 2022-03-07T16:05:56+08:00 ][ sql ] [ DB ] CONNECT:[ UseTime:0.001354s ] mysql:host=127.0.0.1;port=3306;dbname=gr_chat;charset=utf8
[ 2022-03-07T16:05:56+08:00 ][ sql ] [ SQL ] SHOW COLUMNS FROM `gr_run_log` [ RunTime:0.000921s ]
[ 2022-03-07T16:05:56+08:00 ][ sql ] [ SQL ] INSERT INTO `gr_run_log` (`controller` , `action` , `input_param` , `add_time` , `update_time`) VALUES ('script_UpdateServerOpenTime' , 'updateServerOpenTime' , '[]' , 1646640356 , 1646640356) [ RunTime:0.001151s ]
[ 2022-03-07T16:05:56+08:00 ][ info ] [ DB ] INIT mysql
[ 2022-03-07T16:05:56+08:00 ][ info ] [ DB ] INIT mysql
[ 2022-03-07T16:05:56+08:00 ][ info ] [ DB ] INIT mysql
[ 2022-03-07T16:06:36+08:00 ][ info ] [ LANG ] D:\phpstudy_pro\WWW\new_kefu\thinkphp\lang\zh-cn.php
[ info ] [ LOG ] INIT File
[ 2022-03-07T16:06:36+08:00 ][ info ] [ ROUTE ] array (
  'type' => 'module',
  'module' => 
  array (
    0 => 'scripts',
    1 => 'UpdateServerOpenTime',
    2 => 'run',
  ),
)
[ 2022-03-07T16:06:36+08:00 ][ info ] [ HEADER ] array (
)
[ 2022-03-07T16:06:36+08:00 ][ info ] [ PARAM ] array (
  'g' => 'scripts',
  'm' => 'UpdateServerOpenTime',
  'a' => 'run',
  'p' => 
  array (
    'action' => 'update',
  ),
)
[ 2022-03-07T16:06:36+08:00 ][ info ] [ CACHE ] INIT redis
[ 2022-03-07T16:06:36+08:00 ][ info ] [ RUN ] app\scripts\controller\UpdateServerOpenTime->run[ D:\phpstudy_pro\WWW\new_kefu\application\scripts\controller\UpdateServerOpenTime.php ]
[ 2022-03-07T16:06:36+08:00 ][ info ] [ DB ] INIT mysql
[ 2022-03-07T16:06:36+08:00 ][ sql ] [ DB ] CONNECT:[ UseTime:0.001376s ] mysql:host=127.0.0.1;port=3306;dbname=gr_chat;charset=utf8
[ 2022-03-07T16:06:36+08:00 ][ sql ] [ SQL ] SHOW COLUMNS FROM `gr_run_log` [ RunTime:0.000829s ]
[ 2022-03-07T16:06:36+08:00 ][ sql ] [ SQL ] INSERT INTO `gr_run_log` (`controller` , `action` , `input_param` , `add_time` , `update_time`) VALUES ('script_UpdateServerOpenTime' , 'updateServerOpenTime' , '[]' , 1646640396 , 1646640396) [ RunTime:0.001189s ]
[ 2022-03-07T16:06:36+08:00 ][ info ] [ DB ] INIT mysql
[ 2022-03-07T16:06:37+08:00 ][ info ] [ DB ] INIT mysql
[ 2022-03-07T16:06:37+08:00 ][ info ] [ DB ] INIT mysql
[ 2022-03-07T16:08:01+08:00 ][ info ] [ LANG ] D:\phpstudy_pro\WWW\new_kefu\thinkphp\lang\zh-cn.php
[ info ] [ LOG ] INIT File
[ 2022-03-07T16:08:01+08:00 ][ info ] [ ROUTE ] array (
  'type' => 'module',
  'module' => 
  array (
    0 => 'scripts',
    1 => 'UpdateServerOpenTime',
    2 => 'run',
  ),
)
[ 2022-03-07T16:08:01+08:00 ][ info ] [ HEADER ] array (
)
[ 2022-03-07T16:08:01+08:00 ][ info ] [ PARAM ] array (
  'g' => 'scripts',
  'm' => 'UpdateServerOpenTime',
  'a' => 'run',
  'p' => 
  array (
    'action' => 'update',
  ),
)
[ 2022-03-07T16:08:01+08:00 ][ info ] [ CACHE ] INIT redis
[ 2022-03-07T16:08:01+08:00 ][ info ] [ RUN ] app\scripts\controller\UpdateServerOpenTime->run[ D:\phpstudy_pro\WWW\new_kefu\application\scripts\controller\UpdateServerOpenTime.php ]
[ 2022-03-07T16:08:01+08:00 ][ info ] [ DB ] INIT mysql
[ 2022-03-07T16:08:01+08:00 ][ sql ] [ DB ] CONNECT:[ UseTime:0.001230s ] mysql:host=127.0.0.1;port=3306;dbname=gr_chat;charset=utf8
[ 2022-03-07T16:08:01+08:00 ][ sql ] [ SQL ] SHOW COLUMNS FROM `gr_run_log` [ RunTime:0.000850s ]
[ 2022-03-07T16:08:01+08:00 ][ sql ] [ SQL ] INSERT INTO `gr_run_log` (`controller` , `action` , `input_param` , `add_time` , `update_time`) VALUES ('script_UpdateServerOpenTime' , 'updateServerOpenTime' , '[]' , 1646640481 , 1646640481) [ RunTime:0.001428s ]
[ 2022-03-07T16:08:01+08:00 ][ info ] [ DB ] INIT mysql
[ 2022-03-07T16:08:02+08:00 ][ info ] [ DB ] INIT mysql
[ 2022-03-07T16:08:02+08:00 ][ info ] [ DB ] INIT mysql
[ 2022-03-07T16:08:26+08:00 ][ info ] [ LANG ] D:\phpstudy_pro\WWW\new_kefu\thinkphp\lang\zh-cn.php
[ info ] [ LOG ] INIT File
[ 2022-03-07T16:08:26+08:00 ][ info ] [ ROUTE ] array (
  'type' => 'module',
  'module' => 
  array (
    0 => 'scripts',
    1 => 'UpdateServerOpenTime',
    2 => 'run',
  ),
)
[ 2022-03-07T16:08:26+08:00 ][ info ] [ HEADER ] array (
)
[ 2022-03-07T16:08:26+08:00 ][ info ] [ PARAM ] array (
  'g' => 'scripts',
  'm' => 'UpdateServerOpenTime',
  'a' => 'run',
  'p' => 
  array (
    'action' => 'update',
  ),
)
[ 2022-03-07T16:08:26+08:00 ][ info ] [ CACHE ] INIT redis
[ 2022-03-07T16:08:26+08:00 ][ info ] [ RUN ] app\scripts\controller\UpdateServerOpenTime->run[ D:\phpstudy_pro\WWW\new_kefu\application\scripts\controller\UpdateServerOpenTime.php ]
[ 2022-03-07T16:08:26+08:00 ][ info ] [ DB ] INIT mysql
[ 2022-03-07T16:08:26+08:00 ][ sql ] [ DB ] CONNECT:[ UseTime:0.001361s ] mysql:host=127.0.0.1;port=3306;dbname=gr_chat;charset=utf8
[ 2022-03-07T16:08:26+08:00 ][ sql ] [ SQL ] SHOW COLUMNS FROM `gr_run_log` [ RunTime:0.000844s ]
[ 2022-03-07T16:08:26+08:00 ][ sql ] [ SQL ] INSERT INTO `gr_run_log` (`controller` , `action` , `input_param` , `add_time` , `update_time`) VALUES ('script_UpdateServerOpenTime' , 'updateServerOpenTime' , '[]' , 1646640506 , 1646640506) [ RunTime:0.001106s ]
[ 2022-03-07T16:08:26+08:00 ][ info ] [ DB ] INIT mysql
[ 2022-03-07T16:08:26+08:00 ][ info ] [ DB ] INIT mysql
[ 2022-03-07T16:08:26+08:00 ][ info ] [ DB ] INIT mysql
[ 2022-03-07T16:09:03+08:00 ][ info ] [ LANG ] D:\phpstudy_pro\WWW\new_kefu\thinkphp\lang\zh-cn.php
[ info ] [ LOG ] INIT File
[ 2022-03-07T16:09:03+08:00 ][ info ] [ ROUTE ] array (
  'type' => 'module',
  'module' => 
  array (
    0 => 'scripts',
    1 => 'UpdateServerOpenTime',
    2 => 'run',
  ),
)
[ 2022-03-07T16:09:03+08:00 ][ info ] [ HEADER ] array (
)
[ 2022-03-07T16:09:03+08:00 ][ info ] [ PARAM ] array (
  'g' => 'scripts',
  'm' => 'UpdateServerOpenTime',
  'a' => 'run',
  'p' => 
  array (
    'action' => 'update',
  ),
)
[ 2022-03-07T16:09:03+08:00 ][ info ] [ CACHE ] INIT redis
[ 2022-03-07T16:09:03+08:00 ][ info ] [ RUN ] app\scripts\controller\UpdateServerOpenTime->run[ D:\phpstudy_pro\WWW\new_kefu\application\scripts\controller\UpdateServerOpenTime.php ]
[ 2022-03-07T16:09:03+08:00 ][ info ] [ DB ] INIT mysql
[ 2022-03-07T16:09:03+08:00 ][ sql ] [ DB ] CONNECT:[ UseTime:0.001226s ] mysql:host=127.0.0.1;port=3306;dbname=gr_chat;charset=utf8
[ 2022-03-07T16:09:03+08:00 ][ sql ] [ SQL ] SHOW COLUMNS FROM `gr_run_log` [ RunTime:0.000867s ]
[ 2022-03-07T16:09:03+08:00 ][ sql ] [ SQL ] INSERT INTO `gr_run_log` (`controller` , `action` , `input_param` , `add_time` , `update_time`) VALUES ('script_UpdateServerOpenTime' , 'updateServerOpenTime' , '[]' , 1646640543 , 1646640543) [ RunTime:0.001167s ]
[ 2022-03-07T16:09:03+08:00 ][ info ] [ DB ] INIT mysql
[ 2022-03-07T16:09:03+08:00 ][ info ] [ DB ] INIT mysql
[ 2022-03-07T16:09:03+08:00 ][ info ] [ DB ] INIT mysql
[ 2022-03-07T16:09:06+08:00 ][ error ] [8]Undefined offset: 0[D:\phpstudy_pro\WWW\new_kefu\thinkphp\library\think\db\Builder.php:120]
[ 2022-03-07T16:11:06+08:00 ][ info ] [ LANG ] D:\phpstudy_pro\WWW\new_kefu\thinkphp\lang\zh-cn.php
[ info ] [ LOG ] INIT File
[ 2022-03-07T16:11:06+08:00 ][ info ] [ ROUTE ] array (
  'type' => 'module',
  'module' => 
  array (
    0 => 'scripts',
    1 => 'UpdateServerOpenTime',
    2 => 'run',
  ),
)
[ 2022-03-07T16:11:06+08:00 ][ info ] [ HEADER ] array (
)
[ 2022-03-07T16:11:06+08:00 ][ info ] [ PARAM ] array (
  'g' => 'scripts',
  'm' => 'UpdateServerOpenTime',
  'a' => 'run',
  'p' => 
  array (
    'action' => 'update',
  ),
)
[ 2022-03-07T16:11:06+08:00 ][ info ] [ CACHE ] INIT redis
[ 2022-03-07T16:11:06+08:00 ][ info ] [ RUN ] app\scripts\controller\UpdateServerOpenTime->run[ D:\phpstudy_pro\WWW\new_kefu\application\scripts\controller\UpdateServerOpenTime.php ]
[ 2022-03-07T16:11:06+08:00 ][ info ] [ DB ] INIT mysql
[ 2022-03-07T16:11:06+08:00 ][ sql ] [ DB ] CONNECT:[ UseTime:0.001362s ] mysql:host=127.0.0.1;port=3306;dbname=gr_chat;charset=utf8
[ 2022-03-07T16:11:06+08:00 ][ sql ] [ SQL ] SHOW COLUMNS FROM `gr_run_log` [ RunTime:0.000841s ]
[ 2022-03-07T16:11:06+08:00 ][ sql ] [ SQL ] INSERT INTO `gr_run_log` (`controller` , `action` , `input_param` , `add_time` , `update_time`) VALUES ('script_UpdateServerOpenTime' , 'updateServerOpenTime' , '[]' , 1646640666 , 1646640666) [ RunTime:0.001283s ]
[ 2022-03-07T16:11:06+08:00 ][ info ] [ DB ] INIT mysql
[ 2022-03-07T16:11:06+08:00 ][ info ] [ DB ] INIT mysql
[ 2022-03-07T16:11:06+08:00 ][ info ] [ DB ] INIT mysql
[ 2022-03-07T16:11:09+08:00 ][ error ] [8]Undefined offset: 0[D:\phpstudy_pro\WWW\new_kefu\thinkphp\library\think\db\Builder.php:120]
[ 2022-03-07T16:11:24+08:00 ][ info ] [ LANG ] D:\phpstudy_pro\WWW\new_kefu\thinkphp\lang\zh-cn.php
[ info ] [ LOG ] INIT File
[ 2022-03-07T16:11:24+08:00 ][ info ] [ ROUTE ] array (
  'type' => 'module',
  'module' => 
  array (
    0 => 'scripts',
    1 => 'UpdateServerOpenTime',
    2 => 'run',
  ),
)
[ 2022-03-07T16:11:24+08:00 ][ info ] [ HEADER ] array (
)
[ 2022-03-07T16:11:24+08:00 ][ info ] [ PARAM ] array (
  'g' => 'scripts',
  'm' => 'UpdateServerOpenTime',
  'a' => 'run',
  'p' => 
  array (
    'action' => 'update',
  ),
)
[ 2022-03-07T16:11:24+08:00 ][ info ] [ CACHE ] INIT redis
[ 2022-03-07T16:11:24+08:00 ][ info ] [ RUN ] app\scripts\controller\UpdateServerOpenTime->run[ D:\phpstudy_pro\WWW\new_kefu\application\scripts\controller\UpdateServerOpenTime.php ]
[ 2022-03-07T16:11:24+08:00 ][ info ] [ DB ] INIT mysql
[ 2022-03-07T16:11:24+08:00 ][ sql ] [ DB ] CONNECT:[ UseTime:0.001274s ] mysql:host=127.0.0.1;port=3306;dbname=gr_chat;charset=utf8
[ 2022-03-07T16:11:24+08:00 ][ sql ] [ SQL ] SHOW COLUMNS FROM `gr_run_log` [ RunTime:0.000773s ]
[ 2022-03-07T16:11:24+08:00 ][ sql ] [ SQL ] INSERT INTO `gr_run_log` (`controller` , `action` , `input_param` , `add_time` , `update_time`) VALUES ('script_UpdateServerOpenTime' , 'updateServerOpenTime' , '[]' , 1646640684 , 1646640684) [ RunTime:0.001149s ]
[ 2022-03-07T16:11:24+08:00 ][ info ] [ DB ] INIT mysql
[ 2022-03-07T16:11:25+08:00 ][ info ] [ DB ] INIT mysql
[ 2022-03-07T16:11:25+08:00 ][ info ] [ DB ] INIT mysql
[ 2022-03-07T16:11:27+08:00 ][ sql ] [ SQL ] UPDATE `gr_run_log`  SET `out_param`='{\"msg\":\"success\"}',`status`=1,`update_time`=1646640687  WHERE  `id` = 269 [ RunTime:0.000914s ]
