---------------------------------------------------------------
[ 2022-11-04T10:23:29+08:00 ] 127.0.0.1 GET api.newkefu.com/api/test/test222
[运行时间：0.150915s] [吞吐率：6.63req/s] [内存消耗：8,090.44kb] [文件加载：172]
[ info ] [ LANG ] D:\phpstudy_pro\WWW\new_kefu_online\thinkphp\lang\zh-cn.php
[ info ] [ ROUTE ] array (
  'type' => 'module',
  'module' => 
  array (
    0 => 'api',
    1 => 'test',
    2 => 'test222',
  ),
)
[ info ] [ HEADER ] array (
  'upgrade-insecure-requests' => '1',
  'connection' => 'close',
  'accept-encoding' => 'gzip, deflate',
  'accept-language' => 'zh-CN,zh;q=0.8,zh-TW;q=0.7,zh-HK;q=0.5,en-US;q=0.3,en;q=0.2',
  'accept' => 'text/html,application/xhtml+xml,application/xml;q=0.9,image/avif,image/webp,*/*;q=0.8',
  'user-agent' => 'Mozilla/5.0 (Windows NT 10.0; Win64; x64; rv:106.0) Gecko/20100101 Firefox/106.0',
  'host' => 'api.newkefu.com',
)
[ info ] [ PARAM ] array (
  '/api/test/test222' => '',
)
[ info ] [ CACHE ] INIT redis
[ info ] [ DB ] INIT mysql
[ info ] [ RUN ] app\api\controller\Test->test222[ D:\phpstudy_pro\WWW\new_kefu_online\application\api\controller\Test.php ]
[ info ] [ LOG ] INIT File
---------------------------------------------------------------
[ 2022-11-04T10:24:01+08:00 ] 127.0.0.1 GET api.newkefu.com/api/test/test222
[运行时间：0.090600s] [吞吐率：11.04req/s] [内存消耗：6,792.69kb] [文件加载：161]
[ info ] [ LANG ] D:\phpstudy_pro\WWW\new_kefu_online\thinkphp\lang\zh-cn.php
[ info ] [ ROUTE ] array (
  'type' => 'module',
  'module' => 
  array (
    0 => 'api',
    1 => 'test',
    2 => 'test222',
  ),
)
[ info ] [ HEADER ] array (
  'upgrade-insecure-requests' => '1',
  'connection' => 'close',
  'accept-encoding' => 'gzip, deflate',
  'accept-language' => 'zh-CN,zh;q=0.8,zh-TW;q=0.7,zh-HK;q=0.5,en-US;q=0.3,en;q=0.2',
  'accept' => 'text/html,application/xhtml+xml,application/xml;q=0.9,image/avif,image/webp,*/*;q=0.8',
  'user-agent' => 'Mozilla/5.0 (Windows NT 10.0; Win64; x64; rv:106.0) Gecko/20100101 Firefox/106.0',
  'host' => 'api.newkefu.com',
)
[ info ] [ PARAM ] array (
  '/api/test/test222' => '',
)
[ info ] [ CACHE ] INIT redis
[ info ] [ RUN ] app\api\controller\Test->test222[ D:\phpstudy_pro\WWW\new_kefu_online\application\api\controller\Test.php ]
[ info ] [ LOG ] INIT File
---------------------------------------------------------------
[ 2022-11-04T10:24:38+08:00 ] 127.0.0.1 GET api.newkefu.com/api/test/test222
[运行时间：0.061890s] [吞吐率：16.16req/s] [内存消耗：6,792.69kb] [文件加载：161]
[ info ] [ LANG ] D:\phpstudy_pro\WWW\new_kefu_online\thinkphp\lang\zh-cn.php
[ info ] [ ROUTE ] array (
  'type' => 'module',
  'module' => 
  array (
    0 => 'api',
    1 => 'test',
    2 => 'test222',
  ),
)
[ info ] [ HEADER ] array (
  'upgrade-insecure-requests' => '1',
  'connection' => 'close',
  'accept-encoding' => 'gzip, deflate',
  'accept-language' => 'zh-CN,zh;q=0.8,zh-TW;q=0.7,zh-HK;q=0.5,en-US;q=0.3,en;q=0.2',
  'accept' => 'text/html,application/xhtml+xml,application/xml;q=0.9,image/avif,image/webp,*/*;q=0.8',
  'user-agent' => 'Mozilla/5.0 (Windows NT 10.0; Win64; x64; rv:106.0) Gecko/20100101 Firefox/106.0',
  'host' => 'api.newkefu.com',
)
[ info ] [ PARAM ] array (
  '/api/test/test222' => '',
)
[ info ] [ CACHE ] INIT redis
[ info ] [ RUN ] app\api\controller\Test->test222[ D:\phpstudy_pro\WWW\new_kefu_online\application\api\controller\Test.php ]
[ info ] [ LOG ] INIT File
---------------------------------------------------------------
[ 2022-11-04T10:25:11+08:00 ] 127.0.0.1 GET api.newkefu.com/api/test/test222
[运行时间：0.062416s] [吞吐率：16.02req/s] [内存消耗：6,792.69kb] [文件加载：161]
[ info ] [ LANG ] D:\phpstudy_pro\WWW\new_kefu_online\thinkphp\lang\zh-cn.php
[ info ] [ ROUTE ] array (
  'type' => 'module',
  'module' => 
  array (
    0 => 'api',
    1 => 'test',
    2 => 'test222',
  ),
)
[ info ] [ HEADER ] array (
  'upgrade-insecure-requests' => '1',
  'connection' => 'close',
  'accept-encoding' => 'gzip, deflate',
  'accept-language' => 'zh-CN,zh;q=0.8,zh-TW;q=0.7,zh-HK;q=0.5,en-US;q=0.3,en;q=0.2',
  'accept' => 'text/html,application/xhtml+xml,application/xml;q=0.9,image/avif,image/webp,*/*;q=0.8',
  'user-agent' => 'Mozilla/5.0 (Windows NT 10.0; Win64; x64; rv:106.0) Gecko/20100101 Firefox/106.0',
  'host' => 'api.newkefu.com',
)
[ info ] [ PARAM ] array (
  '/api/test/test222' => '',
)
[ info ] [ CACHE ] INIT redis
[ info ] [ RUN ] app\api\controller\Test->test222[ D:\phpstudy_pro\WWW\new_kefu_online\application\api\controller\Test.php ]
[ info ] [ LOG ] INIT File
---------------------------------------------------------------
[ 2022-11-04T10:25:57+08:00 ] 127.0.0.1 GET api.newkefu.com/api/test/test222
[运行时间：0.072784s] [吞吐率：13.74req/s] [内存消耗：6,793.03kb] [文件加载：161]
[ info ] [ LANG ] D:\phpstudy_pro\WWW\new_kefu_online\thinkphp\lang\zh-cn.php
[ info ] [ ROUTE ] array (
  'type' => 'module',
  'module' => 
  array (
    0 => 'api',
    1 => 'test',
    2 => 'test222',
  ),
)
[ info ] [ HEADER ] array (
  'upgrade-insecure-requests' => '1',
  'connection' => 'close',
  'accept-encoding' => 'gzip, deflate',
  'accept-language' => 'zh-CN,zh;q=0.8,zh-TW;q=0.7,zh-HK;q=0.5,en-US;q=0.3,en;q=0.2',
  'accept' => 'text/html,application/xhtml+xml,application/xml;q=0.9,image/avif,image/webp,*/*;q=0.8',
  'user-agent' => 'Mozilla/5.0 (Windows NT 10.0; Win64; x64; rv:106.0) Gecko/20100101 Firefox/106.0',
  'host' => 'api.newkefu.com',
)
[ info ] [ PARAM ] array (
  '/api/test/test222' => '',
)
[ info ] [ CACHE ] INIT redis
[ info ] [ RUN ] app\api\controller\Test->test222[ D:\phpstudy_pro\WWW\new_kefu_online\application\api\controller\Test.php ]
[ info ] [ LOG ] INIT File
---------------------------------------------------------------
[ 2022-11-04T10:26:07+08:00 ] 127.0.0.1 GET api.newkefu.com/api/test/test222
[运行时间：0.071984s] [吞吐率：13.89req/s] [内存消耗：6,793.03kb] [文件加载：161]
[ info ] [ LANG ] D:\phpstudy_pro\WWW\new_kefu_online\thinkphp\lang\zh-cn.php
[ info ] [ ROUTE ] array (
  'type' => 'module',
  'module' => 
  array (
    0 => 'api',
    1 => 'test',
    2 => 'test222',
  ),
)
[ info ] [ HEADER ] array (
  'upgrade-insecure-requests' => '1',
  'connection' => 'close',
  'accept-encoding' => 'gzip, deflate',
  'accept-language' => 'zh-CN,zh;q=0.8,zh-TW;q=0.7,zh-HK;q=0.5,en-US;q=0.3,en;q=0.2',
  'accept' => 'text/html,application/xhtml+xml,application/xml;q=0.9,image/avif,image/webp,*/*;q=0.8',
  'user-agent' => 'Mozilla/5.0 (Windows NT 10.0; Win64; x64; rv:106.0) Gecko/20100101 Firefox/106.0',
  'host' => 'api.newkefu.com',
)
[ info ] [ PARAM ] array (
  '/api/test/test222' => '',
)
[ info ] [ CACHE ] INIT redis
[ info ] [ RUN ] app\api\controller\Test->test222[ D:\phpstudy_pro\WWW\new_kefu_online\application\api\controller\Test.php ]
[ info ] [ LOG ] INIT File
---------------------------------------------------------------
[ 2022-11-04T10:26:26+08:00 ] 127.0.0.1 GET api.newkefu.com/api/test/test222
[运行时间：0.059698s] [吞吐率：16.75req/s] [内存消耗：6,833.73kb] [文件加载：159]
[ info ] [ LANG ] D:\phpstudy_pro\WWW\new_kefu_online\thinkphp\lang\zh-cn.php
[ info ] [ ROUTE ] array (
  'type' => 'module',
  'module' => 
  array (
    0 => 'api',
    1 => 'test',
    2 => 'test222',
  ),
)
[ info ] [ HEADER ] array (
  'upgrade-insecure-requests' => '1',
  'connection' => 'close',
  'accept-encoding' => 'gzip, deflate',
  'accept-language' => 'zh-CN,zh;q=0.8,zh-TW;q=0.7,zh-HK;q=0.5,en-US;q=0.3,en;q=0.2',
  'accept' => 'text/html,application/xhtml+xml,application/xml;q=0.9,image/avif,image/webp,*/*;q=0.8',
  'user-agent' => 'Mozilla/5.0 (Windows NT 10.0; Win64; x64; rv:106.0) Gecko/20100101 Firefox/106.0',
  'host' => 'api.newkefu.com',
)
[ info ] [ PARAM ] array (
  '/api/test/test222' => '',
)
[ info ] [ CACHE ] INIT redis
[ info ] [ RUN ] app\api\controller\Test->test222[ D:\phpstudy_pro\WWW\new_kefu_online\application\api\controller\Test.php ]
[ info ] [ LOG ] INIT File
