---------------------------------------------------------------
[ 2023-01-03T10:49:52+08:00 ] 127.0.0.1 GET api.newkefu.com/scripts/scripts/run2
[运行时间：0.247402s] [吞吐率：4.04req/s] [内存消耗：4,557.15kb] [文件加载：176]
[ info ] [ LANG ] D:\phpstudy_pro\WWW\new_kefu_online\thinkphp\lang\zh-cn.php
[ info ] [ ROUTE ] array (
  'type' => 'module',
  'module' => 
  array (
    0 => 'scripts',
    1 => 'scripts',
    2 => 'run2',
  ),
)
[ info ] [ HEADER ] array (
  'upgrade-insecure-requests' => '1',
  'connection' => 'close',
  'accept-encoding' => 'gzip, deflate',
  'accept-language' => 'zh-CN,zh;q=0.8,zh-TW;q=0.7,zh-HK;q=0.5,en-US;q=0.3,en;q=0.2',
  'accept' => 'text/html,application/xhtml+xml,application/xml;q=0.9,image/avif,image/webp,*/*;q=0.8',
  'user-agent' => 'Mozilla/5.0 (Windows NT 10.0; Win64; x64; rv:107.0) Gecko/20100101 Firefox/107.0',
  'host' => 'api.newkefu.com',
)
[ info ] [ PARAM ] array (
  '/scripts/scripts/run2' => '',
)
[ info ] [ CACHE ] INIT redis
[ info ] [ DB ] INIT mysql
[ info ] [ RUN ] app\scripts\controller\Scripts->run2[ D:\phpstudy_pro\WWW\new_kefu_online\application\scripts\controller\Scripts.php ]
[ info ] [ LOG ] INIT File
---------------------------------------------------------------
[ 2023-01-03T10:50:14+08:00 ] 127.0.0.1 GET api.newkefu.com/scripts/scripts/run2
[运行时间：0.098271s] [吞吐率：10.18req/s] [内存消耗：3,252.39kb] [文件加载：163]
[ info ] [ LANG ] D:\phpstudy_pro\WWW\new_kefu_online\thinkphp\lang\zh-cn.php
[ info ] [ ROUTE ] array (
  'type' => 'module',
  'module' => 
  array (
    0 => 'scripts',
    1 => 'scripts',
    2 => 'run2',
  ),
)
[ info ] [ HEADER ] array (
  'upgrade-insecure-requests' => '1',
  'connection' => 'close',
  'accept-encoding' => 'gzip, deflate',
  'accept-language' => 'zh-CN,zh;q=0.8,zh-TW;q=0.7,zh-HK;q=0.5,en-US;q=0.3,en;q=0.2',
  'accept' => 'text/html,application/xhtml+xml,application/xml;q=0.9,image/avif,image/webp,*/*;q=0.8',
  'user-agent' => 'Mozilla/5.0 (Windows NT 10.0; Win64; x64; rv:107.0) Gecko/20100101 Firefox/107.0',
  'host' => 'api.newkefu.com',
)
[ info ] [ PARAM ] array (
  '/scripts/scripts/run2' => '',
)
[ info ] [ CACHE ] INIT redis
[ info ] [ RUN ] app\scripts\controller\Scripts->run2[ D:\phpstudy_pro\WWW\new_kefu_online\application\scripts\controller\Scripts.php ]
[ info ] [ LOG ] INIT File
---------------------------------------------------------------
[ 2023-01-03T10:50:24+08:00 ] 127.0.0.1 GET api.newkefu.com/scripts/scripts/run2
[运行时间：0.072491s] [吞吐率：13.79req/s] [内存消耗：3,252.39kb] [文件加载：163]
[ info ] [ LANG ] D:\phpstudy_pro\WWW\new_kefu_online\thinkphp\lang\zh-cn.php
[ info ] [ ROUTE ] array (
  'type' => 'module',
  'module' => 
  array (
    0 => 'scripts',
    1 => 'scripts',
    2 => 'run2',
  ),
)
[ info ] [ HEADER ] array (
  'upgrade-insecure-requests' => '1',
  'connection' => 'close',
  'accept-encoding' => 'gzip, deflate',
  'accept-language' => 'zh-CN,zh;q=0.8,zh-TW;q=0.7,zh-HK;q=0.5,en-US;q=0.3,en;q=0.2',
  'accept' => 'text/html,application/xhtml+xml,application/xml;q=0.9,image/avif,image/webp,*/*;q=0.8',
  'user-agent' => 'Mozilla/5.0 (Windows NT 10.0; Win64; x64; rv:107.0) Gecko/20100101 Firefox/107.0',
  'host' => 'api.newkefu.com',
)
[ info ] [ PARAM ] array (
  '/scripts/scripts/run2' => '',
)
[ info ] [ CACHE ] INIT redis
[ info ] [ RUN ] app\scripts\controller\Scripts->run2[ D:\phpstudy_pro\WWW\new_kefu_online\application\scripts\controller\Scripts.php ]
[ info ] [ LOG ] INIT File
---------------------------------------------------------------
[ 2023-01-03T10:50:38+08:00 ] 127.0.0.1 GET api.newkefu.com/scripts/scripts/run2
[运行时间：0.065605s] [吞吐率：15.24req/s] [内存消耗：2,891.89kb] [文件加载：163]
[ info ] [ LANG ] D:\phpstudy_pro\WWW\new_kefu_online\thinkphp\lang\zh-cn.php
[ info ] [ ROUTE ] array (
  'type' => 'module',
  'module' => 
  array (
    0 => 'scripts',
    1 => 'scripts',
    2 => 'run2',
  ),
)
[ info ] [ HEADER ] array (
  'upgrade-insecure-requests' => '1',
  'connection' => 'close',
  'accept-encoding' => 'gzip, deflate',
  'accept-language' => 'zh-CN,zh;q=0.8,zh-TW;q=0.7,zh-HK;q=0.5,en-US;q=0.3,en;q=0.2',
  'accept' => 'text/html,application/xhtml+xml,application/xml;q=0.9,image/avif,image/webp,*/*;q=0.8',
  'user-agent' => 'Mozilla/5.0 (Windows NT 10.0; Win64; x64; rv:107.0) Gecko/20100101 Firefox/107.0',
  'host' => 'api.newkefu.com',
)
[ info ] [ PARAM ] array (
  '/scripts/scripts/run2' => '',
)
[ info ] [ CACHE ] INIT redis
[ info ] [ RUN ] app\scripts\controller\Scripts->run2[ D:\phpstudy_pro\WWW\new_kefu_online\application\scripts\controller\Scripts.php ]
[ info ] [ LOG ] INIT File
---------------------------------------------------------------
[ 2023-01-03T10:51:10+08:00 ] 127.0.0.1 GET api.newkefu.com/scripts/scripts/run2
[运行时间：0.073145s] [吞吐率：13.67req/s] [内存消耗：3,252.82kb] [文件加载：163]
[ info ] [ LANG ] D:\phpstudy_pro\WWW\new_kefu_online\thinkphp\lang\zh-cn.php
[ info ] [ ROUTE ] array (
  'type' => 'module',
  'module' => 
  array (
    0 => 'scripts',
    1 => 'scripts',
    2 => 'run2',
  ),
)
[ info ] [ HEADER ] array (
  'upgrade-insecure-requests' => '1',
  'connection' => 'close',
  'accept-encoding' => 'gzip, deflate',
  'accept-language' => 'zh-CN,zh;q=0.8,zh-TW;q=0.7,zh-HK;q=0.5,en-US;q=0.3,en;q=0.2',
  'accept' => 'text/html,application/xhtml+xml,application/xml;q=0.9,image/avif,image/webp,*/*;q=0.8',
  'user-agent' => 'Mozilla/5.0 (Windows NT 10.0; Win64; x64; rv:107.0) Gecko/20100101 Firefox/107.0',
  'host' => 'api.newkefu.com',
)
[ info ] [ PARAM ] array (
  '/scripts/scripts/run2' => '',
)
[ info ] [ CACHE ] INIT redis
[ info ] [ RUN ] app\scripts\controller\Scripts->run2[ D:\phpstudy_pro\WWW\new_kefu_online\application\scripts\controller\Scripts.php ]
[ info ] [ LOG ] INIT File
---------------------------------------------------------------
[ 2023-01-03T10:51:24+08:00 ] 127.0.0.1 GET api.newkefu.com/scripts/scripts/run2
[运行时间：0.073735s] [吞吐率：13.56req/s] [内存消耗：3,252.82kb] [文件加载：163]
[ info ] [ LANG ] D:\phpstudy_pro\WWW\new_kefu_online\thinkphp\lang\zh-cn.php
[ info ] [ ROUTE ] array (
  'type' => 'module',
  'module' => 
  array (
    0 => 'scripts',
    1 => 'scripts',
    2 => 'run2',
  ),
)
[ info ] [ HEADER ] array (
  'upgrade-insecure-requests' => '1',
  'connection' => 'close',
  'accept-encoding' => 'gzip, deflate',
  'accept-language' => 'zh-CN,zh;q=0.8,zh-TW;q=0.7,zh-HK;q=0.5,en-US;q=0.3,en;q=0.2',
  'accept' => 'text/html,application/xhtml+xml,application/xml;q=0.9,image/avif,image/webp,*/*;q=0.8',
  'user-agent' => 'Mozilla/5.0 (Windows NT 10.0; Win64; x64; rv:107.0) Gecko/20100101 Firefox/107.0',
  'host' => 'api.newkefu.com',
)
[ info ] [ PARAM ] array (
  '/scripts/scripts/run2' => '',
)
[ info ] [ CACHE ] INIT redis
[ info ] [ RUN ] app\scripts\controller\Scripts->run2[ D:\phpstudy_pro\WWW\new_kefu_online\application\scripts\controller\Scripts.php ]
[ info ] [ LOG ] INIT File
---------------------------------------------------------------
[ 2023-01-03T10:51:46+08:00 ] 127.0.0.1 GET api.newkefu.com/scripts/scripts/run2
[运行时间：0.072801s] [吞吐率：13.74req/s] [内存消耗：3,256.11kb] [文件加载：163]
[ info ] [ LANG ] D:\phpstudy_pro\WWW\new_kefu_online\thinkphp\lang\zh-cn.php
[ info ] [ ROUTE ] array (
  'type' => 'module',
  'module' => 
  array (
    0 => 'scripts',
    1 => 'scripts',
    2 => 'run2',
  ),
)
[ info ] [ HEADER ] array (
  'upgrade-insecure-requests' => '1',
  'connection' => 'close',
  'accept-encoding' => 'gzip, deflate',
  'accept-language' => 'zh-CN,zh;q=0.8,zh-TW;q=0.7,zh-HK;q=0.5,en-US;q=0.3,en;q=0.2',
  'accept' => 'text/html,application/xhtml+xml,application/xml;q=0.9,image/avif,image/webp,*/*;q=0.8',
  'user-agent' => 'Mozilla/5.0 (Windows NT 10.0; Win64; x64; rv:107.0) Gecko/20100101 Firefox/107.0',
  'host' => 'api.newkefu.com',
)
[ info ] [ PARAM ] array (
  '/scripts/scripts/run2' => '',
)
[ info ] [ CACHE ] INIT redis
[ info ] [ RUN ] app\scripts\controller\Scripts->run2[ D:\phpstudy_pro\WWW\new_kefu_online\application\scripts\controller\Scripts.php ]
[ info ] [ LOG ] INIT File
---------------------------------------------------------------
[ 2023-01-03T10:52:19+08:00 ] 127.0.0.1 GET api.newkefu.com/scripts/scripts/run2
[运行时间：0.084030s] [吞吐率：11.90req/s] [内存消耗：3,252.74kb] [文件加载：163]
[ info ] [ LANG ] D:\phpstudy_pro\WWW\new_kefu_online\thinkphp\lang\zh-cn.php
[ info ] [ ROUTE ] array (
  'type' => 'module',
  'module' => 
  array (
    0 => 'scripts',
    1 => 'scripts',
    2 => 'run2',
  ),
)
[ info ] [ HEADER ] array (
  'upgrade-insecure-requests' => '1',
  'connection' => 'close',
  'accept-encoding' => 'gzip, deflate',
  'accept-language' => 'zh-CN,zh;q=0.8,zh-TW;q=0.7,zh-HK;q=0.5,en-US;q=0.3,en;q=0.2',
  'accept' => 'text/html,application/xhtml+xml,application/xml;q=0.9,image/avif,image/webp,*/*;q=0.8',
  'user-agent' => 'Mozilla/5.0 (Windows NT 10.0; Win64; x64; rv:107.0) Gecko/20100101 Firefox/107.0',
  'host' => 'api.newkefu.com',
)
[ info ] [ PARAM ] array (
  '/scripts/scripts/run2' => '',
)
[ info ] [ CACHE ] INIT redis
[ info ] [ RUN ] app\scripts\controller\Scripts->run2[ D:\phpstudy_pro\WWW\new_kefu_online\application\scripts\controller\Scripts.php ]
[ info ] [ LOG ] INIT File
---------------------------------------------------------------
[ 2023-01-03T10:52:52+08:00 ] 127.0.0.1 GET api.newkefu.com/scripts/scripts/run2
[运行时间：0.084242s] [吞吐率：11.87req/s] [内存消耗：3,252.74kb] [文件加载：163]
[ info ] [ LANG ] D:\phpstudy_pro\WWW\new_kefu_online\thinkphp\lang\zh-cn.php
[ info ] [ ROUTE ] array (
  'type' => 'module',
  'module' => 
  array (
    0 => 'scripts',
    1 => 'scripts',
    2 => 'run2',
  ),
)
[ info ] [ HEADER ] array (
  'upgrade-insecure-requests' => '1',
  'connection' => 'close',
  'accept-encoding' => 'gzip, deflate',
  'accept-language' => 'zh-CN,zh;q=0.8,zh-TW;q=0.7,zh-HK;q=0.5,en-US;q=0.3,en;q=0.2',
  'accept' => 'text/html,application/xhtml+xml,application/xml;q=0.9,image/avif,image/webp,*/*;q=0.8',
  'user-agent' => 'Mozilla/5.0 (Windows NT 10.0; Win64; x64; rv:107.0) Gecko/20100101 Firefox/107.0',
  'host' => 'api.newkefu.com',
)
[ info ] [ PARAM ] array (
  '/scripts/scripts/run2' => '',
)
[ info ] [ CACHE ] INIT redis
[ info ] [ RUN ] app\scripts\controller\Scripts->run2[ D:\phpstudy_pro\WWW\new_kefu_online\application\scripts\controller\Scripts.php ]
[ info ] [ LOG ] INIT File
---------------------------------------------------------------
[ 2023-01-03T10:53:15+08:00 ] 127.0.0.1 GET api.newkefu.com/scripts/scripts/run2
[运行时间：0.073439s] [吞吐率：13.62req/s] [内存消耗：3,256.11kb] [文件加载：163]
[ info ] [ LANG ] D:\phpstudy_pro\WWW\new_kefu_online\thinkphp\lang\zh-cn.php
[ info ] [ ROUTE ] array (
  'type' => 'module',
  'module' => 
  array (
    0 => 'scripts',
    1 => 'scripts',
    2 => 'run2',
  ),
)
[ info ] [ HEADER ] array (
  'upgrade-insecure-requests' => '1',
  'connection' => 'close',
  'accept-encoding' => 'gzip, deflate',
  'accept-language' => 'zh-CN,zh;q=0.8,zh-TW;q=0.7,zh-HK;q=0.5,en-US;q=0.3,en;q=0.2',
  'accept' => 'text/html,application/xhtml+xml,application/xml;q=0.9,image/avif,image/webp,*/*;q=0.8',
  'user-agent' => 'Mozilla/5.0 (Windows NT 10.0; Win64; x64; rv:107.0) Gecko/20100101 Firefox/107.0',
  'host' => 'api.newkefu.com',
)
[ info ] [ PARAM ] array (
  '/scripts/scripts/run2' => '',
)
[ info ] [ CACHE ] INIT redis
[ info ] [ RUN ] app\scripts\controller\Scripts->run2[ D:\phpstudy_pro\WWW\new_kefu_online\application\scripts\controller\Scripts.php ]
[ info ] [ LOG ] INIT File
---------------------------------------------------------------
[ 2023-01-03T10:53:44+08:00 ] 127.0.0.1 GET api.newkefu.com/scripts/scripts/run2
[运行时间：0.094232s] [吞吐率：10.61req/s] [内存消耗：3,128.52kb] [文件加载：169]
[ info ] [ LANG ] D:\phpstudy_pro\WWW\new_kefu_online\thinkphp\lang\zh-cn.php
[ info ] [ ROUTE ] array (
  'type' => 'module',
  'module' => 
  array (
    0 => 'scripts',
    1 => 'scripts',
    2 => 'run2',
  ),
)
[ info ] [ HEADER ] array (
  'upgrade-insecure-requests' => '1',
  'connection' => 'close',
  'accept-encoding' => 'gzip, deflate',
  'accept-language' => 'zh-CN,zh;q=0.8,zh-TW;q=0.7,zh-HK;q=0.5,en-US;q=0.3,en;q=0.2',
  'accept' => 'text/html,application/xhtml+xml,application/xml;q=0.9,image/avif,image/webp,*/*;q=0.8',
  'user-agent' => 'Mozilla/5.0 (Windows NT 10.0; Win64; x64; rv:107.0) Gecko/20100101 Firefox/107.0',
  'host' => 'api.newkefu.com',
)
[ info ] [ PARAM ] array (
  '/scripts/scripts/run2' => '',
)
[ info ] [ CACHE ] INIT redis
[ info ] [ RUN ] app\scripts\controller\Scripts->run2[ D:\phpstudy_pro\WWW\new_kefu_online\application\scripts\controller\Scripts.php ]
[ info ] [ LOG ] INIT File
[ error ] [8]未定义数组索引: youyu_nbcq2youyu_22427266[D:\phpstudy_pro\WWW\new_kefu_online\common\server\Scripts\ScriptsServer.php:299]
---------------------------------------------------------------
[ 2023-01-03T10:53:51+08:00 ] 127.0.0.1 GET api.newkefu.com/scripts/scripts/run2
[运行时间：0.072245s] [吞吐率：13.84req/s] [内存消耗：3,256.11kb] [文件加载：163]
[ info ] [ LANG ] D:\phpstudy_pro\WWW\new_kefu_online\thinkphp\lang\zh-cn.php
[ info ] [ ROUTE ] array (
  'type' => 'module',
  'module' => 
  array (
    0 => 'scripts',
    1 => 'scripts',
    2 => 'run2',
  ),
)
[ info ] [ HEADER ] array (
  'upgrade-insecure-requests' => '1',
  'connection' => 'close',
  'accept-encoding' => 'gzip, deflate',
  'accept-language' => 'zh-CN,zh;q=0.8,zh-TW;q=0.7,zh-HK;q=0.5,en-US;q=0.3,en;q=0.2',
  'accept' => 'text/html,application/xhtml+xml,application/xml;q=0.9,image/avif,image/webp,*/*;q=0.8',
  'user-agent' => 'Mozilla/5.0 (Windows NT 10.0; Win64; x64; rv:107.0) Gecko/20100101 Firefox/107.0',
  'host' => 'api.newkefu.com',
)
[ info ] [ PARAM ] array (
  '/scripts/scripts/run2' => '',
)
[ info ] [ CACHE ] INIT redis
[ info ] [ RUN ] app\scripts\controller\Scripts->run2[ D:\phpstudy_pro\WWW\new_kefu_online\application\scripts\controller\Scripts.php ]
[ info ] [ LOG ] INIT File
---------------------------------------------------------------
[ 2023-01-03T10:54:17+08:00 ] 127.0.0.1 GET api.newkefu.com/scripts/scripts/run2
[运行时间：0.072193s] [吞吐率：13.85req/s] [内存消耗：3,256.11kb] [文件加载：163]
[ info ] [ LANG ] D:\phpstudy_pro\WWW\new_kefu_online\thinkphp\lang\zh-cn.php
[ info ] [ ROUTE ] array (
  'type' => 'module',
  'module' => 
  array (
    0 => 'scripts',
    1 => 'scripts',
    2 => 'run2',
  ),
)
[ info ] [ HEADER ] array (
  'upgrade-insecure-requests' => '1',
  'connection' => 'close',
  'accept-encoding' => 'gzip, deflate',
  'accept-language' => 'zh-CN,zh;q=0.8,zh-TW;q=0.7,zh-HK;q=0.5,en-US;q=0.3,en;q=0.2',
  'accept' => 'text/html,application/xhtml+xml,application/xml;q=0.9,image/avif,image/webp,*/*;q=0.8',
  'user-agent' => 'Mozilla/5.0 (Windows NT 10.0; Win64; x64; rv:107.0) Gecko/20100101 Firefox/107.0',
  'host' => 'api.newkefu.com',
)
[ info ] [ PARAM ] array (
  '/scripts/scripts/run2' => '',
)
[ info ] [ CACHE ] INIT redis
[ info ] [ RUN ] app\scripts\controller\Scripts->run2[ D:\phpstudy_pro\WWW\new_kefu_online\application\scripts\controller\Scripts.php ]
[ info ] [ LOG ] INIT File
---------------------------------------------------------------
[ 2023-01-03T10:54:31+08:00 ] 127.0.0.1 GET api.newkefu.com/scripts/scripts/run2
[运行时间：0.073850s] [吞吐率：13.54req/s] [内存消耗：3,256.11kb] [文件加载：163]
[ info ] [ LANG ] D:\phpstudy_pro\WWW\new_kefu_online\thinkphp\lang\zh-cn.php
[ info ] [ ROUTE ] array (
  'type' => 'module',
  'module' => 
  array (
    0 => 'scripts',
    1 => 'scripts',
    2 => 'run2',
  ),
)
[ info ] [ HEADER ] array (
  'upgrade-insecure-requests' => '1',
  'connection' => 'close',
  'accept-encoding' => 'gzip, deflate',
  'accept-language' => 'zh-CN,zh;q=0.8,zh-TW;q=0.7,zh-HK;q=0.5,en-US;q=0.3,en;q=0.2',
  'accept' => 'text/html,application/xhtml+xml,application/xml;q=0.9,image/avif,image/webp,*/*;q=0.8',
  'user-agent' => 'Mozilla/5.0 (Windows NT 10.0; Win64; x64; rv:107.0) Gecko/20100101 Firefox/107.0',
  'host' => 'api.newkefu.com',
)
[ info ] [ PARAM ] array (
  '/scripts/scripts/run2' => '',
)
[ info ] [ CACHE ] INIT redis
[ info ] [ RUN ] app\scripts\controller\Scripts->run2[ D:\phpstudy_pro\WWW\new_kefu_online\application\scripts\controller\Scripts.php ]
[ info ] [ LOG ] INIT File
---------------------------------------------------------------
[ 2023-01-03T10:55:20+08:00 ] 127.0.0.1 GET api.newkefu.com/scripts/scripts/run2
[运行时间：0.085230s] [吞吐率：11.73req/s] [内存消耗：3,259.35kb] [文件加载：163]
[ info ] [ LANG ] D:\phpstudy_pro\WWW\new_kefu_online\thinkphp\lang\zh-cn.php
[ info ] [ ROUTE ] array (
  'type' => 'module',
  'module' => 
  array (
    0 => 'scripts',
    1 => 'scripts',
    2 => 'run2',
  ),
)
[ info ] [ HEADER ] array (
  'upgrade-insecure-requests' => '1',
  'connection' => 'close',
  'accept-encoding' => 'gzip, deflate',
  'accept-language' => 'zh-CN,zh;q=0.8,zh-TW;q=0.7,zh-HK;q=0.5,en-US;q=0.3,en;q=0.2',
  'accept' => 'text/html,application/xhtml+xml,application/xml;q=0.9,image/avif,image/webp,*/*;q=0.8',
  'user-agent' => 'Mozilla/5.0 (Windows NT 10.0; Win64; x64; rv:107.0) Gecko/20100101 Firefox/107.0',
  'host' => 'api.newkefu.com',
)
[ info ] [ PARAM ] array (
  '/scripts/scripts/run2' => '',
)
[ info ] [ CACHE ] INIT redis
[ info ] [ RUN ] app\scripts\controller\Scripts->run2[ D:\phpstudy_pro\WWW\new_kefu_online\application\scripts\controller\Scripts.php ]
[ info ] [ LOG ] INIT File
---------------------------------------------------------------
[ 2023-01-03T10:56:13+08:00 ] 127.0.0.1 GET api.newkefu.com/scripts/scripts/run2
[运行时间：0.085144s] [吞吐率：11.74req/s] [内存消耗：3,259.35kb] [文件加载：163]
[ info ] [ LANG ] D:\phpstudy_pro\WWW\new_kefu_online\thinkphp\lang\zh-cn.php
[ info ] [ ROUTE ] array (
  'type' => 'module',
  'module' => 
  array (
    0 => 'scripts',
    1 => 'scripts',
    2 => 'run2',
  ),
)
[ info ] [ HEADER ] array (
  'upgrade-insecure-requests' => '1',
  'connection' => 'close',
  'accept-encoding' => 'gzip, deflate',
  'accept-language' => 'zh-CN,zh;q=0.8,zh-TW;q=0.7,zh-HK;q=0.5,en-US;q=0.3,en;q=0.2',
  'accept' => 'text/html,application/xhtml+xml,application/xml;q=0.9,image/avif,image/webp,*/*;q=0.8',
  'user-agent' => 'Mozilla/5.0 (Windows NT 10.0; Win64; x64; rv:107.0) Gecko/20100101 Firefox/107.0',
  'host' => 'api.newkefu.com',
)
[ info ] [ PARAM ] array (
  '/scripts/scripts/run2' => '',
)
[ info ] [ CACHE ] INIT redis
[ info ] [ RUN ] app\scripts\controller\Scripts->run2[ D:\phpstudy_pro\WWW\new_kefu_online\application\scripts\controller\Scripts.php ]
[ info ] [ LOG ] INIT File
