---------------------------------------------------------------
[ 2023-01-12T11:01:01+08:00 ] 127.0.0.1 GET api.newkefu.com/api/getBaseInfo/userRole?role_type=1&platform=youyu
[运行时间：0.780486s] [吞吐率：1.28req/s] [内存消耗：4,553.37kb] [文件加载：186]
[ info ] [ LANG ] D:\phpstudy_pro\WWW\new_kefu_online\thinkphp\lang\zh-cn.php
[ info ] [ ROUTE ] array (
  'type' => 'module',
  'module' => 
  array (
    0 => 'api',
    1 => 'getBaseInfo',
    2 => 'userRole',
  ),
)
[ info ] [ HEADER ] array (
  'upgrade-insecure-requests' => '1',
  'connection' => 'close',
  'accept-encoding' => 'gzip, deflate',
  'accept-language' => 'zh-CN,zh;q=0.8,zh-TW;q=0.7,zh-HK;q=0.5,en-US;q=0.3,en;q=0.2',
  'accept' => 'text/html,application/xhtml+xml,application/xml;q=0.9,image/avif,image/webp,*/*;q=0.8',
  'user-agent' => 'Mozilla/5.0 (Windows NT 10.0; Win64; x64; rv:108.0) Gecko/20100101 Firefox/108.0',
  'host' => 'api.newkefu.com',
)
[ info ] [ PARAM ] array (
  '/api/getBaseInfo/userRole' => '',
  'role_type' => '1',
  'platform' => 'youyu',
)
[ info ] [ CACHE ] INIT redis
[ info ] [ DB ] INIT mysql
[ info ] [ RUN ] app\api\controller\GetBaseInfo->userRole[ D:\phpstudy_pro\WWW\new_kefu_online\application\api\controller\GetBaseInfo.php ]
[ info ] [ DB ] INIT mysql
[ info ] [ LOG ] INIT File
[ error ] [8]未定义变量: res[D:\phpstudy_pro\WWW\new_kefu_online\common\server\RoleNameKeyword\RoleNameKeywordServer.php:332]
---------------------------------------------------------------
[ 2023-01-12T11:01:20+08:00 ] 127.0.0.1 GET api.newkefu.com/api/getBaseInfo/userRole?role_type=1&platform=youyu
[运行时间：0.566301s] [吞吐率：1.77req/s] [内存消耗：5,089.30kb] [文件加载：176]
[ info ] [ LANG ] D:\phpstudy_pro\WWW\new_kefu_online\thinkphp\lang\zh-cn.php
[ info ] [ ROUTE ] array (
  'type' => 'module',
  'module' => 
  array (
    0 => 'api',
    1 => 'getBaseInfo',
    2 => 'userRole',
  ),
)
[ info ] [ HEADER ] array (
  'upgrade-insecure-requests' => '1',
  'connection' => 'close',
  'accept-encoding' => 'gzip, deflate',
  'accept-language' => 'zh-CN,zh;q=0.8,zh-TW;q=0.7,zh-HK;q=0.5,en-US;q=0.3,en;q=0.2',
  'accept' => 'text/html,application/xhtml+xml,application/xml;q=0.9,image/avif,image/webp,*/*;q=0.8',
  'user-agent' => 'Mozilla/5.0 (Windows NT 10.0; Win64; x64; rv:108.0) Gecko/20100101 Firefox/108.0',
  'host' => 'api.newkefu.com',
)
[ info ] [ PARAM ] array (
  '/api/getBaseInfo/userRole' => '',
  'role_type' => '1',
  'platform' => 'youyu',
)
[ info ] [ CACHE ] INIT redis
[ info ] [ RUN ] app\api\controller\GetBaseInfo->userRole[ D:\phpstudy_pro\WWW\new_kefu_online\application\api\controller\GetBaseInfo.php ]
[ info ] [ DB ] INIT mysql
[ info ] [ DB ] INIT mysql
[ info ] [ LOG ] INIT File
---------------------------------------------------------------
[ 2023-01-12T11:01:36+08:00 ] 127.0.0.1 GET api.newkefu.com/api/getBaseInfo/userRole?role_type=1&platform=youyu
[运行时间：0.515985s] [吞吐率：1.94req/s] [内存消耗：5,089.11kb] [文件加载：176]
[ info ] [ LANG ] D:\phpstudy_pro\WWW\new_kefu_online\thinkphp\lang\zh-cn.php
[ info ] [ ROUTE ] array (
  'type' => 'module',
  'module' => 
  array (
    0 => 'api',
    1 => 'getBaseInfo',
    2 => 'userRole',
  ),
)
[ info ] [ HEADER ] array (
  'upgrade-insecure-requests' => '1',
  'connection' => 'close',
  'accept-encoding' => 'gzip, deflate',
  'accept-language' => 'zh-CN,zh;q=0.8,zh-TW;q=0.7,zh-HK;q=0.5,en-US;q=0.3,en;q=0.2',
  'accept' => 'text/html,application/xhtml+xml,application/xml;q=0.9,image/avif,image/webp,*/*;q=0.8',
  'user-agent' => 'Mozilla/5.0 (Windows NT 10.0; Win64; x64; rv:108.0) Gecko/20100101 Firefox/108.0',
  'host' => 'api.newkefu.com',
)
[ info ] [ PARAM ] array (
  '/api/getBaseInfo/userRole' => '',
  'role_type' => '1',
  'platform' => 'youyu',
)
[ info ] [ CACHE ] INIT redis
[ info ] [ RUN ] app\api\controller\GetBaseInfo->userRole[ D:\phpstudy_pro\WWW\new_kefu_online\application\api\controller\GetBaseInfo.php ]
[ info ] [ DB ] INIT mysql
[ info ] [ DB ] INIT mysql
[ info ] [ LOG ] INIT File
---------------------------------------------------------------
[ 2023-01-12T11:02:20+08:00 ] 127.0.0.1 POST api.newkefu.com/admin/ajax/getCustomerProduct
[运行时间：0.131612s] [吞吐率：7.60req/s] [内存消耗：5,143.58kb] [文件加载：198]
[ info ] [ LANG ] D:\phpstudy_pro\WWW\new_kefu_online\thinkphp\lang\zh-cn.php
[ info ] [ ROUTE ] array (
  'type' => 'module',
  'module' => 
  array (
    0 => 'admin',
    1 => 'ajax',
    2 => 'getCustomerProduct',
  ),
)
[ info ] [ HEADER ] array (
  'content-length' => '0',
  'referer' => 'http://www.newkefu.com/',
  'connection' => 'close',
  'origin' => 'http://www.newkefu.com',
  'platform' => 'youyu',
  'token' => 'eyJ0eXAiOiJKV1QiLCJhbGciOiJIUzI1NiIsImp0aSI6ImxYWGluZyJ9.eyJpc3MiOiJhcGkubmV3a2VmdS5jb20iLCJqdGkiOiJsWFhpbmciLCJpYXQiOjE2NzMyMzQ4NDEsImV4cCI6MTY3NTgyNjg0MSwidWlkIjoxNDN9.AEJGXxkClRY6VC4tvkdIYNmJfRMDGP6jYVqGLbTlRdI',
  'accept-encoding' => 'gzip, deflate',
  'accept-language' => 'zh-CN,zh;q=0.8,zh-TW;q=0.7,zh-HK;q=0.5,en-US;q=0.3,en;q=0.2',
  'accept' => 'application/json, text/javascript, */*; q=0.01',
  'user-agent' => 'Mozilla/5.0 (Windows NT 10.0; Win64; x64; rv:108.0) Gecko/20100101 Firefox/108.0',
  'host' => 'api.newkefu.com',
)
[ info ] [ PARAM ] array (
  '/admin/ajax/getCustomerProduct' => '',
)
[ info ] [ DB ] INIT mysql
[ info ] [ CACHE ] INIT redis
[ info ] [ DB ] INIT mysql
[ info ] [ RUN ] app\admin\controller\Ajax->getCustomerProduct[ D:\phpstudy_pro\WWW\new_kefu_online\application\admin\controller\Ajax.php ]
[ info ] [ DB ] INIT mysql
[ info ] [ LOG ] INIT File
[ sql ] [ DB ] CONNECT:[ UseTime:0.001263s ] mysql:host=127.0.0.1;port=3306;dbname=gr_chat;charset=utf8
[ sql ] [ SQL ] SHOW COLUMNS FROM `gr_user_group` [ RunTime:0.002015s ]
[ sql ] [ SQL ] SELECT * FROM `gr_user_group` WHERE  `id` IN (17,10,11,5,14,8,9,7,16) [ RunTime:0.001439s ]
[ sql ] [ SQL ] SHOW COLUMNS FROM `gr_menu_new` [ RunTime:0.001196s ]
[ sql ] [ SQL ] SELECT m.menu_id as id,`m`.`menu_name`,`m`.`p_id`,`m`.`controller`,`m`.`action`,`m`.`is_show`,`m`.`url`,`m`.`type` FROM `gr_menu_new` `m` ORDER BY `p_id` ASC,`sort` ASC,`id` ASC [ RunTime:0.025655s ]
---------------------------------------------------------------
[ 2023-01-12T11:02:23+08:00 ] 127.0.0.1 POST api.newkefu.com/admin/platform_product/edit
[运行时间：0.128832s] [吞吐率：7.76req/s] [内存消耗：4,941.02kb] [文件加载：199]
[ info ] [ LANG ] D:\phpstudy_pro\WWW\new_kefu_online\thinkphp\lang\zh-cn.php
[ info ] [ ROUTE ] array (
  'type' => 'module',
  'module' => 
  array (
    0 => 'admin',
    1 => 'platform_product',
    2 => 'edit',
  ),
)
[ info ] [ HEADER ] array (
  'referer' => 'http://www.newkefu.com/',
  'connection' => 'close',
  'origin' => 'http://www.newkefu.com',
  'content-length' => '32',
  'platform' => 'youyu',
  'token' => 'eyJ0eXAiOiJKV1QiLCJhbGciOiJIUzI1NiIsImp0aSI6ImxYWGluZyJ9.eyJpc3MiOiJhcGkubmV3a2VmdS5jb20iLCJqdGkiOiJsWFhpbmciLCJpYXQiOjE2NzMyMzQ4NDEsImV4cCI6MTY3NTgyNjg0MSwidWlkIjoxNDN9.AEJGXxkClRY6VC4tvkdIYNmJfRMDGP6jYVqGLbTlRdI',
  'content-type' => 'application/x-www-form-urlencoded; charset=UTF-8',
  'accept-encoding' => 'gzip, deflate',
  'accept-language' => 'zh-CN,zh;q=0.8,zh-TW;q=0.7,zh-HK;q=0.5,en-US;q=0.3,en;q=0.2',
  'accept' => 'application/json, text/javascript, */*; q=0.01',
  'user-agent' => 'Mozilla/5.0 (Windows NT 10.0; Win64; x64; rv:108.0) Gecko/20100101 Firefox/108.0',
  'host' => 'api.newkefu.com',
)
[ info ] [ PARAM ] array (
  '/admin/platform_product/edit' => '',
  'product_code' => 'nbcq2zw',
  'id' => '14739705',
)
[ info ] [ DB ] INIT mysql
[ info ] [ CACHE ] INIT redis
[ info ] [ DB ] INIT mysql
[ info ] [ RUN ] app\admin\controller\PlatformProduct->edit[ D:\phpstudy_pro\WWW\new_kefu_online\application\admin\controller\PlatformProduct.php ]
[ info ] [ DB ] INIT mysql
[ info ] [ LOG ] INIT File
[ sql ] [ DB ] CONNECT:[ UseTime:0.010709s ] mysql:host=127.0.0.1;port=3306;dbname=gr_chat;charset=utf8
[ sql ] [ SQL ] SHOW COLUMNS FROM `gr_user_group` [ RunTime:0.001333s ]
[ sql ] [ SQL ] SELECT * FROM `gr_user_group` WHERE  `id` IN (17,10,11,5,14,8,9,7,16) [ RunTime:0.000440s ]
[ sql ] [ SQL ] SHOW COLUMNS FROM `gr_menu_new` [ RunTime:0.000964s ]
[ sql ] [ SQL ] SELECT m.menu_id as id,`m`.`menu_name`,`m`.`p_id`,`m`.`controller`,`m`.`action`,`m`.`is_show`,`m`.`url`,`m`.`type` FROM `gr_menu_new` `m` ORDER BY `p_id` ASC,`sort` ASC,`id` ASC [ RunTime:0.001677s ]
---------------------------------------------------------------
[ 2023-01-12T11:02:25+08:00 ] 127.0.0.1 GET api.newkefu.com/admin/platform_product/index?page=1&limit=20
[运行时间：0.103150s] [吞吐率：9.69req/s] [内存消耗：5,188.51kb] [文件加载：203]
[ info ] [ LANG ] D:\phpstudy_pro\WWW\new_kefu_online\thinkphp\lang\zh-cn.php
[ info ] [ ROUTE ] array (
  'type' => 'module',
  'module' => 
  array (
    0 => 'admin',
    1 => 'platform_product',
    2 => 'index',
  ),
)
[ info ] [ HEADER ] array (
  'referer' => 'http://www.newkefu.com/',
  'connection' => 'close',
  'origin' => 'http://www.newkefu.com',
  'platform' => 'youyu',
  'token' => 'eyJ0eXAiOiJKV1QiLCJhbGciOiJIUzI1NiIsImp0aSI6ImxYWGluZyJ9.eyJpc3MiOiJhcGkubmV3a2VmdS5jb20iLCJqdGkiOiJsWFhpbmciLCJpYXQiOjE2NzMyMzQ4NDEsImV4cCI6MTY3NTgyNjg0MSwidWlkIjoxNDN9.AEJGXxkClRY6VC4tvkdIYNmJfRMDGP6jYVqGLbTlRdI',
  'accept-encoding' => 'gzip, deflate',
  'accept-language' => 'zh-CN,zh;q=0.8,zh-TW;q=0.7,zh-HK;q=0.5,en-US;q=0.3,en;q=0.2',
  'accept' => 'application/json, text/javascript, */*; q=0.01',
  'user-agent' => 'Mozilla/5.0 (Windows NT 10.0; Win64; x64; rv:108.0) Gecko/20100101 Firefox/108.0',
  'host' => 'api.newkefu.com',
)
[ info ] [ PARAM ] array (
  '/admin/platform_product/index' => '',
  'page' => '1',
  'limit' => '20',
)
[ info ] [ DB ] INIT mysql
[ info ] [ CACHE ] INIT redis
[ info ] [ DB ] INIT mysql
[ info ] [ RUN ] app\admin\controller\PlatformProduct->index[ D:\phpstudy_pro\WWW\new_kefu_online\application\admin\controller\PlatformProduct.php ]
[ info ] [ DB ] INIT mysql
[ info ] [ DB ] INIT mysql
[ info ] [ LOG ] INIT File
[ sql ] [ DB ] CONNECT:[ UseTime:0.000862s ] mysql:host=127.0.0.1;port=3306;dbname=gr_chat;charset=utf8
[ sql ] [ SQL ] SHOW COLUMNS FROM `gr_user_group` [ RunTime:0.002055s ]
[ sql ] [ SQL ] SELECT * FROM `gr_user_group` WHERE  `id` IN (17,10,11,5,14,8,9,7,16) [ RunTime:0.000550s ]
[ sql ] [ SQL ] SHOW COLUMNS FROM `gr_menu_new` [ RunTime:0.000701s ]
[ sql ] [ SQL ] SELECT m.menu_id as id,`m`.`menu_name`,`m`.`p_id`,`m`.`controller`,`m`.`action`,`m`.`is_show`,`m`.`url`,`m`.`type` FROM `gr_menu_new` `m` ORDER BY `p_id` ASC,`sort` ASC,`id` ASC [ RunTime:0.001326s ]
---------------------------------------------------------------
[ 2023-01-12T11:02:30+08:00 ] 127.0.0.1 GET api.newkefu.com/api/getBaseInfo/userRole?role_type=1&platform=youyu
[运行时间：0.477576s] [吞吐率：2.09req/s] [内存消耗：5,089.40kb] [文件加载：176]
[ info ] [ LANG ] D:\phpstudy_pro\WWW\new_kefu_online\thinkphp\lang\zh-cn.php
[ info ] [ ROUTE ] array (
  'type' => 'module',
  'module' => 
  array (
    0 => 'api',
    1 => 'getBaseInfo',
    2 => 'userRole',
  ),
)
[ info ] [ HEADER ] array (
  'upgrade-insecure-requests' => '1',
  'connection' => 'close',
  'accept-encoding' => 'gzip, deflate',
  'accept-language' => 'zh-CN,zh;q=0.8,zh-TW;q=0.7,zh-HK;q=0.5,en-US;q=0.3,en;q=0.2',
  'accept' => 'text/html,application/xhtml+xml,application/xml;q=0.9,image/avif,image/webp,*/*;q=0.8',
  'user-agent' => 'Mozilla/5.0 (Windows NT 10.0; Win64; x64; rv:108.0) Gecko/20100101 Firefox/108.0',
  'host' => 'api.newkefu.com',
)
[ info ] [ PARAM ] array (
  '/api/getBaseInfo/userRole' => '',
  'role_type' => '1',
  'platform' => 'youyu',
)
[ info ] [ CACHE ] INIT redis
[ info ] [ RUN ] app\api\controller\GetBaseInfo->userRole[ D:\phpstudy_pro\WWW\new_kefu_online\application\api\controller\GetBaseInfo.php ]
[ info ] [ DB ] INIT mysql
[ info ] [ DB ] INIT mysql
[ info ] [ LOG ] INIT File
---------------------------------------------------------------
[ 2023-01-12T11:02:38+08:00 ] 127.0.0.1 GET api.newkefu.com/api/getBaseInfo/userRole?role_type=1&platform=youyu
[运行时间：0.360011s] [吞吐率：2.78req/s] [内存消耗：5,089.74kb] [文件加载：176]
[ info ] [ LANG ] D:\phpstudy_pro\WWW\new_kefu_online\thinkphp\lang\zh-cn.php
[ info ] [ ROUTE ] array (
  'type' => 'module',
  'module' => 
  array (
    0 => 'api',
    1 => 'getBaseInfo',
    2 => 'userRole',
  ),
)
[ info ] [ HEADER ] array (
  'upgrade-insecure-requests' => '1',
  'connection' => 'close',
  'accept-encoding' => 'gzip, deflate',
  'accept-language' => 'zh-CN,zh;q=0.8,zh-TW;q=0.7,zh-HK;q=0.5,en-US;q=0.3,en;q=0.2',
  'accept' => 'text/html,application/xhtml+xml,application/xml;q=0.9,image/avif,image/webp,*/*;q=0.8',
  'user-agent' => 'Mozilla/5.0 (Windows NT 10.0; Win64; x64; rv:108.0) Gecko/20100101 Firefox/108.0',
  'host' => 'api.newkefu.com',
)
[ info ] [ PARAM ] array (
  '/api/getBaseInfo/userRole' => '',
  'role_type' => '1',
  'platform' => 'youyu',
)
[ info ] [ CACHE ] INIT redis
[ info ] [ RUN ] app\api\controller\GetBaseInfo->userRole[ D:\phpstudy_pro\WWW\new_kefu_online\application\api\controller\GetBaseInfo.php ]
[ info ] [ DB ] INIT mysql
[ info ] [ DB ] INIT mysql
[ info ] [ LOG ] INIT File
---------------------------------------------------------------
[ 2023-01-12T11:04:10+08:00 ] 127.0.0.1 GET api.newkefu.com/api/getBaseInfo/userRole?role_type=1&platform=youyu
[运行时间：0.418949s] [吞吐率：2.39req/s] [内存消耗：4,462.88kb] [文件加载：182]
[ info ] [ LANG ] D:\phpstudy_pro\WWW\new_kefu_online\thinkphp\lang\zh-cn.php
[ info ] [ ROUTE ] array (
  'type' => 'module',
  'module' => 
  array (
    0 => 'api',
    1 => 'getBaseInfo',
    2 => 'userRole',
  ),
)
[ info ] [ HEADER ] array (
  'upgrade-insecure-requests' => '1',
  'connection' => 'close',
  'accept-encoding' => 'gzip, deflate',
  'accept-language' => 'zh-CN,zh;q=0.8,zh-TW;q=0.7,zh-HK;q=0.5,en-US;q=0.3,en;q=0.2',
  'accept' => 'text/html,application/xhtml+xml,application/xml;q=0.9,image/avif,image/webp,*/*;q=0.8',
  'user-agent' => 'Mozilla/5.0 (Windows NT 10.0; Win64; x64; rv:108.0) Gecko/20100101 Firefox/108.0',
  'host' => 'api.newkefu.com',
)
[ info ] [ PARAM ] array (
  '/api/getBaseInfo/userRole' => '',
  'role_type' => '1',
  'platform' => 'youyu',
)
[ info ] [ CACHE ] INIT redis
[ info ] [ RUN ] app\api\controller\GetBaseInfo->userRole[ D:\phpstudy_pro\WWW\new_kefu_online\application\api\controller\GetBaseInfo.php ]
[ info ] [ DB ] INIT mysql
[ info ] [ DB ] INIT mysql
[ info ] [ LOG ] INIT File
[ error ] [8]未定义数组索引: role_name2[D:\phpstudy_pro\WWW\new_kefu_online\common\server\RoleNameKeyword\RoleNameKeywordServer.php:291]
---------------------------------------------------------------
[ 2023-01-12T11:04:35+08:00 ] 127.0.0.1 GET api.newkefu.com/api/getBaseInfo/userRole?role_type=1&platform=youyu
[运行时间：0.417093s] [吞吐率：2.40req/s] [内存消耗：5,090.63kb] [文件加载：176]
[ info ] [ LANG ] D:\phpstudy_pro\WWW\new_kefu_online\thinkphp\lang\zh-cn.php
[ info ] [ ROUTE ] array (
  'type' => 'module',
  'module' => 
  array (
    0 => 'api',
    1 => 'getBaseInfo',
    2 => 'userRole',
  ),
)
[ info ] [ HEADER ] array (
  'upgrade-insecure-requests' => '1',
  'connection' => 'close',
  'accept-encoding' => 'gzip, deflate',
  'accept-language' => 'zh-CN,zh;q=0.8,zh-TW;q=0.7,zh-HK;q=0.5,en-US;q=0.3,en;q=0.2',
  'accept' => 'text/html,application/xhtml+xml,application/xml;q=0.9,image/avif,image/webp,*/*;q=0.8',
  'user-agent' => 'Mozilla/5.0 (Windows NT 10.0; Win64; x64; rv:108.0) Gecko/20100101 Firefox/108.0',
  'host' => 'api.newkefu.com',
)
[ info ] [ PARAM ] array (
  '/api/getBaseInfo/userRole' => '',
  'role_type' => '1',
  'platform' => 'youyu',
)
[ info ] [ CACHE ] INIT redis
[ info ] [ RUN ] app\api\controller\GetBaseInfo->userRole[ D:\phpstudy_pro\WWW\new_kefu_online\application\api\controller\GetBaseInfo.php ]
[ info ] [ DB ] INIT mysql
[ info ] [ DB ] INIT mysql
[ info ] [ LOG ] INIT File
---------------------------------------------------------------
[ 2023-01-12T11:04:49+08:00 ] 127.0.0.1 GET api.newkefu.com/api/getBaseInfo/userRole?role_type=1&platform=youyu
[运行时间：0.440094s] [吞吐率：2.27req/s] [内存消耗：5,090.45kb] [文件加载：176]
[ info ] [ LANG ] D:\phpstudy_pro\WWW\new_kefu_online\thinkphp\lang\zh-cn.php
[ info ] [ ROUTE ] array (
  'type' => 'module',
  'module' => 
  array (
    0 => 'api',
    1 => 'getBaseInfo',
    2 => 'userRole',
  ),
)
[ info ] [ HEADER ] array (
  'upgrade-insecure-requests' => '1',
  'connection' => 'close',
  'accept-encoding' => 'gzip, deflate',
  'accept-language' => 'zh-CN,zh;q=0.8,zh-TW;q=0.7,zh-HK;q=0.5,en-US;q=0.3,en;q=0.2',
  'accept' => 'text/html,application/xhtml+xml,application/xml;q=0.9,image/avif,image/webp,*/*;q=0.8',
  'user-agent' => 'Mozilla/5.0 (Windows NT 10.0; Win64; x64; rv:108.0) Gecko/20100101 Firefox/108.0',
  'host' => 'api.newkefu.com',
)
[ info ] [ PARAM ] array (
  '/api/getBaseInfo/userRole' => '',
  'role_type' => '1',
  'platform' => 'youyu',
)
[ info ] [ CACHE ] INIT redis
[ info ] [ RUN ] app\api\controller\GetBaseInfo->userRole[ D:\phpstudy_pro\WWW\new_kefu_online\application\api\controller\GetBaseInfo.php ]
[ info ] [ DB ] INIT mysql
[ info ] [ DB ] INIT mysql
[ info ] [ LOG ] INIT File
---------------------------------------------------------------
[ 2023-01-12T11:06:26+08:00 ] 127.0.0.1 GET api.newkefu.com/api/getBaseInfo/userRole?role_type=1&platform=youyu
[运行时间：0.535941s] [吞吐率：1.87req/s] [内存消耗：4,461.03kb] [文件加载：181]
[ info ] [ LANG ] D:\phpstudy_pro\WWW\new_kefu_online\thinkphp\lang\zh-cn.php
[ info ] [ ROUTE ] array (
  'type' => 'module',
  'module' => 
  array (
    0 => 'api',
    1 => 'getBaseInfo',
    2 => 'userRole',
  ),
)
[ info ] [ HEADER ] array (
  'upgrade-insecure-requests' => '1',
  'connection' => 'close',
  'accept-encoding' => 'gzip, deflate',
  'accept-language' => 'zh-CN,zh;q=0.8,zh-TW;q=0.7,zh-HK;q=0.5,en-US;q=0.3,en;q=0.2',
  'accept' => 'text/html,application/xhtml+xml,application/xml;q=0.9,image/avif,image/webp,*/*;q=0.8',
  'user-agent' => 'Mozilla/5.0 (Windows NT 10.0; Win64; x64; rv:108.0) Gecko/20100101 Firefox/108.0',
  'host' => 'api.newkefu.com',
)
[ info ] [ PARAM ] array (
  '/api/getBaseInfo/userRole' => '',
  'role_type' => '1',
  'platform' => 'youyu',
)
[ info ] [ CACHE ] INIT redis
[ info ] [ RUN ] app\api\controller\GetBaseInfo->userRole[ D:\phpstudy_pro\WWW\new_kefu_online\application\api\controller\GetBaseInfo.php ]
[ info ] [ DB ] INIT mysql
[ info ] [ DB ] INIT mysql
[ info ] [ LOG ] INIT File
[ error ] [0]致命错误: Call to undefined method common\server\RoleNameKeyword\RoleNameKeywordServer::check_keyword_block()[D:\phpstudy_pro\WWW\new_kefu_online\common\server\RoleNameKeyword\RoleNameKeywordServer.php:336]
---------------------------------------------------------------
[ 2023-01-12T11:18:40+08:00 ] 127.0.0.1 GET api.newkefu.com/api/getBaseInfo/userRole?role_type=1&platform=youyu
[运行时间：0.521213s] [吞吐率：1.92req/s] [内存消耗：4,752.11kb] [文件加载：189]
[ info ] [ LANG ] D:\phpstudy_pro\WWW\new_kefu_online\thinkphp\lang\zh-cn.php
[ info ] [ ROUTE ] array (
  'type' => 'module',
  'module' => 
  array (
    0 => 'api',
    1 => 'getBaseInfo',
    2 => 'userRole',
  ),
)
[ info ] [ HEADER ] array (
  'upgrade-insecure-requests' => '1',
  'connection' => 'close',
  'accept-encoding' => 'gzip, deflate',
  'accept-language' => 'zh-CN,zh;q=0.8,zh-TW;q=0.7,zh-HK;q=0.5,en-US;q=0.3,en;q=0.2',
  'accept' => 'text/html,application/xhtml+xml,application/xml;q=0.9,image/avif,image/webp,*/*;q=0.8',
  'user-agent' => 'Mozilla/5.0 (Windows NT 10.0; Win64; x64; rv:108.0) Gecko/20100101 Firefox/108.0',
  'host' => 'api.newkefu.com',
)
[ info ] [ PARAM ] array (
  '/api/getBaseInfo/userRole' => '',
  'role_type' => '1',
  'platform' => 'youyu',
)
[ info ] [ CACHE ] INIT redis
[ info ] [ RUN ] app\api\controller\GetBaseInfo->userRole[ D:\phpstudy_pro\WWW\new_kefu_online\application\api\controller\GetBaseInfo.php ]
[ info ] [ DB ] INIT mysql
[ info ] [ DB ] INIT mysql
[ info ] [ DB ] INIT mysql
[ info ] [ LOG ] INIT File
[ error ] [8]未定义数组索引: count_money[D:\phpstudy_pro\WWW\new_kefu_online\common\server\RoleNameBlock\RoleNameBlockServer.php:602]
---------------------------------------------------------------
[ 2023-01-12T11:18:57+08:00 ] 127.0.0.1 GET api.newkefu.com/api/getBaseInfo/userRole?role_type=1&platform=youyu
[运行时间：0.584667s] [吞吐率：1.71req/s] [内存消耗：5,448.82kb] [文件加载：183]
[ info ] [ LANG ] D:\phpstudy_pro\WWW\new_kefu_online\thinkphp\lang\zh-cn.php
[ info ] [ ROUTE ] array (
  'type' => 'module',
  'module' => 
  array (
    0 => 'api',
    1 => 'getBaseInfo',
    2 => 'userRole',
  ),
)
[ info ] [ HEADER ] array (
  'upgrade-insecure-requests' => '1',
  'connection' => 'close',
  'accept-encoding' => 'gzip, deflate',
  'accept-language' => 'zh-CN,zh;q=0.8,zh-TW;q=0.7,zh-HK;q=0.5,en-US;q=0.3,en;q=0.2',
  'accept' => 'text/html,application/xhtml+xml,application/xml;q=0.9,image/avif,image/webp,*/*;q=0.8',
  'user-agent' => 'Mozilla/5.0 (Windows NT 10.0; Win64; x64; rv:108.0) Gecko/20100101 Firefox/108.0',
  'host' => 'api.newkefu.com',
)
[ info ] [ PARAM ] array (
  '/api/getBaseInfo/userRole' => '',
  'role_type' => '1',
  'platform' => 'youyu',
)
[ info ] [ CACHE ] INIT redis
[ info ] [ RUN ] app\api\controller\GetBaseInfo->userRole[ D:\phpstudy_pro\WWW\new_kefu_online\application\api\controller\GetBaseInfo.php ]
[ info ] [ DB ] INIT mysql
[ info ] [ DB ] INIT mysql
[ info ] [ DB ] INIT mysql
[ info ] [ LOG ] INIT File
---------------------------------------------------------------
[ 2023-01-12T11:19:18+08:00 ] 127.0.0.1 GET api.newkefu.com/api/getBaseInfo/userRole?role_type=1&platform=youyu
[运行时间：0.456331s] [吞吐率：2.19req/s] [内存消耗：5,450.18kb] [文件加载：183]
[ info ] [ LANG ] D:\phpstudy_pro\WWW\new_kefu_online\thinkphp\lang\zh-cn.php
[ info ] [ ROUTE ] array (
  'type' => 'module',
  'module' => 
  array (
    0 => 'api',
    1 => 'getBaseInfo',
    2 => 'userRole',
  ),
)
[ info ] [ HEADER ] array (
  'upgrade-insecure-requests' => '1',
  'connection' => 'close',
  'accept-encoding' => 'gzip, deflate',
  'accept-language' => 'zh-CN,zh;q=0.8,zh-TW;q=0.7,zh-HK;q=0.5,en-US;q=0.3,en;q=0.2',
  'accept' => 'text/html,application/xhtml+xml,application/xml;q=0.9,image/avif,image/webp,*/*;q=0.8',
  'user-agent' => 'Mozilla/5.0 (Windows NT 10.0; Win64; x64; rv:108.0) Gecko/20100101 Firefox/108.0',
  'host' => 'api.newkefu.com',
)
[ info ] [ PARAM ] array (
  '/api/getBaseInfo/userRole' => '',
  'role_type' => '1',
  'platform' => 'youyu',
)
[ info ] [ CACHE ] INIT redis
[ info ] [ RUN ] app\api\controller\GetBaseInfo->userRole[ D:\phpstudy_pro\WWW\new_kefu_online\application\api\controller\GetBaseInfo.php ]
[ info ] [ DB ] INIT mysql
[ info ] [ DB ] INIT mysql
[ info ] [ DB ] INIT mysql
[ info ] [ LOG ] INIT File
---------------------------------------------------------------
[ 2023-01-12T14:44:29+08:00 ] 127.0.0.1 POST api.newkefu.com/admin/ajax/getCustomerProduct
[运行时间：0.260490s] [吞吐率：3.84req/s] [内存消耗：5,159.73kb] [文件加载：199]
[ info ] [ LANG ] D:\phpstudy_pro\WWW\new_kefu_online\thinkphp\lang\zh-cn.php
[ info ] [ ROUTE ] array (
  'type' => 'module',
  'module' => 
  array (
    0 => 'admin',
    1 => 'ajax',
    2 => 'getCustomerProduct',
  ),
)
[ info ] [ HEADER ] array (
  'content-length' => '0',
  'referer' => 'http://www.newkefu.com/',
  'connection' => 'close',
  'origin' => 'http://www.newkefu.com',
  'platform' => 'youyu',
  'token' => 'eyJ0eXAiOiJKV1QiLCJhbGciOiJIUzI1NiIsImp0aSI6ImxYWGluZyJ9.eyJpc3MiOiJhcGkubmV3a2VmdS5jb20iLCJqdGkiOiJsWFhpbmciLCJpYXQiOjE2NzMyMzQ4NDEsImV4cCI6MTY3NTgyNjg0MSwidWlkIjoxNDN9.AEJGXxkClRY6VC4tvkdIYNmJfRMDGP6jYVqGLbTlRdI',
  'accept-encoding' => 'gzip, deflate',
  'accept-language' => 'zh-CN,zh;q=0.8,zh-TW;q=0.7,zh-HK;q=0.5,en-US;q=0.3,en;q=0.2',
  'accept' => 'application/json, text/javascript, */*; q=0.01',
  'user-agent' => 'Mozilla/5.0 (Windows NT 10.0; Win64; x64; rv:108.0) Gecko/20100101 Firefox/108.0',
  'host' => 'api.newkefu.com',
)
[ info ] [ PARAM ] array (
  '/admin/ajax/getCustomerProduct' => '',
)
[ info ] [ DB ] INIT mysql
[ info ] [ CACHE ] INIT redis
[ info ] [ DB ] INIT mysql
[ info ] [ DB ] INIT mysql
[ info ] [ RUN ] app\admin\controller\Ajax->getCustomerProduct[ D:\phpstudy_pro\WWW\new_kefu_online\application\admin\controller\Ajax.php ]
[ info ] [ LOG ] INIT File
[ sql ] [ DB ] CONNECT:[ UseTime:0.002058s ] mysql:host=127.0.0.1;port=3306;dbname=gr_chat;charset=utf8
[ sql ] [ SQL ] SHOW COLUMNS FROM `gr_user_group` [ RunTime:0.002309s ]
[ sql ] [ SQL ] SELECT * FROM `gr_user_group` WHERE  `id` IN (17,10,11,5,14,8,9,7,16) [ RunTime:0.000874s ]
[ sql ] [ SQL ] SHOW COLUMNS FROM `gr_menu_new` [ RunTime:0.001550s ]
[ sql ] [ SQL ] SELECT m.menu_id as id,`m`.`menu_name`,`m`.`p_id`,`m`.`controller`,`m`.`action`,`m`.`is_show`,`m`.`url`,`m`.`type` FROM `gr_menu_new` `m` ORDER BY `p_id` ASC,`sort` ASC,`id` ASC [ RunTime:0.027726s ]
---------------------------------------------------------------
[ 2023-01-12T16:11:18+08:00 ] 127.0.0.1 GET api.newkefu.com/api/getBaseInfo/userRole?role_type=1&platform=youyu
[运行时间：0.677468s] [吞吐率：1.48req/s] [内存消耗：4,801.39kb] [文件加载：191]
[ info ] [ LANG ] D:\phpstudy_pro\WWW\new_kefu_online\thinkphp\lang\zh-cn.php
[ info ] [ ROUTE ] array (
  'type' => 'module',
  'module' => 
  array (
    0 => 'api',
    1 => 'getBaseInfo',
    2 => 'userRole',
  ),
)
[ info ] [ HEADER ] array (
  'upgrade-insecure-requests' => '1',
  'connection' => 'close',
  'accept-encoding' => 'gzip, deflate',
  'accept-language' => 'zh-CN,zh;q=0.8,zh-TW;q=0.7,zh-HK;q=0.5,en-US;q=0.3,en;q=0.2',
  'accept' => 'text/html,application/xhtml+xml,application/xml;q=0.9,image/avif,image/webp,*/*;q=0.8',
  'user-agent' => 'Mozilla/5.0 (Windows NT 10.0; Win64; x64; rv:108.0) Gecko/20100101 Firefox/108.0',
  'host' => 'api.newkefu.com',
)
[ info ] [ PARAM ] array (
  '/api/getBaseInfo/userRole' => '',
  'role_type' => '1',
  'platform' => 'youyu',
)
[ info ] [ CACHE ] INIT redis
[ info ] [ DB ] INIT mysql
[ info ] [ RUN ] app\api\controller\GetBaseInfo->userRole[ D:\phpstudy_pro\WWW\new_kefu_online\application\api\controller\GetBaseInfo.php ]
[ info ] [ DB ] INIT mysql
[ info ] [ DB ] INIT mysql
[ info ] [ LOG ] INIT File
[ error ] [8192]Non-static method common\server\RoleNameBlock\RoleNameBlockServer::autoBlockChat() should not be called statically[D:\phpstudy_pro\WWW\new_kefu_online\common\server\RoleNameKeyword\RoleNameKeywordServer.php:339]
---------------------------------------------------------------
[ 2023-01-12T16:11:41+08:00 ] 127.0.0.1 GET api.newkefu.com/api/getBaseInfo/userRole?role_type=1&platform=youyu
[运行时间：0.507190s] [吞吐率：1.97req/s] [内存消耗：4,827.45kb] [文件加载：191]
[ info ] [ LANG ] D:\phpstudy_pro\WWW\new_kefu_online\thinkphp\lang\zh-cn.php
[ info ] [ ROUTE ] array (
  'type' => 'module',
  'module' => 
  array (
    0 => 'api',
    1 => 'getBaseInfo',
    2 => 'userRole',
  ),
)
[ info ] [ HEADER ] array (
  'upgrade-insecure-requests' => '1',
  'connection' => 'close',
  'accept-encoding' => 'gzip, deflate',
  'accept-language' => 'zh-CN,zh;q=0.8,zh-TW;q=0.7,zh-HK;q=0.5,en-US;q=0.3,en;q=0.2',
  'accept' => 'text/html,application/xhtml+xml,application/xml;q=0.9,image/avif,image/webp,*/*;q=0.8',
  'user-agent' => 'Mozilla/5.0 (Windows NT 10.0; Win64; x64; rv:108.0) Gecko/20100101 Firefox/108.0',
  'host' => 'api.newkefu.com',
)
[ info ] [ PARAM ] array (
  '/api/getBaseInfo/userRole' => '',
  'role_type' => '1',
  'platform' => 'youyu',
)
[ info ] [ CACHE ] INIT redis
[ info ] [ RUN ] app\api\controller\GetBaseInfo->userRole[ D:\phpstudy_pro\WWW\new_kefu_online\application\api\controller\GetBaseInfo.php ]
[ info ] [ DB ] INIT mysql
[ info ] [ DB ] INIT mysql
[ info ] [ DB ] INIT mysql
[ info ] [ LOG ] INIT File
[ error ] [8]未定义数组索引: [D:\phpstudy_pro\WWW\new_kefu_online\common\server\Sdk\UserServer.php:46]
---------------------------------------------------------------
[ 2023-01-12T16:12:33+08:00 ] 127.0.0.1 GET api.newkefu.com/api/getBaseInfo/userRole?role_type=1&platform=youyu
[运行时间：0.495156s] [吞吐率：2.02req/s] [内存消耗：5,448.58kb] [文件加载：183]
[ info ] [ LANG ] D:\phpstudy_pro\WWW\new_kefu_online\thinkphp\lang\zh-cn.php
[ info ] [ ROUTE ] array (
  'type' => 'module',
  'module' => 
  array (
    0 => 'api',
    1 => 'getBaseInfo',
    2 => 'userRole',
  ),
)
[ info ] [ HEADER ] array (
  'upgrade-insecure-requests' => '1',
  'connection' => 'close',
  'accept-encoding' => 'gzip, deflate',
  'accept-language' => 'zh-CN,zh;q=0.8,zh-TW;q=0.7,zh-HK;q=0.5,en-US;q=0.3,en;q=0.2',
  'accept' => 'text/html,application/xhtml+xml,application/xml;q=0.9,image/avif,image/webp,*/*;q=0.8',
  'user-agent' => 'Mozilla/5.0 (Windows NT 10.0; Win64; x64; rv:108.0) Gecko/20100101 Firefox/108.0',
  'host' => 'api.newkefu.com',
)
[ info ] [ PARAM ] array (
  '/api/getBaseInfo/userRole' => '',
  'role_type' => '1',
  'platform' => 'youyu',
)
[ info ] [ CACHE ] INIT redis
[ info ] [ RUN ] app\api\controller\GetBaseInfo->userRole[ D:\phpstudy_pro\WWW\new_kefu_online\application\api\controller\GetBaseInfo.php ]
[ info ] [ DB ] INIT mysql
[ info ] [ DB ] INIT mysql
[ info ] [ DB ] INIT mysql
[ info ] [ LOG ] INIT File
---------------------------------------------------------------
[ 2023-01-12T16:13:25+08:00 ] 127.0.0.1 GET api.newkefu.com/api/getBaseInfo/userRole?role_type=1&platform=youyu
[运行时间：0.419989s] [吞吐率：2.38req/s] [内存消耗：5,448.16kb] [文件加载：183]
[ info ] [ LANG ] D:\phpstudy_pro\WWW\new_kefu_online\thinkphp\lang\zh-cn.php
[ info ] [ ROUTE ] array (
  'type' => 'module',
  'module' => 
  array (
    0 => 'api',
    1 => 'getBaseInfo',
    2 => 'userRole',
  ),
)
[ info ] [ HEADER ] array (
  'upgrade-insecure-requests' => '1',
  'connection' => 'close',
  'accept-encoding' => 'gzip, deflate',
  'accept-language' => 'zh-CN,zh;q=0.8,zh-TW;q=0.7,zh-HK;q=0.5,en-US;q=0.3,en;q=0.2',
  'accept' => 'text/html,application/xhtml+xml,application/xml;q=0.9,image/avif,image/webp,*/*;q=0.8',
  'user-agent' => 'Mozilla/5.0 (Windows NT 10.0; Win64; x64; rv:108.0) Gecko/20100101 Firefox/108.0',
  'host' => 'api.newkefu.com',
)
[ info ] [ PARAM ] array (
  '/api/getBaseInfo/userRole' => '',
  'role_type' => '1',
  'platform' => 'youyu',
)
[ info ] [ CACHE ] INIT redis
[ info ] [ RUN ] app\api\controller\GetBaseInfo->userRole[ D:\phpstudy_pro\WWW\new_kefu_online\application\api\controller\GetBaseInfo.php ]
[ info ] [ DB ] INIT mysql
[ info ] [ DB ] INIT mysql
[ info ] [ DB ] INIT mysql
[ info ] [ LOG ] INIT File
---------------------------------------------------------------
[ 2023-01-12T16:13:32+08:00 ] 127.0.0.1 GET api.newkefu.com/api/getBaseInfo/userRole?role_type=1&platform=youyu
[运行时间：0.408065s] [吞吐率：2.45req/s] [内存消耗：5,566.87kb] [文件加载：184]
[ info ] [ LANG ] D:\phpstudy_pro\WWW\new_kefu_online\thinkphp\lang\zh-cn.php
[ info ] [ ROUTE ] array (
  'type' => 'module',
  'module' => 
  array (
    0 => 'api',
    1 => 'getBaseInfo',
    2 => 'userRole',
  ),
)
[ info ] [ HEADER ] array (
  'upgrade-insecure-requests' => '1',
  'connection' => 'close',
  'accept-encoding' => 'gzip, deflate',
  'accept-language' => 'zh-CN,zh;q=0.8,zh-TW;q=0.7,zh-HK;q=0.5,en-US;q=0.3,en;q=0.2',
  'accept' => 'text/html,application/xhtml+xml,application/xml;q=0.9,image/avif,image/webp,*/*;q=0.8',
  'user-agent' => 'Mozilla/5.0 (Windows NT 10.0; Win64; x64; rv:108.0) Gecko/20100101 Firefox/108.0',
  'host' => 'api.newkefu.com',
)
[ info ] [ PARAM ] array (
  '/api/getBaseInfo/userRole' => '',
  'role_type' => '1',
  'platform' => 'youyu',
)
[ info ] [ CACHE ] INIT redis
[ info ] [ RUN ] app\api\controller\GetBaseInfo->userRole[ D:\phpstudy_pro\WWW\new_kefu_online\application\api\controller\GetBaseInfo.php ]
[ info ] [ DB ] INIT mysql
[ info ] [ DB ] INIT mysql
[ info ] [ DB ] INIT mysql
[ info ] [ LOG ] INIT File
---------------------------------------------------------------
[ 2023-01-12T16:17:43+08:00 ] 127.0.0.1 GET api.newkefu.com/api/getBaseInfo/userRole?role_type=1&platform=youyu
[运行时间：0.455623s] [吞吐率：2.19req/s] [内存消耗：5,536.71kb] [文件加载：184]
[ info ] [ LANG ] D:\phpstudy_pro\WWW\new_kefu_online\thinkphp\lang\zh-cn.php
[ info ] [ ROUTE ] array (
  'type' => 'module',
  'module' => 
  array (
    0 => 'api',
    1 => 'getBaseInfo',
    2 => 'userRole',
  ),
)
[ info ] [ HEADER ] array (
  'upgrade-insecure-requests' => '1',
  'connection' => 'close',
  'accept-encoding' => 'gzip, deflate',
  'accept-language' => 'zh-CN,zh;q=0.8,zh-TW;q=0.7,zh-HK;q=0.5,en-US;q=0.3,en;q=0.2',
  'accept' => 'text/html,application/xhtml+xml,application/xml;q=0.9,image/avif,image/webp,*/*;q=0.8',
  'user-agent' => 'Mozilla/5.0 (Windows NT 10.0; Win64; x64; rv:108.0) Gecko/20100101 Firefox/108.0',
  'host' => 'api.newkefu.com',
)
[ info ] [ PARAM ] array (
  '/api/getBaseInfo/userRole' => '',
  'role_type' => '1',
  'platform' => 'youyu',
)
[ info ] [ CACHE ] INIT redis
[ info ] [ RUN ] app\api\controller\GetBaseInfo->userRole[ D:\phpstudy_pro\WWW\new_kefu_online\application\api\controller\GetBaseInfo.php ]
[ info ] [ DB ] INIT mysql
[ info ] [ DB ] INIT mysql
[ info ] [ DB ] INIT mysql
[ info ] [ LOG ] INIT File
---------------------------------------------------------------
[ 2023-01-12T16:17:49+08:00 ] 127.0.0.1 GET api.newkefu.com/api/getBaseInfo/userRole?role_type=1&platform=youyu
[运行时间：0.553017s] [吞吐率：1.81req/s] [内存消耗：5,535.77kb] [文件加载：184]
[ info ] [ LANG ] D:\phpstudy_pro\WWW\new_kefu_online\thinkphp\lang\zh-cn.php
[ info ] [ ROUTE ] array (
  'type' => 'module',
  'module' => 
  array (
    0 => 'api',
    1 => 'getBaseInfo',
    2 => 'userRole',
  ),
)
[ info ] [ HEADER ] array (
  'upgrade-insecure-requests' => '1',
  'connection' => 'close',
  'accept-encoding' => 'gzip, deflate',
  'accept-language' => 'zh-CN,zh;q=0.8,zh-TW;q=0.7,zh-HK;q=0.5,en-US;q=0.3,en;q=0.2',
  'accept' => 'text/html,application/xhtml+xml,application/xml;q=0.9,image/avif,image/webp,*/*;q=0.8',
  'user-agent' => 'Mozilla/5.0 (Windows NT 10.0; Win64; x64; rv:108.0) Gecko/20100101 Firefox/108.0',
  'host' => 'api.newkefu.com',
)
[ info ] [ PARAM ] array (
  '/api/getBaseInfo/userRole' => '',
  'role_type' => '1',
  'platform' => 'youyu',
)
[ info ] [ CACHE ] INIT redis
[ info ] [ RUN ] app\api\controller\GetBaseInfo->userRole[ D:\phpstudy_pro\WWW\new_kefu_online\application\api\controller\GetBaseInfo.php ]
[ info ] [ DB ] INIT mysql
[ info ] [ DB ] INIT mysql
[ info ] [ DB ] INIT mysql
[ info ] [ LOG ] INIT File
---------------------------------------------------------------
[ 2023-01-12T16:18:15+08:00 ] 127.0.0.1 GET api.newkefu.com/api/getBaseInfo/userRole?role_type=1&platform=youyu
[运行时间：0.554594s] [吞吐率：1.80req/s] [内存消耗：5,448.93kb] [文件加载：183]
[ info ] [ LANG ] D:\phpstudy_pro\WWW\new_kefu_online\thinkphp\lang\zh-cn.php
[ info ] [ ROUTE ] array (
  'type' => 'module',
  'module' => 
  array (
    0 => 'api',
    1 => 'getBaseInfo',
    2 => 'userRole',
  ),
)
[ info ] [ HEADER ] array (
  'upgrade-insecure-requests' => '1',
  'connection' => 'close',
  'accept-encoding' => 'gzip, deflate',
  'accept-language' => 'zh-CN,zh;q=0.8,zh-TW;q=0.7,zh-HK;q=0.5,en-US;q=0.3,en;q=0.2',
  'accept' => 'text/html,application/xhtml+xml,application/xml;q=0.9,image/avif,image/webp,*/*;q=0.8',
  'user-agent' => 'Mozilla/5.0 (Windows NT 10.0; Win64; x64; rv:108.0) Gecko/20100101 Firefox/108.0',
  'host' => 'api.newkefu.com',
)
[ info ] [ PARAM ] array (
  '/api/getBaseInfo/userRole' => '',
  'role_type' => '1',
  'platform' => 'youyu',
)
[ info ] [ CACHE ] INIT redis
[ info ] [ RUN ] app\api\controller\GetBaseInfo->userRole[ D:\phpstudy_pro\WWW\new_kefu_online\application\api\controller\GetBaseInfo.php ]
[ info ] [ DB ] INIT mysql
[ info ] [ DB ] INIT mysql
[ info ] [ DB ] INIT mysql
[ info ] [ LOG ] INIT File
---------------------------------------------------------------
[ 2023-01-12T16:18:24+08:00 ] 127.0.0.1 GET api.newkefu.com/api/getBaseInfo/userRole?role_type=1&platform=youyu
[运行时间：0.467397s] [吞吐率：2.14req/s] [内存消耗：4,925.79kb] [文件加载：195]
[ info ] [ LANG ] D:\phpstudy_pro\WWW\new_kefu_online\thinkphp\lang\zh-cn.php
[ info ] [ ROUTE ] array (
  'type' => 'module',
  'module' => 
  array (
    0 => 'api',
    1 => 'getBaseInfo',
    2 => 'userRole',
  ),
)
[ info ] [ HEADER ] array (
  'upgrade-insecure-requests' => '1',
  'connection' => 'close',
  'accept-encoding' => 'gzip, deflate',
  'accept-language' => 'zh-CN,zh;q=0.8,zh-TW;q=0.7,zh-HK;q=0.5,en-US;q=0.3,en;q=0.2',
  'accept' => 'text/html,application/xhtml+xml,application/xml;q=0.9,image/avif,image/webp,*/*;q=0.8',
  'user-agent' => 'Mozilla/5.0 (Windows NT 10.0; Win64; x64; rv:108.0) Gecko/20100101 Firefox/108.0',
  'host' => 'api.newkefu.com',
)
[ info ] [ PARAM ] array (
  '/api/getBaseInfo/userRole' => '',
  'role_type' => '1',
  'platform' => 'youyu',
)
[ info ] [ CACHE ] INIT redis
[ info ] [ RUN ] app\api\controller\GetBaseInfo->userRole[ D:\phpstudy_pro\WWW\new_kefu_online\application\api\controller\GetBaseInfo.php ]
[ info ] [ DB ] INIT mysql
[ info ] [ DB ] INIT mysql
[ info ] [ DB ] INIT mysql
[ info ] [ DB ] INIT mysql
[ info ] [ LOG ] INIT File
[ error ] [2]Illegal string offset 'block_type'[D:\phpstudy_pro\WWW\new_kefu_online\common\server\RoleNameBlock\RoleNameBlockServer.php:545]
---------------------------------------------------------------
[ 2023-01-12T16:19:19+08:00 ] 127.0.0.1 GET api.newkefu.com/api/getBaseInfo/userRole?role_type=1&platform=youyu
[运行时间：0.542171s] [吞吐率：1.84req/s] [内存消耗：5,623.96kb] [文件加载：189]
[ info ] [ LANG ] D:\phpstudy_pro\WWW\new_kefu_online\thinkphp\lang\zh-cn.php
[ info ] [ ROUTE ] array (
  'type' => 'module',
  'module' => 
  array (
    0 => 'api',
    1 => 'getBaseInfo',
    2 => 'userRole',
  ),
)
[ info ] [ HEADER ] array (
  'upgrade-insecure-requests' => '1',
  'connection' => 'close',
  'accept-encoding' => 'gzip, deflate',
  'accept-language' => 'zh-CN,zh;q=0.8,zh-TW;q=0.7,zh-HK;q=0.5,en-US;q=0.3,en;q=0.2',
  'accept' => 'text/html,application/xhtml+xml,application/xml;q=0.9,image/avif,image/webp,*/*;q=0.8',
  'user-agent' => 'Mozilla/5.0 (Windows NT 10.0; Win64; x64; rv:108.0) Gecko/20100101 Firefox/108.0',
  'host' => 'api.newkefu.com',
)
[ info ] [ PARAM ] array (
  '/api/getBaseInfo/userRole' => '',
  'role_type' => '1',
  'platform' => 'youyu',
)
[ info ] [ CACHE ] INIT redis
[ info ] [ RUN ] app\api\controller\GetBaseInfo->userRole[ D:\phpstudy_pro\WWW\new_kefu_online\application\api\controller\GetBaseInfo.php ]
[ info ] [ DB ] INIT mysql
[ info ] [ DB ] INIT mysql
[ info ] [ DB ] INIT mysql
[ info ] [ DB ] INIT mysql
[ info ] [ LOG ] INIT File
---------------------------------------------------------------
[ 2023-01-12T16:20:28+08:00 ] 127.0.0.1 GET api.newkefu.com/api/getBaseInfo/userRole?role_type=1&platform=youyu
[运行时间：0.535213s] [吞吐率：1.87req/s] [内存消耗：4,925.79kb] [文件加载：195]
[ info ] [ LANG ] D:\phpstudy_pro\WWW\new_kefu_online\thinkphp\lang\zh-cn.php
[ info ] [ ROUTE ] array (
  'type' => 'module',
  'module' => 
  array (
    0 => 'api',
    1 => 'getBaseInfo',
    2 => 'userRole',
  ),
)
[ info ] [ HEADER ] array (
  'upgrade-insecure-requests' => '1',
  'connection' => 'close',
  'accept-encoding' => 'gzip, deflate',
  'accept-language' => 'zh-CN,zh;q=0.8,zh-TW;q=0.7,zh-HK;q=0.5,en-US;q=0.3,en;q=0.2',
  'accept' => 'text/html,application/xhtml+xml,application/xml;q=0.9,image/avif,image/webp,*/*;q=0.8',
  'user-agent' => 'Mozilla/5.0 (Windows NT 10.0; Win64; x64; rv:108.0) Gecko/20100101 Firefox/108.0',
  'host' => 'api.newkefu.com',
)
[ info ] [ PARAM ] array (
  '/api/getBaseInfo/userRole' => '',
  'role_type' => '1',
  'platform' => 'youyu',
)
[ info ] [ CACHE ] INIT redis
[ info ] [ RUN ] app\api\controller\GetBaseInfo->userRole[ D:\phpstudy_pro\WWW\new_kefu_online\application\api\controller\GetBaseInfo.php ]
[ info ] [ DB ] INIT mysql
[ info ] [ DB ] INIT mysql
[ info ] [ DB ] INIT mysql
[ info ] [ DB ] INIT mysql
[ info ] [ LOG ] INIT File
[ error ] [8]未定义数组索引: block_type[D:\phpstudy_pro\WWW\new_kefu_online\common\server\RoleNameBlock\RoleNameBlockServer.php:545]
---------------------------------------------------------------
[ 2023-01-12T16:20:41+08:00 ] 127.0.0.1 GET api.newkefu.com/api/getBaseInfo/userRole?role_type=1&platform=youyu
[运行时间：0.504198s] [吞吐率：1.98req/s] [内存消耗：4,925.91kb] [文件加载：195]
[ info ] [ LANG ] D:\phpstudy_pro\WWW\new_kefu_online\thinkphp\lang\zh-cn.php
[ info ] [ ROUTE ] array (
  'type' => 'module',
  'module' => 
  array (
    0 => 'api',
    1 => 'getBaseInfo',
    2 => 'userRole',
  ),
)
[ info ] [ HEADER ] array (
  'upgrade-insecure-requests' => '1',
  'connection' => 'close',
  'accept-encoding' => 'gzip, deflate',
  'accept-language' => 'zh-CN,zh;q=0.8,zh-TW;q=0.7,zh-HK;q=0.5,en-US;q=0.3,en;q=0.2',
  'accept' => 'text/html,application/xhtml+xml,application/xml;q=0.9,image/avif,image/webp,*/*;q=0.8',
  'user-agent' => 'Mozilla/5.0 (Windows NT 10.0; Win64; x64; rv:108.0) Gecko/20100101 Firefox/108.0',
  'host' => 'api.newkefu.com',
)
[ info ] [ PARAM ] array (
  '/api/getBaseInfo/userRole' => '',
  'role_type' => '1',
  'platform' => 'youyu',
)
[ info ] [ CACHE ] INIT redis
[ info ] [ RUN ] app\api\controller\GetBaseInfo->userRole[ D:\phpstudy_pro\WWW\new_kefu_online\application\api\controller\GetBaseInfo.php ]
[ info ] [ DB ] INIT mysql
[ info ] [ DB ] INIT mysql
[ info ] [ DB ] INIT mysql
[ info ] [ DB ] INIT mysql
[ info ] [ LOG ] INIT File
[ error ] [8]未定义数组索引: block_type[D:\phpstudy_pro\WWW\new_kefu_online\common\server\RoleNameBlock\RoleNameBlockServer.php:544]
---------------------------------------------------------------
[ 2023-01-12T16:22:09+08:00 ] 127.0.0.1 GET api.newkefu.com/api/getBaseInfo/userRole?role_type=1&platform=youyu
[运行时间：0.552042s] [吞吐率：1.81req/s] [内存消耗：5,451.28kb] [文件加载：183]
[ info ] [ LANG ] D:\phpstudy_pro\WWW\new_kefu_online\thinkphp\lang\zh-cn.php
[ info ] [ ROUTE ] array (
  'type' => 'module',
  'module' => 
  array (
    0 => 'api',
    1 => 'getBaseInfo',
    2 => 'userRole',
  ),
)
[ info ] [ HEADER ] array (
  'upgrade-insecure-requests' => '1',
  'connection' => 'close',
  'accept-encoding' => 'gzip, deflate',
  'accept-language' => 'zh-CN,zh;q=0.8,zh-TW;q=0.7,zh-HK;q=0.5,en-US;q=0.3,en;q=0.2',
  'accept' => 'text/html,application/xhtml+xml,application/xml;q=0.9,image/avif,image/webp,*/*;q=0.8',
  'user-agent' => 'Mozilla/5.0 (Windows NT 10.0; Win64; x64; rv:108.0) Gecko/20100101 Firefox/108.0',
  'host' => 'api.newkefu.com',
)
[ info ] [ PARAM ] array (
  '/api/getBaseInfo/userRole' => '',
  'role_type' => '1',
  'platform' => 'youyu',
)
[ info ] [ CACHE ] INIT redis
[ info ] [ RUN ] app\api\controller\GetBaseInfo->userRole[ D:\phpstudy_pro\WWW\new_kefu_online\application\api\controller\GetBaseInfo.php ]
[ info ] [ DB ] INIT mysql
[ info ] [ DB ] INIT mysql
[ info ] [ DB ] INIT mysql
[ info ] [ LOG ] INIT File
---------------------------------------------------------------
[ 2023-01-12T16:24:55+08:00 ] 127.0.0.1 GET api.newkefu.com/api/getBaseInfo/userRole?role_type=1&platform=youyu
[运行时间：0.466830s] [吞吐率：2.14req/s] [内存消耗：5,074.70kb] [文件加载：199]
[ info ] [ LANG ] D:\phpstudy_pro\WWW\new_kefu_online\thinkphp\lang\zh-cn.php
[ info ] [ ROUTE ] array (
  'type' => 'module',
  'module' => 
  array (
    0 => 'api',
    1 => 'getBaseInfo',
    2 => 'userRole',
  ),
)
[ info ] [ HEADER ] array (
  'upgrade-insecure-requests' => '1',
  'connection' => 'close',
  'accept-encoding' => 'gzip, deflate',
  'accept-language' => 'zh-CN,zh;q=0.8,zh-TW;q=0.7,zh-HK;q=0.5,en-US;q=0.3,en;q=0.2',
  'accept' => 'text/html,application/xhtml+xml,application/xml;q=0.9,image/avif,image/webp,*/*;q=0.8',
  'user-agent' => 'Mozilla/5.0 (Windows NT 10.0; Win64; x64; rv:108.0) Gecko/20100101 Firefox/108.0',
  'host' => 'api.newkefu.com',
)
[ info ] [ PARAM ] array (
  '/api/getBaseInfo/userRole' => '',
  'role_type' => '1',
  'platform' => 'youyu',
)
[ info ] [ CACHE ] INIT redis
[ info ] [ RUN ] app\api\controller\GetBaseInfo->userRole[ D:\phpstudy_pro\WWW\new_kefu_online\application\api\controller\GetBaseInfo.php ]
[ info ] [ DB ] INIT mysql
[ info ] [ DB ] INIT mysql
[ info ] [ DB ] INIT mysql
[ info ] [ DB ] INIT mysql
[ info ] [ LOG ] INIT File
[ error ] [8]未定义数组索引: sid[D:\phpstudy_pro\WWW\new_kefu_online\common\sql_server\RoleNameBlockSqlServer.php:25]
---------------------------------------------------------------
[ 2023-01-12T16:25:07+08:00 ] 127.0.0.1 GET api.newkefu.com/api/getBaseInfo/userRole?role_type=1&platform=youyu
[运行时间：0.520813s] [吞吐率：1.92req/s] [内存消耗：5,450.52kb] [文件加载：183]
[ info ] [ LANG ] D:\phpstudy_pro\WWW\new_kefu_online\thinkphp\lang\zh-cn.php
[ info ] [ ROUTE ] array (
  'type' => 'module',
  'module' => 
  array (
    0 => 'api',
    1 => 'getBaseInfo',
    2 => 'userRole',
  ),
)
[ info ] [ HEADER ] array (
  'upgrade-insecure-requests' => '1',
  'connection' => 'close',
  'accept-encoding' => 'gzip, deflate',
  'accept-language' => 'zh-CN,zh;q=0.8,zh-TW;q=0.7,zh-HK;q=0.5,en-US;q=0.3,en;q=0.2',
  'accept' => 'text/html,application/xhtml+xml,application/xml;q=0.9,image/avif,image/webp,*/*;q=0.8',
  'user-agent' => 'Mozilla/5.0 (Windows NT 10.0; Win64; x64; rv:108.0) Gecko/20100101 Firefox/108.0',
  'host' => 'api.newkefu.com',
)
[ info ] [ PARAM ] array (
  '/api/getBaseInfo/userRole' => '',
  'role_type' => '1',
  'platform' => 'youyu',
)
[ info ] [ CACHE ] INIT redis
[ info ] [ RUN ] app\api\controller\GetBaseInfo->userRole[ D:\phpstudy_pro\WWW\new_kefu_online\application\api\controller\GetBaseInfo.php ]
[ info ] [ DB ] INIT mysql
[ info ] [ DB ] INIT mysql
[ info ] [ DB ] INIT mysql
[ info ] [ LOG ] INIT File
---------------------------------------------------------------
[ 2023-01-12T16:28:29+08:00 ] 127.0.0.1 GET api.newkefu.com/api/getBaseInfo/userRole?role_type=1&platform=youyu
[运行时间：0.697043s] [吞吐率：1.43req/s] [内存消耗：5,074.70kb] [文件加载：199]
[ info ] [ LANG ] D:\phpstudy_pro\WWW\new_kefu_online\thinkphp\lang\zh-cn.php
[ info ] [ ROUTE ] array (
  'type' => 'module',
  'module' => 
  array (
    0 => 'api',
    1 => 'getBaseInfo',
    2 => 'userRole',
  ),
)
[ info ] [ HEADER ] array (
  'upgrade-insecure-requests' => '1',
  'connection' => 'close',
  'accept-encoding' => 'gzip, deflate',
  'accept-language' => 'zh-CN,zh;q=0.8,zh-TW;q=0.7,zh-HK;q=0.5,en-US;q=0.3,en;q=0.2',
  'accept' => 'text/html,application/xhtml+xml,application/xml;q=0.9,image/avif,image/webp,*/*;q=0.8',
  'user-agent' => 'Mozilla/5.0 (Windows NT 10.0; Win64; x64; rv:108.0) Gecko/20100101 Firefox/108.0',
  'host' => 'api.newkefu.com',
)
[ info ] [ PARAM ] array (
  '/api/getBaseInfo/userRole' => '',
  'role_type' => '1',
  'platform' => 'youyu',
)
[ info ] [ CACHE ] INIT redis
[ info ] [ RUN ] app\api\controller\GetBaseInfo->userRole[ D:\phpstudy_pro\WWW\new_kefu_online\application\api\controller\GetBaseInfo.php ]
[ info ] [ DB ] INIT mysql
[ info ] [ DB ] INIT mysql
[ info ] [ DB ] INIT mysql
[ info ] [ DB ] INIT mysql
[ info ] [ LOG ] INIT File
[ error ] [8]未定义数组索引: roleid[D:\phpstudy_pro\WWW\new_kefu_online\common\sql_server\RoleNameBlockSqlServer.php:29]
---------------------------------------------------------------
[ 2023-01-12T16:28:38+08:00 ] 127.0.0.1 GET api.newkefu.com/api/getBaseInfo/userRole?role_type=1&platform=youyu
[运行时间：0.525461s] [吞吐率：1.90req/s] [内存消耗：5,450.71kb] [文件加载：183]
[ info ] [ LANG ] D:\phpstudy_pro\WWW\new_kefu_online\thinkphp\lang\zh-cn.php
[ info ] [ ROUTE ] array (
  'type' => 'module',
  'module' => 
  array (
    0 => 'api',
    1 => 'getBaseInfo',
    2 => 'userRole',
  ),
)
[ info ] [ HEADER ] array (
  'upgrade-insecure-requests' => '1',
  'connection' => 'close',
  'accept-encoding' => 'gzip, deflate',
  'accept-language' => 'zh-CN,zh;q=0.8,zh-TW;q=0.7,zh-HK;q=0.5,en-US;q=0.3,en;q=0.2',
  'accept' => 'text/html,application/xhtml+xml,application/xml;q=0.9,image/avif,image/webp,*/*;q=0.8',
  'user-agent' => 'Mozilla/5.0 (Windows NT 10.0; Win64; x64; rv:108.0) Gecko/20100101 Firefox/108.0',
  'host' => 'api.newkefu.com',
)
[ info ] [ PARAM ] array (
  '/api/getBaseInfo/userRole' => '',
  'role_type' => '1',
  'platform' => 'youyu',
)
[ info ] [ CACHE ] INIT redis
[ info ] [ RUN ] app\api\controller\GetBaseInfo->userRole[ D:\phpstudy_pro\WWW\new_kefu_online\application\api\controller\GetBaseInfo.php ]
[ info ] [ DB ] INIT mysql
[ info ] [ DB ] INIT mysql
[ info ] [ DB ] INIT mysql
[ info ] [ LOG ] INIT File
---------------------------------------------------------------
[ 2023-01-12T16:29:31+08:00 ] 127.0.0.1 GET api.newkefu.com/api/getBaseInfo/userRole?role_type=1&platform=youyu
[运行时间：0.527457s] [吞吐率：1.90req/s] [内存消耗：5,074.70kb] [文件加载：199]
[ info ] [ LANG ] D:\phpstudy_pro\WWW\new_kefu_online\thinkphp\lang\zh-cn.php
[ info ] [ ROUTE ] array (
  'type' => 'module',
  'module' => 
  array (
    0 => 'api',
    1 => 'getBaseInfo',
    2 => 'userRole',
  ),
)
[ info ] [ HEADER ] array (
  'upgrade-insecure-requests' => '1',
  'connection' => 'close',
  'accept-encoding' => 'gzip, deflate',
  'accept-language' => 'zh-CN,zh;q=0.8,zh-TW;q=0.7,zh-HK;q=0.5,en-US;q=0.3,en;q=0.2',
  'accept' => 'text/html,application/xhtml+xml,application/xml;q=0.9,image/avif,image/webp,*/*;q=0.8',
  'user-agent' => 'Mozilla/5.0 (Windows NT 10.0; Win64; x64; rv:108.0) Gecko/20100101 Firefox/108.0',
  'host' => 'api.newkefu.com',
)
[ info ] [ PARAM ] array (
  '/api/getBaseInfo/userRole' => '',
  'role_type' => '1',
  'platform' => 'youyu',
)
[ info ] [ CACHE ] INIT redis
[ info ] [ RUN ] app\api\controller\GetBaseInfo->userRole[ D:\phpstudy_pro\WWW\new_kefu_online\application\api\controller\GetBaseInfo.php ]
[ info ] [ DB ] INIT mysql
[ info ] [ DB ] INIT mysql
[ info ] [ DB ] INIT mysql
[ info ] [ DB ] INIT mysql
[ info ] [ LOG ] INIT File
[ error ] [8]未定义数组索引: imei[D:\phpstudy_pro\WWW\new_kefu_online\common\sql_server\RoleNameBlockSqlServer.php:40]
---------------------------------------------------------------
[ 2023-01-12T16:30:37+08:00 ] 127.0.0.1 GET api.newkefu.com/api/getBaseInfo/userRole?role_type=1&platform=youyu
[运行时间：0.553575s] [吞吐率：1.81req/s] [内存消耗：5,074.70kb] [文件加载：199]
[ info ] [ LANG ] D:\phpstudy_pro\WWW\new_kefu_online\thinkphp\lang\zh-cn.php
[ info ] [ ROUTE ] array (
  'type' => 'module',
  'module' => 
  array (
    0 => 'api',
    1 => 'getBaseInfo',
    2 => 'userRole',
  ),
)
[ info ] [ HEADER ] array (
  'upgrade-insecure-requests' => '1',
  'connection' => 'close',
  'accept-encoding' => 'gzip, deflate',
  'accept-language' => 'zh-CN,zh;q=0.8,zh-TW;q=0.7,zh-HK;q=0.5,en-US;q=0.3,en;q=0.2',
  'accept' => 'text/html,application/xhtml+xml,application/xml;q=0.9,image/avif,image/webp,*/*;q=0.8',
  'user-agent' => 'Mozilla/5.0 (Windows NT 10.0; Win64; x64; rv:108.0) Gecko/20100101 Firefox/108.0',
  'host' => 'api.newkefu.com',
)
[ info ] [ PARAM ] array (
  '/api/getBaseInfo/userRole' => '',
  'role_type' => '1',
  'platform' => 'youyu',
)
[ info ] [ CACHE ] INIT redis
[ info ] [ RUN ] app\api\controller\GetBaseInfo->userRole[ D:\phpstudy_pro\WWW\new_kefu_online\application\api\controller\GetBaseInfo.php ]
[ info ] [ DB ] INIT mysql
[ info ] [ DB ] INIT mysql
[ info ] [ DB ] INIT mysql
[ info ] [ DB ] INIT mysql
[ info ] [ LOG ] INIT File
[ error ] [8]未定义数组索引: ext[D:\phpstudy_pro\WWW\new_kefu_online\common\sql_server\RoleNameBlockSqlServer.php:41]
---------------------------------------------------------------
[ 2023-01-12T16:33:56+08:00 ] 127.0.0.1 GET api.newkefu.com/api/getBaseInfo/userRole?role_type=1&platform=youyu
[运行时间：0.482420s] [吞吐率：2.07req/s] [内存消耗：5,078.70kb] [文件加载：199]
[ info ] [ LANG ] D:\phpstudy_pro\WWW\new_kefu_online\thinkphp\lang\zh-cn.php
[ info ] [ ROUTE ] array (
  'type' => 'module',
  'module' => 
  array (
    0 => 'api',
    1 => 'getBaseInfo',
    2 => 'userRole',
  ),
)
[ info ] [ HEADER ] array (
  'upgrade-insecure-requests' => '1',
  'connection' => 'close',
  'accept-encoding' => 'gzip, deflate',
  'accept-language' => 'zh-CN,zh;q=0.8,zh-TW;q=0.7,zh-HK;q=0.5,en-US;q=0.3,en;q=0.2',
  'accept' => 'text/html,application/xhtml+xml,application/xml;q=0.9,image/avif,image/webp,*/*;q=0.8',
  'user-agent' => 'Mozilla/5.0 (Windows NT 10.0; Win64; x64; rv:108.0) Gecko/20100101 Firefox/108.0',
  'host' => 'api.newkefu.com',
)
[ info ] [ PARAM ] array (
  '/api/getBaseInfo/userRole' => '',
  'role_type' => '1',
  'platform' => 'youyu',
)
[ info ] [ CACHE ] INIT redis
[ info ] [ RUN ] app\api\controller\GetBaseInfo->userRole[ D:\phpstudy_pro\WWW\new_kefu_online\application\api\controller\GetBaseInfo.php ]
[ info ] [ DB ] INIT mysql
[ info ] [ DB ] INIT mysql
[ info ] [ DB ] INIT mysql
[ info ] [ DB ] INIT mysql
[ info ] [ LOG ] INIT File
[ error ] [8]未定义数组索引: openid[D:\phpstudy_pro\WWW\new_kefu_online\common\sql_server\RoleNameBlockSqlServer.php:44]
---------------------------------------------------------------
[ 2023-01-12T16:35:08+08:00 ] 127.0.0.1 GET api.newkefu.com/api/getBaseInfo/userRole?role_type=1&platform=youyu
[运行时间：0.417378s] [吞吐率：2.40req/s] [内存消耗：5,625.27kb] [文件加载：189]
[ info ] [ LANG ] D:\phpstudy_pro\WWW\new_kefu_online\thinkphp\lang\zh-cn.php
[ info ] [ ROUTE ] array (
  'type' => 'module',
  'module' => 
  array (
    0 => 'api',
    1 => 'getBaseInfo',
    2 => 'userRole',
  ),
)
[ info ] [ HEADER ] array (
  'upgrade-insecure-requests' => '1',
  'connection' => 'close',
  'accept-encoding' => 'gzip, deflate',
  'accept-language' => 'zh-CN,zh;q=0.8,zh-TW;q=0.7,zh-HK;q=0.5,en-US;q=0.3,en;q=0.2',
  'accept' => 'text/html,application/xhtml+xml,application/xml;q=0.9,image/avif,image/webp,*/*;q=0.8',
  'user-agent' => 'Mozilla/5.0 (Windows NT 10.0; Win64; x64; rv:108.0) Gecko/20100101 Firefox/108.0',
  'host' => 'api.newkefu.com',
)
[ info ] [ PARAM ] array (
  '/api/getBaseInfo/userRole' => '',
  'role_type' => '1',
  'platform' => 'youyu',
)
[ info ] [ CACHE ] INIT redis
[ info ] [ RUN ] app\api\controller\GetBaseInfo->userRole[ D:\phpstudy_pro\WWW\new_kefu_online\application\api\controller\GetBaseInfo.php ]
[ info ] [ DB ] INIT mysql
[ info ] [ DB ] INIT mysql
[ info ] [ DB ] INIT mysql
[ info ] [ DB ] INIT mysql
[ info ] [ LOG ] INIT File
---------------------------------------------------------------
[ 2023-01-12T16:35:34+08:00 ] 127.0.0.1 GET api.newkefu.com/api/getBaseInfo/userRole?role_type=1&platform=youyu
[运行时间：0.497324s] [吞吐率：2.01req/s] [内存消耗：5,824.89kb] [文件加载：192]
[ info ] [ LANG ] D:\phpstudy_pro\WWW\new_kefu_online\thinkphp\lang\zh-cn.php
[ info ] [ ROUTE ] array (
  'type' => 'module',
  'module' => 
  array (
    0 => 'api',
    1 => 'getBaseInfo',
    2 => 'userRole',
  ),
)
[ info ] [ HEADER ] array (
  'upgrade-insecure-requests' => '1',
  'connection' => 'close',
  'accept-encoding' => 'gzip, deflate',
  'accept-language' => 'zh-CN,zh;q=0.8,zh-TW;q=0.7,zh-HK;q=0.5,en-US;q=0.3,en;q=0.2',
  'accept' => 'text/html,application/xhtml+xml,application/xml;q=0.9,image/avif,image/webp,*/*;q=0.8',
  'user-agent' => 'Mozilla/5.0 (Windows NT 10.0; Win64; x64; rv:108.0) Gecko/20100101 Firefox/108.0',
  'host' => 'api.newkefu.com',
)
[ info ] [ PARAM ] array (
  '/api/getBaseInfo/userRole' => '',
  'role_type' => '1',
  'platform' => 'youyu',
)
[ info ] [ CACHE ] INIT redis
[ info ] [ RUN ] app\api\controller\GetBaseInfo->userRole[ D:\phpstudy_pro\WWW\new_kefu_online\application\api\controller\GetBaseInfo.php ]
[ info ] [ DB ] INIT mysql
[ info ] [ DB ] INIT mysql
[ info ] [ DB ] INIT mysql
[ info ] [ DB ] INIT mysql
[ info ] [ LOG ] INIT File
---------------------------------------------------------------
[ 2023-01-12T16:37:00+08:00 ] 127.0.0.1 GET api.newkefu.com/api/getBaseInfo/userRole?role_type=1&platform=youyu
[运行时间：0.557649s] [吞吐率：1.79req/s] [内存消耗：5,824.17kb] [文件加载：192]
[ info ] [ LANG ] D:\phpstudy_pro\WWW\new_kefu_online\thinkphp\lang\zh-cn.php
[ info ] [ ROUTE ] array (
  'type' => 'module',
  'module' => 
  array (
    0 => 'api',
    1 => 'getBaseInfo',
    2 => 'userRole',
  ),
)
[ info ] [ HEADER ] array (
  'upgrade-insecure-requests' => '1',
  'connection' => 'close',
  'accept-encoding' => 'gzip, deflate',
  'accept-language' => 'zh-CN,zh;q=0.8,zh-TW;q=0.7,zh-HK;q=0.5,en-US;q=0.3,en;q=0.2',
  'accept' => 'text/html,application/xhtml+xml,application/xml;q=0.9,image/avif,image/webp,*/*;q=0.8',
  'user-agent' => 'Mozilla/5.0 (Windows NT 10.0; Win64; x64; rv:108.0) Gecko/20100101 Firefox/108.0',
  'host' => 'api.newkefu.com',
)
[ info ] [ PARAM ] array (
  '/api/getBaseInfo/userRole' => '',
  'role_type' => '1',
  'platform' => 'youyu',
)
[ info ] [ CACHE ] INIT redis
[ info ] [ RUN ] app\api\controller\GetBaseInfo->userRole[ D:\phpstudy_pro\WWW\new_kefu_online\application\api\controller\GetBaseInfo.php ]
[ info ] [ DB ] INIT mysql
[ info ] [ DB ] INIT mysql
[ info ] [ DB ] INIT mysql
[ info ] [ DB ] INIT mysql
[ info ] [ LOG ] INIT File
---------------------------------------------------------------
[ 2023-01-12T16:38:27+08:00 ] 127.0.0.1 GET api.newkefu.com/api/getBaseInfo/userRole?role_type=1&platform=youyu
[运行时间：0.546103s] [吞吐率：1.83req/s] [内存消耗：5,823.77kb] [文件加载：192]
[ info ] [ LANG ] D:\phpstudy_pro\WWW\new_kefu_online\thinkphp\lang\zh-cn.php
[ info ] [ ROUTE ] array (
  'type' => 'module',
  'module' => 
  array (
    0 => 'api',
    1 => 'getBaseInfo',
    2 => 'userRole',
  ),
)
[ info ] [ HEADER ] array (
  'upgrade-insecure-requests' => '1',
  'connection' => 'close',
  'accept-encoding' => 'gzip, deflate',
  'accept-language' => 'zh-CN,zh;q=0.8,zh-TW;q=0.7,zh-HK;q=0.5,en-US;q=0.3,en;q=0.2',
  'accept' => 'text/html,application/xhtml+xml,application/xml;q=0.9,image/avif,image/webp,*/*;q=0.8',
  'user-agent' => 'Mozilla/5.0 (Windows NT 10.0; Win64; x64; rv:108.0) Gecko/20100101 Firefox/108.0',
  'host' => 'api.newkefu.com',
)
[ info ] [ PARAM ] array (
  '/api/getBaseInfo/userRole' => '',
  'role_type' => '1',
  'platform' => 'youyu',
)
[ info ] [ CACHE ] INIT redis
[ info ] [ RUN ] app\api\controller\GetBaseInfo->userRole[ D:\phpstudy_pro\WWW\new_kefu_online\application\api\controller\GetBaseInfo.php ]
[ info ] [ DB ] INIT mysql
[ info ] [ DB ] INIT mysql
[ info ] [ DB ] INIT mysql
[ info ] [ DB ] INIT mysql
[ info ] [ LOG ] INIT File
---------------------------------------------------------------
[ 2023-01-12T16:39:35+08:00 ] 127.0.0.1 GET api.newkefu.com/api/getBaseInfo/userRole?role_type=1&platform=youyu
[运行时间：0.559874s] [吞吐率：1.79req/s] [内存消耗：5,094.98kb] [文件加载：201]
[ info ] [ LANG ] D:\phpstudy_pro\WWW\new_kefu_online\thinkphp\lang\zh-cn.php
[ info ] [ ROUTE ] array (
  'type' => 'module',
  'module' => 
  array (
    0 => 'api',
    1 => 'getBaseInfo',
    2 => 'userRole',
  ),
)
[ info ] [ HEADER ] array (
  'upgrade-insecure-requests' => '1',
  'connection' => 'close',
  'accept-encoding' => 'gzip, deflate',
  'accept-language' => 'zh-CN,zh;q=0.8,zh-TW;q=0.7,zh-HK;q=0.5,en-US;q=0.3,en;q=0.2',
  'accept' => 'text/html,application/xhtml+xml,application/xml;q=0.9,image/avif,image/webp,*/*;q=0.8',
  'user-agent' => 'Mozilla/5.0 (Windows NT 10.0; Win64; x64; rv:108.0) Gecko/20100101 Firefox/108.0',
  'host' => 'api.newkefu.com',
)
[ info ] [ PARAM ] array (
  '/api/getBaseInfo/userRole' => '',
  'role_type' => '1',
  'platform' => 'youyu',
)
[ info ] [ CACHE ] INIT redis
[ info ] [ RUN ] app\api\controller\GetBaseInfo->userRole[ D:\phpstudy_pro\WWW\new_kefu_online\application\api\controller\GetBaseInfo.php ]
[ info ] [ DB ] INIT mysql
[ info ] [ DB ] INIT mysql
[ info ] [ DB ] INIT mysql
[ info ] [ DB ] INIT mysql
[ info ] [ LOG ] INIT File
[ error ] [10501]SQLSTATE[42S22]: Column not found: 1054 Unknown column 'uname' in 'field list'[D:\phpstudy_pro\WWW\new_kefu_online\thinkphp\library\think\db\Connection.php:453]
---------------------------------------------------------------
[ 2023-01-12T16:39:46+08:00 ] 127.0.0.1 GET api.newkefu.com/api/getBaseInfo/userRole?role_type=1&platform=youyu
[运行时间：0.533084s] [吞吐率：1.88req/s] [内存消耗：5,095.09kb] [文件加载：201]
[ info ] [ LANG ] D:\phpstudy_pro\WWW\new_kefu_online\thinkphp\lang\zh-cn.php
[ info ] [ ROUTE ] array (
  'type' => 'module',
  'module' => 
  array (
    0 => 'api',
    1 => 'getBaseInfo',
    2 => 'userRole',
  ),
)
[ info ] [ HEADER ] array (
  'upgrade-insecure-requests' => '1',
  'connection' => 'close',
  'accept-encoding' => 'gzip, deflate',
  'accept-language' => 'zh-CN,zh;q=0.8,zh-TW;q=0.7,zh-HK;q=0.5,en-US;q=0.3,en;q=0.2',
  'accept' => 'text/html,application/xhtml+xml,application/xml;q=0.9,image/avif,image/webp,*/*;q=0.8',
  'user-agent' => 'Mozilla/5.0 (Windows NT 10.0; Win64; x64; rv:108.0) Gecko/20100101 Firefox/108.0',
  'host' => 'api.newkefu.com',
)
[ info ] [ PARAM ] array (
  '/api/getBaseInfo/userRole' => '',
  'role_type' => '1',
  'platform' => 'youyu',
)
[ info ] [ CACHE ] INIT redis
[ info ] [ RUN ] app\api\controller\GetBaseInfo->userRole[ D:\phpstudy_pro\WWW\new_kefu_online\application\api\controller\GetBaseInfo.php ]
[ info ] [ DB ] INIT mysql
[ info ] [ DB ] INIT mysql
[ info ] [ DB ] INIT mysql
[ info ] [ DB ] INIT mysql
[ info ] [ LOG ] INIT File
[ error ] [10501]SQLSTATE[21S01]: Insert value list does not match column list: 1136 Column count doesn't match value count at row 1[D:\phpstudy_pro\WWW\new_kefu_online\thinkphp\library\think\db\Connection.php:453]
---------------------------------------------------------------
[ 2023-01-12T16:40:45+08:00 ] 127.0.0.1 GET api.newkefu.com/api/getBaseInfo/userRole?role_type=1&platform=youyu
[运行时间：2.028188s] [吞吐率：0.49req/s] [内存消耗：5,071.20kb] [文件加载：194]
[ info ] [ LANG ] D:\phpstudy_pro\WWW\new_kefu_online\thinkphp\lang\zh-cn.php
[ info ] [ ROUTE ] array (
  'type' => 'module',
  'module' => 
  array (
    0 => 'api',
    1 => 'getBaseInfo',
    2 => 'userRole',
  ),
)
[ info ] [ HEADER ] array (
  'upgrade-insecure-requests' => '1',
  'connection' => 'close',
  'accept-encoding' => 'gzip, deflate',
  'accept-language' => 'zh-CN,zh;q=0.8,zh-TW;q=0.7,zh-HK;q=0.5,en-US;q=0.3,en;q=0.2',
  'accept' => 'text/html,application/xhtml+xml,application/xml;q=0.9,image/avif,image/webp,*/*;q=0.8',
  'user-agent' => 'Mozilla/5.0 (Windows NT 10.0; Win64; x64; rv:108.0) Gecko/20100101 Firefox/108.0',
  'host' => 'api.newkefu.com',
)
[ info ] [ PARAM ] array (
  '/api/getBaseInfo/userRole' => '',
  'role_type' => '1',
  'platform' => 'youyu',
)
[ info ] [ CACHE ] INIT redis
[ info ] [ RUN ] app\api\controller\GetBaseInfo->userRole[ D:\phpstudy_pro\WWW\new_kefu_online\application\api\controller\GetBaseInfo.php ]
[ info ] [ DB ] INIT mysql
[ info ] [ DB ] INIT mysql
[ info ] [ DB ] INIT mysql
[ info ] [ DB ] INIT mysql
[ info ] [ LOG ] INIT File
---------------------------------------------------------------
[ 2023-01-12T17:20:33+08:00 ] 127.0.0.1 GET api.newkefu.com/api/getBaseInfo/userRole?role_type=1&platform=youyu
[运行时间：2.091734s] [吞吐率：0.48req/s] [内存消耗：5,083.07kb] [文件加载：200]
[ info ] [ LANG ] D:\phpstudy_pro\WWW\new_kefu_online\thinkphp\lang\zh-cn.php
[ info ] [ ROUTE ] array (
  'type' => 'module',
  'module' => 
  array (
    0 => 'api',
    1 => 'getBaseInfo',
    2 => 'userRole',
  ),
)
[ info ] [ HEADER ] array (
  'upgrade-insecure-requests' => '1',
  'connection' => 'close',
  'accept-encoding' => 'gzip, deflate',
  'accept-language' => 'zh-CN,zh;q=0.8,zh-TW;q=0.7,zh-HK;q=0.5,en-US;q=0.3,en;q=0.2',
  'accept' => 'text/html,application/xhtml+xml,application/xml;q=0.9,image/avif,image/webp,*/*;q=0.8',
  'user-agent' => 'Mozilla/5.0 (Windows NT 10.0; Win64; x64; rv:108.0) Gecko/20100101 Firefox/108.0',
  'host' => 'api.newkefu.com',
)
[ info ] [ PARAM ] array (
  '/api/getBaseInfo/userRole' => '',
  'role_type' => '1',
  'platform' => 'youyu',
)
[ info ] [ CACHE ] INIT redis
[ info ] [ DB ] INIT mysql
[ info ] [ RUN ] app\api\controller\GetBaseInfo->userRole[ D:\phpstudy_pro\WWW\new_kefu_online\application\api\controller\GetBaseInfo.php ]
[ info ] [ DB ] INIT mysql
[ info ] [ DB ] INIT mysql
[ info ] [ DB ] INIT mysql
[ info ] [ LOG ] INIT File
---------------------------------------------------------------
[ 2023-01-12T17:21:18+08:00 ] 127.0.0.1 GET api.newkefu.com/api/getBaseInfo/userRole?role_type=1&platform=youyu
[运行时间：2.117854s] [吞吐率：0.47req/s] [内存消耗：5,016.18kb] [文件加载：197]
[ info ] [ LANG ] D:\phpstudy_pro\WWW\new_kefu_online\thinkphp\lang\zh-cn.php
[ info ] [ ROUTE ] array (
  'type' => 'module',
  'module' => 
  array (
    0 => 'api',
    1 => 'getBaseInfo',
    2 => 'userRole',
  ),
)
[ info ] [ HEADER ] array (
  'upgrade-insecure-requests' => '1',
  'connection' => 'close',
  'accept-encoding' => 'gzip, deflate',
  'accept-language' => 'zh-CN,zh;q=0.8,zh-TW;q=0.7,zh-HK;q=0.5,en-US;q=0.3,en;q=0.2',
  'accept' => 'text/html,application/xhtml+xml,application/xml;q=0.9,image/avif,image/webp,*/*;q=0.8',
  'user-agent' => 'Mozilla/5.0 (Windows NT 10.0; Win64; x64; rv:108.0) Gecko/20100101 Firefox/108.0',
  'host' => 'api.newkefu.com',
)
[ info ] [ PARAM ] array (
  '/api/getBaseInfo/userRole' => '',
  'role_type' => '1',
  'platform' => 'youyu',
)
[ info ] [ CACHE ] INIT redis
[ info ] [ RUN ] app\api\controller\GetBaseInfo->userRole[ D:\phpstudy_pro\WWW\new_kefu_online\application\api\controller\GetBaseInfo.php ]
[ info ] [ DB ] INIT mysql
[ info ] [ DB ] INIT mysql
[ info ] [ DB ] INIT mysql
[ info ] [ DB ] INIT mysql
[ info ] [ LOG ] INIT File
---------------------------------------------------------------
[ 2023-01-12T17:24:53+08:00 ] 127.0.0.1 GET api.newkefu.com/api/getBaseInfo/userRole?role_type=1&platform=youyu
[运行时间：2.034821s] [吞吐率：0.49req/s] [内存消耗：5,016.18kb] [文件加载：197]
[ info ] [ LANG ] D:\phpstudy_pro\WWW\new_kefu_online\thinkphp\lang\zh-cn.php
[ info ] [ ROUTE ] array (
  'type' => 'module',
  'module' => 
  array (
    0 => 'api',
    1 => 'getBaseInfo',
    2 => 'userRole',
  ),
)
[ info ] [ HEADER ] array (
  'upgrade-insecure-requests' => '1',
  'connection' => 'close',
  'accept-encoding' => 'gzip, deflate',
  'accept-language' => 'zh-CN,zh;q=0.8,zh-TW;q=0.7,zh-HK;q=0.5,en-US;q=0.3,en;q=0.2',
  'accept' => 'text/html,application/xhtml+xml,application/xml;q=0.9,image/avif,image/webp,*/*;q=0.8',
  'user-agent' => 'Mozilla/5.0 (Windows NT 10.0; Win64; x64; rv:108.0) Gecko/20100101 Firefox/108.0',
  'host' => 'api.newkefu.com',
)
[ info ] [ PARAM ] array (
  '/api/getBaseInfo/userRole' => '',
  'role_type' => '1',
  'platform' => 'youyu',
)
[ info ] [ CACHE ] INIT redis
[ info ] [ RUN ] app\api\controller\GetBaseInfo->userRole[ D:\phpstudy_pro\WWW\new_kefu_online\application\api\controller\GetBaseInfo.php ]
[ info ] [ DB ] INIT mysql
[ info ] [ DB ] INIT mysql
[ info ] [ DB ] INIT mysql
[ info ] [ DB ] INIT mysql
[ info ] [ LOG ] INIT File
---------------------------------------------------------------
[ 2023-01-12T17:25:13+08:00 ] 127.0.0.1 GET api.newkefu.com/api/getBaseInfo/userRole?role_type=1&platform=youyu
[运行时间：2.005130s] [吞吐率：0.50req/s] [内存消耗：5,016.18kb] [文件加载：197]
[ info ] [ LANG ] D:\phpstudy_pro\WWW\new_kefu_online\thinkphp\lang\zh-cn.php
[ info ] [ ROUTE ] array (
  'type' => 'module',
  'module' => 
  array (
    0 => 'api',
    1 => 'getBaseInfo',
    2 => 'userRole',
  ),
)
[ info ] [ HEADER ] array (
  'upgrade-insecure-requests' => '1',
  'connection' => 'close',
  'accept-encoding' => 'gzip, deflate',
  'accept-language' => 'zh-CN,zh;q=0.8,zh-TW;q=0.7,zh-HK;q=0.5,en-US;q=0.3,en;q=0.2',
  'accept' => 'text/html,application/xhtml+xml,application/xml;q=0.9,image/avif,image/webp,*/*;q=0.8',
  'user-agent' => 'Mozilla/5.0 (Windows NT 10.0; Win64; x64; rv:108.0) Gecko/20100101 Firefox/108.0',
  'host' => 'api.newkefu.com',
)
[ info ] [ PARAM ] array (
  '/api/getBaseInfo/userRole' => '',
  'role_type' => '1',
  'platform' => 'youyu',
)
[ info ] [ CACHE ] INIT redis
[ info ] [ RUN ] app\api\controller\GetBaseInfo->userRole[ D:\phpstudy_pro\WWW\new_kefu_online\application\api\controller\GetBaseInfo.php ]
[ info ] [ DB ] INIT mysql
[ info ] [ DB ] INIT mysql
[ info ] [ DB ] INIT mysql
[ info ] [ DB ] INIT mysql
[ info ] [ LOG ] INIT File
---------------------------------------------------------------
[ 2023-01-12T17:25:39+08:00 ] 127.0.0.1 GET api.newkefu.com/api/getBaseInfo/userRole?role_type=1&platform=youyu
[运行时间：0.448999s] [吞吐率：2.23req/s] [内存消耗：4,753.09kb] [文件加载：189]
[ info ] [ LANG ] D:\phpstudy_pro\WWW\new_kefu_online\thinkphp\lang\zh-cn.php
[ info ] [ ROUTE ] array (
  'type' => 'module',
  'module' => 
  array (
    0 => 'api',
    1 => 'getBaseInfo',
    2 => 'userRole',
  ),
)
[ info ] [ HEADER ] array (
  'upgrade-insecure-requests' => '1',
  'connection' => 'close',
  'accept-encoding' => 'gzip, deflate',
  'accept-language' => 'zh-CN,zh;q=0.8,zh-TW;q=0.7,zh-HK;q=0.5,en-US;q=0.3,en;q=0.2',
  'accept' => 'text/html,application/xhtml+xml,application/xml;q=0.9,image/avif,image/webp,*/*;q=0.8',
  'user-agent' => 'Mozilla/5.0 (Windows NT 10.0; Win64; x64; rv:108.0) Gecko/20100101 Firefox/108.0',
  'host' => 'api.newkefu.com',
)
[ info ] [ PARAM ] array (
  '/api/getBaseInfo/userRole' => '',
  'role_type' => '1',
  'platform' => 'youyu',
)
[ info ] [ CACHE ] INIT redis
[ info ] [ RUN ] app\api\controller\GetBaseInfo->userRole[ D:\phpstudy_pro\WWW\new_kefu_online\application\api\controller\GetBaseInfo.php ]
[ info ] [ DB ] INIT mysql
[ info ] [ DB ] INIT mysql
[ info ] [ DB ] INIT mysql
[ info ] [ LOG ] INIT File
[ error ] [8]Object of class common\model\db_statistic\KefuUserRecharge could not be converted to int[D:\phpstudy_pro\WWW\new_kefu_online\common\server\RoleNameBlock\RoleNameBlockServer.php:603]
---------------------------------------------------------------
[ 2023-01-12T17:28:28+08:00 ] 127.0.0.1 GET api.newkefu.com/api/getBaseInfo/userRole?role_type=1&platform=youyu
[运行时间：0.609467s] [吞吐率：1.64req/s] [内存消耗：5,057.75kb] [文件加载：174]
[ info ] [ LANG ] D:\phpstudy_pro\WWW\new_kefu_online\thinkphp\lang\zh-cn.php
[ info ] [ ROUTE ] array (
  'type' => 'module',
  'module' => 
  array (
    0 => 'api',
    1 => 'getBaseInfo',
    2 => 'userRole',
  ),
)
[ info ] [ HEADER ] array (
  'upgrade-insecure-requests' => '1',
  'connection' => 'close',
  'accept-encoding' => 'gzip, deflate',
  'accept-language' => 'zh-CN,zh;q=0.8,zh-TW;q=0.7,zh-HK;q=0.5,en-US;q=0.3,en;q=0.2',
  'accept' => 'text/html,application/xhtml+xml,application/xml;q=0.9,image/avif,image/webp,*/*;q=0.8',
  'user-agent' => 'Mozilla/5.0 (Windows NT 10.0; Win64; x64; rv:108.0) Gecko/20100101 Firefox/108.0',
  'host' => 'api.newkefu.com',
)
[ info ] [ PARAM ] array (
  '/api/getBaseInfo/userRole' => '',
  'role_type' => '1',
  'platform' => 'youyu',
)
[ info ] [ CACHE ] INIT redis
[ info ] [ RUN ] app\api\controller\GetBaseInfo->userRole[ D:\phpstudy_pro\WWW\new_kefu_online\application\api\controller\GetBaseInfo.php ]
[ info ] [ DB ] INIT mysql
[ info ] [ DB ] INIT mysql
[ info ] [ LOG ] INIT File
---------------------------------------------------------------
[ 2023-01-12T17:28:48+08:00 ] 127.0.0.1 GET api.newkefu.com/api/getBaseInfo/userRole?role_type=1&platform=youyu
[运行时间：0.527367s] [吞吐率：1.90req/s] [内存消耗：5,054.41kb] [文件加载：174]
[ info ] [ LANG ] D:\phpstudy_pro\WWW\new_kefu_online\thinkphp\lang\zh-cn.php
[ info ] [ ROUTE ] array (
  'type' => 'module',
  'module' => 
  array (
    0 => 'api',
    1 => 'getBaseInfo',
    2 => 'userRole',
  ),
)
[ info ] [ HEADER ] array (
  'upgrade-insecure-requests' => '1',
  'connection' => 'close',
  'accept-encoding' => 'gzip, deflate',
  'accept-language' => 'zh-CN,zh;q=0.8,zh-TW;q=0.7,zh-HK;q=0.5,en-US;q=0.3,en;q=0.2',
  'accept' => 'text/html,application/xhtml+xml,application/xml;q=0.9,image/avif,image/webp,*/*;q=0.8',
  'user-agent' => 'Mozilla/5.0 (Windows NT 10.0; Win64; x64; rv:108.0) Gecko/20100101 Firefox/108.0',
  'host' => 'api.newkefu.com',
)
[ info ] [ PARAM ] array (
  '/api/getBaseInfo/userRole' => '',
  'role_type' => '1',
  'platform' => 'youyu',
)
[ info ] [ CACHE ] INIT redis
[ info ] [ RUN ] app\api\controller\GetBaseInfo->userRole[ D:\phpstudy_pro\WWW\new_kefu_online\application\api\controller\GetBaseInfo.php ]
[ info ] [ DB ] INIT mysql
[ info ] [ DB ] INIT mysql
[ info ] [ LOG ] INIT File
---------------------------------------------------------------
[ 2023-01-12T17:29:21+08:00 ] 127.0.0.1 GET api.newkefu.com/api/getBaseInfo/userRole?role_type=1&platform=youyu
[运行时间：2.162655s] [吞吐率：0.46req/s] [内存消耗：5,016.43kb] [文件加载：197]
[ info ] [ LANG ] D:\phpstudy_pro\WWW\new_kefu_online\thinkphp\lang\zh-cn.php
[ info ] [ ROUTE ] array (
  'type' => 'module',
  'module' => 
  array (
    0 => 'api',
    1 => 'getBaseInfo',
    2 => 'userRole',
  ),
)
[ info ] [ HEADER ] array (
  'upgrade-insecure-requests' => '1',
  'connection' => 'close',
  'accept-encoding' => 'gzip, deflate',
  'accept-language' => 'zh-CN,zh;q=0.8,zh-TW;q=0.7,zh-HK;q=0.5,en-US;q=0.3,en;q=0.2',
  'accept' => 'text/html,application/xhtml+xml,application/xml;q=0.9,image/avif,image/webp,*/*;q=0.8',
  'user-agent' => 'Mozilla/5.0 (Windows NT 10.0; Win64; x64; rv:108.0) Gecko/20100101 Firefox/108.0',
  'host' => 'api.newkefu.com',
)
[ info ] [ PARAM ] array (
  '/api/getBaseInfo/userRole' => '',
  'role_type' => '1',
  'platform' => 'youyu',
)
[ info ] [ CACHE ] INIT redis
[ info ] [ RUN ] app\api\controller\GetBaseInfo->userRole[ D:\phpstudy_pro\WWW\new_kefu_online\application\api\controller\GetBaseInfo.php ]
[ info ] [ DB ] INIT mysql
[ info ] [ DB ] INIT mysql
[ info ] [ DB ] INIT mysql
[ info ] [ DB ] INIT mysql
[ info ] [ LOG ] INIT File
---------------------------------------------------------------
[ 2023-01-12T17:50:49+08:00 ] 127.0.0.1 POST api.newkefu.com/admin/Sysmanage/gameList
[运行时间：0.243614s] [吞吐率：4.10req/s] [内存消耗：5,270.09kb] [文件加载：198]
[ info ] [ LANG ] D:\phpstudy_pro\WWW\new_kefu_online\thinkphp\lang\zh-cn.php
[ info ] [ ROUTE ] array (
  'type' => 'module',
  'module' => 
  array (
    0 => 'admin',
    1 => 'Sysmanage',
    2 => 'gameList',
  ),
)
[ info ] [ HEADER ] array (
  'referer' => 'http://www.newkefu.com/',
  'connection' => 'close',
  'origin' => 'http://www.newkefu.com',
  'content-length' => '15',
  'platform' => 'youyu',
  'token' => 'eyJ0eXAiOiJKV1QiLCJhbGciOiJIUzI1NiIsImp0aSI6ImxYWGluZyJ9.eyJpc3MiOiJhcGkubmV3a2VmdS5jb20iLCJqdGkiOiJsWFhpbmciLCJpYXQiOjE2NzMyMzQ4NDEsImV4cCI6MTY3NTgyNjg0MSwidWlkIjoxNDN9.AEJGXxkClRY6VC4tvkdIYNmJfRMDGP6jYVqGLbTlRdI',
  'content-type' => 'application/x-www-form-urlencoded; charset=UTF-8',
  'accept-encoding' => 'gzip, deflate',
  'accept-language' => 'zh-CN,zh;q=0.8,zh-TW;q=0.7,zh-HK;q=0.5,en-US;q=0.3,en;q=0.2',
  'accept' => 'application/json, text/javascript, */*; q=0.01',
  'user-agent' => 'Mozilla/5.0 (Windows NT 10.0; Win64; x64; rv:108.0) Gecko/20100101 Firefox/108.0',
  'host' => 'api.newkefu.com',
)
[ info ] [ PARAM ] array (
  '/admin/Sysmanage/gameList' => '',
  'page' => '1',
  'limit' => '20',
)
[ info ] [ DB ] INIT mysql
[ info ] [ CACHE ] INIT redis
[ info ] [ DB ] INIT mysql
[ info ] [ RUN ] app\admin\controller\Sysmanage->gameList[ D:\phpstudy_pro\WWW\new_kefu_online\application\admin\controller\Sysmanage.php ]
[ info ] [ DB ] INIT mysql
[ info ] [ LOG ] INIT File
[ sql ] [ DB ] CONNECT:[ UseTime:0.001198s ] mysql:host=127.0.0.1;port=3306;dbname=gr_chat;charset=utf8
[ sql ] [ SQL ] SHOW COLUMNS FROM `gr_user_group` [ RunTime:0.002151s ]
[ sql ] [ SQL ] SELECT * FROM `gr_user_group` WHERE  `id` IN (17,10,11,5,14,8,9,7,16) [ RunTime:0.000431s ]
[ sql ] [ SQL ] SHOW COLUMNS FROM `gr_menu_new` [ RunTime:0.001711s ]
[ sql ] [ SQL ] SELECT m.menu_id as id,`m`.`menu_name`,`m`.`p_id`,`m`.`controller`,`m`.`action`,`m`.`is_show`,`m`.`url`,`m`.`type` FROM `gr_menu_new` `m` ORDER BY `p_id` ASC,`sort` ASC,`id` ASC [ RunTime:0.001179s ]
[ sql ] [ SQL ] SELECT * FROM `gr_user_group` WHERE  `id` IN (10) [ RunTime:0.000335s ]
[ sql ] [ SQL ] SELECT * FROM `gr_user_group` WHERE  `id` IN (11) [ RunTime:0.000248s ]
[ sql ] [ SQL ] SELECT * FROM `gr_user_group` WHERE  `id` IN (11) [ RunTime:0.000241s ]
[ sql ] [ SQL ] SELECT * FROM `gr_user_group` WHERE  `id` IN (10) [ RunTime:0.000242s ]
[ sql ] [ SQL ] SELECT * FROM `gr_user_group` WHERE  `id` IN (12) [ RunTime:0.000234s ]
[ sql ] [ SQL ] SELECT * FROM `gr_user_group` WHERE  `id` IN (10) [ RunTime:0.000235s ]
[ sql ] [ SQL ] SELECT * FROM `gr_user_group` WHERE  `id` IN (7) [ RunTime:0.000237s ]
[ sql ] [ SQL ] SELECT * FROM `gr_user_group` WHERE  `id` IN (8) [ RunTime:0.000236s ]
[ sql ] [ SQL ] SELECT * FROM `gr_user_group` WHERE  `id` IN (7) [ RunTime:0.000324s ]
[ sql ] [ SQL ] SELECT * FROM `gr_user_group` WHERE  `id` IN (11) [ RunTime:0.000245s ]
[ sql ] [ SQL ] SELECT * FROM `gr_user_group` WHERE  `id` IN (7) [ RunTime:0.000249s ]
[ sql ] [ SQL ] SELECT * FROM `gr_user_group` WHERE  `id` IN (7) [ RunTime:0.000237s ]
[ sql ] [ SQL ] SELECT * FROM `gr_user_group` WHERE  `id` IN (7) [ RunTime:0.000239s ]
[ sql ] [ SQL ] SELECT * FROM `gr_user_group` WHERE  `id` IN (8) [ RunTime:0.000239s ]
[ sql ] [ SQL ] SELECT * FROM `gr_user_group` WHERE  `id` IN (11) [ RunTime:0.000345s ]
[ sql ] [ SQL ] SELECT * FROM `gr_user_group` WHERE  `id` IN (10,11,8,9,7) [ RunTime:0.000396s ]
[ sql ] [ SQL ] SELECT * FROM `gr_user_group` WHERE  `id` IN (9) [ RunTime:0.000380s ]
[ sql ] [ SQL ] SELECT * FROM `gr_user_group` WHERE  `id` IN (17) [ RunTime:0.000423s ]
[ sql ] [ SQL ] SELECT * FROM `gr_user_group` WHERE  `id` IN (9) [ RunTime:0.000252s ]
[ sql ] [ SQL ] SELECT * FROM `gr_user_group` WHERE  `id` IN (9) [ RunTime:0.000349s ]
[ sql ] [ SQL ] SELECT * FROM `gr_user_group` WHERE  `id` IN (9) [ RunTime:0.000331s ]
[ sql ] [ SQL ] SELECT * FROM `gr_user_group` WHERE  `id` IN (9) [ RunTime:0.000240s ]
[ sql ] [ SQL ] SELECT * FROM `gr_user_group` WHERE  `id` IN (17) [ RunTime:0.000240s ]
[ sql ] [ SQL ] SELECT * FROM `gr_user_group` WHERE  `id` IN (9) [ RunTime:0.000236s ]
[ sql ] [ SQL ] SELECT * FROM `gr_user_group` WHERE  `id` IN (10,11,5,14,8,9,7,16) [ RunTime:0.000276s ]
[ sql ] [ SQL ] SELECT * FROM `gr_user_group` WHERE  `id` IN (9) [ RunTime:0.000242s ]
[ sql ] [ SQL ] SELECT * FROM `gr_user_group` WHERE  `id` IN (9) [ RunTime:0.000239s ]
[ sql ] [ SQL ] SELECT * FROM `gr_user_group` WHERE  `id` IN (9) [ RunTime:0.000236s ]
[ sql ] [ SQL ] SELECT * FROM `gr_user_group` WHERE  `id` IN (9) [ RunTime:0.000234s ]
[ sql ] [ SQL ] SELECT * FROM `gr_user_group` WHERE  `id` IN (9) [ RunTime:0.000282s ]
[ sql ] [ SQL ] SELECT * FROM `gr_user_group` WHERE  `id` IN (9) [ RunTime:0.000292s ]
[ sql ] [ SQL ] SELECT * FROM `gr_user_group` WHERE  `id` IN (11) [ RunTime:0.000267s ]
[ sql ] [ SQL ] SELECT * FROM `gr_user_group` WHERE  `id` IN (11) [ RunTime:0.000246s ]
[ sql ] [ SQL ] SELECT * FROM `gr_user_group` WHERE  `id` IN (17,11,5,9,7) [ RunTime:0.000268s ]
[ sql ] [ SQL ] SELECT * FROM `gr_user_group` WHERE  `id` IN (10) [ RunTime:0.000238s ]
[ sql ] [ SQL ] SELECT * FROM `gr_user_group` WHERE  `id` IN (13) [ RunTime:0.000236s ]
[ sql ] [ SQL ] SELECT * FROM `gr_user_group` WHERE  `id` IN (11) [ RunTime:0.000233s ]
[ sql ] [ SQL ] SELECT * FROM `gr_user_group` WHERE  `id` IN (13) [ RunTime:0.000240s ]
[ sql ] [ SQL ] SELECT * FROM `gr_user_group` WHERE  `id` IN (13) [ RunTime:0.000233s ]
[ sql ] [ SQL ] SELECT * FROM `gr_user_group` WHERE  `id` IN (11) [ RunTime:0.000233s ]
[ sql ] [ SQL ] SELECT * FROM `gr_user_group` WHERE  `id` IN (11) [ RunTime:0.000234s ]
[ sql ] [ SQL ] SELECT * FROM `gr_user_group` WHERE  `id` IN (11) [ RunTime:0.000235s ]
[ sql ] [ SQL ] SELECT * FROM `gr_user_group` WHERE  `id` IN (10) [ RunTime:0.000236s ]
[ sql ] [ SQL ] SELECT * FROM `gr_user_group` WHERE  `id` IN (11) [ RunTime:0.000234s ]
[ sql ] [ SQL ] SELECT * FROM `gr_user_group` WHERE  `id` IN (11) [ RunTime:0.000239s ]
[ sql ] [ SQL ] SELECT * FROM `gr_user_group` WHERE  `id` IN (10) [ RunTime:0.000234s ]
[ sql ] [ SQL ] SELECT * FROM `gr_user_group` WHERE  `id` IN (10) [ RunTime:0.000234s ]
[ sql ] [ SQL ] SELECT * FROM `gr_user_group` WHERE  `id` IN (10) [ RunTime:0.000234s ]
[ sql ] [ SQL ] SELECT * FROM `gr_user_group` WHERE  `id` IN (10) [ RunTime:0.000297s ]
[ sql ] [ SQL ] SELECT * FROM `gr_user_group` WHERE  `id` IN (9) [ RunTime:0.000373s ]
[ sql ] [ SQL ] SELECT * FROM `gr_user_group` WHERE  `id` IN (9) [ RunTime:0.000290s ]
[ sql ] [ SQL ] SELECT * FROM `gr_user_group` WHERE  `id` IN (9) [ RunTime:0.000412s ]
[ sql ] [ SQL ] SELECT * FROM `gr_user_group` WHERE  `id` IN (11) [ RunTime:0.000297s ]
[ sql ] [ SQL ] SELECT * FROM `gr_user_group` WHERE  `id` IN (11) [ RunTime:0.000286s ]
[ sql ] [ SQL ] SELECT * FROM `gr_user_group` WHERE  `id` IN (9) [ RunTime:0.000297s ]
[ sql ] [ SQL ] SELECT * FROM `gr_user_group` WHERE  `id` IN (10) [ RunTime:0.000294s ]
[ sql ] [ SQL ] SELECT * FROM `gr_user_group` WHERE  `id` IN (12) [ RunTime:0.000279s ]
[ sql ] [ SQL ] SELECT * FROM `gr_user_group` WHERE  `id` IN (12) [ RunTime:0.000280s ]
[ sql ] [ SQL ] SELECT * FROM `gr_user_group` WHERE  `id` IN (10) [ RunTime:0.000260s ]
[ sql ] [ SQL ] SELECT * FROM `gr_user_group` WHERE  `id` IN (10) [ RunTime:0.000240s ]
[ sql ] [ SQL ] SELECT * FROM `gr_user_group` WHERE  `id` IN (10) [ RunTime:0.000240s ]
[ sql ] [ SQL ] SELECT * FROM `gr_user_group` WHERE  `id` IN (10) [ RunTime:0.000238s ]
[ sql ] [ SQL ] SELECT * FROM `gr_user_group` WHERE  `id` IN (7) [ RunTime:0.000236s ]
[ sql ] [ SQL ] SELECT * FROM `gr_user_group` WHERE  `id` IN (7) [ RunTime:0.000282s ]
[ sql ] [ SQL ] SELECT * FROM `gr_user_group` WHERE  `id` IN (10) [ RunTime:0.000296s ]
[ sql ] [ SQL ] SELECT * FROM `gr_user_group` WHERE  `id` IN (17,10,11,5,14,8,9,7,16) [ RunTime:0.000294s ]
[ sql ] [ SQL ] SELECT * FROM `gr_user_group` WHERE  `id` IN (8) [ RunTime:0.000244s ]
[ sql ] [ SQL ] SELECT * FROM `gr_user_group` WHERE  `id` IN (10) [ RunTime:0.000242s ]
[ sql ] [ SQL ] SELECT * FROM `gr_user_group` WHERE  `id` IN (7,8) [ RunTime:0.000256s ]
[ sql ] [ SQL ] SELECT * FROM `gr_user_group` WHERE  `id` IN (8) [ RunTime:0.000239s ]
[ sql ] [ SQL ] SELECT * FROM `gr_user_group` WHERE  `id` IN (8) [ RunTime:0.000236s ]
[ sql ] [ SQL ] SELECT * FROM `gr_user_group` WHERE  `id` IN (8) [ RunTime:0.000235s ]
[ sql ] [ SQL ] SELECT * FROM `gr_user_group` WHERE  `id` IN (8) [ RunTime:0.000235s ]
[ sql ] [ SQL ] SELECT * FROM `gr_user_group` WHERE  `id` IN (8) [ RunTime:0.000235s ]
[ sql ] [ SQL ] SELECT * FROM `gr_user_group` WHERE  `id` IN (8) [ RunTime:0.000313s ]
[ sql ] [ SQL ] SELECT * FROM `gr_user_group` WHERE  `id` IN (9) [ RunTime:0.000263s ]
[ sql ] [ SQL ] SELECT * FROM `gr_user_group` WHERE  `id` IN (7,8) [ RunTime:0.000296s ]
[ sql ] [ SQL ] SELECT * FROM `gr_user_group` WHERE  `id` IN (8) [ RunTime:0.000243s ]
[ sql ] [ SQL ] SELECT * FROM `gr_user_group` WHERE  `id` IN (7,9) [ RunTime:0.000252s ]
[ sql ] [ SQL ] SELECT * FROM `gr_user_group` WHERE  `id` IN (9) [ RunTime:0.000254s ]
[ sql ] [ SQL ] SELECT * FROM `gr_user_group` WHERE  `id` IN (7,8) [ RunTime:0.000353s ]
[ sql ] [ SQL ] SELECT * FROM `gr_user_group` WHERE  `id` IN (5) [ RunTime:0.000440s ]
[ sql ] [ SQL ] SELECT * FROM `gr_user_group` WHERE  `id` IN (13) [ RunTime:0.000331s ]
[ sql ] [ SQL ] SELECT * FROM `gr_user_group` WHERE  `id` IN (17) [ RunTime:0.000318s ]
[ sql ] [ SQL ] SELECT * FROM `gr_user_group` WHERE  `id` IN (10,11,5,14,8,9,7,16) [ RunTime:0.000345s ]
[ sql ] [ SQL ] SELECT * FROM `gr_user_group` WHERE  `id` IN (14) [ RunTime:0.000261s ]
[ sql ] [ SQL ] SELECT * FROM `gr_user_group` WHERE  `id` IN (14) [ RunTime:0.000246s ]
[ sql ] [ SQL ] SELECT * FROM `gr_user_group` WHERE  `id` IN (9) [ RunTime:0.000239s ]
[ sql ] [ SQL ] SELECT * FROM `gr_user_group` WHERE  `id` IN (9) [ RunTime:0.000237s ]
[ sql ] [ SQL ] SELECT * FROM `gr_user_group` WHERE  `id` IN (8) [ RunTime:0.000233s ]
[ sql ] [ SQL ] SELECT * FROM `gr_user_group` WHERE  `id` IN (9) [ RunTime:0.000237s ]
[ sql ] [ SQL ] SELECT * FROM `gr_user_group` WHERE  `id` IN (13) [ RunTime:0.000236s ]
[ sql ] [ SQL ] SELECT * FROM `gr_user_group` WHERE  `id` IN (9) [ RunTime:0.000241s ]
[ sql ] [ SQL ] SELECT * FROM `gr_user_group` WHERE  `id` IN (9) [ RunTime:0.000236s ]
[ sql ] [ SQL ] SELECT * FROM `gr_user_group` WHERE  `id` IN (9) [ RunTime:0.000259s ]
[ sql ] [ SQL ] SELECT * FROM `gr_user_group` WHERE  `id` IN (5,8,9,17) [ RunTime:0.000298s ]
[ sql ] [ SQL ] SELECT * FROM `gr_user_group` WHERE  `id` IN (13) [ RunTime:0.000258s ]
[ sql ] [ SQL ] SELECT * FROM `gr_user_group` WHERE  `id` IN (9) [ RunTime:0.000243s ]
[ sql ] [ SQL ] SELECT * FROM `gr_user_group` WHERE  `id` IN (8) [ RunTime:0.000234s ]
[ sql ] [ SQL ] SELECT * FROM `gr_user_group` WHERE  `id` IN (7) [ RunTime:0.000236s ]
[ sql ] [ SQL ] SELECT * FROM `gr_user_group` WHERE  `id` IN (9) [ RunTime:0.000256s ]
[ sql ] [ SQL ] SELECT * FROM `gr_user_group` WHERE  `id` IN (8) [ RunTime:0.000260s ]
[ sql ] [ SQL ] SELECT * FROM `gr_user_group` WHERE  `id` IN (8) [ RunTime:0.000247s ]
[ sql ] [ SQL ] SELECT * FROM `gr_user_group` WHERE  `id` IN (8) [ RunTime:0.000243s ]
[ sql ] [ SQL ] SELECT * FROM `gr_user_group` WHERE  `id` IN (9) [ RunTime:0.000239s ]
[ sql ] [ SQL ] SELECT * FROM `gr_user_group` WHERE  `id` IN (9) [ RunTime:0.000239s ]
[ sql ] [ SQL ] SELECT * FROM `gr_user_group` WHERE  `id` IN (10) [ RunTime:0.000238s ]
[ sql ] [ SQL ] SELECT * FROM `gr_user_group` WHERE  `id` IN (10) [ RunTime:0.000241s ]
[ sql ] [ SQL ] SELECT * FROM `gr_user_group` WHERE  `id` IN (10) [ RunTime:0.000236s ]
[ sql ] [ SQL ] SELECT * FROM `gr_user_group` WHERE  `id` IN (10) [ RunTime:0.000238s ]
[ sql ] [ SQL ] SELECT * FROM `gr_user_group` WHERE  `id` IN (11) [ RunTime:0.000235s ]
[ sql ] [ SQL ] SELECT * FROM `gr_user_group` WHERE  `id` IN (10) [ RunTime:0.000239s ]
[ sql ] [ SQL ] SELECT * FROM `gr_user_group` WHERE  `id` IN (10) [ RunTime:0.000239s ]
[ sql ] [ SQL ] SELECT * FROM `gr_user_group` WHERE  `id` IN (10) [ RunTime:0.000236s ]
[ sql ] [ SQL ] SELECT * FROM `gr_user_group` WHERE  `id` IN (10) [ RunTime:0.000347s ]
[ sql ] [ SQL ] SELECT * FROM `gr_user_group` WHERE  `id` IN (11) [ RunTime:0.000485s ]
[ sql ] [ SQL ] SELECT * FROM `gr_user_group` WHERE  `id` IN (8) [ RunTime:0.000362s ]
[ sql ] [ SQL ] SELECT * FROM `gr_user_group` WHERE  `id` IN (7,8) [ RunTime:0.000379s ]
[ sql ] [ SQL ] SELECT * FROM `gr_user_group` WHERE  `id` IN (17) [ RunTime:0.000352s ]
[ sql ] [ SQL ] SELECT * FROM `gr_user_group` WHERE  `id` IN (11) [ RunTime:0.000280s ]
[ sql ] [ SQL ] SELECT * FROM `gr_user_group` WHERE  `id` IN (14) [ RunTime:0.000307s ]
[ sql ] [ SQL ] SELECT * FROM `gr_user_group` WHERE  `id` IN (5,14,8,9) [ RunTime:0.000302s ]
[ sql ] [ SQL ] SELECT * FROM `gr_user_group` WHERE  `id` IN (13,17,5,14,8,9,7,16) [ RunTime:0.000281s ]
[ sql ] [ SQL ] SELECT * FROM `gr_user_group` WHERE  `id` IN (10,14,8,16) [ RunTime:0.000346s ]
[ sql ] [ SQL ] SELECT * FROM `gr_user_group` WHERE  `id` IN (17) [ RunTime:0.000254s ]
[ sql ] [ SQL ] SELECT * FROM `gr_user_group` WHERE  `id` IN (17) [ RunTime:0.000245s ]
[ sql ] [ SQL ] SELECT * FROM `gr_user_group` WHERE  `id` IN (10) [ RunTime:0.000238s ]
[ sql ] [ SQL ] SELECT * FROM `gr_user_group` WHERE  `id` IN (9) [ RunTime:0.000238s ]
[ sql ] [ SQL ] SELECT * FROM `gr_user_group` WHERE  `id` IN (17,11,5,9,7) [ RunTime:0.000267s ]
[ sql ] [ SQL ] SELECT * FROM `gr_user_group` WHERE  `id` IN (11) [ RunTime:0.000245s ]
[ sql ] [ SQL ] SELECT * FROM `gr_user_group` WHERE  `id` IN (17) [ RunTime:0.000242s ]
[ sql ] [ SQL ] SELECT * FROM `gr_user_group` WHERE  `id` IN (11) [ RunTime:0.000244s ]
[ sql ] [ SQL ] SELECT * FROM `gr_user_group` WHERE  `id` IN (9) [ RunTime:0.000239s ]
[ sql ] [ SQL ] SELECT * FROM `gr_user_group` WHERE  `id` IN (8) [ RunTime:0.000242s ]
[ sql ] [ SQL ] SELECT * FROM `gr_user_group` WHERE  `id` IN (8) [ RunTime:0.000238s ]
[ sql ] [ SQL ] SELECT * FROM `gr_user_group` WHERE  `id` IN (9) [ RunTime:0.000239s ]
[ sql ] [ SQL ] SELECT * FROM `gr_user_group` WHERE  `id` IN (5,8,9,7,16) [ RunTime:0.000282s ]
[ sql ] [ SQL ] SELECT * FROM `gr_user_group` WHERE  `id` IN (5) [ RunTime:0.000240s ]
[ sql ] [ SQL ] SELECT * FROM `gr_user_group` WHERE  `id` IN (9) [ RunTime:0.000234s ]
[ sql ] [ SQL ] SELECT * FROM `gr_user_group` WHERE  `id` IN (11) [ RunTime:0.000235s ]
[ sql ] [ SQL ] SELECT * FROM `gr_user_group` WHERE  `id` IN (11) [ RunTime:0.000243s ]
[ sql ] [ SQL ] SELECT * FROM `gr_user_group` WHERE  `id` IN (13) [ RunTime:0.000235s ]
[ sql ] [ SQL ] SELECT * FROM `gr_user_group` WHERE  `id` IN (13,17,5,14,8,9,7,16) [ RunTime:0.000288s ]
[ sql ] [ SQL ] SELECT * FROM `gr_user_group` WHERE  `id` IN (7,9) [ RunTime:0.000263s ]
[ sql ] [ SQL ] SELECT * FROM `gr_user_group` WHERE  `id` IN (7,9) [ RunTime:0.000283s ]
[ sql ] [ SQL ] SELECT * FROM `gr_user_group` WHERE  `id` IN (11) [ RunTime:0.000390s ]
[ sql ] [ SQL ] SELECT * FROM `gr_user_group` WHERE  `id` IN (9) [ RunTime:0.000418s ]
[ sql ] [ SQL ] SELECT * FROM `gr_user_group` WHERE  `id` IN (5,9,7,16) [ RunTime:0.000399s ]
[ sql ] [ SQL ] SELECT * FROM `gr_user_group` WHERE  `id` IN (9) [ RunTime:0.000346s ]
[ sql ] [ SQL ] SELECT * FROM `gr_user_group` WHERE  `id` IN (17) [ RunTime:0.000275s ]
[ sql ] [ SQL ] SELECT * FROM `gr_user_group` WHERE  `id` IN (9) [ RunTime:0.000250s ]
[ sql ] [ SQL ] SELECT * FROM `gr_user_group` WHERE  `id` IN (17) [ RunTime:0.000241s ]
[ sql ] [ SQL ] SELECT * FROM `gr_user_group` WHERE  `id` IN (8) [ RunTime:0.000240s ]
[ sql ] [ SQL ] SELECT * FROM `gr_user_group` WHERE  `id` IN (11) [ RunTime:0.000288s ]
[ sql ] [ SQL ] SELECT * FROM `gr_user_group` WHERE  `id` IN (11) [ RunTime:0.000249s ]
[ sql ] [ SQL ] SELECT * FROM `gr_user_group` WHERE  `id` IN (11) [ RunTime:0.000241s ]
[ sql ] [ SQL ] SELECT * FROM `gr_user_group` WHERE  `id` IN (14) [ RunTime:0.000234s ]
[ sql ] [ SQL ] SELECT * FROM `gr_user_group` WHERE  `id` IN (8) [ RunTime:0.000235s ]
[ sql ] [ SQL ] SELECT * FROM `gr_user_group` WHERE  `id` IN (8) [ RunTime:0.000232s ]
[ sql ] [ SQL ] SELECT * FROM `gr_user_group` WHERE  `id` IN (8) [ RunTime:0.000249s ]
[ sql ] [ SQL ] SELECT * FROM `gr_user_group` WHERE  `id` IN (10) [ RunTime:0.000234s ]
[ sql ] [ SQL ] SELECT * FROM `gr_user_group` WHERE  `id` IN (10) [ RunTime:0.000271s ]
[ sql ] [ SQL ] SELECT * FROM `gr_user_group` WHERE  `id` IN (10) [ RunTime:0.000242s ]
[ sql ] [ SQL ] SELECT * FROM `gr_user_group` WHERE  `id` IN (5,7,9,11,17) [ RunTime:0.000270s ]
[ sql ] [ SQL ] SELECT * FROM `gr_user_group` WHERE  `id` IN (10) [ RunTime:0.000238s ]
[ sql ] [ SQL ] SELECT * FROM `gr_user_group` WHERE  `id` IN (11) [ RunTime:0.000236s ]
[ sql ] [ SQL ] SELECT * FROM `gr_user_group` WHERE  `id` IN (10) [ RunTime:0.000233s ]
[ sql ] [ SQL ] SELECT * FROM `gr_user_group` WHERE  `id` IN (11) [ RunTime:0.000233s ]
[ sql ] [ SQL ] SELECT * FROM `gr_user_group` WHERE  `id` IN (11) [ RunTime:0.000231s ]
[ sql ] [ SQL ] SELECT * FROM `gr_user_group` WHERE  `id` IN (11) [ RunTime:0.000233s ]
[ sql ] [ SQL ] SELECT * FROM `gr_user_group` WHERE  `id` IN (11) [ RunTime:0.000237s ]
[ sql ] [ SQL ] SELECT * FROM `gr_user_group` WHERE  `id` IN (14) [ RunTime:0.000234s ]
[ sql ] [ SQL ] SELECT * FROM `gr_user_group` WHERE  `id` IN (14,7,16) [ RunTime:0.000295s ]
[ sql ] [ SQL ] SELECT * FROM `gr_user_group` WHERE  `id` IN (10) [ RunTime:0.000319s ]
[ sql ] [ SQL ] SELECT * FROM `gr_user_group` WHERE  `id` IN (10) [ RunTime:0.000293s ]
[ sql ] [ SQL ] SELECT * FROM `gr_user_group` WHERE  `id` IN (13) [ RunTime:0.000280s ]
[ sql ] [ SQL ] SELECT * FROM `gr_user_group` WHERE  `id` IN (11) [ RunTime:0.000275s ]
[ sql ] [ SQL ] SELECT * FROM `gr_user_group` WHERE  `id` IN (8) [ RunTime:0.000252s ]
[ sql ] [ SQL ] SELECT * FROM `gr_user_group` WHERE  `id` IN (8) [ RunTime:0.000256s ]
[ sql ] [ SQL ] SELECT * FROM `gr_user_group` WHERE  `id` IN (11) [ RunTime:0.000329s ]
[ sql ] [ SQL ] SELECT * FROM `gr_user_group` WHERE  `id` IN (11) [ RunTime:0.000304s ]
[ sql ] [ SQL ] SELECT * FROM `gr_user_group` WHERE  `id` IN (10) [ RunTime:0.000283s ]
[ sql ] [ SQL ] SELECT * FROM `gr_user_group` WHERE  `id` IN (10) [ RunTime:0.000275s ]
[ sql ] [ SQL ] SELECT * FROM `gr_user_group` WHERE  `id` IN (10) [ RunTime:0.000251s ]
[ sql ] [ SQL ] SELECT * FROM `gr_user_group` WHERE  `id` IN (10) [ RunTime:0.000261s ]
[ sql ] [ SQL ] SELECT * FROM `gr_user_group` WHERE  `id` IN (8) [ RunTime:0.000244s ]
[ sql ] [ SQL ] SELECT * FROM `gr_user_group` WHERE  `id` IN (11) [ RunTime:0.000238s ]
[ sql ] [ SQL ] SELECT * FROM `gr_user_group` WHERE  `id` IN (11) [ RunTime:0.000235s ]
[ sql ] [ SQL ] SELECT * FROM `gr_user_group` WHERE  `id` IN (11) [ RunTime:0.000235s ]
[ sql ] [ SQL ] SELECT * FROM `gr_user_group` WHERE  `id` IN (17) [ RunTime:0.000234s ]
[ sql ] [ SQL ] SELECT * FROM `gr_user_group` WHERE  `id` IN (11) [ RunTime:0.000236s ]
[ sql ] [ SQL ] SELECT * FROM `gr_user_group` WHERE  `id` IN (11) [ RunTime:0.000233s ]
[ sql ] [ SQL ] SELECT * FROM `gr_user_group` WHERE  `id` IN (10) [ RunTime:0.000265s ]
[ sql ] [ SQL ] SELECT * FROM `gr_user_group` WHERE  `id` IN (17) [ RunTime:0.000252s ]
[ sql ] [ SQL ] SELECT * FROM `gr_user_group` WHERE  `id` IN (11) [ RunTime:0.000236s ]
[ sql ] [ SQL ] SELECT * FROM `gr_user_group` WHERE  `id` IN (8) [ RunTime:0.000235s ]
[ sql ] [ SQL ] SELECT * FROM `gr_user_group` WHERE  `id` IN (11) [ RunTime:0.000232s ]
[ sql ] [ SQL ] SELECT * FROM `gr_user_group` WHERE  `id` IN (11) [ RunTime:0.000235s ]
[ sql ] [ SQL ] SELECT * FROM `gr_user_group` WHERE  `id` IN (11) [ RunTime:0.000234s ]
[ sql ] [ SQL ] SELECT * FROM `gr_user_group` WHERE  `id` IN (8) [ RunTime:0.000230s ]
[ sql ] [ SQL ] SELECT * FROM `gr_user_group` WHERE  `id` IN (5,14,8,9,7,16) [ RunTime:0.000290s ]
[ sql ] [ SQL ] SELECT * FROM `gr_user_group` WHERE  `id` IN (8) [ RunTime:0.000245s ]
[ sql ] [ SQL ] SELECT * FROM `gr_user_group` WHERE  `id` IN (13) [ RunTime:0.000236s ]
[ sql ] [ SQL ] SELECT * FROM `gr_user_group` WHERE  `id` IN (11) [ RunTime:0.000265s ]
[ sql ] [ SQL ] SELECT * FROM `gr_user_group` WHERE  `id` IN (11) [ RunTime:0.000253s ]
[ sql ] [ SQL ] SELECT * FROM `gr_user_group` WHERE  `id` IN (13) [ RunTime:0.000260s ]
[ sql ] [ SQL ] SELECT * FROM `gr_user_group` WHERE  `id` IN (10) [ RunTime:0.000242s ]
[ sql ] [ SQL ] SELECT * FROM `gr_user_group` WHERE  `id` IN (10) [ RunTime:0.000266s ]
[ sql ] [ SQL ] SELECT * FROM `gr_user_group` WHERE  `id` IN (10) [ RunTime:0.000251s ]
[ sql ] [ SQL ] SELECT * FROM `gr_user_group` WHERE  `id` IN (10) [ RunTime:0.000239s ]
[ sql ] [ SQL ] SELECT * FROM `gr_user_group` WHERE  `id` IN (10) [ RunTime:0.000236s ]
[ sql ] [ SQL ] SELECT * FROM `gr_user_group` WHERE  `id` IN (8) [ RunTime:0.000246s ]
[ sql ] [ SQL ] SELECT * FROM `gr_user_group` WHERE  `id` IN (14,16,8,10,13) [ RunTime:0.000357s ]
[ sql ] [ SQL ] SELECT * FROM `gr_user_group` WHERE  `id` IN (13) [ RunTime:0.000296s ]
[ sql ] [ SQL ] SELECT * FROM `gr_user_group` WHERE  `id` IN (8) [ RunTime:0.000281s ]
[ sql ] [ SQL ] SELECT * FROM `gr_user_group` WHERE  `id` IN (11) [ RunTime:0.000348s ]
[ sql ] [ SQL ] SELECT * FROM `gr_user_group` WHERE  `id` IN (13) [ RunTime:0.000256s ]
[ sql ] [ SQL ] SELECT * FROM `gr_user_group` WHERE  `id` IN (11) [ RunTime:0.000240s ]
[ sql ] [ SQL ] SELECT * FROM `gr_user_group` WHERE  `id` IN (11) [ RunTime:0.000235s ]
[ sql ] [ SQL ] SELECT * FROM `gr_user_group` WHERE  `id` IN (9) [ RunTime:0.000240s ]
[ sql ] [ SQL ] SELECT * FROM `gr_user_group` WHERE  `id` IN (8) [ RunTime:0.000234s ]
[ sql ] [ SQL ] SELECT * FROM `gr_user_group` WHERE  `id` IN (10) [ RunTime:0.000244s ]
[ sql ] [ SQL ] SELECT * FROM `gr_user_group` WHERE  `id` IN (10) [ RunTime:0.000250s ]
[ sql ] [ SQL ] SELECT * FROM `gr_user_group` WHERE  `id` IN (10) [ RunTime:0.000236s ]
[ sql ] [ SQL ] SELECT * FROM `gr_user_group` WHERE  `id` IN (11) [ RunTime:0.000236s ]
[ sql ] [ SQL ] SELECT * FROM `gr_user_group` WHERE  `id` IN (14) [ RunTime:0.000233s ]
[ sql ] [ SQL ] SELECT * FROM `gr_user_group` WHERE  `id` IN (10) [ RunTime:0.000235s ]
[ sql ] [ SQL ] SELECT * FROM `gr_user_group` WHERE  `id` IN (11) [ RunTime:0.000232s ]
[ sql ] [ SQL ] SELECT * FROM `gr_user_group` WHERE  `id` IN (10) [ RunTime:0.000263s ]
[ sql ] [ SQL ] SELECT * FROM `gr_user_group` WHERE  `id` IN (10) [ RunTime:0.000234s ]
[ sql ] [ SQL ] SELECT * FROM `gr_user_group` WHERE  `id` IN (11) [ RunTime:0.000234s ]
[ sql ] [ SQL ] SELECT * FROM `gr_user_group` WHERE  `id` IN (17) [ RunTime:0.000233s ]
[ sql ] [ SQL ] SELECT * FROM `gr_user_group` WHERE  `id` IN (13,17,10,11,5,14,8,9) [ RunTime:0.000274s ]
