---------------------------------------------------------------
[ 2022-10-10T10:17:16+08:00 ] 127.0.0.1 GET api.newkefu.com/scripts/scripts/run
[运行时间：0.136140s] [吞吐率：7.35req/s] [内存消耗：4,125.89kb] [文件加载：173]
[ info ] [ LANG ] D:\phpstudy_pro\WWW\new_kefu_online\thinkphp\lang\zh-cn.php
[ info ] [ ROUTE ] array (
  'type' => 'module',
  'module' => 
  array (
    0 => 'scripts',
    1 => 'scripts',
    2 => 'run',
  ),
)
[ info ] [ HEADER ] array (
  'upgrade-insecure-requests' => '1',
  'connection' => 'close',
  'accept-encoding' => 'gzip, deflate',
  'accept-language' => 'zh-CN,zh;q=0.8,zh-TW;q=0.7,zh-HK;q=0.5,en-US;q=0.3,en;q=0.2',
  'accept' => 'text/html,application/xhtml+xml,application/xml;q=0.9,image/avif,image/webp,*/*;q=0.8',
  'user-agent' => 'Mozilla/5.0 (Windows NT 10.0; Win64; x64; rv:105.0) Gecko/20100101 Firefox/105.0',
  'host' => 'api.newkefu.com',
)
[ info ] [ PARAM ] array (
  '/scripts/scripts/run' => '',
)
[ info ] [ CACHE ] INIT redis
[ info ] [ DB ] INIT mysql
[ info ] [ RUN ] app\scripts\controller\Scripts->run[ D:\phpstudy_pro\WWW\new_kefu_online\application\scripts\controller\Scripts.php ]
[ info ] [ LOG ] INIT File
---------------------------------------------------------------
[ 2022-10-10T10:24:30+08:00 ] 127.0.0.1 GET api.newkefu.com/scripts/scripts/run
[运行时间：0.079289s] [吞吐率：12.61req/s] [内存消耗：2,873.45kb] [文件加载：162]
[ info ] [ LANG ] D:\phpstudy_pro\WWW\new_kefu_online\thinkphp\lang\zh-cn.php
[ info ] [ ROUTE ] array (
  'type' => 'module',
  'module' => 
  array (
    0 => 'scripts',
    1 => 'scripts',
    2 => 'run',
  ),
)
[ info ] [ HEADER ] array (
  'upgrade-insecure-requests' => '1',
  'connection' => 'close',
  'accept-encoding' => 'gzip, deflate',
  'accept-language' => 'zh-CN,zh;q=0.8,zh-TW;q=0.7,zh-HK;q=0.5,en-US;q=0.3,en;q=0.2',
  'accept' => 'text/html,application/xhtml+xml,application/xml;q=0.9,image/avif,image/webp,*/*;q=0.8',
  'user-agent' => 'Mozilla/5.0 (Windows NT 10.0; Win64; x64; rv:105.0) Gecko/20100101 Firefox/105.0',
  'host' => 'api.newkefu.com',
)
[ info ] [ PARAM ] array (
  '/scripts/scripts/run' => '',
)
[ info ] [ CACHE ] INIT redis
[ info ] [ RUN ] app\scripts\controller\Scripts->run[ D:\phpstudy_pro\WWW\new_kefu_online\application\scripts\controller\Scripts.php ]
[ info ] [ LOG ] INIT File
---------------------------------------------------------------
[ 2022-10-10T10:29:22+08:00 ] 127.0.0.1 POST api.newkefu.com/admin/user/model
[运行时间：0.129864s] [吞吐率：7.70req/s] [内存消耗：4,824.21kb] [文件加载：194]
[ info ] [ LANG ] D:\phpstudy_pro\WWW\new_kefu_online\thinkphp\lang\zh-cn.php
[ info ] [ ROUTE ] array (
  'type' => 'module',
  'module' => 
  array (
    0 => 'admin',
    1 => 'user',
    2 => 'model',
  ),
)
[ info ] [ HEADER ] array (
  'content-length' => '0',
  'referer' => 'http://www.newkefu.com/',
  'connection' => 'close',
  'origin' => 'http://www.newkefu.com',
  'platform' => 'bx',
  'token' => 'eyJ0eXAiOiJKV1QiLCJhbGciOiJIUzI1NiIsImp0aSI6ImxYWGluZyJ9.eyJpc3MiOiJhcGkubmV3a2VmdS5jb20iLCJqdGkiOiJsWFhpbmciLCJpYXQiOjE2NjQyNDQ5NzMsImV4cCI6MTY2NjgzNjk3MywidWlkIjoxNDN9.Dfy__wO5qgyxP6g51RcHO7C_RefkcFpewkbbvmTnxy4',
  'accept-encoding' => 'gzip, deflate',
  'accept-language' => 'zh-CN,zh;q=0.8,zh-TW;q=0.7,zh-HK;q=0.5,en-US;q=0.3,en;q=0.2',
  'accept' => 'application/json, text/javascript, */*; q=0.01',
  'user-agent' => 'Mozilla/5.0 (Windows NT 10.0; Win64; x64; rv:105.0) Gecko/20100101 Firefox/105.0',
  'host' => 'api.newkefu.com',
)
[ info ] [ PARAM ] array (
  '/admin/user/model' => '',
)
[ info ] [ DB ] INIT mysql
[ info ] [ CACHE ] INIT redis
[ info ] [ DB ] INIT mysql
[ info ] [ RUN ] app\admin\controller\User->model[ D:\phpstudy_pro\WWW\new_kefu_online\application\admin\controller\User.php ]
[ info ] [ LOG ] INIT File
[ sql ] [ DB ] CONNECT:[ UseTime:0.001539s ] mysql:host=127.0.0.1;port=3306;dbname=gr_chat;charset=utf8
[ sql ] [ SQL ] SHOW COLUMNS FROM `gr_user_group` [ RunTime:0.000961s ]
[ sql ] [ SQL ] SELECT * FROM `gr_user_group` WHERE  `id` IN (17,10,11,5,14,8,9,7,16) [ RunTime:0.000594s ]
[ sql ] [ SQL ] SHOW COLUMNS FROM `gr_menu_new` [ RunTime:0.000711s ]
[ sql ] [ SQL ] SELECT m.menu_id as id,`m`.`menu_name`,`m`.`p_id`,`m`.`controller`,`m`.`action`,`m`.`is_show`,`m`.`url`,`m`.`type` FROM `gr_menu_new` `m` ORDER BY `p_id` ASC,`sort` ASC,`id` ASC [ RunTime:0.003950s ]
---------------------------------------------------------------
[ 2022-10-10T10:29:22+08:00 ] 127.0.0.1 POST api.newkefu.com/admin/user/index
[运行时间：0.102792s] [吞吐率：9.73req/s] [内存消耗：4,808.21kb] [文件加载：194]
[ info ] [ LANG ] D:\phpstudy_pro\WWW\new_kefu_online\thinkphp\lang\zh-cn.php
[ info ] [ ROUTE ] array (
  'type' => 'module',
  'module' => 
  array (
    0 => 'admin',
    1 => 'user',
    2 => 'index',
  ),
)
[ info ] [ HEADER ] array (
  'content-length' => '0',
  'referer' => 'http://www.newkefu.com/',
  'connection' => 'close',
  'origin' => 'http://www.newkefu.com',
  'platform' => 'bx',
  'token' => 'eyJ0eXAiOiJKV1QiLCJhbGciOiJIUzI1NiIsImp0aSI6ImxYWGluZyJ9.eyJpc3MiOiJhcGkubmV3a2VmdS5jb20iLCJqdGkiOiJsWFhpbmciLCJpYXQiOjE2NjQyNDQ5NzMsImV4cCI6MTY2NjgzNjk3MywidWlkIjoxNDN9.Dfy__wO5qgyxP6g51RcHO7C_RefkcFpewkbbvmTnxy4',
  'accept-encoding' => 'gzip, deflate',
  'accept-language' => 'zh-CN,zh;q=0.8,zh-TW;q=0.7,zh-HK;q=0.5,en-US;q=0.3,en;q=0.2',
  'accept' => 'application/json, text/javascript, */*; q=0.01',
  'user-agent' => 'Mozilla/5.0 (Windows NT 10.0; Win64; x64; rv:105.0) Gecko/20100101 Firefox/105.0',
  'host' => 'api.newkefu.com',
)
[ info ] [ PARAM ] array (
  '/admin/user/index' => '',
)
[ info ] [ DB ] INIT mysql
[ info ] [ CACHE ] INIT redis
[ info ] [ DB ] INIT mysql
[ info ] [ RUN ] app\admin\controller\User->index[ D:\phpstudy_pro\WWW\new_kefu_online\application\admin\controller\User.php ]
[ info ] [ LOG ] INIT File
[ sql ] [ DB ] CONNECT:[ UseTime:0.001569s ] mysql:host=127.0.0.1;port=3306;dbname=gr_chat;charset=utf8
[ sql ] [ SQL ] SHOW COLUMNS FROM `gr_user_group` [ RunTime:0.000890s ]
[ sql ] [ SQL ] SELECT * FROM `gr_user_group` WHERE  `id` IN (17,10,11,5,14,8,9,7,16) [ RunTime:0.000769s ]
[ sql ] [ SQL ] SHOW COLUMNS FROM `gr_menu_new` [ RunTime:0.000889s ]
[ sql ] [ SQL ] SELECT m.menu_id as id,`m`.`menu_name`,`m`.`p_id`,`m`.`controller`,`m`.`action`,`m`.`is_show`,`m`.`url`,`m`.`type` FROM `gr_menu_new` `m` ORDER BY `p_id` ASC,`sort` ASC,`id` ASC [ RunTime:0.001024s ]
---------------------------------------------------------------
[ 2022-10-10T10:35:25+08:00 ] 127.0.0.1 POST api.newkefu.com/admin/keyword/getProductList
[运行时间：0.112789s] [吞吐率：8.87req/s] [内存消耗：4,908.09kb] [文件加载：195]
[ info ] [ LANG ] D:\phpstudy_pro\WWW\new_kefu_online\thinkphp\lang\zh-cn.php
[ info ] [ ROUTE ] array (
  'type' => 'module',
  'module' => 
  array (
    0 => 'admin',
    1 => 'keyword',
    2 => 'getProductList',
  ),
)
[ info ] [ HEADER ] array (
  'content-length' => '0',
  'referer' => 'http://www.newkefu.com/',
  'connection' => 'close',
  'origin' => 'http://www.newkefu.com',
  'platform' => 'bx',
  'token' => 'eyJ0eXAiOiJKV1QiLCJhbGciOiJIUzI1NiIsImp0aSI6ImxYWGluZyJ9.eyJpc3MiOiJhcGkubmV3a2VmdS5jb20iLCJqdGkiOiJsWFhpbmciLCJpYXQiOjE2NjQyNDQ5NzMsImV4cCI6MTY2NjgzNjk3MywidWlkIjoxNDN9.Dfy__wO5qgyxP6g51RcHO7C_RefkcFpewkbbvmTnxy4',
  'accept-encoding' => 'gzip, deflate',
  'accept-language' => 'zh-CN,zh;q=0.8,zh-TW;q=0.7,zh-HK;q=0.5,en-US;q=0.3,en;q=0.2',
  'accept' => 'application/json, text/javascript, */*; q=0.01',
  'user-agent' => 'Mozilla/5.0 (Windows NT 10.0; Win64; x64; rv:105.0) Gecko/20100101 Firefox/105.0',
  'host' => 'api.newkefu.com',
)
[ info ] [ PARAM ] array (
  '/admin/keyword/getProductList' => '',
)
[ info ] [ DB ] INIT mysql
[ info ] [ CACHE ] INIT redis
[ info ] [ DB ] INIT mysql
[ info ] [ RUN ] app\admin\controller\Keyword->getProductList[ D:\phpstudy_pro\WWW\new_kefu_online\application\admin\controller\Keyword.php ]
[ info ] [ LOG ] INIT File
[ sql ] [ DB ] CONNECT:[ UseTime:0.001452s ] mysql:host=127.0.0.1;port=3306;dbname=gr_chat;charset=utf8
[ sql ] [ SQL ] SHOW COLUMNS FROM `gr_user_group` [ RunTime:0.000865s ]
[ sql ] [ SQL ] SELECT * FROM `gr_user_group` WHERE  `id` IN (17,10,11,5,14,8,9,7,16) [ RunTime:0.000446s ]
[ sql ] [ SQL ] SHOW COLUMNS FROM `gr_menu_new` [ RunTime:0.000746s ]
[ sql ] [ SQL ] SELECT m.menu_id as id,`m`.`menu_name`,`m`.`p_id`,`m`.`controller`,`m`.`action`,`m`.`is_show`,`m`.`url`,`m`.`type` FROM `gr_menu_new` `m` ORDER BY `p_id` ASC,`sort` ASC,`id` ASC [ RunTime:0.000995s ]
---------------------------------------------------------------
[ 2022-10-10T10:35:26+08:00 ] 127.0.0.1 POST api.newkefu.com/admin/keyword/index
[运行时间：0.118959s] [吞吐率：8.41req/s] [内存消耗：4,983.35kb] [文件加载：200]
[ info ] [ LANG ] D:\phpstudy_pro\WWW\new_kefu_online\thinkphp\lang\zh-cn.php
[ info ] [ ROUTE ] array (
  'type' => 'module',
  'module' => 
  array (
    0 => 'admin',
    1 => 'keyword',
    2 => 'index',
  ),
)
[ info ] [ HEADER ] array (
  'referer' => 'http://www.newkefu.com/',
  'connection' => 'close',
  'origin' => 'http://www.newkefu.com',
  'content-length' => '15',
  'platform' => 'bx',
  'token' => 'eyJ0eXAiOiJKV1QiLCJhbGciOiJIUzI1NiIsImp0aSI6ImxYWGluZyJ9.eyJpc3MiOiJhcGkubmV3a2VmdS5jb20iLCJqdGkiOiJsWFhpbmciLCJpYXQiOjE2NjQyNDQ5NzMsImV4cCI6MTY2NjgzNjk3MywidWlkIjoxNDN9.Dfy__wO5qgyxP6g51RcHO7C_RefkcFpewkbbvmTnxy4',
  'content-type' => 'application/x-www-form-urlencoded; charset=UTF-8',
  'accept-encoding' => 'gzip, deflate',
  'accept-language' => 'zh-CN,zh;q=0.8,zh-TW;q=0.7,zh-HK;q=0.5,en-US;q=0.3,en;q=0.2',
  'accept' => 'application/json, text/javascript, */*; q=0.01',
  'user-agent' => 'Mozilla/5.0 (Windows NT 10.0; Win64; x64; rv:105.0) Gecko/20100101 Firefox/105.0',
  'host' => 'api.newkefu.com',
)
[ info ] [ PARAM ] array (
  '/admin/keyword/index' => '',
  'page' => '1',
  'limit' => '20',
)
[ info ] [ DB ] INIT mysql
[ info ] [ CACHE ] INIT redis
[ info ] [ DB ] INIT mysql
[ info ] [ RUN ] app\admin\controller\Keyword->index[ D:\phpstudy_pro\WWW\new_kefu_online\application\admin\controller\Keyword.php ]
[ info ] [ LOG ] INIT File
[ sql ] [ DB ] CONNECT:[ UseTime:0.001275s ] mysql:host=127.0.0.1;port=3306;dbname=gr_chat;charset=utf8
[ sql ] [ SQL ] SHOW COLUMNS FROM `gr_user_group` [ RunTime:0.000820s ]
[ sql ] [ SQL ] SELECT * FROM `gr_user_group` WHERE  `id` IN (17,10,11,5,14,8,9,7,16) [ RunTime:0.000449s ]
[ sql ] [ SQL ] SHOW COLUMNS FROM `gr_menu_new` [ RunTime:0.000764s ]
[ sql ] [ SQL ] SELECT m.menu_id as id,`m`.`menu_name`,`m`.`p_id`,`m`.`controller`,`m`.`action`,`m`.`is_show`,`m`.`url`,`m`.`type` FROM `gr_menu_new` `m` ORDER BY `p_id` ASC,`sort` ASC,`id` ASC [ RunTime:0.000908s ]
---------------------------------------------------------------
[ 2022-10-10T10:49:03+08:00 ] 127.0.0.1 POST api.newkefu.com/admin/keyword/getProductList
[运行时间：0.124071s] [吞吐率：8.06req/s] [内存消耗：4,908.49kb] [文件加载：195]
[ info ] [ LANG ] D:\phpstudy_pro\WWW\new_kefu_online\thinkphp\lang\zh-cn.php
[ info ] [ ROUTE ] array (
  'type' => 'module',
  'module' => 
  array (
    0 => 'admin',
    1 => 'keyword',
    2 => 'getProductList',
  ),
)
[ info ] [ HEADER ] array (
  'content-length' => '0',
  'cache-control' => 'no-cache',
  'pragma' => 'no-cache',
  'referer' => 'http://www.newkefu.com/',
  'connection' => 'close',
  'origin' => 'http://www.newkefu.com',
  'platform' => 'bx',
  'token' => 'eyJ0eXAiOiJKV1QiLCJhbGciOiJIUzI1NiIsImp0aSI6ImxYWGluZyJ9.eyJpc3MiOiJhcGkubmV3a2VmdS5jb20iLCJqdGkiOiJsWFhpbmciLCJpYXQiOjE2NjQyNDQ5NzMsImV4cCI6MTY2NjgzNjk3MywidWlkIjoxNDN9.Dfy__wO5qgyxP6g51RcHO7C_RefkcFpewkbbvmTnxy4',
  'accept-encoding' => 'gzip, deflate',
  'accept-language' => 'zh-CN,zh;q=0.8,zh-TW;q=0.7,zh-HK;q=0.5,en-US;q=0.3,en;q=0.2',
  'accept' => 'application/json, text/javascript, */*; q=0.01',
  'user-agent' => 'Mozilla/5.0 (Windows NT 10.0; Win64; x64; rv:105.0) Gecko/20100101 Firefox/105.0',
  'host' => 'api.newkefu.com',
)
[ info ] [ PARAM ] array (
  '/admin/keyword/getProductList' => '',
)
[ info ] [ DB ] INIT mysql
[ info ] [ CACHE ] INIT redis
[ info ] [ DB ] INIT mysql
[ info ] [ RUN ] app\admin\controller\Keyword->getProductList[ D:\phpstudy_pro\WWW\new_kefu_online\application\admin\controller\Keyword.php ]
[ info ] [ LOG ] INIT File
[ sql ] [ DB ] CONNECT:[ UseTime:0.011045s ] mysql:host=127.0.0.1;port=3306;dbname=gr_chat;charset=utf8
[ sql ] [ SQL ] SHOW COLUMNS FROM `gr_user_group` [ RunTime:0.003723s ]
[ sql ] [ SQL ] SELECT * FROM `gr_user_group` WHERE  `id` IN (17,10,11,5,14,8,9,7,16) [ RunTime:0.000489s ]
[ sql ] [ SQL ] SHOW COLUMNS FROM `gr_menu_new` [ RunTime:0.000813s ]
[ sql ] [ SQL ] SELECT m.menu_id as id,`m`.`menu_name`,`m`.`p_id`,`m`.`controller`,`m`.`action`,`m`.`is_show`,`m`.`url`,`m`.`type` FROM `gr_menu_new` `m` ORDER BY `p_id` ASC,`sort` ASC,`id` ASC [ RunTime:0.001236s ]
---------------------------------------------------------------
[ 2022-10-10T10:49:04+08:00 ] 127.0.0.1 POST api.newkefu.com/admin/keyword/getEditInfo
[运行时间：0.106373s] [吞吐率：9.40req/s] [内存消耗：4,900.24kb] [文件加载：199]
[ info ] [ LANG ] D:\phpstudy_pro\WWW\new_kefu_online\thinkphp\lang\zh-cn.php
[ info ] [ ROUTE ] array (
  'type' => 'module',
  'module' => 
  array (
    0 => 'admin',
    1 => 'keyword',
    2 => 'getEditInfo',
  ),
)
[ info ] [ HEADER ] array (
  'cache-control' => 'no-cache',
  'pragma' => 'no-cache',
  'referer' => 'http://www.newkefu.com/',
  'connection' => 'close',
  'origin' => 'http://www.newkefu.com',
  'content-length' => '7',
  'platform' => 'bx',
  'token' => 'eyJ0eXAiOiJKV1QiLCJhbGciOiJIUzI1NiIsImp0aSI6ImxYWGluZyJ9.eyJpc3MiOiJhcGkubmV3a2VmdS5jb20iLCJqdGkiOiJsWFhpbmciLCJpYXQiOjE2NjQyNDQ5NzMsImV4cCI6MTY2NjgzNjk3MywidWlkIjoxNDN9.Dfy__wO5qgyxP6g51RcHO7C_RefkcFpewkbbvmTnxy4',
  'content-type' => 'application/x-www-form-urlencoded; charset=UTF-8',
  'accept-encoding' => 'gzip, deflate',
  'accept-language' => 'zh-CN,zh;q=0.8,zh-TW;q=0.7,zh-HK;q=0.5,en-US;q=0.3,en;q=0.2',
  'accept' => 'application/json, text/javascript, */*; q=0.01',
  'user-agent' => 'Mozilla/5.0 (Windows NT 10.0; Win64; x64; rv:105.0) Gecko/20100101 Firefox/105.0',
  'host' => 'api.newkefu.com',
)
[ info ] [ PARAM ] array (
  '/admin/keyword/getEditInfo' => '',
  'id' => '5072',
)
[ info ] [ DB ] INIT mysql
[ info ] [ CACHE ] INIT redis
[ info ] [ DB ] INIT mysql
[ info ] [ RUN ] app\admin\controller\Keyword->getEditInfo[ D:\phpstudy_pro\WWW\new_kefu_online\application\admin\controller\Keyword.php ]
[ info ] [ LOG ] INIT File
[ sql ] [ DB ] CONNECT:[ UseTime:0.001210s ] mysql:host=127.0.0.1;port=3306;dbname=gr_chat;charset=utf8
[ sql ] [ SQL ] SHOW COLUMNS FROM `gr_user_group` [ RunTime:0.000754s ]
[ sql ] [ SQL ] SELECT * FROM `gr_user_group` WHERE  `id` IN (17,10,11,5,14,8,9,7,16) [ RunTime:0.000438s ]
[ sql ] [ SQL ] SHOW COLUMNS FROM `gr_menu_new` [ RunTime:0.000765s ]
[ sql ] [ SQL ] SELECT m.menu_id as id,`m`.`menu_name`,`m`.`p_id`,`m`.`controller`,`m`.`action`,`m`.`is_show`,`m`.`url`,`m`.`type` FROM `gr_menu_new` `m` ORDER BY `p_id` ASC,`sort` ASC,`id` ASC [ RunTime:0.000848s ]
---------------------------------------------------------------
[ 2022-10-10T10:49:51+08:00 ] 127.0.0.1 POST api.newkefu.com/admin/keyword/modiftKeywordList
[运行时间：0.398423s] [吞吐率：2.51req/s] [内存消耗：6,606.13kb] [文件加载：200]
[ info ] [ LANG ] D:\phpstudy_pro\WWW\new_kefu_online\thinkphp\lang\zh-cn.php
[ info ] [ ROUTE ] array (
  'type' => 'module',
  'module' => 
  array (
    0 => 'admin',
    1 => 'keyword',
    2 => 'modiftKeywordList',
  ),
)
[ info ] [ HEADER ] array (
  'cache-control' => 'no-cache',
  'pragma' => 'no-cache',
  'platform' => 'bx',
  'token' => 'eyJ0eXAiOiJKV1QiLCJhbGciOiJIUzI1NiIsImp0aSI6ImxYWGluZyJ9.eyJpc3MiOiJhcGkubmV3a2VmdS5jb20iLCJqdGkiOiJsWFhpbmciLCJpYXQiOjE2NjQyNDQ5NzMsImV4cCI6MTY2NjgzNjk3MywidWlkIjoxNDN9.Dfy__wO5qgyxP6g51RcHO7C_RefkcFpewkbbvmTnxy4',
  'content-length' => '0',
  'connection' => 'close',
  'origin' => 'http://www.newkefu.com',
  'referer' => 'http://www.newkefu.com/',
  'accept-encoding' => 'gzip, deflate',
  'accept-language' => 'zh-CN,zh;q=0.8,zh-TW;q=0.7,zh-HK;q=0.5,en-US;q=0.3,en;q=0.2',
  'accept' => 'application/json, text/javascript, */*; q=0.01',
  'user-agent' => 'Mozilla/5.0 (Windows NT 10.0; Win64; x64; rv:105.0) Gecko/20100101 Firefox/105.0',
  'host' => 'api.newkefu.com',
)
[ info ] [ PARAM ] array (
  '/admin/keyword/modiftKeywordList' => '',
)
[ info ] [ DB ] INIT mysql
[ info ] [ CACHE ] INIT redis
[ info ] [ DB ] INIT mysql
[ info ] [ RUN ] app\admin\controller\Keyword->modiftKeywordList[ D:\phpstudy_pro\WWW\new_kefu_online\application\admin\controller\Keyword.php ]
[ info ] [ LOG ] INIT File
[ sql ] [ DB ] CONNECT:[ UseTime:0.001204s ] mysql:host=127.0.0.1;port=3306;dbname=gr_chat;charset=utf8
[ sql ] [ SQL ] SHOW COLUMNS FROM `gr_user_group` [ RunTime:0.000778s ]
[ sql ] [ SQL ] SELECT * FROM `gr_user_group` WHERE  `id` IN (17,10,11,5,14,8,9,7,16) [ RunTime:0.000379s ]
[ sql ] [ SQL ] SHOW COLUMNS FROM `gr_menu_new` [ RunTime:0.000706s ]
[ sql ] [ SQL ] SELECT m.menu_id as id,`m`.`menu_name`,`m`.`p_id`,`m`.`controller`,`m`.`action`,`m`.`is_show`,`m`.`url`,`m`.`type` FROM `gr_menu_new` `m` ORDER BY `p_id` ASC,`sort` ASC,`id` ASC [ RunTime:0.000963s ]
---------------------------------------------------------------
[ 2022-10-10T11:04:19+08:00 ] 127.0.0.1 GET api.newkefu.com/scripts/scripts/run
[运行时间：0.091237s] [吞吐率：10.96req/s] [内存消耗：3,046.72kb] [文件加载：162]
[ info ] [ LANG ] D:\phpstudy_pro\WWW\new_kefu_online\thinkphp\lang\zh-cn.php
[ info ] [ ROUTE ] array (
  'type' => 'module',
  'module' => 
  array (
    0 => 'scripts',
    1 => 'scripts',
    2 => 'run',
  ),
)
[ info ] [ HEADER ] array (
  'upgrade-insecure-requests' => '1',
  'connection' => 'close',
  'accept-encoding' => 'gzip, deflate',
  'accept-language' => 'zh-CN,zh;q=0.8,zh-TW;q=0.7,zh-HK;q=0.5,en-US;q=0.3,en;q=0.2',
  'accept' => 'text/html,application/xhtml+xml,application/xml;q=0.9,image/avif,image/webp,*/*;q=0.8',
  'user-agent' => 'Mozilla/5.0 (Windows NT 10.0; Win64; x64; rv:105.0) Gecko/20100101 Firefox/105.0',
  'host' => 'api.newkefu.com',
)
[ info ] [ PARAM ] array (
  '/scripts/scripts/run' => '',
)
[ info ] [ CACHE ] INIT redis
[ info ] [ RUN ] app\scripts\controller\Scripts->run[ D:\phpstudy_pro\WWW\new_kefu_online\application\scripts\controller\Scripts.php ]
[ info ] [ LOG ] INIT File
---------------------------------------------------------------
[ 2022-10-10T11:04:53+08:00 ] 127.0.0.1 GET api.newkefu.com/scripts/scripts/run
[运行时间：0.119368s] [吞吐率：8.38req/s] [内存消耗：4,557.78kb] [文件加载：185]
[ info ] [ LANG ] D:\phpstudy_pro\WWW\new_kefu_online\thinkphp\lang\zh-cn.php
[ info ] [ ROUTE ] array (
  'type' => 'module',
  'module' => 
  array (
    0 => 'scripts',
    1 => 'scripts',
    2 => 'run',
  ),
)
[ info ] [ HEADER ] array (
  'upgrade-insecure-requests' => '1',
  'connection' => 'close',
  'accept-encoding' => 'gzip, deflate',
  'accept-language' => 'zh-CN,zh;q=0.8,zh-TW;q=0.7,zh-HK;q=0.5,en-US;q=0.3,en;q=0.2',
  'accept' => 'text/html,application/xhtml+xml,application/xml;q=0.9,image/avif,image/webp,*/*;q=0.8',
  'user-agent' => 'Mozilla/5.0 (Windows NT 10.0; Win64; x64; rv:105.0) Gecko/20100101 Firefox/105.0',
  'host' => 'api.newkefu.com',
)
[ info ] [ PARAM ] array (
  '/scripts/scripts/run' => '',
)
[ info ] [ CACHE ] INIT redis
[ info ] [ RUN ] app\scripts\controller\Scripts->run[ D:\phpstudy_pro\WWW\new_kefu_online\application\scripts\controller\Scripts.php ]
[ info ] [ DB ] INIT mysql
[ info ] [ DB ] INIT mysql
[ info ] [ DB ] INIT mysql
[ info ] [ LOG ] INIT File
---------------------------------------------------------------
[ 2022-10-10T11:15:11+08:00 ] 127.0.0.1 GET api.newkefu.com/scripts/scripts/run
[运行时间：0.125899s] [吞吐率：7.94req/s] [内存消耗：4,543.40kb] [文件加载：192]
[ info ] [ LANG ] D:\phpstudy_pro\WWW\new_kefu_online\thinkphp\lang\zh-cn.php
[ info ] [ ROUTE ] array (
  'type' => 'module',
  'module' => 
  array (
    0 => 'scripts',
    1 => 'scripts',
    2 => 'run',
  ),
)
[ info ] [ HEADER ] array (
  'upgrade-insecure-requests' => '1',
  'connection' => 'close',
  'accept-encoding' => 'gzip, deflate',
  'accept-language' => 'zh-CN,zh;q=0.8,zh-TW;q=0.7,zh-HK;q=0.5,en-US;q=0.3,en;q=0.2',
  'accept' => 'text/html,application/xhtml+xml,application/xml;q=0.9,image/avif,image/webp,*/*;q=0.8',
  'user-agent' => 'Mozilla/5.0 (Windows NT 10.0; Win64; x64; rv:105.0) Gecko/20100101 Firefox/105.0',
  'host' => 'api.newkefu.com',
)
[ info ] [ PARAM ] array (
  '/scripts/scripts/run' => '',
)
[ info ] [ CACHE ] INIT redis
[ info ] [ RUN ] app\scripts\controller\Scripts->run[ D:\phpstudy_pro\WWW\new_kefu_online\application\scripts\controller\Scripts.php ]
[ info ] [ DB ] INIT mysql
[ info ] [ DB ] INIT mysql
[ info ] [ LOG ] INIT File
[ error ] [8]未定义数组索引: tkey[D:\phpstudy_pro\WWW\new_kefu_online\common\server\Game\BlockServer.php:52]
---------------------------------------------------------------
[ 2022-10-10T11:15:39+08:00 ] 127.0.0.1 GET api.newkefu.com/scripts/scripts/run
[运行时间：0.105582s] [吞吐率：9.47req/s] [内存消耗：4,457.66kb] [文件加载：185]
[ info ] [ LANG ] D:\phpstudy_pro\WWW\new_kefu_online\thinkphp\lang\zh-cn.php
[ info ] [ ROUTE ] array (
  'type' => 'module',
  'module' => 
  array (
    0 => 'scripts',
    1 => 'scripts',
    2 => 'run',
  ),
)
[ info ] [ HEADER ] array (
  'upgrade-insecure-requests' => '1',
  'connection' => 'close',
  'accept-encoding' => 'gzip, deflate',
  'accept-language' => 'zh-CN,zh;q=0.8,zh-TW;q=0.7,zh-HK;q=0.5,en-US;q=0.3,en;q=0.2',
  'accept' => 'text/html,application/xhtml+xml,application/xml;q=0.9,image/avif,image/webp,*/*;q=0.8',
  'user-agent' => 'Mozilla/5.0 (Windows NT 10.0; Win64; x64; rv:105.0) Gecko/20100101 Firefox/105.0',
  'host' => 'api.newkefu.com',
)
[ info ] [ PARAM ] array (
  '/scripts/scripts/run' => '',
)
[ info ] [ CACHE ] INIT redis
[ info ] [ RUN ] app\scripts\controller\Scripts->run[ D:\phpstudy_pro\WWW\new_kefu_online\application\scripts\controller\Scripts.php ]
[ info ] [ DB ] INIT mysql
[ info ] [ DB ] INIT mysql
[ info ] [ LOG ] INIT File
---------------------------------------------------------------
[ 2022-10-10T11:16:58+08:00 ] 127.0.0.1 GET api.newkefu.com/scripts/scripts/run
[运行时间：0.102036s] [吞吐率：9.80req/s] [内存消耗：4,390.68kb] [文件加载：184]
[ info ] [ LANG ] D:\phpstudy_pro\WWW\new_kefu_online\thinkphp\lang\zh-cn.php
[ info ] [ ROUTE ] array (
  'type' => 'module',
  'module' => 
  array (
    0 => 'scripts',
    1 => 'scripts',
    2 => 'run',
  ),
)
[ info ] [ HEADER ] array (
  'upgrade-insecure-requests' => '1',
  'connection' => 'close',
  'accept-encoding' => 'gzip, deflate',
  'accept-language' => 'zh-CN,zh;q=0.8,zh-TW;q=0.7,zh-HK;q=0.5,en-US;q=0.3,en;q=0.2',
  'accept' => 'text/html,application/xhtml+xml,application/xml;q=0.9,image/avif,image/webp,*/*;q=0.8',
  'user-agent' => 'Mozilla/5.0 (Windows NT 10.0; Win64; x64; rv:105.0) Gecko/20100101 Firefox/105.0',
  'host' => 'api.newkefu.com',
)
[ info ] [ PARAM ] array (
  '/scripts/scripts/run' => '',
)
[ info ] [ CACHE ] INIT redis
[ info ] [ RUN ] app\scripts\controller\Scripts->run[ D:\phpstudy_pro\WWW\new_kefu_online\application\scripts\controller\Scripts.php ]
[ info ] [ DB ] INIT mysql
[ info ] [ DB ] INIT mysql
[ info ] [ LOG ] INIT File
---------------------------------------------------------------
[ 2022-10-10T11:22:01+08:00 ] 127.0.0.1 GET api.newkefu.com/scripts/scripts/run
[运行时间：0.138586s] [吞吐率：7.22req/s] [内存消耗：4,589.75kb] [文件加载：188]
[ info ] [ LANG ] D:\phpstudy_pro\WWW\new_kefu_online\thinkphp\lang\zh-cn.php
[ info ] [ ROUTE ] array (
  'type' => 'module',
  'module' => 
  array (
    0 => 'scripts',
    1 => 'scripts',
    2 => 'run',
  ),
)
[ info ] [ HEADER ] array (
  'upgrade-insecure-requests' => '1',
  'connection' => 'close',
  'accept-encoding' => 'gzip, deflate',
  'accept-language' => 'zh-CN,zh;q=0.8,zh-TW;q=0.7,zh-HK;q=0.5,en-US;q=0.3,en;q=0.2',
  'accept' => 'text/html,application/xhtml+xml,application/xml;q=0.9,image/avif,image/webp,*/*;q=0.8',
  'user-agent' => 'Mozilla/5.0 (Windows NT 10.0; Win64; x64; rv:105.0) Gecko/20100101 Firefox/105.0',
  'host' => 'api.newkefu.com',
)
[ info ] [ PARAM ] array (
  '/scripts/scripts/run' => '',
)
[ info ] [ CACHE ] INIT redis
[ info ] [ DB ] INIT mysql
[ info ] [ RUN ] app\scripts\controller\Scripts->run[ D:\phpstudy_pro\WWW\new_kefu_online\application\scripts\controller\Scripts.php ]
[ info ] [ DB ] INIT mysql
[ info ] [ DB ] INIT mysql
[ info ] [ LOG ] INIT File
---------------------------------------------------------------
[ 2022-10-10T11:22:05+08:00 ] 127.0.0.1 GET api.newkefu.com/scripts/scripts/run
[运行时间：0.107873s] [吞吐率：9.27req/s] [内存消耗：4,568.88kb] [文件加载：187]
[ info ] [ LANG ] D:\phpstudy_pro\WWW\new_kefu_online\thinkphp\lang\zh-cn.php
[ info ] [ ROUTE ] array (
  'type' => 'module',
  'module' => 
  array (
    0 => 'scripts',
    1 => 'scripts',
    2 => 'run',
  ),
)
[ info ] [ HEADER ] array (
  'upgrade-insecure-requests' => '1',
  'connection' => 'close',
  'accept-encoding' => 'gzip, deflate',
  'accept-language' => 'zh-CN,zh;q=0.8,zh-TW;q=0.7,zh-HK;q=0.5,en-US;q=0.3,en;q=0.2',
  'accept' => 'text/html,application/xhtml+xml,application/xml;q=0.9,image/avif,image/webp,*/*;q=0.8',
  'user-agent' => 'Mozilla/5.0 (Windows NT 10.0; Win64; x64; rv:105.0) Gecko/20100101 Firefox/105.0',
  'host' => 'api.newkefu.com',
)
[ info ] [ PARAM ] array (
  '/scripts/scripts/run' => '',
)
[ info ] [ CACHE ] INIT redis
[ info ] [ RUN ] app\scripts\controller\Scripts->run[ D:\phpstudy_pro\WWW\new_kefu_online\application\scripts\controller\Scripts.php ]
[ info ] [ DB ] INIT mysql
[ info ] [ DB ] INIT mysql
[ info ] [ DB ] INIT mysql
[ info ] [ LOG ] INIT File
---------------------------------------------------------------
[ 2022-10-10T11:22:16+08:00 ] 127.0.0.1 GET api.newkefu.com/scripts/scripts/run
[运行时间：0.111758s] [吞吐率：8.95req/s] [内存消耗：4,568.97kb] [文件加载：187]
[ info ] [ LANG ] D:\phpstudy_pro\WWW\new_kefu_online\thinkphp\lang\zh-cn.php
[ info ] [ ROUTE ] array (
  'type' => 'module',
  'module' => 
  array (
    0 => 'scripts',
    1 => 'scripts',
    2 => 'run',
  ),
)
[ info ] [ HEADER ] array (
  'upgrade-insecure-requests' => '1',
  'connection' => 'close',
  'accept-encoding' => 'gzip, deflate',
  'accept-language' => 'zh-CN,zh;q=0.8,zh-TW;q=0.7,zh-HK;q=0.5,en-US;q=0.3,en;q=0.2',
  'accept' => 'text/html,application/xhtml+xml,application/xml;q=0.9,image/avif,image/webp,*/*;q=0.8',
  'user-agent' => 'Mozilla/5.0 (Windows NT 10.0; Win64; x64; rv:105.0) Gecko/20100101 Firefox/105.0',
  'host' => 'api.newkefu.com',
)
[ info ] [ PARAM ] array (
  '/scripts/scripts/run' => '',
)
[ info ] [ CACHE ] INIT redis
[ info ] [ RUN ] app\scripts\controller\Scripts->run[ D:\phpstudy_pro\WWW\new_kefu_online\application\scripts\controller\Scripts.php ]
[ info ] [ DB ] INIT mysql
[ info ] [ DB ] INIT mysql
[ info ] [ DB ] INIT mysql
[ info ] [ LOG ] INIT File
---------------------------------------------------------------
[ 2022-10-10T11:22:27+08:00 ] 127.0.0.1 GET api.newkefu.com/scripts/scripts/run
[运行时间：0.105514s] [吞吐率：9.48req/s] [内存消耗：4,478.66kb] [文件加载：187]
[ info ] [ LANG ] D:\phpstudy_pro\WWW\new_kefu_online\thinkphp\lang\zh-cn.php
[ info ] [ ROUTE ] array (
  'type' => 'module',
  'module' => 
  array (
    0 => 'scripts',
    1 => 'scripts',
    2 => 'run',
  ),
)
[ info ] [ HEADER ] array (
  'upgrade-insecure-requests' => '1',
  'connection' => 'close',
  'accept-encoding' => 'gzip, deflate',
  'accept-language' => 'zh-CN,zh;q=0.8,zh-TW;q=0.7,zh-HK;q=0.5,en-US;q=0.3,en;q=0.2',
  'accept' => 'text/html,application/xhtml+xml,application/xml;q=0.9,image/avif,image/webp,*/*;q=0.8',
  'user-agent' => 'Mozilla/5.0 (Windows NT 10.0; Win64; x64; rv:105.0) Gecko/20100101 Firefox/105.0',
  'host' => 'api.newkefu.com',
)
[ info ] [ PARAM ] array (
  '/scripts/scripts/run' => '',
)
[ info ] [ CACHE ] INIT redis
[ info ] [ RUN ] app\scripts\controller\Scripts->run[ D:\phpstudy_pro\WWW\new_kefu_online\application\scripts\controller\Scripts.php ]
[ info ] [ DB ] INIT mysql
[ info ] [ DB ] INIT mysql
[ info ] [ DB ] INIT mysql
[ info ] [ LOG ] INIT File
---------------------------------------------------------------
[ 2022-10-10T11:23:57+08:00 ] 127.0.0.1 GET api.newkefu.com/scripts/scripts/run
[运行时间：0.114417s] [吞吐率：8.74req/s] [内存消耗：4,648.25kb] [文件加载：192]
[ info ] [ LANG ] D:\phpstudy_pro\WWW\new_kefu_online\thinkphp\lang\zh-cn.php
[ info ] [ ROUTE ] array (
  'type' => 'module',
  'module' => 
  array (
    0 => 'scripts',
    1 => 'scripts',
    2 => 'run',
  ),
)
[ info ] [ HEADER ] array (
  'upgrade-insecure-requests' => '1',
  'connection' => 'close',
  'accept-encoding' => 'gzip, deflate',
  'accept-language' => 'zh-CN,zh;q=0.8,zh-TW;q=0.7,zh-HK;q=0.5,en-US;q=0.3,en;q=0.2',
  'accept' => 'text/html,application/xhtml+xml,application/xml;q=0.9,image/avif,image/webp,*/*;q=0.8',
  'user-agent' => 'Mozilla/5.0 (Windows NT 10.0; Win64; x64; rv:105.0) Gecko/20100101 Firefox/105.0',
  'host' => 'api.newkefu.com',
)
[ info ] [ PARAM ] array (
  '/scripts/scripts/run' => '',
)
[ info ] [ CACHE ] INIT redis
[ info ] [ RUN ] app\scripts\controller\Scripts->run[ D:\phpstudy_pro\WWW\new_kefu_online\application\scripts\controller\Scripts.php ]
[ info ] [ DB ] INIT mysql
[ info ] [ DB ] INIT mysql
[ info ] [ DB ] INIT mysql
[ info ] [ LOG ] INIT File
[ error ] [0]致命错误: Call to a member function toArray() on array[D:\phpstudy_pro\WWW\new_kefu_online\common\sql_server\KefuUserRoleSqlServer.php:37]
---------------------------------------------------------------
[ 2022-10-10T11:24:09+08:00 ] 127.0.0.1 GET api.newkefu.com/scripts/scripts/run
[运行时间：0.112374s] [吞吐率：8.90req/s] [内存消耗：4,570.38kb] [文件加载：187]
[ info ] [ LANG ] D:\phpstudy_pro\WWW\new_kefu_online\thinkphp\lang\zh-cn.php
[ info ] [ ROUTE ] array (
  'type' => 'module',
  'module' => 
  array (
    0 => 'scripts',
    1 => 'scripts',
    2 => 'run',
  ),
)
[ info ] [ HEADER ] array (
  'upgrade-insecure-requests' => '1',
  'connection' => 'close',
  'accept-encoding' => 'gzip, deflate',
  'accept-language' => 'zh-CN,zh;q=0.8,zh-TW;q=0.7,zh-HK;q=0.5,en-US;q=0.3,en;q=0.2',
  'accept' => 'text/html,application/xhtml+xml,application/xml;q=0.9,image/avif,image/webp,*/*;q=0.8',
  'user-agent' => 'Mozilla/5.0 (Windows NT 10.0; Win64; x64; rv:105.0) Gecko/20100101 Firefox/105.0',
  'host' => 'api.newkefu.com',
)
[ info ] [ PARAM ] array (
  '/scripts/scripts/run' => '',
)
[ info ] [ CACHE ] INIT redis
[ info ] [ RUN ] app\scripts\controller\Scripts->run[ D:\phpstudy_pro\WWW\new_kefu_online\application\scripts\controller\Scripts.php ]
[ info ] [ DB ] INIT mysql
[ info ] [ DB ] INIT mysql
[ info ] [ DB ] INIT mysql
[ info ] [ LOG ] INIT File
---------------------------------------------------------------
[ 2022-10-10T11:24:44+08:00 ] 127.0.0.1 GET api.newkefu.com/scripts/scripts/run
[运行时间：0.099990s] [吞吐率：10.00req/s] [内存消耗：4,569.63kb] [文件加载：187]
[ info ] [ LANG ] D:\phpstudy_pro\WWW\new_kefu_online\thinkphp\lang\zh-cn.php
[ info ] [ ROUTE ] array (
  'type' => 'module',
  'module' => 
  array (
    0 => 'scripts',
    1 => 'scripts',
    2 => 'run',
  ),
)
[ info ] [ HEADER ] array (
  'upgrade-insecure-requests' => '1',
  'connection' => 'close',
  'accept-encoding' => 'gzip, deflate',
  'accept-language' => 'zh-CN,zh;q=0.8,zh-TW;q=0.7,zh-HK;q=0.5,en-US;q=0.3,en;q=0.2',
  'accept' => 'text/html,application/xhtml+xml,application/xml;q=0.9,image/avif,image/webp,*/*;q=0.8',
  'user-agent' => 'Mozilla/5.0 (Windows NT 10.0; Win64; x64; rv:105.0) Gecko/20100101 Firefox/105.0',
  'host' => 'api.newkefu.com',
)
[ info ] [ PARAM ] array (
  '/scripts/scripts/run' => '',
)
[ info ] [ CACHE ] INIT redis
[ info ] [ RUN ] app\scripts\controller\Scripts->run[ D:\phpstudy_pro\WWW\new_kefu_online\application\scripts\controller\Scripts.php ]
[ info ] [ DB ] INIT mysql
[ info ] [ DB ] INIT mysql
[ info ] [ DB ] INIT mysql
[ info ] [ LOG ] INIT File
---------------------------------------------------------------
[ 2022-10-10T11:25:53+08:00 ] 127.0.0.1 GET api.newkefu.com/scripts/scripts/run
[运行时间：0.104527s] [吞吐率：9.57req/s] [内存消耗：4,649.70kb] [文件加载：193]
[ info ] [ LANG ] D:\phpstudy_pro\WWW\new_kefu_online\thinkphp\lang\zh-cn.php
[ info ] [ ROUTE ] array (
  'type' => 'module',
  'module' => 
  array (
    0 => 'scripts',
    1 => 'scripts',
    2 => 'run',
  ),
)
[ info ] [ HEADER ] array (
  'upgrade-insecure-requests' => '1',
  'connection' => 'close',
  'accept-encoding' => 'gzip, deflate',
  'accept-language' => 'zh-CN,zh;q=0.8,zh-TW;q=0.7,zh-HK;q=0.5,en-US;q=0.3,en;q=0.2',
  'accept' => 'text/html,application/xhtml+xml,application/xml;q=0.9,image/avif,image/webp,*/*;q=0.8',
  'user-agent' => 'Mozilla/5.0 (Windows NT 10.0; Win64; x64; rv:105.0) Gecko/20100101 Firefox/105.0',
  'host' => 'api.newkefu.com',
)
[ info ] [ PARAM ] array (
  '/scripts/scripts/run' => '',
)
[ info ] [ CACHE ] INIT redis
[ info ] [ RUN ] app\scripts\controller\Scripts->run[ D:\phpstudy_pro\WWW\new_kefu_online\application\scripts\controller\Scripts.php ]
[ info ] [ DB ] INIT mysql
[ info ] [ DB ] INIT mysql
[ info ] [ DB ] INIT mysql
[ info ] [ LOG ] INIT File
[ error ] [8]未定义数组索引: sdkUid[D:\phpstudy_pro\WWW\new_kefu_online\common\server\Game\BlockServer.php:57]
---------------------------------------------------------------
[ 2022-10-10T11:37:53+08:00 ] 127.0.0.1 GET api.newkefu.com/scripts/scripts/run
[运行时间：0.124305s] [吞吐率：8.04req/s] [内存消耗：4,636.38kb] [文件加载：190]
[ info ] [ LANG ] D:\phpstudy_pro\WWW\new_kefu_online\thinkphp\lang\zh-cn.php
[ info ] [ ROUTE ] array (
  'type' => 'module',
  'module' => 
  array (
    0 => 'scripts',
    1 => 'scripts',
    2 => 'run',
  ),
)
[ info ] [ HEADER ] array (
  'upgrade-insecure-requests' => '1',
  'connection' => 'close',
  'accept-encoding' => 'gzip, deflate',
  'accept-language' => 'zh-CN,zh;q=0.8,zh-TW;q=0.7,zh-HK;q=0.5,en-US;q=0.3,en;q=0.2',
  'accept' => 'text/html,application/xhtml+xml,application/xml;q=0.9,image/avif,image/webp,*/*;q=0.8',
  'user-agent' => 'Mozilla/5.0 (Windows NT 10.0; Win64; x64; rv:105.0) Gecko/20100101 Firefox/105.0',
  'host' => 'api.newkefu.com',
)
[ info ] [ PARAM ] array (
  '/scripts/scripts/run' => '',
)
[ info ] [ CACHE ] INIT redis
[ info ] [ RUN ] app\scripts\controller\Scripts->run[ D:\phpstudy_pro\WWW\new_kefu_online\application\scripts\controller\Scripts.php ]
[ info ] [ DB ] INIT mysql
[ info ] [ DB ] INIT mysql
[ info ] [ DB ] INIT mysql
[ info ] [ LOG ] INIT File
[ error ] [0]语法解析错误: syntax error, unexpected ')'[D:\phpstudy_pro\WWW\new_kefu_online\common\server\Game\BlockServer.php:59]
---------------------------------------------------------------
[ 2022-10-10T11:37:58+08:00 ] 127.0.0.1 GET api.newkefu.com/scripts/scripts/run
[运行时间：0.097801s] [吞吐率：10.22req/s] [内存消耗：4,476.27kb] [文件加载：185]
[ info ] [ LANG ] D:\phpstudy_pro\WWW\new_kefu_online\thinkphp\lang\zh-cn.php
[ info ] [ ROUTE ] array (
  'type' => 'module',
  'module' => 
  array (
    0 => 'scripts',
    1 => 'scripts',
    2 => 'run',
  ),
)
[ info ] [ HEADER ] array (
  'upgrade-insecure-requests' => '1',
  'connection' => 'close',
  'accept-encoding' => 'gzip, deflate',
  'accept-language' => 'zh-CN,zh;q=0.8,zh-TW;q=0.7,zh-HK;q=0.5,en-US;q=0.3,en;q=0.2',
  'accept' => 'text/html,application/xhtml+xml,application/xml;q=0.9,image/avif,image/webp,*/*;q=0.8',
  'user-agent' => 'Mozilla/5.0 (Windows NT 10.0; Win64; x64; rv:105.0) Gecko/20100101 Firefox/105.0',
  'host' => 'api.newkefu.com',
)
[ info ] [ PARAM ] array (
  '/scripts/scripts/run' => '',
)
[ info ] [ CACHE ] INIT redis
[ info ] [ RUN ] app\scripts\controller\Scripts->run[ D:\phpstudy_pro\WWW\new_kefu_online\application\scripts\controller\Scripts.php ]
[ info ] [ DB ] INIT mysql
[ info ] [ DB ] INIT mysql
[ info ] [ LOG ] INIT File
---------------------------------------------------------------
[ 2022-10-10T11:53:45+08:00 ] 127.0.0.1 GET api.newkefu.com/scripts/scripts/run
[运行时间：0.121625s] [吞吐率：8.22req/s] [内存消耗：4,538.88kb] [文件加载：191]
[ info ] [ LANG ] D:\phpstudy_pro\WWW\new_kefu_online\thinkphp\lang\zh-cn.php
[ info ] [ ROUTE ] array (
  'type' => 'module',
  'module' => 
  array (
    0 => 'scripts',
    1 => 'scripts',
    2 => 'run',
  ),
)
[ info ] [ HEADER ] array (
  'upgrade-insecure-requests' => '1',
  'connection' => 'close',
  'accept-encoding' => 'gzip, deflate',
  'accept-language' => 'zh-CN,zh;q=0.8,zh-TW;q=0.7,zh-HK;q=0.5,en-US;q=0.3,en;q=0.2',
  'accept' => 'text/html,application/xhtml+xml,application/xml;q=0.9,image/avif,image/webp,*/*;q=0.8',
  'user-agent' => 'Mozilla/5.0 (Windows NT 10.0; Win64; x64; rv:105.0) Gecko/20100101 Firefox/105.0',
  'host' => 'api.newkefu.com',
)
[ info ] [ PARAM ] array (
  '/scripts/scripts/run' => '',
)
[ info ] [ CACHE ] INIT redis
[ info ] [ RUN ] app\scripts\controller\Scripts->run[ D:\phpstudy_pro\WWW\new_kefu_online\application\scripts\controller\Scripts.php ]
[ info ] [ DB ] INIT mysql
[ info ] [ DB ] INIT mysql
[ info ] [ LOG ] INIT File
[ error ] [8]未定义数组索引: youyu[D:\phpstudy_pro\WWW\new_kefu_online\common\server\Game\BlockServer.php:58]
---------------------------------------------------------------
[ 2022-10-10T11:53:56+08:00 ] 127.0.0.1 GET api.newkefu.com/scripts/scripts/run
[运行时间：0.102212s] [吞吐率：9.78req/s] [内存消耗：4,538.88kb] [文件加载：191]
[ info ] [ LANG ] D:\phpstudy_pro\WWW\new_kefu_online\thinkphp\lang\zh-cn.php
[ info ] [ ROUTE ] array (
  'type' => 'module',
  'module' => 
  array (
    0 => 'scripts',
    1 => 'scripts',
    2 => 'run',
  ),
)
[ info ] [ HEADER ] array (
  'upgrade-insecure-requests' => '1',
  'connection' => 'close',
  'accept-encoding' => 'gzip, deflate',
  'accept-language' => 'zh-CN,zh;q=0.8,zh-TW;q=0.7,zh-HK;q=0.5,en-US;q=0.3,en;q=0.2',
  'accept' => 'text/html,application/xhtml+xml,application/xml;q=0.9,image/avif,image/webp,*/*;q=0.8',
  'user-agent' => 'Mozilla/5.0 (Windows NT 10.0; Win64; x64; rv:105.0) Gecko/20100101 Firefox/105.0',
  'host' => 'api.newkefu.com',
)
[ info ] [ PARAM ] array (
  '/scripts/scripts/run' => '',
)
[ info ] [ CACHE ] INIT redis
[ info ] [ RUN ] app\scripts\controller\Scripts->run[ D:\phpstudy_pro\WWW\new_kefu_online\application\scripts\controller\Scripts.php ]
[ info ] [ DB ] INIT mysql
[ info ] [ DB ] INIT mysql
[ info ] [ LOG ] INIT File
[ error ] [8]未定义数组索引: youyu[D:\phpstudy_pro\WWW\new_kefu_online\common\server\Game\BlockServer.php:58]
---------------------------------------------------------------
[ 2022-10-10T11:54:03+08:00 ] 127.0.0.1 GET api.newkefu.com/scripts/scripts/run
[运行时间：0.105007s] [吞吐率：9.52req/s] [内存消耗：4,536.88kb] [文件加载：190]
[ info ] [ LANG ] D:\phpstudy_pro\WWW\new_kefu_online\thinkphp\lang\zh-cn.php
[ info ] [ ROUTE ] array (
  'type' => 'module',
  'module' => 
  array (
    0 => 'scripts',
    1 => 'scripts',
    2 => 'run',
  ),
)
[ info ] [ HEADER ] array (
  'upgrade-insecure-requests' => '1',
  'connection' => 'close',
  'accept-encoding' => 'gzip, deflate',
  'accept-language' => 'zh-CN,zh;q=0.8,zh-TW;q=0.7,zh-HK;q=0.5,en-US;q=0.3,en;q=0.2',
  'accept' => 'text/html,application/xhtml+xml,application/xml;q=0.9,image/avif,image/webp,*/*;q=0.8',
  'user-agent' => 'Mozilla/5.0 (Windows NT 10.0; Win64; x64; rv:105.0) Gecko/20100101 Firefox/105.0',
  'host' => 'api.newkefu.com',
)
[ info ] [ PARAM ] array (
  '/scripts/scripts/run' => '',
)
[ info ] [ CACHE ] INIT redis
[ info ] [ RUN ] app\scripts\controller\Scripts->run[ D:\phpstudy_pro\WWW\new_kefu_online\application\scripts\controller\Scripts.php ]
[ info ] [ DB ] INIT mysql
[ info ] [ DB ] INIT mysql
[ info ] [ LOG ] INIT File
[ error ] [0]致命错误: Cannot use [] for reading[D:\phpstudy_pro\WWW\new_kefu_online\common\server\Game\BlockServer.php:58]
---------------------------------------------------------------
[ 2022-10-10T11:54:08+08:00 ] 127.0.0.1 GET api.newkefu.com/scripts/scripts/run
[运行时间：0.104510s] [吞吐率：9.57req/s] [内存消耗：4,476.21kb] [文件加载：185]
[ info ] [ LANG ] D:\phpstudy_pro\WWW\new_kefu_online\thinkphp\lang\zh-cn.php
[ info ] [ ROUTE ] array (
  'type' => 'module',
  'module' => 
  array (
    0 => 'scripts',
    1 => 'scripts',
    2 => 'run',
  ),
)
[ info ] [ HEADER ] array (
  'upgrade-insecure-requests' => '1',
  'connection' => 'close',
  'accept-encoding' => 'gzip, deflate',
  'accept-language' => 'zh-CN,zh;q=0.8,zh-TW;q=0.7,zh-HK;q=0.5,en-US;q=0.3,en;q=0.2',
  'accept' => 'text/html,application/xhtml+xml,application/xml;q=0.9,image/avif,image/webp,*/*;q=0.8',
  'user-agent' => 'Mozilla/5.0 (Windows NT 10.0; Win64; x64; rv:105.0) Gecko/20100101 Firefox/105.0',
  'host' => 'api.newkefu.com',
)
[ info ] [ PARAM ] array (
  '/scripts/scripts/run' => '',
)
[ info ] [ CACHE ] INIT redis
[ info ] [ RUN ] app\scripts\controller\Scripts->run[ D:\phpstudy_pro\WWW\new_kefu_online\application\scripts\controller\Scripts.php ]
[ info ] [ DB ] INIT mysql
[ info ] [ DB ] INIT mysql
[ info ] [ LOG ] INIT File
---------------------------------------------------------------
[ 2022-10-10T11:54:31+08:00 ] 127.0.0.1 GET api.newkefu.com/scripts/scripts/run
[运行时间：0.097219s] [吞吐率：10.29req/s] [内存消耗：4,460.21kb] [文件加载：185]
[ info ] [ LANG ] D:\phpstudy_pro\WWW\new_kefu_online\thinkphp\lang\zh-cn.php
[ info ] [ ROUTE ] array (
  'type' => 'module',
  'module' => 
  array (
    0 => 'scripts',
    1 => 'scripts',
    2 => 'run',
  ),
)
[ info ] [ HEADER ] array (
  'upgrade-insecure-requests' => '1',
  'connection' => 'close',
  'accept-encoding' => 'gzip, deflate',
  'accept-language' => 'zh-CN,zh;q=0.8,zh-TW;q=0.7,zh-HK;q=0.5,en-US;q=0.3,en;q=0.2',
  'accept' => 'text/html,application/xhtml+xml,application/xml;q=0.9,image/avif,image/webp,*/*;q=0.8',
  'user-agent' => 'Mozilla/5.0 (Windows NT 10.0; Win64; x64; rv:105.0) Gecko/20100101 Firefox/105.0',
  'host' => 'api.newkefu.com',
)
[ info ] [ PARAM ] array (
  '/scripts/scripts/run' => '',
)
[ info ] [ CACHE ] INIT redis
[ info ] [ RUN ] app\scripts\controller\Scripts->run[ D:\phpstudy_pro\WWW\new_kefu_online\application\scripts\controller\Scripts.php ]
[ info ] [ DB ] INIT mysql
[ info ] [ DB ] INIT mysql
[ info ] [ LOG ] INIT File
---------------------------------------------------------------
[ 2022-10-10T12:06:53+08:00 ] 127.0.0.1 GET api.newkefu.com/scripts/scripts/run
[运行时间：0.113958s] [吞吐率：8.78req/s] [内存消耗：4,572.80kb] [文件加载：187]
[ info ] [ LANG ] D:\phpstudy_pro\WWW\new_kefu_online\thinkphp\lang\zh-cn.php
[ info ] [ ROUTE ] array (
  'type' => 'module',
  'module' => 
  array (
    0 => 'scripts',
    1 => 'scripts',
    2 => 'run',
  ),
)
[ info ] [ HEADER ] array (
  'upgrade-insecure-requests' => '1',
  'connection' => 'close',
  'accept-encoding' => 'gzip, deflate',
  'accept-language' => 'zh-CN,zh;q=0.8,zh-TW;q=0.7,zh-HK;q=0.5,en-US;q=0.3,en;q=0.2',
  'accept' => 'text/html,application/xhtml+xml,application/xml;q=0.9,image/avif,image/webp,*/*;q=0.8',
  'user-agent' => 'Mozilla/5.0 (Windows NT 10.0; Win64; x64; rv:105.0) Gecko/20100101 Firefox/105.0',
  'host' => 'api.newkefu.com',
)
[ info ] [ PARAM ] array (
  '/scripts/scripts/run' => '',
)
[ info ] [ CACHE ] INIT redis
[ info ] [ RUN ] app\scripts\controller\Scripts->run[ D:\phpstudy_pro\WWW\new_kefu_online\application\scripts\controller\Scripts.php ]
[ info ] [ DB ] INIT mysql
[ info ] [ DB ] INIT mysql
[ info ] [ DB ] INIT mysql
[ info ] [ LOG ] INIT File
---------------------------------------------------------------
[ 2022-10-10T12:13:14+08:00 ] 127.0.0.1 GET api.newkefu.com/scripts/scripts/run
[运行时间：0.117667s] [吞吐率：8.50req/s] [内存消耗：4,658.67kb] [文件加载：188]
[ info ] [ LANG ] D:\phpstudy_pro\WWW\new_kefu_online\thinkphp\lang\zh-cn.php
[ info ] [ ROUTE ] array (
  'type' => 'module',
  'module' => 
  array (
    0 => 'scripts',
    1 => 'scripts',
    2 => 'run',
  ),
)
[ info ] [ HEADER ] array (
  'upgrade-insecure-requests' => '1',
  'connection' => 'close',
  'accept-encoding' => 'gzip, deflate',
  'accept-language' => 'zh-CN,zh;q=0.8,zh-TW;q=0.7,zh-HK;q=0.5,en-US;q=0.3,en;q=0.2',
  'accept' => 'text/html,application/xhtml+xml,application/xml;q=0.9,image/avif,image/webp,*/*;q=0.8',
  'user-agent' => 'Mozilla/5.0 (Windows NT 10.0; Win64; x64; rv:105.0) Gecko/20100101 Firefox/105.0',
  'host' => 'api.newkefu.com',
)
[ info ] [ PARAM ] array (
  '/scripts/scripts/run' => '',
)
[ info ] [ CACHE ] INIT redis
[ info ] [ RUN ] app\scripts\controller\Scripts->run[ D:\phpstudy_pro\WWW\new_kefu_online\application\scripts\controller\Scripts.php ]
[ info ] [ DB ] INIT mysql
[ info ] [ DB ] INIT mysql
[ info ] [ DB ] INIT mysql
[ info ] [ LOG ] INIT File
---------------------------------------------------------------
[ 2022-10-10T12:13:54+08:00 ] 127.0.0.1 GET api.newkefu.com/scripts/scripts/run
[运行时间：0.095510s] [吞吐率：10.47req/s] [内存消耗：4,391.51kb] [文件加载：184]
[ info ] [ LANG ] D:\phpstudy_pro\WWW\new_kefu_online\thinkphp\lang\zh-cn.php
[ info ] [ ROUTE ] array (
  'type' => 'module',
  'module' => 
  array (
    0 => 'scripts',
    1 => 'scripts',
    2 => 'run',
  ),
)
[ info ] [ HEADER ] array (
  'upgrade-insecure-requests' => '1',
  'connection' => 'close',
  'accept-encoding' => 'gzip, deflate',
  'accept-language' => 'zh-CN,zh;q=0.8,zh-TW;q=0.7,zh-HK;q=0.5,en-US;q=0.3,en;q=0.2',
  'accept' => 'text/html,application/xhtml+xml,application/xml;q=0.9,image/avif,image/webp,*/*;q=0.8',
  'user-agent' => 'Mozilla/5.0 (Windows NT 10.0; Win64; x64; rv:105.0) Gecko/20100101 Firefox/105.0',
  'host' => 'api.newkefu.com',
)
[ info ] [ PARAM ] array (
  '/scripts/scripts/run' => '',
)
[ info ] [ CACHE ] INIT redis
[ info ] [ RUN ] app\scripts\controller\Scripts->run[ D:\phpstudy_pro\WWW\new_kefu_online\application\scripts\controller\Scripts.php ]
[ info ] [ DB ] INIT mysql
[ info ] [ DB ] INIT mysql
[ info ] [ LOG ] INIT File
---------------------------------------------------------------
[ 2022-10-10T12:13:59+08:00 ] 127.0.0.1 GET api.newkefu.com/scripts/scripts/run
[运行时间：0.096624s] [吞吐率：10.35req/s] [内存消耗：4,391.51kb] [文件加载：184]
[ info ] [ LANG ] D:\phpstudy_pro\WWW\new_kefu_online\thinkphp\lang\zh-cn.php
[ info ] [ ROUTE ] array (
  'type' => 'module',
  'module' => 
  array (
    0 => 'scripts',
    1 => 'scripts',
    2 => 'run',
  ),
)
[ info ] [ HEADER ] array (
  'upgrade-insecure-requests' => '1',
  'connection' => 'close',
  'accept-encoding' => 'gzip, deflate',
  'accept-language' => 'zh-CN,zh;q=0.8,zh-TW;q=0.7,zh-HK;q=0.5,en-US;q=0.3,en;q=0.2',
  'accept' => 'text/html,application/xhtml+xml,application/xml;q=0.9,image/avif,image/webp,*/*;q=0.8',
  'user-agent' => 'Mozilla/5.0 (Windows NT 10.0; Win64; x64; rv:105.0) Gecko/20100101 Firefox/105.0',
  'host' => 'api.newkefu.com',
)
[ info ] [ PARAM ] array (
  '/scripts/scripts/run' => '',
)
[ info ] [ CACHE ] INIT redis
[ info ] [ RUN ] app\scripts\controller\Scripts->run[ D:\phpstudy_pro\WWW\new_kefu_online\application\scripts\controller\Scripts.php ]
[ info ] [ DB ] INIT mysql
[ info ] [ DB ] INIT mysql
[ info ] [ LOG ] INIT File
---------------------------------------------------------------
[ 2022-10-10T12:14:03+08:00 ] 127.0.0.1 GET api.newkefu.com/scripts/scripts/run
[运行时间：0.098269s] [吞吐率：10.18req/s] [内存消耗：4,491.57kb] [文件加载：187]
[ info ] [ LANG ] D:\phpstudy_pro\WWW\new_kefu_online\thinkphp\lang\zh-cn.php
[ info ] [ ROUTE ] array (
  'type' => 'module',
  'module' => 
  array (
    0 => 'scripts',
    1 => 'scripts',
    2 => 'run',
  ),
)
[ info ] [ HEADER ] array (
  'upgrade-insecure-requests' => '1',
  'connection' => 'close',
  'accept-encoding' => 'gzip, deflate',
  'accept-language' => 'zh-CN,zh;q=0.8,zh-TW;q=0.7,zh-HK;q=0.5,en-US;q=0.3,en;q=0.2',
  'accept' => 'text/html,application/xhtml+xml,application/xml;q=0.9,image/avif,image/webp,*/*;q=0.8',
  'user-agent' => 'Mozilla/5.0 (Windows NT 10.0; Win64; x64; rv:105.0) Gecko/20100101 Firefox/105.0',
  'host' => 'api.newkefu.com',
)
[ info ] [ PARAM ] array (
  '/scripts/scripts/run' => '',
)
[ info ] [ CACHE ] INIT redis
[ info ] [ RUN ] app\scripts\controller\Scripts->run[ D:\phpstudy_pro\WWW\new_kefu_online\application\scripts\controller\Scripts.php ]
[ info ] [ DB ] INIT mysql
[ info ] [ DB ] INIT mysql
[ info ] [ LOG ] INIT File
---------------------------------------------------------------
[ 2022-10-10T12:14:13+08:00 ] 127.0.0.1 GET api.newkefu.com/scripts/scripts/run
[运行时间：0.096783s] [吞吐率：10.33req/s] [内存消耗：4,458.48kb] [文件加载：185]
[ info ] [ LANG ] D:\phpstudy_pro\WWW\new_kefu_online\thinkphp\lang\zh-cn.php
[ info ] [ ROUTE ] array (
  'type' => 'module',
  'module' => 
  array (
    0 => 'scripts',
    1 => 'scripts',
    2 => 'run',
  ),
)
[ info ] [ HEADER ] array (
  'upgrade-insecure-requests' => '1',
  'connection' => 'close',
  'accept-encoding' => 'gzip, deflate',
  'accept-language' => 'zh-CN,zh;q=0.8,zh-TW;q=0.7,zh-HK;q=0.5,en-US;q=0.3,en;q=0.2',
  'accept' => 'text/html,application/xhtml+xml,application/xml;q=0.9,image/avif,image/webp,*/*;q=0.8',
  'user-agent' => 'Mozilla/5.0 (Windows NT 10.0; Win64; x64; rv:105.0) Gecko/20100101 Firefox/105.0',
  'host' => 'api.newkefu.com',
)
[ info ] [ PARAM ] array (
  '/scripts/scripts/run' => '',
)
[ info ] [ CACHE ] INIT redis
[ info ] [ RUN ] app\scripts\controller\Scripts->run[ D:\phpstudy_pro\WWW\new_kefu_online\application\scripts\controller\Scripts.php ]
[ info ] [ DB ] INIT mysql
[ info ] [ DB ] INIT mysql
[ info ] [ LOG ] INIT File
---------------------------------------------------------------
[ 2022-10-10T12:14:24+08:00 ] 127.0.0.1 GET api.newkefu.com/scripts/scripts/run
[运行时间：0.098081s] [吞吐率：10.20req/s] [内存消耗：4,461.04kb] [文件加载：185]
[ info ] [ LANG ] D:\phpstudy_pro\WWW\new_kefu_online\thinkphp\lang\zh-cn.php
[ info ] [ ROUTE ] array (
  'type' => 'module',
  'module' => 
  array (
    0 => 'scripts',
    1 => 'scripts',
    2 => 'run',
  ),
)
[ info ] [ HEADER ] array (
  'upgrade-insecure-requests' => '1',
  'connection' => 'close',
  'accept-encoding' => 'gzip, deflate',
  'accept-language' => 'zh-CN,zh;q=0.8,zh-TW;q=0.7,zh-HK;q=0.5,en-US;q=0.3,en;q=0.2',
  'accept' => 'text/html,application/xhtml+xml,application/xml;q=0.9,image/avif,image/webp,*/*;q=0.8',
  'user-agent' => 'Mozilla/5.0 (Windows NT 10.0; Win64; x64; rv:105.0) Gecko/20100101 Firefox/105.0',
  'host' => 'api.newkefu.com',
)
[ info ] [ PARAM ] array (
  '/scripts/scripts/run' => '',
)
[ info ] [ CACHE ] INIT redis
[ info ] [ RUN ] app\scripts\controller\Scripts->run[ D:\phpstudy_pro\WWW\new_kefu_online\application\scripts\controller\Scripts.php ]
[ info ] [ DB ] INIT mysql
[ info ] [ DB ] INIT mysql
[ info ] [ LOG ] INIT File
---------------------------------------------------------------
[ 2022-10-10T12:14:29+08:00 ] 127.0.0.1 GET api.newkefu.com/scripts/scripts/run
[运行时间：0.103970s] [吞吐率：9.62req/s] [内存消耗：4,461.04kb] [文件加载：185]
[ info ] [ LANG ] D:\phpstudy_pro\WWW\new_kefu_online\thinkphp\lang\zh-cn.php
[ info ] [ ROUTE ] array (
  'type' => 'module',
  'module' => 
  array (
    0 => 'scripts',
    1 => 'scripts',
    2 => 'run',
  ),
)
[ info ] [ HEADER ] array (
  'upgrade-insecure-requests' => '1',
  'connection' => 'close',
  'accept-encoding' => 'gzip, deflate',
  'accept-language' => 'zh-CN,zh;q=0.8,zh-TW;q=0.7,zh-HK;q=0.5,en-US;q=0.3,en;q=0.2',
  'accept' => 'text/html,application/xhtml+xml,application/xml;q=0.9,image/avif,image/webp,*/*;q=0.8',
  'user-agent' => 'Mozilla/5.0 (Windows NT 10.0; Win64; x64; rv:105.0) Gecko/20100101 Firefox/105.0',
  'host' => 'api.newkefu.com',
)
[ info ] [ PARAM ] array (
  '/scripts/scripts/run' => '',
)
[ info ] [ CACHE ] INIT redis
[ info ] [ RUN ] app\scripts\controller\Scripts->run[ D:\phpstudy_pro\WWW\new_kefu_online\application\scripts\controller\Scripts.php ]
[ info ] [ DB ] INIT mysql
[ info ] [ DB ] INIT mysql
[ info ] [ LOG ] INIT File
---------------------------------------------------------------
[ 2022-10-10T14:48:04+08:00 ] 127.0.0.1 GET api.newkefu.com/scripts/scripts/run
[运行时间：0.146154s] [吞吐率：6.84req/s] [内存消耗：4,648.91kb] [文件加载：187]
[ info ] [ LANG ] D:\phpstudy_pro\WWW\new_kefu_online\thinkphp\lang\zh-cn.php
[ info ] [ ROUTE ] array (
  'type' => 'module',
  'module' => 
  array (
    0 => 'scripts',
    1 => 'scripts',
    2 => 'run',
  ),
)
[ info ] [ HEADER ] array (
  'upgrade-insecure-requests' => '1',
  'connection' => 'close',
  'accept-encoding' => 'gzip, deflate',
  'accept-language' => 'zh-CN,zh;q=0.8,zh-TW;q=0.7,zh-HK;q=0.5,en-US;q=0.3,en;q=0.2',
  'accept' => 'text/html,application/xhtml+xml,application/xml;q=0.9,image/avif,image/webp,*/*;q=0.8',
  'user-agent' => 'Mozilla/5.0 (Windows NT 10.0; Win64; x64; rv:105.0) Gecko/20100101 Firefox/105.0',
  'host' => 'api.newkefu.com',
)
[ info ] [ PARAM ] array (
  '/scripts/scripts/run' => '',
)
[ info ] [ CACHE ] INIT redis
[ info ] [ DB ] INIT mysql
[ info ] [ RUN ] app\scripts\controller\Scripts->run[ D:\phpstudy_pro\WWW\new_kefu_online\application\scripts\controller\Scripts.php ]
[ info ] [ DB ] INIT mysql
[ info ] [ DB ] INIT mysql
[ info ] [ LOG ] INIT File
---------------------------------------------------------------
[ 2022-10-10T14:50:49+08:00 ] 127.0.0.1 GET api.newkefu.com/scripts/scripts/run
[运行时间：0.115327s] [吞吐率：8.67req/s] [内存消耗：4,461.68kb] [文件加载：185]
[ info ] [ LANG ] D:\phpstudy_pro\WWW\new_kefu_online\thinkphp\lang\zh-cn.php
[ info ] [ ROUTE ] array (
  'type' => 'module',
  'module' => 
  array (
    0 => 'scripts',
    1 => 'scripts',
    2 => 'run',
  ),
)
[ info ] [ HEADER ] array (
  'upgrade-insecure-requests' => '1',
  'connection' => 'close',
  'accept-encoding' => 'gzip, deflate',
  'accept-language' => 'zh-CN,zh;q=0.8,zh-TW;q=0.7,zh-HK;q=0.5,en-US;q=0.3,en;q=0.2',
  'accept' => 'text/html,application/xhtml+xml,application/xml;q=0.9,image/avif,image/webp,*/*;q=0.8',
  'user-agent' => 'Mozilla/5.0 (Windows NT 10.0; Win64; x64; rv:105.0) Gecko/20100101 Firefox/105.0',
  'host' => 'api.newkefu.com',
)
[ info ] [ PARAM ] array (
  '/scripts/scripts/run' => '',
)
[ info ] [ CACHE ] INIT redis
[ info ] [ RUN ] app\scripts\controller\Scripts->run[ D:\phpstudy_pro\WWW\new_kefu_online\application\scripts\controller\Scripts.php ]
[ info ] [ DB ] INIT mysql
[ info ] [ DB ] INIT mysql
[ info ] [ LOG ] INIT File
---------------------------------------------------------------
[ 2022-10-10T14:51:27+08:00 ] 127.0.0.1 GET api.newkefu.com/scripts/scripts/run
[运行时间：0.105295s] [吞吐率：9.50req/s] [内存消耗：4,649.60kb] [文件加载：193]
[ info ] [ LANG ] D:\phpstudy_pro\WWW\new_kefu_online\thinkphp\lang\zh-cn.php
[ info ] [ ROUTE ] array (
  'type' => 'module',
  'module' => 
  array (
    0 => 'scripts',
    1 => 'scripts',
    2 => 'run',
  ),
)
[ info ] [ HEADER ] array (
  'upgrade-insecure-requests' => '1',
  'connection' => 'close',
  'accept-encoding' => 'gzip, deflate',
  'accept-language' => 'zh-CN,zh;q=0.8,zh-TW;q=0.7,zh-HK;q=0.5,en-US;q=0.3,en;q=0.2',
  'accept' => 'text/html,application/xhtml+xml,application/xml;q=0.9,image/avif,image/webp,*/*;q=0.8',
  'user-agent' => 'Mozilla/5.0 (Windows NT 10.0; Win64; x64; rv:105.0) Gecko/20100101 Firefox/105.0',
  'host' => 'api.newkefu.com',
)
[ info ] [ PARAM ] array (
  '/scripts/scripts/run' => '',
)
[ info ] [ CACHE ] INIT redis
[ info ] [ RUN ] app\scripts\controller\Scripts->run[ D:\phpstudy_pro\WWW\new_kefu_online\application\scripts\controller\Scripts.php ]
[ info ] [ DB ] INIT mysql
[ info ] [ DB ] INIT mysql
[ info ] [ DB ] INIT mysql
[ info ] [ LOG ] INIT File
[ error ] [2]Illegal string offset 'uid'[D:\phpstudy_pro\WWW\new_kefu_online\common\server\Game\BlockServer.php:81]
---------------------------------------------------------------
[ 2022-10-10T14:51:55+08:00 ] 127.0.0.1 GET api.newkefu.com/scripts/scripts/run
[运行时间：0.102211s] [吞吐率：9.78req/s] [内存消耗：4,572.86kb] [文件加载：187]
[ info ] [ LANG ] D:\phpstudy_pro\WWW\new_kefu_online\thinkphp\lang\zh-cn.php
[ info ] [ ROUTE ] array (
  'type' => 'module',
  'module' => 
  array (
    0 => 'scripts',
    1 => 'scripts',
    2 => 'run',
  ),
)
[ info ] [ HEADER ] array (
  'upgrade-insecure-requests' => '1',
  'connection' => 'close',
  'accept-encoding' => 'gzip, deflate',
  'accept-language' => 'zh-CN,zh;q=0.8,zh-TW;q=0.7,zh-HK;q=0.5,en-US;q=0.3,en;q=0.2',
  'accept' => 'text/html,application/xhtml+xml,application/xml;q=0.9,image/avif,image/webp,*/*;q=0.8',
  'user-agent' => 'Mozilla/5.0 (Windows NT 10.0; Win64; x64; rv:105.0) Gecko/20100101 Firefox/105.0',
  'host' => 'api.newkefu.com',
)
[ info ] [ PARAM ] array (
  '/scripts/scripts/run' => '',
)
[ info ] [ CACHE ] INIT redis
[ info ] [ RUN ] app\scripts\controller\Scripts->run[ D:\phpstudy_pro\WWW\new_kefu_online\application\scripts\controller\Scripts.php ]
[ info ] [ DB ] INIT mysql
[ info ] [ DB ] INIT mysql
[ info ] [ DB ] INIT mysql
[ info ] [ LOG ] INIT File
---------------------------------------------------------------
[ 2022-10-10T14:52:35+08:00 ] 127.0.0.1 GET api.newkefu.com/scripts/scripts/run
[运行时间：0.099798s] [吞吐率：10.02req/s] [内存消耗：4,572.77kb] [文件加载：187]
[ info ] [ LANG ] D:\phpstudy_pro\WWW\new_kefu_online\thinkphp\lang\zh-cn.php
[ info ] [ ROUTE ] array (
  'type' => 'module',
  'module' => 
  array (
    0 => 'scripts',
    1 => 'scripts',
    2 => 'run',
  ),
)
[ info ] [ HEADER ] array (
  'upgrade-insecure-requests' => '1',
  'connection' => 'close',
  'accept-encoding' => 'gzip, deflate',
  'accept-language' => 'zh-CN,zh;q=0.8,zh-TW;q=0.7,zh-HK;q=0.5,en-US;q=0.3,en;q=0.2',
  'accept' => 'text/html,application/xhtml+xml,application/xml;q=0.9,image/avif,image/webp,*/*;q=0.8',
  'user-agent' => 'Mozilla/5.0 (Windows NT 10.0; Win64; x64; rv:105.0) Gecko/20100101 Firefox/105.0',
  'host' => 'api.newkefu.com',
)
[ info ] [ PARAM ] array (
  '/scripts/scripts/run' => '',
)
[ info ] [ CACHE ] INIT redis
[ info ] [ RUN ] app\scripts\controller\Scripts->run[ D:\phpstudy_pro\WWW\new_kefu_online\application\scripts\controller\Scripts.php ]
[ info ] [ DB ] INIT mysql
[ info ] [ DB ] INIT mysql
[ info ] [ DB ] INIT mysql
[ info ] [ LOG ] INIT File
---------------------------------------------------------------
[ 2022-10-10T14:53:45+08:00 ] 127.0.0.1 GET api.newkefu.com/scripts/scripts/run
[运行时间：0.109670s] [吞吐率：9.12req/s] [内存消耗：4,461.00kb] [文件加载：185]
[ info ] [ LANG ] D:\phpstudy_pro\WWW\new_kefu_online\thinkphp\lang\zh-cn.php
[ info ] [ ROUTE ] array (
  'type' => 'module',
  'module' => 
  array (
    0 => 'scripts',
    1 => 'scripts',
    2 => 'run',
  ),
)
[ info ] [ HEADER ] array (
  'upgrade-insecure-requests' => '1',
  'connection' => 'close',
  'accept-encoding' => 'gzip, deflate',
  'accept-language' => 'zh-CN,zh;q=0.8,zh-TW;q=0.7,zh-HK;q=0.5,en-US;q=0.3,en;q=0.2',
  'accept' => 'text/html,application/xhtml+xml,application/xml;q=0.9,image/avif,image/webp,*/*;q=0.8',
  'user-agent' => 'Mozilla/5.0 (Windows NT 10.0; Win64; x64; rv:105.0) Gecko/20100101 Firefox/105.0',
  'host' => 'api.newkefu.com',
)
[ info ] [ PARAM ] array (
  '/scripts/scripts/run' => '',
)
[ info ] [ CACHE ] INIT redis
[ info ] [ RUN ] app\scripts\controller\Scripts->run[ D:\phpstudy_pro\WWW\new_kefu_online\application\scripts\controller\Scripts.php ]
[ info ] [ DB ] INIT mysql
[ info ] [ DB ] INIT mysql
[ info ] [ LOG ] INIT File
---------------------------------------------------------------
[ 2022-10-10T14:54:22+08:00 ] 127.0.0.1 GET api.newkefu.com/scripts/scripts/run
[运行时间：0.115071s] [吞吐率：8.69req/s] [内存消耗：4,573.81kb] [文件加载：187]
[ info ] [ LANG ] D:\phpstudy_pro\WWW\new_kefu_online\thinkphp\lang\zh-cn.php
[ info ] [ ROUTE ] array (
  'type' => 'module',
  'module' => 
  array (
    0 => 'scripts',
    1 => 'scripts',
    2 => 'run',
  ),
)
[ info ] [ HEADER ] array (
  'upgrade-insecure-requests' => '1',
  'connection' => 'close',
  'accept-encoding' => 'gzip, deflate',
  'accept-language' => 'zh-CN,zh;q=0.8,zh-TW;q=0.7,zh-HK;q=0.5,en-US;q=0.3,en;q=0.2',
  'accept' => 'text/html,application/xhtml+xml,application/xml;q=0.9,image/avif,image/webp,*/*;q=0.8',
  'user-agent' => 'Mozilla/5.0 (Windows NT 10.0; Win64; x64; rv:105.0) Gecko/20100101 Firefox/105.0',
  'host' => 'api.newkefu.com',
)
[ info ] [ PARAM ] array (
  '/scripts/scripts/run' => '',
)
[ info ] [ CACHE ] INIT redis
[ info ] [ RUN ] app\scripts\controller\Scripts->run[ D:\phpstudy_pro\WWW\new_kefu_online\application\scripts\controller\Scripts.php ]
[ info ] [ DB ] INIT mysql
[ info ] [ DB ] INIT mysql
[ info ] [ DB ] INIT mysql
[ info ] [ LOG ] INIT File
---------------------------------------------------------------
[ 2022-10-10T14:55:07+08:00 ] 127.0.0.1 GET api.newkefu.com/scripts/scripts/run
[运行时间：0.097945s] [吞吐率：10.21req/s] [内存消耗：4,461.68kb] [文件加载：185]
[ info ] [ LANG ] D:\phpstudy_pro\WWW\new_kefu_online\thinkphp\lang\zh-cn.php
[ info ] [ ROUTE ] array (
  'type' => 'module',
  'module' => 
  array (
    0 => 'scripts',
    1 => 'scripts',
    2 => 'run',
  ),
)
[ info ] [ HEADER ] array (
  'upgrade-insecure-requests' => '1',
  'connection' => 'close',
  'accept-encoding' => 'gzip, deflate',
  'accept-language' => 'zh-CN,zh;q=0.8,zh-TW;q=0.7,zh-HK;q=0.5,en-US;q=0.3,en;q=0.2',
  'accept' => 'text/html,application/xhtml+xml,application/xml;q=0.9,image/avif,image/webp,*/*;q=0.8',
  'user-agent' => 'Mozilla/5.0 (Windows NT 10.0; Win64; x64; rv:105.0) Gecko/20100101 Firefox/105.0',
  'host' => 'api.newkefu.com',
)
[ info ] [ PARAM ] array (
  '/scripts/scripts/run' => '',
)
[ info ] [ CACHE ] INIT redis
[ info ] [ RUN ] app\scripts\controller\Scripts->run[ D:\phpstudy_pro\WWW\new_kefu_online\application\scripts\controller\Scripts.php ]
[ info ] [ DB ] INIT mysql
[ info ] [ DB ] INIT mysql
[ info ] [ LOG ] INIT File
---------------------------------------------------------------
[ 2022-10-10T14:55:13+08:00 ] 127.0.0.1 GET api.newkefu.com/scripts/scripts/run
[运行时间：0.097254s] [吞吐率：10.28req/s] [内存消耗：4,461.68kb] [文件加载：185]
[ info ] [ LANG ] D:\phpstudy_pro\WWW\new_kefu_online\thinkphp\lang\zh-cn.php
[ info ] [ ROUTE ] array (
  'type' => 'module',
  'module' => 
  array (
    0 => 'scripts',
    1 => 'scripts',
    2 => 'run',
  ),
)
[ info ] [ HEADER ] array (
  'upgrade-insecure-requests' => '1',
  'connection' => 'close',
  'accept-encoding' => 'gzip, deflate',
  'accept-language' => 'zh-CN,zh;q=0.8,zh-TW;q=0.7,zh-HK;q=0.5,en-US;q=0.3,en;q=0.2',
  'accept' => 'text/html,application/xhtml+xml,application/xml;q=0.9,image/avif,image/webp,*/*;q=0.8',
  'user-agent' => 'Mozilla/5.0 (Windows NT 10.0; Win64; x64; rv:105.0) Gecko/20100101 Firefox/105.0',
  'host' => 'api.newkefu.com',
)
[ info ] [ PARAM ] array (
  '/scripts/scripts/run' => '',
)
[ info ] [ CACHE ] INIT redis
[ info ] [ RUN ] app\scripts\controller\Scripts->run[ D:\phpstudy_pro\WWW\new_kefu_online\application\scripts\controller\Scripts.php ]
[ info ] [ DB ] INIT mysql
[ info ] [ DB ] INIT mysql
[ info ] [ LOG ] INIT File
---------------------------------------------------------------
[ 2022-10-10T14:55:26+08:00 ] 127.0.0.1 GET api.newkefu.com/scripts/scripts/run
[运行时间：0.100268s] [吞吐率：9.97req/s] [内存消耗：4,461.68kb] [文件加载：185]
[ info ] [ LANG ] D:\phpstudy_pro\WWW\new_kefu_online\thinkphp\lang\zh-cn.php
[ info ] [ ROUTE ] array (
  'type' => 'module',
  'module' => 
  array (
    0 => 'scripts',
    1 => 'scripts',
    2 => 'run',
  ),
)
[ info ] [ HEADER ] array (
  'upgrade-insecure-requests' => '1',
  'connection' => 'close',
  'accept-encoding' => 'gzip, deflate',
  'accept-language' => 'zh-CN,zh;q=0.8,zh-TW;q=0.7,zh-HK;q=0.5,en-US;q=0.3,en;q=0.2',
  'accept' => 'text/html,application/xhtml+xml,application/xml;q=0.9,image/avif,image/webp,*/*;q=0.8',
  'user-agent' => 'Mozilla/5.0 (Windows NT 10.0; Win64; x64; rv:105.0) Gecko/20100101 Firefox/105.0',
  'host' => 'api.newkefu.com',
)
[ info ] [ PARAM ] array (
  '/scripts/scripts/run' => '',
)
[ info ] [ CACHE ] INIT redis
[ info ] [ RUN ] app\scripts\controller\Scripts->run[ D:\phpstudy_pro\WWW\new_kefu_online\application\scripts\controller\Scripts.php ]
[ info ] [ DB ] INIT mysql
[ info ] [ DB ] INIT mysql
[ info ] [ LOG ] INIT File
---------------------------------------------------------------
[ 2022-10-10T14:55:49+08:00 ] 127.0.0.1 GET api.newkefu.com/scripts/scripts/run
[运行时间：0.111810s] [吞吐率：8.94req/s] [内存消耗：4,572.07kb] [文件加载：187]
[ info ] [ LANG ] D:\phpstudy_pro\WWW\new_kefu_online\thinkphp\lang\zh-cn.php
[ info ] [ ROUTE ] array (
  'type' => 'module',
  'module' => 
  array (
    0 => 'scripts',
    1 => 'scripts',
    2 => 'run',
  ),
)
[ info ] [ HEADER ] array (
  'upgrade-insecure-requests' => '1',
  'connection' => 'close',
  'accept-encoding' => 'gzip, deflate',
  'accept-language' => 'zh-CN,zh;q=0.8,zh-TW;q=0.7,zh-HK;q=0.5,en-US;q=0.3,en;q=0.2',
  'accept' => 'text/html,application/xhtml+xml,application/xml;q=0.9,image/avif,image/webp,*/*;q=0.8',
  'user-agent' => 'Mozilla/5.0 (Windows NT 10.0; Win64; x64; rv:105.0) Gecko/20100101 Firefox/105.0',
  'host' => 'api.newkefu.com',
)
[ info ] [ PARAM ] array (
  '/scripts/scripts/run' => '',
)
[ info ] [ CACHE ] INIT redis
[ info ] [ RUN ] app\scripts\controller\Scripts->run[ D:\phpstudy_pro\WWW\new_kefu_online\application\scripts\controller\Scripts.php ]
[ info ] [ DB ] INIT mysql
[ info ] [ DB ] INIT mysql
[ info ] [ DB ] INIT mysql
[ info ] [ LOG ] INIT File
---------------------------------------------------------------
[ 2022-10-10T14:55:53+08:00 ] 127.0.0.1 GET api.newkefu.com/scripts/scripts/run
[运行时间：0.112475s] [吞吐率：8.89req/s] [内存消耗：4,573.81kb] [文件加载：187]
[ info ] [ LANG ] D:\phpstudy_pro\WWW\new_kefu_online\thinkphp\lang\zh-cn.php
[ info ] [ ROUTE ] array (
  'type' => 'module',
  'module' => 
  array (
    0 => 'scripts',
    1 => 'scripts',
    2 => 'run',
  ),
)
[ info ] [ HEADER ] array (
  'upgrade-insecure-requests' => '1',
  'connection' => 'close',
  'accept-encoding' => 'gzip, deflate',
  'accept-language' => 'zh-CN,zh;q=0.8,zh-TW;q=0.7,zh-HK;q=0.5,en-US;q=0.3,en;q=0.2',
  'accept' => 'text/html,application/xhtml+xml,application/xml;q=0.9,image/avif,image/webp,*/*;q=0.8',
  'user-agent' => 'Mozilla/5.0 (Windows NT 10.0; Win64; x64; rv:105.0) Gecko/20100101 Firefox/105.0',
  'host' => 'api.newkefu.com',
)
[ info ] [ PARAM ] array (
  '/scripts/scripts/run' => '',
)
[ info ] [ CACHE ] INIT redis
[ info ] [ RUN ] app\scripts\controller\Scripts->run[ D:\phpstudy_pro\WWW\new_kefu_online\application\scripts\controller\Scripts.php ]
[ info ] [ DB ] INIT mysql
[ info ] [ DB ] INIT mysql
[ info ] [ DB ] INIT mysql
[ info ] [ LOG ] INIT File
