---------------------------------------------------------------
[ 2022-10-28T16:03:17+08:00 ] 127.0.0.1 GET api.newkefu.com/admin/inner_account/index?page=1&limit=20
[运行时间：0.181073s] [吞吐率：5.52req/s] [内存消耗：5,055.40kb] [文件加载：200]
[ info ] [ LANG ] D:\phpstudy_pro\WWW\new_kefu_online\thinkphp\lang\zh-cn.php
[ info ] [ ROUTE ] array (
  'type' => 'module',
  'module' => 
  array (
    0 => 'admin',
    1 => 'inner_account',
    2 => 'index',
  ),
)
[ info ] [ HEADER ] array (
  'referer' => 'http://www.newkefu.com/',
  'connection' => 'close',
  'origin' => 'http://www.newkefu.com',
  'platform' => 'youyu',
  'token' => 'eyJ0eXAiOiJKV1QiLCJhbGciOiJIUzI1NiIsImp0aSI6ImxYWGluZyJ9.eyJpc3MiOiJhcGkubmV3a2VmdS5jb20iLCJqdGkiOiJsWFhpbmciLCJpYXQiOjE2NjY3NDk2NTYsImV4cCI6MTY2OTM0MTY1NiwidWlkIjoxNDN9._sd6cfNwrBrBvl2Aqq00tsWjVGvZpCIB2R0u1I7fTdw',
  'accept-encoding' => 'gzip, deflate',
  'accept-language' => 'zh-CN,zh;q=0.8,zh-TW;q=0.7,zh-HK;q=0.5,en-US;q=0.3,en;q=0.2',
  'accept' => 'application/json, text/javascript, */*; q=0.01',
  'user-agent' => 'Mozilla/5.0 (Windows NT 10.0; Win64; x64; rv:105.0) Gecko/20100101 Firefox/105.0',
  'host' => 'api.newkefu.com',
)
[ info ] [ PARAM ] array (
  '/admin/inner_account/index' => '',
  'page' => '1',
  'limit' => '20',
)
[ info ] [ DB ] INIT mysql
[ info ] [ CACHE ] INIT redis
[ info ] [ DB ] INIT mysql
[ info ] [ DB ] INIT mysql
[ info ] [ RUN ] app\admin\controller\InnerAccount->index[ D:\phpstudy_pro\WWW\new_kefu_online\application\admin\controller\InnerAccount.php ]
[ info ] [ DB ] INIT mysql
[ info ] [ LOG ] INIT File
[ sql ] [ DB ] CONNECT:[ UseTime:0.001431s ] mysql:host=127.0.0.1;port=3306;dbname=gr_chat;charset=utf8
[ sql ] [ SQL ] SHOW COLUMNS FROM `gr_user_group` [ RunTime:0.001264s ]
[ sql ] [ SQL ] SELECT * FROM `gr_user_group` WHERE  `id` IN (17,10,11,5,14,8,9,7,16) [ RunTime:0.000498s ]
[ sql ] [ SQL ] SHOW COLUMNS FROM `gr_menu_new` [ RunTime:0.000670s ]
[ sql ] [ SQL ] SELECT m.menu_id as id,`m`.`menu_name`,`m`.`p_id`,`m`.`controller`,`m`.`action`,`m`.`is_show`,`m`.`url`,`m`.`type` FROM `gr_menu_new` `m` ORDER BY `p_id` ASC,`sort` ASC,`id` ASC [ RunTime:0.003760s ]
---------------------------------------------------------------
[ 2022-10-28T16:03:18+08:00 ] 127.0.0.1 POST api.newkefu.com/admin/account_registration/getAdminDepartment
[运行时间：0.093133s] [吞吐率：10.74req/s] [内存消耗：4,849.00kb] [文件加载：195]
[ info ] [ LANG ] D:\phpstudy_pro\WWW\new_kefu_online\thinkphp\lang\zh-cn.php
[ info ] [ ROUTE ] array (
  'type' => 'module',
  'module' => 
  array (
    0 => 'admin',
    1 => 'account_registration',
    2 => 'getAdminDepartment',
  ),
)
[ info ] [ HEADER ] array (
  'content-length' => '0',
  'referer' => 'http://www.newkefu.com/',
  'connection' => 'close',
  'origin' => 'http://www.newkefu.com',
  'platform' => 'youyu',
  'token' => 'eyJ0eXAiOiJKV1QiLCJhbGciOiJIUzI1NiIsImp0aSI6ImxYWGluZyJ9.eyJpc3MiOiJhcGkubmV3a2VmdS5jb20iLCJqdGkiOiJsWFhpbmciLCJpYXQiOjE2NjY3NDk2NTYsImV4cCI6MTY2OTM0MTY1NiwidWlkIjoxNDN9._sd6cfNwrBrBvl2Aqq00tsWjVGvZpCIB2R0u1I7fTdw',
  'accept-encoding' => 'gzip, deflate',
  'accept-language' => 'zh-CN,zh;q=0.8,zh-TW;q=0.7,zh-HK;q=0.5,en-US;q=0.3,en;q=0.2',
  'accept' => 'application/json, text/javascript, */*; q=0.01',
  'user-agent' => 'Mozilla/5.0 (Windows NT 10.0; Win64; x64; rv:105.0) Gecko/20100101 Firefox/105.0',
  'host' => 'api.newkefu.com',
)
[ info ] [ PARAM ] array (
  '/admin/account_registration/getAdminDepartment' => '',
)
[ info ] [ DB ] INIT mysql
[ info ] [ CACHE ] INIT redis
[ info ] [ DB ] INIT mysql
[ info ] [ RUN ] app\admin\controller\AccountRegistration->getAdminDepartment[ D:\phpstudy_pro\WWW\new_kefu_online\application\admin\controller\AccountRegistration.php ]
[ info ] [ LOG ] INIT File
[ sql ] [ DB ] CONNECT:[ UseTime:0.001208s ] mysql:host=127.0.0.1;port=3306;dbname=gr_chat;charset=utf8
[ sql ] [ SQL ] SHOW COLUMNS FROM `gr_user_group` [ RunTime:0.000763s ]
[ sql ] [ SQL ] SELECT * FROM `gr_user_group` WHERE  `id` IN (17,10,11,5,14,8,9,7,16) [ RunTime:0.000406s ]
[ sql ] [ SQL ] SHOW COLUMNS FROM `gr_menu_new` [ RunTime:0.000791s ]
[ sql ] [ SQL ] SELECT m.menu_id as id,`m`.`menu_name`,`m`.`p_id`,`m`.`controller`,`m`.`action`,`m`.`is_show`,`m`.`url`,`m`.`type` FROM `gr_menu_new` `m` ORDER BY `p_id` ASC,`sort` ASC,`id` ASC [ RunTime:0.000934s ]
---------------------------------------------------------------
[ 2022-10-28T16:24:19+08:00 ] 127.0.0.1 POST api.newkefu.com/admin/inner_account/getOne
[运行时间：0.115665s] [吞吐率：8.65req/s] [内存消耗：4,939.41kb] [文件加载：198]
[ info ] [ LANG ] D:\phpstudy_pro\WWW\new_kefu_online\thinkphp\lang\zh-cn.php
[ info ] [ ROUTE ] array (
  'type' => 'module',
  'module' => 
  array (
    0 => 'admin',
    1 => 'inner_account',
    2 => 'getOne',
  ),
)
[ info ] [ HEADER ] array (
  'content-length' => '0',
  'referer' => 'http://www.newkefu.com/',
  'connection' => 'close',
  'origin' => 'http://www.newkefu.com',
  'platform' => 'youyu',
  'token' => 'eyJ0eXAiOiJKV1QiLCJhbGciOiJIUzI1NiIsImp0aSI6ImxYWGluZyJ9.eyJpc3MiOiJhcGkubmV3a2VmdS5jb20iLCJqdGkiOiJsWFhpbmciLCJpYXQiOjE2NjY3NDk2NTYsImV4cCI6MTY2OTM0MTY1NiwidWlkIjoxNDN9._sd6cfNwrBrBvl2Aqq00tsWjVGvZpCIB2R0u1I7fTdw',
  'accept-encoding' => 'gzip, deflate',
  'accept-language' => 'zh-CN,zh;q=0.8,zh-TW;q=0.7,zh-HK;q=0.5,en-US;q=0.3,en;q=0.2',
  'accept' => 'application/json, text/javascript, */*; q=0.01',
  'user-agent' => 'Mozilla/5.0 (Windows NT 10.0; Win64; x64; rv:105.0) Gecko/20100101 Firefox/105.0',
  'host' => 'api.newkefu.com',
)
[ info ] [ PARAM ] array (
  '/admin/inner_account/getOne' => '',
)
[ info ] [ DB ] INIT mysql
[ info ] [ CACHE ] INIT redis
[ info ] [ DB ] INIT mysql
[ info ] [ RUN ] app\admin\controller\InnerAccount->getOne[ D:\phpstudy_pro\WWW\new_kefu_online\application\admin\controller\InnerAccount.php ]
[ info ] [ DB ] INIT mysql
[ info ] [ LOG ] INIT File
[ sql ] [ DB ] CONNECT:[ UseTime:0.001238s ] mysql:host=127.0.0.1;port=3306;dbname=gr_chat;charset=utf8
[ sql ] [ SQL ] SHOW COLUMNS FROM `gr_user_group` [ RunTime:0.000784s ]
[ sql ] [ SQL ] SELECT * FROM `gr_user_group` WHERE  `id` IN (17,10,11,5,14,8,9,7,16) [ RunTime:0.000410s ]
[ sql ] [ SQL ] SHOW COLUMNS FROM `gr_menu_new` [ RunTime:0.000798s ]
[ sql ] [ SQL ] SELECT m.menu_id as id,`m`.`menu_name`,`m`.`p_id`,`m`.`controller`,`m`.`action`,`m`.`is_show`,`m`.`url`,`m`.`type` FROM `gr_menu_new` `m` ORDER BY `p_id` ASC,`sort` ASC,`id` ASC [ RunTime:0.001104s ]
---------------------------------------------------------------
[ 2022-10-28T16:24:19+08:00 ] 127.0.0.1 POST api.newkefu.com/admin/Ajax/getPlatformList
[运行时间：0.099067s] [吞吐率：10.09req/s] [内存消耗：4,853.30kb] [文件加载：194]
[ info ] [ LANG ] D:\phpstudy_pro\WWW\new_kefu_online\thinkphp\lang\zh-cn.php
[ info ] [ ROUTE ] array (
  'type' => 'module',
  'module' => 
  array (
    0 => 'admin',
    1 => 'Ajax',
    2 => 'getPlatformList',
  ),
)
[ info ] [ HEADER ] array (
  'content-length' => '0',
  'referer' => 'http://www.newkefu.com/',
  'connection' => 'close',
  'origin' => 'http://www.newkefu.com',
  'platform' => 'youyu',
  'token' => 'eyJ0eXAiOiJKV1QiLCJhbGciOiJIUzI1NiIsImp0aSI6ImxYWGluZyJ9.eyJpc3MiOiJhcGkubmV3a2VmdS5jb20iLCJqdGkiOiJsWFhpbmciLCJpYXQiOjE2NjY3NDk2NTYsImV4cCI6MTY2OTM0MTY1NiwidWlkIjoxNDN9._sd6cfNwrBrBvl2Aqq00tsWjVGvZpCIB2R0u1I7fTdw',
  'accept-encoding' => 'gzip, deflate',
  'accept-language' => 'zh-CN,zh;q=0.8,zh-TW;q=0.7,zh-HK;q=0.5,en-US;q=0.3,en;q=0.2',
  'accept' => 'application/json, text/javascript, */*; q=0.01',
  'user-agent' => 'Mozilla/5.0 (Windows NT 10.0; Win64; x64; rv:105.0) Gecko/20100101 Firefox/105.0',
  'host' => 'api.newkefu.com',
)
[ info ] [ PARAM ] array (
  '/admin/Ajax/getPlatformList' => '',
)
[ info ] [ DB ] INIT mysql
[ info ] [ CACHE ] INIT redis
[ info ] [ DB ] INIT mysql
[ info ] [ RUN ] app\admin\controller\Ajax->getPlatformList[ D:\phpstudy_pro\WWW\new_kefu_online\application\admin\controller\Ajax.php ]
[ info ] [ LOG ] INIT File
[ sql ] [ DB ] CONNECT:[ UseTime:0.001339s ] mysql:host=127.0.0.1;port=3306;dbname=gr_chat;charset=utf8
[ sql ] [ SQL ] SHOW COLUMNS FROM `gr_user_group` [ RunTime:0.000894s ]
[ sql ] [ SQL ] SELECT * FROM `gr_user_group` WHERE  `id` IN (17,10,11,5,14,8,9,7,16) [ RunTime:0.000453s ]
[ sql ] [ SQL ] SHOW COLUMNS FROM `gr_menu_new` [ RunTime:0.000789s ]
[ sql ] [ SQL ] SELECT m.menu_id as id,`m`.`menu_name`,`m`.`p_id`,`m`.`controller`,`m`.`action`,`m`.`is_show`,`m`.`url`,`m`.`type` FROM `gr_menu_new` `m` ORDER BY `p_id` ASC,`sort` ASC,`id` ASC [ RunTime:0.001027s ]
---------------------------------------------------------------
[ 2022-10-28T16:24:20+08:00 ] 127.0.0.1 POST api.newkefu.com/admin/inner_account/getAdmin
[运行时间：0.244719s] [吞吐率：4.09req/s] [内存消耗：4,984.59kb] [文件加载：194]
[ info ] [ LANG ] D:\phpstudy_pro\WWW\new_kefu_online\thinkphp\lang\zh-cn.php
[ info ] [ ROUTE ] array (
  'type' => 'module',
  'module' => 
  array (
    0 => 'admin',
    1 => 'inner_account',
    2 => 'getAdmin',
  ),
)
[ info ] [ HEADER ] array (
  'referer' => 'http://www.newkefu.com/',
  'connection' => 'close',
  'origin' => 'http://www.newkefu.com',
  'content-length' => '13',
  'platform' => 'youyu',
  'token' => 'eyJ0eXAiOiJKV1QiLCJhbGciOiJIUzI1NiIsImp0aSI6ImxYWGluZyJ9.eyJpc3MiOiJhcGkubmV3a2VmdS5jb20iLCJqdGkiOiJsWFhpbmciLCJpYXQiOjE2NjY3NDk2NTYsImV4cCI6MTY2OTM0MTY1NiwidWlkIjoxNDN9._sd6cfNwrBrBvl2Aqq00tsWjVGvZpCIB2R0u1I7fTdw',
  'content-type' => 'application/x-www-form-urlencoded; charset=UTF-8',
  'accept-encoding' => 'gzip, deflate',
  'accept-language' => 'zh-CN,zh;q=0.8,zh-TW;q=0.7,zh-HK;q=0.5,en-US;q=0.3,en;q=0.2',
  'accept' => 'application/json, text/javascript, */*; q=0.01',
  'user-agent' => 'Mozilla/5.0 (Windows NT 10.0; Win64; x64; rv:105.0) Gecko/20100101 Firefox/105.0',
  'host' => 'api.newkefu.com',
)
[ info ] [ PARAM ] array (
  '/admin/inner_account/getAdmin' => '',
  'platform_id' => '0',
)
[ info ] [ DB ] INIT mysql
[ info ] [ CACHE ] INIT redis
[ info ] [ DB ] INIT mysql
[ info ] [ RUN ] app\admin\controller\InnerAccount->getAdmin[ D:\phpstudy_pro\WWW\new_kefu_online\application\admin\controller\InnerAccount.php ]
[ info ] [ LOG ] INIT File
[ sql ] [ DB ] CONNECT:[ UseTime:0.001126s ] mysql:host=127.0.0.1;port=3306;dbname=gr_chat;charset=utf8
[ sql ] [ SQL ] SHOW COLUMNS FROM `gr_user_group` [ RunTime:0.000694s ]
[ sql ] [ SQL ] SELECT * FROM `gr_user_group` WHERE  `id` IN (17,10,11,5,14,8,9,7,16) [ RunTime:0.000515s ]
[ sql ] [ SQL ] SHOW COLUMNS FROM `gr_menu_new` [ RunTime:0.000736s ]
[ sql ] [ SQL ] SELECT m.menu_id as id,`m`.`menu_name`,`m`.`p_id`,`m`.`controller`,`m`.`action`,`m`.`is_show`,`m`.`url`,`m`.`type` FROM `gr_menu_new` `m` ORDER BY `p_id` ASC,`sort` ASC,`id` ASC [ RunTime:0.000940s ]
[ sql ] [ SQL ] SELECT * FROM `gr_user_group` WHERE  `id` IN (10) [ RunTime:0.000547s ]
[ sql ] [ SQL ] SELECT * FROM `gr_user_group` WHERE  `id` IN (11) [ RunTime:0.000397s ]
[ sql ] [ SQL ] SELECT * FROM `gr_user_group` WHERE  `id` IN (11) [ RunTime:0.000337s ]
[ sql ] [ SQL ] SELECT * FROM `gr_user_group` WHERE  `id` IN (10) [ RunTime:0.000291s ]
[ sql ] [ SQL ] SELECT * FROM `gr_user_group` WHERE  `id` IN (12) [ RunTime:0.000294s ]
[ sql ] [ SQL ] SELECT * FROM `gr_user_group` WHERE  `id` IN (10) [ RunTime:0.000252s ]
[ sql ] [ SQL ] SELECT * FROM `gr_user_group` WHERE  `id` IN (7) [ RunTime:0.000258s ]
[ sql ] [ SQL ] SELECT * FROM `gr_user_group` WHERE  `id` IN (8) [ RunTime:0.000241s ]
[ sql ] [ SQL ] SELECT * FROM `gr_user_group` WHERE  `id` IN (7) [ RunTime:0.000251s ]
[ sql ] [ SQL ] SELECT * FROM `gr_user_group` WHERE  `id` IN (11) [ RunTime:0.000235s ]
[ sql ] [ SQL ] SELECT * FROM `gr_user_group` WHERE  `id` IN (7) [ RunTime:0.000243s ]
[ sql ] [ SQL ] SELECT * FROM `gr_user_group` WHERE  `id` IN (7) [ RunTime:0.000234s ]
[ sql ] [ SQL ] SELECT * FROM `gr_user_group` WHERE  `id` IN (7) [ RunTime:0.000234s ]
[ sql ] [ SQL ] SELECT * FROM `gr_user_group` WHERE  `id` IN (8) [ RunTime:0.000234s ]
[ sql ] [ SQL ] SELECT * FROM `gr_user_group` WHERE  `id` IN (11) [ RunTime:0.000233s ]
[ sql ] [ SQL ] SELECT * FROM `gr_user_group` WHERE  `id` IN (10,11,8,9,7) [ RunTime:0.000279s ]
[ sql ] [ SQL ] SELECT * FROM `gr_user_group` WHERE  `id` IN (9) [ RunTime:0.000240s ]
[ sql ] [ SQL ] SELECT * FROM `gr_user_group` WHERE  `id` IN (17) [ RunTime:0.000266s ]
[ sql ] [ SQL ] SELECT * FROM `gr_user_group` WHERE  `id` IN (9) [ RunTime:0.000283s ]
[ sql ] [ SQL ] SELECT * FROM `gr_user_group` WHERE  `id` IN (9) [ RunTime:0.000284s ]
[ sql ] [ SQL ] SELECT * FROM `gr_user_group` WHERE  `id` IN (9) [ RunTime:0.000255s ]
[ sql ] [ SQL ] SELECT * FROM `gr_user_group` WHERE  `id` IN (9) [ RunTime:0.000300s ]
[ sql ] [ SQL ] SELECT * FROM `gr_user_group` WHERE  `id` IN (17) [ RunTime:0.000266s ]
[ sql ] [ SQL ] SELECT * FROM `gr_user_group` WHERE  `id` IN (9) [ RunTime:0.000279s ]
[ sql ] [ SQL ] SELECT * FROM `gr_user_group` WHERE  `id` IN (10,11,5,14,8,9,7,16) [ RunTime:0.000284s ]
[ sql ] [ SQL ] SELECT * FROM `gr_user_group` WHERE  `id` IN (9) [ RunTime:0.000248s ]
[ sql ] [ SQL ] SELECT * FROM `gr_user_group` WHERE  `id` IN (9) [ RunTime:0.000242s ]
[ sql ] [ SQL ] SELECT * FROM `gr_user_group` WHERE  `id` IN (9) [ RunTime:0.000263s ]
[ sql ] [ SQL ] SELECT * FROM `gr_user_group` WHERE  `id` IN (9) [ RunTime:0.000263s ]
[ sql ] [ SQL ] SELECT * FROM `gr_user_group` WHERE  `id` IN (9) [ RunTime:0.000275s ]
[ sql ] [ SQL ] SELECT * FROM `gr_user_group` WHERE  `id` IN (9) [ RunTime:0.000282s ]
[ sql ] [ SQL ] SELECT * FROM `gr_user_group` WHERE  `id` IN (11) [ RunTime:0.000274s ]
[ sql ] [ SQL ] SELECT * FROM `gr_user_group` WHERE  `id` IN (11) [ RunTime:0.000247s ]
[ sql ] [ SQL ] SELECT * FROM `gr_user_group` WHERE  `id` IN (17,11,5,9,7) [ RunTime:0.000359s ]
[ sql ] [ SQL ] SELECT * FROM `gr_user_group` WHERE  `id` IN (10) [ RunTime:0.000316s ]
[ sql ] [ SQL ] SELECT * FROM `gr_user_group` WHERE  `id` IN (13) [ RunTime:0.000401s ]
[ sql ] [ SQL ] SELECT * FROM `gr_user_group` WHERE  `id` IN (11) [ RunTime:0.000441s ]
[ sql ] [ SQL ] SELECT * FROM `gr_user_group` WHERE  `id` IN (13) [ RunTime:0.000378s ]
[ sql ] [ SQL ] SELECT * FROM `gr_user_group` WHERE  `id` IN (13) [ RunTime:0.000333s ]
[ sql ] [ SQL ] SELECT * FROM `gr_user_group` WHERE  `id` IN (11) [ RunTime:0.000267s ]
[ sql ] [ SQL ] SELECT * FROM `gr_user_group` WHERE  `id` IN (11) [ RunTime:0.000303s ]
[ sql ] [ SQL ] SELECT * FROM `gr_user_group` WHERE  `id` IN (11) [ RunTime:0.000307s ]
[ sql ] [ SQL ] SELECT * FROM `gr_user_group` WHERE  `id` IN (10) [ RunTime:0.000269s ]
[ sql ] [ SQL ] SELECT * FROM `gr_user_group` WHERE  `id` IN (11) [ RunTime:0.000256s ]
[ sql ] [ SQL ] SELECT * FROM `gr_user_group` WHERE  `id` IN (11) [ RunTime:0.000259s ]
[ sql ] [ SQL ] SELECT * FROM `gr_user_group` WHERE  `id` IN (10) [ RunTime:0.000254s ]
[ sql ] [ SQL ] SELECT * FROM `gr_user_group` WHERE  `id` IN (10) [ RunTime:0.000294s ]
[ sql ] [ SQL ] SELECT * FROM `gr_user_group` WHERE  `id` IN (10) [ RunTime:0.000307s ]
[ sql ] [ SQL ] SELECT * FROM `gr_user_group` WHERE  `id` IN (10) [ RunTime:0.000284s ]
[ sql ] [ SQL ] SELECT * FROM `gr_user_group` WHERE  `id` IN (9) [ RunTime:0.000313s ]
[ sql ] [ SQL ] SELECT * FROM `gr_user_group` WHERE  `id` IN (9) [ RunTime:0.000263s ]
[ sql ] [ SQL ] SELECT * FROM `gr_user_group` WHERE  `id` IN (9) [ RunTime:0.000290s ]
[ sql ] [ SQL ] SELECT * FROM `gr_user_group` WHERE  `id` IN (11) [ RunTime:0.000258s ]
[ sql ] [ SQL ] SELECT * FROM `gr_user_group` WHERE  `id` IN (11) [ RunTime:0.000263s ]
[ sql ] [ SQL ] SELECT * FROM `gr_user_group` WHERE  `id` IN (9) [ RunTime:0.000249s ]
[ sql ] [ SQL ] SELECT * FROM `gr_user_group` WHERE  `id` IN (10) [ RunTime:0.000291s ]
[ sql ] [ SQL ] SELECT * FROM `gr_user_group` WHERE  `id` IN (12) [ RunTime:0.000259s ]
[ sql ] [ SQL ] SELECT * FROM `gr_user_group` WHERE  `id` IN (12) [ RunTime:0.000243s ]
[ sql ] [ SQL ] SELECT * FROM `gr_user_group` WHERE  `id` IN (10) [ RunTime:0.000249s ]
[ sql ] [ SQL ] SELECT * FROM `gr_user_group` WHERE  `id` IN (10) [ RunTime:0.000238s ]
[ sql ] [ SQL ] SELECT * FROM `gr_user_group` WHERE  `id` IN (10) [ RunTime:0.000257s ]
[ sql ] [ SQL ] SELECT * FROM `gr_user_group` WHERE  `id` IN (10) [ RunTime:0.000237s ]
[ sql ] [ SQL ] SELECT * FROM `gr_user_group` WHERE  `id` IN (7) [ RunTime:0.000246s ]
[ sql ] [ SQL ] SELECT * FROM `gr_user_group` WHERE  `id` IN (7) [ RunTime:0.000237s ]
[ sql ] [ SQL ] SELECT * FROM `gr_user_group` WHERE  `id` IN (10) [ RunTime:0.000271s ]
[ sql ] [ SQL ] SELECT * FROM `gr_user_group` WHERE  `id` IN (17,10,11,5,14,8,9,7,16) [ RunTime:0.000365s ]
[ sql ] [ SQL ] SELECT * FROM `gr_user_group` WHERE  `id` IN (8) [ RunTime:0.000416s ]
[ sql ] [ SQL ] SELECT * FROM `gr_user_group` WHERE  `id` IN (10) [ RunTime:0.000337s ]
[ sql ] [ SQL ] SELECT * FROM `gr_user_group` WHERE  `id` IN (7,8) [ RunTime:0.000343s ]
[ sql ] [ SQL ] SELECT * FROM `gr_user_group` WHERE  `id` IN (8) [ RunTime:0.000311s ]
[ sql ] [ SQL ] SELECT * FROM `gr_user_group` WHERE  `id` IN (8) [ RunTime:0.000312s ]
[ sql ] [ SQL ] SELECT * FROM `gr_user_group` WHERE  `id` IN (8) [ RunTime:0.000283s ]
[ sql ] [ SQL ] SELECT * FROM `gr_user_group` WHERE  `id` IN (8) [ RunTime:0.000293s ]
[ sql ] [ SQL ] SELECT * FROM `gr_user_group` WHERE  `id` IN (8) [ RunTime:0.000281s ]
[ sql ] [ SQL ] SELECT * FROM `gr_user_group` WHERE  `id` IN (8) [ RunTime:0.000288s ]
[ sql ] [ SQL ] SELECT * FROM `gr_user_group` WHERE  `id` IN (9) [ RunTime:0.000290s ]
[ sql ] [ SQL ] SELECT * FROM `gr_user_group` WHERE  `id` IN (7,8) [ RunTime:0.000325s ]
[ sql ] [ SQL ] SELECT * FROM `gr_user_group` WHERE  `id` IN (8) [ RunTime:0.000298s ]
[ sql ] [ SQL ] SELECT * FROM `gr_user_group` WHERE  `id` IN (7,9) [ RunTime:0.000315s ]
[ sql ] [ SQL ] SELECT * FROM `gr_user_group` WHERE  `id` IN (9) [ RunTime:0.000312s ]
[ sql ] [ SQL ] SELECT * FROM `gr_user_group` WHERE  `id` IN (7,8) [ RunTime:0.000294s ]
[ sql ] [ SQL ] SELECT * FROM `gr_user_group` WHERE  `id` IN (5) [ RunTime:0.000293s ]
[ sql ] [ SQL ] SELECT * FROM `gr_user_group` WHERE  `id` IN (13) [ RunTime:0.000253s ]
[ sql ] [ SQL ] SELECT * FROM `gr_user_group` WHERE  `id` IN (17) [ RunTime:0.000270s ]
[ sql ] [ SQL ] SELECT * FROM `gr_user_group` WHERE  `id` IN (10,11,5,14,8,9,7,16) [ RunTime:0.000282s ]
[ sql ] [ SQL ] SELECT * FROM `gr_user_group` WHERE  `id` IN (14) [ RunTime:0.000251s ]
[ sql ] [ SQL ] SELECT * FROM `gr_user_group` WHERE  `id` IN (14) [ RunTime:0.000243s ]
[ sql ] [ SQL ] SELECT * FROM `gr_user_group` WHERE  `id` IN (9) [ RunTime:0.000244s ]
[ sql ] [ SQL ] SELECT * FROM `gr_user_group` WHERE  `id` IN (9) [ RunTime:0.000238s ]
[ sql ] [ SQL ] SELECT * FROM `gr_user_group` WHERE  `id` IN (8) [ RunTime:0.000256s ]
[ sql ] [ SQL ] SELECT * FROM `gr_user_group` WHERE  `id` IN (9) [ RunTime:0.000256s ]
[ sql ] [ SQL ] SELECT * FROM `gr_user_group` WHERE  `id` IN (13) [ RunTime:0.000243s ]
[ sql ] [ SQL ] SELECT * FROM `gr_user_group` WHERE  `id` IN (9) [ RunTime:0.000244s ]
[ sql ] [ SQL ] SELECT * FROM `gr_user_group` WHERE  `id` IN (9) [ RunTime:0.000254s ]
[ sql ] [ SQL ] SELECT * FROM `gr_user_group` WHERE  `id` IN (9) [ RunTime:0.000244s ]
[ sql ] [ SQL ] SELECT * FROM `gr_user_group` WHERE  `id` IN (5,8,9,17) [ RunTime:0.000402s ]
[ sql ] [ SQL ] SELECT * FROM `gr_user_group` WHERE  `id` IN (13) [ RunTime:0.000418s ]
[ sql ] [ SQL ] SELECT * FROM `gr_user_group` WHERE  `id` IN (9) [ RunTime:0.000345s ]
[ sql ] [ SQL ] SELECT * FROM `gr_user_group` WHERE  `id` IN (8) [ RunTime:0.000350s ]
[ sql ] [ SQL ] SELECT * FROM `gr_user_group` WHERE  `id` IN (7) [ RunTime:0.000280s ]
[ sql ] [ SQL ] SELECT * FROM `gr_user_group` WHERE  `id` IN (9) [ RunTime:0.000262s ]
[ sql ] [ SQL ] SELECT * FROM `gr_user_group` WHERE  `id` IN (8) [ RunTime:0.000258s ]
[ sql ] [ SQL ] SELECT * FROM `gr_user_group` WHERE  `id` IN (8) [ RunTime:0.000242s ]
[ sql ] [ SQL ] SELECT * FROM `gr_user_group` WHERE  `id` IN (8) [ RunTime:0.000296s ]
[ sql ] [ SQL ] SELECT * FROM `gr_user_group` WHERE  `id` IN (9) [ RunTime:0.000253s ]
[ sql ] [ SQL ] SELECT * FROM `gr_user_group` WHERE  `id` IN (9) [ RunTime:0.000267s ]
[ sql ] [ SQL ] SELECT * FROM `gr_user_group` WHERE  `id` IN (10) [ RunTime:0.000240s ]
[ sql ] [ SQL ] SELECT * FROM `gr_user_group` WHERE  `id` IN (10) [ RunTime:0.000250s ]
[ sql ] [ SQL ] SELECT * FROM `gr_user_group` WHERE  `id` IN (10) [ RunTime:0.000280s ]
[ sql ] [ SQL ] SELECT * FROM `gr_user_group` WHERE  `id` IN (10) [ RunTime:0.000313s ]
[ sql ] [ SQL ] SELECT * FROM `gr_user_group` WHERE  `id` IN (11) [ RunTime:0.000270s ]
[ sql ] [ SQL ] SELECT * FROM `gr_user_group` WHERE  `id` IN (10) [ RunTime:0.000255s ]
[ sql ] [ SQL ] SELECT * FROM `gr_user_group` WHERE  `id` IN (10) [ RunTime:0.000277s ]
[ sql ] [ SQL ] SELECT * FROM `gr_user_group` WHERE  `id` IN (10) [ RunTime:0.000340s ]
[ sql ] [ SQL ] SELECT * FROM `gr_user_group` WHERE  `id` IN (10) [ RunTime:0.000299s ]
[ sql ] [ SQL ] SELECT * FROM `gr_user_group` WHERE  `id` IN (11) [ RunTime:0.000276s ]
[ sql ] [ SQL ] SELECT * FROM `gr_user_group` WHERE  `id` IN (8) [ RunTime:0.000268s ]
[ sql ] [ SQL ] SELECT * FROM `gr_user_group` WHERE  `id` IN (7,8) [ RunTime:0.000312s ]
[ sql ] [ SQL ] SELECT * FROM `gr_user_group` WHERE  `id` IN (17) [ RunTime:0.000248s ]
[ sql ] [ SQL ] SELECT * FROM `gr_user_group` WHERE  `id` IN (11) [ RunTime:0.000356s ]
[ sql ] [ SQL ] SELECT * FROM `gr_user_group` WHERE  `id` IN (14) [ RunTime:0.000331s ]
[ sql ] [ SQL ] SELECT * FROM `gr_user_group` WHERE  `id` IN (5,14,8,9) [ RunTime:0.000320s ]
[ sql ] [ SQL ] SELECT * FROM `gr_user_group` WHERE  `id` IN (13,17,5,14,8,9,7,16) [ RunTime:0.000297s ]
[ sql ] [ SQL ] SELECT * FROM `gr_user_group` WHERE  `id` IN (10,14,8,16) [ RunTime:0.000658s ]
[ sql ] [ SQL ] SELECT * FROM `gr_user_group` WHERE  `id` IN (17) [ RunTime:0.000258s ]
[ sql ] [ SQL ] SELECT * FROM `gr_user_group` WHERE  `id` IN (17) [ RunTime:0.000323s ]
[ sql ] [ SQL ] SELECT * FROM `gr_user_group` WHERE  `id` IN (10) [ RunTime:0.000341s ]
[ sql ] [ SQL ] SELECT * FROM `gr_user_group` WHERE  `id` IN (9) [ RunTime:0.000337s ]
[ sql ] [ SQL ] SELECT * FROM `gr_user_group` WHERE  `id` IN (17,11,5,9,7) [ RunTime:0.000344s ]
[ sql ] [ SQL ] SELECT * FROM `gr_user_group` WHERE  `id` IN (11) [ RunTime:0.000294s ]
[ sql ] [ SQL ] SELECT * FROM `gr_user_group` WHERE  `id` IN (17) [ RunTime:0.000270s ]
[ sql ] [ SQL ] SELECT * FROM `gr_user_group` WHERE  `id` IN (11) [ RunTime:0.000279s ]
[ sql ] [ SQL ] SELECT * FROM `gr_user_group` WHERE  `id` IN (9) [ RunTime:0.000262s ]
[ sql ] [ SQL ] SELECT * FROM `gr_user_group` WHERE  `id` IN (8) [ RunTime:0.000283s ]
[ sql ] [ SQL ] SELECT * FROM `gr_user_group` WHERE  `id` IN (8) [ RunTime:0.000248s ]
[ sql ] [ SQL ] SELECT * FROM `gr_user_group` WHERE  `id` IN (9) [ RunTime:0.000305s ]
[ sql ] [ SQL ] SELECT * FROM `gr_user_group` WHERE  `id` IN (5,8,9,7,16) [ RunTime:0.000332s ]
[ sql ] [ SQL ] SELECT * FROM `gr_user_group` WHERE  `id` IN (5) [ RunTime:0.000323s ]
[ sql ] [ SQL ] SELECT * FROM `gr_user_group` WHERE  `id` IN (9) [ RunTime:0.000309s ]
[ sql ] [ SQL ] SELECT * FROM `gr_user_group` WHERE  `id` IN (11) [ RunTime:0.000287s ]
[ sql ] [ SQL ] SELECT * FROM `gr_user_group` WHERE  `id` IN (11) [ RunTime:0.000287s ]
[ sql ] [ SQL ] SELECT * FROM `gr_user_group` WHERE  `id` IN (13) [ RunTime:0.000267s ]
[ sql ] [ SQL ] SELECT * FROM `gr_user_group` WHERE  `id` IN (13,17,5,14,8,9,7,16) [ RunTime:0.000319s ]
[ sql ] [ SQL ] SELECT * FROM `gr_user_group` WHERE  `id` IN (7,9) [ RunTime:0.000281s ]
[ sql ] [ SQL ] SELECT * FROM `gr_user_group` WHERE  `id` IN (7,9) [ RunTime:0.000271s ]
[ sql ] [ SQL ] SELECT * FROM `gr_user_group` WHERE  `id` IN (11) [ RunTime:0.000245s ]
[ sql ] [ SQL ] SELECT * FROM `gr_user_group` WHERE  `id` IN (9) [ RunTime:0.000312s ]
[ sql ] [ SQL ] SELECT * FROM `gr_user_group` WHERE  `id` IN (5,9,7,16) [ RunTime:0.000278s ]
[ sql ] [ SQL ] SELECT * FROM `gr_user_group` WHERE  `id` IN (9) [ RunTime:0.000255s ]
[ sql ] [ SQL ] SELECT * FROM `gr_user_group` WHERE  `id` IN (17) [ RunTime:0.000337s ]
[ sql ] [ SQL ] SELECT * FROM `gr_user_group` WHERE  `id` IN (9) [ RunTime:0.000354s ]
[ sql ] [ SQL ] SELECT * FROM `gr_user_group` WHERE  `id` IN (17) [ RunTime:0.000271s ]
[ sql ] [ SQL ] SELECT * FROM `gr_user_group` WHERE  `id` IN (8) [ RunTime:0.000349s ]
[ sql ] [ SQL ] SELECT * FROM `gr_user_group` WHERE  `id` IN (11) [ RunTime:0.000299s ]
[ sql ] [ SQL ] SELECT * FROM `gr_user_group` WHERE  `id` IN (11) [ RunTime:0.000281s ]
[ sql ] [ SQL ] SELECT * FROM `gr_user_group` WHERE  `id` IN (11) [ RunTime:0.000272s ]
[ sql ] [ SQL ] SELECT * FROM `gr_user_group` WHERE  `id` IN (14) [ RunTime:0.000301s ]
[ sql ] [ SQL ] SELECT * FROM `gr_user_group` WHERE  `id` IN (8) [ RunTime:0.000340s ]
[ sql ] [ SQL ] SELECT * FROM `gr_user_group` WHERE  `id` IN (8) [ RunTime:0.000286s ]
[ sql ] [ SQL ] SELECT * FROM `gr_user_group` WHERE  `id` IN (8) [ RunTime:0.000290s ]
[ sql ] [ SQL ] SELECT * FROM `gr_user_group` WHERE  `id` IN (10) [ RunTime:0.000247s ]
[ sql ] [ SQL ] SELECT * FROM `gr_user_group` WHERE  `id` IN (10) [ RunTime:0.000278s ]
[ sql ] [ SQL ] SELECT * FROM `gr_user_group` WHERE  `id` IN (10) [ RunTime:0.000244s ]
[ sql ] [ SQL ] SELECT * FROM `gr_user_group` WHERE  `id` IN (5,7,9,11,17) [ RunTime:0.000335s ]
[ sql ] [ SQL ] SELECT * FROM `gr_user_group` WHERE  `id` IN (10) [ RunTime:0.000294s ]
[ sql ] [ SQL ] SELECT * FROM `gr_user_group` WHERE  `id` IN (11) [ RunTime:0.000313s ]
[ sql ] [ SQL ] SELECT * FROM `gr_user_group` WHERE  `id` IN (10) [ RunTime:0.000334s ]
[ sql ] [ SQL ] SELECT * FROM `gr_user_group` WHERE  `id` IN (11) [ RunTime:0.000292s ]
[ sql ] [ SQL ] SELECT * FROM `gr_user_group` WHERE  `id` IN (11) [ RunTime:0.000285s ]
[ sql ] [ SQL ] SELECT * FROM `gr_user_group` WHERE  `id` IN (11) [ RunTime:0.000260s ]
[ sql ] [ SQL ] SELECT * FROM `gr_user_group` WHERE  `id` IN (11) [ RunTime:0.000275s ]
[ sql ] [ SQL ] SELECT * FROM `gr_user_group` WHERE  `id` IN (14) [ RunTime:0.000248s ]
[ sql ] [ SQL ] SELECT * FROM `gr_user_group` WHERE  `id` IN (14,7,16) [ RunTime:0.000299s ]
[ sql ] [ SQL ] SELECT * FROM `gr_user_group` WHERE  `id` IN (10) [ RunTime:0.000243s ]
[ sql ] [ SQL ] SELECT * FROM `gr_user_group` WHERE  `id` IN (10) [ RunTime:0.000253s ]
[ sql ] [ SQL ] SELECT * FROM `gr_user_group` WHERE  `id` IN (13) [ RunTime:0.000255s ]
[ sql ] [ SQL ] SELECT * FROM `gr_user_group` WHERE  `id` IN (11) [ RunTime:0.000254s ]
[ sql ] [ SQL ] SELECT * FROM `gr_user_group` WHERE  `id` IN (8) [ RunTime:0.000243s ]
[ sql ] [ SQL ] SELECT * FROM `gr_user_group` WHERE  `id` IN (8) [ RunTime:0.000238s ]
[ sql ] [ SQL ] SELECT * FROM `gr_user_group` WHERE  `id` IN (11) [ RunTime:0.000272s ]
[ sql ] [ SQL ] SELECT * FROM `gr_user_group` WHERE  `id` IN (11) [ RunTime:0.000245s ]
[ sql ] [ SQL ] SELECT * FROM `gr_user_group` WHERE  `id` IN (10) [ RunTime:0.000249s ]
[ sql ] [ SQL ] SELECT * FROM `gr_user_group` WHERE  `id` IN (10) [ RunTime:0.000239s ]
[ sql ] [ SQL ] SELECT * FROM `gr_user_group` WHERE  `id` IN (10) [ RunTime:0.000285s ]
[ sql ] [ SQL ] SELECT * FROM `gr_user_group` WHERE  `id` IN (10) [ RunTime:0.000259s ]
[ sql ] [ SQL ] SELECT * FROM `gr_user_group` WHERE  `id` IN (8) [ RunTime:0.000254s ]
[ sql ] [ SQL ] SELECT * FROM `gr_user_group` WHERE  `id` IN (11) [ RunTime:0.000239s ]
[ sql ] [ SQL ] SELECT * FROM `gr_user_group` WHERE  `id` IN (11) [ RunTime:0.000236s ]
[ sql ] [ SQL ] SELECT * FROM `gr_user_group` WHERE  `id` IN (11) [ RunTime:0.000243s ]
[ sql ] [ SQL ] SELECT * FROM `gr_user_group` WHERE  `id` IN (17) [ RunTime:0.000287s ]
[ sql ] [ SQL ] SELECT * FROM `gr_user_group` WHERE  `id` IN (11) [ RunTime:0.000271s ]
[ sql ] [ SQL ] SELECT * FROM `gr_user_group` WHERE  `id` IN (11) [ RunTime:0.000388s ]
[ sql ] [ SQL ] SELECT * FROM `gr_user_group` WHERE  `id` IN (10) [ RunTime:0.000286s ]
[ sql ] [ SQL ] SELECT * FROM `gr_user_group` WHERE  `id` IN (17) [ RunTime:0.000351s ]
[ sql ] [ SQL ] SELECT * FROM `gr_user_group` WHERE  `id` IN (11) [ RunTime:0.000260s ]
[ sql ] [ SQL ] SELECT * FROM `gr_user_group` WHERE  `id` IN (8) [ RunTime:0.000272s ]
[ sql ] [ SQL ] SELECT * FROM `gr_user_group` WHERE  `id` IN (11) [ RunTime:0.000257s ]
[ sql ] [ SQL ] SELECT * FROM `gr_user_group` WHERE  `id` IN (11) [ RunTime:0.000255s ]
[ sql ] [ SQL ] SELECT * FROM `gr_user_group` WHERE  `id` IN (11) [ RunTime:0.000241s ]
[ sql ] [ SQL ] SELECT * FROM `gr_user_group` WHERE  `id` IN (8) [ RunTime:0.000255s ]
[ sql ] [ SQL ] SELECT * FROM `gr_user_group` WHERE  `id` IN (5,14,8,9,7,16) [ RunTime:0.000298s ]
[ sql ] [ SQL ] SELECT * FROM `gr_user_group` WHERE  `id` IN (8) [ RunTime:0.000290s ]
[ sql ] [ SQL ] SELECT * FROM `gr_user_group` WHERE  `id` IN (13) [ RunTime:0.000257s ]
[ sql ] [ SQL ] SELECT * FROM `gr_user_group` WHERE  `id` IN (11) [ RunTime:0.000250s ]
[ sql ] [ SQL ] SELECT * FROM `gr_user_group` WHERE  `id` IN (11) [ RunTime:0.000302s ]
[ sql ] [ SQL ] SELECT * FROM `gr_user_group` WHERE  `id` IN (13) [ RunTime:0.000261s ]
[ sql ] [ SQL ] SELECT * FROM `gr_user_group` WHERE  `id` IN (10) [ RunTime:0.000254s ]
[ sql ] [ SQL ] SELECT * FROM `gr_user_group` WHERE  `id` IN (10) [ RunTime:0.000280s ]
[ sql ] [ SQL ] SELECT * FROM `gr_user_group` WHERE  `id` IN (10) [ RunTime:0.000266s ]
[ sql ] [ SQL ] SELECT * FROM `gr_user_group` WHERE  `id` IN (10) [ RunTime:0.000245s ]
[ sql ] [ SQL ] SELECT * FROM `gr_user_group` WHERE  `id` IN (10) [ RunTime:0.000238s ]
[ sql ] [ SQL ] SELECT * FROM `gr_user_group` WHERE  `id` IN (8) [ RunTime:0.000244s ]
[ sql ] [ SQL ] SELECT * FROM `gr_user_group` WHERE  `id` IN (14,16,8,10,13) [ RunTime:0.000273s ]
[ sql ] [ SQL ] SELECT * FROM `gr_user_group` WHERE  `id` IN (13) [ RunTime:0.000249s ]
[ sql ] [ SQL ] SELECT * FROM `gr_user_group` WHERE  `id` IN (8) [ RunTime:0.000240s ]
[ sql ] [ SQL ] SELECT * FROM `gr_user_group` WHERE  `id` IN (11) [ RunTime:0.000240s ]
[ sql ] [ SQL ] SELECT * FROM `gr_user_group` WHERE  `id` IN (13) [ RunTime:0.000235s ]
[ sql ] [ SQL ] SELECT * FROM `gr_user_group` WHERE  `id` IN (11) [ RunTime:0.000244s ]
[ sql ] [ SQL ] SELECT * FROM `gr_user_group` WHERE  `id` IN (11) [ RunTime:0.000237s ]
[ sql ] [ SQL ] SELECT * FROM `gr_user_group` WHERE  `id` IN (9) [ RunTime:0.000238s ]
[ sql ] [ SQL ] SELECT * FROM `gr_user_group` WHERE  `id` IN (8) [ RunTime:0.000313s ]
[ sql ] [ SQL ] SELECT * FROM `gr_user_group` WHERE  `id` IN (10) [ RunTime:0.000342s ]
[ sql ] [ SQL ] SELECT * FROM `gr_user_group` WHERE  `id` IN (10) [ RunTime:0.000303s ]
[ sql ] [ SQL ] SELECT * FROM `gr_user_group` WHERE  `id` IN (10) [ RunTime:0.000330s ]
[ sql ] [ SQL ] SELECT * FROM `gr_user_group` WHERE  `id` IN (11) [ RunTime:0.000330s ]
[ sql ] [ SQL ] SELECT * FROM `gr_user_group` WHERE  `id` IN (14) [ RunTime:0.000335s ]
[ sql ] [ SQL ] SELECT * FROM `gr_user_group` WHERE  `id` IN (10) [ RunTime:0.000337s ]
[ sql ] [ SQL ] SELECT * FROM `gr_user_group` WHERE  `id` IN (11) [ RunTime:0.000327s ]
[ sql ] [ SQL ] SELECT * FROM `gr_user_group` WHERE  `id` IN (10) [ RunTime:0.000293s ]
[ sql ] [ SQL ] SELECT * FROM `gr_user_group` WHERE  `id` IN (10) [ RunTime:0.000258s ]
[ sql ] [ SQL ] SELECT * FROM `gr_user_group` WHERE  `id` IN (11) [ RunTime:0.000246s ]
[ sql ] [ SQL ] SELECT * FROM `gr_user_group` WHERE  `id` IN (17) [ RunTime:0.000253s ]
[ sql ] [ SQL ] SELECT * FROM `gr_user_group` WHERE  `id` IN (13,17,10,11,5,14,8,9) [ RunTime:0.000332s ]
---------------------------------------------------------------
[ 2022-10-28T16:24:20+08:00 ] 127.0.0.1 POST api.newkefu.com/admin/inner_account/getAdminDepartment
[运行时间：0.121194s] [吞吐率：8.25req/s] [内存消耗：4,801.95kb] [文件加载：194]
[ info ] [ LANG ] D:\phpstudy_pro\WWW\new_kefu_online\thinkphp\lang\zh-cn.php
[ info ] [ ROUTE ] array (
  'type' => 'module',
  'module' => 
  array (
    0 => 'admin',
    1 => 'inner_account',
    2 => 'getAdminDepartment',
  ),
)
[ info ] [ HEADER ] array (
  'content-length' => '0',
  'referer' => 'http://www.newkefu.com/',
  'connection' => 'close',
  'origin' => 'http://www.newkefu.com',
  'platform' => 'youyu',
  'token' => 'eyJ0eXAiOiJKV1QiLCJhbGciOiJIUzI1NiIsImp0aSI6ImxYWGluZyJ9.eyJpc3MiOiJhcGkubmV3a2VmdS5jb20iLCJqdGkiOiJsWFhpbmciLCJpYXQiOjE2NjY3NDk2NTYsImV4cCI6MTY2OTM0MTY1NiwidWlkIjoxNDN9._sd6cfNwrBrBvl2Aqq00tsWjVGvZpCIB2R0u1I7fTdw',
  'accept-encoding' => 'gzip, deflate',
  'accept-language' => 'zh-CN,zh;q=0.8,zh-TW;q=0.7,zh-HK;q=0.5,en-US;q=0.3,en;q=0.2',
  'accept' => 'application/json, text/javascript, */*; q=0.01',
  'user-agent' => 'Mozilla/5.0 (Windows NT 10.0; Win64; x64; rv:105.0) Gecko/20100101 Firefox/105.0',
  'host' => 'api.newkefu.com',
)
[ info ] [ PARAM ] array (
  '/admin/inner_account/getAdminDepartment' => '',
)
[ info ] [ DB ] INIT mysql
[ info ] [ CACHE ] INIT redis
[ info ] [ DB ] INIT mysql
[ info ] [ RUN ] app\admin\controller\InnerAccount->getAdminDepartment[ D:\phpstudy_pro\WWW\new_kefu_online\application\admin\controller\InnerAccount.php ]
[ info ] [ LOG ] INIT File
[ sql ] [ DB ] CONNECT:[ UseTime:0.001329s ] mysql:host=127.0.0.1;port=3306;dbname=gr_chat;charset=utf8
[ sql ] [ SQL ] SHOW COLUMNS FROM `gr_user_group` [ RunTime:0.003302s ]
[ sql ] [ SQL ] SELECT * FROM `gr_user_group` WHERE  `id` IN (17,10,11,5,14,8,9,7,16) [ RunTime:0.000635s ]
[ sql ] [ SQL ] SHOW COLUMNS FROM `gr_menu_new` [ RunTime:0.003744s ]
[ sql ] [ SQL ] SELECT m.menu_id as id,`m`.`menu_name`,`m`.`p_id`,`m`.`controller`,`m`.`action`,`m`.`is_show`,`m`.`url`,`m`.`type` FROM `gr_menu_new` `m` ORDER BY `p_id` ASC,`sort` ASC,`id` ASC [ RunTime:0.000964s ]
---------------------------------------------------------------
[ 2022-10-28T16:24:23+08:00 ] 127.0.0.1 POST api.newkefu.com/admin/inner_account/getOne
[运行时间：0.104481s] [吞吐率：9.57req/s] [内存消耗：4,939.41kb] [文件加载：198]
[ info ] [ LANG ] D:\phpstudy_pro\WWW\new_kefu_online\thinkphp\lang\zh-cn.php
[ info ] [ ROUTE ] array (
  'type' => 'module',
  'module' => 
  array (
    0 => 'admin',
    1 => 'inner_account',
    2 => 'getOne',
  ),
)
[ info ] [ HEADER ] array (
  'content-length' => '0',
  'referer' => 'http://www.newkefu.com/',
  'connection' => 'close',
  'origin' => 'http://www.newkefu.com',
  'platform' => 'youyu',
  'token' => 'eyJ0eXAiOiJKV1QiLCJhbGciOiJIUzI1NiIsImp0aSI6ImxYWGluZyJ9.eyJpc3MiOiJhcGkubmV3a2VmdS5jb20iLCJqdGkiOiJsWFhpbmciLCJpYXQiOjE2NjY3NDk2NTYsImV4cCI6MTY2OTM0MTY1NiwidWlkIjoxNDN9._sd6cfNwrBrBvl2Aqq00tsWjVGvZpCIB2R0u1I7fTdw',
  'accept-encoding' => 'gzip, deflate',
  'accept-language' => 'zh-CN,zh;q=0.8,zh-TW;q=0.7,zh-HK;q=0.5,en-US;q=0.3,en;q=0.2',
  'accept' => 'application/json, text/javascript, */*; q=0.01',
  'user-agent' => 'Mozilla/5.0 (Windows NT 10.0; Win64; x64; rv:105.0) Gecko/20100101 Firefox/105.0',
  'host' => 'api.newkefu.com',
)
[ info ] [ PARAM ] array (
  '/admin/inner_account/getOne' => '',
)
[ info ] [ DB ] INIT mysql
[ info ] [ CACHE ] INIT redis
[ info ] [ DB ] INIT mysql
[ info ] [ RUN ] app\admin\controller\InnerAccount->getOne[ D:\phpstudy_pro\WWW\new_kefu_online\application\admin\controller\InnerAccount.php ]
[ info ] [ DB ] INIT mysql
[ info ] [ LOG ] INIT File
[ sql ] [ DB ] CONNECT:[ UseTime:0.001125s ] mysql:host=127.0.0.1;port=3306;dbname=gr_chat;charset=utf8
[ sql ] [ SQL ] SHOW COLUMNS FROM `gr_user_group` [ RunTime:0.000710s ]
[ sql ] [ SQL ] SELECT * FROM `gr_user_group` WHERE  `id` IN (17,10,11,5,14,8,9,7,16) [ RunTime:0.000384s ]
[ sql ] [ SQL ] SHOW COLUMNS FROM `gr_menu_new` [ RunTime:0.001066s ]
[ sql ] [ SQL ] SELECT m.menu_id as id,`m`.`menu_name`,`m`.`p_id`,`m`.`controller`,`m`.`action`,`m`.`is_show`,`m`.`url`,`m`.`type` FROM `gr_menu_new` `m` ORDER BY `p_id` ASC,`sort` ASC,`id` ASC [ RunTime:0.001286s ]
---------------------------------------------------------------
[ 2022-10-28T16:24:23+08:00 ] 127.0.0.1 POST api.newkefu.com/admin/Ajax/getPlatformList
[运行时间：0.093726s] [吞吐率：10.67req/s] [内存消耗：4,853.30kb] [文件加载：194]
[ info ] [ LANG ] D:\phpstudy_pro\WWW\new_kefu_online\thinkphp\lang\zh-cn.php
[ info ] [ ROUTE ] array (
  'type' => 'module',
  'module' => 
  array (
    0 => 'admin',
    1 => 'Ajax',
    2 => 'getPlatformList',
  ),
)
[ info ] [ HEADER ] array (
  'content-length' => '0',
  'referer' => 'http://www.newkefu.com/',
  'connection' => 'close',
  'origin' => 'http://www.newkefu.com',
  'platform' => 'youyu',
  'token' => 'eyJ0eXAiOiJKV1QiLCJhbGciOiJIUzI1NiIsImp0aSI6ImxYWGluZyJ9.eyJpc3MiOiJhcGkubmV3a2VmdS5jb20iLCJqdGkiOiJsWFhpbmciLCJpYXQiOjE2NjY3NDk2NTYsImV4cCI6MTY2OTM0MTY1NiwidWlkIjoxNDN9._sd6cfNwrBrBvl2Aqq00tsWjVGvZpCIB2R0u1I7fTdw',
  'accept-encoding' => 'gzip, deflate',
  'accept-language' => 'zh-CN,zh;q=0.8,zh-TW;q=0.7,zh-HK;q=0.5,en-US;q=0.3,en;q=0.2',
  'accept' => 'application/json, text/javascript, */*; q=0.01',
  'user-agent' => 'Mozilla/5.0 (Windows NT 10.0; Win64; x64; rv:105.0) Gecko/20100101 Firefox/105.0',
  'host' => 'api.newkefu.com',
)
[ info ] [ PARAM ] array (
  '/admin/Ajax/getPlatformList' => '',
)
[ info ] [ DB ] INIT mysql
[ info ] [ CACHE ] INIT redis
[ info ] [ DB ] INIT mysql
[ info ] [ RUN ] app\admin\controller\Ajax->getPlatformList[ D:\phpstudy_pro\WWW\new_kefu_online\application\admin\controller\Ajax.php ]
[ info ] [ LOG ] INIT File
[ sql ] [ DB ] CONNECT:[ UseTime:0.001077s ] mysql:host=127.0.0.1;port=3306;dbname=gr_chat;charset=utf8
[ sql ] [ SQL ] SHOW COLUMNS FROM `gr_user_group` [ RunTime:0.000811s ]
[ sql ] [ SQL ] SELECT * FROM `gr_user_group` WHERE  `id` IN (17,10,11,5,14,8,9,7,16) [ RunTime:0.000428s ]
[ sql ] [ SQL ] SHOW COLUMNS FROM `gr_menu_new` [ RunTime:0.000603s ]
[ sql ] [ SQL ] SELECT m.menu_id as id,`m`.`menu_name`,`m`.`p_id`,`m`.`controller`,`m`.`action`,`m`.`is_show`,`m`.`url`,`m`.`type` FROM `gr_menu_new` `m` ORDER BY `p_id` ASC,`sort` ASC,`id` ASC [ RunTime:0.000864s ]
---------------------------------------------------------------
[ 2022-10-28T16:24:23+08:00 ] 127.0.0.1 POST api.newkefu.com/admin/inner_account/getAdminDepartment
[运行时间：0.118489s] [吞吐率：8.44req/s] [内存消耗：4,801.34kb] [文件加载：194]
[ info ] [ LANG ] D:\phpstudy_pro\WWW\new_kefu_online\thinkphp\lang\zh-cn.php
[ info ] [ ROUTE ] array (
  'type' => 'module',
  'module' => 
  array (
    0 => 'admin',
    1 => 'inner_account',
    2 => 'getAdminDepartment',
  ),
)
[ info ] [ HEADER ] array (
  'content-length' => '0',
  'referer' => 'http://www.newkefu.com/',
  'connection' => 'close',
  'origin' => 'http://www.newkefu.com',
  'platform' => 'youyu',
  'token' => 'eyJ0eXAiOiJKV1QiLCJhbGciOiJIUzI1NiIsImp0aSI6ImxYWGluZyJ9.eyJpc3MiOiJhcGkubmV3a2VmdS5jb20iLCJqdGkiOiJsWFhpbmciLCJpYXQiOjE2NjY3NDk2NTYsImV4cCI6MTY2OTM0MTY1NiwidWlkIjoxNDN9._sd6cfNwrBrBvl2Aqq00tsWjVGvZpCIB2R0u1I7fTdw',
  'accept-encoding' => 'gzip, deflate',
  'accept-language' => 'zh-CN,zh;q=0.8,zh-TW;q=0.7,zh-HK;q=0.5,en-US;q=0.3,en;q=0.2',
  'accept' => 'application/json, text/javascript, */*; q=0.01',
  'user-agent' => 'Mozilla/5.0 (Windows NT 10.0; Win64; x64; rv:105.0) Gecko/20100101 Firefox/105.0',
  'host' => 'api.newkefu.com',
)
[ info ] [ PARAM ] array (
  '/admin/inner_account/getAdminDepartment' => '',
)
[ info ] [ DB ] INIT mysql
[ info ] [ CACHE ] INIT redis
[ info ] [ DB ] INIT mysql
[ info ] [ RUN ] app\admin\controller\InnerAccount->getAdminDepartment[ D:\phpstudy_pro\WWW\new_kefu_online\application\admin\controller\InnerAccount.php ]
[ info ] [ LOG ] INIT File
[ sql ] [ DB ] CONNECT:[ UseTime:0.001379s ] mysql:host=127.0.0.1;port=3306;dbname=gr_chat;charset=utf8
[ sql ] [ SQL ] SHOW COLUMNS FROM `gr_user_group` [ RunTime:0.000783s ]
[ sql ] [ SQL ] SELECT * FROM `gr_user_group` WHERE  `id` IN (17,10,11,5,14,8,9,7,16) [ RunTime:0.000339s ]
[ sql ] [ SQL ] SHOW COLUMNS FROM `gr_menu_new` [ RunTime:0.000759s ]
[ sql ] [ SQL ] SELECT m.menu_id as id,`m`.`menu_name`,`m`.`p_id`,`m`.`controller`,`m`.`action`,`m`.`is_show`,`m`.`url`,`m`.`type` FROM `gr_menu_new` `m` ORDER BY `p_id` ASC,`sort` ASC,`id` ASC [ RunTime:0.000895s ]
---------------------------------------------------------------
[ 2022-10-28T16:24:24+08:00 ] 127.0.0.1 POST api.newkefu.com/admin/inner_account/getAdmin
[运行时间：0.091183s] [吞吐率：10.97req/s] [内存消耗：4,833.68kb] [文件加载：194]
[ info ] [ LANG ] D:\phpstudy_pro\WWW\new_kefu_online\thinkphp\lang\zh-cn.php
[ info ] [ ROUTE ] array (
  'type' => 'module',
  'module' => 
  array (
    0 => 'admin',
    1 => 'inner_account',
    2 => 'getAdmin',
  ),
)
[ info ] [ HEADER ] array (
  'referer' => 'http://www.newkefu.com/',
  'connection' => 'close',
  'origin' => 'http://www.newkefu.com',
  'content-length' => '13',
  'platform' => 'youyu',
  'token' => 'eyJ0eXAiOiJKV1QiLCJhbGciOiJIUzI1NiIsImp0aSI6ImxYWGluZyJ9.eyJpc3MiOiJhcGkubmV3a2VmdS5jb20iLCJqdGkiOiJsWFhpbmciLCJpYXQiOjE2NjY3NDk2NTYsImV4cCI6MTY2OTM0MTY1NiwidWlkIjoxNDN9._sd6cfNwrBrBvl2Aqq00tsWjVGvZpCIB2R0u1I7fTdw',
  'content-type' => 'application/x-www-form-urlencoded; charset=UTF-8',
  'accept-encoding' => 'gzip, deflate',
  'accept-language' => 'zh-CN,zh;q=0.8,zh-TW;q=0.7,zh-HK;q=0.5,en-US;q=0.3,en;q=0.2',
  'accept' => 'application/json, text/javascript, */*; q=0.01',
  'user-agent' => 'Mozilla/5.0 (Windows NT 10.0; Win64; x64; rv:105.0) Gecko/20100101 Firefox/105.0',
  'host' => 'api.newkefu.com',
)
[ info ] [ PARAM ] array (
  '/admin/inner_account/getAdmin' => '',
  'platform_id' => '0',
)
[ info ] [ DB ] INIT mysql
[ info ] [ CACHE ] INIT redis
[ info ] [ DB ] INIT mysql
[ info ] [ RUN ] app\admin\controller\InnerAccount->getAdmin[ D:\phpstudy_pro\WWW\new_kefu_online\application\admin\controller\InnerAccount.php ]
[ info ] [ LOG ] INIT File
[ sql ] [ DB ] CONNECT:[ UseTime:0.001116s ] mysql:host=127.0.0.1;port=3306;dbname=gr_chat;charset=utf8
[ sql ] [ SQL ] SHOW COLUMNS FROM `gr_user_group` [ RunTime:0.000621s ]
[ sql ] [ SQL ] SELECT * FROM `gr_user_group` WHERE  `id` IN (17,10,11,5,14,8,9,7,16) [ RunTime:0.000351s ]
[ sql ] [ SQL ] SHOW COLUMNS FROM `gr_menu_new` [ RunTime:0.000688s ]
[ sql ] [ SQL ] SELECT m.menu_id as id,`m`.`menu_name`,`m`.`p_id`,`m`.`controller`,`m`.`action`,`m`.`is_show`,`m`.`url`,`m`.`type` FROM `gr_menu_new` `m` ORDER BY `p_id` ASC,`sort` ASC,`id` ASC [ RunTime:0.000852s ]
---------------------------------------------------------------
[ 2022-10-28T17:13:08+08:00 ] 127.0.0.1 GET api.newkefu.com/scripts/InnerAccount/run?p[action]=update_inner_account
[运行时间：0.147343s] [吞吐率：6.79req/s] [内存消耗：4,194.22kb] [文件加载：178]
[ info ] [ LANG ] D:\phpstudy_pro\WWW\new_kefu_online\thinkphp\lang\zh-cn.php
[ info ] [ ROUTE ] array (
  'type' => 'module',
  'module' => 
  array (
    0 => 'scripts',
    1 => 'InnerAccount',
    2 => 'run',
  ),
)
[ info ] [ HEADER ] array (
  'upgrade-insecure-requests' => '1',
  'connection' => 'close',
  'accept-encoding' => 'gzip, deflate',
  'accept-language' => 'zh-CN,zh;q=0.8,zh-TW;q=0.7,zh-HK;q=0.5,en-US;q=0.3,en;q=0.2',
  'accept' => 'text/html,application/xhtml+xml,application/xml;q=0.9,image/avif,image/webp,*/*;q=0.8',
  'user-agent' => 'Mozilla/5.0 (Windows NT 10.0; Win64; x64; rv:105.0) Gecko/20100101 Firefox/105.0',
  'host' => 'api.newkefu.com',
)
[ info ] [ PARAM ] array (
  '/scripts/InnerAccount/run' => '',
  'p' => 
  array (
    'action' => 'update_inner_account',
  ),
)
[ info ] [ CACHE ] INIT redis
[ info ] [ DB ] INIT mysql
[ info ] [ RUN ] app\scripts\controller\InnerAccount->run[ D:\phpstudy_pro\WWW\new_kefu_online\application\scripts\controller\InnerAccount.php ]
[ info ] [ DB ] INIT mysql
[ info ] [ DB ] INIT mysql
[ info ] [ LOG ] INIT File
[ sql ] [ DB ] CONNECT:[ UseTime:0.001247s ] mysql:host=127.0.0.1;port=3306;dbname=gr_chat;charset=utf8
[ sql ] [ SQL ] SHOW COLUMNS FROM `gr_run_log` [ RunTime:0.003688s ]
[ sql ] [ SQL ] INSERT INTO `gr_run_log` (`controller` , `action` , `input_param` , `add_time` , `update_time`) VALUES ('script_InnerAccount' , 'updateInnerAccount' , '{\"action\":\"update_inner_account\"}' , 1666948388 , 1666948388) [ RunTime:0.001693s ]
---------------------------------------------------------------
[ 2022-10-28T17:13:24+08:00 ] 127.0.0.1 GET api.newkefu.com/scripts/InnerAccount/run?p[action]=update_inner_account
[运行时间：0.078032s] [吞吐率：12.82req/s] [内存消耗：3,942.63kb] [文件加载：175]
[ info ] [ LANG ] D:\phpstudy_pro\WWW\new_kefu_online\thinkphp\lang\zh-cn.php
[ info ] [ ROUTE ] array (
  'type' => 'module',
  'module' => 
  array (
    0 => 'scripts',
    1 => 'InnerAccount',
    2 => 'run',
  ),
)
[ info ] [ HEADER ] array (
  'upgrade-insecure-requests' => '1',
  'connection' => 'close',
  'accept-encoding' => 'gzip, deflate',
  'accept-language' => 'zh-CN,zh;q=0.8,zh-TW;q=0.7,zh-HK;q=0.5,en-US;q=0.3,en;q=0.2',
  'accept' => 'text/html,application/xhtml+xml,application/xml;q=0.9,image/avif,image/webp,*/*;q=0.8',
  'user-agent' => 'Mozilla/5.0 (Windows NT 10.0; Win64; x64; rv:105.0) Gecko/20100101 Firefox/105.0',
  'host' => 'api.newkefu.com',
)
[ info ] [ PARAM ] array (
  '/scripts/InnerAccount/run' => '',
  'p' => 
  array (
    'action' => 'update_inner_account',
  ),
)
[ info ] [ CACHE ] INIT redis
[ info ] [ RUN ] app\scripts\controller\InnerAccount->run[ D:\phpstudy_pro\WWW\new_kefu_online\application\scripts\controller\InnerAccount.php ]
[ info ] [ DB ] INIT mysql
[ info ] [ DB ] INIT mysql
[ info ] [ LOG ] INIT File
[ sql ] [ DB ] CONNECT:[ UseTime:0.001313s ] mysql:host=127.0.0.1;port=3306;dbname=gr_chat;charset=utf8
[ sql ] [ SQL ] SHOW COLUMNS FROM `gr_run_log` [ RunTime:0.002912s ]
[ sql ] [ SQL ] INSERT INTO `gr_run_log` (`controller` , `action` , `input_param` , `add_time` , `update_time`) VALUES ('script_InnerAccount' , 'updateInnerAccount' , '{\"action\":\"update_inner_account\"}' , 1666948404 , 1666948404) [ RunTime:0.002168s ]
