---------------------------------------------------------------
[ 2022-10-31T10:54:49+08:00 ] 127.0.0.1 GET api.newkefu.com/scripts/InnerAccount/run?p[action]=update_inner_account
[运行时间：0.178692s] [吞吐率：5.60req/s] [内存消耗：4,787.34kb] [文件加载：178]
[ info ] [ LANG ] D:\phpstudy_pro\WWW\new_kefu_online\thinkphp\lang\zh-cn.php
[ info ] [ ROUTE ] array (
  'type' => 'module',
  'module' => 
  array (
    0 => 'scripts',
    1 => 'InnerAccount',
    2 => 'run',
  ),
)
[ info ] [ HEADER ] array (
  'upgrade-insecure-requests' => '1',
  'connection' => 'close',
  'accept-encoding' => 'gzip, deflate',
  'accept-language' => 'zh-CN,zh;q=0.8,zh-TW;q=0.7,zh-HK;q=0.5,en-US;q=0.3,en;q=0.2',
  'accept' => 'text/html,application/xhtml+xml,application/xml;q=0.9,image/avif,image/webp,*/*;q=0.8',
  'user-agent' => 'Mozilla/5.0 (Windows NT 10.0; Win64; x64; rv:105.0) Gecko/20100101 Firefox/105.0',
  'host' => 'api.newkefu.com',
)
[ info ] [ PARAM ] array (
  '/scripts/InnerAccount/run' => '',
  'p' => 
  array (
    'action' => 'update_inner_account',
  ),
)
[ info ] [ CACHE ] INIT redis
[ info ] [ DB ] INIT mysql
[ info ] [ RUN ] app\scripts\controller\InnerAccount->run[ D:\phpstudy_pro\WWW\new_kefu_online\application\scripts\controller\InnerAccount.php ]
[ info ] [ DB ] INIT mysql
[ info ] [ DB ] INIT mysql
[ info ] [ LOG ] INIT File
[ sql ] [ DB ] CONNECT:[ UseTime:0.001861s ] mysql:host=127.0.0.1;port=3306;dbname=gr_chat;charset=utf8
[ sql ] [ SQL ] SHOW COLUMNS FROM `gr_run_log` [ RunTime:0.003591s ]
[ sql ] [ SQL ] INSERT INTO `gr_run_log` (`controller` , `action` , `input_param` , `add_time` , `update_time`) VALUES ('script_InnerAccount' , 'updateInnerAccount' , '{\"action\":\"update_inner_account\"}' , 1667184889 , 1667184889) [ RunTime:0.001441s ]
---------------------------------------------------------------
[ 2022-10-31T10:55:04+08:00 ] 127.0.0.1 GET api.newkefu.com/scripts/InnerAccount/run?p[action]=update_inner_account
[运行时间：0.112853s] [吞吐率：8.86req/s] [内存消耗：4,188.11kb] [文件加载：175]
[ info ] [ LANG ] D:\phpstudy_pro\WWW\new_kefu_online\thinkphp\lang\zh-cn.php
[ info ] [ ROUTE ] array (
  'type' => 'module',
  'module' => 
  array (
    0 => 'scripts',
    1 => 'InnerAccount',
    2 => 'run',
  ),
)
[ info ] [ HEADER ] array (
  'upgrade-insecure-requests' => '1',
  'connection' => 'close',
  'accept-encoding' => 'gzip, deflate',
  'accept-language' => 'zh-CN,zh;q=0.8,zh-TW;q=0.7,zh-HK;q=0.5,en-US;q=0.3,en;q=0.2',
  'accept' => 'text/html,application/xhtml+xml,application/xml;q=0.9,image/avif,image/webp,*/*;q=0.8',
  'user-agent' => 'Mozilla/5.0 (Windows NT 10.0; Win64; x64; rv:105.0) Gecko/20100101 Firefox/105.0',
  'host' => 'api.newkefu.com',
)
[ info ] [ PARAM ] array (
  '/scripts/InnerAccount/run' => '',
  'p' => 
  array (
    'action' => 'update_inner_account',
  ),
)
[ info ] [ CACHE ] INIT redis
[ info ] [ RUN ] app\scripts\controller\InnerAccount->run[ D:\phpstudy_pro\WWW\new_kefu_online\application\scripts\controller\InnerAccount.php ]
[ info ] [ DB ] INIT mysql
[ info ] [ DB ] INIT mysql
[ info ] [ LOG ] INIT File
[ sql ] [ DB ] CONNECT:[ UseTime:0.001601s ] mysql:host=127.0.0.1;port=3306;dbname=gr_chat;charset=utf8
[ sql ] [ SQL ] SHOW COLUMNS FROM `gr_run_log` [ RunTime:0.013457s ]
[ sql ] [ SQL ] INSERT INTO `gr_run_log` (`controller` , `action` , `input_param` , `add_time` , `update_time`) VALUES ('script_InnerAccount' , 'updateInnerAccount' , '{\"action\":\"update_inner_account\"}' , 1667184904 , 1667184904) [ RunTime:0.001180s ]
[ sql ] [ SQL ] SELECT * FROM `gr_run_log` WHERE  `id` = 796 LIMIT 1 [ RunTime:0.001412s ]
[ sql ] [ SQL ] UPDATE `gr_run_log`  SET `status`=1,`update_time`=1667184904  WHERE  `id` = 796 [ RunTime:0.003673s ]
---------------------------------------------------------------
[ 2022-10-31T10:55:24+08:00 ] 127.0.0.1 GET api.newkefu.com/scripts/InnerAccount/run?p[action]=update_inner_account
[运行时间：0.110864s] [吞吐率：9.02req/s] [内存消耗：4,481.35kb] [文件加载：175]
[ info ] [ LANG ] D:\phpstudy_pro\WWW\new_kefu_online\thinkphp\lang\zh-cn.php
[ info ] [ ROUTE ] array (
  'type' => 'module',
  'module' => 
  array (
    0 => 'scripts',
    1 => 'InnerAccount',
    2 => 'run',
  ),
)
[ info ] [ HEADER ] array (
  'upgrade-insecure-requests' => '1',
  'connection' => 'close',
  'accept-encoding' => 'gzip, deflate',
  'accept-language' => 'zh-CN,zh;q=0.8,zh-TW;q=0.7,zh-HK;q=0.5,en-US;q=0.3,en;q=0.2',
  'accept' => 'text/html,application/xhtml+xml,application/xml;q=0.9,image/avif,image/webp,*/*;q=0.8',
  'user-agent' => 'Mozilla/5.0 (Windows NT 10.0; Win64; x64; rv:105.0) Gecko/20100101 Firefox/105.0',
  'host' => 'api.newkefu.com',
)
[ info ] [ PARAM ] array (
  '/scripts/InnerAccount/run' => '',
  'p' => 
  array (
    'action' => 'update_inner_account',
  ),
)
[ info ] [ CACHE ] INIT redis
[ info ] [ RUN ] app\scripts\controller\InnerAccount->run[ D:\phpstudy_pro\WWW\new_kefu_online\application\scripts\controller\InnerAccount.php ]
[ info ] [ DB ] INIT mysql
[ info ] [ DB ] INIT mysql
[ info ] [ LOG ] INIT File
[ sql ] [ DB ] CONNECT:[ UseTime:0.001790s ] mysql:host=127.0.0.1;port=3306;dbname=gr_chat;charset=utf8
[ sql ] [ SQL ] SHOW COLUMNS FROM `gr_run_log` [ RunTime:0.002796s ]
[ sql ] [ SQL ] INSERT INTO `gr_run_log` (`controller` , `action` , `input_param` , `add_time` , `update_time`) VALUES ('script_InnerAccount' , 'updateInnerAccount' , '{\"action\":\"update_inner_account\"}' , 1667184924 , 1667184924) [ RunTime:0.000855s ]
---------------------------------------------------------------
[ 2022-10-31T10:56:17+08:00 ] 127.0.0.1 GET api.newkefu.com/scripts/InnerAccount/run?p[action]=update_inner_account
[运行时间：0.080370s] [吞吐率：12.44req/s] [内存消耗：4,482.82kb] [文件加载：175]
[ info ] [ LANG ] D:\phpstudy_pro\WWW\new_kefu_online\thinkphp\lang\zh-cn.php
[ info ] [ ROUTE ] array (
  'type' => 'module',
  'module' => 
  array (
    0 => 'scripts',
    1 => 'InnerAccount',
    2 => 'run',
  ),
)
[ info ] [ HEADER ] array (
  'upgrade-insecure-requests' => '1',
  'connection' => 'close',
  'accept-encoding' => 'gzip, deflate',
  'accept-language' => 'zh-CN,zh;q=0.8,zh-TW;q=0.7,zh-HK;q=0.5,en-US;q=0.3,en;q=0.2',
  'accept' => 'text/html,application/xhtml+xml,application/xml;q=0.9,image/avif,image/webp,*/*;q=0.8',
  'user-agent' => 'Mozilla/5.0 (Windows NT 10.0; Win64; x64; rv:105.0) Gecko/20100101 Firefox/105.0',
  'host' => 'api.newkefu.com',
)
[ info ] [ PARAM ] array (
  '/scripts/InnerAccount/run' => '',
  'p' => 
  array (
    'action' => 'update_inner_account',
  ),
)
[ info ] [ CACHE ] INIT redis
[ info ] [ RUN ] app\scripts\controller\InnerAccount->run[ D:\phpstudy_pro\WWW\new_kefu_online\application\scripts\controller\InnerAccount.php ]
[ info ] [ DB ] INIT mysql
[ info ] [ DB ] INIT mysql
[ info ] [ LOG ] INIT File
[ sql ] [ DB ] CONNECT:[ UseTime:0.001271s ] mysql:host=127.0.0.1;port=3306;dbname=gr_chat;charset=utf8
[ sql ] [ SQL ] SHOW COLUMNS FROM `gr_run_log` [ RunTime:0.001489s ]
[ sql ] [ SQL ] INSERT INTO `gr_run_log` (`controller` , `action` , `input_param` , `add_time` , `update_time`) VALUES ('script_InnerAccount' , 'updateInnerAccount' , '{\"action\":\"update_inner_account\"}' , 1667184977 , 1667184977) [ RunTime:0.000810s ]
---------------------------------------------------------------
[ 2022-10-31T11:31:54+08:00 ] 127.0.0.1 GET api.newkefu.com/scripts/InnerAccount/run?p[action]=update_inner_account
[运行时间：1.319112s] [吞吐率：0.76req/s] [内存消耗：4,404.98kb] [文件加载：178]
[ info ] [ LANG ] D:\phpstudy_pro\WWW\new_kefu_online\thinkphp\lang\zh-cn.php
[ info ] [ ROUTE ] array (
  'type' => 'module',
  'module' => 
  array (
    0 => 'scripts',
    1 => 'InnerAccount',
    2 => 'run',
  ),
)
[ info ] [ HEADER ] array (
  'upgrade-insecure-requests' => '1',
  'connection' => 'close',
  'accept-encoding' => 'gzip, deflate',
  'accept-language' => 'zh-CN,zh;q=0.8,zh-TW;q=0.7,zh-HK;q=0.5,en-US;q=0.3,en;q=0.2',
  'accept' => 'text/html,application/xhtml+xml,application/xml;q=0.9,image/avif,image/webp,*/*;q=0.8',
  'user-agent' => 'Mozilla/5.0 (Windows NT 10.0; Win64; x64; rv:105.0) Gecko/20100101 Firefox/105.0',
  'host' => 'api.newkefu.com',
)
[ info ] [ PARAM ] array (
  '/scripts/InnerAccount/run' => '',
  'p' => 
  array (
    'action' => 'update_inner_account',
  ),
)
[ info ] [ CACHE ] INIT redis
[ info ] [ RUN ] app\scripts\controller\InnerAccount->run[ D:\phpstudy_pro\WWW\new_kefu_online\application\scripts\controller\InnerAccount.php ]
[ info ] [ DB ] INIT mysql
[ info ] [ DB ] INIT mysql
[ info ] [ DB ] INIT mysql
[ info ] [ LOG ] INIT File
[ sql ] [ DB ] CONNECT:[ UseTime:0.001662s ] mysql:host=127.0.0.1;port=3306;dbname=gr_chat;charset=utf8
[ sql ] [ SQL ] SHOW COLUMNS FROM `gr_run_log` [ RunTime:0.003414s ]
[ sql ] [ SQL ] INSERT INTO `gr_run_log` (`controller` , `action` , `input_param` , `add_time` , `update_time`) VALUES ('script_InnerAccount' , 'updateInnerAccount' , '{\"action\":\"update_inner_account\"}' , 1667187112 , 1667187112) [ RunTime:0.005071s ]
[ sql ] [ SQL ] SELECT * FROM `gr_run_log` WHERE  `id` = 799 LIMIT 1 [ RunTime:0.000298s ]
[ sql ] [ SQL ] UPDATE `gr_run_log`  SET `update_time`=1667187113,`status`=1  WHERE  `id` = 799 [ RunTime:0.006401s ]
---------------------------------------------------------------
[ 2022-10-31T11:32:14+08:00 ] 127.0.0.1 GET api.newkefu.com/scripts/InnerAccount/run?p[action]=update_inner_account
[运行时间：0.297112s] [吞吐率：3.37req/s] [内存消耗：4,636.25kb] [文件加载：178]
[ info ] [ LANG ] D:\phpstudy_pro\WWW\new_kefu_online\thinkphp\lang\zh-cn.php
[ info ] [ ROUTE ] array (
  'type' => 'module',
  'module' => 
  array (
    0 => 'scripts',
    1 => 'InnerAccount',
    2 => 'run',
  ),
)
[ info ] [ HEADER ] array (
  'upgrade-insecure-requests' => '1',
  'connection' => 'close',
  'accept-encoding' => 'gzip, deflate',
  'accept-language' => 'zh-CN,zh;q=0.8,zh-TW;q=0.7,zh-HK;q=0.5,en-US;q=0.3,en;q=0.2',
  'accept' => 'text/html,application/xhtml+xml,application/xml;q=0.9,image/avif,image/webp,*/*;q=0.8',
  'user-agent' => 'Mozilla/5.0 (Windows NT 10.0; Win64; x64; rv:105.0) Gecko/20100101 Firefox/105.0',
  'host' => 'api.newkefu.com',
)
[ info ] [ PARAM ] array (
  '/scripts/InnerAccount/run' => '',
  'p' => 
  array (
    'action' => 'update_inner_account',
  ),
)
[ info ] [ CACHE ] INIT redis
[ info ] [ RUN ] app\scripts\controller\InnerAccount->run[ D:\phpstudy_pro\WWW\new_kefu_online\application\scripts\controller\InnerAccount.php ]
[ info ] [ DB ] INIT mysql
[ info ] [ DB ] INIT mysql
[ info ] [ DB ] INIT mysql
[ info ] [ LOG ] INIT File
[ sql ] [ DB ] CONNECT:[ UseTime:0.001363s ] mysql:host=127.0.0.1;port=3306;dbname=gr_chat;charset=utf8
[ sql ] [ SQL ] SHOW COLUMNS FROM `gr_run_log` [ RunTime:0.002877s ]
[ sql ] [ SQL ] INSERT INTO `gr_run_log` (`controller` , `action` , `input_param` , `add_time` , `update_time`) VALUES ('script_InnerAccount' , 'updateInnerAccount' , '{\"action\":\"update_inner_account\"}' , 1667187134 , 1667187134) [ RunTime:0.000871s ]
---------------------------------------------------------------
[ 2022-10-31T11:33:05+08:00 ] 127.0.0.1 GET api.newkefu.com/scripts/InnerAccount/run?p[action]=update_inner_account
[运行时间：0.275919s] [吞吐率：3.62req/s] [内存消耗：4,636.25kb] [文件加载：178]
[ info ] [ LANG ] D:\phpstudy_pro\WWW\new_kefu_online\thinkphp\lang\zh-cn.php
[ info ] [ ROUTE ] array (
  'type' => 'module',
  'module' => 
  array (
    0 => 'scripts',
    1 => 'InnerAccount',
    2 => 'run',
  ),
)
[ info ] [ HEADER ] array (
  'upgrade-insecure-requests' => '1',
  'connection' => 'close',
  'accept-encoding' => 'gzip, deflate',
  'accept-language' => 'zh-CN,zh;q=0.8,zh-TW;q=0.7,zh-HK;q=0.5,en-US;q=0.3,en;q=0.2',
  'accept' => 'text/html,application/xhtml+xml,application/xml;q=0.9,image/avif,image/webp,*/*;q=0.8',
  'user-agent' => 'Mozilla/5.0 (Windows NT 10.0; Win64; x64; rv:105.0) Gecko/20100101 Firefox/105.0',
  'host' => 'api.newkefu.com',
)
[ info ] [ PARAM ] array (
  '/scripts/InnerAccount/run' => '',
  'p' => 
  array (
    'action' => 'update_inner_account',
  ),
)
[ info ] [ CACHE ] INIT redis
[ info ] [ RUN ] app\scripts\controller\InnerAccount->run[ D:\phpstudy_pro\WWW\new_kefu_online\application\scripts\controller\InnerAccount.php ]
[ info ] [ DB ] INIT mysql
[ info ] [ DB ] INIT mysql
[ info ] [ DB ] INIT mysql
[ info ] [ LOG ] INIT File
[ sql ] [ DB ] CONNECT:[ UseTime:0.001332s ] mysql:host=127.0.0.1;port=3306;dbname=gr_chat;charset=utf8
[ sql ] [ SQL ] SHOW COLUMNS FROM `gr_run_log` [ RunTime:0.000773s ]
[ sql ] [ SQL ] INSERT INTO `gr_run_log` (`controller` , `action` , `input_param` , `add_time` , `update_time`) VALUES ('script_InnerAccount' , 'updateInnerAccount' , '{\"action\":\"update_inner_account\"}' , 1667187185 , 1667187185) [ RunTime:0.000840s ]
---------------------------------------------------------------
[ 2022-10-31T11:33:11+08:00 ] 127.0.0.1 GET api.newkefu.com/scripts/InnerAccount/run?p[action]=update_inner_account
[运行时间：0.087251s] [吞吐率：11.46req/s] [内存消耗：4,625.85kb] [文件加载：175]
[ info ] [ LANG ] D:\phpstudy_pro\WWW\new_kefu_online\thinkphp\lang\zh-cn.php
[ info ] [ ROUTE ] array (
  'type' => 'module',
  'module' => 
  array (
    0 => 'scripts',
    1 => 'InnerAccount',
    2 => 'run',
  ),
)
[ info ] [ HEADER ] array (
  'upgrade-insecure-requests' => '1',
  'connection' => 'close',
  'accept-encoding' => 'gzip, deflate',
  'accept-language' => 'zh-CN,zh;q=0.8,zh-TW;q=0.7,zh-HK;q=0.5,en-US;q=0.3,en;q=0.2',
  'accept' => 'text/html,application/xhtml+xml,application/xml;q=0.9,image/avif,image/webp,*/*;q=0.8',
  'user-agent' => 'Mozilla/5.0 (Windows NT 10.0; Win64; x64; rv:105.0) Gecko/20100101 Firefox/105.0',
  'host' => 'api.newkefu.com',
)
[ info ] [ PARAM ] array (
  '/scripts/InnerAccount/run' => '',
  'p' => 
  array (
    'action' => 'update_inner_account',
  ),
)
[ info ] [ CACHE ] INIT redis
[ info ] [ RUN ] app\scripts\controller\InnerAccount->run[ D:\phpstudy_pro\WWW\new_kefu_online\application\scripts\controller\InnerAccount.php ]
[ info ] [ DB ] INIT mysql
[ info ] [ DB ] INIT mysql
[ info ] [ LOG ] INIT File
[ sql ] [ DB ] CONNECT:[ UseTime:0.001245s ] mysql:host=127.0.0.1;port=3306;dbname=gr_chat;charset=utf8
[ sql ] [ SQL ] SHOW COLUMNS FROM `gr_run_log` [ RunTime:0.002646s ]
[ sql ] [ SQL ] INSERT INTO `gr_run_log` (`controller` , `action` , `input_param` , `add_time` , `update_time`) VALUES ('script_InnerAccount' , 'updateInnerAccount' , '{\"action\":\"update_inner_account\"}' , 1667187191 , 1667187191) [ RunTime:0.001350s ]
---------------------------------------------------------------
[ 2022-10-31T11:34:07+08:00 ] 127.0.0.1 GET api.newkefu.com/scripts/InnerAccount/run?p[action]=update_inner_account
[运行时间：0.086849s] [吞吐率：11.51req/s] [内存消耗：4,594.87kb] [文件加载：176]
[ info ] [ LANG ] D:\phpstudy_pro\WWW\new_kefu_online\thinkphp\lang\zh-cn.php
[ info ] [ ROUTE ] array (
  'type' => 'module',
  'module' => 
  array (
    0 => 'scripts',
    1 => 'InnerAccount',
    2 => 'run',
  ),
)
[ info ] [ HEADER ] array (
  'upgrade-insecure-requests' => '1',
  'connection' => 'close',
  'accept-encoding' => 'gzip, deflate',
  'accept-language' => 'zh-CN,zh;q=0.8,zh-TW;q=0.7,zh-HK;q=0.5,en-US;q=0.3,en;q=0.2',
  'accept' => 'text/html,application/xhtml+xml,application/xml;q=0.9,image/avif,image/webp,*/*;q=0.8',
  'user-agent' => 'Mozilla/5.0 (Windows NT 10.0; Win64; x64; rv:105.0) Gecko/20100101 Firefox/105.0',
  'host' => 'api.newkefu.com',
)
[ info ] [ PARAM ] array (
  '/scripts/InnerAccount/run' => '',
  'p' => 
  array (
    'action' => 'update_inner_account',
  ),
)
[ info ] [ CACHE ] INIT redis
[ info ] [ RUN ] app\scripts\controller\InnerAccount->run[ D:\phpstudy_pro\WWW\new_kefu_online\application\scripts\controller\InnerAccount.php ]
[ info ] [ DB ] INIT mysql
[ info ] [ DB ] INIT mysql
[ info ] [ DB ] INIT mysql
[ info ] [ LOG ] INIT File
[ sql ] [ DB ] CONNECT:[ UseTime:0.001207s ] mysql:host=127.0.0.1;port=3306;dbname=gr_chat;charset=utf8
[ sql ] [ SQL ] SHOW COLUMNS FROM `gr_run_log` [ RunTime:0.002751s ]
[ sql ] [ SQL ] INSERT INTO `gr_run_log` (`controller` , `action` , `input_param` , `add_time` , `update_time`) VALUES ('script_InnerAccount' , 'updateInnerAccount' , '{\"action\":\"update_inner_account\"}' , 1667187247 , 1667187247) [ RunTime:0.001222s ]
---------------------------------------------------------------
[ 2022-10-31T11:35:22+08:00 ] 127.0.0.1 GET api.newkefu.com/scripts/InnerAccount/run?p[action]=update_inner_account
[运行时间：0.147623s] [吞吐率：6.77req/s] [内存消耗：4,636.25kb] [文件加载：178]
[ info ] [ LANG ] D:\phpstudy_pro\WWW\new_kefu_online\thinkphp\lang\zh-cn.php
[ info ] [ ROUTE ] array (
  'type' => 'module',
  'module' => 
  array (
    0 => 'scripts',
    1 => 'InnerAccount',
    2 => 'run',
  ),
)
[ info ] [ HEADER ] array (
  'upgrade-insecure-requests' => '1',
  'connection' => 'close',
  'accept-encoding' => 'gzip, deflate',
  'accept-language' => 'zh-CN,zh;q=0.8,zh-TW;q=0.7,zh-HK;q=0.5,en-US;q=0.3,en;q=0.2',
  'accept' => 'text/html,application/xhtml+xml,application/xml;q=0.9,image/avif,image/webp,*/*;q=0.8',
  'user-agent' => 'Mozilla/5.0 (Windows NT 10.0; Win64; x64; rv:105.0) Gecko/20100101 Firefox/105.0',
  'host' => 'api.newkefu.com',
)
[ info ] [ PARAM ] array (
  '/scripts/InnerAccount/run' => '',
  'p' => 
  array (
    'action' => 'update_inner_account',
  ),
)
[ info ] [ CACHE ] INIT redis
[ info ] [ RUN ] app\scripts\controller\InnerAccount->run[ D:\phpstudy_pro\WWW\new_kefu_online\application\scripts\controller\InnerAccount.php ]
[ info ] [ DB ] INIT mysql
[ info ] [ DB ] INIT mysql
[ info ] [ DB ] INIT mysql
[ info ] [ LOG ] INIT File
[ sql ] [ DB ] CONNECT:[ UseTime:0.001245s ] mysql:host=127.0.0.1;port=3306;dbname=gr_chat;charset=utf8
[ sql ] [ SQL ] SHOW COLUMNS FROM `gr_run_log` [ RunTime:0.002983s ]
[ sql ] [ SQL ] INSERT INTO `gr_run_log` (`controller` , `action` , `input_param` , `add_time` , `update_time`) VALUES ('script_InnerAccount' , 'updateInnerAccount' , '{\"action\":\"update_inner_account\"}' , 1667187322 , 1667187322) [ RunTime:0.001009s ]
---------------------------------------------------------------
[ 2022-10-31T11:35:54+08:00 ] 127.0.0.1 GET api.newkefu.com/scripts/InnerAccount/run?p[action]=update_inner_account
[运行时间：0.150606s] [吞吐率：6.64req/s] [内存消耗：4,636.25kb] [文件加载：178]
[ info ] [ LANG ] D:\phpstudy_pro\WWW\new_kefu_online\thinkphp\lang\zh-cn.php
[ info ] [ ROUTE ] array (
  'type' => 'module',
  'module' => 
  array (
    0 => 'scripts',
    1 => 'InnerAccount',
    2 => 'run',
  ),
)
[ info ] [ HEADER ] array (
  'upgrade-insecure-requests' => '1',
  'connection' => 'close',
  'accept-encoding' => 'gzip, deflate',
  'accept-language' => 'zh-CN,zh;q=0.8,zh-TW;q=0.7,zh-HK;q=0.5,en-US;q=0.3,en;q=0.2',
  'accept' => 'text/html,application/xhtml+xml,application/xml;q=0.9,image/avif,image/webp,*/*;q=0.8',
  'user-agent' => 'Mozilla/5.0 (Windows NT 10.0; Win64; x64; rv:105.0) Gecko/20100101 Firefox/105.0',
  'host' => 'api.newkefu.com',
)
[ info ] [ PARAM ] array (
  '/scripts/InnerAccount/run' => '',
  'p' => 
  array (
    'action' => 'update_inner_account',
  ),
)
[ info ] [ CACHE ] INIT redis
[ info ] [ RUN ] app\scripts\controller\InnerAccount->run[ D:\phpstudy_pro\WWW\new_kefu_online\application\scripts\controller\InnerAccount.php ]
[ info ] [ DB ] INIT mysql
[ info ] [ DB ] INIT mysql
[ info ] [ DB ] INIT mysql
[ info ] [ LOG ] INIT File
[ sql ] [ DB ] CONNECT:[ UseTime:0.001266s ] mysql:host=127.0.0.1;port=3306;dbname=gr_chat;charset=utf8
[ sql ] [ SQL ] SHOW COLUMNS FROM `gr_run_log` [ RunTime:0.005125s ]
[ sql ] [ SQL ] INSERT INTO `gr_run_log` (`controller` , `action` , `input_param` , `add_time` , `update_time`) VALUES ('script_InnerAccount' , 'updateInnerAccount' , '{\"action\":\"update_inner_account\"}' , 1667187354 , 1667187354) [ RunTime:0.000863s ]
---------------------------------------------------------------
[ 2022-10-31T11:36:12+08:00 ] 127.0.0.1 GET api.newkefu.com/scripts/InnerAccount/run?p[action]=update_inner_account
[运行时间：0.084888s] [吞吐率：11.78req/s] [内存消耗：4,636.25kb] [文件加载：178]
[ info ] [ LANG ] D:\phpstudy_pro\WWW\new_kefu_online\thinkphp\lang\zh-cn.php
[ info ] [ ROUTE ] array (
  'type' => 'module',
  'module' => 
  array (
    0 => 'scripts',
    1 => 'InnerAccount',
    2 => 'run',
  ),
)
[ info ] [ HEADER ] array (
  'upgrade-insecure-requests' => '1',
  'connection' => 'close',
  'accept-encoding' => 'gzip, deflate',
  'accept-language' => 'zh-CN,zh;q=0.8,zh-TW;q=0.7,zh-HK;q=0.5,en-US;q=0.3,en;q=0.2',
  'accept' => 'text/html,application/xhtml+xml,application/xml;q=0.9,image/avif,image/webp,*/*;q=0.8',
  'user-agent' => 'Mozilla/5.0 (Windows NT 10.0; Win64; x64; rv:105.0) Gecko/20100101 Firefox/105.0',
  'host' => 'api.newkefu.com',
)
[ info ] [ PARAM ] array (
  '/scripts/InnerAccount/run' => '',
  'p' => 
  array (
    'action' => 'update_inner_account',
  ),
)
[ info ] [ CACHE ] INIT redis
[ info ] [ RUN ] app\scripts\controller\InnerAccount->run[ D:\phpstudy_pro\WWW\new_kefu_online\application\scripts\controller\InnerAccount.php ]
[ info ] [ DB ] INIT mysql
[ info ] [ DB ] INIT mysql
[ info ] [ DB ] INIT mysql
[ info ] [ LOG ] INIT File
[ sql ] [ DB ] CONNECT:[ UseTime:0.001516s ] mysql:host=127.0.0.1;port=3306;dbname=gr_chat;charset=utf8
[ sql ] [ SQL ] SHOW COLUMNS FROM `gr_run_log` [ RunTime:0.002697s ]
[ sql ] [ SQL ] INSERT INTO `gr_run_log` (`controller` , `action` , `input_param` , `add_time` , `update_time`) VALUES ('script_InnerAccount' , 'updateInnerAccount' , '{\"action\":\"update_inner_account\"}' , 1667187372 , 1667187372) [ RunTime:0.000914s ]
---------------------------------------------------------------
[ 2022-10-31T11:40:16+08:00 ] 127.0.0.1 GET api.newkefu.com/scripts/InnerAccount/run?p[action]=update_inner_account
[运行时间：0.092060s] [吞吐率：10.86req/s] [内存消耗：4,596.85kb] [文件加载：176]
[ info ] [ LANG ] D:\phpstudy_pro\WWW\new_kefu_online\thinkphp\lang\zh-cn.php
[ info ] [ ROUTE ] array (
  'type' => 'module',
  'module' => 
  array (
    0 => 'scripts',
    1 => 'InnerAccount',
    2 => 'run',
  ),
)
[ info ] [ HEADER ] array (
  'upgrade-insecure-requests' => '1',
  'connection' => 'close',
  'accept-encoding' => 'gzip, deflate',
  'accept-language' => 'zh-CN,zh;q=0.8,zh-TW;q=0.7,zh-HK;q=0.5,en-US;q=0.3,en;q=0.2',
  'accept' => 'text/html,application/xhtml+xml,application/xml;q=0.9,image/avif,image/webp,*/*;q=0.8',
  'user-agent' => 'Mozilla/5.0 (Windows NT 10.0; Win64; x64; rv:105.0) Gecko/20100101 Firefox/105.0',
  'host' => 'api.newkefu.com',
)
[ info ] [ PARAM ] array (
  '/scripts/InnerAccount/run' => '',
  'p' => 
  array (
    'action' => 'update_inner_account',
  ),
)
[ info ] [ CACHE ] INIT redis
[ info ] [ RUN ] app\scripts\controller\InnerAccount->run[ D:\phpstudy_pro\WWW\new_kefu_online\application\scripts\controller\InnerAccount.php ]
[ info ] [ DB ] INIT mysql
[ info ] [ DB ] INIT mysql
[ info ] [ DB ] INIT mysql
[ info ] [ LOG ] INIT File
[ sql ] [ DB ] CONNECT:[ UseTime:0.001269s ] mysql:host=127.0.0.1;port=3306;dbname=gr_chat;charset=utf8
[ sql ] [ SQL ] SHOW COLUMNS FROM `gr_run_log` [ RunTime:0.002686s ]
[ sql ] [ SQL ] INSERT INTO `gr_run_log` (`controller` , `action` , `input_param` , `add_time` , `update_time`) VALUES ('script_InnerAccount' , 'updateInnerAccount' , '{\"action\":\"update_inner_account\"}' , 1667187616 , 1667187616) [ RunTime:0.001144s ]
---------------------------------------------------------------
[ 2022-10-31T14:46:46+08:00 ] 127.0.0.1 GET api.newkefu.com/scripts/InnerAccount/run?p[action]=update_inner_account
[运行时间：0.117054s] [吞吐率：8.54req/s] [内存消耗：4,644.14kb] [文件加载：178]
[ info ] [ LANG ] D:\phpstudy_pro\WWW\new_kefu_online\thinkphp\lang\zh-cn.php
[ info ] [ ROUTE ] array (
  'type' => 'module',
  'module' => 
  array (
    0 => 'scripts',
    1 => 'InnerAccount',
    2 => 'run',
  ),
)
[ info ] [ HEADER ] array (
  'upgrade-insecure-requests' => '1',
  'connection' => 'close',
  'accept-encoding' => 'gzip, deflate',
  'accept-language' => 'zh-CN,zh;q=0.8,zh-TW;q=0.7,zh-HK;q=0.5,en-US;q=0.3,en;q=0.2',
  'accept' => 'text/html,application/xhtml+xml,application/xml;q=0.9,image/avif,image/webp,*/*;q=0.8',
  'user-agent' => 'Mozilla/5.0 (Windows NT 10.0; Win64; x64; rv:105.0) Gecko/20100101 Firefox/105.0',
  'host' => 'api.newkefu.com',
)
[ info ] [ PARAM ] array (
  '/scripts/InnerAccount/run' => '',
  'p' => 
  array (
    'action' => 'update_inner_account',
  ),
)
[ info ] [ CACHE ] INIT redis
[ info ] [ DB ] INIT mysql
[ info ] [ RUN ] app\scripts\controller\InnerAccount->run[ D:\phpstudy_pro\WWW\new_kefu_online\application\scripts\controller\InnerAccount.php ]
[ info ] [ DB ] INIT mysql
[ info ] [ DB ] INIT mysql
[ info ] [ LOG ] INIT File
[ sql ] [ DB ] CONNECT:[ UseTime:0.001322s ] mysql:host=127.0.0.1;port=3306;dbname=gr_chat;charset=utf8
[ sql ] [ SQL ] SHOW COLUMNS FROM `gr_run_log` [ RunTime:0.001223s ]
[ sql ] [ SQL ] INSERT INTO `gr_run_log` (`controller` , `action` , `input_param` , `add_time` , `update_time`) VALUES ('script_InnerAccount' , 'updateInnerAccount' , '{\"action\":\"update_inner_account\"}' , 1667198806 , 1667198806) [ RunTime:0.001787s ]
---------------------------------------------------------------
[ 2022-10-31T14:46:54+08:00 ] 127.0.0.1 GET api.newkefu.com/scripts/InnerAccount/run?p[action]=update_inner_account
[运行时间：0.106038s] [吞吐率：9.43req/s] [内存消耗：4,482.14kb] [文件加载：175]
[ info ] [ LANG ] D:\phpstudy_pro\WWW\new_kefu_online\thinkphp\lang\zh-cn.php
[ info ] [ ROUTE ] array (
  'type' => 'module',
  'module' => 
  array (
    0 => 'scripts',
    1 => 'InnerAccount',
    2 => 'run',
  ),
)
[ info ] [ HEADER ] array (
  'upgrade-insecure-requests' => '1',
  'connection' => 'close',
  'accept-encoding' => 'gzip, deflate',
  'accept-language' => 'zh-CN,zh;q=0.8,zh-TW;q=0.7,zh-HK;q=0.5,en-US;q=0.3,en;q=0.2',
  'accept' => 'text/html,application/xhtml+xml,application/xml;q=0.9,image/avif,image/webp,*/*;q=0.8',
  'user-agent' => 'Mozilla/5.0 (Windows NT 10.0; Win64; x64; rv:105.0) Gecko/20100101 Firefox/105.0',
  'host' => 'api.newkefu.com',
)
[ info ] [ PARAM ] array (
  '/scripts/InnerAccount/run' => '',
  'p' => 
  array (
    'action' => 'update_inner_account',
  ),
)
[ info ] [ CACHE ] INIT redis
[ info ] [ RUN ] app\scripts\controller\InnerAccount->run[ D:\phpstudy_pro\WWW\new_kefu_online\application\scripts\controller\InnerAccount.php ]
[ info ] [ DB ] INIT mysql
[ info ] [ DB ] INIT mysql
[ info ] [ LOG ] INIT File
[ sql ] [ DB ] CONNECT:[ UseTime:0.001530s ] mysql:host=127.0.0.1;port=3306;dbname=gr_chat;charset=utf8
[ sql ] [ SQL ] SHOW COLUMNS FROM `gr_run_log` [ RunTime:0.000927s ]
[ sql ] [ SQL ] INSERT INTO `gr_run_log` (`controller` , `action` , `input_param` , `add_time` , `update_time`) VALUES ('script_InnerAccount' , 'updateInnerAccount' , '{\"action\":\"update_inner_account\"}' , 1667198814 , 1667198814) [ RunTime:0.002790s ]
---------------------------------------------------------------
[ 2022-10-31T14:47:06+08:00 ] 127.0.0.1 GET api.newkefu.com/scripts/InnerAccount/run?p[action]=update_inner_account
[运行时间：0.084061s] [吞吐率：11.90req/s] [内存消耗：4,596.85kb] [文件加载：176]
[ info ] [ LANG ] D:\phpstudy_pro\WWW\new_kefu_online\thinkphp\lang\zh-cn.php
[ info ] [ ROUTE ] array (
  'type' => 'module',
  'module' => 
  array (
    0 => 'scripts',
    1 => 'InnerAccount',
    2 => 'run',
  ),
)
[ info ] [ HEADER ] array (
  'upgrade-insecure-requests' => '1',
  'connection' => 'close',
  'accept-encoding' => 'gzip, deflate',
  'accept-language' => 'zh-CN,zh;q=0.8,zh-TW;q=0.7,zh-HK;q=0.5,en-US;q=0.3,en;q=0.2',
  'accept' => 'text/html,application/xhtml+xml,application/xml;q=0.9,image/avif,image/webp,*/*;q=0.8',
  'user-agent' => 'Mozilla/5.0 (Windows NT 10.0; Win64; x64; rv:105.0) Gecko/20100101 Firefox/105.0',
  'host' => 'api.newkefu.com',
)
[ info ] [ PARAM ] array (
  '/scripts/InnerAccount/run' => '',
  'p' => 
  array (
    'action' => 'update_inner_account',
  ),
)
[ info ] [ CACHE ] INIT redis
[ info ] [ RUN ] app\scripts\controller\InnerAccount->run[ D:\phpstudy_pro\WWW\new_kefu_online\application\scripts\controller\InnerAccount.php ]
[ info ] [ DB ] INIT mysql
[ info ] [ DB ] INIT mysql
[ info ] [ DB ] INIT mysql
[ info ] [ LOG ] INIT File
[ sql ] [ DB ] CONNECT:[ UseTime:0.001347s ] mysql:host=127.0.0.1;port=3306;dbname=gr_chat;charset=utf8
[ sql ] [ SQL ] SHOW COLUMNS FROM `gr_run_log` [ RunTime:0.000888s ]
[ sql ] [ SQL ] INSERT INTO `gr_run_log` (`controller` , `action` , `input_param` , `add_time` , `update_time`) VALUES ('script_InnerAccount' , 'updateInnerAccount' , '{\"action\":\"update_inner_account\"}' , 1667198826 , 1667198826) [ RunTime:0.001526s ]
---------------------------------------------------------------
[ 2022-10-31T14:49:23+08:00 ] 127.0.0.1 GET api.newkefu.com/scripts/InnerAccount/run?p[action]=update_inner_account
[运行时间：0.094257s] [吞吐率：10.61req/s] [内存消耗：4,596.85kb] [文件加载：176]
[ info ] [ LANG ] D:\phpstudy_pro\WWW\new_kefu_online\thinkphp\lang\zh-cn.php
[ info ] [ ROUTE ] array (
  'type' => 'module',
  'module' => 
  array (
    0 => 'scripts',
    1 => 'InnerAccount',
    2 => 'run',
  ),
)
[ info ] [ HEADER ] array (
  'upgrade-insecure-requests' => '1',
  'connection' => 'close',
  'accept-encoding' => 'gzip, deflate',
  'accept-language' => 'zh-CN,zh;q=0.8,zh-TW;q=0.7,zh-HK;q=0.5,en-US;q=0.3,en;q=0.2',
  'accept' => 'text/html,application/xhtml+xml,application/xml;q=0.9,image/avif,image/webp,*/*;q=0.8',
  'user-agent' => 'Mozilla/5.0 (Windows NT 10.0; Win64; x64; rv:105.0) Gecko/20100101 Firefox/105.0',
  'host' => 'api.newkefu.com',
)
[ info ] [ PARAM ] array (
  '/scripts/InnerAccount/run' => '',
  'p' => 
  array (
    'action' => 'update_inner_account',
  ),
)
[ info ] [ CACHE ] INIT redis
[ info ] [ RUN ] app\scripts\controller\InnerAccount->run[ D:\phpstudy_pro\WWW\new_kefu_online\application\scripts\controller\InnerAccount.php ]
[ info ] [ DB ] INIT mysql
[ info ] [ DB ] INIT mysql
[ info ] [ DB ] INIT mysql
[ info ] [ LOG ] INIT File
[ sql ] [ DB ] CONNECT:[ UseTime:0.001315s ] mysql:host=127.0.0.1;port=3306;dbname=gr_chat;charset=utf8
[ sql ] [ SQL ] SHOW COLUMNS FROM `gr_run_log` [ RunTime:0.000862s ]
[ sql ] [ SQL ] INSERT INTO `gr_run_log` (`controller` , `action` , `input_param` , `add_time` , `update_time`) VALUES ('script_InnerAccount' , 'updateInnerAccount' , '{\"action\":\"update_inner_account\"}' , 1667198963 , 1667198963) [ RunTime:0.002883s ]
---------------------------------------------------------------
[ 2022-10-31T14:50:26+08:00 ] 127.0.0.1 GET api.newkefu.com/scripts/InnerAccount/run?p[action]=update_inner_account
[运行时间：0.079202s] [吞吐率：12.63req/s] [内存消耗：4,483.14kb] [文件加载：175]
[ info ] [ LANG ] D:\phpstudy_pro\WWW\new_kefu_online\thinkphp\lang\zh-cn.php
[ info ] [ ROUTE ] array (
  'type' => 'module',
  'module' => 
  array (
    0 => 'scripts',
    1 => 'InnerAccount',
    2 => 'run',
  ),
)
[ info ] [ HEADER ] array (
  'upgrade-insecure-requests' => '1',
  'connection' => 'close',
  'accept-encoding' => 'gzip, deflate',
  'accept-language' => 'zh-CN,zh;q=0.8,zh-TW;q=0.7,zh-HK;q=0.5,en-US;q=0.3,en;q=0.2',
  'accept' => 'text/html,application/xhtml+xml,application/xml;q=0.9,image/avif,image/webp,*/*;q=0.8',
  'user-agent' => 'Mozilla/5.0 (Windows NT 10.0; Win64; x64; rv:105.0) Gecko/20100101 Firefox/105.0',
  'host' => 'api.newkefu.com',
)
[ info ] [ PARAM ] array (
  '/scripts/InnerAccount/run' => '',
  'p' => 
  array (
    'action' => 'update_inner_account',
  ),
)
[ info ] [ CACHE ] INIT redis
[ info ] [ RUN ] app\scripts\controller\InnerAccount->run[ D:\phpstudy_pro\WWW\new_kefu_online\application\scripts\controller\InnerAccount.php ]
[ info ] [ DB ] INIT mysql
[ info ] [ DB ] INIT mysql
[ info ] [ LOG ] INIT File
[ sql ] [ DB ] CONNECT:[ UseTime:0.001221s ] mysql:host=127.0.0.1;port=3306;dbname=gr_chat;charset=utf8
[ sql ] [ SQL ] SHOW COLUMNS FROM `gr_run_log` [ RunTime:0.002954s ]
[ sql ] [ SQL ] INSERT INTO `gr_run_log` (`controller` , `action` , `input_param` , `add_time` , `update_time`) VALUES ('script_InnerAccount' , 'updateInnerAccount' , '{\"action\":\"update_inner_account\"}' , 1667199026 , 1667199026) [ RunTime:0.000836s ]
---------------------------------------------------------------
[ 2022-10-31T14:51:19+08:00 ] 127.0.0.1 GET api.newkefu.com/scripts/InnerAccount/run?p[action]=update_inner_account
[运行时间：0.103873s] [吞吐率：9.63req/s] [内存消耗：4,483.14kb] [文件加载：175]
[ info ] [ LANG ] D:\phpstudy_pro\WWW\new_kefu_online\thinkphp\lang\zh-cn.php
[ info ] [ ROUTE ] array (
  'type' => 'module',
  'module' => 
  array (
    0 => 'scripts',
    1 => 'InnerAccount',
    2 => 'run',
  ),
)
[ info ] [ HEADER ] array (
  'upgrade-insecure-requests' => '1',
  'connection' => 'close',
  'accept-encoding' => 'gzip, deflate',
  'accept-language' => 'zh-CN,zh;q=0.8,zh-TW;q=0.7,zh-HK;q=0.5,en-US;q=0.3,en;q=0.2',
  'accept' => 'text/html,application/xhtml+xml,application/xml;q=0.9,image/avif,image/webp,*/*;q=0.8',
  'user-agent' => 'Mozilla/5.0 (Windows NT 10.0; Win64; x64; rv:105.0) Gecko/20100101 Firefox/105.0',
  'host' => 'api.newkefu.com',
)
[ info ] [ PARAM ] array (
  '/scripts/InnerAccount/run' => '',
  'p' => 
  array (
    'action' => 'update_inner_account',
  ),
)
[ info ] [ CACHE ] INIT redis
[ info ] [ RUN ] app\scripts\controller\InnerAccount->run[ D:\phpstudy_pro\WWW\new_kefu_online\application\scripts\controller\InnerAccount.php ]
[ info ] [ DB ] INIT mysql
[ info ] [ DB ] INIT mysql
[ info ] [ LOG ] INIT File
[ sql ] [ DB ] CONNECT:[ UseTime:0.001320s ] mysql:host=127.0.0.1;port=3306;dbname=gr_chat;charset=utf8
[ sql ] [ SQL ] SHOW COLUMNS FROM `gr_run_log` [ RunTime:0.000728s ]
[ sql ] [ SQL ] INSERT INTO `gr_run_log` (`controller` , `action` , `input_param` , `add_time` , `update_time`) VALUES ('script_InnerAccount' , 'updateInnerAccount' , '{\"action\":\"update_inner_account\"}' , 1667199079 , 1667199079) [ RunTime:0.002706s ]
---------------------------------------------------------------
[ 2022-10-31T14:51:27+08:00 ] 127.0.0.1 GET api.newkefu.com/scripts/InnerAccount/run?p[action]=update_inner_account
[运行时间：0.091973s] [吞吐率：10.87req/s] [内存消耗：4,483.14kb] [文件加载：175]
[ info ] [ LANG ] D:\phpstudy_pro\WWW\new_kefu_online\thinkphp\lang\zh-cn.php
[ info ] [ ROUTE ] array (
  'type' => 'module',
  'module' => 
  array (
    0 => 'scripts',
    1 => 'InnerAccount',
    2 => 'run',
  ),
)
[ info ] [ HEADER ] array (
  'upgrade-insecure-requests' => '1',
  'connection' => 'close',
  'accept-encoding' => 'gzip, deflate',
  'accept-language' => 'zh-CN,zh;q=0.8,zh-TW;q=0.7,zh-HK;q=0.5,en-US;q=0.3,en;q=0.2',
  'accept' => 'text/html,application/xhtml+xml,application/xml;q=0.9,image/avif,image/webp,*/*;q=0.8',
  'user-agent' => 'Mozilla/5.0 (Windows NT 10.0; Win64; x64; rv:105.0) Gecko/20100101 Firefox/105.0',
  'host' => 'api.newkefu.com',
)
[ info ] [ PARAM ] array (
  '/scripts/InnerAccount/run' => '',
  'p' => 
  array (
    'action' => 'update_inner_account',
  ),
)
[ info ] [ CACHE ] INIT redis
[ info ] [ RUN ] app\scripts\controller\InnerAccount->run[ D:\phpstudy_pro\WWW\new_kefu_online\application\scripts\controller\InnerAccount.php ]
[ info ] [ DB ] INIT mysql
[ info ] [ DB ] INIT mysql
[ info ] [ LOG ] INIT File
[ sql ] [ DB ] CONNECT:[ UseTime:0.001266s ] mysql:host=127.0.0.1;port=3306;dbname=gr_chat;charset=utf8
[ sql ] [ SQL ] SHOW COLUMNS FROM `gr_run_log` [ RunTime:0.000857s ]
[ sql ] [ SQL ] INSERT INTO `gr_run_log` (`controller` , `action` , `input_param` , `add_time` , `update_time`) VALUES ('script_InnerAccount' , 'updateInnerAccount' , '{\"action\":\"update_inner_account\"}' , 1667199087 , 1667199087) [ RunTime:0.002604s ]
---------------------------------------------------------------
[ 2022-10-31T14:52:16+08:00 ] 127.0.0.1 GET api.newkefu.com/scripts/InnerAccount/run?p[action]=update_inner_account
[运行时间：0.100196s] [吞吐率：9.98req/s] [内存消耗：4,961.96kb] [文件加载：176]
[ info ] [ LANG ] D:\phpstudy_pro\WWW\new_kefu_online\thinkphp\lang\zh-cn.php
[ info ] [ ROUTE ] array (
  'type' => 'module',
  'module' => 
  array (
    0 => 'scripts',
    1 => 'InnerAccount',
    2 => 'run',
  ),
)
[ info ] [ HEADER ] array (
  'upgrade-insecure-requests' => '1',
  'connection' => 'close',
  'accept-encoding' => 'gzip, deflate',
  'accept-language' => 'zh-CN,zh;q=0.8,zh-TW;q=0.7,zh-HK;q=0.5,en-US;q=0.3,en;q=0.2',
  'accept' => 'text/html,application/xhtml+xml,application/xml;q=0.9,image/avif,image/webp,*/*;q=0.8',
  'user-agent' => 'Mozilla/5.0 (Windows NT 10.0; Win64; x64; rv:105.0) Gecko/20100101 Firefox/105.0',
  'host' => 'api.newkefu.com',
)
[ info ] [ PARAM ] array (
  '/scripts/InnerAccount/run' => '',
  'p' => 
  array (
    'action' => 'update_inner_account',
  ),
)
[ info ] [ CACHE ] INIT redis
[ info ] [ RUN ] app\scripts\controller\InnerAccount->run[ D:\phpstudy_pro\WWW\new_kefu_online\application\scripts\controller\InnerAccount.php ]
[ info ] [ DB ] INIT mysql
[ info ] [ DB ] INIT mysql
[ info ] [ DB ] INIT mysql
[ info ] [ LOG ] INIT File
[ sql ] [ DB ] CONNECT:[ UseTime:0.001404s ] mysql:host=127.0.0.1;port=3306;dbname=gr_chat;charset=utf8
[ sql ] [ SQL ] SHOW COLUMNS FROM `gr_run_log` [ RunTime:0.000824s ]
[ sql ] [ SQL ] INSERT INTO `gr_run_log` (`controller` , `action` , `input_param` , `add_time` , `update_time`) VALUES ('script_InnerAccount' , 'updateInnerAccount' , '{\"action\":\"update_inner_account\"}' , 1667199136 , 1667199136) [ RunTime:0.001209s ]
---------------------------------------------------------------
[ 2022-10-31T14:52:56+08:00 ] 127.0.0.1 GET api.newkefu.com/scripts/InnerAccount/run?p[action]=update_inner_account
[运行时间：0.092320s] [吞吐率：10.83req/s] [内存消耗：4,382.02kb] [文件加载：181]
[ info ] [ LANG ] D:\phpstudy_pro\WWW\new_kefu_online\thinkphp\lang\zh-cn.php
[ info ] [ ROUTE ] array (
  'type' => 'module',
  'module' => 
  array (
    0 => 'scripts',
    1 => 'InnerAccount',
    2 => 'run',
  ),
)
[ info ] [ HEADER ] array (
  'upgrade-insecure-requests' => '1',
  'connection' => 'close',
  'accept-encoding' => 'gzip, deflate',
  'accept-language' => 'zh-CN,zh;q=0.8,zh-TW;q=0.7,zh-HK;q=0.5,en-US;q=0.3,en;q=0.2',
  'accept' => 'text/html,application/xhtml+xml,application/xml;q=0.9,image/avif,image/webp,*/*;q=0.8',
  'user-agent' => 'Mozilla/5.0 (Windows NT 10.0; Win64; x64; rv:105.0) Gecko/20100101 Firefox/105.0',
  'host' => 'api.newkefu.com',
)
[ info ] [ PARAM ] array (
  '/scripts/InnerAccount/run' => '',
  'p' => 
  array (
    'action' => 'update_inner_account',
  ),
)
[ info ] [ CACHE ] INIT redis
[ info ] [ RUN ] app\scripts\controller\InnerAccount->run[ D:\phpstudy_pro\WWW\new_kefu_online\application\scripts\controller\InnerAccount.php ]
[ info ] [ DB ] INIT mysql
[ info ] [ DB ] INIT mysql
[ info ] [ DB ] INIT mysql
[ info ] [ LOG ] INIT File
[ sql ] [ DB ] CONNECT:[ UseTime:0.001211s ] mysql:host=127.0.0.1;port=3306;dbname=gr_chat;charset=utf8
[ sql ] [ SQL ] SHOW COLUMNS FROM `gr_run_log` [ RunTime:0.000845s ]
[ sql ] [ SQL ] INSERT INTO `gr_run_log` (`controller` , `action` , `input_param` , `add_time` , `update_time`) VALUES ('script_InnerAccount' , 'updateInnerAccount' , '{\"action\":\"update_inner_account\"}' , 1667199176 , 1667199176) [ RunTime:0.001412s ]
[ error ] [0]致命错误: Call to undefined function common\sql_server\select()[D:\phpstudy_pro\WWW\new_kefu_online\common\sql_server\InnerAccountSqlServer.php:27]
---------------------------------------------------------------
[ 2022-10-31T14:53:26+08:00 ] 127.0.0.1 GET api.newkefu.com/scripts/InnerAccount/run?p[action]=update_inner_account
[运行时间：0.091856s] [吞吐率：10.89req/s] [内存消耗：5,659.83kb] [文件加载：178]
[ info ] [ LANG ] D:\phpstudy_pro\WWW\new_kefu_online\thinkphp\lang\zh-cn.php
[ info ] [ ROUTE ] array (
  'type' => 'module',
  'module' => 
  array (
    0 => 'scripts',
    1 => 'InnerAccount',
    2 => 'run',
  ),
)
[ info ] [ HEADER ] array (
  'upgrade-insecure-requests' => '1',
  'connection' => 'close',
  'accept-encoding' => 'gzip, deflate',
  'accept-language' => 'zh-CN,zh;q=0.8,zh-TW;q=0.7,zh-HK;q=0.5,en-US;q=0.3,en;q=0.2',
  'accept' => 'text/html,application/xhtml+xml,application/xml;q=0.9,image/avif,image/webp,*/*;q=0.8',
  'user-agent' => 'Mozilla/5.0 (Windows NT 10.0; Win64; x64; rv:105.0) Gecko/20100101 Firefox/105.0',
  'host' => 'api.newkefu.com',
)
[ info ] [ PARAM ] array (
  '/scripts/InnerAccount/run' => '',
  'p' => 
  array (
    'action' => 'update_inner_account',
  ),
)
[ info ] [ CACHE ] INIT redis
[ info ] [ RUN ] app\scripts\controller\InnerAccount->run[ D:\phpstudy_pro\WWW\new_kefu_online\application\scripts\controller\InnerAccount.php ]
[ info ] [ DB ] INIT mysql
[ info ] [ DB ] INIT mysql
[ info ] [ DB ] INIT mysql
[ info ] [ LOG ] INIT File
[ sql ] [ DB ] CONNECT:[ UseTime:0.001254s ] mysql:host=127.0.0.1;port=3306;dbname=gr_chat;charset=utf8
[ sql ] [ SQL ] SHOW COLUMNS FROM `gr_run_log` [ RunTime:0.002697s ]
[ sql ] [ SQL ] INSERT INTO `gr_run_log` (`controller` , `action` , `input_param` , `add_time` , `update_time`) VALUES ('script_InnerAccount' , 'updateInnerAccount' , '{\"action\":\"update_inner_account\"}' , 1667199206 , 1667199206) [ RunTime:0.002297s ]
---------------------------------------------------------------
[ 2022-10-31T14:54:01+08:00 ] 127.0.0.1 GET api.newkefu.com/scripts/InnerAccount/run?p[action]=update_inner_account
[运行时间：0.099728s] [吞吐率：10.03req/s] [内存消耗：5,582.57kb] [文件加载：178]
[ info ] [ LANG ] D:\phpstudy_pro\WWW\new_kefu_online\thinkphp\lang\zh-cn.php
[ info ] [ ROUTE ] array (
  'type' => 'module',
  'module' => 
  array (
    0 => 'scripts',
    1 => 'InnerAccount',
    2 => 'run',
  ),
)
[ info ] [ HEADER ] array (
  'upgrade-insecure-requests' => '1',
  'connection' => 'close',
  'accept-encoding' => 'gzip, deflate',
  'accept-language' => 'zh-CN,zh;q=0.8,zh-TW;q=0.7,zh-HK;q=0.5,en-US;q=0.3,en;q=0.2',
  'accept' => 'text/html,application/xhtml+xml,application/xml;q=0.9,image/avif,image/webp,*/*;q=0.8',
  'user-agent' => 'Mozilla/5.0 (Windows NT 10.0; Win64; x64; rv:105.0) Gecko/20100101 Firefox/105.0',
  'host' => 'api.newkefu.com',
)
[ info ] [ PARAM ] array (
  '/scripts/InnerAccount/run' => '',
  'p' => 
  array (
    'action' => 'update_inner_account',
  ),
)
[ info ] [ CACHE ] INIT redis
[ info ] [ RUN ] app\scripts\controller\InnerAccount->run[ D:\phpstudy_pro\WWW\new_kefu_online\application\scripts\controller\InnerAccount.php ]
[ info ] [ DB ] INIT mysql
[ info ] [ DB ] INIT mysql
[ info ] [ DB ] INIT mysql
[ info ] [ LOG ] INIT File
[ sql ] [ DB ] CONNECT:[ UseTime:0.003209s ] mysql:host=127.0.0.1;port=3306;dbname=gr_chat;charset=utf8
[ sql ] [ SQL ] SHOW COLUMNS FROM `gr_run_log` [ RunTime:0.000771s ]
[ sql ] [ SQL ] INSERT INTO `gr_run_log` (`controller` , `action` , `input_param` , `add_time` , `update_time`) VALUES ('script_InnerAccount' , 'updateInnerAccount' , '{\"action\":\"update_inner_account\"}' , 1667199241 , 1667199241) [ RunTime:0.001034s ]
---------------------------------------------------------------
[ 2022-10-31T14:54:15+08:00 ] 127.0.0.1 GET api.newkefu.com/scripts/InnerAccount/run?p[action]=update_inner_account
[运行时间：0.129467s] [吞吐率：7.72req/s] [内存消耗：4,373.70kb] [文件加载：178]
[ info ] [ LANG ] D:\phpstudy_pro\WWW\new_kefu_online\thinkphp\lang\zh-cn.php
[ info ] [ ROUTE ] array (
  'type' => 'module',
  'module' => 
  array (
    0 => 'scripts',
    1 => 'InnerAccount',
    2 => 'run',
  ),
)
[ info ] [ HEADER ] array (
  'upgrade-insecure-requests' => '1',
  'connection' => 'close',
  'accept-encoding' => 'gzip, deflate',
  'accept-language' => 'zh-CN,zh;q=0.8,zh-TW;q=0.7,zh-HK;q=0.5,en-US;q=0.3,en;q=0.2',
  'accept' => 'text/html,application/xhtml+xml,application/xml;q=0.9,image/avif,image/webp,*/*;q=0.8',
  'user-agent' => 'Mozilla/5.0 (Windows NT 10.0; Win64; x64; rv:105.0) Gecko/20100101 Firefox/105.0',
  'host' => 'api.newkefu.com',
)
[ info ] [ PARAM ] array (
  '/scripts/InnerAccount/run' => '',
  'p' => 
  array (
    'action' => 'update_inner_account',
  ),
)
[ info ] [ CACHE ] INIT redis
[ info ] [ RUN ] app\scripts\controller\InnerAccount->run[ D:\phpstudy_pro\WWW\new_kefu_online\application\scripts\controller\InnerAccount.php ]
[ info ] [ DB ] INIT mysql
[ info ] [ DB ] INIT mysql
[ info ] [ DB ] INIT mysql
[ info ] [ LOG ] INIT File
[ sql ] [ DB ] CONNECT:[ UseTime:0.001315s ] mysql:host=127.0.0.1;port=3306;dbname=gr_chat;charset=utf8
[ sql ] [ SQL ] SHOW COLUMNS FROM `gr_run_log` [ RunTime:0.000648s ]
[ sql ] [ SQL ] INSERT INTO `gr_run_log` (`controller` , `action` , `input_param` , `add_time` , `update_time`) VALUES ('script_InnerAccount' , 'updateInnerAccount' , '{\"action\":\"update_inner_account\"}' , 1667199255 , 1667199255) [ RunTime:0.002721s ]
[ sql ] [ SQL ] SELECT * FROM `gr_run_log` WHERE  `id` = 819 LIMIT 1 [ RunTime:0.000576s ]
[ sql ] [ SQL ] UPDATE `gr_run_log`  SET `status`=1,`update_time`=1667199255  WHERE  `id` = 819 [ RunTime:0.001254s ]
---------------------------------------------------------------
[ 2022-10-31T15:04:22+08:00 ] 127.0.0.1 GET api.newkefu.com/scripts/InnerAccount/run?p[action]=update_inner_account
[运行时间：0.104247s] [吞吐率：9.59req/s] [内存消耗：4,961.71kb] [文件加载：176]
[ info ] [ LANG ] D:\phpstudy_pro\WWW\new_kefu_online\thinkphp\lang\zh-cn.php
[ info ] [ ROUTE ] array (
  'type' => 'module',
  'module' => 
  array (
    0 => 'scripts',
    1 => 'InnerAccount',
    2 => 'run',
  ),
)
[ info ] [ HEADER ] array (
  'upgrade-insecure-requests' => '1',
  'connection' => 'close',
  'accept-encoding' => 'gzip, deflate',
  'accept-language' => 'zh-CN,zh;q=0.8,zh-TW;q=0.7,zh-HK;q=0.5,en-US;q=0.3,en;q=0.2',
  'accept' => 'text/html,application/xhtml+xml,application/xml;q=0.9,image/avif,image/webp,*/*;q=0.8',
  'user-agent' => 'Mozilla/5.0 (Windows NT 10.0; Win64; x64; rv:105.0) Gecko/20100101 Firefox/105.0',
  'host' => 'api.newkefu.com',
)
[ info ] [ PARAM ] array (
  '/scripts/InnerAccount/run' => '',
  'p' => 
  array (
    'action' => 'update_inner_account',
  ),
)
[ info ] [ CACHE ] INIT redis
[ info ] [ RUN ] app\scripts\controller\InnerAccount->run[ D:\phpstudy_pro\WWW\new_kefu_online\application\scripts\controller\InnerAccount.php ]
[ info ] [ DB ] INIT mysql
[ info ] [ DB ] INIT mysql
[ info ] [ DB ] INIT mysql
[ info ] [ LOG ] INIT File
[ sql ] [ DB ] CONNECT:[ UseTime:0.001365s ] mysql:host=127.0.0.1;port=3306;dbname=gr_chat;charset=utf8
[ sql ] [ SQL ] SHOW COLUMNS FROM `gr_run_log` [ RunTime:0.000819s ]
[ sql ] [ SQL ] INSERT INTO `gr_run_log` (`controller` , `action` , `input_param` , `add_time` , `update_time`) VALUES ('script_InnerAccount' , 'updateInnerAccount' , '{\"action\":\"update_inner_account\"}' , 1667199862 , 1667199862) [ RunTime:0.002297s ]
