[ 2023-02-14T11:38:32+08:00 ][ info ] [ LANG ] D:\phpstudy_pro\WWW\new_kefu_online\thinkphp\lang\zh-cn.php
[ info ] [ LOG ] INIT File
[ 2023-02-14T11:38:32+08:00 ][ info ] [ ROUTE ] array (
  'type' => 'module',
  'module' => 
  array (
    0 => 'scripts',
    1 => 'RoleNameBlockScripts',
    2 => 'run',
  ),
)
[ 2023-02-14T11:38:32+08:00 ][ info ] [ HEADER ] array (
)
[ 2023-02-14T11:38:32+08:00 ][ info ] [ PARAM ] array (
  'g' => 'scripts',
  'm' => 'RoleNameBlockScripts',
  'a' => 'run',
  'p' => 
  array (
    'action' => 'checkRoleName',
    'platform' => 'youyu',
  ),
)
[ 2023-02-14T11:38:32+08:00 ][ info ] [ CACHE ] INIT redis
[ 2023-02-14T11:38:32+08:00 ][ info ] [ DB ] INIT mysql
[ 2023-02-14T11:38:33+08:00 ][ info ] [ RUN ] app\scripts\controller\RoleNameBlockScripts->run[ D:\phpstudy_pro\WWW\new_kefu_online\application\scripts\controller\RoleNameBlockScripts.php ]
[ 2023-02-14T11:38:33+08:00 ][ info ] [ DB ] INIT mysql
[ 2023-02-14T11:38:33+08:00 ][ sql ] [ DB ] CONNECT:[ UseTime:0.001176s ] mysql:host=127.0.0.1;port=3306;dbname=gr_chat;charset=utf8
[ 2023-02-14T11:38:33+08:00 ][ sql ] [ SQL ] SHOW COLUMNS FROM `gr_run_log` [ RunTime:0.005895s ]
[ 2023-02-14T11:38:33+08:00 ][ sql ] [ SQL ] INSERT INTO `gr_run_log` (`controller` , `action` , `input_param` , `add_time` , `update_time`) VALUES ('script_RoleNameBlockScripts' , 'checkRoleName' , '{\"action\":\"checkRoleName\",\"platform\":\"youyu\"}' , 1676345913 , 1676345913) [ RunTime:0.001955s ]
[ 2023-02-14T11:38:33+08:00 ][ info ] [ DB ] INIT mysql
[ 2023-02-14T15:50:13+08:00 ][ info ] [ LANG ] D:\phpstudy_pro\WWW\new_kefu_online\thinkphp\lang\zh-cn.php
[ info ] [ LOG ] INIT File
[ 2023-02-14T15:50:13+08:00 ][ info ] [ ROUTE ] array (
  'type' => 'module',
  'module' => 
  array (
    0 => 'scripts',
    1 => 'RoleNameBlockScripts',
    2 => 'run',
  ),
)
[ 2023-02-14T15:50:13+08:00 ][ info ] [ HEADER ] array (
)
[ 2023-02-14T15:50:13+08:00 ][ info ] [ PARAM ] array (
  'g' => 'scripts',
  'm' => 'RoleNameBlockScripts',
  'a' => 'run',
  'p' => 
  array (
    'action' => 'checkRoleName',
    'platform' => 'youyu',
  ),
)
[ 2023-02-14T15:50:13+08:00 ][ info ] [ CACHE ] INIT redis
[ 2023-02-14T15:50:13+08:00 ][ info ] [ RUN ] app\scripts\controller\RoleNameBlockScripts->run[ D:\phpstudy_pro\WWW\new_kefu_online\application\scripts\controller\RoleNameBlockScripts.php ]
[ 2023-02-14T15:50:13+08:00 ][ info ] [ DB ] INIT mysql
[ 2023-02-14T15:50:13+08:00 ][ sql ] [ DB ] CONNECT:[ UseTime:0.002114s ] mysql:host=127.0.0.1;port=3306;dbname=gr_chat;charset=utf8
[ 2023-02-14T15:50:13+08:00 ][ sql ] [ SQL ] SHOW COLUMNS FROM `gr_run_log` [ RunTime:0.004089s ]
[ 2023-02-14T15:50:13+08:00 ][ sql ] [ SQL ] INSERT INTO `gr_run_log` (`controller` , `action` , `input_param` , `add_time` , `update_time`) VALUES ('script_RoleNameBlockScripts' , 'checkRoleName' , '{\"action\":\"checkRoleName\",\"platform\":\"youyu\"}' , 1676361013 , 1676361013) [ RunTime:0.001507s ]
[ 2023-02-14T15:50:13+08:00 ][ info ] [ DB ] INIT mysql
[ 2023-02-14T15:50:13+08:00 ][ info ] [ DB ] INIT mysql
[ 2023-02-14T15:50:13+08:00 ][ info ] [ DB ] INIT mysql
[ 2023-02-14T15:50:13+08:00 ][ error ] [8]Undefined index: tmp_keyword_game[D:\phpstudy_pro\WWW\new_kefu_online\common\server\RoleNameBlock\RoleNameBlockServer.php:606]
[ 2023-02-14T15:54:42+08:00 ][ info ] [ LANG ] D:\phpstudy_pro\WWW\new_kefu_online\thinkphp\lang\zh-cn.php
[ info ] [ LOG ] INIT File
[ 2023-02-14T15:54:42+08:00 ][ info ] [ ROUTE ] array (
  'type' => 'module',
  'module' => 
  array (
    0 => 'scripts',
    1 => 'RoleNameBlockScripts',
    2 => 'run',
  ),
)
[ 2023-02-14T15:54:42+08:00 ][ info ] [ HEADER ] array (
)
[ 2023-02-14T15:54:42+08:00 ][ info ] [ PARAM ] array (
  'g' => 'scripts',
  'm' => 'RoleNameBlockScripts',
  'a' => 'run',
  'p' => 
  array (
    'action' => 'checkRoleName',
    'platform' => 'youyu',
  ),
)
[ 2023-02-14T15:54:42+08:00 ][ info ] [ CACHE ] INIT redis
[ 2023-02-14T15:54:42+08:00 ][ info ] [ RUN ] app\scripts\controller\RoleNameBlockScripts->run[ D:\phpstudy_pro\WWW\new_kefu_online\application\scripts\controller\RoleNameBlockScripts.php ]
[ 2023-02-14T15:54:42+08:00 ][ info ] [ DB ] INIT mysql
[ 2023-02-14T15:54:42+08:00 ][ sql ] [ DB ] CONNECT:[ UseTime:0.001325s ] mysql:host=127.0.0.1;port=3306;dbname=gr_chat;charset=utf8
[ 2023-02-14T15:54:42+08:00 ][ sql ] [ SQL ] SHOW COLUMNS FROM `gr_run_log` [ RunTime:0.002635s ]
[ 2023-02-14T15:54:42+08:00 ][ sql ] [ SQL ] INSERT INTO `gr_run_log` (`controller` , `action` , `input_param` , `add_time` , `update_time`) VALUES ('script_RoleNameBlockScripts' , 'checkRoleName' , '{\"action\":\"checkRoleName\",\"platform\":\"youyu\"}' , 1676361282 , 1676361282) [ RunTime:0.001046s ]
[ 2023-02-14T15:54:42+08:00 ][ info ] [ DB ] INIT mysql
[ 2023-02-14T15:54:42+08:00 ][ info ] [ DB ] INIT mysql
[ 2023-02-14T15:54:42+08:00 ][ info ] [ DB ] INIT mysql
[ 2023-02-14T15:54:42+08:00 ][ error ] [8]Undefined index: tmp_keyword_game[D:\phpstudy_pro\WWW\new_kefu_online\common\server\RoleNameBlock\RoleNameBlockServer.php:606]
[ 2023-02-14T15:55:08+08:00 ][ info ] [ LANG ] D:\phpstudy_pro\WWW\new_kefu_online\thinkphp\lang\zh-cn.php
[ info ] [ LOG ] INIT File
[ 2023-02-14T15:55:08+08:00 ][ info ] [ ROUTE ] array (
  'type' => 'module',
  'module' => 
  array (
    0 => 'scripts',
    1 => 'RoleNameBlockScripts',
    2 => 'run',
  ),
)
[ 2023-02-14T15:55:08+08:00 ][ info ] [ HEADER ] array (
)
[ 2023-02-14T15:55:08+08:00 ][ info ] [ PARAM ] array (
  'g' => 'scripts',
  'm' => 'RoleNameBlockScripts',
  'a' => 'run',
  'p' => 
  array (
    'action' => 'checkRoleName',
    'platform' => 'youyu',
  ),
)
[ 2023-02-14T15:55:08+08:00 ][ info ] [ CACHE ] INIT redis
[ 2023-02-14T15:55:08+08:00 ][ info ] [ RUN ] app\scripts\controller\RoleNameBlockScripts->run[ D:\phpstudy_pro\WWW\new_kefu_online\application\scripts\controller\RoleNameBlockScripts.php ]
[ 2023-02-14T15:55:08+08:00 ][ info ] [ DB ] INIT mysql
[ 2023-02-14T15:55:08+08:00 ][ sql ] [ DB ] CONNECT:[ UseTime:0.001075s ] mysql:host=127.0.0.1;port=3306;dbname=gr_chat;charset=utf8
[ 2023-02-14T15:55:08+08:00 ][ sql ] [ SQL ] SHOW COLUMNS FROM `gr_run_log` [ RunTime:0.002624s ]
[ 2023-02-14T15:55:08+08:00 ][ sql ] [ SQL ] INSERT INTO `gr_run_log` (`controller` , `action` , `input_param` , `add_time` , `update_time`) VALUES ('script_RoleNameBlockScripts' , 'checkRoleName' , '{\"action\":\"checkRoleName\",\"platform\":\"youyu\"}' , 1676361308 , 1676361308) [ RunTime:0.000909s ]
[ 2023-02-14T15:55:08+08:00 ][ info ] [ DB ] INIT mysql
[ 2023-02-14T15:55:08+08:00 ][ info ] [ DB ] INIT mysql
[ 2023-02-14T15:55:08+08:00 ][ info ] [ DB ] INIT mysql
[ 2023-02-14T15:55:08+08:00 ][ error ] [8]Undefined index: tmp_keyword_game[D:\phpstudy_pro\WWW\new_kefu_online\common\server\RoleNameBlock\RoleNameBlockServer.php:604]
[ 2023-02-14T15:55:39+08:00 ][ info ] [ LANG ] D:\phpstudy_pro\WWW\new_kefu_online\thinkphp\lang\zh-cn.php
[ info ] [ LOG ] INIT File
[ 2023-02-14T15:55:39+08:00 ][ info ] [ ROUTE ] array (
  'type' => 'module',
  'module' => 
  array (
    0 => 'scripts',
    1 => 'RoleNameBlockScripts',
    2 => 'run',
  ),
)
[ 2023-02-14T15:55:39+08:00 ][ info ] [ HEADER ] array (
)
[ 2023-02-14T15:55:39+08:00 ][ info ] [ PARAM ] array (
  'g' => 'scripts',
  'm' => 'RoleNameBlockScripts',
  'a' => 'run',
  'p' => 
  array (
    'action' => 'checkRoleName',
    'platform' => 'youyu',
  ),
)
[ 2023-02-14T15:55:39+08:00 ][ info ] [ CACHE ] INIT redis
[ 2023-02-14T15:55:39+08:00 ][ info ] [ RUN ] app\scripts\controller\RoleNameBlockScripts->run[ D:\phpstudy_pro\WWW\new_kefu_online\application\scripts\controller\RoleNameBlockScripts.php ]
[ 2023-02-14T15:55:39+08:00 ][ info ] [ DB ] INIT mysql
[ 2023-02-14T15:55:39+08:00 ][ sql ] [ DB ] CONNECT:[ UseTime:0.001105s ] mysql:host=127.0.0.1;port=3306;dbname=gr_chat;charset=utf8
[ 2023-02-14T15:55:39+08:00 ][ sql ] [ SQL ] SHOW COLUMNS FROM `gr_run_log` [ RunTime:0.000781s ]
[ 2023-02-14T15:55:39+08:00 ][ sql ] [ SQL ] INSERT INTO `gr_run_log` (`controller` , `action` , `input_param` , `add_time` , `update_time`) VALUES ('script_RoleNameBlockScripts' , 'checkRoleName' , '{\"action\":\"checkRoleName\",\"platform\":\"youyu\"}' , 1676361339 , 1676361339) [ RunTime:0.001177s ]
[ 2023-02-14T15:55:39+08:00 ][ info ] [ DB ] INIT mysql
[ 2023-02-14T15:55:39+08:00 ][ info ] [ DB ] INIT mysql
[ 2023-02-14T15:55:39+08:00 ][ info ] [ DB ] INIT mysql
[ 2023-02-14T15:55:39+08:00 ][ info ] [ DB ] INIT mysql
[ 2023-02-14T15:55:39+08:00 ][ sql ] [ SQL ] SELECT * FROM `gr_run_log` WHERE  `id` = 918 LIMIT 1 [ RunTime:0.000289s ]
[ 2023-02-14T15:55:39+08:00 ][ sql ] [ SQL ] UPDATE `gr_run_log`  SET `status`=1,`update_time`=1676361339  WHERE  `id` = 918 [ RunTime:0.000891s ]
[ 2023-02-14T15:57:22+08:00 ][ info ] [ LANG ] D:\phpstudy_pro\WWW\new_kefu_online\thinkphp\lang\zh-cn.php
[ info ] [ LOG ] INIT File
[ 2023-02-14T15:57:22+08:00 ][ info ] [ ROUTE ] array (
  'type' => 'module',
  'module' => 
  array (
    0 => 'scripts',
    1 => 'RoleNameBlockScripts',
    2 => 'run',
  ),
)
[ 2023-02-14T15:57:22+08:00 ][ info ] [ HEADER ] array (
)
[ 2023-02-14T15:57:22+08:00 ][ info ] [ PARAM ] array (
  'g' => 'scripts',
  'm' => 'RoleNameBlockScripts',
  'a' => 'run',
  'p' => 
  array (
    'action' => 'checkRoleName',
    'platform' => 'youyu',
  ),
)
[ 2023-02-14T15:57:22+08:00 ][ info ] [ CACHE ] INIT redis
[ 2023-02-14T15:57:22+08:00 ][ info ] [ RUN ] app\scripts\controller\RoleNameBlockScripts->run[ D:\phpstudy_pro\WWW\new_kefu_online\application\scripts\controller\RoleNameBlockScripts.php ]
[ 2023-02-14T15:57:22+08:00 ][ info ] [ DB ] INIT mysql
[ 2023-02-14T15:57:22+08:00 ][ sql ] [ DB ] CONNECT:[ UseTime:0.001000s ] mysql:host=127.0.0.1;port=3306;dbname=gr_chat;charset=utf8
[ 2023-02-14T15:57:22+08:00 ][ sql ] [ SQL ] SHOW COLUMNS FROM `gr_run_log` [ RunTime:0.002504s ]
[ 2023-02-14T15:57:22+08:00 ][ sql ] [ SQL ] INSERT INTO `gr_run_log` (`controller` , `action` , `input_param` , `add_time` , `update_time`) VALUES ('script_RoleNameBlockScripts' , 'checkRoleName' , '{\"action\":\"checkRoleName\",\"platform\":\"youyu\"}' , 1676361442 , 1676361442) [ RunTime:0.001315s ]
[ 2023-02-14T15:57:22+08:00 ][ info ] [ DB ] INIT mysql
[ 2023-02-14T15:57:22+08:00 ][ info ] [ DB ] INIT mysql
[ 2023-02-14T15:57:22+08:00 ][ info ] [ DB ] INIT mysql
[ 2023-02-14T15:57:41+08:00 ][ info ] [ LANG ] D:\phpstudy_pro\WWW\new_kefu_online\thinkphp\lang\zh-cn.php
[ info ] [ LOG ] INIT File
[ 2023-02-14T15:57:41+08:00 ][ info ] [ ROUTE ] array (
  'type' => 'module',
  'module' => 
  array (
    0 => 'scripts',
    1 => 'RoleNameBlockScripts',
    2 => 'run',
  ),
)
[ 2023-02-14T15:57:41+08:00 ][ info ] [ HEADER ] array (
)
[ 2023-02-14T15:57:41+08:00 ][ info ] [ PARAM ] array (
  'g' => 'scripts',
  'm' => 'RoleNameBlockScripts',
  'a' => 'run',
  'p' => 
  array (
    'action' => 'checkRoleName',
    'platform' => 'youyu',
  ),
)
[ 2023-02-14T15:57:41+08:00 ][ info ] [ CACHE ] INIT redis
[ 2023-02-14T15:57:41+08:00 ][ info ] [ RUN ] app\scripts\controller\RoleNameBlockScripts->run[ D:\phpstudy_pro\WWW\new_kefu_online\application\scripts\controller\RoleNameBlockScripts.php ]
[ 2023-02-14T15:57:41+08:00 ][ info ] [ DB ] INIT mysql
[ 2023-02-14T15:57:41+08:00 ][ sql ] [ DB ] CONNECT:[ UseTime:0.010771s ] mysql:host=127.0.0.1;port=3306;dbname=gr_chat;charset=utf8
[ 2023-02-14T15:57:41+08:00 ][ sql ] [ SQL ] SHOW COLUMNS FROM `gr_run_log` [ RunTime:0.002421s ]
[ 2023-02-14T15:57:41+08:00 ][ sql ] [ SQL ] INSERT INTO `gr_run_log` (`controller` , `action` , `input_param` , `add_time` , `update_time`) VALUES ('script_RoleNameBlockScripts' , 'checkRoleName' , '{\"action\":\"checkRoleName\",\"platform\":\"youyu\"}' , 1676361461 , 1676361461) [ RunTime:0.000965s ]
[ 2023-02-14T15:57:41+08:00 ][ info ] [ DB ] INIT mysql
[ 2023-02-14T15:57:41+08:00 ][ info ] [ DB ] INIT mysql
[ 2023-02-14T15:57:41+08:00 ][ info ] [ DB ] INIT mysql
[ 2023-02-14T15:57:59+08:00 ][ info ] [ LANG ] D:\phpstudy_pro\WWW\new_kefu_online\thinkphp\lang\zh-cn.php
[ info ] [ LOG ] INIT File
[ 2023-02-14T15:57:59+08:00 ][ info ] [ ROUTE ] array (
  'type' => 'module',
  'module' => 
  array (
    0 => 'scripts',
    1 => 'RoleNameBlockScripts',
    2 => 'run',
  ),
)
[ 2023-02-14T15:57:59+08:00 ][ info ] [ HEADER ] array (
)
[ 2023-02-14T15:57:59+08:00 ][ info ] [ PARAM ] array (
  'g' => 'scripts',
  'm' => 'RoleNameBlockScripts',
  'a' => 'run',
  'p' => 
  array (
    'action' => 'checkRoleName',
    'platform' => 'youyu',
  ),
)
[ 2023-02-14T15:57:59+08:00 ][ info ] [ CACHE ] INIT redis
[ 2023-02-14T15:57:59+08:00 ][ info ] [ RUN ] app\scripts\controller\RoleNameBlockScripts->run[ D:\phpstudy_pro\WWW\new_kefu_online\application\scripts\controller\RoleNameBlockScripts.php ]
[ 2023-02-14T15:57:59+08:00 ][ info ] [ DB ] INIT mysql
[ 2023-02-14T15:57:59+08:00 ][ sql ] [ DB ] CONNECT:[ UseTime:0.010598s ] mysql:host=127.0.0.1;port=3306;dbname=gr_chat;charset=utf8
[ 2023-02-14T15:57:59+08:00 ][ sql ] [ SQL ] SHOW COLUMNS FROM `gr_run_log` [ RunTime:0.002388s ]
[ 2023-02-14T15:57:59+08:00 ][ sql ] [ SQL ] INSERT INTO `gr_run_log` (`controller` , `action` , `input_param` , `add_time` , `update_time`) VALUES ('script_RoleNameBlockScripts' , 'checkRoleName' , '{\"action\":\"checkRoleName\",\"platform\":\"youyu\"}' , 1676361479 , 1676361479) [ RunTime:0.000998s ]
[ 2023-02-14T15:57:59+08:00 ][ info ] [ DB ] INIT mysql
[ 2023-02-14T15:57:59+08:00 ][ info ] [ DB ] INIT mysql
[ 2023-02-14T15:57:59+08:00 ][ info ] [ DB ] INIT mysql
[ 2023-02-14T15:58:11+08:00 ][ info ] [ LANG ] D:\phpstudy_pro\WWW\new_kefu_online\thinkphp\lang\zh-cn.php
[ info ] [ LOG ] INIT File
[ 2023-02-14T15:58:11+08:00 ][ info ] [ ROUTE ] array (
  'type' => 'module',
  'module' => 
  array (
    0 => 'scripts',
    1 => 'RoleNameBlockScripts',
    2 => 'run',
  ),
)
[ 2023-02-14T15:58:11+08:00 ][ info ] [ HEADER ] array (
)
[ 2023-02-14T15:58:11+08:00 ][ info ] [ PARAM ] array (
  'g' => 'scripts',
  'm' => 'RoleNameBlockScripts',
  'a' => 'run',
  'p' => 
  array (
    'action' => 'checkRoleName',
    'platform' => 'youyu',
  ),
)
[ 2023-02-14T15:58:11+08:00 ][ info ] [ CACHE ] INIT redis
[ 2023-02-14T15:58:11+08:00 ][ info ] [ RUN ] app\scripts\controller\RoleNameBlockScripts->run[ D:\phpstudy_pro\WWW\new_kefu_online\application\scripts\controller\RoleNameBlockScripts.php ]
[ 2023-02-14T15:58:11+08:00 ][ info ] [ DB ] INIT mysql
[ 2023-02-14T15:58:11+08:00 ][ sql ] [ DB ] CONNECT:[ UseTime:0.010873s ] mysql:host=127.0.0.1;port=3306;dbname=gr_chat;charset=utf8
[ 2023-02-14T15:58:11+08:00 ][ sql ] [ SQL ] SHOW COLUMNS FROM `gr_run_log` [ RunTime:0.002455s ]
[ 2023-02-14T15:58:11+08:00 ][ sql ] [ SQL ] INSERT INTO `gr_run_log` (`controller` , `action` , `input_param` , `add_time` , `update_time`) VALUES ('script_RoleNameBlockScripts' , 'checkRoleName' , '{\"action\":\"checkRoleName\",\"platform\":\"youyu\"}' , 1676361491 , 1676361491) [ RunTime:0.001130s ]
[ 2023-02-14T15:58:11+08:00 ][ info ] [ DB ] INIT mysql
[ 2023-02-14T15:58:11+08:00 ][ info ] [ DB ] INIT mysql
[ 2023-02-14T15:58:11+08:00 ][ info ] [ DB ] INIT mysql
[ 2023-02-14T15:58:46+08:00 ][ info ] [ LANG ] D:\phpstudy_pro\WWW\new_kefu_online\thinkphp\lang\zh-cn.php
[ info ] [ LOG ] INIT File
[ 2023-02-14T15:58:46+08:00 ][ info ] [ ROUTE ] array (
  'type' => 'module',
  'module' => 
  array (
    0 => 'scripts',
    1 => 'RoleNameBlockScripts',
    2 => 'run',
  ),
)
[ 2023-02-14T15:58:46+08:00 ][ info ] [ HEADER ] array (
)
[ 2023-02-14T15:58:46+08:00 ][ info ] [ PARAM ] array (
  'g' => 'scripts',
  'm' => 'RoleNameBlockScripts',
  'a' => 'run',
  'p' => 
  array (
    'action' => 'checkRoleName',
    'platform' => 'youyu',
  ),
)
[ 2023-02-14T15:58:46+08:00 ][ info ] [ CACHE ] INIT redis
[ 2023-02-14T15:58:46+08:00 ][ info ] [ RUN ] app\scripts\controller\RoleNameBlockScripts->run[ D:\phpstudy_pro\WWW\new_kefu_online\application\scripts\controller\RoleNameBlockScripts.php ]
[ 2023-02-14T15:58:46+08:00 ][ info ] [ DB ] INIT mysql
[ 2023-02-14T15:58:46+08:00 ][ sql ] [ DB ] CONNECT:[ UseTime:0.001003s ] mysql:host=127.0.0.1;port=3306;dbname=gr_chat;charset=utf8
[ 2023-02-14T15:58:46+08:00 ][ sql ] [ SQL ] SHOW COLUMNS FROM `gr_run_log` [ RunTime:0.002354s ]
[ 2023-02-14T15:58:46+08:00 ][ sql ] [ SQL ] INSERT INTO `gr_run_log` (`controller` , `action` , `input_param` , `add_time` , `update_time`) VALUES ('script_RoleNameBlockScripts' , 'checkRoleName' , '{\"action\":\"checkRoleName\",\"platform\":\"youyu\"}' , 1676361526 , 1676361526) [ RunTime:0.001191s ]
[ 2023-02-14T15:58:46+08:00 ][ info ] [ DB ] INIT mysql
[ 2023-02-14T15:58:46+08:00 ][ info ] [ DB ] INIT mysql
[ 2023-02-14T15:58:46+08:00 ][ info ] [ DB ] INIT mysql
[ 2023-02-14T15:58:55+08:00 ][ info ] [ LANG ] D:\phpstudy_pro\WWW\new_kefu_online\thinkphp\lang\zh-cn.php
[ info ] [ LOG ] INIT File
[ 2023-02-14T15:58:55+08:00 ][ info ] [ ROUTE ] array (
  'type' => 'module',
  'module' => 
  array (
    0 => 'scripts',
    1 => 'RoleNameBlockScripts',
    2 => 'run',
  ),
)
[ 2023-02-14T15:58:55+08:00 ][ info ] [ HEADER ] array (
)
[ 2023-02-14T15:58:55+08:00 ][ info ] [ PARAM ] array (
  'g' => 'scripts',
  'm' => 'RoleNameBlockScripts',
  'a' => 'run',
  'p' => 
  array (
    'action' => 'checkRoleName',
    'platform' => 'youyu',
  ),
)
[ 2023-02-14T15:58:55+08:00 ][ info ] [ CACHE ] INIT redis
[ 2023-02-14T15:58:55+08:00 ][ info ] [ RUN ] app\scripts\controller\RoleNameBlockScripts->run[ D:\phpstudy_pro\WWW\new_kefu_online\application\scripts\controller\RoleNameBlockScripts.php ]
[ 2023-02-14T15:58:55+08:00 ][ info ] [ DB ] INIT mysql
[ 2023-02-14T15:58:55+08:00 ][ sql ] [ DB ] CONNECT:[ UseTime:0.010913s ] mysql:host=127.0.0.1;port=3306;dbname=gr_chat;charset=utf8
[ 2023-02-14T15:58:55+08:00 ][ sql ] [ SQL ] SHOW COLUMNS FROM `gr_run_log` [ RunTime:0.002480s ]
[ 2023-02-14T15:58:55+08:00 ][ sql ] [ SQL ] INSERT INTO `gr_run_log` (`controller` , `action` , `input_param` , `add_time` , `update_time`) VALUES ('script_RoleNameBlockScripts' , 'checkRoleName' , '{\"action\":\"checkRoleName\",\"platform\":\"youyu\"}' , 1676361535 , 1676361535) [ RunTime:0.001282s ]
[ 2023-02-14T15:58:55+08:00 ][ info ] [ DB ] INIT mysql
[ 2023-02-14T15:58:55+08:00 ][ info ] [ DB ] INIT mysql
[ 2023-02-14T15:58:55+08:00 ][ info ] [ DB ] INIT mysql
[ 2023-02-14T15:59:02+08:00 ][ info ] [ LANG ] D:\phpstudy_pro\WWW\new_kefu_online\thinkphp\lang\zh-cn.php
[ info ] [ LOG ] INIT File
[ 2023-02-14T15:59:02+08:00 ][ info ] [ ROUTE ] array (
  'type' => 'module',
  'module' => 
  array (
    0 => 'scripts',
    1 => 'RoleNameBlockScripts',
    2 => 'run',
  ),
)
[ 2023-02-14T15:59:02+08:00 ][ info ] [ HEADER ] array (
)
[ 2023-02-14T15:59:02+08:00 ][ info ] [ PARAM ] array (
  'g' => 'scripts',
  'm' => 'RoleNameBlockScripts',
  'a' => 'run',
  'p' => 
  array (
    'action' => 'checkRoleName',
    'platform' => 'youyu',
  ),
)
[ 2023-02-14T15:59:02+08:00 ][ info ] [ CACHE ] INIT redis
[ 2023-02-14T15:59:02+08:00 ][ info ] [ RUN ] app\scripts\controller\RoleNameBlockScripts->run[ D:\phpstudy_pro\WWW\new_kefu_online\application\scripts\controller\RoleNameBlockScripts.php ]
[ 2023-02-14T15:59:02+08:00 ][ info ] [ DB ] INIT mysql
[ 2023-02-14T15:59:02+08:00 ][ sql ] [ DB ] CONNECT:[ UseTime:0.001064s ] mysql:host=127.0.0.1;port=3306;dbname=gr_chat;charset=utf8
[ 2023-02-14T15:59:02+08:00 ][ sql ] [ SQL ] SHOW COLUMNS FROM `gr_run_log` [ RunTime:0.002390s ]
[ 2023-02-14T15:59:02+08:00 ][ sql ] [ SQL ] INSERT INTO `gr_run_log` (`controller` , `action` , `input_param` , `add_time` , `update_time`) VALUES ('script_RoleNameBlockScripts' , 'checkRoleName' , '{\"action\":\"checkRoleName\",\"platform\":\"youyu\"}' , 1676361542 , 1676361542) [ RunTime:0.001837s ]
[ 2023-02-14T15:59:02+08:00 ][ info ] [ DB ] INIT mysql
[ 2023-02-14T15:59:02+08:00 ][ info ] [ DB ] INIT mysql
[ 2023-02-14T15:59:02+08:00 ][ info ] [ DB ] INIT mysql
[ 2023-02-14T15:59:11+08:00 ][ info ] [ LANG ] D:\phpstudy_pro\WWW\new_kefu_online\thinkphp\lang\zh-cn.php
[ info ] [ LOG ] INIT File
[ 2023-02-14T15:59:11+08:00 ][ info ] [ ROUTE ] array (
  'type' => 'module',
  'module' => 
  array (
    0 => 'scripts',
    1 => 'RoleNameBlockScripts',
    2 => 'run',
  ),
)
[ 2023-02-14T15:59:11+08:00 ][ info ] [ HEADER ] array (
)
[ 2023-02-14T15:59:11+08:00 ][ info ] [ PARAM ] array (
  'g' => 'scripts',
  'm' => 'RoleNameBlockScripts',
  'a' => 'run',
  'p' => 
  array (
    'action' => 'checkRoleName',
    'platform' => 'youyu',
  ),
)
[ 2023-02-14T15:59:11+08:00 ][ info ] [ CACHE ] INIT redis
[ 2023-02-14T15:59:11+08:00 ][ info ] [ RUN ] app\scripts\controller\RoleNameBlockScripts->run[ D:\phpstudy_pro\WWW\new_kefu_online\application\scripts\controller\RoleNameBlockScripts.php ]
[ 2023-02-14T15:59:11+08:00 ][ info ] [ DB ] INIT mysql
[ 2023-02-14T15:59:11+08:00 ][ sql ] [ DB ] CONNECT:[ UseTime:0.010269s ] mysql:host=127.0.0.1;port=3306;dbname=gr_chat;charset=utf8
[ 2023-02-14T15:59:11+08:00 ][ sql ] [ SQL ] SHOW COLUMNS FROM `gr_run_log` [ RunTime:0.002497s ]
[ 2023-02-14T15:59:11+08:00 ][ sql ] [ SQL ] INSERT INTO `gr_run_log` (`controller` , `action` , `input_param` , `add_time` , `update_time`) VALUES ('script_RoleNameBlockScripts' , 'checkRoleName' , '{\"action\":\"checkRoleName\",\"platform\":\"youyu\"}' , 1676361551 , 1676361551) [ RunTime:0.001133s ]
[ 2023-02-14T15:59:11+08:00 ][ info ] [ DB ] INIT mysql
[ 2023-02-14T15:59:11+08:00 ][ info ] [ DB ] INIT mysql
[ 2023-02-14T15:59:11+08:00 ][ info ] [ DB ] INIT mysql
[ 2023-02-14T15:59:11+08:00 ][ sql ] [ SQL ] SELECT * FROM `gr_run_log` WHERE  `id` = 926 LIMIT 1 [ RunTime:0.000298s ]
[ 2023-02-14T15:59:11+08:00 ][ sql ] [ SQL ] UPDATE `gr_run_log`  SET `status`=1,`update_time`=1676361551  WHERE  `id` = 926 [ RunTime:0.000878s ]
[ 2023-02-14T15:59:37+08:00 ][ info ] [ LANG ] D:\phpstudy_pro\WWW\new_kefu_online\thinkphp\lang\zh-cn.php
[ info ] [ LOG ] INIT File
[ 2023-02-14T15:59:37+08:00 ][ info ] [ ROUTE ] array (
  'type' => 'module',
  'module' => 
  array (
    0 => 'scripts',
    1 => 'RoleNameBlockScripts',
    2 => 'run',
  ),
)
[ 2023-02-14T15:59:37+08:00 ][ info ] [ HEADER ] array (
)
[ 2023-02-14T15:59:37+08:00 ][ info ] [ PARAM ] array (
  'g' => 'scripts',
  'm' => 'RoleNameBlockScripts',
  'a' => 'run',
  'p' => 
  array (
    'action' => 'checkRoleName',
    'platform' => 'youyu',
  ),
)
[ 2023-02-14T15:59:37+08:00 ][ info ] [ CACHE ] INIT redis
[ 2023-02-14T15:59:37+08:00 ][ info ] [ RUN ] app\scripts\controller\RoleNameBlockScripts->run[ D:\phpstudy_pro\WWW\new_kefu_online\application\scripts\controller\RoleNameBlockScripts.php ]
[ 2023-02-14T15:59:37+08:00 ][ info ] [ DB ] INIT mysql
[ 2023-02-14T15:59:37+08:00 ][ sql ] [ DB ] CONNECT:[ UseTime:0.000982s ] mysql:host=127.0.0.1;port=3306;dbname=gr_chat;charset=utf8
[ 2023-02-14T15:59:37+08:00 ][ sql ] [ SQL ] SHOW COLUMNS FROM `gr_run_log` [ RunTime:0.000741s ]
[ 2023-02-14T15:59:37+08:00 ][ sql ] [ SQL ] INSERT INTO `gr_run_log` (`controller` , `action` , `input_param` , `add_time` , `update_time`) VALUES ('script_RoleNameBlockScripts' , 'checkRoleName' , '{\"action\":\"checkRoleName\",\"platform\":\"youyu\"}' , 1676361577 , 1676361577) [ RunTime:0.000961s ]
[ 2023-02-14T15:59:37+08:00 ][ info ] [ DB ] INIT mysql
[ 2023-02-14T15:59:37+08:00 ][ info ] [ DB ] INIT mysql
[ 2023-02-14T15:59:37+08:00 ][ info ] [ DB ] INIT mysql
[ 2023-02-14T15:59:53+08:00 ][ info ] [ LANG ] D:\phpstudy_pro\WWW\new_kefu_online\thinkphp\lang\zh-cn.php
[ info ] [ LOG ] INIT File
[ 2023-02-14T15:59:53+08:00 ][ info ] [ ROUTE ] array (
  'type' => 'module',
  'module' => 
  array (
    0 => 'scripts',
    1 => 'RoleNameBlockScripts',
    2 => 'run',
  ),
)
[ 2023-02-14T15:59:53+08:00 ][ info ] [ HEADER ] array (
)
[ 2023-02-14T15:59:53+08:00 ][ info ] [ PARAM ] array (
  'g' => 'scripts',
  'm' => 'RoleNameBlockScripts',
  'a' => 'run',
  'p' => 
  array (
    'action' => 'checkRoleName',
    'platform' => 'youyu',
  ),
)
[ 2023-02-14T15:59:53+08:00 ][ info ] [ CACHE ] INIT redis
[ 2023-02-14T15:59:53+08:00 ][ info ] [ RUN ] app\scripts\controller\RoleNameBlockScripts->run[ D:\phpstudy_pro\WWW\new_kefu_online\application\scripts\controller\RoleNameBlockScripts.php ]
[ 2023-02-14T15:59:53+08:00 ][ info ] [ DB ] INIT mysql
[ 2023-02-14T15:59:53+08:00 ][ sql ] [ DB ] CONNECT:[ UseTime:0.000936s ] mysql:host=127.0.0.1;port=3306;dbname=gr_chat;charset=utf8
[ 2023-02-14T15:59:53+08:00 ][ sql ] [ SQL ] SHOW COLUMNS FROM `gr_run_log` [ RunTime:0.000612s ]
[ 2023-02-14T15:59:53+08:00 ][ sql ] [ SQL ] INSERT INTO `gr_run_log` (`controller` , `action` , `input_param` , `add_time` , `update_time`) VALUES ('script_RoleNameBlockScripts' , 'checkRoleName' , '{\"action\":\"checkRoleName\",\"platform\":\"youyu\"}' , 1676361593 , 1676361593) [ RunTime:0.000971s ]
[ 2023-02-14T15:59:53+08:00 ][ info ] [ DB ] INIT mysql
[ 2023-02-14T15:59:53+08:00 ][ info ] [ DB ] INIT mysql
[ 2023-02-14T15:59:53+08:00 ][ info ] [ DB ] INIT mysql
[ 2023-02-14T16:00:09+08:00 ][ info ] [ LANG ] D:\phpstudy_pro\WWW\new_kefu_online\thinkphp\lang\zh-cn.php
[ info ] [ LOG ] INIT File
[ 2023-02-14T16:00:09+08:00 ][ info ] [ ROUTE ] array (
  'type' => 'module',
  'module' => 
  array (
    0 => 'scripts',
    1 => 'RoleNameBlockScripts',
    2 => 'run',
  ),
)
[ 2023-02-14T16:00:09+08:00 ][ info ] [ HEADER ] array (
)
[ 2023-02-14T16:00:09+08:00 ][ info ] [ PARAM ] array (
  'g' => 'scripts',
  'm' => 'RoleNameBlockScripts',
  'a' => 'run',
  'p' => 
  array (
    'action' => 'checkRoleName',
    'platform' => 'youyu',
  ),
)
[ 2023-02-14T16:00:09+08:00 ][ info ] [ CACHE ] INIT redis
[ 2023-02-14T16:00:09+08:00 ][ info ] [ RUN ] app\scripts\controller\RoleNameBlockScripts->run[ D:\phpstudy_pro\WWW\new_kefu_online\application\scripts\controller\RoleNameBlockScripts.php ]
[ 2023-02-14T16:00:09+08:00 ][ info ] [ DB ] INIT mysql
[ 2023-02-14T16:00:09+08:00 ][ sql ] [ DB ] CONNECT:[ UseTime:0.010438s ] mysql:host=127.0.0.1;port=3306;dbname=gr_chat;charset=utf8
[ 2023-02-14T16:00:09+08:00 ][ sql ] [ SQL ] SHOW COLUMNS FROM `gr_run_log` [ RunTime:0.000712s ]
[ 2023-02-14T16:00:09+08:00 ][ sql ] [ SQL ] INSERT INTO `gr_run_log` (`controller` , `action` , `input_param` , `add_time` , `update_time`) VALUES ('script_RoleNameBlockScripts' , 'checkRoleName' , '{\"action\":\"checkRoleName\",\"platform\":\"youyu\"}' , 1676361609 , 1676361609) [ RunTime:0.000885s ]
[ 2023-02-14T16:00:09+08:00 ][ info ] [ DB ] INIT mysql
[ 2023-02-14T16:00:09+08:00 ][ info ] [ DB ] INIT mysql
[ 2023-02-14T16:00:09+08:00 ][ info ] [ DB ] INIT mysql
[ 2023-02-14T16:00:28+08:00 ][ info ] [ LANG ] D:\phpstudy_pro\WWW\new_kefu_online\thinkphp\lang\zh-cn.php
[ info ] [ LOG ] INIT File
[ 2023-02-14T16:00:28+08:00 ][ info ] [ ROUTE ] array (
  'type' => 'module',
  'module' => 
  array (
    0 => 'scripts',
    1 => 'RoleNameBlockScripts',
    2 => 'run',
  ),
)
[ 2023-02-14T16:00:28+08:00 ][ info ] [ HEADER ] array (
)
[ 2023-02-14T16:00:28+08:00 ][ info ] [ PARAM ] array (
  'g' => 'scripts',
  'm' => 'RoleNameBlockScripts',
  'a' => 'run',
  'p' => 
  array (
    'action' => 'checkRoleName',
    'platform' => 'youyu',
  ),
)
[ 2023-02-14T16:00:28+08:00 ][ info ] [ CACHE ] INIT redis
[ 2023-02-14T16:00:28+08:00 ][ info ] [ RUN ] app\scripts\controller\RoleNameBlockScripts->run[ D:\phpstudy_pro\WWW\new_kefu_online\application\scripts\controller\RoleNameBlockScripts.php ]
[ 2023-02-14T16:00:28+08:00 ][ info ] [ DB ] INIT mysql
[ 2023-02-14T16:00:28+08:00 ][ sql ] [ DB ] CONNECT:[ UseTime:0.001114s ] mysql:host=127.0.0.1;port=3306;dbname=gr_chat;charset=utf8
[ 2023-02-14T16:00:28+08:00 ][ sql ] [ SQL ] SHOW COLUMNS FROM `gr_run_log` [ RunTime:0.000669s ]
[ 2023-02-14T16:00:28+08:00 ][ sql ] [ SQL ] INSERT INTO `gr_run_log` (`controller` , `action` , `input_param` , `add_time` , `update_time`) VALUES ('script_RoleNameBlockScripts' , 'checkRoleName' , '{\"action\":\"checkRoleName\",\"platform\":\"youyu\"}' , 1676361628 , 1676361628) [ RunTime:0.001241s ]
[ 2023-02-14T16:00:28+08:00 ][ info ] [ DB ] INIT mysql
[ 2023-02-14T16:00:28+08:00 ][ info ] [ DB ] INIT mysql
[ 2023-02-14T16:00:28+08:00 ][ info ] [ DB ] INIT mysql
[ 2023-02-14T16:00:38+08:00 ][ info ] [ LANG ] D:\phpstudy_pro\WWW\new_kefu_online\thinkphp\lang\zh-cn.php
[ info ] [ LOG ] INIT File
[ 2023-02-14T16:00:38+08:00 ][ info ] [ ROUTE ] array (
  'type' => 'module',
  'module' => 
  array (
    0 => 'scripts',
    1 => 'RoleNameBlockScripts',
    2 => 'run',
  ),
)
[ 2023-02-14T16:00:38+08:00 ][ info ] [ HEADER ] array (
)
[ 2023-02-14T16:00:38+08:00 ][ info ] [ PARAM ] array (
  'g' => 'scripts',
  'm' => 'RoleNameBlockScripts',
  'a' => 'run',
  'p' => 
  array (
    'action' => 'checkRoleName',
    'platform' => 'youyu',
  ),
)
[ 2023-02-14T16:00:38+08:00 ][ info ] [ CACHE ] INIT redis
[ 2023-02-14T16:00:38+08:00 ][ info ] [ RUN ] app\scripts\controller\RoleNameBlockScripts->run[ D:\phpstudy_pro\WWW\new_kefu_online\application\scripts\controller\RoleNameBlockScripts.php ]
[ 2023-02-14T16:00:38+08:00 ][ info ] [ DB ] INIT mysql
[ 2023-02-14T16:00:38+08:00 ][ sql ] [ DB ] CONNECT:[ UseTime:0.001040s ] mysql:host=127.0.0.1;port=3306;dbname=gr_chat;charset=utf8
[ 2023-02-14T16:00:38+08:00 ][ sql ] [ SQL ] SHOW COLUMNS FROM `gr_run_log` [ RunTime:0.000724s ]
[ 2023-02-14T16:00:38+08:00 ][ sql ] [ SQL ] INSERT INTO `gr_run_log` (`controller` , `action` , `input_param` , `add_time` , `update_time`) VALUES ('script_RoleNameBlockScripts' , 'checkRoleName' , '{\"action\":\"checkRoleName\",\"platform\":\"youyu\"}' , 1676361638 , 1676361638) [ RunTime:0.000844s ]
[ 2023-02-14T16:00:38+08:00 ][ info ] [ DB ] INIT mysql
[ 2023-02-14T16:00:38+08:00 ][ info ] [ DB ] INIT mysql
[ 2023-02-14T16:00:38+08:00 ][ info ] [ DB ] INIT mysql
[ 2023-02-14T16:01:29+08:00 ][ info ] [ LANG ] D:\phpstudy_pro\WWW\new_kefu_online\thinkphp\lang\zh-cn.php
[ info ] [ LOG ] INIT File
[ 2023-02-14T16:01:29+08:00 ][ info ] [ ROUTE ] array (
  'type' => 'module',
  'module' => 
  array (
    0 => 'scripts',
    1 => 'RoleNameBlockScripts',
    2 => 'run',
  ),
)
[ 2023-02-14T16:01:29+08:00 ][ info ] [ HEADER ] array (
)
[ 2023-02-14T16:01:29+08:00 ][ info ] [ PARAM ] array (
  'g' => 'scripts',
  'm' => 'RoleNameBlockScripts',
  'a' => 'run',
  'p' => 
  array (
    'action' => 'checkRoleName',
    'platform' => 'youyu',
  ),
)
[ 2023-02-14T16:01:29+08:00 ][ info ] [ CACHE ] INIT redis
[ 2023-02-14T16:01:29+08:00 ][ info ] [ RUN ] app\scripts\controller\RoleNameBlockScripts->run[ D:\phpstudy_pro\WWW\new_kefu_online\application\scripts\controller\RoleNameBlockScripts.php ]
[ 2023-02-14T16:01:29+08:00 ][ info ] [ DB ] INIT mysql
[ 2023-02-14T16:01:29+08:00 ][ sql ] [ DB ] CONNECT:[ UseTime:0.011215s ] mysql:host=127.0.0.1;port=3306;dbname=gr_chat;charset=utf8
[ 2023-02-14T16:01:29+08:00 ][ sql ] [ SQL ] SHOW COLUMNS FROM `gr_run_log` [ RunTime:0.002375s ]
[ 2023-02-14T16:01:29+08:00 ][ sql ] [ SQL ] INSERT INTO `gr_run_log` (`controller` , `action` , `input_param` , `add_time` , `update_time`) VALUES ('script_RoleNameBlockScripts' , 'checkRoleName' , '{\"action\":\"checkRoleName\",\"platform\":\"youyu\"}' , 1676361689 , 1676361689) [ RunTime:0.001834s ]
[ 2023-02-14T16:01:29+08:00 ][ info ] [ DB ] INIT mysql
[ 2023-02-14T16:01:29+08:00 ][ info ] [ DB ] INIT mysql
[ 2023-02-14T16:01:29+08:00 ][ info ] [ DB ] INIT mysql
[ 2023-02-14T16:01:54+08:00 ][ info ] [ LANG ] D:\phpstudy_pro\WWW\new_kefu_online\thinkphp\lang\zh-cn.php
[ info ] [ LOG ] INIT File
[ 2023-02-14T16:01:54+08:00 ][ info ] [ ROUTE ] array (
  'type' => 'module',
  'module' => 
  array (
    0 => 'scripts',
    1 => 'RoleNameBlockScripts',
    2 => 'run',
  ),
)
[ 2023-02-14T16:01:54+08:00 ][ info ] [ HEADER ] array (
)
[ 2023-02-14T16:01:54+08:00 ][ info ] [ PARAM ] array (
  'g' => 'scripts',
  'm' => 'RoleNameBlockScripts',
  'a' => 'run',
  'p' => 
  array (
    'action' => 'checkRoleName',
    'platform' => 'youyu',
  ),
)
[ 2023-02-14T16:01:54+08:00 ][ info ] [ CACHE ] INIT redis
[ 2023-02-14T16:01:54+08:00 ][ info ] [ RUN ] app\scripts\controller\RoleNameBlockScripts->run[ D:\phpstudy_pro\WWW\new_kefu_online\application\scripts\controller\RoleNameBlockScripts.php ]
[ 2023-02-14T16:01:54+08:00 ][ info ] [ DB ] INIT mysql
[ 2023-02-14T16:01:54+08:00 ][ sql ] [ DB ] CONNECT:[ UseTime:0.000969s ] mysql:host=127.0.0.1;port=3306;dbname=gr_chat;charset=utf8
[ 2023-02-14T16:01:54+08:00 ][ sql ] [ SQL ] SHOW COLUMNS FROM `gr_run_log` [ RunTime:0.002448s ]
[ 2023-02-14T16:01:54+08:00 ][ sql ] [ SQL ] INSERT INTO `gr_run_log` (`controller` , `action` , `input_param` , `add_time` , `update_time`) VALUES ('script_RoleNameBlockScripts' , 'checkRoleName' , '{\"action\":\"checkRoleName\",\"platform\":\"youyu\"}' , 1676361714 , 1676361714) [ RunTime:0.001246s ]
[ 2023-02-14T16:01:54+08:00 ][ info ] [ DB ] INIT mysql
[ 2023-02-14T16:01:54+08:00 ][ info ] [ DB ] INIT mysql
[ 2023-02-14T16:01:54+08:00 ][ info ] [ DB ] INIT mysql
[ 2023-02-14T16:02:13+08:00 ][ info ] [ LANG ] D:\phpstudy_pro\WWW\new_kefu_online\thinkphp\lang\zh-cn.php
[ info ] [ LOG ] INIT File
[ 2023-02-14T16:02:13+08:00 ][ info ] [ ROUTE ] array (
  'type' => 'module',
  'module' => 
  array (
    0 => 'scripts',
    1 => 'RoleNameBlockScripts',
    2 => 'run',
  ),
)
[ 2023-02-14T16:02:13+08:00 ][ info ] [ HEADER ] array (
)
[ 2023-02-14T16:02:13+08:00 ][ info ] [ PARAM ] array (
  'g' => 'scripts',
  'm' => 'RoleNameBlockScripts',
  'a' => 'run',
  'p' => 
  array (
    'action' => 'checkRoleName',
    'platform' => 'youyu',
  ),
)
[ 2023-02-14T16:02:13+08:00 ][ info ] [ CACHE ] INIT redis
[ 2023-02-14T16:02:13+08:00 ][ info ] [ RUN ] app\scripts\controller\RoleNameBlockScripts->run[ D:\phpstudy_pro\WWW\new_kefu_online\application\scripts\controller\RoleNameBlockScripts.php ]
[ 2023-02-14T16:02:13+08:00 ][ info ] [ DB ] INIT mysql
[ 2023-02-14T16:02:13+08:00 ][ sql ] [ DB ] CONNECT:[ UseTime:0.000961s ] mysql:host=127.0.0.1;port=3306;dbname=gr_chat;charset=utf8
[ 2023-02-14T16:02:13+08:00 ][ sql ] [ SQL ] SHOW COLUMNS FROM `gr_run_log` [ RunTime:0.002389s ]
[ 2023-02-14T16:02:13+08:00 ][ sql ] [ SQL ] INSERT INTO `gr_run_log` (`controller` , `action` , `input_param` , `add_time` , `update_time`) VALUES ('script_RoleNameBlockScripts' , 'checkRoleName' , '{\"action\":\"checkRoleName\",\"platform\":\"youyu\"}' , 1676361733 , 1676361733) [ RunTime:0.000995s ]
[ 2023-02-14T16:02:13+08:00 ][ info ] [ DB ] INIT mysql
[ 2023-02-14T16:02:13+08:00 ][ info ] [ DB ] INIT mysql
[ 2023-02-14T16:02:13+08:00 ][ info ] [ DB ] INIT mysql
[ 2023-02-14T16:02:27+08:00 ][ info ] [ LANG ] D:\phpstudy_pro\WWW\new_kefu_online\thinkphp\lang\zh-cn.php
[ info ] [ LOG ] INIT File
[ 2023-02-14T16:02:27+08:00 ][ info ] [ ROUTE ] array (
  'type' => 'module',
  'module' => 
  array (
    0 => 'scripts',
    1 => 'RoleNameBlockScripts',
    2 => 'run',
  ),
)
[ 2023-02-14T16:02:27+08:00 ][ info ] [ HEADER ] array (
)
[ 2023-02-14T16:02:27+08:00 ][ info ] [ PARAM ] array (
  'g' => 'scripts',
  'm' => 'RoleNameBlockScripts',
  'a' => 'run',
  'p' => 
  array (
    'action' => 'checkRoleName',
    'platform' => 'youyu',
  ),
)
[ 2023-02-14T16:02:27+08:00 ][ info ] [ CACHE ] INIT redis
[ 2023-02-14T16:02:27+08:00 ][ info ] [ RUN ] app\scripts\controller\RoleNameBlockScripts->run[ D:\phpstudy_pro\WWW\new_kefu_online\application\scripts\controller\RoleNameBlockScripts.php ]
[ 2023-02-14T16:02:27+08:00 ][ info ] [ DB ] INIT mysql
[ 2023-02-14T16:02:27+08:00 ][ sql ] [ DB ] CONNECT:[ UseTime:0.000964s ] mysql:host=127.0.0.1;port=3306;dbname=gr_chat;charset=utf8
[ 2023-02-14T16:02:27+08:00 ][ sql ] [ SQL ] SHOW COLUMNS FROM `gr_run_log` [ RunTime:0.002452s ]
[ 2023-02-14T16:02:27+08:00 ][ sql ] [ SQL ] INSERT INTO `gr_run_log` (`controller` , `action` , `input_param` , `add_time` , `update_time`) VALUES ('script_RoleNameBlockScripts' , 'checkRoleName' , '{\"action\":\"checkRoleName\",\"platform\":\"youyu\"}' , 1676361747 , 1676361747) [ RunTime:0.001205s ]
[ 2023-02-14T16:02:27+08:00 ][ info ] [ DB ] INIT mysql
[ 2023-02-14T16:02:27+08:00 ][ info ] [ DB ] INIT mysql
[ 2023-02-14T16:02:27+08:00 ][ info ] [ DB ] INIT mysql
[ 2023-02-14T16:02:42+08:00 ][ info ] [ LANG ] D:\phpstudy_pro\WWW\new_kefu_online\thinkphp\lang\zh-cn.php
[ info ] [ LOG ] INIT File
[ 2023-02-14T16:02:42+08:00 ][ info ] [ ROUTE ] array (
  'type' => 'module',
  'module' => 
  array (
    0 => 'scripts',
    1 => 'RoleNameBlockScripts',
    2 => 'run',
  ),
)
[ 2023-02-14T16:02:42+08:00 ][ info ] [ HEADER ] array (
)
[ 2023-02-14T16:02:42+08:00 ][ info ] [ PARAM ] array (
  'g' => 'scripts',
  'm' => 'RoleNameBlockScripts',
  'a' => 'run',
  'p' => 
  array (
    'action' => 'checkRoleName',
    'platform' => 'youyu',
  ),
)
[ 2023-02-14T16:02:42+08:00 ][ info ] [ CACHE ] INIT redis
[ 2023-02-14T16:02:42+08:00 ][ info ] [ RUN ] app\scripts\controller\RoleNameBlockScripts->run[ D:\phpstudy_pro\WWW\new_kefu_online\application\scripts\controller\RoleNameBlockScripts.php ]
[ 2023-02-14T16:02:42+08:00 ][ info ] [ DB ] INIT mysql
[ 2023-02-14T16:02:42+08:00 ][ sql ] [ DB ] CONNECT:[ UseTime:0.000986s ] mysql:host=127.0.0.1;port=3306;dbname=gr_chat;charset=utf8
[ 2023-02-14T16:02:42+08:00 ][ sql ] [ SQL ] SHOW COLUMNS FROM `gr_run_log` [ RunTime:0.000666s ]
[ 2023-02-14T16:02:42+08:00 ][ sql ] [ SQL ] INSERT INTO `gr_run_log` (`controller` , `action` , `input_param` , `add_time` , `update_time`) VALUES ('script_RoleNameBlockScripts' , 'checkRoleName' , '{\"action\":\"checkRoleName\",\"platform\":\"youyu\"}' , 1676361762 , 1676361762) [ RunTime:0.001237s ]
[ 2023-02-14T16:02:42+08:00 ][ info ] [ DB ] INIT mysql
[ 2023-02-14T16:02:42+08:00 ][ info ] [ DB ] INIT mysql
[ 2023-02-14T16:02:42+08:00 ][ info ] [ DB ] INIT mysql
[ 2023-02-14T16:03:16+08:00 ][ info ] [ LANG ] D:\phpstudy_pro\WWW\new_kefu_online\thinkphp\lang\zh-cn.php
[ info ] [ LOG ] INIT File
[ 2023-02-14T16:03:16+08:00 ][ info ] [ ROUTE ] array (
  'type' => 'module',
  'module' => 
  array (
    0 => 'scripts',
    1 => 'RoleNameBlockScripts',
    2 => 'run',
  ),
)
[ 2023-02-14T16:03:16+08:00 ][ info ] [ HEADER ] array (
)
[ 2023-02-14T16:03:16+08:00 ][ info ] [ PARAM ] array (
  'g' => 'scripts',
  'm' => 'RoleNameBlockScripts',
  'a' => 'run',
  'p' => 
  array (
    'action' => 'checkRoleName',
    'platform' => 'youyu',
  ),
)
[ 2023-02-14T16:03:16+08:00 ][ info ] [ CACHE ] INIT redis
[ 2023-02-14T16:03:16+08:00 ][ info ] [ RUN ] app\scripts\controller\RoleNameBlockScripts->run[ D:\phpstudy_pro\WWW\new_kefu_online\application\scripts\controller\RoleNameBlockScripts.php ]
[ 2023-02-14T16:03:16+08:00 ][ info ] [ DB ] INIT mysql
[ 2023-02-14T16:03:16+08:00 ][ sql ] [ DB ] CONNECT:[ UseTime:0.000989s ] mysql:host=127.0.0.1;port=3306;dbname=gr_chat;charset=utf8
[ 2023-02-14T16:03:16+08:00 ][ sql ] [ SQL ] SHOW COLUMNS FROM `gr_run_log` [ RunTime:0.000651s ]
[ 2023-02-14T16:03:16+08:00 ][ sql ] [ SQL ] INSERT INTO `gr_run_log` (`controller` , `action` , `input_param` , `add_time` , `update_time`) VALUES ('script_RoleNameBlockScripts' , 'checkRoleName' , '{\"action\":\"checkRoleName\",\"platform\":\"youyu\"}' , 1676361796 , 1676361796) [ RunTime:0.001110s ]
[ 2023-02-14T16:03:16+08:00 ][ info ] [ DB ] INIT mysql
[ 2023-02-14T16:03:16+08:00 ][ info ] [ DB ] INIT mysql
[ 2023-02-14T16:03:16+08:00 ][ info ] [ DB ] INIT mysql
[ 2023-02-14T16:03:40+08:00 ][ info ] [ LANG ] D:\phpstudy_pro\WWW\new_kefu_online\thinkphp\lang\zh-cn.php
[ info ] [ LOG ] INIT File
[ 2023-02-14T16:03:40+08:00 ][ info ] [ ROUTE ] array (
  'type' => 'module',
  'module' => 
  array (
    0 => 'scripts',
    1 => 'RoleNameBlockScripts',
    2 => 'run',
  ),
)
[ 2023-02-14T16:03:40+08:00 ][ info ] [ HEADER ] array (
)
[ 2023-02-14T16:03:40+08:00 ][ info ] [ PARAM ] array (
  'g' => 'scripts',
  'm' => 'RoleNameBlockScripts',
  'a' => 'run',
  'p' => 
  array (
    'action' => 'checkRoleName',
    'platform' => 'youyu',
  ),
)
[ 2023-02-14T16:03:40+08:00 ][ info ] [ CACHE ] INIT redis
[ 2023-02-14T16:03:40+08:00 ][ info ] [ RUN ] app\scripts\controller\RoleNameBlockScripts->run[ D:\phpstudy_pro\WWW\new_kefu_online\application\scripts\controller\RoleNameBlockScripts.php ]
[ 2023-02-14T16:03:40+08:00 ][ info ] [ DB ] INIT mysql
[ 2023-02-14T16:03:40+08:00 ][ sql ] [ DB ] CONNECT:[ UseTime:0.001035s ] mysql:host=127.0.0.1;port=3306;dbname=gr_chat;charset=utf8
[ 2023-02-14T16:03:40+08:00 ][ sql ] [ SQL ] SHOW COLUMNS FROM `gr_run_log` [ RunTime:0.000661s ]
[ 2023-02-14T16:03:40+08:00 ][ sql ] [ SQL ] INSERT INTO `gr_run_log` (`controller` , `action` , `input_param` , `add_time` , `update_time`) VALUES ('script_RoleNameBlockScripts' , 'checkRoleName' , '{\"action\":\"checkRoleName\",\"platform\":\"youyu\"}' , 1676361820 , 1676361820) [ RunTime:0.001142s ]
[ 2023-02-14T16:03:40+08:00 ][ info ] [ DB ] INIT mysql
[ 2023-02-14T16:03:40+08:00 ][ info ] [ DB ] INIT mysql
[ 2023-02-14T16:03:40+08:00 ][ info ] [ DB ] INIT mysql
[ 2023-02-14T16:04:11+08:00 ][ info ] [ LANG ] D:\phpstudy_pro\WWW\new_kefu_online\thinkphp\lang\zh-cn.php
[ info ] [ LOG ] INIT File
[ 2023-02-14T16:04:11+08:00 ][ info ] [ ROUTE ] array (
  'type' => 'module',
  'module' => 
  array (
    0 => 'scripts',
    1 => 'RoleNameBlockScripts',
    2 => 'run',
  ),
)
[ 2023-02-14T16:04:11+08:00 ][ info ] [ HEADER ] array (
)
[ 2023-02-14T16:04:11+08:00 ][ info ] [ PARAM ] array (
  'g' => 'scripts',
  'm' => 'RoleNameBlockScripts',
  'a' => 'run',
  'p' => 
  array (
    'action' => 'checkRoleName',
    'platform' => 'youyu',
  ),
)
[ 2023-02-14T16:04:11+08:00 ][ info ] [ CACHE ] INIT redis
[ 2023-02-14T16:04:11+08:00 ][ info ] [ RUN ] app\scripts\controller\RoleNameBlockScripts->run[ D:\phpstudy_pro\WWW\new_kefu_online\application\scripts\controller\RoleNameBlockScripts.php ]
[ 2023-02-14T16:04:11+08:00 ][ info ] [ DB ] INIT mysql
[ 2023-02-14T16:04:11+08:00 ][ sql ] [ DB ] CONNECT:[ UseTime:0.001025s ] mysql:host=127.0.0.1;port=3306;dbname=gr_chat;charset=utf8
[ 2023-02-14T16:04:11+08:00 ][ sql ] [ SQL ] SHOW COLUMNS FROM `gr_run_log` [ RunTime:0.000658s ]
[ 2023-02-14T16:04:11+08:00 ][ sql ] [ SQL ] INSERT INTO `gr_run_log` (`controller` , `action` , `input_param` , `add_time` , `update_time`) VALUES ('script_RoleNameBlockScripts' , 'checkRoleName' , '{\"action\":\"checkRoleName\",\"platform\":\"youyu\"}' , 1676361851 , 1676361851) [ RunTime:0.001294s ]
[ 2023-02-14T16:04:11+08:00 ][ info ] [ DB ] INIT mysql
[ 2023-02-14T16:04:11+08:00 ][ info ] [ DB ] INIT mysql
[ 2023-02-14T16:04:11+08:00 ][ info ] [ DB ] INIT mysql
[ 2023-02-14T16:04:31+08:00 ][ info ] [ LANG ] D:\phpstudy_pro\WWW\new_kefu_online\thinkphp\lang\zh-cn.php
[ info ] [ LOG ] INIT File
[ 2023-02-14T16:04:31+08:00 ][ info ] [ ROUTE ] array (
  'type' => 'module',
  'module' => 
  array (
    0 => 'scripts',
    1 => 'RoleNameBlockScripts',
    2 => 'run',
  ),
)
[ 2023-02-14T16:04:31+08:00 ][ info ] [ HEADER ] array (
)
[ 2023-02-14T16:04:31+08:00 ][ info ] [ PARAM ] array (
  'g' => 'scripts',
  'm' => 'RoleNameBlockScripts',
  'a' => 'run',
  'p' => 
  array (
    'action' => 'checkRoleName',
    'platform' => 'youyu',
  ),
)
[ 2023-02-14T16:04:31+08:00 ][ info ] [ CACHE ] INIT redis
[ 2023-02-14T16:04:31+08:00 ][ info ] [ RUN ] app\scripts\controller\RoleNameBlockScripts->run[ D:\phpstudy_pro\WWW\new_kefu_online\application\scripts\controller\RoleNameBlockScripts.php ]
[ 2023-02-14T16:04:31+08:00 ][ info ] [ DB ] INIT mysql
[ 2023-02-14T16:04:31+08:00 ][ sql ] [ DB ] CONNECT:[ UseTime:0.001059s ] mysql:host=127.0.0.1;port=3306;dbname=gr_chat;charset=utf8
[ 2023-02-14T16:04:31+08:00 ][ sql ] [ SQL ] SHOW COLUMNS FROM `gr_run_log` [ RunTime:0.000659s ]
[ 2023-02-14T16:04:31+08:00 ][ sql ] [ SQL ] INSERT INTO `gr_run_log` (`controller` , `action` , `input_param` , `add_time` , `update_time`) VALUES ('script_RoleNameBlockScripts' , 'checkRoleName' , '{\"action\":\"checkRoleName\",\"platform\":\"youyu\"}' , 1676361871 , 1676361871) [ RunTime:0.000809s ]
[ 2023-02-14T16:04:31+08:00 ][ info ] [ DB ] INIT mysql
[ 2023-02-14T16:04:31+08:00 ][ info ] [ DB ] INIT mysql
[ 2023-02-14T16:04:31+08:00 ][ info ] [ DB ] INIT mysql
[ 2023-02-14T16:04:31+08:00 ][ sql ] [ SQL ] SELECT * FROM `gr_run_log` WHERE  `id` = 940 LIMIT 1 [ RunTime:0.000249s ]
[ 2023-02-14T16:04:31+08:00 ][ sql ] [ SQL ] UPDATE `gr_run_log`  SET `status`=1,`update_time`=1676361871  WHERE  `id` = 940 [ RunTime:0.000758s ]
[ 2023-02-14T16:04:57+08:00 ][ info ] [ LANG ] D:\phpstudy_pro\WWW\new_kefu_online\thinkphp\lang\zh-cn.php
[ info ] [ LOG ] INIT File
[ 2023-02-14T16:04:57+08:00 ][ info ] [ ROUTE ] array (
  'type' => 'module',
  'module' => 
  array (
    0 => 'scripts',
    1 => 'RoleNameBlockScripts',
    2 => 'run',
  ),
)
[ 2023-02-14T16:04:57+08:00 ][ info ] [ HEADER ] array (
)
[ 2023-02-14T16:04:57+08:00 ][ info ] [ PARAM ] array (
  'g' => 'scripts',
  'm' => 'RoleNameBlockScripts',
  'a' => 'run',
  'p' => 
  array (
    'action' => 'checkRoleName',
    'platform' => 'youyu',
  ),
)
[ 2023-02-14T16:04:57+08:00 ][ info ] [ CACHE ] INIT redis
[ 2023-02-14T16:04:57+08:00 ][ info ] [ RUN ] app\scripts\controller\RoleNameBlockScripts->run[ D:\phpstudy_pro\WWW\new_kefu_online\application\scripts\controller\RoleNameBlockScripts.php ]
[ 2023-02-14T16:04:57+08:00 ][ info ] [ DB ] INIT mysql
[ 2023-02-14T16:04:57+08:00 ][ sql ] [ DB ] CONNECT:[ UseTime:0.001044s ] mysql:host=127.0.0.1;port=3306;dbname=gr_chat;charset=utf8
[ 2023-02-14T16:04:57+08:00 ][ sql ] [ SQL ] SHOW COLUMNS FROM `gr_run_log` [ RunTime:0.000734s ]
[ 2023-02-14T16:04:57+08:00 ][ sql ] [ SQL ] INSERT INTO `gr_run_log` (`controller` , `action` , `input_param` , `add_time` , `update_time`) VALUES ('script_RoleNameBlockScripts' , 'checkRoleName' , '{\"action\":\"checkRoleName\",\"platform\":\"youyu\"}' , 1676361897 , 1676361897) [ RunTime:0.001087s ]
[ 2023-02-14T16:04:57+08:00 ][ info ] [ DB ] INIT mysql
[ 2023-02-14T16:04:57+08:00 ][ info ] [ DB ] INIT mysql
[ 2023-02-14T16:04:57+08:00 ][ info ] [ DB ] INIT mysql
[ 2023-02-14T16:04:58+08:00 ][ sql ] [ SQL ] SELECT * FROM `gr_run_log` WHERE  `id` = 941 LIMIT 1 [ RunTime:0.000254s ]
[ 2023-02-14T16:04:58+08:00 ][ sql ] [ SQL ] UPDATE `gr_run_log`  SET `update_time`=1676361898,`status`=1  WHERE  `id` = 941 [ RunTime:0.000821s ]
[ 2023-02-14T16:06:02+08:00 ][ info ] [ LANG ] D:\phpstudy_pro\WWW\new_kefu_online\thinkphp\lang\zh-cn.php
[ info ] [ LOG ] INIT File
[ 2023-02-14T16:06:02+08:00 ][ info ] [ ROUTE ] array (
  'type' => 'module',
  'module' => 
  array (
    0 => 'scripts',
    1 => 'RoleNameBlockScripts',
    2 => 'run',
  ),
)
[ 2023-02-14T16:06:02+08:00 ][ info ] [ HEADER ] array (
)
[ 2023-02-14T16:06:02+08:00 ][ info ] [ PARAM ] array (
  'g' => 'scripts',
  'm' => 'RoleNameBlockScripts',
  'a' => 'run',
  'p' => 
  array (
    'action' => 'checkRoleName',
    'platform' => 'youyu',
  ),
)
[ 2023-02-14T16:06:02+08:00 ][ info ] [ CACHE ] INIT redis
[ 2023-02-14T16:06:02+08:00 ][ info ] [ RUN ] app\scripts\controller\RoleNameBlockScripts->run[ D:\phpstudy_pro\WWW\new_kefu_online\application\scripts\controller\RoleNameBlockScripts.php ]
[ 2023-02-14T16:06:02+08:00 ][ info ] [ DB ] INIT mysql
[ 2023-02-14T16:06:02+08:00 ][ sql ] [ DB ] CONNECT:[ UseTime:0.000988s ] mysql:host=127.0.0.1;port=3306;dbname=gr_chat;charset=utf8
[ 2023-02-14T16:06:02+08:00 ][ sql ] [ SQL ] SHOW COLUMNS FROM `gr_run_log` [ RunTime:0.000659s ]
[ 2023-02-14T16:06:02+08:00 ][ sql ] [ SQL ] INSERT INTO `gr_run_log` (`controller` , `action` , `input_param` , `add_time` , `update_time`) VALUES ('script_RoleNameBlockScripts' , 'checkRoleName' , '{\"action\":\"checkRoleName\",\"platform\":\"youyu\"}' , 1676361962 , 1676361962) [ RunTime:0.001139s ]
[ 2023-02-14T16:06:02+08:00 ][ info ] [ DB ] INIT mysql
[ 2023-02-14T16:06:02+08:00 ][ info ] [ DB ] INIT mysql
[ 2023-02-14T16:06:02+08:00 ][ info ] [ DB ] INIT mysql
[ 2023-02-14T16:06:02+08:00 ][ sql ] [ SQL ] SELECT * FROM `gr_run_log` WHERE  `id` = 942 LIMIT 1 [ RunTime:0.000311s ]
[ 2023-02-14T16:06:02+08:00 ][ sql ] [ SQL ] UPDATE `gr_run_log`  SET `status`=1,`update_time`=1676361962  WHERE  `id` = 942 [ RunTime:0.000976s ]
[ 2023-02-14T16:06:29+08:00 ][ info ] [ LANG ] D:\phpstudy_pro\WWW\new_kefu_online\thinkphp\lang\zh-cn.php
[ info ] [ LOG ] INIT File
[ 2023-02-14T16:06:29+08:00 ][ info ] [ ROUTE ] array (
  'type' => 'module',
  'module' => 
  array (
    0 => 'scripts',
    1 => 'RoleNameBlockScripts',
    2 => 'run',
  ),
)
[ 2023-02-14T16:06:29+08:00 ][ info ] [ HEADER ] array (
)
[ 2023-02-14T16:06:29+08:00 ][ info ] [ PARAM ] array (
  'g' => 'scripts',
  'm' => 'RoleNameBlockScripts',
  'a' => 'run',
  'p' => 
  array (
    'action' => 'checkRoleName',
    'platform' => 'youyu',
  ),
)
[ 2023-02-14T16:06:29+08:00 ][ info ] [ CACHE ] INIT redis
[ 2023-02-14T16:06:29+08:00 ][ info ] [ RUN ] app\scripts\controller\RoleNameBlockScripts->run[ D:\phpstudy_pro\WWW\new_kefu_online\application\scripts\controller\RoleNameBlockScripts.php ]
[ 2023-02-14T16:06:29+08:00 ][ info ] [ DB ] INIT mysql
[ 2023-02-14T16:06:29+08:00 ][ sql ] [ DB ] CONNECT:[ UseTime:0.001011s ] mysql:host=127.0.0.1;port=3306;dbname=gr_chat;charset=utf8
[ 2023-02-14T16:06:29+08:00 ][ sql ] [ SQL ] SHOW COLUMNS FROM `gr_run_log` [ RunTime:0.000740s ]
[ 2023-02-14T16:06:29+08:00 ][ sql ] [ SQL ] INSERT INTO `gr_run_log` (`controller` , `action` , `input_param` , `add_time` , `update_time`) VALUES ('script_RoleNameBlockScripts' , 'checkRoleName' , '{\"action\":\"checkRoleName\",\"platform\":\"youyu\"}' , 1676361989 , 1676361989) [ RunTime:0.001132s ]
[ 2023-02-14T16:06:29+08:00 ][ info ] [ DB ] INIT mysql
[ 2023-02-14T16:06:29+08:00 ][ info ] [ DB ] INIT mysql
[ 2023-02-14T16:06:29+08:00 ][ info ] [ DB ] INIT mysql
[ 2023-02-14T16:06:38+08:00 ][ info ] [ LANG ] D:\phpstudy_pro\WWW\new_kefu_online\thinkphp\lang\zh-cn.php
[ info ] [ LOG ] INIT File
[ 2023-02-14T16:06:38+08:00 ][ info ] [ ROUTE ] array (
  'type' => 'module',
  'module' => 
  array (
    0 => 'scripts',
    1 => 'RoleNameBlockScripts',
    2 => 'run',
  ),
)
[ 2023-02-14T16:06:38+08:00 ][ info ] [ HEADER ] array (
)
[ 2023-02-14T16:06:38+08:00 ][ info ] [ PARAM ] array (
  'g' => 'scripts',
  'm' => 'RoleNameBlockScripts',
  'a' => 'run',
  'p' => 
  array (
    'action' => 'checkRoleName',
    'platform' => 'youyu',
  ),
)
[ 2023-02-14T16:06:38+08:00 ][ info ] [ CACHE ] INIT redis
[ 2023-02-14T16:06:38+08:00 ][ info ] [ RUN ] app\scripts\controller\RoleNameBlockScripts->run[ D:\phpstudy_pro\WWW\new_kefu_online\application\scripts\controller\RoleNameBlockScripts.php ]
[ 2023-02-14T16:06:38+08:00 ][ info ] [ DB ] INIT mysql
[ 2023-02-14T16:06:38+08:00 ][ sql ] [ DB ] CONNECT:[ UseTime:0.001051s ] mysql:host=127.0.0.1;port=3306;dbname=gr_chat;charset=utf8
[ 2023-02-14T16:06:38+08:00 ][ sql ] [ SQL ] SHOW COLUMNS FROM `gr_run_log` [ RunTime:0.000686s ]
[ 2023-02-14T16:06:38+08:00 ][ sql ] [ SQL ] INSERT INTO `gr_run_log` (`controller` , `action` , `input_param` , `add_time` , `update_time`) VALUES ('script_RoleNameBlockScripts' , 'checkRoleName' , '{\"action\":\"checkRoleName\",\"platform\":\"youyu\"}' , 1676361998 , 1676361998) [ RunTime:0.000938s ]
[ 2023-02-14T16:06:39+08:00 ][ info ] [ DB ] INIT mysql
[ 2023-02-14T16:06:39+08:00 ][ info ] [ DB ] INIT mysql
[ 2023-02-14T16:06:39+08:00 ][ info ] [ DB ] INIT mysql
[ 2023-02-14T16:06:48+08:00 ][ info ] [ LANG ] D:\phpstudy_pro\WWW\new_kefu_online\thinkphp\lang\zh-cn.php
[ info ] [ LOG ] INIT File
[ 2023-02-14T16:06:48+08:00 ][ info ] [ ROUTE ] array (
  'type' => 'module',
  'module' => 
  array (
    0 => 'scripts',
    1 => 'RoleNameBlockScripts',
    2 => 'run',
  ),
)
[ 2023-02-14T16:06:48+08:00 ][ info ] [ HEADER ] array (
)
[ 2023-02-14T16:06:48+08:00 ][ info ] [ PARAM ] array (
  'g' => 'scripts',
  'm' => 'RoleNameBlockScripts',
  'a' => 'run',
  'p' => 
  array (
    'action' => 'checkRoleName',
    'platform' => 'youyu',
  ),
)
[ 2023-02-14T16:06:48+08:00 ][ info ] [ CACHE ] INIT redis
[ 2023-02-14T16:06:48+08:00 ][ info ] [ RUN ] app\scripts\controller\RoleNameBlockScripts->run[ D:\phpstudy_pro\WWW\new_kefu_online\application\scripts\controller\RoleNameBlockScripts.php ]
[ 2023-02-14T16:06:48+08:00 ][ info ] [ DB ] INIT mysql
[ 2023-02-14T16:06:48+08:00 ][ sql ] [ DB ] CONNECT:[ UseTime:0.001173s ] mysql:host=127.0.0.1;port=3306;dbname=gr_chat;charset=utf8
[ 2023-02-14T16:06:48+08:00 ][ sql ] [ SQL ] SHOW COLUMNS FROM `gr_run_log` [ RunTime:0.000751s ]
[ 2023-02-14T16:06:48+08:00 ][ sql ] [ SQL ] INSERT INTO `gr_run_log` (`controller` , `action` , `input_param` , `add_time` , `update_time`) VALUES ('script_RoleNameBlockScripts' , 'checkRoleName' , '{\"action\":\"checkRoleName\",\"platform\":\"youyu\"}' , 1676362008 , 1676362008) [ RunTime:0.001046s ]
[ 2023-02-14T16:06:48+08:00 ][ info ] [ DB ] INIT mysql
[ 2023-02-14T16:06:48+08:00 ][ info ] [ DB ] INIT mysql
[ 2023-02-14T16:06:48+08:00 ][ info ] [ DB ] INIT mysql
[ 2023-02-14T16:07:01+08:00 ][ info ] [ LANG ] D:\phpstudy_pro\WWW\new_kefu_online\thinkphp\lang\zh-cn.php
[ info ] [ LOG ] INIT File
[ 2023-02-14T16:07:01+08:00 ][ info ] [ ROUTE ] array (
  'type' => 'module',
  'module' => 
  array (
    0 => 'scripts',
    1 => 'RoleNameBlockScripts',
    2 => 'run',
  ),
)
[ 2023-02-14T16:07:01+08:00 ][ info ] [ HEADER ] array (
)
[ 2023-02-14T16:07:01+08:00 ][ info ] [ PARAM ] array (
  'g' => 'scripts',
  'm' => 'RoleNameBlockScripts',
  'a' => 'run',
  'p' => 
  array (
    'action' => 'checkRoleName',
    'platform' => 'youyu',
  ),
)
[ 2023-02-14T16:07:01+08:00 ][ info ] [ CACHE ] INIT redis
[ 2023-02-14T16:07:01+08:00 ][ info ] [ RUN ] app\scripts\controller\RoleNameBlockScripts->run[ D:\phpstudy_pro\WWW\new_kefu_online\application\scripts\controller\RoleNameBlockScripts.php ]
[ 2023-02-14T16:07:01+08:00 ][ info ] [ DB ] INIT mysql
[ 2023-02-14T16:07:01+08:00 ][ sql ] [ DB ] CONNECT:[ UseTime:0.001052s ] mysql:host=127.0.0.1;port=3306;dbname=gr_chat;charset=utf8
[ 2023-02-14T16:07:01+08:00 ][ sql ] [ SQL ] SHOW COLUMNS FROM `gr_run_log` [ RunTime:0.000809s ]
[ 2023-02-14T16:07:01+08:00 ][ sql ] [ SQL ] INSERT INTO `gr_run_log` (`controller` , `action` , `input_param` , `add_time` , `update_time`) VALUES ('script_RoleNameBlockScripts' , 'checkRoleName' , '{\"action\":\"checkRoleName\",\"platform\":\"youyu\"}' , 1676362021 , 1676362021) [ RunTime:0.001135s ]
[ 2023-02-14T16:07:01+08:00 ][ info ] [ DB ] INIT mysql
[ 2023-02-14T16:07:01+08:00 ][ info ] [ DB ] INIT mysql
[ 2023-02-14T16:07:01+08:00 ][ info ] [ DB ] INIT mysql
[ 2023-02-14T16:07:24+08:00 ][ info ] [ LANG ] D:\phpstudy_pro\WWW\new_kefu_online\thinkphp\lang\zh-cn.php
[ info ] [ LOG ] INIT File
[ 2023-02-14T16:07:24+08:00 ][ info ] [ ROUTE ] array (
  'type' => 'module',
  'module' => 
  array (
    0 => 'scripts',
    1 => 'RoleNameBlockScripts',
    2 => 'run',
  ),
)
[ 2023-02-14T16:07:24+08:00 ][ info ] [ HEADER ] array (
)
[ 2023-02-14T16:07:24+08:00 ][ info ] [ PARAM ] array (
  'g' => 'scripts',
  'm' => 'RoleNameBlockScripts',
  'a' => 'run',
  'p' => 
  array (
    'action' => 'checkRoleName',
    'platform' => 'youyu',
  ),
)
[ 2023-02-14T16:07:24+08:00 ][ info ] [ CACHE ] INIT redis
[ 2023-02-14T16:07:24+08:00 ][ info ] [ RUN ] app\scripts\controller\RoleNameBlockScripts->run[ D:\phpstudy_pro\WWW\new_kefu_online\application\scripts\controller\RoleNameBlockScripts.php ]
[ 2023-02-14T16:07:24+08:00 ][ info ] [ DB ] INIT mysql
[ 2023-02-14T16:07:24+08:00 ][ sql ] [ DB ] CONNECT:[ UseTime:0.001184s ] mysql:host=127.0.0.1;port=3306;dbname=gr_chat;charset=utf8
[ 2023-02-14T16:07:24+08:00 ][ sql ] [ SQL ] SHOW COLUMNS FROM `gr_run_log` [ RunTime:0.000763s ]
[ 2023-02-14T16:07:24+08:00 ][ sql ] [ SQL ] INSERT INTO `gr_run_log` (`controller` , `action` , `input_param` , `add_time` , `update_time`) VALUES ('script_RoleNameBlockScripts' , 'checkRoleName' , '{\"action\":\"checkRoleName\",\"platform\":\"youyu\"}' , 1676362044 , 1676362044) [ RunTime:0.001823s ]
[ 2023-02-14T16:07:24+08:00 ][ info ] [ DB ] INIT mysql
[ 2023-02-14T16:07:24+08:00 ][ info ] [ DB ] INIT mysql
[ 2023-02-14T16:07:24+08:00 ][ info ] [ DB ] INIT mysql
[ 2023-02-14T16:07:24+08:00 ][ sql ] [ SQL ] SELECT * FROM `gr_run_log` WHERE  `id` = 947 LIMIT 1 [ RunTime:0.000359s ]
[ 2023-02-14T16:07:24+08:00 ][ sql ] [ SQL ] UPDATE `gr_run_log`  SET `status`=1,`update_time`=1676362044  WHERE  `id` = 947 [ RunTime:0.001167s ]
[ 2023-02-14T16:07:36+08:00 ][ info ] [ LANG ] D:\phpstudy_pro\WWW\new_kefu_online\thinkphp\lang\zh-cn.php
[ info ] [ LOG ] INIT File
[ 2023-02-14T16:07:36+08:00 ][ info ] [ ROUTE ] array (
  'type' => 'module',
  'module' => 
  array (
    0 => 'scripts',
    1 => 'RoleNameBlockScripts',
    2 => 'run',
  ),
)
[ 2023-02-14T16:07:36+08:00 ][ info ] [ HEADER ] array (
)
[ 2023-02-14T16:07:36+08:00 ][ info ] [ PARAM ] array (
  'g' => 'scripts',
  'm' => 'RoleNameBlockScripts',
  'a' => 'run',
  'p' => 
  array (
    'action' => 'checkRoleName',
    'platform' => 'youyu',
  ),
)
[ 2023-02-14T16:07:36+08:00 ][ info ] [ CACHE ] INIT redis
[ 2023-02-14T16:07:36+08:00 ][ info ] [ RUN ] app\scripts\controller\RoleNameBlockScripts->run[ D:\phpstudy_pro\WWW\new_kefu_online\application\scripts\controller\RoleNameBlockScripts.php ]
[ 2023-02-14T16:07:36+08:00 ][ info ] [ DB ] INIT mysql
[ 2023-02-14T16:07:36+08:00 ][ sql ] [ DB ] CONNECT:[ UseTime:0.011191s ] mysql:host=127.0.0.1;port=3306;dbname=gr_chat;charset=utf8
[ 2023-02-14T16:07:36+08:00 ][ sql ] [ SQL ] SHOW COLUMNS FROM `gr_run_log` [ RunTime:0.000693s ]
[ 2023-02-14T16:07:36+08:00 ][ sql ] [ SQL ] INSERT INTO `gr_run_log` (`controller` , `action` , `input_param` , `add_time` , `update_time`) VALUES ('script_RoleNameBlockScripts' , 'checkRoleName' , '{\"action\":\"checkRoleName\",\"platform\":\"youyu\"}' , 1676362056 , 1676362056) [ RunTime:0.001111s ]
[ 2023-02-14T16:07:36+08:00 ][ info ] [ DB ] INIT mysql
[ 2023-02-14T16:07:49+08:00 ][ info ] [ LANG ] D:\phpstudy_pro\WWW\new_kefu_online\thinkphp\lang\zh-cn.php
[ info ] [ LOG ] INIT File
[ 2023-02-14T16:07:49+08:00 ][ info ] [ ROUTE ] array (
  'type' => 'module',
  'module' => 
  array (
    0 => 'scripts',
    1 => 'RoleNameBlockScripts',
    2 => 'run',
  ),
)
[ 2023-02-14T16:07:49+08:00 ][ info ] [ HEADER ] array (
)
[ 2023-02-14T16:07:49+08:00 ][ info ] [ PARAM ] array (
  'g' => 'scripts',
  'm' => 'RoleNameBlockScripts',
  'a' => 'run',
  'p' => 
  array (
    'action' => 'checkRoleName',
    'platform' => 'youyu',
  ),
)
[ 2023-02-14T16:07:49+08:00 ][ info ] [ CACHE ] INIT redis
[ 2023-02-14T16:07:49+08:00 ][ info ] [ RUN ] app\scripts\controller\RoleNameBlockScripts->run[ D:\phpstudy_pro\WWW\new_kefu_online\application\scripts\controller\RoleNameBlockScripts.php ]
[ 2023-02-14T16:07:49+08:00 ][ info ] [ DB ] INIT mysql
[ 2023-02-14T16:07:49+08:00 ][ sql ] [ DB ] CONNECT:[ UseTime:0.001038s ] mysql:host=127.0.0.1;port=3306;dbname=gr_chat;charset=utf8
[ 2023-02-14T16:07:49+08:00 ][ sql ] [ SQL ] SHOW COLUMNS FROM `gr_run_log` [ RunTime:0.000822s ]
[ 2023-02-14T16:07:49+08:00 ][ sql ] [ SQL ] INSERT INTO `gr_run_log` (`controller` , `action` , `input_param` , `add_time` , `update_time`) VALUES ('script_RoleNameBlockScripts' , 'checkRoleName' , '{\"action\":\"checkRoleName\",\"platform\":\"youyu\"}' , 1676362069 , 1676362069) [ RunTime:0.001102s ]
[ 2023-02-14T16:07:49+08:00 ][ info ] [ DB ] INIT mysql
[ 2023-02-14T16:07:49+08:00 ][ info ] [ DB ] INIT mysql
[ 2023-02-14T16:07:49+08:00 ][ info ] [ DB ] INIT mysql
[ 2023-02-14T16:07:49+08:00 ][ sql ] [ SQL ] SELECT * FROM `gr_run_log` WHERE  `id` = 949 LIMIT 1 [ RunTime:0.000280s ]
[ 2023-02-14T16:07:49+08:00 ][ sql ] [ SQL ] UPDATE `gr_run_log`  SET `status`=1,`update_time`=1676362069  WHERE  `id` = 949 [ RunTime:0.000852s ]
[ 2023-02-14T16:08:04+08:00 ][ info ] [ LANG ] D:\phpstudy_pro\WWW\new_kefu_online\thinkphp\lang\zh-cn.php
[ info ] [ LOG ] INIT File
[ 2023-02-14T16:08:04+08:00 ][ info ] [ ROUTE ] array (
  'type' => 'module',
  'module' => 
  array (
    0 => 'scripts',
    1 => 'RoleNameBlockScripts',
    2 => 'run',
  ),
)
[ 2023-02-14T16:08:04+08:00 ][ info ] [ HEADER ] array (
)
[ 2023-02-14T16:08:04+08:00 ][ info ] [ PARAM ] array (
  'g' => 'scripts',
  'm' => 'RoleNameBlockScripts',
  'a' => 'run',
  'p' => 
  array (
    'action' => 'checkRoleName',
    'platform' => 'youyu',
  ),
)
[ 2023-02-14T16:08:04+08:00 ][ info ] [ CACHE ] INIT redis
[ 2023-02-14T16:08:04+08:00 ][ info ] [ RUN ] app\scripts\controller\RoleNameBlockScripts->run[ D:\phpstudy_pro\WWW\new_kefu_online\application\scripts\controller\RoleNameBlockScripts.php ]
[ 2023-02-14T16:08:04+08:00 ][ info ] [ DB ] INIT mysql
[ 2023-02-14T16:08:04+08:00 ][ sql ] [ DB ] CONNECT:[ UseTime:0.010916s ] mysql:host=127.0.0.1;port=3306;dbname=gr_chat;charset=utf8
[ 2023-02-14T16:08:04+08:00 ][ sql ] [ SQL ] SHOW COLUMNS FROM `gr_run_log` [ RunTime:0.000692s ]
[ 2023-02-14T16:08:04+08:00 ][ sql ] [ SQL ] INSERT INTO `gr_run_log` (`controller` , `action` , `input_param` , `add_time` , `update_time`) VALUES ('script_RoleNameBlockScripts' , 'checkRoleName' , '{\"action\":\"checkRoleName\",\"platform\":\"youyu\"}' , 1676362084 , 1676362084) [ RunTime:0.000950s ]
[ 2023-02-14T16:08:04+08:00 ][ info ] [ DB ] INIT mysql
[ 2023-02-14T16:08:04+08:00 ][ info ] [ DB ] INIT mysql
[ 2023-02-14T16:08:04+08:00 ][ info ] [ DB ] INIT mysql
[ 2023-02-14T16:08:18+08:00 ][ info ] [ LANG ] D:\phpstudy_pro\WWW\new_kefu_online\thinkphp\lang\zh-cn.php
[ info ] [ LOG ] INIT File
[ 2023-02-14T16:08:18+08:00 ][ info ] [ ROUTE ] array (
  'type' => 'module',
  'module' => 
  array (
    0 => 'scripts',
    1 => 'RoleNameBlockScripts',
    2 => 'run',
  ),
)
[ 2023-02-14T16:08:18+08:00 ][ info ] [ HEADER ] array (
)
[ 2023-02-14T16:08:18+08:00 ][ info ] [ PARAM ] array (
  'g' => 'scripts',
  'm' => 'RoleNameBlockScripts',
  'a' => 'run',
  'p' => 
  array (
    'action' => 'checkRoleName',
    'platform' => 'youyu',
  ),
)
[ 2023-02-14T16:08:18+08:00 ][ info ] [ CACHE ] INIT redis
[ 2023-02-14T16:08:18+08:00 ][ info ] [ RUN ] app\scripts\controller\RoleNameBlockScripts->run[ D:\phpstudy_pro\WWW\new_kefu_online\application\scripts\controller\RoleNameBlockScripts.php ]
[ 2023-02-14T16:08:18+08:00 ][ info ] [ DB ] INIT mysql
[ 2023-02-14T16:08:18+08:00 ][ sql ] [ DB ] CONNECT:[ UseTime:0.001006s ] mysql:host=127.0.0.1;port=3306;dbname=gr_chat;charset=utf8
[ 2023-02-14T16:08:18+08:00 ][ sql ] [ SQL ] SHOW COLUMNS FROM `gr_run_log` [ RunTime:0.000694s ]
[ 2023-02-14T16:08:18+08:00 ][ sql ] [ SQL ] INSERT INTO `gr_run_log` (`controller` , `action` , `input_param` , `add_time` , `update_time`) VALUES ('script_RoleNameBlockScripts' , 'checkRoleName' , '{\"action\":\"checkRoleName\",\"platform\":\"youyu\"}' , 1676362098 , 1676362098) [ RunTime:0.000843s ]
[ 2023-02-14T16:08:18+08:00 ][ info ] [ DB ] INIT mysql
[ 2023-02-14T16:08:18+08:00 ][ info ] [ DB ] INIT mysql
[ 2023-02-14T16:08:18+08:00 ][ info ] [ DB ] INIT mysql
[ 2023-02-14T16:08:22+08:00 ][ info ] [ LANG ] D:\phpstudy_pro\WWW\new_kefu_online\thinkphp\lang\zh-cn.php
[ info ] [ LOG ] INIT File
[ 2023-02-14T16:08:22+08:00 ][ info ] [ ROUTE ] array (
  'type' => 'module',
  'module' => 
  array (
    0 => 'scripts',
    1 => 'RoleNameBlockScripts',
    2 => 'run',
  ),
)
[ 2023-02-14T16:08:22+08:00 ][ info ] [ HEADER ] array (
)
[ 2023-02-14T16:08:22+08:00 ][ info ] [ PARAM ] array (
  'g' => 'scripts',
  'm' => 'RoleNameBlockScripts',
  'a' => 'run',
  'p' => 
  array (
    'action' => 'checkRoleName',
    'platform' => 'youyu',
  ),
)
[ 2023-02-14T16:08:22+08:00 ][ info ] [ CACHE ] INIT redis
[ 2023-02-14T16:08:22+08:00 ][ info ] [ RUN ] app\scripts\controller\RoleNameBlockScripts->run[ D:\phpstudy_pro\WWW\new_kefu_online\application\scripts\controller\RoleNameBlockScripts.php ]
[ 2023-02-14T16:08:22+08:00 ][ info ] [ DB ] INIT mysql
[ 2023-02-14T16:08:22+08:00 ][ sql ] [ DB ] CONNECT:[ UseTime:0.001027s ] mysql:host=127.0.0.1;port=3306;dbname=gr_chat;charset=utf8
[ 2023-02-14T16:08:22+08:00 ][ sql ] [ SQL ] SHOW COLUMNS FROM `gr_run_log` [ RunTime:0.000673s ]
[ 2023-02-14T16:08:22+08:00 ][ sql ] [ SQL ] INSERT INTO `gr_run_log` (`controller` , `action` , `input_param` , `add_time` , `update_time`) VALUES ('script_RoleNameBlockScripts' , 'checkRoleName' , '{\"action\":\"checkRoleName\",\"platform\":\"youyu\"}' , 1676362102 , 1676362102) [ RunTime:0.000847s ]
[ 2023-02-14T16:08:22+08:00 ][ info ] [ DB ] INIT mysql
[ 2023-02-14T16:08:22+08:00 ][ info ] [ DB ] INIT mysql
[ 2023-02-14T16:08:22+08:00 ][ info ] [ DB ] INIT mysql
[ 2023-02-14T16:08:31+08:00 ][ info ] [ LANG ] D:\phpstudy_pro\WWW\new_kefu_online\thinkphp\lang\zh-cn.php
[ info ] [ LOG ] INIT File
[ 2023-02-14T16:08:31+08:00 ][ info ] [ ROUTE ] array (
  'type' => 'module',
  'module' => 
  array (
    0 => 'scripts',
    1 => 'RoleNameBlockScripts',
    2 => 'run',
  ),
)
[ 2023-02-14T16:08:31+08:00 ][ info ] [ HEADER ] array (
)
[ 2023-02-14T16:08:31+08:00 ][ info ] [ PARAM ] array (
  'g' => 'scripts',
  'm' => 'RoleNameBlockScripts',
  'a' => 'run',
  'p' => 
  array (
    'action' => 'checkRoleName',
    'platform' => 'youyu',
  ),
)
[ 2023-02-14T16:08:31+08:00 ][ info ] [ CACHE ] INIT redis
[ 2023-02-14T16:08:31+08:00 ][ info ] [ RUN ] app\scripts\controller\RoleNameBlockScripts->run[ D:\phpstudy_pro\WWW\new_kefu_online\application\scripts\controller\RoleNameBlockScripts.php ]
[ 2023-02-14T16:08:31+08:00 ][ info ] [ DB ] INIT mysql
[ 2023-02-14T16:08:31+08:00 ][ sql ] [ DB ] CONNECT:[ UseTime:0.000984s ] mysql:host=127.0.0.1;port=3306;dbname=gr_chat;charset=utf8
[ 2023-02-14T16:08:31+08:00 ][ sql ] [ SQL ] SHOW COLUMNS FROM `gr_run_log` [ RunTime:0.000652s ]
[ 2023-02-14T16:08:31+08:00 ][ sql ] [ SQL ] INSERT INTO `gr_run_log` (`controller` , `action` , `input_param` , `add_time` , `update_time`) VALUES ('script_RoleNameBlockScripts' , 'checkRoleName' , '{\"action\":\"checkRoleName\",\"platform\":\"youyu\"}' , 1676362111 , 1676362111) [ RunTime:0.000959s ]
[ 2023-02-14T16:08:31+08:00 ][ info ] [ DB ] INIT mysql
[ 2023-02-14T16:08:31+08:00 ][ info ] [ DB ] INIT mysql
[ 2023-02-14T16:08:31+08:00 ][ info ] [ DB ] INIT mysql
[ 2023-02-14T16:08:45+08:00 ][ info ] [ LANG ] D:\phpstudy_pro\WWW\new_kefu_online\thinkphp\lang\zh-cn.php
[ info ] [ LOG ] INIT File
[ 2023-02-14T16:08:45+08:00 ][ info ] [ ROUTE ] array (
  'type' => 'module',
  'module' => 
  array (
    0 => 'scripts',
    1 => 'RoleNameBlockScripts',
    2 => 'run',
  ),
)
[ 2023-02-14T16:08:45+08:00 ][ info ] [ HEADER ] array (
)
[ 2023-02-14T16:08:45+08:00 ][ info ] [ PARAM ] array (
  'g' => 'scripts',
  'm' => 'RoleNameBlockScripts',
  'a' => 'run',
  'p' => 
  array (
    'action' => 'checkRoleName',
    'platform' => 'youyu',
  ),
)
[ 2023-02-14T16:08:45+08:00 ][ info ] [ CACHE ] INIT redis
[ 2023-02-14T16:08:45+08:00 ][ info ] [ RUN ] app\scripts\controller\RoleNameBlockScripts->run[ D:\phpstudy_pro\WWW\new_kefu_online\application\scripts\controller\RoleNameBlockScripts.php ]
[ 2023-02-14T16:08:45+08:00 ][ info ] [ DB ] INIT mysql
[ 2023-02-14T16:08:45+08:00 ][ sql ] [ DB ] CONNECT:[ UseTime:0.001140s ] mysql:host=127.0.0.1;port=3306;dbname=gr_chat;charset=utf8
[ 2023-02-14T16:08:45+08:00 ][ sql ] [ SQL ] SHOW COLUMNS FROM `gr_run_log` [ RunTime:0.000723s ]
[ 2023-02-14T16:08:45+08:00 ][ sql ] [ SQL ] INSERT INTO `gr_run_log` (`controller` , `action` , `input_param` , `add_time` , `update_time`) VALUES ('script_RoleNameBlockScripts' , 'checkRoleName' , '{\"action\":\"checkRoleName\",\"platform\":\"youyu\"}' , 1676362125 , 1676362125) [ RunTime:0.001173s ]
[ 2023-02-14T16:08:45+08:00 ][ info ] [ DB ] INIT mysql
[ 2023-02-14T16:08:45+08:00 ][ info ] [ DB ] INIT mysql
[ 2023-02-14T16:08:45+08:00 ][ info ] [ DB ] INIT mysql
[ 2023-02-14T16:08:45+08:00 ][ sql ] [ SQL ] SELECT * FROM `gr_run_log` WHERE  `id` = 954 LIMIT 1 [ RunTime:0.000258s ]
[ 2023-02-14T16:08:45+08:00 ][ sql ] [ SQL ] UPDATE `gr_run_log`  SET `status`=1,`update_time`=1676362125  WHERE  `id` = 954 [ RunTime:0.000777s ]
[ 2023-02-14T16:08:58+08:00 ][ info ] [ LANG ] D:\phpstudy_pro\WWW\new_kefu_online\thinkphp\lang\zh-cn.php
[ info ] [ LOG ] INIT File
[ 2023-02-14T16:08:58+08:00 ][ info ] [ ROUTE ] array (
  'type' => 'module',
  'module' => 
  array (
    0 => 'scripts',
    1 => 'RoleNameBlockScripts',
    2 => 'run',
  ),
)
[ 2023-02-14T16:08:58+08:00 ][ info ] [ HEADER ] array (
)
[ 2023-02-14T16:08:58+08:00 ][ info ] [ PARAM ] array (
  'g' => 'scripts',
  'm' => 'RoleNameBlockScripts',
  'a' => 'run',
  'p' => 
  array (
    'action' => 'checkRoleName',
    'platform' => 'youyu',
  ),
)
[ 2023-02-14T16:08:58+08:00 ][ info ] [ CACHE ] INIT redis
[ 2023-02-14T16:08:58+08:00 ][ info ] [ RUN ] app\scripts\controller\RoleNameBlockScripts->run[ D:\phpstudy_pro\WWW\new_kefu_online\application\scripts\controller\RoleNameBlockScripts.php ]
[ 2023-02-14T16:08:58+08:00 ][ info ] [ DB ] INIT mysql
[ 2023-02-14T16:08:58+08:00 ][ sql ] [ DB ] CONNECT:[ UseTime:0.001006s ] mysql:host=127.0.0.1;port=3306;dbname=gr_chat;charset=utf8
[ 2023-02-14T16:08:58+08:00 ][ sql ] [ SQL ] SHOW COLUMNS FROM `gr_run_log` [ RunTime:0.000647s ]
[ 2023-02-14T16:08:58+08:00 ][ sql ] [ SQL ] INSERT INTO `gr_run_log` (`controller` , `action` , `input_param` , `add_time` , `update_time`) VALUES ('script_RoleNameBlockScripts' , 'checkRoleName' , '{\"action\":\"checkRoleName\",\"platform\":\"youyu\"}' , 1676362138 , 1676362138) [ RunTime:0.000791s ]
[ 2023-02-14T16:08:58+08:00 ][ info ] [ DB ] INIT mysql
[ 2023-02-14T16:08:58+08:00 ][ info ] [ DB ] INIT mysql
[ 2023-02-14T16:08:58+08:00 ][ info ] [ DB ] INIT mysql
[ 2023-02-14T16:09:15+08:00 ][ info ] [ LANG ] D:\phpstudy_pro\WWW\new_kefu_online\thinkphp\lang\zh-cn.php
[ info ] [ LOG ] INIT File
[ 2023-02-14T16:09:15+08:00 ][ info ] [ ROUTE ] array (
  'type' => 'module',
  'module' => 
  array (
    0 => 'scripts',
    1 => 'RoleNameBlockScripts',
    2 => 'run',
  ),
)
[ 2023-02-14T16:09:15+08:00 ][ info ] [ HEADER ] array (
)
[ 2023-02-14T16:09:15+08:00 ][ info ] [ PARAM ] array (
  'g' => 'scripts',
  'm' => 'RoleNameBlockScripts',
  'a' => 'run',
  'p' => 
  array (
    'action' => 'checkRoleName',
    'platform' => 'youyu',
  ),
)
[ 2023-02-14T16:09:15+08:00 ][ info ] [ CACHE ] INIT redis
[ 2023-02-14T16:09:15+08:00 ][ info ] [ RUN ] app\scripts\controller\RoleNameBlockScripts->run[ D:\phpstudy_pro\WWW\new_kefu_online\application\scripts\controller\RoleNameBlockScripts.php ]
[ 2023-02-14T16:09:15+08:00 ][ info ] [ DB ] INIT mysql
[ 2023-02-14T16:09:15+08:00 ][ sql ] [ DB ] CONNECT:[ UseTime:0.000947s ] mysql:host=127.0.0.1;port=3306;dbname=gr_chat;charset=utf8
[ 2023-02-14T16:09:15+08:00 ][ sql ] [ SQL ] SHOW COLUMNS FROM `gr_run_log` [ RunTime:0.000608s ]
[ 2023-02-14T16:09:15+08:00 ][ sql ] [ SQL ] INSERT INTO `gr_run_log` (`controller` , `action` , `input_param` , `add_time` , `update_time`) VALUES ('script_RoleNameBlockScripts' , 'checkRoleName' , '{\"action\":\"checkRoleName\",\"platform\":\"youyu\"}' , 1676362155 , 1676362155) [ RunTime:0.001122s ]
[ 2023-02-14T16:09:15+08:00 ][ info ] [ DB ] INIT mysql
[ 2023-02-14T16:09:15+08:00 ][ info ] [ DB ] INIT mysql
[ 2023-02-14T16:09:15+08:00 ][ info ] [ DB ] INIT mysql
[ 2023-02-14T16:13:28+08:00 ][ info ] [ LANG ] D:\phpstudy_pro\WWW\new_kefu_online\thinkphp\lang\zh-cn.php
[ info ] [ LOG ] INIT File
[ 2023-02-14T16:13:28+08:00 ][ info ] [ ROUTE ] array (
  'type' => 'module',
  'module' => 
  array (
    0 => 'scripts',
    1 => 'RoleNameBlockScripts',
    2 => 'run',
  ),
)
[ 2023-02-14T16:13:28+08:00 ][ info ] [ HEADER ] array (
)
[ 2023-02-14T16:13:28+08:00 ][ info ] [ PARAM ] array (
  'g' => 'scripts',
  'm' => 'RoleNameBlockScripts',
  'a' => 'run',
  'p' => 
  array (
    'action' => 'checkRoleName',
    'platform' => 'youyu',
  ),
)
[ 2023-02-14T16:13:28+08:00 ][ info ] [ CACHE ] INIT redis
[ 2023-02-14T16:13:28+08:00 ][ info ] [ RUN ] app\scripts\controller\RoleNameBlockScripts->run[ D:\phpstudy_pro\WWW\new_kefu_online\application\scripts\controller\RoleNameBlockScripts.php ]
[ 2023-02-14T16:13:28+08:00 ][ info ] [ DB ] INIT mysql
[ 2023-02-14T16:13:28+08:00 ][ sql ] [ DB ] CONNECT:[ UseTime:0.000976s ] mysql:host=127.0.0.1;port=3306;dbname=gr_chat;charset=utf8
[ 2023-02-14T16:13:28+08:00 ][ sql ] [ SQL ] SHOW COLUMNS FROM `gr_run_log` [ RunTime:0.000683s ]
[ 2023-02-14T16:13:28+08:00 ][ sql ] [ SQL ] INSERT INTO `gr_run_log` (`controller` , `action` , `input_param` , `add_time` , `update_time`) VALUES ('script_RoleNameBlockScripts' , 'checkRoleName' , '{\"action\":\"checkRoleName\",\"platform\":\"youyu\"}' , 1676362408 , 1676362408) [ RunTime:0.000865s ]
[ 2023-02-14T16:13:28+08:00 ][ info ] [ DB ] INIT mysql
[ 2023-02-14T16:13:28+08:00 ][ info ] [ DB ] INIT mysql
[ 2023-02-14T16:13:28+08:00 ][ info ] [ DB ] INIT mysql
[ 2023-02-14T16:13:28+08:00 ][ sql ] [ SQL ] SELECT * FROM `gr_run_log` WHERE  `id` = 957 LIMIT 1 [ RunTime:0.000254s ]
[ 2023-02-14T16:13:28+08:00 ][ sql ] [ SQL ] UPDATE `gr_run_log`  SET `status`=1,`update_time`=1676362408  WHERE  `id` = 957 [ RunTime:0.000874s ]
[ 2023-02-14T16:13:54+08:00 ][ info ] [ LANG ] D:\phpstudy_pro\WWW\new_kefu_online\thinkphp\lang\zh-cn.php
[ info ] [ LOG ] INIT File
[ 2023-02-14T16:13:54+08:00 ][ info ] [ ROUTE ] array (
  'type' => 'module',
  'module' => 
  array (
    0 => 'scripts',
    1 => 'RoleNameBlockScripts',
    2 => 'run',
  ),
)
[ 2023-02-14T16:13:54+08:00 ][ info ] [ HEADER ] array (
)
[ 2023-02-14T16:13:54+08:00 ][ info ] [ PARAM ] array (
  'g' => 'scripts',
  'm' => 'RoleNameBlockScripts',
  'a' => 'run',
  'p' => 
  array (
    'action' => 'checkRoleName',
    'platform' => 'youyu',
  ),
)
[ 2023-02-14T16:13:54+08:00 ][ info ] [ CACHE ] INIT redis
[ 2023-02-14T16:13:54+08:00 ][ info ] [ RUN ] app\scripts\controller\RoleNameBlockScripts->run[ D:\phpstudy_pro\WWW\new_kefu_online\application\scripts\controller\RoleNameBlockScripts.php ]
[ 2023-02-14T16:13:54+08:00 ][ info ] [ DB ] INIT mysql
[ 2023-02-14T16:13:54+08:00 ][ sql ] [ DB ] CONNECT:[ UseTime:0.000989s ] mysql:host=127.0.0.1;port=3306;dbname=gr_chat;charset=utf8
[ 2023-02-14T16:13:54+08:00 ][ sql ] [ SQL ] SHOW COLUMNS FROM `gr_run_log` [ RunTime:0.000632s ]
[ 2023-02-14T16:13:54+08:00 ][ sql ] [ SQL ] INSERT INTO `gr_run_log` (`controller` , `action` , `input_param` , `add_time` , `update_time`) VALUES ('script_RoleNameBlockScripts' , 'checkRoleName' , '{\"action\":\"checkRoleName\",\"platform\":\"youyu\"}' , 1676362434 , 1676362434) [ RunTime:0.001426s ]
[ 2023-02-14T16:13:54+08:00 ][ info ] [ DB ] INIT mysql
[ 2023-02-14T16:13:54+08:00 ][ info ] [ DB ] INIT mysql
[ 2023-02-14T16:13:54+08:00 ][ info ] [ DB ] INIT mysql
[ 2023-02-14T16:13:54+08:00 ][ sql ] [ SQL ] SELECT * FROM `gr_run_log` WHERE  `id` = 958 LIMIT 1 [ RunTime:0.000257s ]
[ 2023-02-14T16:13:54+08:00 ][ sql ] [ SQL ] UPDATE `gr_run_log`  SET `status`=1,`update_time`=1676362434  WHERE  `id` = 958 [ RunTime:0.000779s ]
[ 2023-02-14T16:14:23+08:00 ][ info ] [ LANG ] D:\phpstudy_pro\WWW\new_kefu_online\thinkphp\lang\zh-cn.php
[ info ] [ LOG ] INIT File
[ 2023-02-14T16:14:23+08:00 ][ info ] [ ROUTE ] array (
  'type' => 'module',
  'module' => 
  array (
    0 => 'scripts',
    1 => 'RoleNameBlockScripts',
    2 => 'run',
  ),
)
[ 2023-02-14T16:14:23+08:00 ][ info ] [ HEADER ] array (
)
[ 2023-02-14T16:14:23+08:00 ][ info ] [ PARAM ] array (
  'g' => 'scripts',
  'm' => 'RoleNameBlockScripts',
  'a' => 'run',
  'p' => 
  array (
    'action' => 'checkRoleName',
    'platform' => 'youyu',
  ),
)
[ 2023-02-14T16:14:23+08:00 ][ info ] [ CACHE ] INIT redis
[ 2023-02-14T16:14:23+08:00 ][ info ] [ RUN ] app\scripts\controller\RoleNameBlockScripts->run[ D:\phpstudy_pro\WWW\new_kefu_online\application\scripts\controller\RoleNameBlockScripts.php ]
[ 2023-02-14T16:14:23+08:00 ][ info ] [ DB ] INIT mysql
[ 2023-02-14T16:14:23+08:00 ][ sql ] [ DB ] CONNECT:[ UseTime:0.011043s ] mysql:host=127.0.0.1;port=3306;dbname=gr_chat;charset=utf8
[ 2023-02-14T16:14:23+08:00 ][ sql ] [ SQL ] SHOW COLUMNS FROM `gr_run_log` [ RunTime:0.000716s ]
[ 2023-02-14T16:14:23+08:00 ][ sql ] [ SQL ] INSERT INTO `gr_run_log` (`controller` , `action` , `input_param` , `add_time` , `update_time`) VALUES ('script_RoleNameBlockScripts' , 'checkRoleName' , '{\"action\":\"checkRoleName\",\"platform\":\"youyu\"}' , 1676362463 , 1676362463) [ RunTime:0.000920s ]
[ 2023-02-14T16:14:23+08:00 ][ info ] [ DB ] INIT mysql
[ 2023-02-14T16:14:23+08:00 ][ info ] [ DB ] INIT mysql
[ 2023-02-14T16:14:23+08:00 ][ info ] [ DB ] INIT mysql
[ 2023-02-14T16:14:23+08:00 ][ sql ] [ SQL ] SELECT * FROM `gr_run_log` WHERE  `id` = 959 LIMIT 1 [ RunTime:0.000294s ]
[ 2023-02-14T16:14:23+08:00 ][ sql ] [ SQL ] UPDATE `gr_run_log`  SET `status`=1,`update_time`=1676362463  WHERE  `id` = 959 [ RunTime:0.000818s ]
[ 2023-02-14T16:16:14+08:00 ][ info ] [ LANG ] D:\phpstudy_pro\WWW\new_kefu_online\thinkphp\lang\zh-cn.php
[ info ] [ LOG ] INIT File
[ 2023-02-14T16:16:14+08:00 ][ info ] [ ROUTE ] array (
  'type' => 'module',
  'module' => 
  array (
    0 => 'scripts',
    1 => 'RoleNameBlockScripts',
    2 => 'run',
  ),
)
[ 2023-02-14T16:16:14+08:00 ][ info ] [ HEADER ] array (
)
[ 2023-02-14T16:16:14+08:00 ][ info ] [ PARAM ] array (
  'g' => 'scripts',
  'm' => 'RoleNameBlockScripts',
  'a' => 'run',
  'p' => 
  array (
    'action' => 'checkRoleName',
    'platform' => 'youyu',
  ),
)
[ 2023-02-14T16:16:14+08:00 ][ info ] [ CACHE ] INIT redis
[ 2023-02-14T16:16:14+08:00 ][ info ] [ RUN ] app\scripts\controller\RoleNameBlockScripts->run[ D:\phpstudy_pro\WWW\new_kefu_online\application\scripts\controller\RoleNameBlockScripts.php ]
[ 2023-02-14T16:16:14+08:00 ][ info ] [ DB ] INIT mysql
[ 2023-02-14T16:16:14+08:00 ][ sql ] [ DB ] CONNECT:[ UseTime:0.001062s ] mysql:host=127.0.0.1;port=3306;dbname=gr_chat;charset=utf8
[ 2023-02-14T16:16:14+08:00 ][ sql ] [ SQL ] SHOW COLUMNS FROM `gr_run_log` [ RunTime:0.000699s ]
[ 2023-02-14T16:16:14+08:00 ][ sql ] [ SQL ] INSERT INTO `gr_run_log` (`controller` , `action` , `input_param` , `add_time` , `update_time`) VALUES ('script_RoleNameBlockScripts' , 'checkRoleName' , '{\"action\":\"checkRoleName\",\"platform\":\"youyu\"}' , 1676362574 , 1676362574) [ RunTime:0.001232s ]
[ 2023-02-14T16:16:14+08:00 ][ info ] [ DB ] INIT mysql
[ 2023-02-14T16:16:14+08:00 ][ info ] [ DB ] INIT mysql
[ 2023-02-14T16:16:14+08:00 ][ info ] [ DB ] INIT mysql
[ 2023-02-14T16:16:14+08:00 ][ sql ] [ SQL ] SELECT * FROM `gr_run_log` WHERE  `id` = 960 LIMIT 1 [ RunTime:0.000305s ]
[ 2023-02-14T16:16:14+08:00 ][ sql ] [ SQL ] UPDATE `gr_run_log`  SET `status`=1,`update_time`=1676362574  WHERE  `id` = 960 [ RunTime:0.000854s ]
