---------------------------------------------------------------
[ 2023-02-21T10:14:34+08:00 ] 127.0.0.1 POST api.newkefu.com/admin/Sysmanage/gameList
[运行时间：0.278133s] [吞吐率：3.60req/s] [内存消耗：5,143.25kb] [文件加载：202]
[ info ] [ LANG ] D:\phpstudy_pro\WWW\new_kefu_online\thinkphp\lang\zh-cn.php
[ info ] [ ROUTE ] array (
  'type' => 'module',
  'module' => 
  array (
    0 => 'admin',
    1 => 'Sysmanage',
    2 => 'gameList',
  ),
)
[ info ] [ HEADER ] array (
  'cache-control' => 'no-cache',
  'pragma' => 'no-cache',
  'referer' => 'http://www.newkefu.com/',
  'connection' => 'close',
  'origin' => 'http://www.newkefu.com',
  'content-length' => '15',
  'platform' => 'youyu',
  'token' => 'eyJ0eXAiOiJKV1QiLCJhbGciOiJIUzI1NiIsImp0aSI6ImxYWGluZyJ9.eyJpc3MiOiJhcGkubmV3a2VmdS5jb20iLCJqdGkiOiJsWFhpbmciLCJpYXQiOjE2NzYzNDU5NDEsImV4cCI6MTY3ODkzNzk0MSwidWlkIjoxNDN9.l4xw9kc1eoiIXq6Hvd2mqxmf0AE3TRPy5zYdvnjntI8',
  'content-type' => 'application/x-www-form-urlencoded; charset=UTF-8',
  'accept-encoding' => 'gzip, deflate',
  'accept-language' => 'zh-CN,zh;q=0.8,zh-TW;q=0.7,zh-HK;q=0.5,en-US;q=0.3,en;q=0.2',
  'accept' => 'application/json, text/javascript, */*; q=0.01',
  'user-agent' => 'Mozilla/5.0 (Windows NT 10.0; Win64; x64; rv:109.0) Gecko/20100101 Firefox/109.0',
  'host' => 'api.newkefu.com',
)
[ info ] [ PARAM ] array (
  '/admin/Sysmanage/gameList' => '',
  'page' => '1',
  'limit' => '20',
)
[ info ] [ DB ] INIT mysql
[ info ] [ CACHE ] INIT redis
[ info ] [ DB ] INIT mysql
[ info ] [ DB ] INIT mysql
[ info ] [ RUN ] app\admin\controller\Sysmanage->gameList[ D:\phpstudy_pro\WWW\new_kefu_online\application\admin\controller\Sysmanage.php ]
[ info ] [ LOG ] INIT File
[ sql ] [ DB ] CONNECT:[ UseTime:0.001952s ] mysql:host=127.0.0.1;port=3306;dbname=gr_chat;charset=utf8
[ sql ] [ SQL ] SHOW COLUMNS FROM `gr_user_group` [ RunTime:0.001980s ]
[ sql ] [ SQL ] SELECT * FROM `gr_user_group` WHERE  `id` IN (17,10,11,5,14,8,9,7,16) [ RunTime:0.001402s ]
[ sql ] [ SQL ] SHOW COLUMNS FROM `gr_menu_new` [ RunTime:0.001354s ]
[ sql ] [ SQL ] SELECT m.menu_id as id,`m`.`menu_name`,`m`.`p_id`,`m`.`controller`,`m`.`action`,`m`.`is_show`,`m`.`url`,`m`.`type` FROM `gr_menu_new` `m` ORDER BY `p_id` ASC,`sort` ASC,`id` ASC [ RunTime:0.004501s ]
[ error ] [10501]SQLSTATE[42S22]: Column not found: 1054 Unknown column 'extra' in 'field list'[D:\phpstudy_pro\WWW\new_kefu_online\thinkphp\library\think\db\Connection.php:385]
---------------------------------------------------------------
[ 2023-02-21T10:21:12+08:00 ] 127.0.0.1 POST api.newkefu.com/admin/user/model
[运行时间：0.123410s] [吞吐率：8.10req/s] [内存消耗：4,896.53kb] [文件加载：195]
[ info ] [ LANG ] D:\phpstudy_pro\WWW\new_kefu_online\thinkphp\lang\zh-cn.php
[ info ] [ ROUTE ] array (
  'type' => 'module',
  'module' => 
  array (
    0 => 'admin',
    1 => 'user',
    2 => 'model',
  ),
)
[ info ] [ HEADER ] array (
  'content-length' => '0',
  'cache-control' => 'no-cache',
  'pragma' => 'no-cache',
  'referer' => 'http://www.newkefu.com/',
  'connection' => 'close',
  'origin' => 'http://www.newkefu.com',
  'platform' => 'youyu',
  'token' => 'eyJ0eXAiOiJKV1QiLCJhbGciOiJIUzI1NiIsImp0aSI6ImxYWGluZyJ9.eyJpc3MiOiJhcGkubmV3a2VmdS5jb20iLCJqdGkiOiJsWFhpbmciLCJpYXQiOjE2NzYzNDU5NDEsImV4cCI6MTY3ODkzNzk0MSwidWlkIjoxNDN9.l4xw9kc1eoiIXq6Hvd2mqxmf0AE3TRPy5zYdvnjntI8',
  'accept-encoding' => 'gzip, deflate',
  'accept-language' => 'zh-CN,zh;q=0.8,zh-TW;q=0.7,zh-HK;q=0.5,en-US;q=0.3,en;q=0.2',
  'accept' => 'application/json, text/javascript, */*; q=0.01',
  'user-agent' => 'Mozilla/5.0 (Windows NT 10.0; Win64; x64; rv:109.0) Gecko/20100101 Firefox/109.0',
  'host' => 'api.newkefu.com',
)
[ info ] [ PARAM ] array (
  '/admin/user/model' => '',
)
[ info ] [ DB ] INIT mysql
[ info ] [ CACHE ] INIT redis
[ info ] [ DB ] INIT mysql
[ info ] [ RUN ] app\admin\controller\User->model[ D:\phpstudy_pro\WWW\new_kefu_online\application\admin\controller\User.php ]
[ info ] [ LOG ] INIT File
[ sql ] [ DB ] CONNECT:[ UseTime:0.001509s ] mysql:host=127.0.0.1;port=3306;dbname=gr_chat;charset=utf8
[ sql ] [ SQL ] SHOW COLUMNS FROM `gr_user_group` [ RunTime:0.001425s ]
[ sql ] [ SQL ] SELECT * FROM `gr_user_group` WHERE  `id` IN (17,10,11,5,14,8,9,7,16) [ RunTime:0.000570s ]
[ sql ] [ SQL ] SHOW COLUMNS FROM `gr_menu_new` [ RunTime:0.000787s ]
[ sql ] [ SQL ] SELECT m.menu_id as id,`m`.`menu_name`,`m`.`p_id`,`m`.`controller`,`m`.`action`,`m`.`is_show`,`m`.`url`,`m`.`type` FROM `gr_menu_new` `m` ORDER BY `p_id` ASC,`sort` ASC,`id` ASC [ RunTime:0.001360s ]
---------------------------------------------------------------
[ 2023-02-21T10:21:13+08:00 ] 127.0.0.1 POST api.newkefu.com/admin/user/index
[运行时间：0.102210s] [吞吐率：9.78req/s] [内存消耗：4,876.53kb] [文件加载：195]
[ info ] [ LANG ] D:\phpstudy_pro\WWW\new_kefu_online\thinkphp\lang\zh-cn.php
[ info ] [ ROUTE ] array (
  'type' => 'module',
  'module' => 
  array (
    0 => 'admin',
    1 => 'user',
    2 => 'index',
  ),
)
[ info ] [ HEADER ] array (
  'content-length' => '0',
  'cache-control' => 'no-cache',
  'pragma' => 'no-cache',
  'referer' => 'http://www.newkefu.com/',
  'connection' => 'close',
  'origin' => 'http://www.newkefu.com',
  'platform' => 'youyu',
  'token' => 'eyJ0eXAiOiJKV1QiLCJhbGciOiJIUzI1NiIsImp0aSI6ImxYWGluZyJ9.eyJpc3MiOiJhcGkubmV3a2VmdS5jb20iLCJqdGkiOiJsWFhpbmciLCJpYXQiOjE2NzYzNDU5NDEsImV4cCI6MTY3ODkzNzk0MSwidWlkIjoxNDN9.l4xw9kc1eoiIXq6Hvd2mqxmf0AE3TRPy5zYdvnjntI8',
  'accept-encoding' => 'gzip, deflate',
  'accept-language' => 'zh-CN,zh;q=0.8,zh-TW;q=0.7,zh-HK;q=0.5,en-US;q=0.3,en;q=0.2',
  'accept' => 'application/json, text/javascript, */*; q=0.01',
  'user-agent' => 'Mozilla/5.0 (Windows NT 10.0; Win64; x64; rv:109.0) Gecko/20100101 Firefox/109.0',
  'host' => 'api.newkefu.com',
)
[ info ] [ PARAM ] array (
  '/admin/user/index' => '',
)
[ info ] [ DB ] INIT mysql
[ info ] [ CACHE ] INIT redis
[ info ] [ DB ] INIT mysql
[ info ] [ RUN ] app\admin\controller\User->index[ D:\phpstudy_pro\WWW\new_kefu_online\application\admin\controller\User.php ]
[ info ] [ LOG ] INIT File
[ sql ] [ DB ] CONNECT:[ UseTime:0.001705s ] mysql:host=127.0.0.1;port=3306;dbname=gr_chat;charset=utf8
[ sql ] [ SQL ] SHOW COLUMNS FROM `gr_user_group` [ RunTime:0.001156s ]
[ sql ] [ SQL ] SELECT * FROM `gr_user_group` WHERE  `id` IN (17,10,11,5,14,8,9,7,16) [ RunTime:0.000412s ]
[ sql ] [ SQL ] SHOW COLUMNS FROM `gr_menu_new` [ RunTime:0.000937s ]
[ sql ] [ SQL ] SELECT m.menu_id as id,`m`.`menu_name`,`m`.`p_id`,`m`.`controller`,`m`.`action`,`m`.`is_show`,`m`.`url`,`m`.`type` FROM `gr_menu_new` `m` ORDER BY `p_id` ASC,`sort` ASC,`id` ASC [ RunTime:0.000999s ]
---------------------------------------------------------------
[ 2023-02-21T10:21:16+08:00 ] 127.0.0.1 POST api.newkefu.com/admin/Sysmanage/gameList
[运行时间：0.129513s] [吞吐率：7.72req/s] [内存消耗：5,127.00kb] [文件加载：201]
[ info ] [ LANG ] D:\phpstudy_pro\WWW\new_kefu_online\thinkphp\lang\zh-cn.php
[ info ] [ ROUTE ] array (
  'type' => 'module',
  'module' => 
  array (
    0 => 'admin',
    1 => 'Sysmanage',
    2 => 'gameList',
  ),
)
[ info ] [ HEADER ] array (
  'cache-control' => 'no-cache',
  'pragma' => 'no-cache',
  'referer' => 'http://www.newkefu.com/',
  'connection' => 'close',
  'origin' => 'http://www.newkefu.com',
  'content-length' => '15',
  'platform' => 'youyu',
  'token' => 'eyJ0eXAiOiJKV1QiLCJhbGciOiJIUzI1NiIsImp0aSI6ImxYWGluZyJ9.eyJpc3MiOiJhcGkubmV3a2VmdS5jb20iLCJqdGkiOiJsWFhpbmciLCJpYXQiOjE2NzYzNDU5NDEsImV4cCI6MTY3ODkzNzk0MSwidWlkIjoxNDN9.l4xw9kc1eoiIXq6Hvd2mqxmf0AE3TRPy5zYdvnjntI8',
  'content-type' => 'application/x-www-form-urlencoded; charset=UTF-8',
  'accept-encoding' => 'gzip, deflate',
  'accept-language' => 'zh-CN,zh;q=0.8,zh-TW;q=0.7,zh-HK;q=0.5,en-US;q=0.3,en;q=0.2',
  'accept' => 'application/json, text/javascript, */*; q=0.01',
  'user-agent' => 'Mozilla/5.0 (Windows NT 10.0; Win64; x64; rv:109.0) Gecko/20100101 Firefox/109.0',
  'host' => 'api.newkefu.com',
)
[ info ] [ PARAM ] array (
  '/admin/Sysmanage/gameList' => '',
  'page' => '1',
  'limit' => '20',
)
[ info ] [ DB ] INIT mysql
[ info ] [ CACHE ] INIT redis
[ info ] [ DB ] INIT mysql
[ info ] [ RUN ] app\admin\controller\Sysmanage->gameList[ D:\phpstudy_pro\WWW\new_kefu_online\application\admin\controller\Sysmanage.php ]
[ info ] [ DB ] INIT mysql
[ info ] [ LOG ] INIT File
[ sql ] [ DB ] CONNECT:[ UseTime:0.001182s ] mysql:host=127.0.0.1;port=3306;dbname=gr_chat;charset=utf8
[ sql ] [ SQL ] SHOW COLUMNS FROM `gr_user_group` [ RunTime:0.000877s ]
[ sql ] [ SQL ] SELECT * FROM `gr_user_group` WHERE  `id` IN (17,10,11,5,14,8,9,7,16) [ RunTime:0.000389s ]
[ sql ] [ SQL ] SHOW COLUMNS FROM `gr_menu_new` [ RunTime:0.001184s ]
[ sql ] [ SQL ] SELECT m.menu_id as id,`m`.`menu_name`,`m`.`p_id`,`m`.`controller`,`m`.`action`,`m`.`is_show`,`m`.`url`,`m`.`type` FROM `gr_menu_new` `m` ORDER BY `p_id` ASC,`sort` ASC,`id` ASC [ RunTime:0.001047s ]
[ error ] [10501]SQLSTATE[42S22]: Column not found: 1054 Unknown column 'extra' in 'field list'[D:\phpstudy_pro\WWW\new_kefu_online\thinkphp\library\think\db\Connection.php:385]
---------------------------------------------------------------
[ 2023-02-21T10:23:13+08:00 ] 127.0.0.1 GET api.newkefu.com/admin/platform_product/index?page=1&limit=20
[运行时间：0.131170s] [吞吐率：7.62req/s] [内存消耗：5,209.47kb] [文件加载：203]
[ info ] [ LANG ] D:\phpstudy_pro\WWW\new_kefu_online\thinkphp\lang\zh-cn.php
[ info ] [ ROUTE ] array (
  'type' => 'module',
  'module' => 
  array (
    0 => 'admin',
    1 => 'platform_product',
    2 => 'index',
  ),
)
[ info ] [ HEADER ] array (
  'cache-control' => 'no-cache',
  'pragma' => 'no-cache',
  'referer' => 'http://www.newkefu.com/',
  'connection' => 'close',
  'origin' => 'http://www.newkefu.com',
  'platform' => 'youyu',
  'token' => 'eyJ0eXAiOiJKV1QiLCJhbGciOiJIUzI1NiIsImp0aSI6ImxYWGluZyJ9.eyJpc3MiOiJhcGkubmV3a2VmdS5jb20iLCJqdGkiOiJsWFhpbmciLCJpYXQiOjE2NzYzNDU5NDEsImV4cCI6MTY3ODkzNzk0MSwidWlkIjoxNDN9.l4xw9kc1eoiIXq6Hvd2mqxmf0AE3TRPy5zYdvnjntI8',
  'accept-encoding' => 'gzip, deflate',
  'accept-language' => 'zh-CN,zh;q=0.8,zh-TW;q=0.7,zh-HK;q=0.5,en-US;q=0.3,en;q=0.2',
  'accept' => 'application/json, text/javascript, */*; q=0.01',
  'user-agent' => 'Mozilla/5.0 (Windows NT 10.0; Win64; x64; rv:109.0) Gecko/20100101 Firefox/109.0',
  'host' => 'api.newkefu.com',
)
[ info ] [ PARAM ] array (
  '/admin/platform_product/index' => '',
  'page' => '1',
  'limit' => '20',
)
[ info ] [ DB ] INIT mysql
[ info ] [ CACHE ] INIT redis
[ info ] [ DB ] INIT mysql
[ info ] [ RUN ] app\admin\controller\PlatformProduct->index[ D:\phpstudy_pro\WWW\new_kefu_online\application\admin\controller\PlatformProduct.php ]
[ info ] [ DB ] INIT mysql
[ info ] [ DB ] INIT mysql
[ info ] [ LOG ] INIT File
[ sql ] [ DB ] CONNECT:[ UseTime:0.001288s ] mysql:host=127.0.0.1;port=3306;dbname=gr_chat;charset=utf8
[ sql ] [ SQL ] SHOW COLUMNS FROM `gr_user_group` [ RunTime:0.000798s ]
[ sql ] [ SQL ] SELECT * FROM `gr_user_group` WHERE  `id` IN (17,10,11,5,14,8,9,7,16) [ RunTime:0.000382s ]
[ sql ] [ SQL ] SHOW COLUMNS FROM `gr_menu_new` [ RunTime:0.000669s ]
[ sql ] [ SQL ] SELECT m.menu_id as id,`m`.`menu_name`,`m`.`p_id`,`m`.`controller`,`m`.`action`,`m`.`is_show`,`m`.`url`,`m`.`type` FROM `gr_menu_new` `m` ORDER BY `p_id` ASC,`sort` ASC,`id` ASC [ RunTime:0.000949s ]
---------------------------------------------------------------
[ 2023-02-21T10:23:17+08:00 ] 127.0.0.1 POST api.newkefu.com/admin/Sysmanage/gameList
[运行时间：0.114871s] [吞吐率：8.71req/s] [内存消耗：5,126.73kb] [文件加载：201]
[ info ] [ LANG ] D:\phpstudy_pro\WWW\new_kefu_online\thinkphp\lang\zh-cn.php
[ info ] [ ROUTE ] array (
  'type' => 'module',
  'module' => 
  array (
    0 => 'admin',
    1 => 'Sysmanage',
    2 => 'gameList',
  ),
)
[ info ] [ HEADER ] array (
  'referer' => 'http://www.newkefu.com/',
  'connection' => 'close',
  'origin' => 'http://www.newkefu.com',
  'content-length' => '15',
  'platform' => 'youyu',
  'token' => 'eyJ0eXAiOiJKV1QiLCJhbGciOiJIUzI1NiIsImp0aSI6ImxYWGluZyJ9.eyJpc3MiOiJhcGkubmV3a2VmdS5jb20iLCJqdGkiOiJsWFhpbmciLCJpYXQiOjE2NzYzNDU5NDEsImV4cCI6MTY3ODkzNzk0MSwidWlkIjoxNDN9.l4xw9kc1eoiIXq6Hvd2mqxmf0AE3TRPy5zYdvnjntI8',
  'content-type' => 'application/x-www-form-urlencoded; charset=UTF-8',
  'accept-encoding' => 'gzip, deflate',
  'accept-language' => 'zh-CN,zh;q=0.8,zh-TW;q=0.7,zh-HK;q=0.5,en-US;q=0.3,en;q=0.2',
  'accept' => 'application/json, text/javascript, */*; q=0.01',
  'user-agent' => 'Mozilla/5.0 (Windows NT 10.0; Win64; x64; rv:109.0) Gecko/20100101 Firefox/109.0',
  'host' => 'api.newkefu.com',
)
[ info ] [ PARAM ] array (
  '/admin/Sysmanage/gameList' => '',
  'page' => '1',
  'limit' => '20',
)
[ info ] [ DB ] INIT mysql
[ info ] [ CACHE ] INIT redis
[ info ] [ DB ] INIT mysql
[ info ] [ RUN ] app\admin\controller\Sysmanage->gameList[ D:\phpstudy_pro\WWW\new_kefu_online\application\admin\controller\Sysmanage.php ]
[ info ] [ DB ] INIT mysql
[ info ] [ LOG ] INIT File
[ sql ] [ DB ] CONNECT:[ UseTime:0.001247s ] mysql:host=127.0.0.1;port=3306;dbname=gr_chat;charset=utf8
[ sql ] [ SQL ] SHOW COLUMNS FROM `gr_user_group` [ RunTime:0.000859s ]
[ sql ] [ SQL ] SELECT * FROM `gr_user_group` WHERE  `id` IN (17,10,11,5,14,8,9,7,16) [ RunTime:0.000359s ]
[ sql ] [ SQL ] SHOW COLUMNS FROM `gr_menu_new` [ RunTime:0.000962s ]
[ sql ] [ SQL ] SELECT m.menu_id as id,`m`.`menu_name`,`m`.`p_id`,`m`.`controller`,`m`.`action`,`m`.`is_show`,`m`.`url`,`m`.`type` FROM `gr_menu_new` `m` ORDER BY `p_id` ASC,`sort` ASC,`id` ASC [ RunTime:0.000981s ]
[ error ] [10501]SQLSTATE[42S22]: Column not found: 1054 Unknown column 'extra' in 'field list'[D:\phpstudy_pro\WWW\new_kefu_online\thinkphp\library\think\db\Connection.php:385]
---------------------------------------------------------------
[ 2023-02-21T10:23:19+08:00 ] 127.0.0.1 POST api.newkefu.com/admin/Sysmanage/gameList
[运行时间：0.104963s] [吞吐率：9.53req/s] [内存消耗：5,127.00kb] [文件加载：201]
[ info ] [ LANG ] D:\phpstudy_pro\WWW\new_kefu_online\thinkphp\lang\zh-cn.php
[ info ] [ ROUTE ] array (
  'type' => 'module',
  'module' => 
  array (
    0 => 'admin',
    1 => 'Sysmanage',
    2 => 'gameList',
  ),
)
[ info ] [ HEADER ] array (
  'cache-control' => 'no-cache',
  'pragma' => 'no-cache',
  'referer' => 'http://www.newkefu.com/',
  'connection' => 'close',
  'origin' => 'http://www.newkefu.com',
  'content-length' => '15',
  'platform' => 'youyu',
  'token' => 'eyJ0eXAiOiJKV1QiLCJhbGciOiJIUzI1NiIsImp0aSI6ImxYWGluZyJ9.eyJpc3MiOiJhcGkubmV3a2VmdS5jb20iLCJqdGkiOiJsWFhpbmciLCJpYXQiOjE2NzYzNDU5NDEsImV4cCI6MTY3ODkzNzk0MSwidWlkIjoxNDN9.l4xw9kc1eoiIXq6Hvd2mqxmf0AE3TRPy5zYdvnjntI8',
  'content-type' => 'application/x-www-form-urlencoded; charset=UTF-8',
  'accept-encoding' => 'gzip, deflate',
  'accept-language' => 'zh-CN,zh;q=0.8,zh-TW;q=0.7,zh-HK;q=0.5,en-US;q=0.3,en;q=0.2',
  'accept' => 'application/json, text/javascript, */*; q=0.01',
  'user-agent' => 'Mozilla/5.0 (Windows NT 10.0; Win64; x64; rv:109.0) Gecko/20100101 Firefox/109.0',
  'host' => 'api.newkefu.com',
)
[ info ] [ PARAM ] array (
  '/admin/Sysmanage/gameList' => '',
  'page' => '1',
  'limit' => '20',
)
[ info ] [ DB ] INIT mysql
[ info ] [ CACHE ] INIT redis
[ info ] [ DB ] INIT mysql
[ info ] [ RUN ] app\admin\controller\Sysmanage->gameList[ D:\phpstudy_pro\WWW\new_kefu_online\application\admin\controller\Sysmanage.php ]
[ info ] [ DB ] INIT mysql
[ info ] [ LOG ] INIT File
[ sql ] [ DB ] CONNECT:[ UseTime:0.001197s ] mysql:host=127.0.0.1;port=3306;dbname=gr_chat;charset=utf8
[ sql ] [ SQL ] SHOW COLUMNS FROM `gr_user_group` [ RunTime:0.000812s ]
[ sql ] [ SQL ] SELECT * FROM `gr_user_group` WHERE  `id` IN (17,10,11,5,14,8,9,7,16) [ RunTime:0.000396s ]
[ sql ] [ SQL ] SHOW COLUMNS FROM `gr_menu_new` [ RunTime:0.000743s ]
[ sql ] [ SQL ] SELECT m.menu_id as id,`m`.`menu_name`,`m`.`p_id`,`m`.`controller`,`m`.`action`,`m`.`is_show`,`m`.`url`,`m`.`type` FROM `gr_menu_new` `m` ORDER BY `p_id` ASC,`sort` ASC,`id` ASC [ RunTime:0.000933s ]
[ error ] [10501]SQLSTATE[42S22]: Column not found: 1054 Unknown column 'extra' in 'field list'[D:\phpstudy_pro\WWW\new_kefu_online\thinkphp\library\think\db\Connection.php:385]
---------------------------------------------------------------
[ 2023-02-21T10:26:10+08:00 ] 127.0.0.1 POST api.newkefu.com/admin/Sysmanage/gameList
[运行时间：0.273721s] [吞吐率：3.65req/s] [内存消耗：5,296.24kb] [文件加载：198]
[ info ] [ LANG ] D:\phpstudy_pro\WWW\new_kefu_online\thinkphp\lang\zh-cn.php
[ info ] [ ROUTE ] array (
  'type' => 'module',
  'module' => 
  array (
    0 => 'admin',
    1 => 'Sysmanage',
    2 => 'gameList',
  ),
)
[ info ] [ HEADER ] array (
  'cache-control' => 'no-cache',
  'pragma' => 'no-cache',
  'referer' => 'http://www.newkefu.com/',
  'connection' => 'close',
  'origin' => 'http://www.newkefu.com',
  'content-length' => '15',
  'platform' => 'youyu',
  'token' => 'eyJ0eXAiOiJKV1QiLCJhbGciOiJIUzI1NiIsImp0aSI6ImxYWGluZyJ9.eyJpc3MiOiJhcGkubmV3a2VmdS5jb20iLCJqdGkiOiJsWFhpbmciLCJpYXQiOjE2NzYzNDU5NDEsImV4cCI6MTY3ODkzNzk0MSwidWlkIjoxNDN9.l4xw9kc1eoiIXq6Hvd2mqxmf0AE3TRPy5zYdvnjntI8',
  'content-type' => 'application/x-www-form-urlencoded; charset=UTF-8',
  'accept-encoding' => 'gzip, deflate',
  'accept-language' => 'zh-CN,zh;q=0.8,zh-TW;q=0.7,zh-HK;q=0.5,en-US;q=0.3,en;q=0.2',
  'accept' => 'application/json, text/javascript, */*; q=0.01',
  'user-agent' => 'Mozilla/5.0 (Windows NT 10.0; Win64; x64; rv:109.0) Gecko/20100101 Firefox/109.0',
  'host' => 'api.newkefu.com',
)
[ info ] [ PARAM ] array (
  '/admin/Sysmanage/gameList' => '',
  'page' => '1',
  'limit' => '20',
)
[ info ] [ DB ] INIT mysql
[ info ] [ CACHE ] INIT redis
[ info ] [ DB ] INIT mysql
[ info ] [ RUN ] app\admin\controller\Sysmanage->gameList[ D:\phpstudy_pro\WWW\new_kefu_online\application\admin\controller\Sysmanage.php ]
[ info ] [ DB ] INIT mysql
[ info ] [ LOG ] INIT File
[ sql ] [ DB ] CONNECT:[ UseTime:0.001451s ] mysql:host=127.0.0.1;port=3306;dbname=gr_chat;charset=utf8
[ sql ] [ SQL ] SHOW COLUMNS FROM `gr_user_group` [ RunTime:0.000892s ]
[ sql ] [ SQL ] SELECT * FROM `gr_user_group` WHERE  `id` IN (17,10,11,5,14,8,9,7,16) [ RunTime:0.000390s ]
[ sql ] [ SQL ] SHOW COLUMNS FROM `gr_menu_new` [ RunTime:0.000852s ]
[ sql ] [ SQL ] SELECT m.menu_id as id,`m`.`menu_name`,`m`.`p_id`,`m`.`controller`,`m`.`action`,`m`.`is_show`,`m`.`url`,`m`.`type` FROM `gr_menu_new` `m` ORDER BY `p_id` ASC,`sort` ASC,`id` ASC [ RunTime:0.001056s ]
[ sql ] [ SQL ] SELECT * FROM `gr_user_group` WHERE  `id` IN (10) [ RunTime:0.000464s ]
[ sql ] [ SQL ] SELECT * FROM `gr_user_group` WHERE  `id` IN (11) [ RunTime:0.000293s ]
[ sql ] [ SQL ] SELECT * FROM `gr_user_group` WHERE  `id` IN (11) [ RunTime:0.000299s ]
[ sql ] [ SQL ] SELECT * FROM `gr_user_group` WHERE  `id` IN (10) [ RunTime:0.000298s ]
[ sql ] [ SQL ] SELECT * FROM `gr_user_group` WHERE  `id` IN (12) [ RunTime:0.000264s ]
[ sql ] [ SQL ] SELECT * FROM `gr_user_group` WHERE  `id` IN (10) [ RunTime:0.000246s ]
[ sql ] [ SQL ] SELECT * FROM `gr_user_group` WHERE  `id` IN (7) [ RunTime:0.000273s ]
[ sql ] [ SQL ] SELECT * FROM `gr_user_group` WHERE  `id` IN (8) [ RunTime:0.000253s ]
[ sql ] [ SQL ] SELECT * FROM `gr_user_group` WHERE  `id` IN (7) [ RunTime:0.000256s ]
[ sql ] [ SQL ] SELECT * FROM `gr_user_group` WHERE  `id` IN (11) [ RunTime:0.000254s ]
[ sql ] [ SQL ] SELECT * FROM `gr_user_group` WHERE  `id` IN (7) [ RunTime:0.000282s ]
[ sql ] [ SQL ] SELECT * FROM `gr_user_group` WHERE  `id` IN (7) [ RunTime:0.000262s ]
[ sql ] [ SQL ] SELECT * FROM `gr_user_group` WHERE  `id` IN (7) [ RunTime:0.000286s ]
[ sql ] [ SQL ] SELECT * FROM `gr_user_group` WHERE  `id` IN (8) [ RunTime:0.000257s ]
[ sql ] [ SQL ] SELECT * FROM `gr_user_group` WHERE  `id` IN (11) [ RunTime:0.000281s ]
[ sql ] [ SQL ] SELECT * FROM `gr_user_group` WHERE  `id` IN (10,11,8,9,7) [ RunTime:0.000294s ]
[ sql ] [ SQL ] SELECT * FROM `gr_user_group` WHERE  `id` IN (9) [ RunTime:0.000256s ]
[ sql ] [ SQL ] SELECT * FROM `gr_user_group` WHERE  `id` IN (17) [ RunTime:0.000274s ]
[ sql ] [ SQL ] SELECT * FROM `gr_user_group` WHERE  `id` IN (9) [ RunTime:0.000277s ]
[ sql ] [ SQL ] SELECT * FROM `gr_user_group` WHERE  `id` IN (9) [ RunTime:0.000262s ]
[ sql ] [ SQL ] SELECT * FROM `gr_user_group` WHERE  `id` IN (9) [ RunTime:0.000253s ]
[ sql ] [ SQL ] SELECT * FROM `gr_user_group` WHERE  `id` IN (9) [ RunTime:0.000247s ]
[ sql ] [ SQL ] SELECT * FROM `gr_user_group` WHERE  `id` IN (17) [ RunTime:0.000246s ]
[ sql ] [ SQL ] SELECT * FROM `gr_user_group` WHERE  `id` IN (9) [ RunTime:0.000257s ]
[ sql ] [ SQL ] SELECT * FROM `gr_user_group` WHERE  `id` IN (11,5,9,7) [ RunTime:0.000282s ]
[ sql ] [ SQL ] SELECT * FROM `gr_user_group` WHERE  `id` IN (9) [ RunTime:0.000291s ]
[ sql ] [ SQL ] SELECT * FROM `gr_user_group` WHERE  `id` IN (9) [ RunTime:0.000275s ]
[ sql ] [ SQL ] SELECT * FROM `gr_user_group` WHERE  `id` IN (9) [ RunTime:0.000256s ]
[ sql ] [ SQL ] SELECT * FROM `gr_user_group` WHERE  `id` IN (9) [ RunTime:0.000244s ]
[ sql ] [ SQL ] SELECT * FROM `gr_user_group` WHERE  `id` IN (9) [ RunTime:0.000250s ]
[ sql ] [ SQL ] SELECT * FROM `gr_user_group` WHERE  `id` IN (9) [ RunTime:0.000241s ]
[ sql ] [ SQL ] SELECT * FROM `gr_user_group` WHERE  `id` IN (11) [ RunTime:0.000426s ]
[ sql ] [ SQL ] SELECT * FROM `gr_user_group` WHERE  `id` IN (11) [ RunTime:0.000344s ]
[ sql ] [ SQL ] SELECT * FROM `gr_user_group` WHERE  `id` IN (17,11,5,9,7) [ RunTime:0.000316s ]
[ sql ] [ SQL ] SELECT * FROM `gr_user_group` WHERE  `id` IN (10) [ RunTime:0.000337s ]
[ sql ] [ SQL ] SELECT * FROM `gr_user_group` WHERE  `id` IN (13) [ RunTime:0.000317s ]
[ sql ] [ SQL ] SELECT * FROM `gr_user_group` WHERE  `id` IN (11) [ RunTime:0.000288s ]
[ sql ] [ SQL ] SELECT * FROM `gr_user_group` WHERE  `id` IN (13) [ RunTime:0.000257s ]
[ sql ] [ SQL ] SELECT * FROM `gr_user_group` WHERE  `id` IN (13) [ RunTime:0.000249s ]
[ sql ] [ SQL ] SELECT * FROM `gr_user_group` WHERE  `id` IN (11) [ RunTime:0.000250s ]
[ sql ] [ SQL ] SELECT * FROM `gr_user_group` WHERE  `id` IN (11) [ RunTime:0.000249s ]
[ sql ] [ SQL ] SELECT * FROM `gr_user_group` WHERE  `id` IN (11) [ RunTime:0.000272s ]
[ sql ] [ SQL ] SELECT * FROM `gr_user_group` WHERE  `id` IN (10) [ RunTime:0.000291s ]
[ sql ] [ SQL ] SELECT * FROM `gr_user_group` WHERE  `id` IN (11) [ RunTime:0.000255s ]
[ sql ] [ SQL ] SELECT * FROM `gr_user_group` WHERE  `id` IN (11) [ RunTime:0.000258s ]
[ sql ] [ SQL ] SELECT * FROM `gr_user_group` WHERE  `id` IN (10) [ RunTime:0.000247s ]
[ sql ] [ SQL ] SELECT * FROM `gr_user_group` WHERE  `id` IN (10) [ RunTime:0.000248s ]
[ sql ] [ SQL ] SELECT * FROM `gr_user_group` WHERE  `id` IN (10) [ RunTime:0.000242s ]
[ sql ] [ SQL ] SELECT * FROM `gr_user_group` WHERE  `id` IN (10) [ RunTime:0.000252s ]
[ sql ] [ SQL ] SELECT * FROM `gr_user_group` WHERE  `id` IN (9) [ RunTime:0.000247s ]
[ sql ] [ SQL ] SELECT * FROM `gr_user_group` WHERE  `id` IN (9) [ RunTime:0.000244s ]
[ sql ] [ SQL ] SELECT * FROM `gr_user_group` WHERE  `id` IN (9) [ RunTime:0.000268s ]
[ sql ] [ SQL ] SELECT * FROM `gr_user_group` WHERE  `id` IN (11) [ RunTime:0.000246s ]
[ sql ] [ SQL ] SELECT * FROM `gr_user_group` WHERE  `id` IN (11) [ RunTime:0.000245s ]
[ sql ] [ SQL ] SELECT * FROM `gr_user_group` WHERE  `id` IN (9) [ RunTime:0.000244s ]
[ sql ] [ SQL ] SELECT * FROM `gr_user_group` WHERE  `id` IN (10) [ RunTime:0.000244s ]
[ sql ] [ SQL ] SELECT * FROM `gr_user_group` WHERE  `id` IN (12) [ RunTime:0.000242s ]
[ sql ] [ SQL ] SELECT * FROM `gr_user_group` WHERE  `id` IN (12) [ RunTime:0.000271s ]
[ sql ] [ SQL ] SELECT * FROM `gr_user_group` WHERE  `id` IN (10) [ RunTime:0.000258s ]
[ sql ] [ SQL ] SELECT * FROM `gr_user_group` WHERE  `id` IN (10) [ RunTime:0.000267s ]
[ sql ] [ SQL ] SELECT * FROM `gr_user_group` WHERE  `id` IN (10) [ RunTime:0.000270s ]
[ sql ] [ SQL ] SELECT * FROM `gr_user_group` WHERE  `id` IN (10) [ RunTime:0.000266s ]
[ sql ] [ SQL ] SELECT * FROM `gr_user_group` WHERE  `id` IN (7) [ RunTime:0.000256s ]
[ sql ] [ SQL ] SELECT * FROM `gr_user_group` WHERE  `id` IN (7) [ RunTime:0.000280s ]
[ sql ] [ SQL ] SELECT * FROM `gr_user_group` WHERE  `id` IN (10) [ RunTime:0.000278s ]
[ sql ] [ SQL ] SELECT * FROM `gr_user_group` WHERE  `id` IN (17,10,11,5,14,8,9,7,16) [ RunTime:0.000330s ]
[ sql ] [ SQL ] SELECT * FROM `gr_user_group` WHERE  `id` IN (8) [ RunTime:0.000325s ]
[ sql ] [ SQL ] SELECT * FROM `gr_user_group` WHERE  `id` IN (10) [ RunTime:0.000317s ]
[ sql ] [ SQL ] SELECT * FROM `gr_user_group` WHERE  `id` IN (7,8) [ RunTime:0.000354s ]
[ sql ] [ SQL ] SELECT * FROM `gr_user_group` WHERE  `id` IN (8) [ RunTime:0.000271s ]
[ sql ] [ SQL ] SELECT * FROM `gr_user_group` WHERE  `id` IN (8) [ RunTime:0.000253s ]
[ sql ] [ SQL ] SELECT * FROM `gr_user_group` WHERE  `id` IN (8) [ RunTime:0.000313s ]
[ sql ] [ SQL ] SELECT * FROM `gr_user_group` WHERE  `id` IN (8) [ RunTime:0.000249s ]
[ sql ] [ SQL ] SELECT * FROM `gr_user_group` WHERE  `id` IN (8) [ RunTime:0.000278s ]
[ sql ] [ SQL ] SELECT * FROM `gr_user_group` WHERE  `id` IN (8) [ RunTime:0.000264s ]
[ sql ] [ SQL ] SELECT * FROM `gr_user_group` WHERE  `id` IN (9) [ RunTime:0.000263s ]
[ sql ] [ SQL ] SELECT * FROM `gr_user_group` WHERE  `id` IN (7,8) [ RunTime:0.000280s ]
[ sql ] [ SQL ] SELECT * FROM `gr_user_group` WHERE  `id` IN (8) [ RunTime:0.000249s ]
[ sql ] [ SQL ] SELECT * FROM `gr_user_group` WHERE  `id` IN (7,9) [ RunTime:0.000284s ]
[ sql ] [ SQL ] SELECT * FROM `gr_user_group` WHERE  `id` IN (9) [ RunTime:0.000252s ]
[ sql ] [ SQL ] SELECT * FROM `gr_user_group` WHERE  `id` IN (7,8) [ RunTime:0.000284s ]
[ sql ] [ SQL ] SELECT * FROM `gr_user_group` WHERE  `id` IN (5) [ RunTime:0.000255s ]
[ sql ] [ SQL ] SELECT * FROM `gr_user_group` WHERE  `id` IN (13) [ RunTime:0.000249s ]
[ sql ] [ SQL ] SELECT * FROM `gr_user_group` WHERE  `id` IN (17) [ RunTime:0.000269s ]
[ sql ] [ SQL ] SELECT * FROM `gr_user_group` WHERE  `id` IN (11,5,9,7) [ RunTime:0.000283s ]
[ sql ] [ SQL ] SELECT * FROM `gr_user_group` WHERE  `id` IN (14) [ RunTime:0.000254s ]
[ sql ] [ SQL ] SELECT * FROM `gr_user_group` WHERE  `id` IN (14) [ RunTime:0.000250s ]
[ sql ] [ SQL ] SELECT * FROM `gr_user_group` WHERE  `id` IN (9) [ RunTime:0.000280s ]
[ sql ] [ SQL ] SELECT * FROM `gr_user_group` WHERE  `id` IN (9) [ RunTime:0.000249s ]
[ sql ] [ SQL ] SELECT * FROM `gr_user_group` WHERE  `id` IN (8) [ RunTime:0.000246s ]
[ sql ] [ SQL ] SELECT * FROM `gr_user_group` WHERE  `id` IN (9) [ RunTime:0.000270s ]
[ sql ] [ SQL ] SELECT * FROM `gr_user_group` WHERE  `id` IN (13) [ RunTime:0.000257s ]
[ sql ] [ SQL ] SELECT * FROM `gr_user_group` WHERE  `id` IN (9) [ RunTime:0.000247s ]
[ sql ] [ SQL ] SELECT * FROM `gr_user_group` WHERE  `id` IN (9) [ RunTime:0.000257s ]
[ sql ] [ SQL ] SELECT * FROM `gr_user_group` WHERE  `id` IN (9) [ RunTime:0.000245s ]
[ sql ] [ SQL ] SELECT * FROM `gr_user_group` WHERE  `id` IN (5,8,9,17) [ RunTime:0.000293s ]
[ sql ] [ SQL ] SELECT * FROM `gr_user_group` WHERE  `id` IN (13) [ RunTime:0.000431s ]
[ sql ] [ SQL ] SELECT * FROM `gr_user_group` WHERE  `id` IN (9) [ RunTime:0.000284s ]
[ sql ] [ SQL ] SELECT * FROM `gr_user_group` WHERE  `id` IN (8) [ RunTime:0.000330s ]
[ sql ] [ SQL ] SELECT * FROM `gr_user_group` WHERE  `id` IN (7) [ RunTime:0.000277s ]
[ sql ] [ SQL ] SELECT * FROM `gr_user_group` WHERE  `id` IN (9) [ RunTime:0.000269s ]
[ sql ] [ SQL ] SELECT * FROM `gr_user_group` WHERE  `id` IN (8) [ RunTime:0.000278s ]
[ sql ] [ SQL ] SELECT * FROM `gr_user_group` WHERE  `id` IN (8) [ RunTime:0.000271s ]
[ sql ] [ SQL ] SELECT * FROM `gr_user_group` WHERE  `id` IN (8) [ RunTime:0.000270s ]
[ sql ] [ SQL ] SELECT * FROM `gr_user_group` WHERE  `id` IN (9) [ RunTime:0.000257s ]
[ sql ] [ SQL ] SELECT * FROM `gr_user_group` WHERE  `id` IN (9) [ RunTime:0.000250s ]
[ sql ] [ SQL ] SELECT * FROM `gr_user_group` WHERE  `id` IN (10) [ RunTime:0.000254s ]
[ sql ] [ SQL ] SELECT * FROM `gr_user_group` WHERE  `id` IN (10) [ RunTime:0.000244s ]
[ sql ] [ SQL ] SELECT * FROM `gr_user_group` WHERE  `id` IN (10) [ RunTime:0.000257s ]
[ sql ] [ SQL ] SELECT * FROM `gr_user_group` WHERE  `id` IN (10) [ RunTime:0.000286s ]
[ sql ] [ SQL ] SELECT * FROM `gr_user_group` WHERE  `id` IN (11) [ RunTime:0.000332s ]
[ sql ] [ SQL ] SELECT * FROM `gr_user_group` WHERE  `id` IN (10) [ RunTime:0.000263s ]
[ sql ] [ SQL ] SELECT * FROM `gr_user_group` WHERE  `id` IN (10) [ RunTime:0.000267s ]
[ sql ] [ SQL ] SELECT * FROM `gr_user_group` WHERE  `id` IN (10) [ RunTime:0.000258s ]
[ sql ] [ SQL ] SELECT * FROM `gr_user_group` WHERE  `id` IN (10) [ RunTime:0.000252s ]
[ sql ] [ SQL ] SELECT * FROM `gr_user_group` WHERE  `id` IN (11) [ RunTime:0.000249s ]
[ sql ] [ SQL ] SELECT * FROM `gr_user_group` WHERE  `id` IN (8) [ RunTime:0.000245s ]
[ sql ] [ SQL ] SELECT * FROM `gr_user_group` WHERE  `id` IN (7,8) [ RunTime:0.000274s ]
[ sql ] [ SQL ] SELECT * FROM `gr_user_group` WHERE  `id` IN (17) [ RunTime:0.000248s ]
[ sql ] [ SQL ] SELECT * FROM `gr_user_group` WHERE  `id` IN (11) [ RunTime:0.000274s ]
[ sql ] [ SQL ] SELECT * FROM `gr_user_group` WHERE  `id` IN (14) [ RunTime:0.000312s ]
[ sql ] [ SQL ] SELECT * FROM `gr_user_group` WHERE  `id` IN (5,14,8,9) [ RunTime:0.000304s ]
[ sql ] [ SQL ] SELECT * FROM `gr_user_group` WHERE  `id` IN (17,5,9,7) [ RunTime:0.000285s ]
[ sql ] [ SQL ] SELECT * FROM `gr_user_group` WHERE  `id` IN (10,14,8,16) [ RunTime:0.000279s ]
[ sql ] [ SQL ] SELECT * FROM `gr_user_group` WHERE  `id` IN (17) [ RunTime:0.000252s ]
[ sql ] [ SQL ] SELECT * FROM `gr_user_group` WHERE  `id` IN (17) [ RunTime:0.000250s ]
[ sql ] [ SQL ] SELECT * FROM `gr_user_group` WHERE  `id` IN (10) [ RunTime:0.000255s ]
[ sql ] [ SQL ] SELECT * FROM `gr_user_group` WHERE  `id` IN (9) [ RunTime:0.000247s ]
[ sql ] [ SQL ] SELECT * FROM `gr_user_group` WHERE  `id` IN (17,11,5,9,7) [ RunTime:0.000275s ]
[ sql ] [ SQL ] SELECT * FROM `gr_user_group` WHERE  `id` IN (11) [ RunTime:0.000271s ]
[ sql ] [ SQL ] SELECT * FROM `gr_user_group` WHERE  `id` IN (17) [ RunTime:0.000389s ]
[ sql ] [ SQL ] SELECT * FROM `gr_user_group` WHERE  `id` IN (11) [ RunTime:0.000286s ]
[ sql ] [ SQL ] SELECT * FROM `gr_user_group` WHERE  `id` IN (9) [ RunTime:0.000279s ]
[ sql ] [ SQL ] SELECT * FROM `gr_user_group` WHERE  `id` IN (8) [ RunTime:0.000298s ]
[ sql ] [ SQL ] SELECT * FROM `gr_user_group` WHERE  `id` IN (8) [ RunTime:0.000253s ]
[ sql ] [ SQL ] SELECT * FROM `gr_user_group` WHERE  `id` IN (9) [ RunTime:0.000275s ]
[ sql ] [ SQL ] SELECT * FROM `gr_user_group` WHERE  `id` IN (5,9,7) [ RunTime:0.000283s ]
[ sql ] [ SQL ] SELECT * FROM `gr_user_group` WHERE  `id` IN (5) [ RunTime:0.000254s ]
[ sql ] [ SQL ] SELECT * FROM `gr_user_group` WHERE  `id` IN (9) [ RunTime:0.000243s ]
[ sql ] [ SQL ] SELECT * FROM `gr_user_group` WHERE  `id` IN (11) [ RunTime:0.000240s ]
[ sql ] [ SQL ] SELECT * FROM `gr_user_group` WHERE  `id` IN (11) [ RunTime:0.000241s ]
[ sql ] [ SQL ] SELECT * FROM `gr_user_group` WHERE  `id` IN (13) [ RunTime:0.000240s ]
[ sql ] [ SQL ] SELECT * FROM `gr_user_group` WHERE  `id` IN (17,5,9,7) [ RunTime:0.000288s ]
[ sql ] [ SQL ] SELECT * FROM `gr_user_group` WHERE  `id` IN (7,9) [ RunTime:0.000269s ]
[ sql ] [ SQL ] SELECT * FROM `gr_user_group` WHERE  `id` IN (7,9) [ RunTime:0.000263s ]
[ sql ] [ SQL ] SELECT * FROM `gr_user_group` WHERE  `id` IN (11) [ RunTime:0.000251s ]
[ sql ] [ SQL ] SELECT * FROM `gr_user_group` WHERE  `id` IN (9) [ RunTime:0.000246s ]
[ sql ] [ SQL ] SELECT * FROM `gr_user_group` WHERE  `id` IN (5,9,7) [ RunTime:0.000265s ]
[ sql ] [ SQL ] SELECT * FROM `gr_user_group` WHERE  `id` IN (9) [ RunTime:0.000253s ]
[ sql ] [ SQL ] SELECT * FROM `gr_user_group` WHERE  `id` IN (17) [ RunTime:0.000245s ]
[ sql ] [ SQL ] SELECT * FROM `gr_user_group` WHERE  `id` IN (9) [ RunTime:0.000279s ]
[ sql ] [ SQL ] SELECT * FROM `gr_user_group` WHERE  `id` IN (17) [ RunTime:0.000246s ]
[ sql ] [ SQL ] SELECT * FROM `gr_user_group` WHERE  `id` IN (8) [ RunTime:0.000249s ]
[ sql ] [ SQL ] SELECT * FROM `gr_user_group` WHERE  `id` IN (11) [ RunTime:0.000251s ]
[ sql ] [ SQL ] SELECT * FROM `gr_user_group` WHERE  `id` IN (11) [ RunTime:0.000294s ]
[ sql ] [ SQL ] SELECT * FROM `gr_user_group` WHERE  `id` IN (11) [ RunTime:0.000259s ]
[ sql ] [ SQL ] SELECT * FROM `gr_user_group` WHERE  `id` IN (14) [ RunTime:0.000273s ]
[ sql ] [ SQL ] SELECT * FROM `gr_user_group` WHERE  `id` IN (8) [ RunTime:0.000288s ]
[ sql ] [ SQL ] SELECT * FROM `gr_user_group` WHERE  `id` IN (8) [ RunTime:0.000264s ]
[ sql ] [ SQL ] SELECT * FROM `gr_user_group` WHERE  `id` IN (8) [ RunTime:0.000250s ]
[ sql ] [ SQL ] SELECT * FROM `gr_user_group` WHERE  `id` IN (10) [ RunTime:0.000245s ]
[ sql ] [ SQL ] SELECT * FROM `gr_user_group` WHERE  `id` IN (10) [ RunTime:0.000262s ]
[ sql ] [ SQL ] SELECT * FROM `gr_user_group` WHERE  `id` IN (10) [ RunTime:0.000364s ]
[ sql ] [ SQL ] SELECT * FROM `gr_user_group` WHERE  `id` IN (5,7,9,11,17) [ RunTime:0.000362s ]
[ sql ] [ SQL ] SELECT * FROM `gr_user_group` WHERE  `id` IN (10) [ RunTime:0.000355s ]
[ sql ] [ SQL ] SELECT * FROM `gr_user_group` WHERE  `id` IN (11) [ RunTime:0.000299s ]
[ sql ] [ SQL ] SELECT * FROM `gr_user_group` WHERE  `id` IN (10) [ RunTime:0.000273s ]
[ sql ] [ SQL ] SELECT * FROM `gr_user_group` WHERE  `id` IN (11) [ RunTime:0.000289s ]
[ sql ] [ SQL ] SELECT * FROM `gr_user_group` WHERE  `id` IN (11) [ RunTime:0.000258s ]
[ sql ] [ SQL ] SELECT * FROM `gr_user_group` WHERE  `id` IN (11) [ RunTime:0.000292s ]
[ sql ] [ SQL ] SELECT * FROM `gr_user_group` WHERE  `id` IN (11) [ RunTime:0.000260s ]
[ sql ] [ SQL ] SELECT * FROM `gr_user_group` WHERE  `id` IN (14) [ RunTime:0.000259s ]
[ sql ] [ SQL ] SELECT * FROM `gr_user_group` WHERE  `id` IN (7) [ RunTime:0.000252s ]
[ sql ] [ SQL ] SELECT * FROM `gr_user_group` WHERE  `id` IN (10) [ RunTime:0.000244s ]
[ sql ] [ SQL ] SELECT * FROM `gr_user_group` WHERE  `id` IN (10) [ RunTime:0.000250s ]
[ sql ] [ SQL ] SELECT * FROM `gr_user_group` WHERE  `id` IN (13) [ RunTime:0.000247s ]
[ sql ] [ SQL ] SELECT * FROM `gr_user_group` WHERE  `id` IN (11) [ RunTime:0.000246s ]
[ sql ] [ SQL ] SELECT * FROM `gr_user_group` WHERE  `id` IN (8) [ RunTime:0.000247s ]
[ sql ] [ SQL ] SELECT * FROM `gr_user_group` WHERE  `id` IN (8) [ RunTime:0.000251s ]
[ sql ] [ SQL ] SELECT * FROM `gr_user_group` WHERE  `id` IN (11) [ RunTime:0.000244s ]
[ sql ] [ SQL ] SELECT * FROM `gr_user_group` WHERE  `id` IN (11) [ RunTime:0.000244s ]
[ sql ] [ SQL ] SELECT * FROM `gr_user_group` WHERE  `id` IN (10) [ RunTime:0.000242s ]
[ sql ] [ SQL ] SELECT * FROM `gr_user_group` WHERE  `id` IN (10) [ RunTime:0.000274s ]
[ sql ] [ SQL ] SELECT * FROM `gr_user_group` WHERE  `id` IN (10) [ RunTime:0.000317s ]
[ sql ] [ SQL ] SELECT * FROM `gr_user_group` WHERE  `id` IN (10) [ RunTime:0.000290s ]
[ sql ] [ SQL ] SELECT * FROM `gr_user_group` WHERE  `id` IN (8) [ RunTime:0.000261s ]
[ sql ] [ SQL ] SELECT * FROM `gr_user_group` WHERE  `id` IN (11) [ RunTime:0.000261s ]
[ sql ] [ SQL ] SELECT * FROM `gr_user_group` WHERE  `id` IN (11) [ RunTime:0.000247s ]
[ sql ] [ SQL ] SELECT * FROM `gr_user_group` WHERE  `id` IN (11) [ RunTime:0.000245s ]
[ sql ] [ SQL ] SELECT * FROM `gr_user_group` WHERE  `id` IN (17) [ RunTime:0.000276s ]
[ sql ] [ SQL ] SELECT * FROM `gr_user_group` WHERE  `id` IN (11) [ RunTime:0.000302s ]
[ sql ] [ SQL ] SELECT * FROM `gr_user_group` WHERE  `id` IN (11) [ RunTime:0.000286s ]
[ sql ] [ SQL ] SELECT * FROM `gr_user_group` WHERE  `id` IN (10) [ RunTime:0.000279s ]
[ sql ] [ SQL ] SELECT * FROM `gr_user_group` WHERE  `id` IN (8) [ RunTime:0.000257s ]
[ sql ] [ SQL ] SELECT * FROM `gr_user_group` WHERE  `id` IN (17) [ RunTime:0.000259s ]
[ sql ] [ SQL ] SELECT * FROM `gr_user_group` WHERE  `id` IN (11) [ RunTime:0.000309s ]
[ sql ] [ SQL ] SELECT * FROM `gr_user_group` WHERE  `id` IN (8) [ RunTime:0.000270s ]
[ sql ] [ SQL ] SELECT * FROM `gr_user_group` WHERE  `id` IN (11) [ RunTime:0.000268s ]
[ sql ] [ SQL ] SELECT * FROM `gr_user_group` WHERE  `id` IN (11) [ RunTime:0.000264s ]
[ sql ] [ SQL ] SELECT * FROM `gr_user_group` WHERE  `id` IN (11) [ RunTime:0.000295s ]
[ sql ] [ SQL ] SELECT * FROM `gr_user_group` WHERE  `id` IN (8) [ RunTime:0.000255s ]
[ sql ] [ SQL ] SELECT * FROM `gr_user_group` WHERE  `id` IN (5,9,7) [ RunTime:0.000352s ]
[ sql ] [ SQL ] SELECT * FROM `gr_user_group` WHERE  `id` IN (8) [ RunTime:0.000254s ]
[ sql ] [ SQL ] SELECT * FROM `gr_user_group` WHERE  `id` IN (13) [ RunTime:0.000248s ]
[ sql ] [ SQL ] SELECT * FROM `gr_user_group` WHERE  `id` IN (11) [ RunTime:0.000257s ]
[ sql ] [ SQL ] SELECT * FROM `gr_user_group` WHERE  `id` IN (11) [ RunTime:0.000246s ]
[ sql ] [ SQL ] SELECT * FROM `gr_user_group` WHERE  `id` IN (13) [ RunTime:0.000264s ]
[ sql ] [ SQL ] SELECT * FROM `gr_user_group` WHERE  `id` IN (10) [ RunTime:0.000245s ]
[ sql ] [ SQL ] SELECT * FROM `gr_user_group` WHERE  `id` IN (10) [ RunTime:0.000250s ]
[ sql ] [ SQL ] SELECT * FROM `gr_user_group` WHERE  `id` IN (10) [ RunTime:0.000247s ]
[ sql ] [ SQL ] SELECT * FROM `gr_user_group` WHERE  `id` IN (10) [ RunTime:0.000245s ]
[ sql ] [ SQL ] SELECT * FROM `gr_user_group` WHERE  `id` IN (10) [ RunTime:0.000278s ]
[ sql ] [ SQL ] SELECT * FROM `gr_user_group` WHERE  `id` IN (8) [ RunTime:0.000251s ]
[ sql ] [ SQL ] SELECT * FROM `gr_user_group` WHERE  `id` IN (13,10,14,8,16) [ RunTime:0.000280s ]
[ sql ] [ SQL ] SELECT * FROM `gr_user_group` WHERE  `id` IN (13) [ RunTime:0.000250s ]
[ sql ] [ SQL ] SELECT * FROM `gr_user_group` WHERE  `id` IN (8) [ RunTime:0.000242s ]
[ sql ] [ SQL ] SELECT * FROM `gr_user_group` WHERE  `id` IN (11) [ RunTime:0.000241s ]
[ sql ] [ SQL ] SELECT * FROM `gr_user_group` WHERE  `id` IN (13) [ RunTime:0.000245s ]
[ sql ] [ SQL ] SELECT * FROM `gr_user_group` WHERE  `id` IN (11) [ RunTime:0.000240s ]
[ sql ] [ SQL ] SELECT * FROM `gr_user_group` WHERE  `id` IN (11) [ RunTime:0.000255s ]
[ sql ] [ SQL ] SELECT * FROM `gr_user_group` WHERE  `id` IN (9) [ RunTime:0.000282s ]
[ sql ] [ SQL ] SELECT * FROM `gr_user_group` WHERE  `id` IN (8) [ RunTime:0.000263s ]
[ sql ] [ SQL ] SELECT * FROM `gr_user_group` WHERE  `id` IN (10) [ RunTime:0.000255s ]
[ sql ] [ SQL ] SELECT * FROM `gr_user_group` WHERE  `id` IN (10) [ RunTime:0.000270s ]
[ sql ] [ SQL ] SELECT * FROM `gr_user_group` WHERE  `id` IN (10) [ RunTime:0.000249s ]
[ sql ] [ SQL ] SELECT * FROM `gr_user_group` WHERE  `id` IN (11) [ RunTime:0.000254s ]
[ sql ] [ SQL ] SELECT * FROM `gr_user_group` WHERE  `id` IN (14) [ RunTime:0.000244s ]
[ sql ] [ SQL ] SELECT * FROM `gr_user_group` WHERE  `id` IN (10) [ RunTime:0.000245s ]
[ sql ] [ SQL ] SELECT * FROM `gr_user_group` WHERE  `id` IN (11) [ RunTime:0.000244s ]
[ sql ] [ SQL ] SELECT * FROM `gr_user_group` WHERE  `id` IN (10) [ RunTime:0.000289s ]
[ sql ] [ SQL ] SELECT * FROM `gr_user_group` WHERE  `id` IN (10) [ RunTime:0.000259s ]
[ sql ] [ SQL ] SELECT * FROM `gr_user_group` WHERE  `id` IN (11) [ RunTime:0.000282s ]
[ sql ] [ SQL ] SELECT * FROM `gr_user_group` WHERE  `id` IN (17) [ RunTime:0.000254s ]
[ sql ] [ SQL ] SELECT * FROM `gr_user_group` WHERE  `id` IN (13,17,10,11,5,14,8,9) [ RunTime:0.000316s ]
[ sql ] [ SQL ] SELECT * FROM `gr_user_group` WHERE  `id` IN (13,17,8,9) [ RunTime:0.000275s ]
[ sql ] [ SQL ] SELECT * FROM `gr_user_group` WHERE  `id` IN (8) [ RunTime:0.000271s ]
[ sql ] [ SQL ] SELECT * FROM `gr_user_group` WHERE  `id` IN (10) [ RunTime:0.000248s ]
[ sql ] [ SQL ] SELECT * FROM `gr_user_group` WHERE  `id` IN (8) [ RunTime:0.000246s ]
[ sql ] [ SQL ] SELECT * FROM `gr_user_group` WHERE  `id` IN (8) [ RunTime:0.000246s ]
[ sql ] [ SQL ] SELECT * FROM `gr_user_group` WHERE  `id` IN (8) [ RunTime:0.000245s ]
[ sql ] [ SQL ] SELECT * FROM `gr_user_group` WHERE  `id` IN (10) [ RunTime:0.000246s ]
[ sql ] [ SQL ] SELECT * FROM `gr_user_group` WHERE  `id` IN (10) [ RunTime:0.000291s ]
[ sql ] [ SQL ] SELECT * FROM `gr_user_group` WHERE  `id` IN (10) [ RunTime:0.000265s ]
[ sql ] [ SQL ] SELECT * FROM `gr_user_group` WHERE  `id` IN (10) [ RunTime:0.000252s ]
[ sql ] [ SQL ] SELECT * FROM `gr_user_group` WHERE  `id` IN (8) [ RunTime:0.000249s ]
---------------------------------------------------------------
[ 2023-02-21T10:26:28+08:00 ] 127.0.0.1 POST api.newkefu.com/admin/Sysmanage/gameDetail
[运行时间：0.109909s] [吞吐率：9.10req/s] [内存消耗：5,050.77kb] [文件加载：196]
[ info ] [ LANG ] D:\phpstudy_pro\WWW\new_kefu_online\thinkphp\lang\zh-cn.php
[ info ] [ ROUTE ] array (
  'type' => 'module',
  'module' => 
  array (
    0 => 'admin',
    1 => 'Sysmanage',
    2 => 'gameDetail',
  ),
)
[ info ] [ HEADER ] array (
  'cache-control' => 'no-cache',
  'pragma' => 'no-cache',
  'referer' => 'http://www.newkefu.com/',
  'connection' => 'close',
  'origin' => 'http://www.newkefu.com',
  'content-length' => '5',
  'platform' => 'youyu',
  'token' => 'eyJ0eXAiOiJKV1QiLCJhbGciOiJIUzI1NiIsImp0aSI6ImxYWGluZyJ9.eyJpc3MiOiJhcGkubmV3a2VmdS5jb20iLCJqdGkiOiJsWFhpbmciLCJpYXQiOjE2NzYzNDU5NDEsImV4cCI6MTY3ODkzNzk0MSwidWlkIjoxNDN9.l4xw9kc1eoiIXq6Hvd2mqxmf0AE3TRPy5zYdvnjntI8',
  'content-type' => 'application/x-www-form-urlencoded; charset=UTF-8',
  'accept-encoding' => 'gzip, deflate',
  'accept-language' => 'zh-CN,zh;q=0.8,zh-TW;q=0.7,zh-HK;q=0.5,en-US;q=0.3,en;q=0.2',
  'accept' => 'application/json, text/javascript, */*; q=0.01',
  'user-agent' => 'Mozilla/5.0 (Windows NT 10.0; Win64; x64; rv:109.0) Gecko/20100101 Firefox/109.0',
  'host' => 'api.newkefu.com',
)
[ info ] [ PARAM ] array (
  '/admin/Sysmanage/gameDetail' => '',
  'id' => '42',
)
[ info ] [ DB ] INIT mysql
[ info ] [ CACHE ] INIT redis
[ info ] [ DB ] INIT mysql
[ info ] [ RUN ] app\admin\controller\Sysmanage->gameDetail[ D:\phpstudy_pro\WWW\new_kefu_online\application\admin\controller\Sysmanage.php ]
[ info ] [ DB ] INIT mysql
[ info ] [ LOG ] INIT File
[ sql ] [ DB ] CONNECT:[ UseTime:0.001167s ] mysql:host=127.0.0.1;port=3306;dbname=gr_chat;charset=utf8
[ sql ] [ SQL ] SHOW COLUMNS FROM `gr_user_group` [ RunTime:0.000740s ]
[ sql ] [ SQL ] SELECT * FROM `gr_user_group` WHERE  `id` IN (17,10,11,5,14,8,9,7,16) [ RunTime:0.000464s ]
[ sql ] [ SQL ] SHOW COLUMNS FROM `gr_menu_new` [ RunTime:0.000747s ]
[ sql ] [ SQL ] SELECT m.menu_id as id,`m`.`menu_name`,`m`.`p_id`,`m`.`controller`,`m`.`action`,`m`.`is_show`,`m`.`url`,`m`.`type` FROM `gr_menu_new` `m` ORDER BY `p_id` ASC,`sort` ASC,`id` ASC [ RunTime:0.000904s ]
---------------------------------------------------------------
[ 2023-02-21T14:31:48+08:00 ] 127.0.0.1 POST api.newkefu.com/admin/Sysmanage/gameDetail
[运行时间：0.135552s] [吞吐率：7.38req/s] [内存消耗：5,067.02kb] [文件加载：197]
[ info ] [ LANG ] D:\phpstudy_pro\WWW\new_kefu_online\thinkphp\lang\zh-cn.php
[ info ] [ ROUTE ] array (
  'type' => 'module',
  'module' => 
  array (
    0 => 'admin',
    1 => 'Sysmanage',
    2 => 'gameDetail',
  ),
)
[ info ] [ HEADER ] array (
  'cache-control' => 'no-cache',
  'pragma' => 'no-cache',
  'referer' => 'http://www.newkefu.com/',
  'connection' => 'close',
  'origin' => 'http://www.newkefu.com',
  'content-length' => '5',
  'platform' => 'youyu',
  'token' => 'eyJ0eXAiOiJKV1QiLCJhbGciOiJIUzI1NiIsImp0aSI6ImxYWGluZyJ9.eyJpc3MiOiJhcGkubmV3a2VmdS5jb20iLCJqdGkiOiJsWFhpbmciLCJpYXQiOjE2NzYzNDU5NDEsImV4cCI6MTY3ODkzNzk0MSwidWlkIjoxNDN9.l4xw9kc1eoiIXq6Hvd2mqxmf0AE3TRPy5zYdvnjntI8',
  'content-type' => 'application/x-www-form-urlencoded; charset=UTF-8',
  'accept-encoding' => 'gzip, deflate',
  'accept-language' => 'zh-CN,zh;q=0.8,zh-TW;q=0.7,zh-HK;q=0.5,en-US;q=0.3,en;q=0.2',
  'accept' => 'application/json, text/javascript, */*; q=0.01',
  'user-agent' => 'Mozilla/5.0 (Windows NT 10.0; Win64; x64; rv:109.0) Gecko/20100101 Firefox/109.0',
  'host' => 'api.newkefu.com',
)
[ info ] [ PARAM ] array (
  '/admin/Sysmanage/gameDetail' => '',
  'id' => '42',
)
[ info ] [ DB ] INIT mysql
[ info ] [ CACHE ] INIT redis
[ info ] [ DB ] INIT mysql
[ info ] [ DB ] INIT mysql
[ info ] [ RUN ] app\admin\controller\Sysmanage->gameDetail[ D:\phpstudy_pro\WWW\new_kefu_online\application\admin\controller\Sysmanage.php ]
[ info ] [ LOG ] INIT File
[ sql ] [ DB ] CONNECT:[ UseTime:0.001533s ] mysql:host=127.0.0.1;port=3306;dbname=gr_chat;charset=utf8
[ sql ] [ SQL ] SHOW COLUMNS FROM `gr_user_group` [ RunTime:0.001307s ]
[ sql ] [ SQL ] SELECT * FROM `gr_user_group` WHERE  `id` IN (17,10,11,5,14,8,9,7,16) [ RunTime:0.000537s ]
[ sql ] [ SQL ] SHOW COLUMNS FROM `gr_menu_new` [ RunTime:0.000953s ]
[ sql ] [ SQL ] SELECT m.menu_id as id,`m`.`menu_name`,`m`.`p_id`,`m`.`controller`,`m`.`action`,`m`.`is_show`,`m`.`url`,`m`.`type` FROM `gr_menu_new` `m` ORDER BY `p_id` ASC,`sort` ASC,`id` ASC [ RunTime:0.003783s ]
---------------------------------------------------------------
[ 2023-02-21T14:32:24+08:00 ] 127.0.0.1 POST api.newkefu.com/admin/Sysmanage/gameDetail
[运行时间：0.156800s] [吞吐率：6.38req/s] [内存消耗：5,050.77kb] [文件加载：196]
[ info ] [ LANG ] D:\phpstudy_pro\WWW\new_kefu_online\thinkphp\lang\zh-cn.php
[ info ] [ ROUTE ] array (
  'type' => 'module',
  'module' => 
  array (
    0 => 'admin',
    1 => 'Sysmanage',
    2 => 'gameDetail',
  ),
)
[ info ] [ HEADER ] array (
  'cache-control' => 'no-cache',
  'pragma' => 'no-cache',
  'referer' => 'http://www.newkefu.com/',
  'connection' => 'close',
  'origin' => 'http://www.newkefu.com',
  'content-length' => '5',
  'platform' => 'youyu',
  'token' => 'eyJ0eXAiOiJKV1QiLCJhbGciOiJIUzI1NiIsImp0aSI6ImxYWGluZyJ9.eyJpc3MiOiJhcGkubmV3a2VmdS5jb20iLCJqdGkiOiJsWFhpbmciLCJpYXQiOjE2NzYzNDU5NDEsImV4cCI6MTY3ODkzNzk0MSwidWlkIjoxNDN9.l4xw9kc1eoiIXq6Hvd2mqxmf0AE3TRPy5zYdvnjntI8',
  'content-type' => 'application/x-www-form-urlencoded; charset=UTF-8',
  'accept-encoding' => 'gzip, deflate',
  'accept-language' => 'zh-CN,zh;q=0.8,zh-TW;q=0.7,zh-HK;q=0.5,en-US;q=0.3,en;q=0.2',
  'accept' => 'application/json, text/javascript, */*; q=0.01',
  'user-agent' => 'Mozilla/5.0 (Windows NT 10.0; Win64; x64; rv:109.0) Gecko/20100101 Firefox/109.0',
  'host' => 'api.newkefu.com',
)
[ info ] [ PARAM ] array (
  '/admin/Sysmanage/gameDetail' => '',
  'id' => '42',
)
[ info ] [ DB ] INIT mysql
[ info ] [ CACHE ] INIT redis
[ info ] [ DB ] INIT mysql
[ info ] [ RUN ] app\admin\controller\Sysmanage->gameDetail[ D:\phpstudy_pro\WWW\new_kefu_online\application\admin\controller\Sysmanage.php ]
[ info ] [ DB ] INIT mysql
[ info ] [ LOG ] INIT File
[ sql ] [ DB ] CONNECT:[ UseTime:0.001314s ] mysql:host=127.0.0.1;port=3306;dbname=gr_chat;charset=utf8
[ sql ] [ SQL ] SHOW COLUMNS FROM `gr_user_group` [ RunTime:0.001333s ]
[ sql ] [ SQL ] SELECT * FROM `gr_user_group` WHERE  `id` IN (17,10,11,5,14,8,9,7,16) [ RunTime:0.000479s ]
[ sql ] [ SQL ] SHOW COLUMNS FROM `gr_menu_new` [ RunTime:0.000866s ]
[ sql ] [ SQL ] SELECT m.menu_id as id,`m`.`menu_name`,`m`.`p_id`,`m`.`controller`,`m`.`action`,`m`.`is_show`,`m`.`url`,`m`.`type` FROM `gr_menu_new` `m` ORDER BY `p_id` ASC,`sort` ASC,`id` ASC [ RunTime:0.001131s ]
---------------------------------------------------------------
[ 2023-02-21T14:32:31+08:00 ] 127.0.0.1 POST api.newkefu.com/admin/Sysmanage/gameDetail
[运行时间：0.119152s] [吞吐率：8.39req/s] [内存消耗：5,050.77kb] [文件加载：196]
[ info ] [ LANG ] D:\phpstudy_pro\WWW\new_kefu_online\thinkphp\lang\zh-cn.php
[ info ] [ ROUTE ] array (
  'type' => 'module',
  'module' => 
  array (
    0 => 'admin',
    1 => 'Sysmanage',
    2 => 'gameDetail',
  ),
)
[ info ] [ HEADER ] array (
  'cache-control' => 'no-cache',
  'pragma' => 'no-cache',
  'referer' => 'http://www.newkefu.com/',
  'connection' => 'close',
  'origin' => 'http://www.newkefu.com',
  'content-length' => '5',
  'platform' => 'youyu',
  'token' => 'eyJ0eXAiOiJKV1QiLCJhbGciOiJIUzI1NiIsImp0aSI6ImxYWGluZyJ9.eyJpc3MiOiJhcGkubmV3a2VmdS5jb20iLCJqdGkiOiJsWFhpbmciLCJpYXQiOjE2NzYzNDU5NDEsImV4cCI6MTY3ODkzNzk0MSwidWlkIjoxNDN9.l4xw9kc1eoiIXq6Hvd2mqxmf0AE3TRPy5zYdvnjntI8',
  'content-type' => 'application/x-www-form-urlencoded; charset=UTF-8',
  'accept-encoding' => 'gzip, deflate',
  'accept-language' => 'zh-CN,zh;q=0.8,zh-TW;q=0.7,zh-HK;q=0.5,en-US;q=0.3,en;q=0.2',
  'accept' => 'application/json, text/javascript, */*; q=0.01',
  'user-agent' => 'Mozilla/5.0 (Windows NT 10.0; Win64; x64; rv:109.0) Gecko/20100101 Firefox/109.0',
  'host' => 'api.newkefu.com',
)
[ info ] [ PARAM ] array (
  '/admin/Sysmanage/gameDetail' => '',
  'id' => '42',
)
[ info ] [ DB ] INIT mysql
[ info ] [ CACHE ] INIT redis
[ info ] [ DB ] INIT mysql
[ info ] [ RUN ] app\admin\controller\Sysmanage->gameDetail[ D:\phpstudy_pro\WWW\new_kefu_online\application\admin\controller\Sysmanage.php ]
[ info ] [ DB ] INIT mysql
[ info ] [ LOG ] INIT File
[ sql ] [ DB ] CONNECT:[ UseTime:0.001291s ] mysql:host=127.0.0.1;port=3306;dbname=gr_chat;charset=utf8
[ sql ] [ SQL ] SHOW COLUMNS FROM `gr_user_group` [ RunTime:0.001209s ]
[ sql ] [ SQL ] SELECT * FROM `gr_user_group` WHERE  `id` IN (17,10,11,5,14,8,9,7,16) [ RunTime:0.000462s ]
[ sql ] [ SQL ] SHOW COLUMNS FROM `gr_menu_new` [ RunTime:0.000951s ]
[ sql ] [ SQL ] SELECT m.menu_id as id,`m`.`menu_name`,`m`.`p_id`,`m`.`controller`,`m`.`action`,`m`.`is_show`,`m`.`url`,`m`.`type` FROM `gr_menu_new` `m` ORDER BY `p_id` ASC,`sort` ASC,`id` ASC [ RunTime:0.000963s ]
---------------------------------------------------------------
[ 2023-02-21T14:32:40+08:00 ] 127.0.0.1 POST api.newkefu.com/admin/Sysmanage/gameDetail
[运行时间：0.127334s] [吞吐率：7.85req/s] [内存消耗：5,050.77kb] [文件加载：196]
[ info ] [ LANG ] D:\phpstudy_pro\WWW\new_kefu_online\thinkphp\lang\zh-cn.php
[ info ] [ ROUTE ] array (
  'type' => 'module',
  'module' => 
  array (
    0 => 'admin',
    1 => 'Sysmanage',
    2 => 'gameDetail',
  ),
)
[ info ] [ HEADER ] array (
  'cache-control' => 'no-cache',
  'pragma' => 'no-cache',
  'referer' => 'http://www.newkefu.com/',
  'connection' => 'close',
  'origin' => 'http://www.newkefu.com',
  'content-length' => '5',
  'platform' => 'youyu',
  'token' => 'eyJ0eXAiOiJKV1QiLCJhbGciOiJIUzI1NiIsImp0aSI6ImxYWGluZyJ9.eyJpc3MiOiJhcGkubmV3a2VmdS5jb20iLCJqdGkiOiJsWFhpbmciLCJpYXQiOjE2NzYzNDU5NDEsImV4cCI6MTY3ODkzNzk0MSwidWlkIjoxNDN9.l4xw9kc1eoiIXq6Hvd2mqxmf0AE3TRPy5zYdvnjntI8',
  'content-type' => 'application/x-www-form-urlencoded; charset=UTF-8',
  'accept-encoding' => 'gzip, deflate',
  'accept-language' => 'zh-CN,zh;q=0.8,zh-TW;q=0.7,zh-HK;q=0.5,en-US;q=0.3,en;q=0.2',
  'accept' => 'application/json, text/javascript, */*; q=0.01',
  'user-agent' => 'Mozilla/5.0 (Windows NT 10.0; Win64; x64; rv:109.0) Gecko/20100101 Firefox/109.0',
  'host' => 'api.newkefu.com',
)
[ info ] [ PARAM ] array (
  '/admin/Sysmanage/gameDetail' => '',
  'id' => '42',
)
[ info ] [ DB ] INIT mysql
[ info ] [ CACHE ] INIT redis
[ info ] [ DB ] INIT mysql
[ info ] [ RUN ] app\admin\controller\Sysmanage->gameDetail[ D:\phpstudy_pro\WWW\new_kefu_online\application\admin\controller\Sysmanage.php ]
[ info ] [ DB ] INIT mysql
[ info ] [ LOG ] INIT File
[ sql ] [ DB ] CONNECT:[ UseTime:0.001132s ] mysql:host=127.0.0.1;port=3306;dbname=gr_chat;charset=utf8
[ sql ] [ SQL ] SHOW COLUMNS FROM `gr_user_group` [ RunTime:0.000896s ]
[ sql ] [ SQL ] SELECT * FROM `gr_user_group` WHERE  `id` IN (17,10,11,5,14,8,9,7,16) [ RunTime:0.000395s ]
[ sql ] [ SQL ] SHOW COLUMNS FROM `gr_menu_new` [ RunTime:0.002915s ]
[ sql ] [ SQL ] SELECT m.menu_id as id,`m`.`menu_name`,`m`.`p_id`,`m`.`controller`,`m`.`action`,`m`.`is_show`,`m`.`url`,`m`.`type` FROM `gr_menu_new` `m` ORDER BY `p_id` ASC,`sort` ASC,`id` ASC [ RunTime:0.001027s ]
---------------------------------------------------------------
[ 2023-02-21T14:32:50+08:00 ] 127.0.0.1 POST api.newkefu.com/admin/Sysmanage/gameDetail
[运行时间：0.101429s] [吞吐率：9.86req/s] [内存消耗：5,050.77kb] [文件加载：196]
[ info ] [ LANG ] D:\phpstudy_pro\WWW\new_kefu_online\thinkphp\lang\zh-cn.php
[ info ] [ ROUTE ] array (
  'type' => 'module',
  'module' => 
  array (
    0 => 'admin',
    1 => 'Sysmanage',
    2 => 'gameDetail',
  ),
)
[ info ] [ HEADER ] array (
  'cache-control' => 'no-cache',
  'pragma' => 'no-cache',
  'referer' => 'http://www.newkefu.com/',
  'connection' => 'close',
  'origin' => 'http://www.newkefu.com',
  'content-length' => '5',
  'platform' => 'youyu',
  'token' => 'eyJ0eXAiOiJKV1QiLCJhbGciOiJIUzI1NiIsImp0aSI6ImxYWGluZyJ9.eyJpc3MiOiJhcGkubmV3a2VmdS5jb20iLCJqdGkiOiJsWFhpbmciLCJpYXQiOjE2NzYzNDU5NDEsImV4cCI6MTY3ODkzNzk0MSwidWlkIjoxNDN9.l4xw9kc1eoiIXq6Hvd2mqxmf0AE3TRPy5zYdvnjntI8',
  'content-type' => 'application/x-www-form-urlencoded; charset=UTF-8',
  'accept-encoding' => 'gzip, deflate',
  'accept-language' => 'zh-CN,zh;q=0.8,zh-TW;q=0.7,zh-HK;q=0.5,en-US;q=0.3,en;q=0.2',
  'accept' => 'application/json, text/javascript, */*; q=0.01',
  'user-agent' => 'Mozilla/5.0 (Windows NT 10.0; Win64; x64; rv:109.0) Gecko/20100101 Firefox/109.0',
  'host' => 'api.newkefu.com',
)
[ info ] [ PARAM ] array (
  '/admin/Sysmanage/gameDetail' => '',
  'id' => '42',
)
[ info ] [ DB ] INIT mysql
[ info ] [ CACHE ] INIT redis
[ info ] [ DB ] INIT mysql
[ info ] [ RUN ] app\admin\controller\Sysmanage->gameDetail[ D:\phpstudy_pro\WWW\new_kefu_online\application\admin\controller\Sysmanage.php ]
[ info ] [ DB ] INIT mysql
[ info ] [ LOG ] INIT File
[ sql ] [ DB ] CONNECT:[ UseTime:0.001299s ] mysql:host=127.0.0.1;port=3306;dbname=gr_chat;charset=utf8
[ sql ] [ SQL ] SHOW COLUMNS FROM `gr_user_group` [ RunTime:0.000841s ]
[ sql ] [ SQL ] SELECT * FROM `gr_user_group` WHERE  `id` IN (17,10,11,5,14,8,9,7,16) [ RunTime:0.000454s ]
[ sql ] [ SQL ] SHOW COLUMNS FROM `gr_menu_new` [ RunTime:0.000717s ]
[ sql ] [ SQL ] SELECT m.menu_id as id,`m`.`menu_name`,`m`.`p_id`,`m`.`controller`,`m`.`action`,`m`.`is_show`,`m`.`url`,`m`.`type` FROM `gr_menu_new` `m` ORDER BY `p_id` ASC,`sort` ASC,`id` ASC [ RunTime:0.000966s ]
---------------------------------------------------------------
[ 2023-02-21T14:35:24+08:00 ] 127.0.0.1 POST api.newkefu.com/admin/Sysmanage/gameDetail
[运行时间：0.140519s] [吞吐率：7.12req/s] [内存消耗：5,050.77kb] [文件加载：196]
[ info ] [ LANG ] D:\phpstudy_pro\WWW\new_kefu_online\thinkphp\lang\zh-cn.php
[ info ] [ ROUTE ] array (
  'type' => 'module',
  'module' => 
  array (
    0 => 'admin',
    1 => 'Sysmanage',
    2 => 'gameDetail',
  ),
)
[ info ] [ HEADER ] array (
  'cache-control' => 'no-cache',
  'pragma' => 'no-cache',
  'referer' => 'http://www.newkefu.com/',
  'connection' => 'close',
  'origin' => 'http://www.newkefu.com',
  'content-length' => '5',
  'platform' => 'youyu',
  'token' => 'eyJ0eXAiOiJKV1QiLCJhbGciOiJIUzI1NiIsImp0aSI6ImxYWGluZyJ9.eyJpc3MiOiJhcGkubmV3a2VmdS5jb20iLCJqdGkiOiJsWFhpbmciLCJpYXQiOjE2NzYzNDU5NDEsImV4cCI6MTY3ODkzNzk0MSwidWlkIjoxNDN9.l4xw9kc1eoiIXq6Hvd2mqxmf0AE3TRPy5zYdvnjntI8',
  'content-type' => 'application/x-www-form-urlencoded; charset=UTF-8',
  'accept-encoding' => 'gzip, deflate',
  'accept-language' => 'zh-CN,zh;q=0.8,zh-TW;q=0.7,zh-HK;q=0.5,en-US;q=0.3,en;q=0.2',
  'accept' => 'application/json, text/javascript, */*; q=0.01',
  'user-agent' => 'Mozilla/5.0 (Windows NT 10.0; Win64; x64; rv:109.0) Gecko/20100101 Firefox/109.0',
  'host' => 'api.newkefu.com',
)
[ info ] [ PARAM ] array (
  '/admin/Sysmanage/gameDetail' => '',
  'id' => '42',
)
[ info ] [ DB ] INIT mysql
[ info ] [ CACHE ] INIT redis
[ info ] [ DB ] INIT mysql
[ info ] [ RUN ] app\admin\controller\Sysmanage->gameDetail[ D:\phpstudy_pro\WWW\new_kefu_online\application\admin\controller\Sysmanage.php ]
[ info ] [ DB ] INIT mysql
[ info ] [ LOG ] INIT File
[ sql ] [ DB ] CONNECT:[ UseTime:0.001148s ] mysql:host=127.0.0.1;port=3306;dbname=gr_chat;charset=utf8
[ sql ] [ SQL ] SHOW COLUMNS FROM `gr_user_group` [ RunTime:0.000760s ]
[ sql ] [ SQL ] SELECT * FROM `gr_user_group` WHERE  `id` IN (17,10,11,5,14,8,9,7,16) [ RunTime:0.000391s ]
[ sql ] [ SQL ] SHOW COLUMNS FROM `gr_menu_new` [ RunTime:0.000955s ]
[ sql ] [ SQL ] SELECT m.menu_id as id,`m`.`menu_name`,`m`.`p_id`,`m`.`controller`,`m`.`action`,`m`.`is_show`,`m`.`url`,`m`.`type` FROM `gr_menu_new` `m` ORDER BY `p_id` ASC,`sort` ASC,`id` ASC [ RunTime:0.001238s ]
---------------------------------------------------------------
[ 2023-02-21T14:35:34+08:00 ] 127.0.0.1 POST api.newkefu.com/admin/Sysmanage/gameDetail
[运行时间：0.112779s] [吞吐率：8.87req/s] [内存消耗：5,050.83kb] [文件加载：196]
[ info ] [ LANG ] D:\phpstudy_pro\WWW\new_kefu_online\thinkphp\lang\zh-cn.php
[ info ] [ ROUTE ] array (
  'type' => 'module',
  'module' => 
  array (
    0 => 'admin',
    1 => 'Sysmanage',
    2 => 'gameDetail',
  ),
)
[ info ] [ HEADER ] array (
  'cache-control' => 'no-cache',
  'pragma' => 'no-cache',
  'referer' => 'http://www.newkefu.com/',
  'connection' => 'close',
  'origin' => 'http://www.newkefu.com',
  'content-length' => '5',
  'platform' => 'youyu',
  'token' => 'eyJ0eXAiOiJKV1QiLCJhbGciOiJIUzI1NiIsImp0aSI6ImxYWGluZyJ9.eyJpc3MiOiJhcGkubmV3a2VmdS5jb20iLCJqdGkiOiJsWFhpbmciLCJpYXQiOjE2NzYzNDU5NDEsImV4cCI6MTY3ODkzNzk0MSwidWlkIjoxNDN9.l4xw9kc1eoiIXq6Hvd2mqxmf0AE3TRPy5zYdvnjntI8',
  'content-type' => 'application/x-www-form-urlencoded; charset=UTF-8',
  'accept-encoding' => 'gzip, deflate',
  'accept-language' => 'zh-CN,zh;q=0.8,zh-TW;q=0.7,zh-HK;q=0.5,en-US;q=0.3,en;q=0.2',
  'accept' => 'application/json, text/javascript, */*; q=0.01',
  'user-agent' => 'Mozilla/5.0 (Windows NT 10.0; Win64; x64; rv:109.0) Gecko/20100101 Firefox/109.0',
  'host' => 'api.newkefu.com',
)
[ info ] [ PARAM ] array (
  '/admin/Sysmanage/gameDetail' => '',
  'id' => '41',
)
[ info ] [ DB ] INIT mysql
[ info ] [ CACHE ] INIT redis
[ info ] [ DB ] INIT mysql
[ info ] [ RUN ] app\admin\controller\Sysmanage->gameDetail[ D:\phpstudy_pro\WWW\new_kefu_online\application\admin\controller\Sysmanage.php ]
[ info ] [ DB ] INIT mysql
[ info ] [ LOG ] INIT File
[ sql ] [ DB ] CONNECT:[ UseTime:0.001266s ] mysql:host=127.0.0.1;port=3306;dbname=gr_chat;charset=utf8
[ sql ] [ SQL ] SHOW COLUMNS FROM `gr_user_group` [ RunTime:0.000830s ]
[ sql ] [ SQL ] SELECT * FROM `gr_user_group` WHERE  `id` IN (17,10,11,5,14,8,9,7,16) [ RunTime:0.000390s ]
[ sql ] [ SQL ] SHOW COLUMNS FROM `gr_menu_new` [ RunTime:0.000733s ]
[ sql ] [ SQL ] SELECT m.menu_id as id,`m`.`menu_name`,`m`.`p_id`,`m`.`controller`,`m`.`action`,`m`.`is_show`,`m`.`url`,`m`.`type` FROM `gr_menu_new` `m` ORDER BY `p_id` ASC,`sort` ASC,`id` ASC [ RunTime:0.001090s ]
---------------------------------------------------------------
[ 2023-02-21T14:37:02+08:00 ] 127.0.0.1 POST api.newkefu.com/admin/Sysmanage/gameDetail
[运行时间：0.104673s] [吞吐率：9.55req/s] [内存消耗：5,050.83kb] [文件加载：196]
[ info ] [ LANG ] D:\phpstudy_pro\WWW\new_kefu_online\thinkphp\lang\zh-cn.php
[ info ] [ ROUTE ] array (
  'type' => 'module',
  'module' => 
  array (
    0 => 'admin',
    1 => 'Sysmanage',
    2 => 'gameDetail',
  ),
)
[ info ] [ HEADER ] array (
  'cache-control' => 'no-cache',
  'pragma' => 'no-cache',
  'referer' => 'http://www.newkefu.com/',
  'connection' => 'close',
  'origin' => 'http://www.newkefu.com',
  'content-length' => '5',
  'platform' => 'youyu',
  'token' => 'eyJ0eXAiOiJKV1QiLCJhbGciOiJIUzI1NiIsImp0aSI6ImxYWGluZyJ9.eyJpc3MiOiJhcGkubmV3a2VmdS5jb20iLCJqdGkiOiJsWFhpbmciLCJpYXQiOjE2NzYzNDU5NDEsImV4cCI6MTY3ODkzNzk0MSwidWlkIjoxNDN9.l4xw9kc1eoiIXq6Hvd2mqxmf0AE3TRPy5zYdvnjntI8',
  'content-type' => 'application/x-www-form-urlencoded; charset=UTF-8',
  'accept-encoding' => 'gzip, deflate',
  'accept-language' => 'zh-CN,zh;q=0.8,zh-TW;q=0.7,zh-HK;q=0.5,en-US;q=0.3,en;q=0.2',
  'accept' => 'application/json, text/javascript, */*; q=0.01',
  'user-agent' => 'Mozilla/5.0 (Windows NT 10.0; Win64; x64; rv:109.0) Gecko/20100101 Firefox/109.0',
  'host' => 'api.newkefu.com',
)
[ info ] [ PARAM ] array (
  '/admin/Sysmanage/gameDetail' => '',
  'id' => '41',
)
[ info ] [ DB ] INIT mysql
[ info ] [ CACHE ] INIT redis
[ info ] [ DB ] INIT mysql
[ info ] [ RUN ] app\admin\controller\Sysmanage->gameDetail[ D:\phpstudy_pro\WWW\new_kefu_online\application\admin\controller\Sysmanage.php ]
[ info ] [ DB ] INIT mysql
[ info ] [ LOG ] INIT File
[ sql ] [ DB ] CONNECT:[ UseTime:0.001236s ] mysql:host=127.0.0.1;port=3306;dbname=gr_chat;charset=utf8
[ sql ] [ SQL ] SHOW COLUMNS FROM `gr_user_group` [ RunTime:0.000827s ]
[ sql ] [ SQL ] SELECT * FROM `gr_user_group` WHERE  `id` IN (17,10,11,5,14,8,9,7,16) [ RunTime:0.000381s ]
[ sql ] [ SQL ] SHOW COLUMNS FROM `gr_menu_new` [ RunTime:0.000812s ]
[ sql ] [ SQL ] SELECT m.menu_id as id,`m`.`menu_name`,`m`.`p_id`,`m`.`controller`,`m`.`action`,`m`.`is_show`,`m`.`url`,`m`.`type` FROM `gr_menu_new` `m` ORDER BY `p_id` ASC,`sort` ASC,`id` ASC [ RunTime:0.000946s ]
---------------------------------------------------------------
[ 2023-02-21T14:37:19+08:00 ] 127.0.0.1 POST api.newkefu.com/admin/Sysmanage/gameEdit
[运行时间：0.103899s] [吞吐率：9.62req/s] [内存消耗：5,105.45kb] [文件加载：197]
[ info ] [ LANG ] D:\phpstudy_pro\WWW\new_kefu_online\thinkphp\lang\zh-cn.php
[ info ] [ ROUTE ] array (
  'type' => 'module',
  'module' => 
  array (
    0 => 'admin',
    1 => 'Sysmanage',
    2 => 'gameEdit',
  ),
)
[ info ] [ HEADER ] array (
  'cache-control' => 'no-cache',
  'pragma' => 'no-cache',
  'referer' => 'http://www.newkefu.com/',
  'connection' => 'close',
  'origin' => 'http://www.newkefu.com',
  'content-length' => '727',
  'platform' => 'youyu',
  'token' => 'eyJ0eXAiOiJKV1QiLCJhbGciOiJIUzI1NiIsImp0aSI6ImxYWGluZyJ9.eyJpc3MiOiJhcGkubmV3a2VmdS5jb20iLCJqdGkiOiJsWFhpbmciLCJpYXQiOjE2NzYzNDU5NDEsImV4cCI6MTY3ODkzNzk0MSwidWlkIjoxNDN9.l4xw9kc1eoiIXq6Hvd2mqxmf0AE3TRPy5zYdvnjntI8',
  'content-type' => 'application/x-www-form-urlencoded; charset=UTF-8',
  'accept-encoding' => 'gzip, deflate',
  'accept-language' => 'zh-CN,zh;q=0.8,zh-TW;q=0.7,zh-HK;q=0.5,en-US;q=0.3,en;q=0.2',
  'accept' => 'application/json, text/javascript, */*; q=0.01',
  'user-agent' => 'Mozilla/5.0 (Windows NT 10.0; Win64; x64; rv:109.0) Gecko/20100101 Firefox/109.0',
  'host' => 'api.newkefu.com',
)
[ info ] [ PARAM ] array (
  '/admin/Sysmanage/gameEdit' => '',
  'game_name' => '冰雪-555',
  'game_code' => 'bx555',
  'key' => 'Jwex4CaryHf4MBjJdMBHS3EbSdhmN2hX',
  'config' => 
  array (
    'need_change_uid' => '0',
    'is_direct_game' => '1',
    'batch_block' => '1',
    'auto_block' => '1',
    'auto_action_block' => '1',
    'auto_merge_block' => '0',
    'need_cp_deal' => '0',
    'block_url' => 'https://lcwslogpy.guyuncq.com/bingxue2hf/api?m=Player&fn=banUser',
    'ip_url' => '',
    'chat_url' => 'https://lcwslogpy.guyuncq.com/bingxue2hf/api?m=Player&fn=banChat',
    'loginout_url' => '',
    'role_block_url' => 'https://lcwslogpy.guyuncq.com/bingxue2hf/api?m=Player&fn=banUser',
    'server_list' => '',
    'chat_time_limit' => '1',
  ),
  'type' => '2',
  'status' => '1',
  'id' => '41',
)
[ info ] [ DB ] INIT mysql
[ info ] [ CACHE ] INIT redis
[ info ] [ DB ] INIT mysql
[ info ] [ RUN ] app\admin\controller\Sysmanage->gameEdit[ D:\phpstudy_pro\WWW\new_kefu_online\application\admin\controller\Sysmanage.php ]
[ info ] [ DB ] INIT mysql
[ info ] [ LOG ] INIT File
[ sql ] [ DB ] CONNECT:[ UseTime:0.001070s ] mysql:host=127.0.0.1;port=3306;dbname=gr_chat;charset=utf8
[ sql ] [ SQL ] SHOW COLUMNS FROM `gr_user_group` [ RunTime:0.000741s ]
[ sql ] [ SQL ] SELECT * FROM `gr_user_group` WHERE  `id` IN (17,10,11,5,14,8,9,7,16) [ RunTime:0.000429s ]
[ sql ] [ SQL ] SHOW COLUMNS FROM `gr_menu_new` [ RunTime:0.000886s ]
[ sql ] [ SQL ] SELECT m.menu_id as id,`m`.`menu_name`,`m`.`p_id`,`m`.`controller`,`m`.`action`,`m`.`is_show`,`m`.`url`,`m`.`type` FROM `gr_menu_new` `m` ORDER BY `p_id` ASC,`sort` ASC,`id` ASC [ RunTime:0.000956s ]
---------------------------------------------------------------
[ 2023-02-21T14:37:21+08:00 ] 127.0.0.1 POST api.newkefu.com/admin/Sysmanage/gameList
[运行时间：0.233585s] [吞吐率：4.28req/s] [内存消耗：5,296.24kb] [文件加载：198]
[ info ] [ LANG ] D:\phpstudy_pro\WWW\new_kefu_online\thinkphp\lang\zh-cn.php
[ info ] [ ROUTE ] array (
  'type' => 'module',
  'module' => 
  array (
    0 => 'admin',
    1 => 'Sysmanage',
    2 => 'gameList',
  ),
)
[ info ] [ HEADER ] array (
  'cache-control' => 'no-cache',
  'pragma' => 'no-cache',
  'referer' => 'http://www.newkefu.com/',
  'connection' => 'close',
  'origin' => 'http://www.newkefu.com',
  'content-length' => '15',
  'platform' => 'youyu',
  'token' => 'eyJ0eXAiOiJKV1QiLCJhbGciOiJIUzI1NiIsImp0aSI6ImxYWGluZyJ9.eyJpc3MiOiJhcGkubmV3a2VmdS5jb20iLCJqdGkiOiJsWFhpbmciLCJpYXQiOjE2NzYzNDU5NDEsImV4cCI6MTY3ODkzNzk0MSwidWlkIjoxNDN9.l4xw9kc1eoiIXq6Hvd2mqxmf0AE3TRPy5zYdvnjntI8',
  'content-type' => 'application/x-www-form-urlencoded; charset=UTF-8',
  'accept-encoding' => 'gzip, deflate',
  'accept-language' => 'zh-CN,zh;q=0.8,zh-TW;q=0.7,zh-HK;q=0.5,en-US;q=0.3,en;q=0.2',
  'accept' => 'application/json, text/javascript, */*; q=0.01',
  'user-agent' => 'Mozilla/5.0 (Windows NT 10.0; Win64; x64; rv:109.0) Gecko/20100101 Firefox/109.0',
  'host' => 'api.newkefu.com',
)
[ info ] [ PARAM ] array (
  '/admin/Sysmanage/gameList' => '',
  'page' => '1',
  'limit' => '20',
)
[ info ] [ DB ] INIT mysql
[ info ] [ CACHE ] INIT redis
[ info ] [ DB ] INIT mysql
[ info ] [ RUN ] app\admin\controller\Sysmanage->gameList[ D:\phpstudy_pro\WWW\new_kefu_online\application\admin\controller\Sysmanage.php ]
[ info ] [ DB ] INIT mysql
[ info ] [ LOG ] INIT File
[ sql ] [ DB ] CONNECT:[ UseTime:0.001111s ] mysql:host=127.0.0.1;port=3306;dbname=gr_chat;charset=utf8
[ sql ] [ SQL ] SHOW COLUMNS FROM `gr_user_group` [ RunTime:0.000734s ]
[ sql ] [ SQL ] SELECT * FROM `gr_user_group` WHERE  `id` IN (17,10,11,5,14,8,9,7,16) [ RunTime:0.000442s ]
[ sql ] [ SQL ] SHOW COLUMNS FROM `gr_menu_new` [ RunTime:0.000636s ]
[ sql ] [ SQL ] SELECT m.menu_id as id,`m`.`menu_name`,`m`.`p_id`,`m`.`controller`,`m`.`action`,`m`.`is_show`,`m`.`url`,`m`.`type` FROM `gr_menu_new` `m` ORDER BY `p_id` ASC,`sort` ASC,`id` ASC [ RunTime:0.001043s ]
[ sql ] [ SQL ] SELECT * FROM `gr_user_group` WHERE  `id` IN (10) [ RunTime:0.000418s ]
[ sql ] [ SQL ] SELECT * FROM `gr_user_group` WHERE  `id` IN (11) [ RunTime:0.000280s ]
[ sql ] [ SQL ] SELECT * FROM `gr_user_group` WHERE  `id` IN (11) [ RunTime:0.000253s ]
[ sql ] [ SQL ] SELECT * FROM `gr_user_group` WHERE  `id` IN (10) [ RunTime:0.000245s ]
[ sql ] [ SQL ] SELECT * FROM `gr_user_group` WHERE  `id` IN (12) [ RunTime:0.000384s ]
[ sql ] [ SQL ] SELECT * FROM `gr_user_group` WHERE  `id` IN (10) [ RunTime:0.000334s ]
[ sql ] [ SQL ] SELECT * FROM `gr_user_group` WHERE  `id` IN (7) [ RunTime:0.000336s ]
[ sql ] [ SQL ] SELECT * FROM `gr_user_group` WHERE  `id` IN (8) [ RunTime:0.000343s ]
[ sql ] [ SQL ] SELECT * FROM `gr_user_group` WHERE  `id` IN (7) [ RunTime:0.000277s ]
[ sql ] [ SQL ] SELECT * FROM `gr_user_group` WHERE  `id` IN (11) [ RunTime:0.000252s ]
[ sql ] [ SQL ] SELECT * FROM `gr_user_group` WHERE  `id` IN (7) [ RunTime:0.000271s ]
[ sql ] [ SQL ] SELECT * FROM `gr_user_group` WHERE  `id` IN (7) [ RunTime:0.000261s ]
[ sql ] [ SQL ] SELECT * FROM `gr_user_group` WHERE  `id` IN (7) [ RunTime:0.000248s ]
[ sql ] [ SQL ] SELECT * FROM `gr_user_group` WHERE  `id` IN (8) [ RunTime:0.000241s ]
[ sql ] [ SQL ] SELECT * FROM `gr_user_group` WHERE  `id` IN (11) [ RunTime:0.000240s ]
[ sql ] [ SQL ] SELECT * FROM `gr_user_group` WHERE  `id` IN (10,11,8,9,7) [ RunTime:0.000281s ]
[ sql ] [ SQL ] SELECT * FROM `gr_user_group` WHERE  `id` IN (9) [ RunTime:0.000301s ]
[ sql ] [ SQL ] SELECT * FROM `gr_user_group` WHERE  `id` IN (17) [ RunTime:0.000267s ]
[ sql ] [ SQL ] SELECT * FROM `gr_user_group` WHERE  `id` IN (9) [ RunTime:0.000266s ]
[ sql ] [ SQL ] SELECT * FROM `gr_user_group` WHERE  `id` IN (9) [ RunTime:0.000246s ]
[ sql ] [ SQL ] SELECT * FROM `gr_user_group` WHERE  `id` IN (9) [ RunTime:0.000312s ]
[ sql ] [ SQL ] SELECT * FROM `gr_user_group` WHERE  `id` IN (9) [ RunTime:0.000248s ]
[ sql ] [ SQL ] SELECT * FROM `gr_user_group` WHERE  `id` IN (17) [ RunTime:0.000247s ]
[ sql ] [ SQL ] SELECT * FROM `gr_user_group` WHERE  `id` IN (9) [ RunTime:0.000248s ]
[ sql ] [ SQL ] SELECT * FROM `gr_user_group` WHERE  `id` IN (11,5,9,7) [ RunTime:0.000298s ]
[ sql ] [ SQL ] SELECT * FROM `gr_user_group` WHERE  `id` IN (9) [ RunTime:0.000251s ]
[ sql ] [ SQL ] SELECT * FROM `gr_user_group` WHERE  `id` IN (9) [ RunTime:0.000247s ]
[ sql ] [ SQL ] SELECT * FROM `gr_user_group` WHERE  `id` IN (9) [ RunTime:0.000249s ]
[ sql ] [ SQL ] SELECT * FROM `gr_user_group` WHERE  `id` IN (9) [ RunTime:0.000248s ]
[ sql ] [ SQL ] SELECT * FROM `gr_user_group` WHERE  `id` IN (9) [ RunTime:0.000246s ]
[ sql ] [ SQL ] SELECT * FROM `gr_user_group` WHERE  `id` IN (9) [ RunTime:0.000248s ]
[ sql ] [ SQL ] SELECT * FROM `gr_user_group` WHERE  `id` IN (11) [ RunTime:0.000242s ]
[ sql ] [ SQL ] SELECT * FROM `gr_user_group` WHERE  `id` IN (11) [ RunTime:0.000256s ]
[ sql ] [ SQL ] SELECT * FROM `gr_user_group` WHERE  `id` IN (17,11,5,9,7) [ RunTime:0.000335s ]
[ sql ] [ SQL ] SELECT * FROM `gr_user_group` WHERE  `id` IN (10) [ RunTime:0.000294s ]
[ sql ] [ SQL ] SELECT * FROM `gr_user_group` WHERE  `id` IN (13) [ RunTime:0.000267s ]
[ sql ] [ SQL ] SELECT * FROM `gr_user_group` WHERE  `id` IN (11) [ RunTime:0.000290s ]
[ sql ] [ SQL ] SELECT * FROM `gr_user_group` WHERE  `id` IN (13) [ RunTime:0.000352s ]
[ sql ] [ SQL ] SELECT * FROM `gr_user_group` WHERE  `id` IN (13) [ RunTime:0.000332s ]
[ sql ] [ SQL ] SELECT * FROM `gr_user_group` WHERE  `id` IN (11) [ RunTime:0.000301s ]
[ sql ] [ SQL ] SELECT * FROM `gr_user_group` WHERE  `id` IN (11) [ RunTime:0.000275s ]
[ sql ] [ SQL ] SELECT * FROM `gr_user_group` WHERE  `id` IN (11) [ RunTime:0.000252s ]
[ sql ] [ SQL ] SELECT * FROM `gr_user_group` WHERE  `id` IN (10) [ RunTime:0.000249s ]
[ sql ] [ SQL ] SELECT * FROM `gr_user_group` WHERE  `id` IN (11) [ RunTime:0.000270s ]
[ sql ] [ SQL ] SELECT * FROM `gr_user_group` WHERE  `id` IN (11) [ RunTime:0.000251s ]
[ sql ] [ SQL ] SELECT * FROM `gr_user_group` WHERE  `id` IN (10) [ RunTime:0.000241s ]
[ sql ] [ SQL ] SELECT * FROM `gr_user_group` WHERE  `id` IN (10) [ RunTime:0.000239s ]
[ sql ] [ SQL ] SELECT * FROM `gr_user_group` WHERE  `id` IN (10) [ RunTime:0.000242s ]
[ sql ] [ SQL ] SELECT * FROM `gr_user_group` WHERE  `id` IN (10) [ RunTime:0.000310s ]
[ sql ] [ SQL ] SELECT * FROM `gr_user_group` WHERE  `id` IN (9) [ RunTime:0.000267s ]
[ sql ] [ SQL ] SELECT * FROM `gr_user_group` WHERE  `id` IN (9) [ RunTime:0.000282s ]
[ sql ] [ SQL ] SELECT * FROM `gr_user_group` WHERE  `id` IN (9) [ RunTime:0.000252s ]
[ sql ] [ SQL ] SELECT * FROM `gr_user_group` WHERE  `id` IN (11) [ RunTime:0.000268s ]
[ sql ] [ SQL ] SELECT * FROM `gr_user_group` WHERE  `id` IN (11) [ RunTime:0.000285s ]
[ sql ] [ SQL ] SELECT * FROM `gr_user_group` WHERE  `id` IN (9) [ RunTime:0.000253s ]
[ sql ] [ SQL ] SELECT * FROM `gr_user_group` WHERE  `id` IN (10) [ RunTime:0.000239s ]
[ sql ] [ SQL ] SELECT * FROM `gr_user_group` WHERE  `id` IN (12) [ RunTime:0.000279s ]
[ sql ] [ SQL ] SELECT * FROM `gr_user_group` WHERE  `id` IN (12) [ RunTime:0.000251s ]
[ sql ] [ SQL ] SELECT * FROM `gr_user_group` WHERE  `id` IN (10) [ RunTime:0.000244s ]
[ sql ] [ SQL ] SELECT * FROM `gr_user_group` WHERE  `id` IN (10) [ RunTime:0.000278s ]
[ sql ] [ SQL ] SELECT * FROM `gr_user_group` WHERE  `id` IN (10) [ RunTime:0.000249s ]
[ sql ] [ SQL ] SELECT * FROM `gr_user_group` WHERE  `id` IN (10) [ RunTime:0.000245s ]
[ sql ] [ SQL ] SELECT * FROM `gr_user_group` WHERE  `id` IN (7) [ RunTime:0.000250s ]
[ sql ] [ SQL ] SELECT * FROM `gr_user_group` WHERE  `id` IN (7) [ RunTime:0.000244s ]
[ sql ] [ SQL ] SELECT * FROM `gr_user_group` WHERE  `id` IN (10) [ RunTime:0.000249s ]
[ sql ] [ SQL ] SELECT * FROM `gr_user_group` WHERE  `id` IN (17,10,11,5,14,8,9,7,16) [ RunTime:0.000288s ]
[ sql ] [ SQL ] SELECT * FROM `gr_user_group` WHERE  `id` IN (8) [ RunTime:0.000250s ]
[ sql ] [ SQL ] SELECT * FROM `gr_user_group` WHERE  `id` IN (10) [ RunTime:0.000247s ]
[ sql ] [ SQL ] SELECT * FROM `gr_user_group` WHERE  `id` IN (7,8) [ RunTime:0.000272s ]
[ sql ] [ SQL ] SELECT * FROM `gr_user_group` WHERE  `id` IN (8) [ RunTime:0.000303s ]
[ sql ] [ SQL ] SELECT * FROM `gr_user_group` WHERE  `id` IN (8) [ RunTime:0.000431s ]
[ sql ] [ SQL ] SELECT * FROM `gr_user_group` WHERE  `id` IN (8) [ RunTime:0.000301s ]
[ sql ] [ SQL ] SELECT * FROM `gr_user_group` WHERE  `id` IN (8) [ RunTime:0.000289s ]
[ sql ] [ SQL ] SELECT * FROM `gr_user_group` WHERE  `id` IN (8) [ RunTime:0.000256s ]
[ sql ] [ SQL ] SELECT * FROM `gr_user_group` WHERE  `id` IN (8) [ RunTime:0.000258s ]
[ sql ] [ SQL ] SELECT * FROM `gr_user_group` WHERE  `id` IN (9) [ RunTime:0.000245s ]
[ sql ] [ SQL ] SELECT * FROM `gr_user_group` WHERE  `id` IN (7,8) [ RunTime:0.002154s ]
[ sql ] [ SQL ] SELECT * FROM `gr_user_group` WHERE  `id` IN (8) [ RunTime:0.000256s ]
[ sql ] [ SQL ] SELECT * FROM `gr_user_group` WHERE  `id` IN (7,9) [ RunTime:0.000264s ]
[ sql ] [ SQL ] SELECT * FROM `gr_user_group` WHERE  `id` IN (9) [ RunTime:0.000261s ]
[ sql ] [ SQL ] SELECT * FROM `gr_user_group` WHERE  `id` IN (7,8) [ RunTime:0.000260s ]
[ sql ] [ SQL ] SELECT * FROM `gr_user_group` WHERE  `id` IN (5) [ RunTime:0.000250s ]
[ sql ] [ SQL ] SELECT * FROM `gr_user_group` WHERE  `id` IN (13) [ RunTime:0.000243s ]
[ sql ] [ SQL ] SELECT * FROM `gr_user_group` WHERE  `id` IN (17) [ RunTime:0.000245s ]
[ sql ] [ SQL ] SELECT * FROM `gr_user_group` WHERE  `id` IN (11,5,9,7) [ RunTime:0.000270s ]
[ sql ] [ SQL ] SELECT * FROM `gr_user_group` WHERE  `id` IN (14) [ RunTime:0.000270s ]
[ sql ] [ SQL ] SELECT * FROM `gr_user_group` WHERE  `id` IN (14) [ RunTime:0.000247s ]
[ sql ] [ SQL ] SELECT * FROM `gr_user_group` WHERE  `id` IN (9) [ RunTime:0.000244s ]
[ sql ] [ SQL ] SELECT * FROM `gr_user_group` WHERE  `id` IN (9) [ RunTime:0.000263s ]
[ sql ] [ SQL ] SELECT * FROM `gr_user_group` WHERE  `id` IN (8) [ RunTime:0.000248s ]
[ sql ] [ SQL ] SELECT * FROM `gr_user_group` WHERE  `id` IN (9) [ RunTime:0.000245s ]
[ sql ] [ SQL ] SELECT * FROM `gr_user_group` WHERE  `id` IN (13) [ RunTime:0.000247s ]
[ sql ] [ SQL ] SELECT * FROM `gr_user_group` WHERE  `id` IN (9) [ RunTime:0.000290s ]
[ sql ] [ SQL ] SELECT * FROM `gr_user_group` WHERE  `id` IN (9) [ RunTime:0.000320s ]
[ sql ] [ SQL ] SELECT * FROM `gr_user_group` WHERE  `id` IN (9) [ RunTime:0.000337s ]
[ sql ] [ SQL ] SELECT * FROM `gr_user_group` WHERE  `id` IN (5,8,9,17) [ RunTime:0.000320s ]
[ sql ] [ SQL ] SELECT * FROM `gr_user_group` WHERE  `id` IN (13) [ RunTime:0.000255s ]
[ sql ] [ SQL ] SELECT * FROM `gr_user_group` WHERE  `id` IN (9) [ RunTime:0.000241s ]
[ sql ] [ SQL ] SELECT * FROM `gr_user_group` WHERE  `id` IN (8) [ RunTime:0.000240s ]
[ sql ] [ SQL ] SELECT * FROM `gr_user_group` WHERE  `id` IN (7) [ RunTime:0.000334s ]
[ sql ] [ SQL ] SELECT * FROM `gr_user_group` WHERE  `id` IN (9) [ RunTime:0.000266s ]
[ sql ] [ SQL ] SELECT * FROM `gr_user_group` WHERE  `id` IN (8) [ RunTime:0.000265s ]
[ sql ] [ SQL ] SELECT * FROM `gr_user_group` WHERE  `id` IN (8) [ RunTime:0.000249s ]
[ sql ] [ SQL ] SELECT * FROM `gr_user_group` WHERE  `id` IN (8) [ RunTime:0.000293s ]
[ sql ] [ SQL ] SELECT * FROM `gr_user_group` WHERE  `id` IN (9) [ RunTime:0.000256s ]
[ sql ] [ SQL ] SELECT * FROM `gr_user_group` WHERE  `id` IN (9) [ RunTime:0.000246s ]
[ sql ] [ SQL ] SELECT * FROM `gr_user_group` WHERE  `id` IN (10) [ RunTime:0.000246s ]
[ sql ] [ SQL ] SELECT * FROM `gr_user_group` WHERE  `id` IN (10) [ RunTime:0.000252s ]
[ sql ] [ SQL ] SELECT * FROM `gr_user_group` WHERE  `id` IN (10) [ RunTime:0.000262s ]
[ sql ] [ SQL ] SELECT * FROM `gr_user_group` WHERE  `id` IN (10) [ RunTime:0.000243s ]
[ sql ] [ SQL ] SELECT * FROM `gr_user_group` WHERE  `id` IN (11) [ RunTime:0.000241s ]
[ sql ] [ SQL ] SELECT * FROM `gr_user_group` WHERE  `id` IN (10) [ RunTime:0.000307s ]
[ sql ] [ SQL ] SELECT * FROM `gr_user_group` WHERE  `id` IN (10) [ RunTime:0.000244s ]
[ sql ] [ SQL ] SELECT * FROM `gr_user_group` WHERE  `id` IN (10) [ RunTime:0.000243s ]
[ sql ] [ SQL ] SELECT * FROM `gr_user_group` WHERE  `id` IN (10) [ RunTime:0.000241s ]
[ sql ] [ SQL ] SELECT * FROM `gr_user_group` WHERE  `id` IN (11) [ RunTime:0.000241s ]
[ sql ] [ SQL ] SELECT * FROM `gr_user_group` WHERE  `id` IN (8) [ RunTime:0.000269s ]
[ sql ] [ SQL ] SELECT * FROM `gr_user_group` WHERE  `id` IN (7,8) [ RunTime:0.000287s ]
[ sql ] [ SQL ] SELECT * FROM `gr_user_group` WHERE  `id` IN (17) [ RunTime:0.000268s ]
[ sql ] [ SQL ] SELECT * FROM `gr_user_group` WHERE  `id` IN (11) [ RunTime:0.000247s ]
[ sql ] [ SQL ] SELECT * FROM `gr_user_group` WHERE  `id` IN (14) [ RunTime:0.000246s ]
[ sql ] [ SQL ] SELECT * FROM `gr_user_group` WHERE  `id` IN (5,14,8,9) [ RunTime:0.000272s ]
[ sql ] [ SQL ] SELECT * FROM `gr_user_group` WHERE  `id` IN (17,5,9,7) [ RunTime:0.000267s ]
[ sql ] [ SQL ] SELECT * FROM `gr_user_group` WHERE  `id` IN (10,14,8,16) [ RunTime:0.000288s ]
[ sql ] [ SQL ] SELECT * FROM `gr_user_group` WHERE  `id` IN (17) [ RunTime:0.000256s ]
[ sql ] [ SQL ] SELECT * FROM `gr_user_group` WHERE  `id` IN (17) [ RunTime:0.000307s ]
[ sql ] [ SQL ] SELECT * FROM `gr_user_group` WHERE  `id` IN (10) [ RunTime:0.000288s ]
[ sql ] [ SQL ] SELECT * FROM `gr_user_group` WHERE  `id` IN (9) [ RunTime:0.000259s ]
[ sql ] [ SQL ] SELECT * FROM `gr_user_group` WHERE  `id` IN (17,11,5,9,7) [ RunTime:0.000286s ]
[ sql ] [ SQL ] SELECT * FROM `gr_user_group` WHERE  `id` IN (11) [ RunTime:0.000246s ]
[ sql ] [ SQL ] SELECT * FROM `gr_user_group` WHERE  `id` IN (17) [ RunTime:0.000246s ]
[ sql ] [ SQL ] SELECT * FROM `gr_user_group` WHERE  `id` IN (11) [ RunTime:0.000246s ]
[ sql ] [ SQL ] SELECT * FROM `gr_user_group` WHERE  `id` IN (9) [ RunTime:0.000243s ]
[ sql ] [ SQL ] SELECT * FROM `gr_user_group` WHERE  `id` IN (8) [ RunTime:0.000317s ]
[ sql ] [ SQL ] SELECT * FROM `gr_user_group` WHERE  `id` IN (8) [ RunTime:0.000261s ]
[ sql ] [ SQL ] SELECT * FROM `gr_user_group` WHERE  `id` IN (9) [ RunTime:0.000334s ]
[ sql ] [ SQL ] SELECT * FROM `gr_user_group` WHERE  `id` IN (5,9,7) [ RunTime:0.000375s ]
[ sql ] [ SQL ] SELECT * FROM `gr_user_group` WHERE  `id` IN (5) [ RunTime:0.000272s ]
[ sql ] [ SQL ] SELECT * FROM `gr_user_group` WHERE  `id` IN (9) [ RunTime:0.000265s ]
[ sql ] [ SQL ] SELECT * FROM `gr_user_group` WHERE  `id` IN (11) [ RunTime:0.000255s ]
[ sql ] [ SQL ] SELECT * FROM `gr_user_group` WHERE  `id` IN (11) [ RunTime:0.000254s ]
[ sql ] [ SQL ] SELECT * FROM `gr_user_group` WHERE  `id` IN (13) [ RunTime:0.000313s ]
[ sql ] [ SQL ] SELECT * FROM `gr_user_group` WHERE  `id` IN (17,5,9,7) [ RunTime:0.000311s ]
[ sql ] [ SQL ] SELECT * FROM `gr_user_group` WHERE  `id` IN (7,9) [ RunTime:0.000313s ]
[ sql ] [ SQL ] SELECT * FROM `gr_user_group` WHERE  `id` IN (7,9) [ RunTime:0.000295s ]
[ sql ] [ SQL ] SELECT * FROM `gr_user_group` WHERE  `id` IN (11) [ RunTime:0.000268s ]
[ sql ] [ SQL ] SELECT * FROM `gr_user_group` WHERE  `id` IN (9) [ RunTime:0.000263s ]
[ sql ] [ SQL ] SELECT * FROM `gr_user_group` WHERE  `id` IN (5,9,7) [ RunTime:0.000305s ]
[ sql ] [ SQL ] SELECT * FROM `gr_user_group` WHERE  `id` IN (9) [ RunTime:0.000266s ]
[ sql ] [ SQL ] SELECT * FROM `gr_user_group` WHERE  `id` IN (17) [ RunTime:0.000253s ]
[ sql ] [ SQL ] SELECT * FROM `gr_user_group` WHERE  `id` IN (9) [ RunTime:0.000330s ]
[ sql ] [ SQL ] SELECT * FROM `gr_user_group` WHERE  `id` IN (17) [ RunTime:0.000250s ]
[ sql ] [ SQL ] SELECT * FROM `gr_user_group` WHERE  `id` IN (8) [ RunTime:0.000248s ]
[ sql ] [ SQL ] SELECT * FROM `gr_user_group` WHERE  `id` IN (11) [ RunTime:0.000259s ]
[ sql ] [ SQL ] SELECT * FROM `gr_user_group` WHERE  `id` IN (11) [ RunTime:0.000291s ]
[ sql ] [ SQL ] SELECT * FROM `gr_user_group` WHERE  `id` IN (11) [ RunTime:0.000322s ]
[ sql ] [ SQL ] SELECT * FROM `gr_user_group` WHERE  `id` IN (14) [ RunTime:0.000280s ]
[ sql ] [ SQL ] SELECT * FROM `gr_user_group` WHERE  `id` IN (8) [ RunTime:0.000259s ]
[ sql ] [ SQL ] SELECT * FROM `gr_user_group` WHERE  `id` IN (8) [ RunTime:0.000388s ]
[ sql ] [ SQL ] SELECT * FROM `gr_user_group` WHERE  `id` IN (8) [ RunTime:0.000292s ]
[ sql ] [ SQL ] SELECT * FROM `gr_user_group` WHERE  `id` IN (10) [ RunTime:0.000270s ]
[ sql ] [ SQL ] SELECT * FROM `gr_user_group` WHERE  `id` IN (10) [ RunTime:0.000259s ]
[ sql ] [ SQL ] SELECT * FROM `gr_user_group` WHERE  `id` IN (10) [ RunTime:0.000284s ]
[ sql ] [ SQL ] SELECT * FROM `gr_user_group` WHERE  `id` IN (5,7,9,11,17) [ RunTime:0.000305s ]
[ sql ] [ SQL ] SELECT * FROM `gr_user_group` WHERE  `id` IN (10) [ RunTime:0.000314s ]
[ sql ] [ SQL ] SELECT * FROM `gr_user_group` WHERE  `id` IN (11) [ RunTime:0.000299s ]
[ sql ] [ SQL ] SELECT * FROM `gr_user_group` WHERE  `id` IN (10) [ RunTime:0.000280s ]
[ sql ] [ SQL ] SELECT * FROM `gr_user_group` WHERE  `id` IN (11) [ RunTime:0.000264s ]
[ sql ] [ SQL ] SELECT * FROM `gr_user_group` WHERE  `id` IN (11) [ RunTime:0.000256s ]
[ sql ] [ SQL ] SELECT * FROM `gr_user_group` WHERE  `id` IN (11) [ RunTime:0.000271s ]
[ sql ] [ SQL ] SELECT * FROM `gr_user_group` WHERE  `id` IN (11) [ RunTime:0.000249s ]
[ sql ] [ SQL ] SELECT * FROM `gr_user_group` WHERE  `id` IN (14) [ RunTime:0.000250s ]
[ sql ] [ SQL ] SELECT * FROM `gr_user_group` WHERE  `id` IN (7) [ RunTime:0.000249s ]
[ sql ] [ SQL ] SELECT * FROM `gr_user_group` WHERE  `id` IN (10) [ RunTime:0.000283s ]
[ sql ] [ SQL ] SELECT * FROM `gr_user_group` WHERE  `id` IN (10) [ RunTime:0.000253s ]
[ sql ] [ SQL ] SELECT * FROM `gr_user_group` WHERE  `id` IN (13) [ RunTime:0.000249s ]
[ sql ] [ SQL ] SELECT * FROM `gr_user_group` WHERE  `id` IN (11) [ RunTime:0.000243s ]
[ sql ] [ SQL ] SELECT * FROM `gr_user_group` WHERE  `id` IN (8) [ RunTime:0.000245s ]
[ sql ] [ SQL ] SELECT * FROM `gr_user_group` WHERE  `id` IN (8) [ RunTime:0.000247s ]
[ sql ] [ SQL ] SELECT * FROM `gr_user_group` WHERE  `id` IN (11) [ RunTime:0.000243s ]
[ sql ] [ SQL ] SELECT * FROM `gr_user_group` WHERE  `id` IN (11) [ RunTime:0.000271s ]
[ sql ] [ SQL ] SELECT * FROM `gr_user_group` WHERE  `id` IN (10) [ RunTime:0.000249s ]
[ sql ] [ SQL ] SELECT * FROM `gr_user_group` WHERE  `id` IN (10) [ RunTime:0.000278s ]
[ sql ] [ SQL ] SELECT * FROM `gr_user_group` WHERE  `id` IN (10) [ RunTime:0.000245s ]
[ sql ] [ SQL ] SELECT * FROM `gr_user_group` WHERE  `id` IN (10) [ RunTime:0.000249s ]
[ sql ] [ SQL ] SELECT * FROM `gr_user_group` WHERE  `id` IN (8) [ RunTime:0.000246s ]
[ sql ] [ SQL ] SELECT * FROM `gr_user_group` WHERE  `id` IN (11) [ RunTime:0.000247s ]
[ sql ] [ SQL ] SELECT * FROM `gr_user_group` WHERE  `id` IN (11) [ RunTime:0.000289s ]
[ sql ] [ SQL ] SELECT * FROM `gr_user_group` WHERE  `id` IN (11) [ RunTime:0.000306s ]
[ sql ] [ SQL ] SELECT * FROM `gr_user_group` WHERE  `id` IN (17) [ RunTime:0.000261s ]
[ sql ] [ SQL ] SELECT * FROM `gr_user_group` WHERE  `id` IN (11) [ RunTime:0.000324s ]
[ sql ] [ SQL ] SELECT * FROM `gr_user_group` WHERE  `id` IN (11) [ RunTime:0.000256s ]
[ sql ] [ SQL ] SELECT * FROM `gr_user_group` WHERE  `id` IN (10) [ RunTime:0.000258s ]
[ sql ] [ SQL ] SELECT * FROM `gr_user_group` WHERE  `id` IN (8) [ RunTime:0.000351s ]
[ sql ] [ SQL ] SELECT * FROM `gr_user_group` WHERE  `id` IN (17) [ RunTime:0.000293s ]
[ sql ] [ SQL ] SELECT * FROM `gr_user_group` WHERE  `id` IN (11) [ RunTime:0.000254s ]
[ sql ] [ SQL ] SELECT * FROM `gr_user_group` WHERE  `id` IN (8) [ RunTime:0.000259s ]
[ sql ] [ SQL ] SELECT * FROM `gr_user_group` WHERE  `id` IN (11) [ RunTime:0.000264s ]
[ sql ] [ SQL ] SELECT * FROM `gr_user_group` WHERE  `id` IN (11) [ RunTime:0.000258s ]
[ sql ] [ SQL ] SELECT * FROM `gr_user_group` WHERE  `id` IN (11) [ RunTime:0.000243s ]
[ sql ] [ SQL ] SELECT * FROM `gr_user_group` WHERE  `id` IN (8) [ RunTime:0.000309s ]
[ sql ] [ SQL ] SELECT * FROM `gr_user_group` WHERE  `id` IN (5,9,7) [ RunTime:0.000289s ]
[ sql ] [ SQL ] SELECT * FROM `gr_user_group` WHERE  `id` IN (8) [ RunTime:0.000255s ]
[ sql ] [ SQL ] SELECT * FROM `gr_user_group` WHERE  `id` IN (13) [ RunTime:0.000254s ]
[ sql ] [ SQL ] SELECT * FROM `gr_user_group` WHERE  `id` IN (11) [ RunTime:0.000305s ]
[ sql ] [ SQL ] SELECT * FROM `gr_user_group` WHERE  `id` IN (11) [ RunTime:0.000254s ]
[ sql ] [ SQL ] SELECT * FROM `gr_user_group` WHERE  `id` IN (13) [ RunTime:0.000253s ]
[ sql ] [ SQL ] SELECT * FROM `gr_user_group` WHERE  `id` IN (10) [ RunTime:0.000269s ]
[ sql ] [ SQL ] SELECT * FROM `gr_user_group` WHERE  `id` IN (10) [ RunTime:0.000245s ]
[ sql ] [ SQL ] SELECT * FROM `gr_user_group` WHERE  `id` IN (10) [ RunTime:0.000246s ]
[ sql ] [ SQL ] SELECT * FROM `gr_user_group` WHERE  `id` IN (10) [ RunTime:0.000241s ]
[ sql ] [ SQL ] SELECT * FROM `gr_user_group` WHERE  `id` IN (10) [ RunTime:0.000242s ]
[ sql ] [ SQL ] SELECT * FROM `gr_user_group` WHERE  `id` IN (8) [ RunTime:0.000255s ]
[ sql ] [ SQL ] SELECT * FROM `gr_user_group` WHERE  `id` IN (13,10,14,8,16) [ RunTime:0.000273s ]
[ sql ] [ SQL ] SELECT * FROM `gr_user_group` WHERE  `id` IN (13) [ RunTime:0.000244s ]
[ sql ] [ SQL ] SELECT * FROM `gr_user_group` WHERE  `id` IN (8) [ RunTime:0.000238s ]
[ sql ] [ SQL ] SELECT * FROM `gr_user_group` WHERE  `id` IN (11) [ RunTime:0.000285s ]
[ sql ] [ SQL ] SELECT * FROM `gr_user_group` WHERE  `id` IN (13) [ RunTime:0.000253s ]
[ sql ] [ SQL ] SELECT * FROM `gr_user_group` WHERE  `id` IN (11) [ RunTime:0.000258s ]
[ sql ] [ SQL ] SELECT * FROM `gr_user_group` WHERE  `id` IN (11) [ RunTime:0.000642s ]
[ sql ] [ SQL ] SELECT * FROM `gr_user_group` WHERE  `id` IN (9) [ RunTime:0.000247s ]
[ sql ] [ SQL ] SELECT * FROM `gr_user_group` WHERE  `id` IN (8) [ RunTime:0.000245s ]
[ sql ] [ SQL ] SELECT * FROM `gr_user_group` WHERE  `id` IN (10) [ RunTime:0.000245s ]
[ sql ] [ SQL ] SELECT * FROM `gr_user_group` WHERE  `id` IN (10) [ RunTime:0.000267s ]
[ sql ] [ SQL ] SELECT * FROM `gr_user_group` WHERE  `id` IN (10) [ RunTime:0.000250s ]
[ sql ] [ SQL ] SELECT * FROM `gr_user_group` WHERE  `id` IN (11) [ RunTime:0.000242s ]
[ sql ] [ SQL ] SELECT * FROM `gr_user_group` WHERE  `id` IN (14) [ RunTime:0.000243s ]
[ sql ] [ SQL ] SELECT * FROM `gr_user_group` WHERE  `id` IN (10) [ RunTime:0.000247s ]
[ sql ] [ SQL ] SELECT * FROM `gr_user_group` WHERE  `id` IN (11) [ RunTime:0.000245s ]
[ sql ] [ SQL ] SELECT * FROM `gr_user_group` WHERE  `id` IN (10) [ RunTime:0.000246s ]
[ sql ] [ SQL ] SELECT * FROM `gr_user_group` WHERE  `id` IN (10) [ RunTime:0.000274s ]
[ sql ] [ SQL ] SELECT * FROM `gr_user_group` WHERE  `id` IN (11) [ RunTime:0.000249s ]
[ sql ] [ SQL ] SELECT * FROM `gr_user_group` WHERE  `id` IN (17) [ RunTime:0.000291s ]
[ sql ] [ SQL ] SELECT * FROM `gr_user_group` WHERE  `id` IN (13,17,10,11,5,14,8,9) [ RunTime:0.000300s ]
[ sql ] [ SQL ] SELECT * FROM `gr_user_group` WHERE  `id` IN (13,17,8,9) [ RunTime:0.000272s ]
[ sql ] [ SQL ] SELECT * FROM `gr_user_group` WHERE  `id` IN (8) [ RunTime:0.000270s ]
[ sql ] [ SQL ] SELECT * FROM `gr_user_group` WHERE  `id` IN (10) [ RunTime:0.000245s ]
[ sql ] [ SQL ] SELECT * FROM `gr_user_group` WHERE  `id` IN (8) [ RunTime:0.000241s ]
[ sql ] [ SQL ] SELECT * FROM `gr_user_group` WHERE  `id` IN (8) [ RunTime:0.000237s ]
[ sql ] [ SQL ] SELECT * FROM `gr_user_group` WHERE  `id` IN (8) [ RunTime:0.000237s ]
[ sql ] [ SQL ] SELECT * FROM `gr_user_group` WHERE  `id` IN (10) [ RunTime:0.000240s ]
[ sql ] [ SQL ] SELECT * FROM `gr_user_group` WHERE  `id` IN (10) [ RunTime:0.000240s ]
[ sql ] [ SQL ] SELECT * FROM `gr_user_group` WHERE  `id` IN (10) [ RunTime:0.000240s ]
[ sql ] [ SQL ] SELECT * FROM `gr_user_group` WHERE  `id` IN (10) [ RunTime:0.000236s ]
[ sql ] [ SQL ] SELECT * FROM `gr_user_group` WHERE  `id` IN (8) [ RunTime:0.000283s ]
---------------------------------------------------------------
[ 2023-02-21T14:37:23+08:00 ] 127.0.0.1 POST api.newkefu.com/admin/Sysmanage/gameDetail
[运行时间：0.108833s] [吞吐率：9.19req/s] [内存消耗：5,050.83kb] [文件加载：196]
[ info ] [ LANG ] D:\phpstudy_pro\WWW\new_kefu_online\thinkphp\lang\zh-cn.php
[ info ] [ ROUTE ] array (
  'type' => 'module',
  'module' => 
  array (
    0 => 'admin',
    1 => 'Sysmanage',
    2 => 'gameDetail',
  ),
)
[ info ] [ HEADER ] array (
  'cache-control' => 'no-cache',
  'pragma' => 'no-cache',
  'referer' => 'http://www.newkefu.com/',
  'connection' => 'close',
  'origin' => 'http://www.newkefu.com',
  'content-length' => '5',
  'platform' => 'youyu',
  'token' => 'eyJ0eXAiOiJKV1QiLCJhbGciOiJIUzI1NiIsImp0aSI6ImxYWGluZyJ9.eyJpc3MiOiJhcGkubmV3a2VmdS5jb20iLCJqdGkiOiJsWFhpbmciLCJpYXQiOjE2NzYzNDU5NDEsImV4cCI6MTY3ODkzNzk0MSwidWlkIjoxNDN9.l4xw9kc1eoiIXq6Hvd2mqxmf0AE3TRPy5zYdvnjntI8',
  'content-type' => 'application/x-www-form-urlencoded; charset=UTF-8',
  'accept-encoding' => 'gzip, deflate',
  'accept-language' => 'zh-CN,zh;q=0.8,zh-TW;q=0.7,zh-HK;q=0.5,en-US;q=0.3,en;q=0.2',
  'accept' => 'application/json, text/javascript, */*; q=0.01',
  'user-agent' => 'Mozilla/5.0 (Windows NT 10.0; Win64; x64; rv:109.0) Gecko/20100101 Firefox/109.0',
  'host' => 'api.newkefu.com',
)
[ info ] [ PARAM ] array (
  '/admin/Sysmanage/gameDetail' => '',
  'id' => '41',
)
[ info ] [ DB ] INIT mysql
[ info ] [ CACHE ] INIT redis
[ info ] [ DB ] INIT mysql
[ info ] [ RUN ] app\admin\controller\Sysmanage->gameDetail[ D:\phpstudy_pro\WWW\new_kefu_online\application\admin\controller\Sysmanage.php ]
[ info ] [ DB ] INIT mysql
[ info ] [ LOG ] INIT File
[ sql ] [ DB ] CONNECT:[ UseTime:0.001295s ] mysql:host=127.0.0.1;port=3306;dbname=gr_chat;charset=utf8
[ sql ] [ SQL ] SHOW COLUMNS FROM `gr_user_group` [ RunTime:0.000840s ]
[ sql ] [ SQL ] SELECT * FROM `gr_user_group` WHERE  `id` IN (17,10,11,5,14,8,9,7,16) [ RunTime:0.000420s ]
[ sql ] [ SQL ] SHOW COLUMNS FROM `gr_menu_new` [ RunTime:0.000712s ]
[ sql ] [ SQL ] SELECT m.menu_id as id,`m`.`menu_name`,`m`.`p_id`,`m`.`controller`,`m`.`action`,`m`.`is_show`,`m`.`url`,`m`.`type` FROM `gr_menu_new` `m` ORDER BY `p_id` ASC,`sort` ASC,`id` ASC [ RunTime:0.000991s ]
