[ 2022-12-01T15:45:16+08:00 ][ info ] [ LANG ] D:\phpstudy_pro\WWW\new_kefu_online\thinkphp\lang\zh-cn.php
[ info ] [ LOG ] INIT File
[ 2022-12-01T15:45:16+08:00 ][ info ] [ ROUTE ] array (
  'type' => 'module',
  'module' => 
  array (
    0 => '',
    1 => NULL,
    2 => NULL,
  ),
)
[ 2022-12-01T15:45:16+08:00 ][ info ] [ HEADER ] array (
)
[ 2022-12-01T15:45:16+08:00 ][ info ] [ PARAM ] array (
)
[ 2022-12-01T15:45:16+08:00 ][ info ] [ RUN ] app\admin\controller\Index->index[ D:\phpstudy_pro\WWW\new_kefu_online\application\admin\controller\Index.php ]
[ 2022-12-01T15:45:44+08:00 ][ info ] [ LANG ] D:\phpstudy_pro\WWW\new_kefu_online\thinkphp\lang\zh-cn.php
[ info ] [ LOG ] INIT File
[ 2022-12-01T15:45:44+08:00 ][ info ] [ ROUTE ] array (
  'type' => 'module',
  'module' => 
  array (
    0 => 'api',
    1 => 'test',
    2 => 'blockChatByTS',
  ),
)
[ 2022-12-01T15:45:44+08:00 ][ info ] [ HEADER ] array (
)
[ 2022-12-01T15:45:44+08:00 ][ info ] [ PARAM ] array (
)
[ 2022-12-01T15:45:44+08:00 ][ info ] [ CACHE ] INIT redis
[ 2022-12-01T15:45:44+08:00 ][ info ] [ RUN ] app\api\controller\Test->blockChatByTS[ D:\phpstudy_pro\WWW\new_kefu_online\application\api\controller\Test.php ]
[ 2022-12-01T15:45:44+08:00 ][ info ] [ DB ] INIT mysql
[ 2022-12-01T16:19:12+08:00 ][ error ] [8]think\db\Connection::free(): send of 9 bytes failed with errno=10053 你的主机中的软件中止了一个已建立的连接。
[D:\phpstudy_pro\WWW\new_kefu_online\thinkphp\library\think\db\Connection.php:318]
