---------------------------------------------------------------
[ 2022-12-06T11:04:58+08:00 ] 127.0.0.1 POST api.newkefu.com/admin/user/model
[运行时间：0.122574s] [吞吐率：8.16req/s] [内存消耗：2,808.52kb] [文件加载：170]
[ info ] [ LANG ] D:\phpstudy_pro\WWW\new_kefu_online\thinkphp\lang\zh-cn.php
[ info ] [ ROUTE ] array (
  'type' => 'module',
  'module' => 
  array (
    0 => 'admin',
    1 => 'user',
    2 => 'model',
  ),
)
[ info ] [ HEADER ] array (
  'content-length' => '0',
  'referer' => 'http://www.newkefu.com/',
  'connection' => 'close',
  'origin' => 'http://www.newkefu.com',
  'platform' => 'youyu',
  'token' => 'eyJ0eXAiOiJKV1QiLCJhbGciOiJIUzI1NiIsImp0aSI6ImxYWGluZyJ9.eyJpc3MiOiJhcGkubmV3a2VmdS5jb20iLCJqdGkiOiJsWFhpbmciLCJpYXQiOjE2Njc0Njc3MDgsImV4cCI6MTY3MDA1OTcwOCwidWlkIjoxNDN9.e3uqed10On67-aeJIpZj0RmHYJz0XHFI25UiG1iMY1M',
  'accept-encoding' => 'gzip, deflate',
  'accept-language' => 'zh-CN,zh;q=0.8,zh-TW;q=0.7,zh-HK;q=0.5,en-US;q=0.3,en;q=0.2',
  'accept' => 'application/json, text/javascript, */*; q=0.01',
  'user-agent' => 'Mozilla/5.0 (Windows NT 10.0; Win64; x64; rv:107.0) Gecko/20100101 Firefox/107.0',
  'host' => 'api.newkefu.com',
)
[ info ] [ PARAM ] array (
  '/admin/user/model' => '',
)
[ info ] [ LOG ] INIT File
---------------------------------------------------------------
[ 2022-12-06T11:04:58+08:00 ] 127.0.0.1 POST api.newkefu.com/admin/user/index
[运行时间：0.058902s] [吞吐率：16.98req/s] [内存消耗：2,402.25kb] [文件加载：154]
[ info ] [ LANG ] D:\phpstudy_pro\WWW\new_kefu_online\thinkphp\lang\zh-cn.php
[ info ] [ ROUTE ] array (
  'type' => 'module',
  'module' => 
  array (
    0 => 'admin',
    1 => 'user',
    2 => 'index',
  ),
)
[ info ] [ HEADER ] array (
  'content-length' => '0',
  'referer' => 'http://www.newkefu.com/',
  'connection' => 'close',
  'origin' => 'http://www.newkefu.com',
  'platform' => 'youyu',
  'accept-encoding' => 'gzip, deflate',
  'accept-language' => 'zh-CN,zh;q=0.8,zh-TW;q=0.7,zh-HK;q=0.5,en-US;q=0.3,en;q=0.2',
  'accept' => 'application/json, text/javascript, */*; q=0.01',
  'user-agent' => 'Mozilla/5.0 (Windows NT 10.0; Win64; x64; rv:107.0) Gecko/20100101 Firefox/107.0',
  'host' => 'api.newkefu.com',
)
[ info ] [ PARAM ] array (
  '/admin/user/index' => '',
)
[ info ] [ LOG ] INIT File
---------------------------------------------------------------
[ 2022-12-06T11:05:03+08:00 ] 127.0.0.1 POST api.newkefu.com/admin/Login/index
[运行时间：0.147560s] [吞吐率：6.78req/s] [内存消耗：4,273.89kb] [文件加载：191]
[ info ] [ LANG ] D:\phpstudy_pro\WWW\new_kefu_online\thinkphp\lang\zh-cn.php
[ info ] [ ROUTE ] array (
  'type' => 'module',
  'module' => 
  array (
    0 => 'admin',
    1 => 'Login',
    2 => 'index',
  ),
)
[ info ] [ HEADER ] array (
  'referer' => 'http://www.newkefu.com/',
  'connection' => 'close',
  'origin' => 'http://www.newkefu.com',
  'content-length' => '47',
  'platform' => 'youyu',
  'content-type' => 'application/x-www-form-urlencoded; charset=UTF-8',
  'accept-encoding' => 'gzip, deflate',
  'accept-language' => 'zh-CN,zh;q=0.8,zh-TW;q=0.7,zh-HK;q=0.5,en-US;q=0.3,en;q=0.2',
  'accept' => 'application/json, text/javascript, */*; q=0.01',
  'user-agent' => 'Mozilla/5.0 (Windows NT 10.0; Win64; x64; rv:107.0) Gecko/20100101 Firefox/107.0',
  'host' => 'api.newkefu.com',
)
[ info ] [ PARAM ] array (
  '/admin/Login/index' => '',
  'username' => 'lirm',
  'password' => '123456',
  'phone_code' => '',
  'url' => '1',
)
[ info ] [ RUN ] app\admin\controller\Login->index[ D:\phpstudy_pro\WWW\new_kefu_online\application\admin\controller\Login.php ]
[ info ] [ CACHE ] INIT redis
[ info ] [ DB ] INIT mysql
[ info ] [ DB ] INIT mysql
[ info ] [ LOG ] INIT File
---------------------------------------------------------------
[ 2022-12-06T11:05:07+08:00 ] 127.0.0.1 POST api.newkefu.com/admin/user/model
[运行时间：0.101013s] [吞吐率：9.90req/s] [内存消耗：4,859.81kb] [文件加载：195]
[ info ] [ LANG ] D:\phpstudy_pro\WWW\new_kefu_online\thinkphp\lang\zh-cn.php
[ info ] [ ROUTE ] array (
  'type' => 'module',
  'module' => 
  array (
    0 => 'admin',
    1 => 'user',
    2 => 'model',
  ),
)
[ info ] [ HEADER ] array (
  'content-length' => '0',
  'referer' => 'http://www.newkefu.com/',
  'connection' => 'close',
  'origin' => 'http://www.newkefu.com',
  'platform' => 'youyu',
  'token' => 'eyJ0eXAiOiJKV1QiLCJhbGciOiJIUzI1NiIsImp0aSI6ImxYWGluZyJ9.eyJpc3MiOiJhcGkubmV3a2VmdS5jb20iLCJqdGkiOiJsWFhpbmciLCJpYXQiOjE2NzAyOTU5MDMsImV4cCI6MTY3Mjg4NzkwMywidWlkIjoxNDN9.qqW3H6Ngm2Dv5W4JpalG4btXP8Rr01yYs61-GNcsyuM',
  'accept-encoding' => 'gzip, deflate',
  'accept-language' => 'zh-CN,zh;q=0.8,zh-TW;q=0.7,zh-HK;q=0.5,en-US;q=0.3,en;q=0.2',
  'accept' => 'application/json, text/javascript, */*; q=0.01',
  'user-agent' => 'Mozilla/5.0 (Windows NT 10.0; Win64; x64; rv:107.0) Gecko/20100101 Firefox/107.0',
  'host' => 'api.newkefu.com',
)
[ info ] [ PARAM ] array (
  '/admin/user/model' => '',
)
[ info ] [ DB ] INIT mysql
[ info ] [ CACHE ] INIT redis
[ info ] [ DB ] INIT mysql
[ info ] [ RUN ] app\admin\controller\User->model[ D:\phpstudy_pro\WWW\new_kefu_online\application\admin\controller\User.php ]
[ info ] [ LOG ] INIT File
[ sql ] [ DB ] CONNECT:[ UseTime:0.000848s ] mysql:host=127.0.0.1;port=3306;dbname=gr_chat;charset=utf8
[ sql ] [ SQL ] SHOW COLUMNS FROM `gr_user_group` [ RunTime:0.005165s ]
[ sql ] [ SQL ] SELECT * FROM `gr_user_group` WHERE  `id` IN (17,10,11,5,14,8,9,7,16) [ RunTime:0.001147s ]
[ sql ] [ SQL ] SHOW COLUMNS FROM `gr_menu_new` [ RunTime:0.005363s ]
[ sql ] [ SQL ] SELECT m.menu_id as id,`m`.`menu_name`,`m`.`p_id`,`m`.`controller`,`m`.`action`,`m`.`is_show`,`m`.`url`,`m`.`type` FROM `gr_menu_new` `m` ORDER BY `p_id` ASC,`sort` ASC,`id` ASC [ RunTime:0.003016s ]
---------------------------------------------------------------
[ 2022-12-06T11:05:07+08:00 ] 127.0.0.1 POST api.newkefu.com/admin/user/index
[运行时间：0.103008s] [吞吐率：9.71req/s] [内存消耗：4,839.81kb] [文件加载：195]
[ info ] [ LANG ] D:\phpstudy_pro\WWW\new_kefu_online\thinkphp\lang\zh-cn.php
[ info ] [ ROUTE ] array (
  'type' => 'module',
  'module' => 
  array (
    0 => 'admin',
    1 => 'user',
    2 => 'index',
  ),
)
[ info ] [ HEADER ] array (
  'content-length' => '0',
  'referer' => 'http://www.newkefu.com/',
  'connection' => 'close',
  'origin' => 'http://www.newkefu.com',
  'platform' => 'youyu',
  'token' => 'eyJ0eXAiOiJKV1QiLCJhbGciOiJIUzI1NiIsImp0aSI6ImxYWGluZyJ9.eyJpc3MiOiJhcGkubmV3a2VmdS5jb20iLCJqdGkiOiJsWFhpbmciLCJpYXQiOjE2NzAyOTU5MDMsImV4cCI6MTY3Mjg4NzkwMywidWlkIjoxNDN9.qqW3H6Ngm2Dv5W4JpalG4btXP8Rr01yYs61-GNcsyuM',
  'accept-encoding' => 'gzip, deflate',
  'accept-language' => 'zh-CN,zh;q=0.8,zh-TW;q=0.7,zh-HK;q=0.5,en-US;q=0.3,en;q=0.2',
  'accept' => 'application/json, text/javascript, */*; q=0.01',
  'user-agent' => 'Mozilla/5.0 (Windows NT 10.0; Win64; x64; rv:107.0) Gecko/20100101 Firefox/107.0',
  'host' => 'api.newkefu.com',
)
[ info ] [ PARAM ] array (
  '/admin/user/index' => '',
)
[ info ] [ DB ] INIT mysql
[ info ] [ CACHE ] INIT redis
[ info ] [ DB ] INIT mysql
[ info ] [ RUN ] app\admin\controller\User->index[ D:\phpstudy_pro\WWW\new_kefu_online\application\admin\controller\User.php ]
[ info ] [ LOG ] INIT File
[ sql ] [ DB ] CONNECT:[ UseTime:0.000909s ] mysql:host=127.0.0.1;port=3306;dbname=gr_chat;charset=utf8
[ sql ] [ SQL ] SHOW COLUMNS FROM `gr_user_group` [ RunTime:0.002396s ]
[ sql ] [ SQL ] SELECT * FROM `gr_user_group` WHERE  `id` IN (17,10,11,5,14,8,9,7,16) [ RunTime:0.000363s ]
[ sql ] [ SQL ] SHOW COLUMNS FROM `gr_menu_new` [ RunTime:0.002495s ]
[ sql ] [ SQL ] SELECT m.menu_id as id,`m`.`menu_name`,`m`.`p_id`,`m`.`controller`,`m`.`action`,`m`.`is_show`,`m`.`url`,`m`.`type` FROM `gr_menu_new` `m` ORDER BY `p_id` ASC,`sort` ASC,`id` ASC [ RunTime:0.001059s ]
---------------------------------------------------------------
[ 2022-12-06T11:05:30+08:00 ] 127.0.0.1 POST api.newkefu.com/admin/Sysmanage/gameList
[运行时间：0.111315s] [吞吐率：8.98req/s] [内存消耗：4,928.41kb] [文件加载：197]
[ info ] [ LANG ] D:\phpstudy_pro\WWW\new_kefu_online\thinkphp\lang\zh-cn.php
[ info ] [ ROUTE ] array (
  'type' => 'module',
  'module' => 
  array (
    0 => 'admin',
    1 => 'Sysmanage',
    2 => 'gameList',
  ),
)
[ info ] [ HEADER ] array (
  'referer' => 'http://www.newkefu.com/',
  'connection' => 'close',
  'origin' => 'http://www.newkefu.com',
  'content-length' => '15',
  'platform' => 'youyu',
  'token' => 'eyJ0eXAiOiJKV1QiLCJhbGciOiJIUzI1NiIsImp0aSI6ImxYWGluZyJ9.eyJpc3MiOiJhcGkubmV3a2VmdS5jb20iLCJqdGkiOiJsWFhpbmciLCJpYXQiOjE2NzAyOTU5MDMsImV4cCI6MTY3Mjg4NzkwMywidWlkIjoxNDN9.qqW3H6Ngm2Dv5W4JpalG4btXP8Rr01yYs61-GNcsyuM',
  'content-type' => 'application/x-www-form-urlencoded; charset=UTF-8',
  'accept-encoding' => 'gzip, deflate',
  'accept-language' => 'zh-CN,zh;q=0.8,zh-TW;q=0.7,zh-HK;q=0.5,en-US;q=0.3,en;q=0.2',
  'accept' => 'application/json, text/javascript, */*; q=0.01',
  'user-agent' => 'Mozilla/5.0 (Windows NT 10.0; Win64; x64; rv:107.0) Gecko/20100101 Firefox/107.0',
  'host' => 'api.newkefu.com',
)
[ info ] [ PARAM ] array (
  '/admin/Sysmanage/gameList' => '',
  'page' => '1',
  'limit' => '20',
)
[ info ] [ DB ] INIT mysql
[ info ] [ CACHE ] INIT redis
[ info ] [ DB ] INIT mysql
[ info ] [ LOG ] INIT File
[ sql ] [ DB ] CONNECT:[ UseTime:0.001216s ] mysql:host=127.0.0.1;port=3306;dbname=gr_chat;charset=utf8
[ sql ] [ SQL ] SHOW COLUMNS FROM `gr_user_group` [ RunTime:0.002487s ]
[ sql ] [ SQL ] SELECT * FROM `gr_user_group` WHERE  `id` IN (17,10,11,5,14,8,9,7,16) [ RunTime:0.000348s ]
[ sql ] [ SQL ] SHOW COLUMNS FROM `gr_menu_new` [ RunTime:0.002719s ]
[ sql ] [ SQL ] SELECT m.menu_id as id,`m`.`menu_name`,`m`.`p_id`,`m`.`controller`,`m`.`action`,`m`.`is_show`,`m`.`url`,`m`.`type` FROM `gr_menu_new` `m` ORDER BY `p_id` ASC,`sort` ASC,`id` ASC [ RunTime:0.000904s ]
---------------------------------------------------------------
[ 2022-12-06T11:05:38+08:00 ] 127.0.0.1 POST api.newkefu.com/admin/Sysmanage/gameList
[运行时间：0.114040s] [吞吐率：8.77req/s] [内存消耗：4,928.41kb] [文件加载：197]
[ info ] [ LANG ] D:\phpstudy_pro\WWW\new_kefu_online\thinkphp\lang\zh-cn.php
[ info ] [ ROUTE ] array (
  'type' => 'module',
  'module' => 
  array (
    0 => 'admin',
    1 => 'Sysmanage',
    2 => 'gameList',
  ),
)
[ info ] [ HEADER ] array (
  'referer' => 'http://www.newkefu.com/',
  'connection' => 'close',
  'origin' => 'http://www.newkefu.com',
  'content-length' => '15',
  'platform' => 'youyu',
  'token' => 'eyJ0eXAiOiJKV1QiLCJhbGciOiJIUzI1NiIsImp0aSI6ImxYWGluZyJ9.eyJpc3MiOiJhcGkubmV3a2VmdS5jb20iLCJqdGkiOiJsWFhpbmciLCJpYXQiOjE2NzAyOTU5MDMsImV4cCI6MTY3Mjg4NzkwMywidWlkIjoxNDN9.qqW3H6Ngm2Dv5W4JpalG4btXP8Rr01yYs61-GNcsyuM',
  'content-type' => 'application/x-www-form-urlencoded; charset=UTF-8',
  'accept-encoding' => 'gzip, deflate',
  'accept-language' => 'zh-CN,zh;q=0.8,zh-TW;q=0.7,zh-HK;q=0.5,en-US;q=0.3,en;q=0.2',
  'accept' => 'application/json, text/javascript, */*; q=0.01',
  'user-agent' => 'Mozilla/5.0 (Windows NT 10.0; Win64; x64; rv:107.0) Gecko/20100101 Firefox/107.0',
  'host' => 'api.newkefu.com',
)
[ info ] [ PARAM ] array (
  '/admin/Sysmanage/gameList' => '',
  'page' => '1',
  'limit' => '20',
)
[ info ] [ DB ] INIT mysql
[ info ] [ CACHE ] INIT redis
[ info ] [ DB ] INIT mysql
[ info ] [ LOG ] INIT File
[ sql ] [ DB ] CONNECT:[ UseTime:0.000969s ] mysql:host=127.0.0.1;port=3306;dbname=gr_chat;charset=utf8
[ sql ] [ SQL ] SHOW COLUMNS FROM `gr_user_group` [ RunTime:0.003222s ]
[ sql ] [ SQL ] SELECT * FROM `gr_user_group` WHERE  `id` IN (17,10,11,5,14,8,9,7,16) [ RunTime:0.000445s ]
[ sql ] [ SQL ] SHOW COLUMNS FROM `gr_menu_new` [ RunTime:0.002809s ]
[ sql ] [ SQL ] SELECT m.menu_id as id,`m`.`menu_name`,`m`.`p_id`,`m`.`controller`,`m`.`action`,`m`.`is_show`,`m`.`url`,`m`.`type` FROM `gr_menu_new` `m` ORDER BY `p_id` ASC,`sort` ASC,`id` ASC [ RunTime:0.000828s ]
---------------------------------------------------------------
[ 2022-12-06T11:05:41+08:00 ] 127.0.0.1 POST api.newkefu.com/admin/Sysmanage/gameList
[运行时间：0.100101s] [吞吐率：9.99req/s] [内存消耗：4,928.69kb] [文件加载：197]
[ info ] [ LANG ] D:\phpstudy_pro\WWW\new_kefu_online\thinkphp\lang\zh-cn.php
[ info ] [ ROUTE ] array (
  'type' => 'module',
  'module' => 
  array (
    0 => 'admin',
    1 => 'Sysmanage',
    2 => 'gameList',
  ),
)
[ info ] [ HEADER ] array (
  'cache-control' => 'no-cache',
  'pragma' => 'no-cache',
  'referer' => 'http://www.newkefu.com/',
  'connection' => 'close',
  'origin' => 'http://www.newkefu.com',
  'content-length' => '15',
  'platform' => 'youyu',
  'token' => 'eyJ0eXAiOiJKV1QiLCJhbGciOiJIUzI1NiIsImp0aSI6ImxYWGluZyJ9.eyJpc3MiOiJhcGkubmV3a2VmdS5jb20iLCJqdGkiOiJsWFhpbmciLCJpYXQiOjE2NzAyOTU5MDMsImV4cCI6MTY3Mjg4NzkwMywidWlkIjoxNDN9.qqW3H6Ngm2Dv5W4JpalG4btXP8Rr01yYs61-GNcsyuM',
  'content-type' => 'application/x-www-form-urlencoded; charset=UTF-8',
  'accept-encoding' => 'gzip, deflate',
  'accept-language' => 'zh-CN,zh;q=0.8,zh-TW;q=0.7,zh-HK;q=0.5,en-US;q=0.3,en;q=0.2',
  'accept' => 'application/json, text/javascript, */*; q=0.01',
  'user-agent' => 'Mozilla/5.0 (Windows NT 10.0; Win64; x64; rv:107.0) Gecko/20100101 Firefox/107.0',
  'host' => 'api.newkefu.com',
)
[ info ] [ PARAM ] array (
  '/admin/Sysmanage/gameList' => '',
  'page' => '1',
  'limit' => '20',
)
[ info ] [ DB ] INIT mysql
[ info ] [ CACHE ] INIT redis
[ info ] [ DB ] INIT mysql
[ info ] [ LOG ] INIT File
[ sql ] [ DB ] CONNECT:[ UseTime:0.000870s ] mysql:host=127.0.0.1;port=3306;dbname=gr_chat;charset=utf8
[ sql ] [ SQL ] SHOW COLUMNS FROM `gr_user_group` [ RunTime:0.002259s ]
[ sql ] [ SQL ] SELECT * FROM `gr_user_group` WHERE  `id` IN (17,10,11,5,14,8,9,7,16) [ RunTime:0.000410s ]
[ sql ] [ SQL ] SHOW COLUMNS FROM `gr_menu_new` [ RunTime:0.002804s ]
[ sql ] [ SQL ] SELECT m.menu_id as id,`m`.`menu_name`,`m`.`p_id`,`m`.`controller`,`m`.`action`,`m`.`is_show`,`m`.`url`,`m`.`type` FROM `gr_menu_new` `m` ORDER BY `p_id` ASC,`sort` ASC,`id` ASC [ RunTime:0.000917s ]
---------------------------------------------------------------
[ 2022-12-06T11:06:15+08:00 ] 127.0.0.1 POST api.newkefu.com/admin/Sysmanage/platformList
[运行时间：0.218644s] [吞吐率：4.57req/s] [内存消耗：5,222.43kb] [文件加载：198]
[ info ] [ LANG ] D:\phpstudy_pro\WWW\new_kefu_online\thinkphp\lang\zh-cn.php
[ info ] [ ROUTE ] array (
  'type' => 'module',
  'module' => 
  array (
    0 => 'admin',
    1 => 'Sysmanage',
    2 => 'platformList',
  ),
)
[ info ] [ HEADER ] array (
  'cache-control' => 'no-cache',
  'pragma' => 'no-cache',
  'referer' => 'http://www.newkefu.com/',
  'connection' => 'close',
  'origin' => 'http://www.newkefu.com',
  'content-length' => '15',
  'platform' => 'youyu',
  'token' => 'eyJ0eXAiOiJKV1QiLCJhbGciOiJIUzI1NiIsImp0aSI6ImxYWGluZyJ9.eyJpc3MiOiJhcGkubmV3a2VmdS5jb20iLCJqdGkiOiJsWFhpbmciLCJpYXQiOjE2NzAyOTU5MDMsImV4cCI6MTY3Mjg4NzkwMywidWlkIjoxNDN9.qqW3H6Ngm2Dv5W4JpalG4btXP8Rr01yYs61-GNcsyuM',
  'content-type' => 'application/x-www-form-urlencoded; charset=UTF-8',
  'accept-encoding' => 'gzip, deflate',
  'accept-language' => 'zh-CN,zh;q=0.8,zh-TW;q=0.7,zh-HK;q=0.5,en-US;q=0.3,en;q=0.2',
  'accept' => 'application/json, text/javascript, */*; q=0.01',
  'user-agent' => 'Mozilla/5.0 (Windows NT 10.0; Win64; x64; rv:107.0) Gecko/20100101 Firefox/107.0',
  'host' => 'api.newkefu.com',
)
[ info ] [ PARAM ] array (
  '/admin/Sysmanage/platformList' => '',
  'page' => '1',
  'limit' => '20',
)
[ info ] [ DB ] INIT mysql
[ info ] [ CACHE ] INIT redis
[ info ] [ DB ] INIT mysql
[ info ] [ RUN ] app\admin\controller\Sysmanage->platformList[ D:\phpstudy_pro\WWW\new_kefu_online\application\admin\controller\Sysmanage.php ]
[ info ] [ DB ] INIT mysql
[ info ] [ LOG ] INIT File
[ sql ] [ DB ] CONNECT:[ UseTime:0.000901s ] mysql:host=127.0.0.1;port=3306;dbname=gr_chat;charset=utf8
[ sql ] [ SQL ] SHOW COLUMNS FROM `gr_user_group` [ RunTime:0.002739s ]
[ sql ] [ SQL ] SELECT * FROM `gr_user_group` WHERE  `id` IN (17,10,11,5,14,8,9,7,16) [ RunTime:0.000368s ]
[ sql ] [ SQL ] SHOW COLUMNS FROM `gr_menu_new` [ RunTime:0.002567s ]
[ sql ] [ SQL ] SELECT m.menu_id as id,`m`.`menu_name`,`m`.`p_id`,`m`.`controller`,`m`.`action`,`m`.`is_show`,`m`.`url`,`m`.`type` FROM `gr_menu_new` `m` ORDER BY `p_id` ASC,`sort` ASC,`id` ASC [ RunTime:0.001085s ]
[ sql ] [ SQL ] SELECT * FROM `gr_user_group` WHERE  `id` IN (10) [ RunTime:0.000760s ]
[ sql ] [ SQL ] SELECT * FROM `gr_user_group` WHERE  `id` IN (11) [ RunTime:0.000298s ]
[ sql ] [ SQL ] SELECT * FROM `gr_user_group` WHERE  `id` IN (11) [ RunTime:0.000247s ]
[ sql ] [ SQL ] SELECT * FROM `gr_user_group` WHERE  `id` IN (10) [ RunTime:0.000269s ]
[ sql ] [ SQL ] SELECT * FROM `gr_user_group` WHERE  `id` IN (12) [ RunTime:0.000246s ]
[ sql ] [ SQL ] SELECT * FROM `gr_user_group` WHERE  `id` IN (10) [ RunTime:0.000242s ]
[ sql ] [ SQL ] SELECT * FROM `gr_user_group` WHERE  `id` IN (7) [ RunTime:0.000218s ]
[ sql ] [ SQL ] SELECT * FROM `gr_user_group` WHERE  `id` IN (8) [ RunTime:0.000239s ]
[ sql ] [ SQL ] SELECT * FROM `gr_user_group` WHERE  `id` IN (7) [ RunTime:0.000222s ]
[ sql ] [ SQL ] SELECT * FROM `gr_user_group` WHERE  `id` IN (11) [ RunTime:0.000222s ]
[ sql ] [ SQL ] SELECT * FROM `gr_user_group` WHERE  `id` IN (7) [ RunTime:0.000220s ]
[ sql ] [ SQL ] SELECT * FROM `gr_user_group` WHERE  `id` IN (7) [ RunTime:0.000211s ]
[ sql ] [ SQL ] SELECT * FROM `gr_user_group` WHERE  `id` IN (7) [ RunTime:0.000252s ]
[ sql ] [ SQL ] SELECT * FROM `gr_user_group` WHERE  `id` IN (8) [ RunTime:0.000234s ]
[ sql ] [ SQL ] SELECT * FROM `gr_user_group` WHERE  `id` IN (11) [ RunTime:0.000240s ]
[ sql ] [ SQL ] SELECT * FROM `gr_user_group` WHERE  `id` IN (10,11,8,9,7) [ RunTime:0.000258s ]
[ sql ] [ SQL ] SELECT * FROM `gr_user_group` WHERE  `id` IN (9) [ RunTime:0.000244s ]
[ sql ] [ SQL ] SELECT * FROM `gr_user_group` WHERE  `id` IN (17) [ RunTime:0.000225s ]
[ sql ] [ SQL ] SELECT * FROM `gr_user_group` WHERE  `id` IN (9) [ RunTime:0.000217s ]
[ sql ] [ SQL ] SELECT * FROM `gr_user_group` WHERE  `id` IN (9) [ RunTime:0.000231s ]
[ sql ] [ SQL ] SELECT * FROM `gr_user_group` WHERE  `id` IN (9) [ RunTime:0.000217s ]
[ sql ] [ SQL ] SELECT * FROM `gr_user_group` WHERE  `id` IN (9) [ RunTime:0.000233s ]
[ sql ] [ SQL ] SELECT * FROM `gr_user_group` WHERE  `id` IN (17) [ RunTime:0.000213s ]
[ sql ] [ SQL ] SELECT * FROM `gr_user_group` WHERE  `id` IN (9) [ RunTime:0.000212s ]
[ sql ] [ SQL ] SELECT * FROM `gr_user_group` WHERE  `id` IN (10,11,5,14,8,9,7,16) [ RunTime:0.000251s ]
[ sql ] [ SQL ] SELECT * FROM `gr_user_group` WHERE  `id` IN (9) [ RunTime:0.000222s ]
[ sql ] [ SQL ] SELECT * FROM `gr_user_group` WHERE  `id` IN (9) [ RunTime:0.000224s ]
[ sql ] [ SQL ] SELECT * FROM `gr_user_group` WHERE  `id` IN (9) [ RunTime:0.000212s ]
[ sql ] [ SQL ] SELECT * FROM `gr_user_group` WHERE  `id` IN (9) [ RunTime:0.000279s ]
[ sql ] [ SQL ] SELECT * FROM `gr_user_group` WHERE  `id` IN (9) [ RunTime:0.000282s ]
[ sql ] [ SQL ] SELECT * FROM `gr_user_group` WHERE  `id` IN (9) [ RunTime:0.000237s ]
[ sql ] [ SQL ] SELECT * FROM `gr_user_group` WHERE  `id` IN (11) [ RunTime:0.000237s ]
[ sql ] [ SQL ] SELECT * FROM `gr_user_group` WHERE  `id` IN (11) [ RunTime:0.000251s ]
[ sql ] [ SQL ] SELECT * FROM `gr_user_group` WHERE  `id` IN (17,11,5,9,7) [ RunTime:0.000294s ]
[ sql ] [ SQL ] SELECT * FROM `gr_user_group` WHERE  `id` IN (10) [ RunTime:0.000310s ]
[ sql ] [ SQL ] SELECT * FROM `gr_user_group` WHERE  `id` IN (13) [ RunTime:0.000251s ]
[ sql ] [ SQL ] SELECT * FROM `gr_user_group` WHERE  `id` IN (11) [ RunTime:0.000279s ]
[ sql ] [ SQL ] SELECT * FROM `gr_user_group` WHERE  `id` IN (13) [ RunTime:0.000246s ]
[ sql ] [ SQL ] SELECT * FROM `gr_user_group` WHERE  `id` IN (13) [ RunTime:0.000251s ]
[ sql ] [ SQL ] SELECT * FROM `gr_user_group` WHERE  `id` IN (11) [ RunTime:0.000213s ]
[ sql ] [ SQL ] SELECT * FROM `gr_user_group` WHERE  `id` IN (11) [ RunTime:0.000214s ]
[ sql ] [ SQL ] SELECT * FROM `gr_user_group` WHERE  `id` IN (11) [ RunTime:0.000221s ]
[ sql ] [ SQL ] SELECT * FROM `gr_user_group` WHERE  `id` IN (10) [ RunTime:0.000212s ]
[ sql ] [ SQL ] SELECT * FROM `gr_user_group` WHERE  `id` IN (11) [ RunTime:0.000216s ]
[ sql ] [ SQL ] SELECT * FROM `gr_user_group` WHERE  `id` IN (11) [ RunTime:0.000215s ]
[ sql ] [ SQL ] SELECT * FROM `gr_user_group` WHERE  `id` IN (10) [ RunTime:0.000209s ]
[ sql ] [ SQL ] SELECT * FROM `gr_user_group` WHERE  `id` IN (10) [ RunTime:0.000213s ]
[ sql ] [ SQL ] SELECT * FROM `gr_user_group` WHERE  `id` IN (10) [ RunTime:0.000225s ]
[ sql ] [ SQL ] SELECT * FROM `gr_user_group` WHERE  `id` IN (10) [ RunTime:0.000229s ]
[ sql ] [ SQL ] SELECT * FROM `gr_user_group` WHERE  `id` IN (9) [ RunTime:0.000208s ]
[ sql ] [ SQL ] SELECT * FROM `gr_user_group` WHERE  `id` IN (9) [ RunTime:0.000205s ]
[ sql ] [ SQL ] SELECT * FROM `gr_user_group` WHERE  `id` IN (9) [ RunTime:0.000206s ]
[ sql ] [ SQL ] SELECT * FROM `gr_user_group` WHERE  `id` IN (11) [ RunTime:0.000205s ]
[ sql ] [ SQL ] SELECT * FROM `gr_user_group` WHERE  `id` IN (11) [ RunTime:0.000217s ]
[ sql ] [ SQL ] SELECT * FROM `gr_user_group` WHERE  `id` IN (9) [ RunTime:0.000210s ]
[ sql ] [ SQL ] SELECT * FROM `gr_user_group` WHERE  `id` IN (10) [ RunTime:0.000208s ]
[ sql ] [ SQL ] SELECT * FROM `gr_user_group` WHERE  `id` IN (12) [ RunTime:0.000256s ]
[ sql ] [ SQL ] SELECT * FROM `gr_user_group` WHERE  `id` IN (12) [ RunTime:0.000213s ]
[ sql ] [ SQL ] SELECT * FROM `gr_user_group` WHERE  `id` IN (10) [ RunTime:0.000211s ]
[ sql ] [ SQL ] SELECT * FROM `gr_user_group` WHERE  `id` IN (10) [ RunTime:0.000207s ]
[ sql ] [ SQL ] SELECT * FROM `gr_user_group` WHERE  `id` IN (10) [ RunTime:0.000208s ]
[ sql ] [ SQL ] SELECT * FROM `gr_user_group` WHERE  `id` IN (10) [ RunTime:0.000255s ]
[ sql ] [ SQL ] SELECT * FROM `gr_user_group` WHERE  `id` IN (7) [ RunTime:0.000251s ]
[ sql ] [ SQL ] SELECT * FROM `gr_user_group` WHERE  `id` IN (7) [ RunTime:0.000239s ]
[ sql ] [ SQL ] SELECT * FROM `gr_user_group` WHERE  `id` IN (10) [ RunTime:0.000219s ]
[ sql ] [ SQL ] SELECT * FROM `gr_user_group` WHERE  `id` IN (17,10,11,5,14,8,9,7,16) [ RunTime:0.000262s ]
[ sql ] [ SQL ] SELECT * FROM `gr_user_group` WHERE  `id` IN (8) [ RunTime:0.000215s ]
[ sql ] [ SQL ] SELECT * FROM `gr_user_group` WHERE  `id` IN (10) [ RunTime:0.000217s ]
[ sql ] [ SQL ] SELECT * FROM `gr_user_group` WHERE  `id` IN (7,8) [ RunTime:0.000225s ]
[ sql ] [ SQL ] SELECT * FROM `gr_user_group` WHERE  `id` IN (8) [ RunTime:0.000210s ]
[ sql ] [ SQL ] SELECT * FROM `gr_user_group` WHERE  `id` IN (8) [ RunTime:0.000213s ]
[ sql ] [ SQL ] SELECT * FROM `gr_user_group` WHERE  `id` IN (8) [ RunTime:0.000207s ]
[ sql ] [ SQL ] SELECT * FROM `gr_user_group` WHERE  `id` IN (8) [ RunTime:0.000240s ]
[ sql ] [ SQL ] SELECT * FROM `gr_user_group` WHERE  `id` IN (8) [ RunTime:0.000219s ]
[ sql ] [ SQL ] SELECT * FROM `gr_user_group` WHERE  `id` IN (8) [ RunTime:0.000272s ]
[ sql ] [ SQL ] SELECT * FROM `gr_user_group` WHERE  `id` IN (9) [ RunTime:0.000235s ]
[ sql ] [ SQL ] SELECT * FROM `gr_user_group` WHERE  `id` IN (7,8) [ RunTime:0.000252s ]
[ sql ] [ SQL ] SELECT * FROM `gr_user_group` WHERE  `id` IN (8) [ RunTime:0.000255s ]
[ sql ] [ SQL ] SELECT * FROM `gr_user_group` WHERE  `id` IN (7,9) [ RunTime:0.000284s ]
[ sql ] [ SQL ] SELECT * FROM `gr_user_group` WHERE  `id` IN (9) [ RunTime:0.000223s ]
[ sql ] [ SQL ] SELECT * FROM `gr_user_group` WHERE  `id` IN (7,8) [ RunTime:0.000257s ]
[ sql ] [ SQL ] SELECT * FROM `gr_user_group` WHERE  `id` IN (5) [ RunTime:0.000234s ]
[ sql ] [ SQL ] SELECT * FROM `gr_user_group` WHERE  `id` IN (13) [ RunTime:0.000254s ]
[ sql ] [ SQL ] SELECT * FROM `gr_user_group` WHERE  `id` IN (17) [ RunTime:0.000306s ]
[ sql ] [ SQL ] SELECT * FROM `gr_user_group` WHERE  `id` IN (10,11,5,14,8,9,7,16) [ RunTime:0.000304s ]
[ sql ] [ SQL ] SELECT * FROM `gr_user_group` WHERE  `id` IN (14) [ RunTime:0.000256s ]
[ sql ] [ SQL ] SELECT * FROM `gr_user_group` WHERE  `id` IN (14) [ RunTime:0.000241s ]
[ sql ] [ SQL ] SELECT * FROM `gr_user_group` WHERE  `id` IN (9) [ RunTime:0.000231s ]
[ sql ] [ SQL ] SELECT * FROM `gr_user_group` WHERE  `id` IN (9) [ RunTime:0.000237s ]
[ sql ] [ SQL ] SELECT * FROM `gr_user_group` WHERE  `id` IN (8) [ RunTime:0.000243s ]
[ sql ] [ SQL ] SELECT * FROM `gr_user_group` WHERE  `id` IN (9) [ RunTime:0.000235s ]
[ sql ] [ SQL ] SELECT * FROM `gr_user_group` WHERE  `id` IN (13) [ RunTime:0.000226s ]
[ sql ] [ SQL ] SELECT * FROM `gr_user_group` WHERE  `id` IN (9) [ RunTime:0.000227s ]
[ sql ] [ SQL ] SELECT * FROM `gr_user_group` WHERE  `id` IN (9) [ RunTime:0.000219s ]
[ sql ] [ SQL ] SELECT * FROM `gr_user_group` WHERE  `id` IN (9) [ RunTime:0.000213s ]
[ sql ] [ SQL ] SELECT * FROM `gr_user_group` WHERE  `id` IN (5,8,9,17) [ RunTime:0.000259s ]
[ sql ] [ SQL ] SELECT * FROM `gr_user_group` WHERE  `id` IN (13) [ RunTime:0.000217s ]
[ sql ] [ SQL ] SELECT * FROM `gr_user_group` WHERE  `id` IN (9) [ RunTime:0.000283s ]
[ sql ] [ SQL ] SELECT * FROM `gr_user_group` WHERE  `id` IN (8) [ RunTime:0.000248s ]
[ sql ] [ SQL ] SELECT * FROM `gr_user_group` WHERE  `id` IN (7) [ RunTime:0.000230s ]
[ sql ] [ SQL ] SELECT * FROM `gr_user_group` WHERE  `id` IN (9) [ RunTime:0.000219s ]
[ sql ] [ SQL ] SELECT * FROM `gr_user_group` WHERE  `id` IN (8) [ RunTime:0.000228s ]
[ sql ] [ SQL ] SELECT * FROM `gr_user_group` WHERE  `id` IN (8) [ RunTime:0.000267s ]
[ sql ] [ SQL ] SELECT * FROM `gr_user_group` WHERE  `id` IN (8) [ RunTime:0.000241s ]
[ sql ] [ SQL ] SELECT * FROM `gr_user_group` WHERE  `id` IN (9) [ RunTime:0.000228s ]
[ sql ] [ SQL ] SELECT * FROM `gr_user_group` WHERE  `id` IN (9) [ RunTime:0.000233s ]
[ sql ] [ SQL ] SELECT * FROM `gr_user_group` WHERE  `id` IN (10) [ RunTime:0.000218s ]
[ sql ] [ SQL ] SELECT * FROM `gr_user_group` WHERE  `id` IN (10) [ RunTime:0.000218s ]
[ sql ] [ SQL ] SELECT * FROM `gr_user_group` WHERE  `id` IN (10) [ RunTime:0.000268s ]
[ sql ] [ SQL ] SELECT * FROM `gr_user_group` WHERE  `id` IN (10) [ RunTime:0.000242s ]
[ sql ] [ SQL ] SELECT * FROM `gr_user_group` WHERE  `id` IN (11) [ RunTime:0.000285s ]
[ sql ] [ SQL ] SELECT * FROM `gr_user_group` WHERE  `id` IN (10) [ RunTime:0.000248s ]
[ sql ] [ SQL ] SELECT * FROM `gr_user_group` WHERE  `id` IN (10) [ RunTime:0.000223s ]
[ sql ] [ SQL ] SELECT * FROM `gr_user_group` WHERE  `id` IN (10) [ RunTime:0.000217s ]
[ sql ] [ SQL ] SELECT * FROM `gr_user_group` WHERE  `id` IN (10) [ RunTime:0.000223s ]
[ sql ] [ SQL ] SELECT * FROM `gr_user_group` WHERE  `id` IN (11) [ RunTime:0.000255s ]
[ sql ] [ SQL ] SELECT * FROM `gr_user_group` WHERE  `id` IN (8) [ RunTime:0.000218s ]
[ sql ] [ SQL ] SELECT * FROM `gr_user_group` WHERE  `id` IN (7,8) [ RunTime:0.000314s ]
[ sql ] [ SQL ] SELECT * FROM `gr_user_group` WHERE  `id` IN (17) [ RunTime:0.000316s ]
[ sql ] [ SQL ] SELECT * FROM `gr_user_group` WHERE  `id` IN (11) [ RunTime:0.000372s ]
[ sql ] [ SQL ] SELECT * FROM `gr_user_group` WHERE  `id` IN (14) [ RunTime:0.000295s ]
[ sql ] [ SQL ] SELECT * FROM `gr_user_group` WHERE  `id` IN (5,14,8,9) [ RunTime:0.000322s ]
[ sql ] [ SQL ] SELECT * FROM `gr_user_group` WHERE  `id` IN (13,17,5,14,8,9,7,16) [ RunTime:0.000318s ]
[ sql ] [ SQL ] SELECT * FROM `gr_user_group` WHERE  `id` IN (10,14,8,16) [ RunTime:0.000368s ]
[ sql ] [ SQL ] SELECT * FROM `gr_user_group` WHERE  `id` IN (17) [ RunTime:0.000264s ]
[ sql ] [ SQL ] SELECT * FROM `gr_user_group` WHERE  `id` IN (17) [ RunTime:0.000263s ]
[ sql ] [ SQL ] SELECT * FROM `gr_user_group` WHERE  `id` IN (10) [ RunTime:0.000230s ]
[ sql ] [ SQL ] SELECT * FROM `gr_user_group` WHERE  `id` IN (9) [ RunTime:0.000228s ]
[ sql ] [ SQL ] SELECT * FROM `gr_user_group` WHERE  `id` IN (17,11,5,9,7) [ RunTime:0.000328s ]
[ sql ] [ SQL ] SELECT * FROM `gr_user_group` WHERE  `id` IN (11) [ RunTime:0.000286s ]
[ sql ] [ SQL ] SELECT * FROM `gr_user_group` WHERE  `id` IN (17) [ RunTime:0.000277s ]
[ sql ] [ SQL ] SELECT * FROM `gr_user_group` WHERE  `id` IN (11) [ RunTime:0.000251s ]
[ sql ] [ SQL ] SELECT * FROM `gr_user_group` WHERE  `id` IN (9) [ RunTime:0.000230s ]
[ sql ] [ SQL ] SELECT * FROM `gr_user_group` WHERE  `id` IN (8) [ RunTime:0.000230s ]
[ sql ] [ SQL ] SELECT * FROM `gr_user_group` WHERE  `id` IN (8) [ RunTime:0.000215s ]
[ sql ] [ SQL ] SELECT * FROM `gr_user_group` WHERE  `id` IN (9) [ RunTime:0.000255s ]
[ sql ] [ SQL ] SELECT * FROM `gr_user_group` WHERE  `id` IN (5,8,9,7,16) [ RunTime:0.000338s ]
[ sql ] [ SQL ] SELECT * FROM `gr_user_group` WHERE  `id` IN (5) [ RunTime:0.000272s ]
[ sql ] [ SQL ] SELECT * FROM `gr_user_group` WHERE  `id` IN (9) [ RunTime:0.000242s ]
[ sql ] [ SQL ] SELECT * FROM `gr_user_group` WHERE  `id` IN (11) [ RunTime:0.000237s ]
[ sql ] [ SQL ] SELECT * FROM `gr_user_group` WHERE  `id` IN (11) [ RunTime:0.000213s ]
[ sql ] [ SQL ] SELECT * FROM `gr_user_group` WHERE  `id` IN (13) [ RunTime:0.000281s ]
[ sql ] [ SQL ] SELECT * FROM `gr_user_group` WHERE  `id` IN (13,17,5,14,8,9,7,16) [ RunTime:0.000331s ]
[ sql ] [ SQL ] SELECT * FROM `gr_user_group` WHERE  `id` IN (7,9) [ RunTime:0.000313s ]
[ sql ] [ SQL ] SELECT * FROM `gr_user_group` WHERE  `id` IN (7,9) [ RunTime:0.000422s ]
[ sql ] [ SQL ] SELECT * FROM `gr_user_group` WHERE  `id` IN (11) [ RunTime:0.000233s ]
[ sql ] [ SQL ] SELECT * FROM `gr_user_group` WHERE  `id` IN (9) [ RunTime:0.000214s ]
[ sql ] [ SQL ] SELECT * FROM `gr_user_group` WHERE  `id` IN (5,9,7,16) [ RunTime:0.000259s ]
[ sql ] [ SQL ] SELECT * FROM `gr_user_group` WHERE  `id` IN (9) [ RunTime:0.000215s ]
[ sql ] [ SQL ] SELECT * FROM `gr_user_group` WHERE  `id` IN (17) [ RunTime:0.000262s ]
[ sql ] [ SQL ] SELECT * FROM `gr_user_group` WHERE  `id` IN (9) [ RunTime:0.000262s ]
[ sql ] [ SQL ] SELECT * FROM `gr_user_group` WHERE  `id` IN (17) [ RunTime:0.000255s ]
[ sql ] [ SQL ] SELECT * FROM `gr_user_group` WHERE  `id` IN (8) [ RunTime:0.000220s ]
[ sql ] [ SQL ] SELECT * FROM `gr_user_group` WHERE  `id` IN (11) [ RunTime:0.000214s ]
[ sql ] [ SQL ] SELECT * FROM `gr_user_group` WHERE  `id` IN (11) [ RunTime:0.000212s ]
[ sql ] [ SQL ] SELECT * FROM `gr_user_group` WHERE  `id` IN (11) [ RunTime:0.000206s ]
[ sql ] [ SQL ] SELECT * FROM `gr_user_group` WHERE  `id` IN (14) [ RunTime:0.000265s ]
[ sql ] [ SQL ] SELECT * FROM `gr_user_group` WHERE  `id` IN (8) [ RunTime:0.000221s ]
[ sql ] [ SQL ] SELECT * FROM `gr_user_group` WHERE  `id` IN (8) [ RunTime:0.000226s ]
[ sql ] [ SQL ] SELECT * FROM `gr_user_group` WHERE  `id` IN (8) [ RunTime:0.000215s ]
[ sql ] [ SQL ] SELECT * FROM `gr_user_group` WHERE  `id` IN (10) [ RunTime:0.000209s ]
[ sql ] [ SQL ] SELECT * FROM `gr_user_group` WHERE  `id` IN (10) [ RunTime:0.000243s ]
[ sql ] [ SQL ] SELECT * FROM `gr_user_group` WHERE  `id` IN (10) [ RunTime:0.000257s ]
[ sql ] [ SQL ] SELECT * FROM `gr_user_group` WHERE  `id` IN (5,7,9,11,17) [ RunTime:0.000272s ]
[ sql ] [ SQL ] SELECT * FROM `gr_user_group` WHERE  `id` IN (10) [ RunTime:0.000221s ]
[ sql ] [ SQL ] SELECT * FROM `gr_user_group` WHERE  `id` IN (11) [ RunTime:0.000219s ]
[ sql ] [ SQL ] SELECT * FROM `gr_user_group` WHERE  `id` IN (10) [ RunTime:0.000212s ]
[ sql ] [ SQL ] SELECT * FROM `gr_user_group` WHERE  `id` IN (11) [ RunTime:0.000236s ]
[ sql ] [ SQL ] SELECT * FROM `gr_user_group` WHERE  `id` IN (11) [ RunTime:0.000214s ]
[ sql ] [ SQL ] SELECT * FROM `gr_user_group` WHERE  `id` IN (11) [ RunTime:0.000212s ]
[ sql ] [ SQL ] SELECT * FROM `gr_user_group` WHERE  `id` IN (11) [ RunTime:0.000207s ]
[ sql ] [ SQL ] SELECT * FROM `gr_user_group` WHERE  `id` IN (14) [ RunTime:0.000210s ]
[ sql ] [ SQL ] SELECT * FROM `gr_user_group` WHERE  `id` IN (14,7,16) [ RunTime:0.000266s ]
[ sql ] [ SQL ] SELECT * FROM `gr_user_group` WHERE  `id` IN (10) [ RunTime:0.000213s ]
[ sql ] [ SQL ] SELECT * FROM `gr_user_group` WHERE  `id` IN (10) [ RunTime:0.000236s ]
[ sql ] [ SQL ] SELECT * FROM `gr_user_group` WHERE  `id` IN (13) [ RunTime:0.000231s ]
[ sql ] [ SQL ] SELECT * FROM `gr_user_group` WHERE  `id` IN (11) [ RunTime:0.000255s ]
[ sql ] [ SQL ] SELECT * FROM `gr_user_group` WHERE  `id` IN (8) [ RunTime:0.000248s ]
[ sql ] [ SQL ] SELECT * FROM `gr_user_group` WHERE  `id` IN (8) [ RunTime:0.000267s ]
[ sql ] [ SQL ] SELECT * FROM `gr_user_group` WHERE  `id` IN (11) [ RunTime:0.000289s ]
[ sql ] [ SQL ] SELECT * FROM `gr_user_group` WHERE  `id` IN (11) [ RunTime:0.000264s ]
[ sql ] [ SQL ] SELECT * FROM `gr_user_group` WHERE  `id` IN (10) [ RunTime:0.000350s ]
[ sql ] [ SQL ] SELECT * FROM `gr_user_group` WHERE  `id` IN (10) [ RunTime:0.000285s ]
[ sql ] [ SQL ] SELECT * FROM `gr_user_group` WHERE  `id` IN (10) [ RunTime:0.000256s ]
[ sql ] [ SQL ] SELECT * FROM `gr_user_group` WHERE  `id` IN (10) [ RunTime:0.000272s ]
[ sql ] [ SQL ] SELECT * FROM `gr_user_group` WHERE  `id` IN (8) [ RunTime:0.000255s ]
[ sql ] [ SQL ] SELECT * FROM `gr_user_group` WHERE  `id` IN (11) [ RunTime:0.000230s ]
[ sql ] [ SQL ] SELECT * FROM `gr_user_group` WHERE  `id` IN (11) [ RunTime:0.000268s ]
[ sql ] [ SQL ] SELECT * FROM `gr_user_group` WHERE  `id` IN (11) [ RunTime:0.000233s ]
[ sql ] [ SQL ] SELECT * FROM `gr_user_group` WHERE  `id` IN (17) [ RunTime:0.000241s ]
[ sql ] [ SQL ] SELECT * FROM `gr_user_group` WHERE  `id` IN (11) [ RunTime:0.000271s ]
[ sql ] [ SQL ] SELECT * FROM `gr_user_group` WHERE  `id` IN (11) [ RunTime:0.000288s ]
[ sql ] [ SQL ] SELECT * FROM `gr_user_group` WHERE  `id` IN (10) [ RunTime:0.000257s ]
[ sql ] [ SQL ] SELECT * FROM `gr_user_group` WHERE  `id` IN (17) [ RunTime:0.000327s ]
[ sql ] [ SQL ] SELECT * FROM `gr_user_group` WHERE  `id` IN (11) [ RunTime:0.000275s ]
[ sql ] [ SQL ] SELECT * FROM `gr_user_group` WHERE  `id` IN (8) [ RunTime:0.000272s ]
[ sql ] [ SQL ] SELECT * FROM `gr_user_group` WHERE  `id` IN (11) [ RunTime:0.000284s ]
[ sql ] [ SQL ] SELECT * FROM `gr_user_group` WHERE  `id` IN (11) [ RunTime:0.000242s ]
[ sql ] [ SQL ] SELECT * FROM `gr_user_group` WHERE  `id` IN (11) [ RunTime:0.000240s ]
[ sql ] [ SQL ] SELECT * FROM `gr_user_group` WHERE  `id` IN (8) [ RunTime:0.000216s ]
[ sql ] [ SQL ] SELECT * FROM `gr_user_group` WHERE  `id` IN (5,14,8,9,7,16) [ RunTime:0.000261s ]
[ sql ] [ SQL ] SELECT * FROM `gr_user_group` WHERE  `id` IN (8) [ RunTime:0.000231s ]
[ sql ] [ SQL ] SELECT * FROM `gr_user_group` WHERE  `id` IN (13) [ RunTime:0.000216s ]
[ sql ] [ SQL ] SELECT * FROM `gr_user_group` WHERE  `id` IN (11) [ RunTime:0.000210s ]
[ sql ] [ SQL ] SELECT * FROM `gr_user_group` WHERE  `id` IN (11) [ RunTime:0.000218s ]
[ sql ] [ SQL ] SELECT * FROM `gr_user_group` WHERE  `id` IN (13) [ RunTime:0.000207s ]
[ sql ] [ SQL ] SELECT * FROM `gr_user_group` WHERE  `id` IN (10) [ RunTime:0.000220s ]
[ sql ] [ SQL ] SELECT * FROM `gr_user_group` WHERE  `id` IN (10) [ RunTime:0.000221s ]
[ sql ] [ SQL ] SELECT * FROM `gr_user_group` WHERE  `id` IN (10) [ RunTime:0.000211s ]
[ sql ] [ SQL ] SELECT * FROM `gr_user_group` WHERE  `id` IN (10) [ RunTime:0.000241s ]
[ sql ] [ SQL ] SELECT * FROM `gr_user_group` WHERE  `id` IN (10) [ RunTime:0.000202s ]
[ sql ] [ SQL ] SELECT * FROM `gr_user_group` WHERE  `id` IN (8) [ RunTime:0.000240s ]
[ sql ] [ SQL ] SELECT * FROM `gr_user_group` WHERE  `id` IN (14,16,8,10,13) [ RunTime:0.000339s ]
[ sql ] [ SQL ] SELECT * FROM `gr_user_group` WHERE  `id` IN (13) [ RunTime:0.000395s ]
[ sql ] [ SQL ] SELECT * FROM `gr_user_group` WHERE  `id` IN (8) [ RunTime:0.000256s ]
[ sql ] [ SQL ] SELECT * FROM `gr_user_group` WHERE  `id` IN (11) [ RunTime:0.000363s ]
[ sql ] [ SQL ] SELECT * FROM `gr_user_group` WHERE  `id` IN (13) [ RunTime:0.000371s ]
[ sql ] [ SQL ] SELECT * FROM `gr_user_group` WHERE  `id` IN (11) [ RunTime:0.000243s ]
[ sql ] [ SQL ] SELECT * FROM `gr_user_group` WHERE  `id` IN (11) [ RunTime:0.000262s ]
[ sql ] [ SQL ] SELECT * FROM `gr_user_group` WHERE  `id` IN (9) [ RunTime:0.000244s ]
[ sql ] [ SQL ] SELECT * FROM `gr_user_group` WHERE  `id` IN (8) [ RunTime:0.000225s ]
[ sql ] [ SQL ] SELECT * FROM `gr_user_group` WHERE  `id` IN (10) [ RunTime:0.000236s ]
[ sql ] [ SQL ] SELECT * FROM `gr_user_group` WHERE  `id` IN (10) [ RunTime:0.000222s ]
[ sql ] [ SQL ] SELECT * FROM `gr_user_group` WHERE  `id` IN (10) [ RunTime:0.000215s ]
[ sql ] [ SQL ] SELECT * FROM `gr_user_group` WHERE  `id` IN (11) [ RunTime:0.000230s ]
[ sql ] [ SQL ] SELECT * FROM `gr_user_group` WHERE  `id` IN (14) [ RunTime:0.000215s ]
[ sql ] [ SQL ] SELECT * FROM `gr_user_group` WHERE  `id` IN (10) [ RunTime:0.000210s ]
[ sql ] [ SQL ] SELECT * FROM `gr_user_group` WHERE  `id` IN (11) [ RunTime:0.000211s ]
[ sql ] [ SQL ] SELECT * FROM `gr_user_group` WHERE  `id` IN (10) [ RunTime:0.000211s ]
[ sql ] [ SQL ] SELECT * FROM `gr_user_group` WHERE  `id` IN (10) [ RunTime:0.000218s ]
[ sql ] [ SQL ] SELECT * FROM `gr_user_group` WHERE  `id` IN (11) [ RunTime:0.000208s ]
[ sql ] [ SQL ] SELECT * FROM `gr_user_group` WHERE  `id` IN (17) [ RunTime:0.000207s ]
[ sql ] [ SQL ] SELECT * FROM `gr_user_group` WHERE  `id` IN (13,17,10,11,5,14,8,9) [ RunTime:0.000252s ]
---------------------------------------------------------------
[ 2022-12-06T15:55:45+08:00 ] 127.0.0.1 POST api.newkefu.com/admin/Sysmanage/gameList
[运行时间：0.255391s] [吞吐率：3.92req/s] [内存消耗：5,042.31kb] [文件加载：198]
[ info ] [ LANG ] D:\phpstudy_pro\WWW\new_kefu_online\thinkphp\lang\zh-cn.php
[ info ] [ ROUTE ] array (
  'type' => 'module',
  'module' => 
  array (
    0 => 'admin',
    1 => 'Sysmanage',
    2 => 'gameList',
  ),
)
[ info ] [ HEADER ] array (
  'cache-control' => 'no-cache',
  'pragma' => 'no-cache',
  'referer' => 'http://www.newkefu.com/',
  'connection' => 'close',
  'origin' => 'http://www.newkefu.com',
  'content-length' => '15',
  'platform' => 'youyu',
  'token' => 'eyJ0eXAiOiJKV1QiLCJhbGciOiJIUzI1NiIsImp0aSI6ImxYWGluZyJ9.eyJpc3MiOiJhcGkubmV3a2VmdS5jb20iLCJqdGkiOiJsWFhpbmciLCJpYXQiOjE2NzAyOTU5MDMsImV4cCI6MTY3Mjg4NzkwMywidWlkIjoxNDN9.qqW3H6Ngm2Dv5W4JpalG4btXP8Rr01yYs61-GNcsyuM',
  'content-type' => 'application/x-www-form-urlencoded; charset=UTF-8',
  'accept-encoding' => 'gzip, deflate',
  'accept-language' => 'zh-CN,zh;q=0.8,zh-TW;q=0.7,zh-HK;q=0.5,en-US;q=0.3,en;q=0.2',
  'accept' => 'application/json, text/javascript, */*; q=0.01',
  'user-agent' => 'Mozilla/5.0 (Windows NT 10.0; Win64; x64; rv:107.0) Gecko/20100101 Firefox/107.0',
  'host' => 'api.newkefu.com',
)
[ info ] [ PARAM ] array (
  '/admin/Sysmanage/gameList' => '',
  'page' => '1',
  'limit' => '20',
)
[ info ] [ DB ] INIT mysql
[ info ] [ CACHE ] INIT redis
[ info ] [ DB ] INIT mysql
[ info ] [ DB ] INIT mysql
[ info ] [ RUN ] app\admin\controller\Sysmanage->gameList[ D:\phpstudy_pro\WWW\new_kefu_online\application\admin\controller\Sysmanage.php ]
[ info ] [ LOG ] INIT File
[ sql ] [ DB ] CONNECT:[ UseTime:0.001103s ] mysql:host=127.0.0.1;port=3306;dbname=gr_chat;charset=utf8
[ sql ] [ SQL ] SHOW COLUMNS FROM `gr_user_group` [ RunTime:0.003093s ]
[ sql ] [ SQL ] SELECT * FROM `gr_user_group` WHERE  `id` IN (17,10,11,5,14,8,9,7,16) [ RunTime:0.001530s ]
[ sql ] [ SQL ] SHOW COLUMNS FROM `gr_menu_new` [ RunTime:0.005948s ]
[ sql ] [ SQL ] SELECT m.menu_id as id,`m`.`menu_name`,`m`.`p_id`,`m`.`controller`,`m`.`action`,`m`.`is_show`,`m`.`url`,`m`.`type` FROM `gr_menu_new` `m` ORDER BY `p_id` ASC,`sort` ASC,`id` ASC [ RunTime:0.004949s ]
---------------------------------------------------------------
[ 2022-12-06T15:55:48+08:00 ] 127.0.0.1 POST api.newkefu.com/admin/ajax/getSmsList
[运行时间：0.100140s] [吞吐率：9.99req/s] [内存消耗：4,975.30kb] [文件加载：196]
[ info ] [ LANG ] D:\phpstudy_pro\WWW\new_kefu_online\thinkphp\lang\zh-cn.php
[ info ] [ ROUTE ] array (
  'type' => 'module',
  'module' => 
  array (
    0 => 'admin',
    1 => 'ajax',
    2 => 'getSmsList',
  ),
)
[ info ] [ HEADER ] array (
  'content-length' => '0',
  'cache-control' => 'no-cache',
  'pragma' => 'no-cache',
  'referer' => 'http://www.newkefu.com/',
  'connection' => 'close',
  'origin' => 'http://www.newkefu.com',
  'platform' => 'youyu',
  'token' => 'eyJ0eXAiOiJKV1QiLCJhbGciOiJIUzI1NiIsImp0aSI6ImxYWGluZyJ9.eyJpc3MiOiJhcGkubmV3a2VmdS5jb20iLCJqdGkiOiJsWFhpbmciLCJpYXQiOjE2NzAyOTU5MDMsImV4cCI6MTY3Mjg4NzkwMywidWlkIjoxNDN9.qqW3H6Ngm2Dv5W4JpalG4btXP8Rr01yYs61-GNcsyuM',
  'accept-encoding' => 'gzip, deflate',
  'accept-language' => 'zh-CN,zh;q=0.8,zh-TW;q=0.7,zh-HK;q=0.5,en-US;q=0.3,en;q=0.2',
  'accept' => 'application/json, text/javascript, */*; q=0.01',
  'user-agent' => 'Mozilla/5.0 (Windows NT 10.0; Win64; x64; rv:107.0) Gecko/20100101 Firefox/107.0',
  'host' => 'api.newkefu.com',
)
[ info ] [ PARAM ] array (
  '/admin/ajax/getSmsList' => '',
)
[ info ] [ DB ] INIT mysql
[ info ] [ CACHE ] INIT redis
[ info ] [ DB ] INIT mysql
[ info ] [ RUN ] app\admin\controller\Ajax->getSmsList[ D:\phpstudy_pro\WWW\new_kefu_online\application\admin\controller\Ajax.php ]
[ info ] [ LOG ] INIT File
[ sql ] [ DB ] CONNECT:[ UseTime:0.001116s ] mysql:host=127.0.0.1;port=3306;dbname=gr_chat;charset=utf8
[ sql ] [ SQL ] SHOW COLUMNS FROM `gr_user_group` [ RunTime:0.000662s ]
[ sql ] [ SQL ] SELECT * FROM `gr_user_group` WHERE  `id` IN (17,10,11,5,14,8,9,7,16) [ RunTime:0.000366s ]
[ sql ] [ SQL ] SHOW COLUMNS FROM `gr_menu_new` [ RunTime:0.000746s ]
[ sql ] [ SQL ] SELECT m.menu_id as id,`m`.`menu_name`,`m`.`p_id`,`m`.`controller`,`m`.`action`,`m`.`is_show`,`m`.`url`,`m`.`type` FROM `gr_menu_new` `m` ORDER BY `p_id` ASC,`sort` ASC,`id` ASC [ RunTime:0.000897s ]
---------------------------------------------------------------
[ 2022-12-06T16:14:39+08:00 ] 127.0.0.1 POST api.newkefu.com/admin/ajax/getSmsList
[运行时间：0.190769s] [吞吐率：5.24req/s] [内存消耗：4,975.30kb] [文件加载：196]
[ info ] [ LANG ] D:\phpstudy_pro\WWW\new_kefu_online\thinkphp\lang\zh-cn.php
[ info ] [ ROUTE ] array (
  'type' => 'module',
  'module' => 
  array (
    0 => 'admin',
    1 => 'ajax',
    2 => 'getSmsList',
  ),
)
[ info ] [ HEADER ] array (
  'content-length' => '0',
  'cache-control' => 'no-cache',
  'pragma' => 'no-cache',
  'referer' => 'http://www.newkefu.com/',
  'connection' => 'close',
  'origin' => 'http://www.newkefu.com',
  'platform' => 'youyu',
  'token' => 'eyJ0eXAiOiJKV1QiLCJhbGciOiJIUzI1NiIsImp0aSI6ImxYWGluZyJ9.eyJpc3MiOiJhcGkubmV3a2VmdS5jb20iLCJqdGkiOiJsWFhpbmciLCJpYXQiOjE2NzAyOTU5MDMsImV4cCI6MTY3Mjg4NzkwMywidWlkIjoxNDN9.qqW3H6Ngm2Dv5W4JpalG4btXP8Rr01yYs61-GNcsyuM',
  'accept-encoding' => 'gzip, deflate',
  'accept-language' => 'zh-CN,zh;q=0.8,zh-TW;q=0.7,zh-HK;q=0.5,en-US;q=0.3,en;q=0.2',
  'accept' => 'application/json, text/javascript, */*; q=0.01',
  'user-agent' => 'Mozilla/5.0 (Windows NT 10.0; Win64; x64; rv:107.0) Gecko/20100101 Firefox/107.0',
  'host' => 'api.newkefu.com',
)
[ info ] [ PARAM ] array (
  '/admin/ajax/getSmsList' => '',
)
[ info ] [ DB ] INIT mysql
[ info ] [ CACHE ] INIT redis
[ info ] [ DB ] INIT mysql
[ info ] [ RUN ] app\admin\controller\Ajax->getSmsList[ D:\phpstudy_pro\WWW\new_kefu_online\application\admin\controller\Ajax.php ]
[ info ] [ LOG ] INIT File
[ sql ] [ DB ] CONNECT:[ UseTime:0.001721s ] mysql:host=127.0.0.1;port=3306;dbname=gr_chat;charset=utf8
[ sql ] [ SQL ] SHOW COLUMNS FROM `gr_user_group` [ RunTime:0.001534s ]
[ sql ] [ SQL ] SELECT * FROM `gr_user_group` WHERE  `id` IN (17,10,11,5,14,8,9,7,16) [ RunTime:0.000552s ]
[ sql ] [ SQL ] SHOW COLUMNS FROM `gr_menu_new` [ RunTime:0.000932s ]
[ sql ] [ SQL ] SELECT m.menu_id as id,`m`.`menu_name`,`m`.`p_id`,`m`.`controller`,`m`.`action`,`m`.`is_show`,`m`.`url`,`m`.`type` FROM `gr_menu_new` `m` ORDER BY `p_id` ASC,`sort` ASC,`id` ASC [ RunTime:0.003268s ]
---------------------------------------------------------------
[ 2022-12-06T16:15:23+08:00 ] 127.0.0.1 POST api.newkefu.com/admin/ajax/getSmsList
[运行时间：0.133756s] [吞吐率：7.48req/s] [内存消耗：4,975.30kb] [文件加载：196]
[ info ] [ LANG ] D:\phpstudy_pro\WWW\new_kefu_online\thinkphp\lang\zh-cn.php
[ info ] [ ROUTE ] array (
  'type' => 'module',
  'module' => 
  array (
    0 => 'admin',
    1 => 'ajax',
    2 => 'getSmsList',
  ),
)
[ info ] [ HEADER ] array (
  'content-length' => '0',
  'cache-control' => 'no-cache',
  'pragma' => 'no-cache',
  'referer' => 'http://www.newkefu.com/',
  'connection' => 'close',
  'origin' => 'http://www.newkefu.com',
  'platform' => 'youyu',
  'token' => 'eyJ0eXAiOiJKV1QiLCJhbGciOiJIUzI1NiIsImp0aSI6ImxYWGluZyJ9.eyJpc3MiOiJhcGkubmV3a2VmdS5jb20iLCJqdGkiOiJsWFhpbmciLCJpYXQiOjE2NzAyOTU5MDMsImV4cCI6MTY3Mjg4NzkwMywidWlkIjoxNDN9.qqW3H6Ngm2Dv5W4JpalG4btXP8Rr01yYs61-GNcsyuM',
  'accept-encoding' => 'gzip, deflate',
  'accept-language' => 'zh-CN,zh;q=0.8,zh-TW;q=0.7,zh-HK;q=0.5,en-US;q=0.3,en;q=0.2',
  'accept' => 'application/json, text/javascript, */*; q=0.01',
  'user-agent' => 'Mozilla/5.0 (Windows NT 10.0; Win64; x64; rv:107.0) Gecko/20100101 Firefox/107.0',
  'host' => 'api.newkefu.com',
)
[ info ] [ PARAM ] array (
  '/admin/ajax/getSmsList' => '',
)
[ info ] [ DB ] INIT mysql
[ info ] [ CACHE ] INIT redis
[ info ] [ DB ] INIT mysql
[ info ] [ RUN ] app\admin\controller\Ajax->getSmsList[ D:\phpstudy_pro\WWW\new_kefu_online\application\admin\controller\Ajax.php ]
[ info ] [ LOG ] INIT File
[ sql ] [ DB ] CONNECT:[ UseTime:0.001204s ] mysql:host=127.0.0.1;port=3306;dbname=gr_chat;charset=utf8
[ sql ] [ SQL ] SHOW COLUMNS FROM `gr_user_group` [ RunTime:0.000916s ]
[ sql ] [ SQL ] SELECT * FROM `gr_user_group` WHERE  `id` IN (17,10,11,5,14,8,9,7,16) [ RunTime:0.000944s ]
[ sql ] [ SQL ] SHOW COLUMNS FROM `gr_menu_new` [ RunTime:0.000958s ]
[ sql ] [ SQL ] SELECT m.menu_id as id,`m`.`menu_name`,`m`.`p_id`,`m`.`controller`,`m`.`action`,`m`.`is_show`,`m`.`url`,`m`.`type` FROM `gr_menu_new` `m` ORDER BY `p_id` ASC,`sort` ASC,`id` ASC [ RunTime:0.001293s ]
---------------------------------------------------------------
[ 2022-12-06T16:16:30+08:00 ] 127.0.0.1 POST api.newkefu.com/admin/ajax/getSmsList
[运行时间：0.119057s] [吞吐率：8.40req/s] [内存消耗：4,975.30kb] [文件加载：196]
[ info ] [ LANG ] D:\phpstudy_pro\WWW\new_kefu_online\thinkphp\lang\zh-cn.php
[ info ] [ ROUTE ] array (
  'type' => 'module',
  'module' => 
  array (
    0 => 'admin',
    1 => 'ajax',
    2 => 'getSmsList',
  ),
)
[ info ] [ HEADER ] array (
  'content-length' => '0',
  'cache-control' => 'no-cache',
  'pragma' => 'no-cache',
  'referer' => 'http://www.newkefu.com/',
  'connection' => 'close',
  'origin' => 'http://www.newkefu.com',
  'platform' => 'youyu',
  'token' => 'eyJ0eXAiOiJKV1QiLCJhbGciOiJIUzI1NiIsImp0aSI6ImxYWGluZyJ9.eyJpc3MiOiJhcGkubmV3a2VmdS5jb20iLCJqdGkiOiJsWFhpbmciLCJpYXQiOjE2NzAyOTU5MDMsImV4cCI6MTY3Mjg4NzkwMywidWlkIjoxNDN9.qqW3H6Ngm2Dv5W4JpalG4btXP8Rr01yYs61-GNcsyuM',
  'accept-encoding' => 'gzip, deflate',
  'accept-language' => 'zh-CN,zh;q=0.8,zh-TW;q=0.7,zh-HK;q=0.5,en-US;q=0.3,en;q=0.2',
  'accept' => 'application/json, text/javascript, */*; q=0.01',
  'user-agent' => 'Mozilla/5.0 (Windows NT 10.0; Win64; x64; rv:107.0) Gecko/20100101 Firefox/107.0',
  'host' => 'api.newkefu.com',
)
[ info ] [ PARAM ] array (
  '/admin/ajax/getSmsList' => '',
)
[ info ] [ DB ] INIT mysql
[ info ] [ CACHE ] INIT redis
[ info ] [ DB ] INIT mysql
[ info ] [ RUN ] app\admin\controller\Ajax->getSmsList[ D:\phpstudy_pro\WWW\new_kefu_online\application\admin\controller\Ajax.php ]
[ info ] [ LOG ] INIT File
[ sql ] [ DB ] CONNECT:[ UseTime:0.001445s ] mysql:host=127.0.0.1;port=3306;dbname=gr_chat;charset=utf8
[ sql ] [ SQL ] SHOW COLUMNS FROM `gr_user_group` [ RunTime:0.001948s ]
[ sql ] [ SQL ] SELECT * FROM `gr_user_group` WHERE  `id` IN (17,10,11,5,14,8,9,7,16) [ RunTime:0.000977s ]
[ sql ] [ SQL ] SHOW COLUMNS FROM `gr_menu_new` [ RunTime:0.000799s ]
[ sql ] [ SQL ] SELECT m.menu_id as id,`m`.`menu_name`,`m`.`p_id`,`m`.`controller`,`m`.`action`,`m`.`is_show`,`m`.`url`,`m`.`type` FROM `gr_menu_new` `m` ORDER BY `p_id` ASC,`sort` ASC,`id` ASC [ RunTime:0.000936s ]
---------------------------------------------------------------
[ 2022-12-06T16:16:49+08:00 ] 127.0.0.1 POST api.newkefu.com/admin/ajax/getSmsList
[运行时间：0.111560s] [吞吐率：8.96req/s] [内存消耗：4,975.30kb] [文件加载：196]
[ info ] [ LANG ] D:\phpstudy_pro\WWW\new_kefu_online\thinkphp\lang\zh-cn.php
[ info ] [ ROUTE ] array (
  'type' => 'module',
  'module' => 
  array (
    0 => 'admin',
    1 => 'ajax',
    2 => 'getSmsList',
  ),
)
[ info ] [ HEADER ] array (
  'content-length' => '0',
  'cache-control' => 'no-cache',
  'pragma' => 'no-cache',
  'referer' => 'http://www.newkefu.com/',
  'connection' => 'close',
  'origin' => 'http://www.newkefu.com',
  'platform' => 'youyu',
  'token' => 'eyJ0eXAiOiJKV1QiLCJhbGciOiJIUzI1NiIsImp0aSI6ImxYWGluZyJ9.eyJpc3MiOiJhcGkubmV3a2VmdS5jb20iLCJqdGkiOiJsWFhpbmciLCJpYXQiOjE2NzAyOTU5MDMsImV4cCI6MTY3Mjg4NzkwMywidWlkIjoxNDN9.qqW3H6Ngm2Dv5W4JpalG4btXP8Rr01yYs61-GNcsyuM',
  'accept-encoding' => 'gzip, deflate',
  'accept-language' => 'zh-CN,zh;q=0.8,zh-TW;q=0.7,zh-HK;q=0.5,en-US;q=0.3,en;q=0.2',
  'accept' => 'application/json, text/javascript, */*; q=0.01',
  'user-agent' => 'Mozilla/5.0 (Windows NT 10.0; Win64; x64; rv:107.0) Gecko/20100101 Firefox/107.0',
  'host' => 'api.newkefu.com',
)
[ info ] [ PARAM ] array (
  '/admin/ajax/getSmsList' => '',
)
[ info ] [ DB ] INIT mysql
[ info ] [ CACHE ] INIT redis
[ info ] [ DB ] INIT mysql
[ info ] [ RUN ] app\admin\controller\Ajax->getSmsList[ D:\phpstudy_pro\WWW\new_kefu_online\application\admin\controller\Ajax.php ]
[ info ] [ LOG ] INIT File
[ sql ] [ DB ] CONNECT:[ UseTime:0.001033s ] mysql:host=127.0.0.1;port=3306;dbname=gr_chat;charset=utf8
[ sql ] [ SQL ] SHOW COLUMNS FROM `gr_user_group` [ RunTime:0.000733s ]
[ sql ] [ SQL ] SELECT * FROM `gr_user_group` WHERE  `id` IN (17,10,11,5,14,8,9,7,16) [ RunTime:0.000488s ]
[ sql ] [ SQL ] SHOW COLUMNS FROM `gr_menu_new` [ RunTime:0.000765s ]
[ sql ] [ SQL ] SELECT m.menu_id as id,`m`.`menu_name`,`m`.`p_id`,`m`.`controller`,`m`.`action`,`m`.`is_show`,`m`.`url`,`m`.`type` FROM `gr_menu_new` `m` ORDER BY `p_id` ASC,`sort` ASC,`id` ASC [ RunTime:0.000877s ]
---------------------------------------------------------------
[ 2022-12-06T16:17:01+08:00 ] 127.0.0.1 POST api.newkefu.com/admin/ajax/getSmsList
[运行时间：0.111916s] [吞吐率：8.94req/s] [内存消耗：4,975.30kb] [文件加载：196]
[ info ] [ LANG ] D:\phpstudy_pro\WWW\new_kefu_online\thinkphp\lang\zh-cn.php
[ info ] [ ROUTE ] array (
  'type' => 'module',
  'module' => 
  array (
    0 => 'admin',
    1 => 'ajax',
    2 => 'getSmsList',
  ),
)
[ info ] [ HEADER ] array (
  'content-length' => '0',
  'cache-control' => 'no-cache',
  'pragma' => 'no-cache',
  'referer' => 'http://www.newkefu.com/',
  'connection' => 'close',
  'origin' => 'http://www.newkefu.com',
  'platform' => 'youyu',
  'token' => 'eyJ0eXAiOiJKV1QiLCJhbGciOiJIUzI1NiIsImp0aSI6ImxYWGluZyJ9.eyJpc3MiOiJhcGkubmV3a2VmdS5jb20iLCJqdGkiOiJsWFhpbmciLCJpYXQiOjE2NzAyOTU5MDMsImV4cCI6MTY3Mjg4NzkwMywidWlkIjoxNDN9.qqW3H6Ngm2Dv5W4JpalG4btXP8Rr01yYs61-GNcsyuM',
  'accept-encoding' => 'gzip, deflate',
  'accept-language' => 'zh-CN,zh;q=0.8,zh-TW;q=0.7,zh-HK;q=0.5,en-US;q=0.3,en;q=0.2',
  'accept' => 'application/json, text/javascript, */*; q=0.01',
  'user-agent' => 'Mozilla/5.0 (Windows NT 10.0; Win64; x64; rv:107.0) Gecko/20100101 Firefox/107.0',
  'host' => 'api.newkefu.com',
)
[ info ] [ PARAM ] array (
  '/admin/ajax/getSmsList' => '',
)
[ info ] [ DB ] INIT mysql
[ info ] [ CACHE ] INIT redis
[ info ] [ DB ] INIT mysql
[ info ] [ RUN ] app\admin\controller\Ajax->getSmsList[ D:\phpstudy_pro\WWW\new_kefu_online\application\admin\controller\Ajax.php ]
[ info ] [ LOG ] INIT File
[ sql ] [ DB ] CONNECT:[ UseTime:0.000931s ] mysql:host=127.0.0.1;port=3306;dbname=gr_chat;charset=utf8
[ sql ] [ SQL ] SHOW COLUMNS FROM `gr_user_group` [ RunTime:0.000660s ]
[ sql ] [ SQL ] SELECT * FROM `gr_user_group` WHERE  `id` IN (17,10,11,5,14,8,9,7,16) [ RunTime:0.000382s ]
[ sql ] [ SQL ] SHOW COLUMNS FROM `gr_menu_new` [ RunTime:0.000790s ]
[ sql ] [ SQL ] SELECT m.menu_id as id,`m`.`menu_name`,`m`.`p_id`,`m`.`controller`,`m`.`action`,`m`.`is_show`,`m`.`url`,`m`.`type` FROM `gr_menu_new` `m` ORDER BY `p_id` ASC,`sort` ASC,`id` ASC [ RunTime:0.001108s ]
---------------------------------------------------------------
[ 2022-12-06T16:17:40+08:00 ] 127.0.0.1 POST api.newkefu.com/admin/ajax/getSmsList
[运行时间：0.118116s] [吞吐率：8.47req/s] [内存消耗：4,975.30kb] [文件加载：196]
[ info ] [ LANG ] D:\phpstudy_pro\WWW\new_kefu_online\thinkphp\lang\zh-cn.php
[ info ] [ ROUTE ] array (
  'type' => 'module',
  'module' => 
  array (
    0 => 'admin',
    1 => 'ajax',
    2 => 'getSmsList',
  ),
)
[ info ] [ HEADER ] array (
  'content-length' => '0',
  'cache-control' => 'no-cache',
  'pragma' => 'no-cache',
  'referer' => 'http://www.newkefu.com/',
  'connection' => 'close',
  'origin' => 'http://www.newkefu.com',
  'platform' => 'youyu',
  'token' => 'eyJ0eXAiOiJKV1QiLCJhbGciOiJIUzI1NiIsImp0aSI6ImxYWGluZyJ9.eyJpc3MiOiJhcGkubmV3a2VmdS5jb20iLCJqdGkiOiJsWFhpbmciLCJpYXQiOjE2NzAyOTU5MDMsImV4cCI6MTY3Mjg4NzkwMywidWlkIjoxNDN9.qqW3H6Ngm2Dv5W4JpalG4btXP8Rr01yYs61-GNcsyuM',
  'accept-encoding' => 'gzip, deflate',
  'accept-language' => 'zh-CN,zh;q=0.8,zh-TW;q=0.7,zh-HK;q=0.5,en-US;q=0.3,en;q=0.2',
  'accept' => 'application/json, text/javascript, */*; q=0.01',
  'user-agent' => 'Mozilla/5.0 (Windows NT 10.0; Win64; x64; rv:107.0) Gecko/20100101 Firefox/107.0',
  'host' => 'api.newkefu.com',
)
[ info ] [ PARAM ] array (
  '/admin/ajax/getSmsList' => '',
)
[ info ] [ DB ] INIT mysql
[ info ] [ CACHE ] INIT redis
[ info ] [ DB ] INIT mysql
[ info ] [ RUN ] app\admin\controller\Ajax->getSmsList[ D:\phpstudy_pro\WWW\new_kefu_online\application\admin\controller\Ajax.php ]
[ info ] [ LOG ] INIT File
[ sql ] [ DB ] CONNECT:[ UseTime:0.001566s ] mysql:host=127.0.0.1;port=3306;dbname=gr_chat;charset=utf8
[ sql ] [ SQL ] SHOW COLUMNS FROM `gr_user_group` [ RunTime:0.003910s ]
[ sql ] [ SQL ] SELECT * FROM `gr_user_group` WHERE  `id` IN (17,10,11,5,14,8,9,7,16) [ RunTime:0.000420s ]
[ sql ] [ SQL ] SHOW COLUMNS FROM `gr_menu_new` [ RunTime:0.003181s ]
[ sql ] [ SQL ] SELECT m.menu_id as id,`m`.`menu_name`,`m`.`p_id`,`m`.`controller`,`m`.`action`,`m`.`is_show`,`m`.`url`,`m`.`type` FROM `gr_menu_new` `m` ORDER BY `p_id` ASC,`sort` ASC,`id` ASC [ RunTime:0.001103s ]
---------------------------------------------------------------
[ 2022-12-06T16:18:03+08:00 ] 127.0.0.1 POST api.newkefu.com/admin/ajax/getSmsList
[运行时间：0.097621s] [吞吐率：10.24req/s] [内存消耗：4,975.30kb] [文件加载：196]
[ info ] [ LANG ] D:\phpstudy_pro\WWW\new_kefu_online\thinkphp\lang\zh-cn.php
[ info ] [ ROUTE ] array (
  'type' => 'module',
  'module' => 
  array (
    0 => 'admin',
    1 => 'ajax',
    2 => 'getSmsList',
  ),
)
[ info ] [ HEADER ] array (
  'content-length' => '0',
  'cache-control' => 'no-cache',
  'pragma' => 'no-cache',
  'referer' => 'http://www.newkefu.com/',
  'connection' => 'close',
  'origin' => 'http://www.newkefu.com',
  'platform' => 'youyu',
  'token' => 'eyJ0eXAiOiJKV1QiLCJhbGciOiJIUzI1NiIsImp0aSI6ImxYWGluZyJ9.eyJpc3MiOiJhcGkubmV3a2VmdS5jb20iLCJqdGkiOiJsWFhpbmciLCJpYXQiOjE2NzAyOTU5MDMsImV4cCI6MTY3Mjg4NzkwMywidWlkIjoxNDN9.qqW3H6Ngm2Dv5W4JpalG4btXP8Rr01yYs61-GNcsyuM',
  'accept-encoding' => 'gzip, deflate',
  'accept-language' => 'zh-CN,zh;q=0.8,zh-TW;q=0.7,zh-HK;q=0.5,en-US;q=0.3,en;q=0.2',
  'accept' => 'application/json, text/javascript, */*; q=0.01',
  'user-agent' => 'Mozilla/5.0 (Windows NT 10.0; Win64; x64; rv:107.0) Gecko/20100101 Firefox/107.0',
  'host' => 'api.newkefu.com',
)
[ info ] [ PARAM ] array (
  '/admin/ajax/getSmsList' => '',
)
[ info ] [ DB ] INIT mysql
[ info ] [ CACHE ] INIT redis
[ info ] [ DB ] INIT mysql
[ info ] [ RUN ] app\admin\controller\Ajax->getSmsList[ D:\phpstudy_pro\WWW\new_kefu_online\application\admin\controller\Ajax.php ]
[ info ] [ LOG ] INIT File
[ sql ] [ DB ] CONNECT:[ UseTime:0.001052s ] mysql:host=127.0.0.1;port=3306;dbname=gr_chat;charset=utf8
[ sql ] [ SQL ] SHOW COLUMNS FROM `gr_user_group` [ RunTime:0.002483s ]
[ sql ] [ SQL ] SELECT * FROM `gr_user_group` WHERE  `id` IN (17,10,11,5,14,8,9,7,16) [ RunTime:0.000369s ]
[ sql ] [ SQL ] SHOW COLUMNS FROM `gr_menu_new` [ RunTime:0.002694s ]
[ sql ] [ SQL ] SELECT m.menu_id as id,`m`.`menu_name`,`m`.`p_id`,`m`.`controller`,`m`.`action`,`m`.`is_show`,`m`.`url`,`m`.`type` FROM `gr_menu_new` `m` ORDER BY `p_id` ASC,`sort` ASC,`id` ASC [ RunTime:0.001254s ]
---------------------------------------------------------------
[ 2022-12-06T16:18:13+08:00 ] 127.0.0.1 POST api.newkefu.com/admin/ajax/getSmsList
[运行时间：0.103645s] [吞吐率：9.65req/s] [内存消耗：4,975.30kb] [文件加载：196]
[ info ] [ LANG ] D:\phpstudy_pro\WWW\new_kefu_online\thinkphp\lang\zh-cn.php
[ info ] [ ROUTE ] array (
  'type' => 'module',
  'module' => 
  array (
    0 => 'admin',
    1 => 'ajax',
    2 => 'getSmsList',
  ),
)
[ info ] [ HEADER ] array (
  'content-length' => '0',
  'cache-control' => 'no-cache',
  'pragma' => 'no-cache',
  'referer' => 'http://www.newkefu.com/',
  'connection' => 'close',
  'origin' => 'http://www.newkefu.com',
  'platform' => 'youyu',
  'token' => 'eyJ0eXAiOiJKV1QiLCJhbGciOiJIUzI1NiIsImp0aSI6ImxYWGluZyJ9.eyJpc3MiOiJhcGkubmV3a2VmdS5jb20iLCJqdGkiOiJsWFhpbmciLCJpYXQiOjE2NzAyOTU5MDMsImV4cCI6MTY3Mjg4NzkwMywidWlkIjoxNDN9.qqW3H6Ngm2Dv5W4JpalG4btXP8Rr01yYs61-GNcsyuM',
  'accept-encoding' => 'gzip, deflate',
  'accept-language' => 'zh-CN,zh;q=0.8,zh-TW;q=0.7,zh-HK;q=0.5,en-US;q=0.3,en;q=0.2',
  'accept' => 'application/json, text/javascript, */*; q=0.01',
  'user-agent' => 'Mozilla/5.0 (Windows NT 10.0; Win64; x64; rv:107.0) Gecko/20100101 Firefox/107.0',
  'host' => 'api.newkefu.com',
)
[ info ] [ PARAM ] array (
  '/admin/ajax/getSmsList' => '',
)
[ info ] [ DB ] INIT mysql
[ info ] [ CACHE ] INIT redis
[ info ] [ DB ] INIT mysql
[ info ] [ RUN ] app\admin\controller\Ajax->getSmsList[ D:\phpstudy_pro\WWW\new_kefu_online\application\admin\controller\Ajax.php ]
[ info ] [ LOG ] INIT File
[ sql ] [ DB ] CONNECT:[ UseTime:0.001375s ] mysql:host=127.0.0.1;port=3306;dbname=gr_chat;charset=utf8
[ sql ] [ SQL ] SHOW COLUMNS FROM `gr_user_group` [ RunTime:0.000724s ]
[ sql ] [ SQL ] SELECT * FROM `gr_user_group` WHERE  `id` IN (17,10,11,5,14,8,9,7,16) [ RunTime:0.000354s ]
[ sql ] [ SQL ] SHOW COLUMNS FROM `gr_menu_new` [ RunTime:0.001066s ]
[ sql ] [ SQL ] SELECT m.menu_id as id,`m`.`menu_name`,`m`.`p_id`,`m`.`controller`,`m`.`action`,`m`.`is_show`,`m`.`url`,`m`.`type` FROM `gr_menu_new` `m` ORDER BY `p_id` ASC,`sort` ASC,`id` ASC [ RunTime:0.001230s ]
---------------------------------------------------------------
[ 2022-12-06T16:20:47+08:00 ] 127.0.0.1 POST api.newkefu.com/admin/ajax/getSmsList
[运行时间：0.158514s] [吞吐率：6.31req/s] [内存消耗：4,975.30kb] [文件加载：196]
[ info ] [ LANG ] D:\phpstudy_pro\WWW\new_kefu_online\thinkphp\lang\zh-cn.php
[ info ] [ ROUTE ] array (
  'type' => 'module',
  'module' => 
  array (
    0 => 'admin',
    1 => 'ajax',
    2 => 'getSmsList',
  ),
)
[ info ] [ HEADER ] array (
  'content-length' => '0',
  'cache-control' => 'no-cache',
  'pragma' => 'no-cache',
  'referer' => 'http://www.newkefu.com/',
  'connection' => 'close',
  'origin' => 'http://www.newkefu.com',
  'platform' => 'youyu',
  'token' => 'eyJ0eXAiOiJKV1QiLCJhbGciOiJIUzI1NiIsImp0aSI6ImxYWGluZyJ9.eyJpc3MiOiJhcGkubmV3a2VmdS5jb20iLCJqdGkiOiJsWFhpbmciLCJpYXQiOjE2NzAyOTU5MDMsImV4cCI6MTY3Mjg4NzkwMywidWlkIjoxNDN9.qqW3H6Ngm2Dv5W4JpalG4btXP8Rr01yYs61-GNcsyuM',
  'accept-encoding' => 'gzip, deflate',
  'accept-language' => 'zh-CN,zh;q=0.8,zh-TW;q=0.7,zh-HK;q=0.5,en-US;q=0.3,en;q=0.2',
  'accept' => 'application/json, text/javascript, */*; q=0.01',
  'user-agent' => 'Mozilla/5.0 (Windows NT 10.0; Win64; x64; rv:107.0) Gecko/20100101 Firefox/107.0',
  'host' => 'api.newkefu.com',
)
[ info ] [ PARAM ] array (
  '/admin/ajax/getSmsList' => '',
)
[ info ] [ DB ] INIT mysql
[ info ] [ CACHE ] INIT redis
[ info ] [ DB ] INIT mysql
[ info ] [ RUN ] app\admin\controller\Ajax->getSmsList[ D:\phpstudy_pro\WWW\new_kefu_online\application\admin\controller\Ajax.php ]
[ info ] [ LOG ] INIT File
[ sql ] [ DB ] CONNECT:[ UseTime:0.001078s ] mysql:host=127.0.0.1;port=3306;dbname=gr_chat;charset=utf8
[ sql ] [ SQL ] SHOW COLUMNS FROM `gr_user_group` [ RunTime:0.000668s ]
[ sql ] [ SQL ] SELECT * FROM `gr_user_group` WHERE  `id` IN (17,10,11,5,14,8,9,7,16) [ RunTime:0.000468s ]
[ sql ] [ SQL ] SHOW COLUMNS FROM `gr_menu_new` [ RunTime:0.000827s ]
[ sql ] [ SQL ] SELECT m.menu_id as id,`m`.`menu_name`,`m`.`p_id`,`m`.`controller`,`m`.`action`,`m`.`is_show`,`m`.`url`,`m`.`type` FROM `gr_menu_new` `m` ORDER BY `p_id` ASC,`sort` ASC,`id` ASC [ RunTime:0.001009s ]
---------------------------------------------------------------
[ 2022-12-06T16:21:11+08:00 ] 127.0.0.1 POST api.newkefu.com/admin/ajax/getSmsList
[运行时间：0.098753s] [吞吐率：10.13req/s] [内存消耗：4,975.30kb] [文件加载：196]
[ info ] [ LANG ] D:\phpstudy_pro\WWW\new_kefu_online\thinkphp\lang\zh-cn.php
[ info ] [ ROUTE ] array (
  'type' => 'module',
  'module' => 
  array (
    0 => 'admin',
    1 => 'ajax',
    2 => 'getSmsList',
  ),
)
[ info ] [ HEADER ] array (
  'content-length' => '0',
  'cache-control' => 'no-cache',
  'pragma' => 'no-cache',
  'referer' => 'http://www.newkefu.com/',
  'connection' => 'close',
  'origin' => 'http://www.newkefu.com',
  'platform' => 'youyu',
  'token' => 'eyJ0eXAiOiJKV1QiLCJhbGciOiJIUzI1NiIsImp0aSI6ImxYWGluZyJ9.eyJpc3MiOiJhcGkubmV3a2VmdS5jb20iLCJqdGkiOiJsWFhpbmciLCJpYXQiOjE2NzAyOTU5MDMsImV4cCI6MTY3Mjg4NzkwMywidWlkIjoxNDN9.qqW3H6Ngm2Dv5W4JpalG4btXP8Rr01yYs61-GNcsyuM',
  'accept-encoding' => 'gzip, deflate',
  'accept-language' => 'zh-CN,zh;q=0.8,zh-TW;q=0.7,zh-HK;q=0.5,en-US;q=0.3,en;q=0.2',
  'accept' => 'application/json, text/javascript, */*; q=0.01',
  'user-agent' => 'Mozilla/5.0 (Windows NT 10.0; Win64; x64; rv:107.0) Gecko/20100101 Firefox/107.0',
  'host' => 'api.newkefu.com',
)
[ info ] [ PARAM ] array (
  '/admin/ajax/getSmsList' => '',
)
[ info ] [ DB ] INIT mysql
[ info ] [ CACHE ] INIT redis
[ info ] [ DB ] INIT mysql
[ info ] [ RUN ] app\admin\controller\Ajax->getSmsList[ D:\phpstudy_pro\WWW\new_kefu_online\application\admin\controller\Ajax.php ]
[ info ] [ LOG ] INIT File
[ sql ] [ DB ] CONNECT:[ UseTime:0.000968s ] mysql:host=127.0.0.1;port=3306;dbname=gr_chat;charset=utf8
[ sql ] [ SQL ] SHOW COLUMNS FROM `gr_user_group` [ RunTime:0.000798s ]
[ sql ] [ SQL ] SELECT * FROM `gr_user_group` WHERE  `id` IN (17,10,11,5,14,8,9,7,16) [ RunTime:0.000352s ]
[ sql ] [ SQL ] SHOW COLUMNS FROM `gr_menu_new` [ RunTime:0.000937s ]
[ sql ] [ SQL ] SELECT m.menu_id as id,`m`.`menu_name`,`m`.`p_id`,`m`.`controller`,`m`.`action`,`m`.`is_show`,`m`.`url`,`m`.`type` FROM `gr_menu_new` `m` ORDER BY `p_id` ASC,`sort` ASC,`id` ASC [ RunTime:0.001222s ]
---------------------------------------------------------------
[ 2022-12-06T16:49:21+08:00 ] 127.0.0.1 POST api.newkefu.com/admin/ajax/getSmsList
[运行时间：0.276015s] [吞吐率：3.62req/s] [内存消耗：4,974.80kb] [文件加载：196]
[ info ] [ LANG ] D:\phpstudy_pro\WWW\new_kefu_online\thinkphp\lang\zh-cn.php
[ info ] [ ROUTE ] array (
  'type' => 'module',
  'module' => 
  array (
    0 => 'admin',
    1 => 'ajax',
    2 => 'getSmsList',
  ),
)
[ info ] [ HEADER ] array (
  'content-length' => '0',
  'cache-control' => 'no-cache',
  'pragma' => 'no-cache',
  'referer' => 'http://www.newkefu.com/',
  'connection' => 'close',
  'origin' => 'http://www.newkefu.com',
  'platform' => 'youyu',
  'token' => 'eyJ0eXAiOiJKV1QiLCJhbGciOiJIUzI1NiIsImp0aSI6ImxYWGluZyJ9.eyJpc3MiOiJhcGkubmV3a2VmdS5jb20iLCJqdGkiOiJsWFhpbmciLCJpYXQiOjE2NzAyOTU5MDMsImV4cCI6MTY3Mjg4NzkwMywidWlkIjoxNDN9.qqW3H6Ngm2Dv5W4JpalG4btXP8Rr01yYs61-GNcsyuM',
  'accept-encoding' => 'gzip, deflate',
  'accept-language' => 'zh-CN,zh;q=0.8,zh-TW;q=0.7,zh-HK;q=0.5,en-US;q=0.3,en;q=0.2',
  'accept' => 'application/json, text/javascript, */*; q=0.01',
  'user-agent' => 'Mozilla/5.0 (Windows NT 10.0; Win64; x64; rv:107.0) Gecko/20100101 Firefox/107.0',
  'host' => 'api.newkefu.com',
)
[ info ] [ PARAM ] array (
  '/admin/ajax/getSmsList' => '',
)
[ info ] [ DB ] INIT mysql
[ info ] [ CACHE ] INIT redis
[ info ] [ DB ] INIT mysql
[ info ] [ RUN ] app\admin\controller\Ajax->getSmsList[ D:\phpstudy_pro\WWW\new_kefu_online\application\admin\controller\Ajax.php ]
[ info ] [ LOG ] INIT File
[ sql ] [ DB ] CONNECT:[ UseTime:0.001329s ] mysql:host=127.0.0.1;port=3306;dbname=gr_chat;charset=utf8
[ sql ] [ SQL ] SHOW COLUMNS FROM `gr_user_group` [ RunTime:0.000817s ]
[ sql ] [ SQL ] SELECT * FROM `gr_user_group` WHERE  `id` IN (17,10,11,5,14,8,9,7,16) [ RunTime:0.001254s ]
[ sql ] [ SQL ] SHOW COLUMNS FROM `gr_menu_new` [ RunTime:0.000920s ]
[ sql ] [ SQL ] SELECT m.menu_id as id,`m`.`menu_name`,`m`.`p_id`,`m`.`controller`,`m`.`action`,`m`.`is_show`,`m`.`url`,`m`.`type` FROM `gr_menu_new` `m` ORDER BY `p_id` ASC,`sort` ASC,`id` ASC [ RunTime:0.005286s ]
