---------------------------------------------------------------
[ 2022-08-24T15:49:28+08:00 ] 127.0.0.1 GET api.newkefu.com/scripts/getbaseinfo/run?p[action]=login_youyu&no_cache=1
[运行时间：0.116286s] [吞吐率：8.60req/s] [内存消耗：2,167.37kb] [文件加载：150]
[ info ] [ LANG ] D:\phpstudy_pro\WWW\new_kefu_online\thinkphp\lang\zh-cn.php
[ info ] [ ROUTE ] array (
  'type' => 'module',
  'module' => 
  array (
    0 => 'scripts',
    1 => 'getbaseinfo',
    2 => 'run',
  ),
)
[ info ] [ HEADER ] array (
  'upgrade-insecure-requests' => '1',
  'connection' => 'close',
  'accept-encoding' => 'gzip, deflate',
  'accept-language' => 'zh-CN,zh;q=0.8,zh-TW;q=0.7,zh-HK;q=0.5,en-US;q=0.3,en;q=0.2',
  'accept' => 'text/html,application/xhtml+xml,application/xml;q=0.9,image/avif,image/webp,*/*;q=0.8',
  'user-agent' => 'Mozilla/5.0 (Windows NT 10.0; Win64; x64; rv:103.0) Gecko/20100101 Firefox/103.0',
  'host' => 'api.newkefu.com',
)
[ info ] [ PARAM ] array (
  '/scripts/getbaseinfo/run' => '',
  'p' => 
  array (
    'action' => 'login_youyu',
  ),
  'no_cache' => '1',
)
[ info ] [ LOG ] INIT File
---------------------------------------------------------------
[ 2022-08-24T15:49:37+08:00 ] 127.0.0.1 GET api.newkefu.com/scripts/GetBaseinfo/run?p[action]=login_youyu&no_cache=1
[运行时间：0.060750s] [吞吐率：16.46req/s] [内存消耗：2,167.38kb] [文件加载：150]
[ info ] [ LANG ] D:\phpstudy_pro\WWW\new_kefu_online\thinkphp\lang\zh-cn.php
[ info ] [ ROUTE ] array (
  'type' => 'module',
  'module' => 
  array (
    0 => 'scripts',
    1 => 'GetBaseinfo',
    2 => 'run',
  ),
)
[ info ] [ HEADER ] array (
  'upgrade-insecure-requests' => '1',
  'connection' => 'close',
  'accept-encoding' => 'gzip, deflate',
  'accept-language' => 'zh-CN,zh;q=0.8,zh-TW;q=0.7,zh-HK;q=0.5,en-US;q=0.3,en;q=0.2',
  'accept' => 'text/html,application/xhtml+xml,application/xml;q=0.9,image/avif,image/webp,*/*;q=0.8',
  'user-agent' => 'Mozilla/5.0 (Windows NT 10.0; Win64; x64; rv:103.0) Gecko/20100101 Firefox/103.0',
  'host' => 'api.newkefu.com',
)
[ info ] [ PARAM ] array (
  '/scripts/GetBaseinfo/run' => '',
  'p' => 
  array (
    'action' => 'login_youyu',
  ),
  'no_cache' => '1',
)
[ info ] [ LOG ] INIT File
---------------------------------------------------------------
[ 2022-08-24T15:50:07+08:00 ] 127.0.0.1 GET api.newkefu.com/scripts/GetBaseinfo/run?p[action]=login_youyu&p[no_cache]=1
[运行时间：0.051332s] [吞吐率：19.48req/s] [内存消耗：2,167.38kb] [文件加载：150]
[ info ] [ LANG ] D:\phpstudy_pro\WWW\new_kefu_online\thinkphp\lang\zh-cn.php
[ info ] [ ROUTE ] array (
  'type' => 'module',
  'module' => 
  array (
    0 => 'scripts',
    1 => 'GetBaseinfo',
    2 => 'run',
  ),
)
[ info ] [ HEADER ] array (
  'upgrade-insecure-requests' => '1',
  'connection' => 'close',
  'accept-encoding' => 'gzip, deflate',
  'accept-language' => 'zh-CN,zh;q=0.8,zh-TW;q=0.7,zh-HK;q=0.5,en-US;q=0.3,en;q=0.2',
  'accept' => 'text/html,application/xhtml+xml,application/xml;q=0.9,image/avif,image/webp,*/*;q=0.8',
  'user-agent' => 'Mozilla/5.0 (Windows NT 10.0; Win64; x64; rv:103.0) Gecko/20100101 Firefox/103.0',
  'host' => 'api.newkefu.com',
)
[ info ] [ PARAM ] array (
  '/scripts/GetBaseinfo/run' => '',
  'p' => 
  array (
    'action' => 'login_youyu',
    'no_cache' => '1',
  ),
)
[ info ] [ LOG ] INIT File
---------------------------------------------------------------
[ 2022-08-24T15:50:59+08:00 ] 127.0.0.1 GET api.newkefu.com/scripts/GetBaseInfo/run?p[action]=login_youyu&p[no_cache]=1
[运行时间：0.110903s] [吞吐率：9.02req/s] [内存消耗：4,312.85kb] [文件加载：174]
[ info ] [ LANG ] D:\phpstudy_pro\WWW\new_kefu_online\thinkphp\lang\zh-cn.php
[ info ] [ ROUTE ] array (
  'type' => 'module',
  'module' => 
  array (
    0 => 'scripts',
    1 => 'GetBaseInfo',
    2 => 'run',
  ),
)
[ info ] [ HEADER ] array (
  'upgrade-insecure-requests' => '1',
  'connection' => 'close',
  'accept-encoding' => 'gzip, deflate',
  'accept-language' => 'zh-CN,zh;q=0.8,zh-TW;q=0.7,zh-HK;q=0.5,en-US;q=0.3,en;q=0.2',
  'accept' => 'text/html,application/xhtml+xml,application/xml;q=0.9,image/avif,image/webp,*/*;q=0.8',
  'user-agent' => 'Mozilla/5.0 (Windows NT 10.0; Win64; x64; rv:103.0) Gecko/20100101 Firefox/103.0',
  'host' => 'api.newkefu.com',
)
[ info ] [ PARAM ] array (
  '/scripts/GetBaseInfo/run' => '',
  'p' => 
  array (
    'action' => 'login_youyu',
    'no_cache' => '1',
  ),
)
[ info ] [ CACHE ] INIT redis
[ info ] [ DB ] INIT mysql
[ info ] [ RUN ] app\scripts\controller\GetBaseInfo->run[ D:\phpstudy_pro\WWW\new_kefu_online\application\scripts\controller\GetBaseInfo.php ]
[ info ] [ DB ] INIT mysql
[ info ] [ LOG ] INIT File
[ sql ] [ DB ] CONNECT:[ UseTime:0.001084s ] mysql:host=127.0.0.1;port=3306;dbname=gr_chat;charset=utf8
[ sql ] [ SQL ] SHOW COLUMNS FROM `gr_run_log` [ RunTime:0.001628s ]
[ sql ] [ SQL ] INSERT INTO `gr_run_log` (`controller` , `action` , `input_param` , `add_time` , `update_time`) VALUES ('script_GetBaseInfo' , 'userLoginyouyu' , '{\"action\":\"login_youyu\",\"no_cache\":\"1\"}' , 1661327459 , 1661327459) [ RunTime:0.002709s ]
---------------------------------------------------------------
[ 2022-08-24T15:51:14+08:00 ] 127.0.0.1 GET api.newkefu.com/scripts/GetBaseInfo/run?p[action]=login_youyu&p[no_cache]=1
[运行时间：0.677478s] [吞吐率：1.48req/s] [内存消耗：5,286.16kb] [文件加载：173]
[ info ] [ LANG ] D:\phpstudy_pro\WWW\new_kefu_online\thinkphp\lang\zh-cn.php
[ info ] [ ROUTE ] array (
  'type' => 'module',
  'module' => 
  array (
    0 => 'scripts',
    1 => 'GetBaseInfo',
    2 => 'run',
  ),
)
[ info ] [ HEADER ] array (
  'upgrade-insecure-requests' => '1',
  'connection' => 'close',
  'accept-encoding' => 'gzip, deflate',
  'accept-language' => 'zh-CN,zh;q=0.8,zh-TW;q=0.7,zh-HK;q=0.5,en-US;q=0.3,en;q=0.2',
  'accept' => 'text/html,application/xhtml+xml,application/xml;q=0.9,image/avif,image/webp,*/*;q=0.8',
  'user-agent' => 'Mozilla/5.0 (Windows NT 10.0; Win64; x64; rv:103.0) Gecko/20100101 Firefox/103.0',
  'host' => 'api.newkefu.com',
)
[ info ] [ PARAM ] array (
  '/scripts/GetBaseInfo/run' => '',
  'p' => 
  array (
    'action' => 'login_youyu',
    'no_cache' => '1',
  ),
)
[ info ] [ CACHE ] INIT redis
[ info ] [ RUN ] app\scripts\controller\GetBaseInfo->run[ D:\phpstudy_pro\WWW\new_kefu_online\application\scripts\controller\GetBaseInfo.php ]
[ info ] [ DB ] INIT mysql
[ info ] [ LOG ] INIT File
[ sql ] [ DB ] CONNECT:[ UseTime:0.001687s ] mysql:host=127.0.0.1;port=3306;dbname=gr_chat;charset=utf8
[ sql ] [ SQL ] SHOW COLUMNS FROM `gr_run_log` [ RunTime:0.001049s ]
[ sql ] [ SQL ] INSERT INTO `gr_run_log` (`controller` , `action` , `input_param` , `add_time` , `update_time`) VALUES ('script_GetBaseInfo' , 'userLoginyouyu' , '{\"action\":\"login_youyu\",\"no_cache\":\"1\"}' , 1661327473 , 1661327473) [ RunTime:0.000861s ]
---------------------------------------------------------------
[ 2022-08-24T15:53:05+08:00 ] 127.0.0.1 GET api.newkefu.com/scripts/GetBaseInfo/run?p[action]=login_youyu&p[no_cache]=1
[运行时间：2.841220s] [吞吐率：0.35req/s] [内存消耗：4,359.15kb] [文件加载：181]
[ info ] [ LANG ] D:\phpstudy_pro\WWW\new_kefu_online\thinkphp\lang\zh-cn.php
[ info ] [ ROUTE ] array (
  'type' => 'module',
  'module' => 
  array (
    0 => 'scripts',
    1 => 'GetBaseInfo',
    2 => 'run',
  ),
)
[ info ] [ HEADER ] array (
  'upgrade-insecure-requests' => '1',
  'connection' => 'close',
  'accept-encoding' => 'gzip, deflate',
  'accept-language' => 'zh-CN,zh;q=0.8,zh-TW;q=0.7,zh-HK;q=0.5,en-US;q=0.3,en;q=0.2',
  'accept' => 'text/html,application/xhtml+xml,application/xml;q=0.9,image/avif,image/webp,*/*;q=0.8',
  'user-agent' => 'Mozilla/5.0 (Windows NT 10.0; Win64; x64; rv:103.0) Gecko/20100101 Firefox/103.0',
  'host' => 'api.newkefu.com',
)
[ info ] [ PARAM ] array (
  '/scripts/GetBaseInfo/run' => '',
  'p' => 
  array (
    'action' => 'login_youyu',
    'no_cache' => '1',
  ),
)
[ info ] [ CACHE ] INIT redis
[ info ] [ RUN ] app\scripts\controller\GetBaseInfo->run[ D:\phpstudy_pro\WWW\new_kefu_online\application\scripts\controller\GetBaseInfo.php ]
[ info ] [ DB ] INIT mysql
[ info ] [ DB ] INIT mysql
[ info ] [ LOG ] INIT File
[ sql ] [ DB ] CONNECT:[ UseTime:0.001873s ] mysql:host=127.0.0.1;port=3306;dbname=gr_chat;charset=utf8
[ sql ] [ SQL ] SHOW COLUMNS FROM `gr_run_log` [ RunTime:0.000898s ]
[ sql ] [ SQL ] INSERT INTO `gr_run_log` (`controller` , `action` , `input_param` , `add_time` , `update_time`) VALUES ('script_GetBaseInfo' , 'userLoginyouyu' , '{\"action\":\"login_youyu\",\"no_cache\":\"1\"}' , 1661327582 , 1661327582) [ RunTime:0.001309s ]
[ error ] [10501]SQLSTATE[42S02]: Base table or view not found: 1146 Table 'db_customer_youyu.kefu_login_log' doesn't exist[D:\phpstudy_pro\WWW\new_kefu_online\thinkphp\library\think\db\Connection.php:453]
---------------------------------------------------------------
[ 2022-08-24T16:47:01+08:00 ] 127.0.0.1 GET api.newkefu.com/scripts/GetBaseInfo/run?p[action]=login_youyu&p[no_cache]=1
[运行时间：2.089384s] [吞吐率：0.48req/s] [内存消耗：4,364.53kb] [文件加载：176]
[ info ] [ LANG ] D:\phpstudy_pro\WWW\new_kefu_online\thinkphp\lang\zh-cn.php
[ info ] [ ROUTE ] array (
  'type' => 'module',
  'module' => 
  array (
    0 => 'scripts',
    1 => 'GetBaseInfo',
    2 => 'run',
  ),
)
[ info ] [ HEADER ] array (
  'upgrade-insecure-requests' => '1',
  'connection' => 'close',
  'accept-encoding' => 'gzip, deflate',
  'accept-language' => 'zh-CN,zh;q=0.8,zh-TW;q=0.7,zh-HK;q=0.5,en-US;q=0.3,en;q=0.2',
  'accept' => 'text/html,application/xhtml+xml,application/xml;q=0.9,image/avif,image/webp,*/*;q=0.8',
  'user-agent' => 'Mozilla/5.0 (Windows NT 10.0; Win64; x64; rv:103.0) Gecko/20100101 Firefox/103.0',
  'host' => 'api.newkefu.com',
)
[ info ] [ PARAM ] array (
  '/scripts/GetBaseInfo/run' => '',
  'p' => 
  array (
    'action' => 'login_youyu',
    'no_cache' => '1',
  ),
)
[ info ] [ CACHE ] INIT redis
[ info ] [ RUN ] app\scripts\controller\GetBaseInfo->run[ D:\phpstudy_pro\WWW\new_kefu_online\application\scripts\controller\GetBaseInfo.php ]
[ info ] [ DB ] INIT mysql
[ info ] [ DB ] INIT mysql
[ info ] [ LOG ] INIT File
[ sql ] [ DB ] CONNECT:[ UseTime:0.001509s ] mysql:host=127.0.0.1;port=3306;dbname=gr_chat;charset=utf8
[ sql ] [ SQL ] SHOW COLUMNS FROM `gr_run_log` [ RunTime:0.001283s ]
[ sql ] [ SQL ] INSERT INTO `gr_run_log` (`controller` , `action` , `input_param` , `add_time` , `update_time`) VALUES ('script_GetBaseInfo' , 'userLoginyouyu' , '{\"action\":\"login_youyu\",\"no_cache\":\"1\"}' , 1661330819 , 1661330819) [ RunTime:0.001710s ]
[ sql ] [ SQL ] SELECT * FROM `gr_run_log` WHERE  `id` = 356 LIMIT 1 [ RunTime:0.000301s ]
[ sql ] [ SQL ] UPDATE `gr_run_log`  SET `update_time`=1661330821,`status`=1,`out_param`='[]'  WHERE  `id` = 356 [ RunTime:0.001779s ]
---------------------------------------------------------------
[ 2022-08-24T16:49:35+08:00 ] 127.0.0.1 GET api.newkefu.com/scripts/GetBaseInfo/run?p[action]=login_youyu&p[no_cache]=1
[运行时间：2.251585s] [吞吐率：0.44req/s] [内存消耗：4,364.64kb] [文件加载：176]
[ info ] [ LANG ] D:\phpstudy_pro\WWW\new_kefu_online\thinkphp\lang\zh-cn.php
[ info ] [ ROUTE ] array (
  'type' => 'module',
  'module' => 
  array (
    0 => 'scripts',
    1 => 'GetBaseInfo',
    2 => 'run',
  ),
)
[ info ] [ HEADER ] array (
  'upgrade-insecure-requests' => '1',
  'connection' => 'close',
  'accept-encoding' => 'gzip, deflate',
  'accept-language' => 'zh-CN,zh;q=0.8,zh-TW;q=0.7,zh-HK;q=0.5,en-US;q=0.3,en;q=0.2',
  'accept' => 'text/html,application/xhtml+xml,application/xml;q=0.9,image/avif,image/webp,*/*;q=0.8',
  'user-agent' => 'Mozilla/5.0 (Windows NT 10.0; Win64; x64; rv:103.0) Gecko/20100101 Firefox/103.0',
  'host' => 'api.newkefu.com',
)
[ info ] [ PARAM ] array (
  '/scripts/GetBaseInfo/run' => '',
  'p' => 
  array (
    'action' => 'login_youyu',
    'no_cache' => '1',
  ),
)
[ info ] [ CACHE ] INIT redis
[ info ] [ RUN ] app\scripts\controller\GetBaseInfo->run[ D:\phpstudy_pro\WWW\new_kefu_online\application\scripts\controller\GetBaseInfo.php ]
[ info ] [ DB ] INIT mysql
[ info ] [ DB ] INIT mysql
[ info ] [ LOG ] INIT File
[ sql ] [ DB ] CONNECT:[ UseTime:0.001161s ] mysql:host=127.0.0.1;port=3306;dbname=gr_chat;charset=utf8
[ sql ] [ SQL ] SHOW COLUMNS FROM `gr_run_log` [ RunTime:0.003649s ]
[ sql ] [ SQL ] INSERT INTO `gr_run_log` (`controller` , `action` , `input_param` , `add_time` , `update_time`) VALUES ('script_GetBaseInfo' , 'userLoginyouyu' , '{\"action\":\"login_youyu\",\"no_cache\":\"1\"}' , 1661330973 , 1661330973) [ RunTime:0.001126s ]
[ sql ] [ SQL ] SELECT * FROM `gr_run_log` WHERE  `id` = 357 LIMIT 1 [ RunTime:0.000285s ]
[ sql ] [ SQL ] UPDATE `gr_run_log`  SET `update_time`=1661330975,`status`=1,`out_param`='[]'  WHERE  `id` = 357 [ RunTime:0.001338s ]
---------------------------------------------------------------
[ 2022-08-24T16:50:05+08:00 ] 127.0.0.1 GET api.newkefu.com/scripts/GetBaseInfo/run?p[action]=login_youyu&p[no_cache]=1
[运行时间：2.162576s] [吞吐率：0.46req/s] [内存消耗：4,364.77kb] [文件加载：176]
[ info ] [ LANG ] D:\phpstudy_pro\WWW\new_kefu_online\thinkphp\lang\zh-cn.php
[ info ] [ ROUTE ] array (
  'type' => 'module',
  'module' => 
  array (
    0 => 'scripts',
    1 => 'GetBaseInfo',
    2 => 'run',
  ),
)
[ info ] [ HEADER ] array (
  'upgrade-insecure-requests' => '1',
  'connection' => 'close',
  'accept-encoding' => 'gzip, deflate',
  'accept-language' => 'zh-CN,zh;q=0.8,zh-TW;q=0.7,zh-HK;q=0.5,en-US;q=0.3,en;q=0.2',
  'accept' => 'text/html,application/xhtml+xml,application/xml;q=0.9,image/avif,image/webp,*/*;q=0.8',
  'user-agent' => 'Mozilla/5.0 (Windows NT 10.0; Win64; x64; rv:103.0) Gecko/20100101 Firefox/103.0',
  'host' => 'api.newkefu.com',
)
[ info ] [ PARAM ] array (
  '/scripts/GetBaseInfo/run' => '',
  'p' => 
  array (
    'action' => 'login_youyu',
    'no_cache' => '1',
  ),
)
[ info ] [ CACHE ] INIT redis
[ info ] [ RUN ] app\scripts\controller\GetBaseInfo->run[ D:\phpstudy_pro\WWW\new_kefu_online\application\scripts\controller\GetBaseInfo.php ]
[ info ] [ DB ] INIT mysql
[ info ] [ DB ] INIT mysql
[ info ] [ LOG ] INIT File
[ sql ] [ DB ] CONNECT:[ UseTime:0.001051s ] mysql:host=127.0.0.1;port=3306;dbname=gr_chat;charset=utf8
[ sql ] [ SQL ] SHOW COLUMNS FROM `gr_run_log` [ RunTime:0.001236s ]
[ sql ] [ SQL ] INSERT INTO `gr_run_log` (`controller` , `action` , `input_param` , `add_time` , `update_time`) VALUES ('script_GetBaseInfo' , 'userLoginyouyu' , '{\"action\":\"login_youyu\",\"no_cache\":\"1\"}' , 1661331003 , 1661331003) [ RunTime:0.001262s ]
[ sql ] [ SQL ] SELECT * FROM `gr_run_log` WHERE  `id` = 358 LIMIT 1 [ RunTime:0.000281s ]
[ sql ] [ SQL ] UPDATE `gr_run_log`  SET `update_time`=1661331005,`status`=1,`out_param`='[]'  WHERE  `id` = 358 [ RunTime:0.002665s ]
---------------------------------------------------------------
[ 2022-08-24T16:50:15+08:00 ] 127.0.0.1 GET api.newkefu.com/scripts/GetBaseInfo/run?p[action]=login_youyu&p[no_cache]=1
[运行时间：0.454878s] [吞吐率：2.20req/s] [内存消耗：4,953.66kb] [文件加载：173]
[ info ] [ LANG ] D:\phpstudy_pro\WWW\new_kefu_online\thinkphp\lang\zh-cn.php
[ info ] [ ROUTE ] array (
  'type' => 'module',
  'module' => 
  array (
    0 => 'scripts',
    1 => 'GetBaseInfo',
    2 => 'run',
  ),
)
[ info ] [ HEADER ] array (
  'upgrade-insecure-requests' => '1',
  'connection' => 'close',
  'accept-encoding' => 'gzip, deflate',
  'accept-language' => 'zh-CN,zh;q=0.8,zh-TW;q=0.7,zh-HK;q=0.5,en-US;q=0.3,en;q=0.2',
  'accept' => 'text/html,application/xhtml+xml,application/xml;q=0.9,image/avif,image/webp,*/*;q=0.8',
  'user-agent' => 'Mozilla/5.0 (Windows NT 10.0; Win64; x64; rv:103.0) Gecko/20100101 Firefox/103.0',
  'host' => 'api.newkefu.com',
)
[ info ] [ PARAM ] array (
  '/scripts/GetBaseInfo/run' => '',
  'p' => 
  array (
    'action' => 'login_youyu',
    'no_cache' => '1',
  ),
)
[ info ] [ CACHE ] INIT redis
[ info ] [ RUN ] app\scripts\controller\GetBaseInfo->run[ D:\phpstudy_pro\WWW\new_kefu_online\application\scripts\controller\GetBaseInfo.php ]
[ info ] [ DB ] INIT mysql
[ info ] [ LOG ] INIT File
[ sql ] [ DB ] CONNECT:[ UseTime:0.001113s ] mysql:host=127.0.0.1;port=3306;dbname=gr_chat;charset=utf8
[ sql ] [ SQL ] SHOW COLUMNS FROM `gr_run_log` [ RunTime:0.000961s ]
[ sql ] [ SQL ] INSERT INTO `gr_run_log` (`controller` , `action` , `input_param` , `add_time` , `update_time`) VALUES ('script_GetBaseInfo' , 'userLoginyouyu' , '{\"action\":\"login_youyu\",\"no_cache\":\"1\"}' , 1661331015 , 1661331015) [ RunTime:0.000789s ]
---------------------------------------------------------------
[ 2022-08-24T16:52:53+08:00 ] 127.0.0.1 GET api.newkefu.com/scripts/GetBaseInfo/run?p[action]=login_youyu&p[no_cache]=1
[运行时间：0.537567s] [吞吐率：1.86req/s] [内存消耗：5,189.75kb] [文件加载：177]
[ info ] [ LANG ] D:\phpstudy_pro\WWW\new_kefu_online\thinkphp\lang\zh-cn.php
[ info ] [ ROUTE ] array (
  'type' => 'module',
  'module' => 
  array (
    0 => 'scripts',
    1 => 'GetBaseInfo',
    2 => 'run',
  ),
)
[ info ] [ HEADER ] array (
  'upgrade-insecure-requests' => '1',
  'connection' => 'close',
  'accept-encoding' => 'gzip, deflate',
  'accept-language' => 'zh-CN,zh;q=0.8,zh-TW;q=0.7,zh-HK;q=0.5,en-US;q=0.3,en;q=0.2',
  'accept' => 'text/html,application/xhtml+xml,application/xml;q=0.9,image/avif,image/webp,*/*;q=0.8',
  'user-agent' => 'Mozilla/5.0 (Windows NT 10.0; Win64; x64; rv:103.0) Gecko/20100101 Firefox/103.0',
  'host' => 'api.newkefu.com',
)
[ info ] [ PARAM ] array (
  '/scripts/GetBaseInfo/run' => '',
  'p' => 
  array (
    'action' => 'login_youyu',
    'no_cache' => '1',
  ),
)
[ info ] [ CACHE ] INIT redis
[ info ] [ DB ] INIT mysql
[ info ] [ RUN ] app\scripts\controller\GetBaseInfo->run[ D:\phpstudy_pro\WWW\new_kefu_online\application\scripts\controller\GetBaseInfo.php ]
[ info ] [ DB ] INIT mysql
[ info ] [ LOG ] INIT File
[ sql ] [ DB ] CONNECT:[ UseTime:0.001024s ] mysql:host=127.0.0.1;port=3306;dbname=gr_chat;charset=utf8
[ sql ] [ SQL ] SHOW COLUMNS FROM `gr_run_log` [ RunTime:0.000652s ]
[ sql ] [ SQL ] INSERT INTO `gr_run_log` (`controller` , `action` , `input_param` , `add_time` , `update_time`) VALUES ('script_GetBaseInfo' , 'userLoginyouyu' , '{\"action\":\"login_youyu\",\"no_cache\":\"1\"}' , 1661331173 , 1661331173) [ RunTime:0.000877s ]
---------------------------------------------------------------
[ 2022-08-24T16:52:59+08:00 ] 127.0.0.1 GET api.newkefu.com/scripts/GetBaseInfo/run?p[action]=login_youyu&p[no_cache]=1
[运行时间：0.480097s] [吞吐率：2.08req/s] [内存消耗：5,063.23kb] [文件加载：174]
[ info ] [ LANG ] D:\phpstudy_pro\WWW\new_kefu_online\thinkphp\lang\zh-cn.php
[ info ] [ ROUTE ] array (
  'type' => 'module',
  'module' => 
  array (
    0 => 'scripts',
    1 => 'GetBaseInfo',
    2 => 'run',
  ),
)
[ info ] [ HEADER ] array (
  'upgrade-insecure-requests' => '1',
  'connection' => 'close',
  'accept-encoding' => 'gzip, deflate',
  'accept-language' => 'zh-CN,zh;q=0.8,zh-TW;q=0.7,zh-HK;q=0.5,en-US;q=0.3,en;q=0.2',
  'accept' => 'text/html,application/xhtml+xml,application/xml;q=0.9,image/avif,image/webp,*/*;q=0.8',
  'user-agent' => 'Mozilla/5.0 (Windows NT 10.0; Win64; x64; rv:103.0) Gecko/20100101 Firefox/103.0',
  'host' => 'api.newkefu.com',
)
[ info ] [ PARAM ] array (
  '/scripts/GetBaseInfo/run' => '',
  'p' => 
  array (
    'action' => 'login_youyu',
    'no_cache' => '1',
  ),
)
[ info ] [ CACHE ] INIT redis
[ info ] [ RUN ] app\scripts\controller\GetBaseInfo->run[ D:\phpstudy_pro\WWW\new_kefu_online\application\scripts\controller\GetBaseInfo.php ]
[ info ] [ DB ] INIT mysql
[ info ] [ DB ] INIT mysql
[ info ] [ LOG ] INIT File
[ sql ] [ DB ] CONNECT:[ UseTime:0.001025s ] mysql:host=127.0.0.1;port=3306;dbname=gr_chat;charset=utf8
[ sql ] [ SQL ] SHOW COLUMNS FROM `gr_run_log` [ RunTime:0.000713s ]
[ sql ] [ SQL ] INSERT INTO `gr_run_log` (`controller` , `action` , `input_param` , `add_time` , `update_time`) VALUES ('script_GetBaseInfo' , 'userLoginyouyu' , '{\"action\":\"login_youyu\",\"no_cache\":\"1\"}' , 1661331178 , 1661331178) [ RunTime:0.000795s ]
---------------------------------------------------------------
[ 2022-08-24T16:53:12+08:00 ] 127.0.0.1 GET api.newkefu.com/scripts/GetBaseInfo/run?p[action]=login_youyu&p[no_cache]=1
[运行时间：0.452778s] [吞吐率：2.21req/s] [内存消耗：5,077.38kb] [文件加载：175]
[ info ] [ LANG ] D:\phpstudy_pro\WWW\new_kefu_online\thinkphp\lang\zh-cn.php
[ info ] [ ROUTE ] array (
  'type' => 'module',
  'module' => 
  array (
    0 => 'scripts',
    1 => 'GetBaseInfo',
    2 => 'run',
  ),
)
[ info ] [ HEADER ] array (
  'upgrade-insecure-requests' => '1',
  'connection' => 'close',
  'accept-encoding' => 'gzip, deflate',
  'accept-language' => 'zh-CN,zh;q=0.8,zh-TW;q=0.7,zh-HK;q=0.5,en-US;q=0.3,en;q=0.2',
  'accept' => 'text/html,application/xhtml+xml,application/xml;q=0.9,image/avif,image/webp,*/*;q=0.8',
  'user-agent' => 'Mozilla/5.0 (Windows NT 10.0; Win64; x64; rv:103.0) Gecko/20100101 Firefox/103.0',
  'host' => 'api.newkefu.com',
)
[ info ] [ PARAM ] array (
  '/scripts/GetBaseInfo/run' => '',
  'p' => 
  array (
    'action' => 'login_youyu',
    'no_cache' => '1',
  ),
)
[ info ] [ CACHE ] INIT redis
[ info ] [ RUN ] app\scripts\controller\GetBaseInfo->run[ D:\phpstudy_pro\WWW\new_kefu_online\application\scripts\controller\GetBaseInfo.php ]
[ info ] [ DB ] INIT mysql
[ info ] [ DB ] INIT mysql
[ info ] [ LOG ] INIT File
[ sql ] [ DB ] CONNECT:[ UseTime:0.001053s ] mysql:host=127.0.0.1;port=3306;dbname=gr_chat;charset=utf8
[ sql ] [ SQL ] SHOW COLUMNS FROM `gr_run_log` [ RunTime:0.001121s ]
[ sql ] [ SQL ] INSERT INTO `gr_run_log` (`controller` , `action` , `input_param` , `add_time` , `update_time`) VALUES ('script_GetBaseInfo' , 'userLoginyouyu' , '{\"action\":\"login_youyu\",\"no_cache\":\"1\"}' , 1661331192 , 1661331192) [ RunTime:0.000780s ]
---------------------------------------------------------------
[ 2022-08-24T16:53:46+08:00 ] 127.0.0.1 GET api.newkefu.com/scripts/GetBaseInfo/run?p[action]=login_youyu&p[no_cache]=1
[运行时间：0.607572s] [吞吐率：1.65req/s] [内存消耗：5,217.27kb] [文件加载：179]
[ info ] [ LANG ] D:\phpstudy_pro\WWW\new_kefu_online\thinkphp\lang\zh-cn.php
[ info ] [ ROUTE ] array (
  'type' => 'module',
  'module' => 
  array (
    0 => 'scripts',
    1 => 'GetBaseInfo',
    2 => 'run',
  ),
)
[ info ] [ HEADER ] array (
  'upgrade-insecure-requests' => '1',
  'connection' => 'close',
  'accept-encoding' => 'gzip, deflate',
  'accept-language' => 'zh-CN,zh;q=0.8,zh-TW;q=0.7,zh-HK;q=0.5,en-US;q=0.3,en;q=0.2',
  'accept' => 'text/html,application/xhtml+xml,application/xml;q=0.9,image/avif,image/webp,*/*;q=0.8',
  'user-agent' => 'Mozilla/5.0 (Windows NT 10.0; Win64; x64; rv:103.0) Gecko/20100101 Firefox/103.0',
  'host' => 'api.newkefu.com',
)
[ info ] [ PARAM ] array (
  '/scripts/GetBaseInfo/run' => '',
  'p' => 
  array (
    'action' => 'login_youyu',
    'no_cache' => '1',
  ),
)
[ info ] [ CACHE ] INIT redis
[ info ] [ RUN ] app\scripts\controller\GetBaseInfo->run[ D:\phpstudy_pro\WWW\new_kefu_online\application\scripts\controller\GetBaseInfo.php ]
[ info ] [ DB ] INIT mysql
[ info ] [ DB ] INIT mysql
[ info ] [ LOG ] INIT File
[ sql ] [ DB ] CONNECT:[ UseTime:0.011339s ] mysql:host=127.0.0.1;port=3306;dbname=gr_chat;charset=utf8
[ sql ] [ SQL ] SHOW COLUMNS FROM `gr_run_log` [ RunTime:0.001772s ]
[ sql ] [ SQL ] INSERT INTO `gr_run_log` (`controller` , `action` , `input_param` , `add_time` , `update_time`) VALUES ('script_GetBaseInfo' , 'userLoginyouyu' , '{\"action\":\"login_youyu\",\"no_cache\":\"1\"}' , 1661331225 , 1661331225) [ RunTime:0.000995s ]
---------------------------------------------------------------
[ 2022-08-24T16:54:20+08:00 ] 127.0.0.1 GET api.newkefu.com/scripts/GetBaseInfo/run?p[action]=login_youyu&p[no_cache]=1
[运行时间：0.494999s] [吞吐率：2.02req/s] [内存消耗：4,447.27kb] [文件加载：183]
[ info ] [ LANG ] D:\phpstudy_pro\WWW\new_kefu_online\thinkphp\lang\zh-cn.php
[ info ] [ ROUTE ] array (
  'type' => 'module',
  'module' => 
  array (
    0 => 'scripts',
    1 => 'GetBaseInfo',
    2 => 'run',
  ),
)
[ info ] [ HEADER ] array (
  'upgrade-insecure-requests' => '1',
  'connection' => 'close',
  'accept-encoding' => 'gzip, deflate',
  'accept-language' => 'zh-CN,zh;q=0.8,zh-TW;q=0.7,zh-HK;q=0.5,en-US;q=0.3,en;q=0.2',
  'accept' => 'text/html,application/xhtml+xml,application/xml;q=0.9,image/avif,image/webp,*/*;q=0.8',
  'user-agent' => 'Mozilla/5.0 (Windows NT 10.0; Win64; x64; rv:103.0) Gecko/20100101 Firefox/103.0',
  'host' => 'api.newkefu.com',
)
[ info ] [ PARAM ] array (
  '/scripts/GetBaseInfo/run' => '',
  'p' => 
  array (
    'action' => 'login_youyu',
    'no_cache' => '1',
  ),
)
[ info ] [ CACHE ] INIT redis
[ info ] [ RUN ] app\scripts\controller\GetBaseInfo->run[ D:\phpstudy_pro\WWW\new_kefu_online\application\scripts\controller\GetBaseInfo.php ]
[ info ] [ DB ] INIT mysql
[ info ] [ DB ] INIT mysql
[ info ] [ LOG ] INIT File
[ sql ] [ DB ] CONNECT:[ UseTime:0.001049s ] mysql:host=127.0.0.1;port=3306;dbname=gr_chat;charset=utf8
[ sql ] [ SQL ] SHOW COLUMNS FROM `gr_run_log` [ RunTime:0.000749s ]
[ sql ] [ SQL ] INSERT INTO `gr_run_log` (`controller` , `action` , `input_param` , `add_time` , `update_time`) VALUES ('script_GetBaseInfo' , 'userLoginyouyu' , '{\"action\":\"login_youyu\",\"no_cache\":\"1\"}' , 1661331259 , 1661331259) [ RunTime:0.000816s ]
[ error ] [8]未定义数组索引: udid[D:\phpstudy_pro\WWW\new_kefu_online\common\sql_server\GetBaseInfoSqlServer.php:562]
---------------------------------------------------------------
[ 2022-08-24T16:54:28+08:00 ] 127.0.0.1 GET api.newkefu.com/scripts/GetBaseInfo/run?p[action]=login_youyu&p[no_cache]=1
[运行时间：0.673532s] [吞吐率：1.48req/s] [内存消耗：5,090.18kb] [文件加载：176]
[ info ] [ LANG ] D:\phpstudy_pro\WWW\new_kefu_online\thinkphp\lang\zh-cn.php
[ info ] [ ROUTE ] array (
  'type' => 'module',
  'module' => 
  array (
    0 => 'scripts',
    1 => 'GetBaseInfo',
    2 => 'run',
  ),
)
[ info ] [ HEADER ] array (
  'upgrade-insecure-requests' => '1',
  'connection' => 'close',
  'accept-encoding' => 'gzip, deflate',
  'accept-language' => 'zh-CN,zh;q=0.8,zh-TW;q=0.7,zh-HK;q=0.5,en-US;q=0.3,en;q=0.2',
  'accept' => 'text/html,application/xhtml+xml,application/xml;q=0.9,image/avif,image/webp,*/*;q=0.8',
  'user-agent' => 'Mozilla/5.0 (Windows NT 10.0; Win64; x64; rv:103.0) Gecko/20100101 Firefox/103.0',
  'host' => 'api.newkefu.com',
)
[ info ] [ PARAM ] array (
  '/scripts/GetBaseInfo/run' => '',
  'p' => 
  array (
    'action' => 'login_youyu',
    'no_cache' => '1',
  ),
)
[ info ] [ CACHE ] INIT redis
[ info ] [ RUN ] app\scripts\controller\GetBaseInfo->run[ D:\phpstudy_pro\WWW\new_kefu_online\application\scripts\controller\GetBaseInfo.php ]
[ info ] [ DB ] INIT mysql
[ info ] [ DB ] INIT mysql
[ info ] [ LOG ] INIT File
[ sql ] [ DB ] CONNECT:[ UseTime:0.001002s ] mysql:host=127.0.0.1;port=3306;dbname=gr_chat;charset=utf8
[ sql ] [ SQL ] SHOW COLUMNS FROM `gr_run_log` [ RunTime:0.000766s ]
[ sql ] [ SQL ] INSERT INTO `gr_run_log` (`controller` , `action` , `input_param` , `add_time` , `update_time`) VALUES ('script_GetBaseInfo' , 'userLoginyouyu' , '{\"action\":\"login_youyu\",\"no_cache\":\"1\"}' , 1661331267 , 1661331267) [ RunTime:0.000964s ]
---------------------------------------------------------------
[ 2022-08-24T16:55:04+08:00 ] 127.0.0.1 GET api.newkefu.com/scripts/GetBaseInfo/run?p[action]=login_youyu&p[no_cache]=1
[运行时间：0.473667s] [吞吐率：2.11req/s] [内存消耗：5,088.36kb] [文件加载：176]
[ info ] [ LANG ] D:\phpstudy_pro\WWW\new_kefu_online\thinkphp\lang\zh-cn.php
[ info ] [ ROUTE ] array (
  'type' => 'module',
  'module' => 
  array (
    0 => 'scripts',
    1 => 'GetBaseInfo',
    2 => 'run',
  ),
)
[ info ] [ HEADER ] array (
  'upgrade-insecure-requests' => '1',
  'connection' => 'close',
  'accept-encoding' => 'gzip, deflate',
  'accept-language' => 'zh-CN,zh;q=0.8,zh-TW;q=0.7,zh-HK;q=0.5,en-US;q=0.3,en;q=0.2',
  'accept' => 'text/html,application/xhtml+xml,application/xml;q=0.9,image/avif,image/webp,*/*;q=0.8',
  'user-agent' => 'Mozilla/5.0 (Windows NT 10.0; Win64; x64; rv:103.0) Gecko/20100101 Firefox/103.0',
  'host' => 'api.newkefu.com',
)
[ info ] [ PARAM ] array (
  '/scripts/GetBaseInfo/run' => '',
  'p' => 
  array (
    'action' => 'login_youyu',
    'no_cache' => '1',
  ),
)
[ info ] [ CACHE ] INIT redis
[ info ] [ RUN ] app\scripts\controller\GetBaseInfo->run[ D:\phpstudy_pro\WWW\new_kefu_online\application\scripts\controller\GetBaseInfo.php ]
[ info ] [ DB ] INIT mysql
[ info ] [ DB ] INIT mysql
[ info ] [ LOG ] INIT File
[ sql ] [ DB ] CONNECT:[ UseTime:0.001211s ] mysql:host=127.0.0.1;port=3306;dbname=gr_chat;charset=utf8
[ sql ] [ SQL ] SHOW COLUMNS FROM `gr_run_log` [ RunTime:0.000804s ]
[ sql ] [ SQL ] INSERT INTO `gr_run_log` (`controller` , `action` , `input_param` , `add_time` , `update_time`) VALUES ('script_GetBaseInfo' , 'userLoginyouyu' , '{\"action\":\"login_youyu\",\"no_cache\":\"1\"}' , 1661331304 , 1661331304) [ RunTime:0.000836s ]
---------------------------------------------------------------
[ 2022-08-24T16:55:16+08:00 ] 127.0.0.1 GET api.newkefu.com/scripts/GetBaseInfo/run?p[action]=login_youyu&p[no_cache]=1
[运行时间：3.078018s] [吞吐率：0.32req/s] [内存消耗：4,482.78kb] [文件加载：183]
[ info ] [ LANG ] D:\phpstudy_pro\WWW\new_kefu_online\thinkphp\lang\zh-cn.php
[ info ] [ ROUTE ] array (
  'type' => 'module',
  'module' => 
  array (
    0 => 'scripts',
    1 => 'GetBaseInfo',
    2 => 'run',
  ),
)
[ info ] [ HEADER ] array (
  'upgrade-insecure-requests' => '1',
  'connection' => 'close',
  'accept-encoding' => 'gzip, deflate',
  'accept-language' => 'zh-CN,zh;q=0.8,zh-TW;q=0.7,zh-HK;q=0.5,en-US;q=0.3,en;q=0.2',
  'accept' => 'text/html,application/xhtml+xml,application/xml;q=0.9,image/avif,image/webp,*/*;q=0.8',
  'user-agent' => 'Mozilla/5.0 (Windows NT 10.0; Win64; x64; rv:103.0) Gecko/20100101 Firefox/103.0',
  'host' => 'api.newkefu.com',
)
[ info ] [ PARAM ] array (
  '/scripts/GetBaseInfo/run' => '',
  'p' => 
  array (
    'action' => 'login_youyu',
    'no_cache' => '1',
  ),
)
[ info ] [ CACHE ] INIT redis
[ info ] [ RUN ] app\scripts\controller\GetBaseInfo->run[ D:\phpstudy_pro\WWW\new_kefu_online\application\scripts\controller\GetBaseInfo.php ]
[ info ] [ DB ] INIT mysql
[ info ] [ DB ] INIT mysql
[ info ] [ LOG ] INIT File
[ sql ] [ DB ] CONNECT:[ UseTime:0.001064s ] mysql:host=127.0.0.1;port=3306;dbname=gr_chat;charset=utf8
[ sql ] [ SQL ] SHOW COLUMNS FROM `gr_run_log` [ RunTime:0.000781s ]
[ sql ] [ SQL ] INSERT INTO `gr_run_log` (`controller` , `action` , `input_param` , `add_time` , `update_time`) VALUES ('script_GetBaseInfo' , 'userLoginyouyu' , '{\"action\":\"login_youyu\",\"no_cache\":\"1\"}' , 1661331313 , 1661331313) [ RunTime:0.000983s ]
[ sql ] [ SQL ] SELECT * FROM `gr_run_log` WHERE  `id` = 367 LIMIT 1 [ RunTime:0.000291s ]
[ sql ] [ SQL ] UPDATE `gr_run_log`  SET `update_time`=1661331316,`status`=1,`out_param`='[]'  WHERE  `id` = 367 [ RunTime:0.001049s ]
---------------------------------------------------------------
[ 2022-08-24T16:59:03+08:00 ] 127.0.0.1 GET api.newkefu.com/scripts/GetBaseInfo/run?p[action]=login_youyu&p[no_cache]=1
[运行时间：3.199479s] [吞吐率：0.31req/s] [内存消耗：4,448.02kb] [文件加载：183]
[ info ] [ LANG ] D:\phpstudy_pro\WWW\new_kefu_online\thinkphp\lang\zh-cn.php
[ info ] [ ROUTE ] array (
  'type' => 'module',
  'module' => 
  array (
    0 => 'scripts',
    1 => 'GetBaseInfo',
    2 => 'run',
  ),
)
[ info ] [ HEADER ] array (
  'upgrade-insecure-requests' => '1',
  'connection' => 'close',
  'accept-encoding' => 'gzip, deflate',
  'accept-language' => 'zh-CN,zh;q=0.8,zh-TW;q=0.7,zh-HK;q=0.5,en-US;q=0.3,en;q=0.2',
  'accept' => 'text/html,application/xhtml+xml,application/xml;q=0.9,image/avif,image/webp,*/*;q=0.8',
  'user-agent' => 'Mozilla/5.0 (Windows NT 10.0; Win64; x64; rv:103.0) Gecko/20100101 Firefox/103.0',
  'host' => 'api.newkefu.com',
)
[ info ] [ PARAM ] array (
  '/scripts/GetBaseInfo/run' => '',
  'p' => 
  array (
    'action' => 'login_youyu',
    'no_cache' => '1',
  ),
)
[ info ] [ CACHE ] INIT redis
[ info ] [ RUN ] app\scripts\controller\GetBaseInfo->run[ D:\phpstudy_pro\WWW\new_kefu_online\application\scripts\controller\GetBaseInfo.php ]
[ info ] [ DB ] INIT mysql
[ info ] [ DB ] INIT mysql
[ info ] [ LOG ] INIT File
[ sql ] [ DB ] CONNECT:[ UseTime:0.001163s ] mysql:host=127.0.0.1;port=3306;dbname=gr_chat;charset=utf8
[ sql ] [ SQL ] SHOW COLUMNS FROM `gr_run_log` [ RunTime:0.000801s ]
[ sql ] [ SQL ] INSERT INTO `gr_run_log` (`controller` , `action` , `input_param` , `add_time` , `update_time`) VALUES ('script_GetBaseInfo' , 'userLoginyouyu' , '{\"action\":\"login_youyu\",\"no_cache\":\"1\"}' , 1661331540 , 1661331540) [ RunTime:0.002449s ]
[ sql ] [ SQL ] SELECT * FROM `gr_run_log` WHERE  `id` = 368 LIMIT 1 [ RunTime:0.000275s ]
[ sql ] [ SQL ] UPDATE `gr_run_log`  SET `update_time`=1661331543,`status`=1,`out_param`='[]'  WHERE  `id` = 368 [ RunTime:0.000788s ]
---------------------------------------------------------------
[ 2022-08-24T17:06:17+08:00 ] 127.0.0.1 GET api.newkefu.com/scripts/GetBaseInfo/run?p[action]=login_youyu&p[no_cache]=1
[运行时间：3.187741s] [吞吐率：0.31req/s] [内存消耗：4,448.13kb] [文件加载：183]
[ info ] [ LANG ] D:\phpstudy_pro\WWW\new_kefu_online\thinkphp\lang\zh-cn.php
[ info ] [ ROUTE ] array (
  'type' => 'module',
  'module' => 
  array (
    0 => 'scripts',
    1 => 'GetBaseInfo',
    2 => 'run',
  ),
)
[ info ] [ HEADER ] array (
  'upgrade-insecure-requests' => '1',
  'connection' => 'close',
  'accept-encoding' => 'gzip, deflate',
  'accept-language' => 'zh-CN,zh;q=0.8,zh-TW;q=0.7,zh-HK;q=0.5,en-US;q=0.3,en;q=0.2',
  'accept' => 'text/html,application/xhtml+xml,application/xml;q=0.9,image/avif,image/webp,*/*;q=0.8',
  'user-agent' => 'Mozilla/5.0 (Windows NT 10.0; Win64; x64; rv:103.0) Gecko/20100101 Firefox/103.0',
  'host' => 'api.newkefu.com',
)
[ info ] [ PARAM ] array (
  '/scripts/GetBaseInfo/run' => '',
  'p' => 
  array (
    'action' => 'login_youyu',
    'no_cache' => '1',
  ),
)
[ info ] [ CACHE ] INIT redis
[ info ] [ RUN ] app\scripts\controller\GetBaseInfo->run[ D:\phpstudy_pro\WWW\new_kefu_online\application\scripts\controller\GetBaseInfo.php ]
[ info ] [ DB ] INIT mysql
[ info ] [ DB ] INIT mysql
[ info ] [ LOG ] INIT File
[ sql ] [ DB ] CONNECT:[ UseTime:0.001340s ] mysql:host=127.0.0.1;port=3306;dbname=gr_chat;charset=utf8
[ sql ] [ SQL ] SHOW COLUMNS FROM `gr_run_log` [ RunTime:0.000847s ]
[ sql ] [ SQL ] INSERT INTO `gr_run_log` (`controller` , `action` , `input_param` , `add_time` , `update_time`) VALUES ('script_GetBaseInfo' , 'userLoginyouyu' , '{\"action\":\"login_youyu\",\"no_cache\":\"1\"}' , 1661331974 , 1661331974) [ RunTime:0.000909s ]
[ sql ] [ SQL ] SELECT * FROM `gr_run_log` WHERE  `id` = 369 LIMIT 1 [ RunTime:0.000583s ]
[ sql ] [ SQL ] UPDATE `gr_run_log`  SET `update_time`=1661331977,`status`=1,`out_param`='[]'  WHERE  `id` = 369 [ RunTime:0.000795s ]
---------------------------------------------------------------
[ 2022-08-24T17:06:57+08:00 ] 127.0.0.1 GET api.newkefu.com/scripts/GetBaseInfo/run?p[action]=login_youyu&p[no_cache]=1
[运行时间：0.539065s] [吞吐率：1.86req/s] [内存消耗：5,312.55kb] [文件加载：183]
[ info ] [ LANG ] D:\phpstudy_pro\WWW\new_kefu_online\thinkphp\lang\zh-cn.php
[ info ] [ ROUTE ] array (
  'type' => 'module',
  'module' => 
  array (
    0 => 'scripts',
    1 => 'GetBaseInfo',
    2 => 'run',
  ),
)
[ info ] [ HEADER ] array (
  'upgrade-insecure-requests' => '1',
  'connection' => 'close',
  'accept-encoding' => 'gzip, deflate',
  'accept-language' => 'zh-CN,zh;q=0.8,zh-TW;q=0.7,zh-HK;q=0.5,en-US;q=0.3,en;q=0.2',
  'accept' => 'text/html,application/xhtml+xml,application/xml;q=0.9,image/avif,image/webp,*/*;q=0.8',
  'user-agent' => 'Mozilla/5.0 (Windows NT 10.0; Win64; x64; rv:103.0) Gecko/20100101 Firefox/103.0',
  'host' => 'api.newkefu.com',
)
[ info ] [ PARAM ] array (
  '/scripts/GetBaseInfo/run' => '',
  'p' => 
  array (
    'action' => 'login_youyu',
    'no_cache' => '1',
  ),
)
[ info ] [ CACHE ] INIT redis
[ info ] [ RUN ] app\scripts\controller\GetBaseInfo->run[ D:\phpstudy_pro\WWW\new_kefu_online\application\scripts\controller\GetBaseInfo.php ]
[ info ] [ DB ] INIT mysql
[ info ] [ DB ] INIT mysql
[ info ] [ LOG ] INIT File
[ sql ] [ DB ] CONNECT:[ UseTime:0.001141s ] mysql:host=127.0.0.1;port=3306;dbname=gr_chat;charset=utf8
[ sql ] [ SQL ] SHOW COLUMNS FROM `gr_run_log` [ RunTime:0.000775s ]
[ sql ] [ SQL ] INSERT INTO `gr_run_log` (`controller` , `action` , `input_param` , `add_time` , `update_time`) VALUES ('script_GetBaseInfo' , 'userLoginyouyu' , '{\"action\":\"login_youyu\",\"no_cache\":\"1\"}' , 1661332016 , 1661332016) [ RunTime:0.000739s ]
---------------------------------------------------------------
[ 2022-08-24T17:07:07+08:00 ] 127.0.0.1 GET api.newkefu.com/scripts/GetBaseInfo/run?p[action]=login_youyu&p[no_cache]=1
[运行时间：0.577455s] [吞吐率：1.73req/s] [内存消耗：5,309.68kb] [文件加载：183]
[ info ] [ LANG ] D:\phpstudy_pro\WWW\new_kefu_online\thinkphp\lang\zh-cn.php
[ info ] [ ROUTE ] array (
  'type' => 'module',
  'module' => 
  array (
    0 => 'scripts',
    1 => 'GetBaseInfo',
    2 => 'run',
  ),
)
[ info ] [ HEADER ] array (
  'upgrade-insecure-requests' => '1',
  'connection' => 'close',
  'accept-encoding' => 'gzip, deflate',
  'accept-language' => 'zh-CN,zh;q=0.8,zh-TW;q=0.7,zh-HK;q=0.5,en-US;q=0.3,en;q=0.2',
  'accept' => 'text/html,application/xhtml+xml,application/xml;q=0.9,image/avif,image/webp,*/*;q=0.8',
  'user-agent' => 'Mozilla/5.0 (Windows NT 10.0; Win64; x64; rv:103.0) Gecko/20100101 Firefox/103.0',
  'host' => 'api.newkefu.com',
)
[ info ] [ PARAM ] array (
  '/scripts/GetBaseInfo/run' => '',
  'p' => 
  array (
    'action' => 'login_youyu',
    'no_cache' => '1',
  ),
)
[ info ] [ CACHE ] INIT redis
[ info ] [ RUN ] app\scripts\controller\GetBaseInfo->run[ D:\phpstudy_pro\WWW\new_kefu_online\application\scripts\controller\GetBaseInfo.php ]
[ info ] [ DB ] INIT mysql
[ info ] [ DB ] INIT mysql
[ info ] [ LOG ] INIT File
[ sql ] [ DB ] CONNECT:[ UseTime:0.003273s ] mysql:host=127.0.0.1;port=3306;dbname=gr_chat;charset=utf8
[ sql ] [ SQL ] SHOW COLUMNS FROM `gr_run_log` [ RunTime:0.000719s ]
[ sql ] [ SQL ] INSERT INTO `gr_run_log` (`controller` , `action` , `input_param` , `add_time` , `update_time`) VALUES ('script_GetBaseInfo' , 'userLoginyouyu' , '{\"action\":\"login_youyu\",\"no_cache\":\"1\"}' , 1661332027 , 1661332027) [ RunTime:0.000827s ]
---------------------------------------------------------------
[ 2022-08-24T17:09:08+08:00 ] 127.0.0.1 GET api.newkefu.com/scripts/GetBaseInfo/run?p[action]=login_youyu&p[no_cache]=1
[运行时间：3.725776s] [吞吐率：0.27req/s] [内存消耗：4,448.65kb] [文件加载：183]
[ info ] [ LANG ] D:\phpstudy_pro\WWW\new_kefu_online\thinkphp\lang\zh-cn.php
[ info ] [ ROUTE ] array (
  'type' => 'module',
  'module' => 
  array (
    0 => 'scripts',
    1 => 'GetBaseInfo',
    2 => 'run',
  ),
)
[ info ] [ HEADER ] array (
  'upgrade-insecure-requests' => '1',
  'connection' => 'close',
  'accept-encoding' => 'gzip, deflate',
  'accept-language' => 'zh-CN,zh;q=0.8,zh-TW;q=0.7,zh-HK;q=0.5,en-US;q=0.3,en;q=0.2',
  'accept' => 'text/html,application/xhtml+xml,application/xml;q=0.9,image/avif,image/webp,*/*;q=0.8',
  'user-agent' => 'Mozilla/5.0 (Windows NT 10.0; Win64; x64; rv:103.0) Gecko/20100101 Firefox/103.0',
  'host' => 'api.newkefu.com',
)
[ info ] [ PARAM ] array (
  '/scripts/GetBaseInfo/run' => '',
  'p' => 
  array (
    'action' => 'login_youyu',
    'no_cache' => '1',
  ),
)
[ info ] [ CACHE ] INIT redis
[ info ] [ RUN ] app\scripts\controller\GetBaseInfo->run[ D:\phpstudy_pro\WWW\new_kefu_online\application\scripts\controller\GetBaseInfo.php ]
[ info ] [ DB ] INIT mysql
[ info ] [ DB ] INIT mysql
[ info ] [ LOG ] INIT File
[ sql ] [ DB ] CONNECT:[ UseTime:0.001116s ] mysql:host=127.0.0.1;port=3306;dbname=gr_chat;charset=utf8
[ sql ] [ SQL ] SHOW COLUMNS FROM `gr_run_log` [ RunTime:0.000660s ]
[ sql ] [ SQL ] INSERT INTO `gr_run_log` (`controller` , `action` , `input_param` , `add_time` , `update_time`) VALUES ('script_GetBaseInfo' , 'userLoginyouyu' , '{\"action\":\"login_youyu\",\"no_cache\":\"1\"}' , 1661332145 , 1661332145) [ RunTime:0.000689s ]
[ sql ] [ SQL ] SELECT * FROM `gr_run_log` WHERE  `id` = 372 LIMIT 1 [ RunTime:0.000262s ]
[ sql ] [ SQL ] UPDATE `gr_run_log`  SET `update_time`=1661332148,`status`=1,`out_param`='[]'  WHERE  `id` = 372 [ RunTime:0.000794s ]
---------------------------------------------------------------
[ 2022-08-24T17:18:36+08:00 ] 127.0.0.1 GET api.newkefu.com/scripts/GetBaseInfo/run?p[action]=login_youyu&p[no_cache]=1
[运行时间：0.830779s] [吞吐率：1.20req/s] [内存消耗：4,559.07kb] [文件加载：188]
[ info ] [ LANG ] D:\phpstudy_pro\WWW\new_kefu_online\thinkphp\lang\zh-cn.php
[ info ] [ ROUTE ] array (
  'type' => 'module',
  'module' => 
  array (
    0 => 'scripts',
    1 => 'GetBaseInfo',
    2 => 'run',
  ),
)
[ info ] [ HEADER ] array (
  'upgrade-insecure-requests' => '1',
  'connection' => 'close',
  'accept-encoding' => 'gzip, deflate',
  'accept-language' => 'zh-CN,zh;q=0.8,zh-TW;q=0.7,zh-HK;q=0.5,en-US;q=0.3,en;q=0.2',
  'accept' => 'text/html,application/xhtml+xml,application/xml;q=0.9,image/avif,image/webp,*/*;q=0.8',
  'user-agent' => 'Mozilla/5.0 (Windows NT 10.0; Win64; x64; rv:103.0) Gecko/20100101 Firefox/103.0',
  'host' => 'api.newkefu.com',
)
[ info ] [ PARAM ] array (
  '/scripts/GetBaseInfo/run' => '',
  'p' => 
  array (
    'action' => 'login_youyu',
    'no_cache' => '1',
  ),
)
[ info ] [ CACHE ] INIT redis
[ info ] [ RUN ] app\scripts\controller\GetBaseInfo->run[ D:\phpstudy_pro\WWW\new_kefu_online\application\scripts\controller\GetBaseInfo.php ]
[ info ] [ DB ] INIT mysql
[ info ] [ DB ] INIT mysql
[ info ] [ LOG ] INIT File
[ sql ] [ DB ] CONNECT:[ UseTime:0.001081s ] mysql:host=127.0.0.1;port=3306;dbname=gr_chat;charset=utf8
[ sql ] [ SQL ] SHOW COLUMNS FROM `gr_run_log` [ RunTime:0.000769s ]
[ sql ] [ SQL ] INSERT INTO `gr_run_log` (`controller` , `action` , `input_param` , `add_time` , `update_time`) VALUES ('script_GetBaseInfo' , 'userLoginyouyu' , '{\"action\":\"login_youyu\",\"no_cache\":\"1\"}' , 1661332715 , 1661332715) [ RunTime:0.000864s ]
[ error ] [8]未定义数组索引: reg_time[D:\phpstudy_pro\WWW\new_kefu_online\common\sql_server\LossUserSqlServer.php:22]
---------------------------------------------------------------
[ 2022-08-24T17:19:19+08:00 ] 127.0.0.1 GET api.newkefu.com/scripts/GetBaseInfo/run?p[action]=login_youyu&p[no_cache]=1
[运行时间：0.484532s] [吞吐率：2.06req/s] [内存消耗：5,236.73kb] [文件加载：173]
[ info ] [ LANG ] D:\phpstudy_pro\WWW\new_kefu_online\thinkphp\lang\zh-cn.php
[ info ] [ ROUTE ] array (
  'type' => 'module',
  'module' => 
  array (
    0 => 'scripts',
    1 => 'GetBaseInfo',
    2 => 'run',
  ),
)
[ info ] [ HEADER ] array (
  'upgrade-insecure-requests' => '1',
  'connection' => 'close',
  'accept-encoding' => 'gzip, deflate',
  'accept-language' => 'zh-CN,zh;q=0.8,zh-TW;q=0.7,zh-HK;q=0.5,en-US;q=0.3,en;q=0.2',
  'accept' => 'text/html,application/xhtml+xml,application/xml;q=0.9,image/avif,image/webp,*/*;q=0.8',
  'user-agent' => 'Mozilla/5.0 (Windows NT 10.0; Win64; x64; rv:103.0) Gecko/20100101 Firefox/103.0',
  'host' => 'api.newkefu.com',
)
[ info ] [ PARAM ] array (
  '/scripts/GetBaseInfo/run' => '',
  'p' => 
  array (
    'action' => 'login_youyu',
    'no_cache' => '1',
  ),
)
[ info ] [ CACHE ] INIT redis
[ info ] [ RUN ] app\scripts\controller\GetBaseInfo->run[ D:\phpstudy_pro\WWW\new_kefu_online\application\scripts\controller\GetBaseInfo.php ]
[ info ] [ DB ] INIT mysql
[ info ] [ LOG ] INIT File
[ sql ] [ DB ] CONNECT:[ UseTime:0.001185s ] mysql:host=127.0.0.1;port=3306;dbname=gr_chat;charset=utf8
[ sql ] [ SQL ] SHOW COLUMNS FROM `gr_run_log` [ RunTime:0.002520s ]
[ sql ] [ SQL ] INSERT INTO `gr_run_log` (`controller` , `action` , `input_param` , `add_time` , `update_time`) VALUES ('script_GetBaseInfo' , 'userLoginyouyu' , '{\"action\":\"login_youyu\",\"no_cache\":\"1\"}' , 1661332758 , 1661332758) [ RunTime:0.000910s ]
---------------------------------------------------------------
[ 2022-08-24T17:40:31+08:00 ] 127.0.0.1 GET api.newkefu.com/scripts/GetBaseInfo/run?p[action]=login_youyu&p[no_cache]=1
[运行时间：0.680345s] [吞吐率：1.47req/s] [内存消耗：5,234.91kb] [文件加载：173]
[ info ] [ LANG ] D:\phpstudy_pro\WWW\new_kefu_online\thinkphp\lang\zh-cn.php
[ info ] [ ROUTE ] array (
  'type' => 'module',
  'module' => 
  array (
    0 => 'scripts',
    1 => 'GetBaseInfo',
    2 => 'run',
  ),
)
[ info ] [ HEADER ] array (
  'upgrade-insecure-requests' => '1',
  'connection' => 'close',
  'accept-encoding' => 'gzip, deflate',
  'accept-language' => 'zh-CN,zh;q=0.8,zh-TW;q=0.7,zh-HK;q=0.5,en-US;q=0.3,en;q=0.2',
  'accept' => 'text/html,application/xhtml+xml,application/xml;q=0.9,image/avif,image/webp,*/*;q=0.8',
  'user-agent' => 'Mozilla/5.0 (Windows NT 10.0; Win64; x64; rv:103.0) Gecko/20100101 Firefox/103.0',
  'host' => 'api.newkefu.com',
)
[ info ] [ PARAM ] array (
  '/scripts/GetBaseInfo/run' => '',
  'p' => 
  array (
    'action' => 'login_youyu',
    'no_cache' => '1',
  ),
)
[ info ] [ CACHE ] INIT redis
[ info ] [ RUN ] app\scripts\controller\GetBaseInfo->run[ D:\phpstudy_pro\WWW\new_kefu_online\application\scripts\controller\GetBaseInfo.php ]
[ info ] [ DB ] INIT mysql
[ info ] [ LOG ] INIT File
[ sql ] [ DB ] CONNECT:[ UseTime:0.001654s ] mysql:host=127.0.0.1;port=3306;dbname=gr_chat;charset=utf8
[ sql ] [ SQL ] SHOW COLUMNS FROM `gr_run_log` [ RunTime:0.001297s ]
[ sql ] [ SQL ] INSERT INTO `gr_run_log` (`controller` , `action` , `input_param` , `add_time` , `update_time`) VALUES ('script_GetBaseInfo' , 'userLoginyouyu' , '{\"action\":\"login_youyu\",\"no_cache\":\"1\"}' , 1661334031 , 1661334031) [ RunTime:0.000995s ]
---------------------------------------------------------------
[ 2022-08-24T17:40:40+08:00 ] 127.0.0.1 GET api.newkefu.com/scripts/GetBaseInfo/run?p[action]=login_youyu&p[no_cache]=1
[运行时间：2.591989s] [吞吐率：0.39req/s] [内存消耗：4,483.13kb] [文件加载：183]
[ info ] [ LANG ] D:\phpstudy_pro\WWW\new_kefu_online\thinkphp\lang\zh-cn.php
[ info ] [ ROUTE ] array (
  'type' => 'module',
  'module' => 
  array (
    0 => 'scripts',
    1 => 'GetBaseInfo',
    2 => 'run',
  ),
)
[ info ] [ HEADER ] array (
  'upgrade-insecure-requests' => '1',
  'connection' => 'close',
  'accept-encoding' => 'gzip, deflate',
  'accept-language' => 'zh-CN,zh;q=0.8,zh-TW;q=0.7,zh-HK;q=0.5,en-US;q=0.3,en;q=0.2',
  'accept' => 'text/html,application/xhtml+xml,application/xml;q=0.9,image/avif,image/webp,*/*;q=0.8',
  'user-agent' => 'Mozilla/5.0 (Windows NT 10.0; Win64; x64; rv:103.0) Gecko/20100101 Firefox/103.0',
  'host' => 'api.newkefu.com',
)
[ info ] [ PARAM ] array (
  '/scripts/GetBaseInfo/run' => '',
  'p' => 
  array (
    'action' => 'login_youyu',
    'no_cache' => '1',
  ),
)
[ info ] [ CACHE ] INIT redis
[ info ] [ RUN ] app\scripts\controller\GetBaseInfo->run[ D:\phpstudy_pro\WWW\new_kefu_online\application\scripts\controller\GetBaseInfo.php ]
[ info ] [ DB ] INIT mysql
[ info ] [ DB ] INIT mysql
[ info ] [ LOG ] INIT File
[ sql ] [ DB ] CONNECT:[ UseTime:0.001047s ] mysql:host=127.0.0.1;port=3306;dbname=gr_chat;charset=utf8
[ sql ] [ SQL ] SHOW COLUMNS FROM `gr_run_log` [ RunTime:0.000676s ]
[ sql ] [ SQL ] INSERT INTO `gr_run_log` (`controller` , `action` , `input_param` , `add_time` , `update_time`) VALUES ('script_GetBaseInfo' , 'userLoginyouyu' , '{\"action\":\"login_youyu\",\"no_cache\":\"1\"}' , 1661334038 , 1661334038) [ RunTime:0.000752s ]
[ sql ] [ SQL ] SELECT * FROM `gr_run_log` WHERE  `id` = 376 LIMIT 1 [ RunTime:0.000263s ]
[ sql ] [ SQL ] UPDATE `gr_run_log`  SET `update_time`=1661334040,`status`=1,`out_param`='[]'  WHERE  `id` = 376 [ RunTime:0.000866s ]
---------------------------------------------------------------
[ 2022-08-24T17:51:04+08:00 ] 127.0.0.1 GET api.newkefu.com/scripts/GetBaseInfo/run?p[action]=login_youyu&p[no_cache]=1
[运行时间：0.659924s] [吞吐率：1.52req/s] [内存消耗：5,619.84kb] [文件加载：173]
[ info ] [ LANG ] D:\phpstudy_pro\WWW\new_kefu_online\thinkphp\lang\zh-cn.php
[ info ] [ ROUTE ] array (
  'type' => 'module',
  'module' => 
  array (
    0 => 'scripts',
    1 => 'GetBaseInfo',
    2 => 'run',
  ),
)
[ info ] [ HEADER ] array (
  'upgrade-insecure-requests' => '1',
  'connection' => 'close',
  'accept-encoding' => 'gzip, deflate',
  'accept-language' => 'zh-CN,zh;q=0.8,zh-TW;q=0.7,zh-HK;q=0.5,en-US;q=0.3,en;q=0.2',
  'accept' => 'text/html,application/xhtml+xml,application/xml;q=0.9,image/avif,image/webp,*/*;q=0.8',
  'user-agent' => 'Mozilla/5.0 (Windows NT 10.0; Win64; x64; rv:103.0) Gecko/20100101 Firefox/103.0',
  'host' => 'api.newkefu.com',
)
[ info ] [ PARAM ] array (
  '/scripts/GetBaseInfo/run' => '',
  'p' => 
  array (
    'action' => 'login_youyu',
    'no_cache' => '1',
  ),
)
[ info ] [ CACHE ] INIT redis
[ info ] [ RUN ] app\scripts\controller\GetBaseInfo->run[ D:\phpstudy_pro\WWW\new_kefu_online\application\scripts\controller\GetBaseInfo.php ]
[ info ] [ DB ] INIT mysql
[ info ] [ LOG ] INIT File
[ sql ] [ DB ] CONNECT:[ UseTime:0.001412s ] mysql:host=127.0.0.1;port=3306;dbname=gr_chat;charset=utf8
[ sql ] [ SQL ] SHOW COLUMNS FROM `gr_run_log` [ RunTime:0.001195s ]
[ sql ] [ SQL ] INSERT INTO `gr_run_log` (`controller` , `action` , `input_param` , `add_time` , `update_time`) VALUES ('script_GetBaseInfo' , 'userLoginyouyu' , '{\"action\":\"login_youyu\",\"no_cache\":\"1\"}' , 1661334664 , 1661334664) [ RunTime:0.000962s ]
---------------------------------------------------------------
[ 2022-08-24T17:51:12+08:00 ] 127.0.0.1 GET api.newkefu.com/scripts/GetBaseInfo/run?p[action]=login_youyu&p[no_cache]=1
[运行时间：0.624134s] [吞吐率：1.60req/s] [内存消耗：4,573.91kb] [文件加载：189]
[ info ] [ LANG ] D:\phpstudy_pro\WWW\new_kefu_online\thinkphp\lang\zh-cn.php
[ info ] [ ROUTE ] array (
  'type' => 'module',
  'module' => 
  array (
    0 => 'scripts',
    1 => 'GetBaseInfo',
    2 => 'run',
  ),
)
[ info ] [ HEADER ] array (
  'upgrade-insecure-requests' => '1',
  'connection' => 'close',
  'accept-encoding' => 'gzip, deflate',
  'accept-language' => 'zh-CN,zh;q=0.8,zh-TW;q=0.7,zh-HK;q=0.5,en-US;q=0.3,en;q=0.2',
  'accept' => 'text/html,application/xhtml+xml,application/xml;q=0.9,image/avif,image/webp,*/*;q=0.8',
  'user-agent' => 'Mozilla/5.0 (Windows NT 10.0; Win64; x64; rv:103.0) Gecko/20100101 Firefox/103.0',
  'host' => 'api.newkefu.com',
)
[ info ] [ PARAM ] array (
  '/scripts/GetBaseInfo/run' => '',
  'p' => 
  array (
    'action' => 'login_youyu',
    'no_cache' => '1',
  ),
)
[ info ] [ CACHE ] INIT redis
[ info ] [ RUN ] app\scripts\controller\GetBaseInfo->run[ D:\phpstudy_pro\WWW\new_kefu_online\application\scripts\controller\GetBaseInfo.php ]
[ info ] [ DB ] INIT mysql
[ info ] [ DB ] INIT mysql
[ info ] [ LOG ] INIT File
[ sql ] [ DB ] CONNECT:[ UseTime:0.001749s ] mysql:host=127.0.0.1;port=3306;dbname=gr_chat;charset=utf8
[ sql ] [ SQL ] SHOW COLUMNS FROM `gr_run_log` [ RunTime:0.000743s ]
[ sql ] [ SQL ] INSERT INTO `gr_run_log` (`controller` , `action` , `input_param` , `add_time` , `update_time`) VALUES ('script_GetBaseInfo' , 'userLoginyouyu' , '{\"action\":\"login_youyu\",\"no_cache\":\"1\"}' , 1661334671 , 1661334671) [ RunTime:0.000771s ]
[ error ] [8]未定义数组索引: reg_time[D:\phpstudy_pro\WWW\new_kefu_online\common\sql_server\LossUserSqlServer.php:22]
---------------------------------------------------------------
[ 2022-08-24T17:51:54+08:00 ] 127.0.0.1 GET api.newkefu.com/scripts/GetBaseInfo/run?p[action]=login_youyu&p[no_cache]=1
[运行时间：3.045548s] [吞吐率：0.33req/s] [内存消耗：4,484.35kb] [文件加载：183]
[ info ] [ LANG ] D:\phpstudy_pro\WWW\new_kefu_online\thinkphp\lang\zh-cn.php
[ info ] [ ROUTE ] array (
  'type' => 'module',
  'module' => 
  array (
    0 => 'scripts',
    1 => 'GetBaseInfo',
    2 => 'run',
  ),
)
[ info ] [ HEADER ] array (
  'upgrade-insecure-requests' => '1',
  'connection' => 'close',
  'accept-encoding' => 'gzip, deflate',
  'accept-language' => 'zh-CN,zh;q=0.8,zh-TW;q=0.7,zh-HK;q=0.5,en-US;q=0.3,en;q=0.2',
  'accept' => 'text/html,application/xhtml+xml,application/xml;q=0.9,image/avif,image/webp,*/*;q=0.8',
  'user-agent' => 'Mozilla/5.0 (Windows NT 10.0; Win64; x64; rv:103.0) Gecko/20100101 Firefox/103.0',
  'host' => 'api.newkefu.com',
)
[ info ] [ PARAM ] array (
  '/scripts/GetBaseInfo/run' => '',
  'p' => 
  array (
    'action' => 'login_youyu',
    'no_cache' => '1',
  ),
)
[ info ] [ CACHE ] INIT redis
[ info ] [ RUN ] app\scripts\controller\GetBaseInfo->run[ D:\phpstudy_pro\WWW\new_kefu_online\application\scripts\controller\GetBaseInfo.php ]
[ info ] [ DB ] INIT mysql
[ info ] [ DB ] INIT mysql
[ info ] [ LOG ] INIT File
[ sql ] [ DB ] CONNECT:[ UseTime:0.001077s ] mysql:host=127.0.0.1;port=3306;dbname=gr_chat;charset=utf8
[ sql ] [ SQL ] SHOW COLUMNS FROM `gr_run_log` [ RunTime:0.000752s ]
[ sql ] [ SQL ] INSERT INTO `gr_run_log` (`controller` , `action` , `input_param` , `add_time` , `update_time`) VALUES ('script_GetBaseInfo' , 'userLoginyouyu' , '{\"action\":\"login_youyu\",\"no_cache\":\"1\"}' , 1661334711 , 1661334711) [ RunTime:0.000906s ]
[ sql ] [ SQL ] SELECT * FROM `gr_run_log` WHERE  `id` = 379 LIMIT 1 [ RunTime:0.000260s ]
[ sql ] [ SQL ] UPDATE `gr_run_log`  SET `update_time`=1661334714,`status`=1,`out_param`='[]'  WHERE  `id` = 379 [ RunTime:0.001226s ]
---------------------------------------------------------------
[ 2022-08-24T17:56:30+08:00 ] 127.0.0.1 GET api.newkefu.com/scripts/GetBaseInfo/run?p[action]=login_youyu&p[no_cache]=1
[运行时间：2.736867s] [吞吐率：0.37req/s] [内存消耗：4,503.14kb] [文件加载：184]
[ info ] [ LANG ] D:\phpstudy_pro\WWW\new_kefu_online\thinkphp\lang\zh-cn.php
[ info ] [ ROUTE ] array (
  'type' => 'module',
  'module' => 
  array (
    0 => 'scripts',
    1 => 'GetBaseInfo',
    2 => 'run',
  ),
)
[ info ] [ HEADER ] array (
  'upgrade-insecure-requests' => '1',
  'connection' => 'close',
  'accept-encoding' => 'gzip, deflate',
  'accept-language' => 'zh-CN,zh;q=0.8,zh-TW;q=0.7,zh-HK;q=0.5,en-US;q=0.3,en;q=0.2',
  'accept' => 'text/html,application/xhtml+xml,application/xml;q=0.9,image/avif,image/webp,*/*;q=0.8',
  'user-agent' => 'Mozilla/5.0 (Windows NT 10.0; Win64; x64; rv:103.0) Gecko/20100101 Firefox/103.0',
  'host' => 'api.newkefu.com',
)
[ info ] [ PARAM ] array (
  '/scripts/GetBaseInfo/run' => '',
  'p' => 
  array (
    'action' => 'login_youyu',
    'no_cache' => '1',
  ),
)
[ info ] [ CACHE ] INIT redis
[ info ] [ DB ] INIT mysql
[ info ] [ RUN ] app\scripts\controller\GetBaseInfo->run[ D:\phpstudy_pro\WWW\new_kefu_online\application\scripts\controller\GetBaseInfo.php ]
[ info ] [ DB ] INIT mysql
[ info ] [ LOG ] INIT File
[ sql ] [ DB ] CONNECT:[ UseTime:0.000887s ] mysql:host=127.0.0.1;port=3306;dbname=gr_chat;charset=utf8
[ sql ] [ SQL ] SHOW COLUMNS FROM `gr_run_log` [ RunTime:0.001570s ]
[ sql ] [ SQL ] INSERT INTO `gr_run_log` (`controller` , `action` , `input_param` , `add_time` , `update_time`) VALUES ('script_GetBaseInfo' , 'userLoginyouyu' , '{\"action\":\"login_youyu\",\"no_cache\":\"1\"}' , 1661334987 , 1661334987) [ RunTime:0.000789s ]
[ sql ] [ SQL ] SELECT * FROM `gr_run_log` WHERE  `id` = 380 LIMIT 1 [ RunTime:0.000254s ]
[ sql ] [ SQL ] UPDATE `gr_run_log`  SET `update_time`=1661334990,`status`=1,`out_param`='[]'  WHERE  `id` = 380 [ RunTime:0.000870s ]
---------------------------------------------------------------
[ 2022-08-24T18:01:05+08:00 ] 127.0.0.1 GET api.newkefu.com/scripts/GetBaseInfo/run?p[action]=login_youyu&p[no_cache]=1
[运行时间：3.292630s] [吞吐率：0.30req/s] [内存消耗：4,482.25kb] [文件加载：183]
[ info ] [ LANG ] D:\phpstudy_pro\WWW\new_kefu_online\thinkphp\lang\zh-cn.php
[ info ] [ ROUTE ] array (
  'type' => 'module',
  'module' => 
  array (
    0 => 'scripts',
    1 => 'GetBaseInfo',
    2 => 'run',
  ),
)
[ info ] [ HEADER ] array (
  'upgrade-insecure-requests' => '1',
  'connection' => 'close',
  'accept-encoding' => 'gzip, deflate',
  'accept-language' => 'zh-CN,zh;q=0.8,zh-TW;q=0.7,zh-HK;q=0.5,en-US;q=0.3,en;q=0.2',
  'accept' => 'text/html,application/xhtml+xml,application/xml;q=0.9,image/avif,image/webp,*/*;q=0.8',
  'user-agent' => 'Mozilla/5.0 (Windows NT 10.0; Win64; x64; rv:103.0) Gecko/20100101 Firefox/103.0',
  'host' => 'api.newkefu.com',
)
[ info ] [ PARAM ] array (
  '/scripts/GetBaseInfo/run' => '',
  'p' => 
  array (
    'action' => 'login_youyu',
    'no_cache' => '1',
  ),
)
[ info ] [ CACHE ] INIT redis
[ info ] [ RUN ] app\scripts\controller\GetBaseInfo->run[ D:\phpstudy_pro\WWW\new_kefu_online\application\scripts\controller\GetBaseInfo.php ]
[ info ] [ DB ] INIT mysql
[ info ] [ DB ] INIT mysql
[ info ] [ LOG ] INIT File
[ sql ] [ DB ] CONNECT:[ UseTime:0.001115s ] mysql:host=127.0.0.1;port=3306;dbname=gr_chat;charset=utf8
[ sql ] [ SQL ] SHOW COLUMNS FROM `gr_run_log` [ RunTime:0.000664s ]
[ sql ] [ SQL ] INSERT INTO `gr_run_log` (`controller` , `action` , `input_param` , `add_time` , `update_time`) VALUES ('script_GetBaseInfo' , 'userLoginyouyu' , '{\"action\":\"login_youyu\",\"no_cache\":\"1\"}' , 1661335261 , 1661335261) [ RunTime:0.000776s ]
[ sql ] [ SQL ] SELECT * FROM `gr_run_log` WHERE  `id` = 381 LIMIT 1 [ RunTime:0.000274s ]
[ sql ] [ SQL ] UPDATE `gr_run_log`  SET `update_time`=1661335265,`status`=1,`out_param`='[]'  WHERE  `id` = 381 [ RunTime:0.001364s ]
---------------------------------------------------------------
[ 2022-08-24T18:05:18+08:00 ] 127.0.0.1 GET api.newkefu.com/scripts/GetBaseInfo/run?p[action]=login_youyu&p[no_cache]=1
[运行时间：3.258515s] [吞吐率：0.31req/s] [内存消耗：4,482.51kb] [文件加载：183]
[ info ] [ LANG ] D:\phpstudy_pro\WWW\new_kefu_online\thinkphp\lang\zh-cn.php
[ info ] [ ROUTE ] array (
  'type' => 'module',
  'module' => 
  array (
    0 => 'scripts',
    1 => 'GetBaseInfo',
    2 => 'run',
  ),
)
[ info ] [ HEADER ] array (
  'upgrade-insecure-requests' => '1',
  'connection' => 'close',
  'accept-encoding' => 'gzip, deflate',
  'accept-language' => 'zh-CN,zh;q=0.8,zh-TW;q=0.7,zh-HK;q=0.5,en-US;q=0.3,en;q=0.2',
  'accept' => 'text/html,application/xhtml+xml,application/xml;q=0.9,image/avif,image/webp,*/*;q=0.8',
  'user-agent' => 'Mozilla/5.0 (Windows NT 10.0; Win64; x64; rv:103.0) Gecko/20100101 Firefox/103.0',
  'host' => 'api.newkefu.com',
)
[ info ] [ PARAM ] array (
  '/scripts/GetBaseInfo/run' => '',
  'p' => 
  array (
    'action' => 'login_youyu',
    'no_cache' => '1',
  ),
)
[ info ] [ CACHE ] INIT redis
[ info ] [ RUN ] app\scripts\controller\GetBaseInfo->run[ D:\phpstudy_pro\WWW\new_kefu_online\application\scripts\controller\GetBaseInfo.php ]
[ info ] [ DB ] INIT mysql
[ info ] [ DB ] INIT mysql
[ info ] [ LOG ] INIT File
[ sql ] [ DB ] CONNECT:[ UseTime:0.001060s ] mysql:host=127.0.0.1;port=3306;dbname=gr_chat;charset=utf8
[ sql ] [ SQL ] SHOW COLUMNS FROM `gr_run_log` [ RunTime:0.001678s ]
[ sql ] [ SQL ] INSERT INTO `gr_run_log` (`controller` , `action` , `input_param` , `add_time` , `update_time`) VALUES ('script_GetBaseInfo' , 'userLoginyouyu' , '{\"action\":\"login_youyu\",\"no_cache\":\"1\"}' , 1661335514 , 1661335514) [ RunTime:0.000718s ]
[ sql ] [ SQL ] SELECT * FROM `gr_run_log` WHERE  `id` = 382 LIMIT 1 [ RunTime:0.000269s ]
[ sql ] [ SQL ] UPDATE `gr_run_log`  SET `update_time`=1661335518,`status`=1,`out_param`='[]'  WHERE  `id` = 382 [ RunTime:0.000811s ]
---------------------------------------------------------------
[ 2022-08-24T18:06:07+08:00 ] 127.0.0.1 GET api.newkefu.com/scripts/GetBaseInfo/run?p[action]=login_youyu&p[no_cache]=1
[运行时间：2.905546s] [吞吐率：0.34req/s] [内存消耗：4,482.54kb] [文件加载：183]
[ info ] [ LANG ] D:\phpstudy_pro\WWW\new_kefu_online\thinkphp\lang\zh-cn.php
[ info ] [ ROUTE ] array (
  'type' => 'module',
  'module' => 
  array (
    0 => 'scripts',
    1 => 'GetBaseInfo',
    2 => 'run',
  ),
)
[ info ] [ HEADER ] array (
  'upgrade-insecure-requests' => '1',
  'connection' => 'close',
  'accept-encoding' => 'gzip, deflate',
  'accept-language' => 'zh-CN,zh;q=0.8,zh-TW;q=0.7,zh-HK;q=0.5,en-US;q=0.3,en;q=0.2',
  'accept' => 'text/html,application/xhtml+xml,application/xml;q=0.9,image/avif,image/webp,*/*;q=0.8',
  'user-agent' => 'Mozilla/5.0 (Windows NT 10.0; Win64; x64; rv:103.0) Gecko/20100101 Firefox/103.0',
  'host' => 'api.newkefu.com',
)
[ info ] [ PARAM ] array (
  '/scripts/GetBaseInfo/run' => '',
  'p' => 
  array (
    'action' => 'login_youyu',
    'no_cache' => '1',
  ),
)
[ info ] [ CACHE ] INIT redis
[ info ] [ RUN ] app\scripts\controller\GetBaseInfo->run[ D:\phpstudy_pro\WWW\new_kefu_online\application\scripts\controller\GetBaseInfo.php ]
[ info ] [ DB ] INIT mysql
[ info ] [ DB ] INIT mysql
[ info ] [ LOG ] INIT File
[ sql ] [ DB ] CONNECT:[ UseTime:0.003125s ] mysql:host=127.0.0.1;port=3306;dbname=gr_chat;charset=utf8
[ sql ] [ SQL ] SHOW COLUMNS FROM `gr_run_log` [ RunTime:0.000779s ]
[ sql ] [ SQL ] INSERT INTO `gr_run_log` (`controller` , `action` , `input_param` , `add_time` , `update_time`) VALUES ('script_GetBaseInfo' , 'userLoginyouyu' , '{\"action\":\"login_youyu\",\"no_cache\":\"1\"}' , 1661335564 , 1661335564) [ RunTime:0.000841s ]
[ sql ] [ SQL ] SELECT * FROM `gr_run_log` WHERE  `id` = 383 LIMIT 1 [ RunTime:0.000255s ]
[ sql ] [ SQL ] UPDATE `gr_run_log`  SET `update_time`=1661335567,`status`=1,`out_param`='[]'  WHERE  `id` = 383 [ RunTime:0.000876s ]
---------------------------------------------------------------
[ 2022-08-24T18:06:23+08:00 ] 127.0.0.1 GET api.newkefu.com/scripts/GetBaseInfo/run?p[action]=login_youyu&p[no_cache]=1
[运行时间：2.866042s] [吞吐率：0.35req/s] [内存消耗：4,482.06kb] [文件加载：183]
[ info ] [ LANG ] D:\phpstudy_pro\WWW\new_kefu_online\thinkphp\lang\zh-cn.php
[ info ] [ ROUTE ] array (
  'type' => 'module',
  'module' => 
  array (
    0 => 'scripts',
    1 => 'GetBaseInfo',
    2 => 'run',
  ),
)
[ info ] [ HEADER ] array (
  'upgrade-insecure-requests' => '1',
  'connection' => 'close',
  'accept-encoding' => 'gzip, deflate',
  'accept-language' => 'zh-CN,zh;q=0.8,zh-TW;q=0.7,zh-HK;q=0.5,en-US;q=0.3,en;q=0.2',
  'accept' => 'text/html,application/xhtml+xml,application/xml;q=0.9,image/avif,image/webp,*/*;q=0.8',
  'user-agent' => 'Mozilla/5.0 (Windows NT 10.0; Win64; x64; rv:103.0) Gecko/20100101 Firefox/103.0',
  'host' => 'api.newkefu.com',
)
[ info ] [ PARAM ] array (
  '/scripts/GetBaseInfo/run' => '',
  'p' => 
  array (
    'action' => 'login_youyu',
    'no_cache' => '1',
  ),
)
[ info ] [ CACHE ] INIT redis
[ info ] [ RUN ] app\scripts\controller\GetBaseInfo->run[ D:\phpstudy_pro\WWW\new_kefu_online\application\scripts\controller\GetBaseInfo.php ]
[ info ] [ DB ] INIT mysql
[ info ] [ DB ] INIT mysql
[ info ] [ LOG ] INIT File
[ sql ] [ DB ] CONNECT:[ UseTime:0.001006s ] mysql:host=127.0.0.1;port=3306;dbname=gr_chat;charset=utf8
[ sql ] [ SQL ] SHOW COLUMNS FROM `gr_run_log` [ RunTime:0.000653s ]
[ sql ] [ SQL ] INSERT INTO `gr_run_log` (`controller` , `action` , `input_param` , `add_time` , `update_time`) VALUES ('script_GetBaseInfo' , 'userLoginyouyu' , '{\"action\":\"login_youyu\",\"no_cache\":\"1\"}' , 1661335580 , 1661335580) [ RunTime:0.000754s ]
[ sql ] [ SQL ] SELECT * FROM `gr_run_log` WHERE  `id` = 384 LIMIT 1 [ RunTime:0.000369s ]
[ sql ] [ SQL ] UPDATE `gr_run_log`  SET `update_time`=1661335583,`status`=1,`out_param`='[]'  WHERE  `id` = 384 [ RunTime:0.002080s ]
