---------------------------------------------------------------
[ 2022-04-13T11:23:08+08:00 ] 127.0.0.1 OPTIONS api.newkefu.com/admin/Ajax/getProductList
[运行时间：0.113524s] [吞吐率：8.81req/s] [内存消耗：2,418.69kb] [文件加载：153]
[ info ] [ LANG ] D:\phpstudy_pro\WWW\new_kefu_online\thinkphp\lang\zh-cn.php
[ info ] [ ROUTE ] array (
  'type' => 'module',
  'module' => 
  array (
    0 => 'admin',
    1 => 'Ajax',
    2 => 'getProductList',
  ),
)
[ info ] [ HEADER ] array (
  'cache-control' => 'no-cache',
  'pragma' => 'no-cache',
  'connection' => 'close',
  'origin' => 'http://www.newkefu.com',
  'referer' => 'http://www.newkefu.com/',
  'access-control-request-headers' => 'platform,token',
  'access-control-request-method' => 'POST',
  'accept-encoding' => 'gzip, deflate',
  'accept-language' => 'zh-CN,zh;q=0.8,zh-TW;q=0.7,zh-HK;q=0.5,en-US;q=0.3,en;q=0.2',
  'accept' => '*/*',
  'user-agent' => 'Mozilla/5.0 (Windows NT 10.0; Win64; x64; rv:98.0) Gecko/20100101 Firefox/98.0',
  'host' => 'api.newkefu.com',
)
[ info ] [ PARAM ] array (
  '/admin/Ajax/getProductList' => '',
)
[ info ] [ LOG ] INIT File
 info ] [ LOG ] INIT File
---------------------------------------------------------------
[ 2022-04-13T11:23:08+08:00 ] 127.0.0.1 POST api.newkefu.com/admin/Ajax/getPlatformList
[运行时间：0.151461s] [吞吐率：6.60req/s] [内存消耗：4,882.26kb] [文件加载：194]
[ info ] [ LANG ] D:\phpstudy_pro\WWW\new_kefu_online\thinkphp\lang\zh-cn.php
[ info ] [ ROUTE ] array (
  'type' => 'module',
  'module' => 
  array (
    0 => 'admin',
    1 => 'Ajax',
    2 => 'getPlatformList',
  ),
)
[ info ] [ HEADER ] array (
  'content-length' => '0',
  'cache-control' => 'no-cache',
  'pragma' => 'no-cache',
  'referer' => 'http://www.newkefu.com/',
  'connection' => 'close',
  'origin' => 'http://www.newkefu.com',
  'platform' => 'youyu',
  'token' => 'eyJ0eXAiOiJKV1QiLCJhbGciOiJIUzI1NiIsImp0aSI6ImxYWGluZyJ9.eyJpc3MiOiJhcGkubmV3a2VmdS5jb20iLCJqdGkiOiJsWFhpbmciLCJpYXQiOjE2NDg3MjE2MDcsImV4cCI6MTY1MTMxMzYwNywidWlkIjoxNDN9.aQjXL0DlGlNFcdWD3sPHOtuTBZ3GhBq_yesuQt2IiJk',
  'accept-encoding' => 'gzip, deflate',
  'accept-language' => 'zh-CN,zh;q=0.8,zh-TW;q=0.7,zh-HK;q=0.5,en-US;q=0.3,en;q=0.2',
  'accept' => 'application/json, text/javascript, */*; q=0.01',
  'user-agent' => 'Mozilla/5.0 (Windows NT 10.0; Win64; x64; rv:98.0) Gecko/20100101 Firefox/98.0',
  'host' => 'api.newkefu.com',
)
[ info ] [ PARAM ] array (
  '/admin/Ajax/getPlatformList' => '',
)
[ info ] [ DB ] INIT mysql
[ info ] [ CACHE ] INIT redis
[ info ] [ DB ] INIT mysql
[ info ] [ DB ] INIT mysql
[ info ] [ RUN ] app\admin\controller\Ajax->getPlatformList[ D:\phpstudy_pro\WWW\new_kefu_online\application\admin\controller\Ajax.php ]
[ info ] [ LOG ] INIT File
[ sql ] [ DB ] CONNECT:[ UseTime:0.001595s ] mysql:host=127.0.0.1;port=3306;dbname=gr_chat;charset=utf8
[ sql ] [ SQL ] SHOW COLUMNS FROM `gr_menu_new` [ RunTime:0.002271s ]
[ sql ] [ SQL ] SELECT m.menu_id as id,`m`.`menu_name`,`m`.`p_id`,`m`.`controller`,`m`.`action`,`m`.`is_show`,`m`.`url`,`m`.`type` FROM `gr_menu_new` `m` ORDER BY `p_id` ASC,`sort` ASC,`id` ASC [ RunTime:0.000904s ]
---------------------------------------------------------------
[ 2022-04-13T11:23:08+08:00 ] 127.0.0.1 POST api.newkefu.com/admin/Ajax/getProductList
[运行时间：0.161045s] [吞吐率：6.21req/s] [内存消耗：5,067.87kb] [文件加载：197]
[ info ] [ LANG ] D:\phpstudy_pro\WWW\new_kefu_online\thinkphp\lang\zh-cn.php
[ info ] [ ROUTE ] array (
  'type' => 'module',
  'module' => 
  array (
    0 => 'admin',
    1 => 'Ajax',
    2 => 'getProductList',
  ),
)
[ info ] [ HEADER ] array (
  'content-length' => '0',
  'cache-control' => 'no-cache',
  'pragma' => 'no-cache',
  'referer' => 'http://www.newkefu.com/',
  'connection' => 'close',
  'origin' => 'http://www.newkefu.com',
  'platform' => 'youyu',
  'token' => 'eyJ0eXAiOiJKV1QiLCJhbGciOiJIUzI1NiIsImp0aSI6ImxYWGluZyJ9.eyJpc3MiOiJhcGkubmV3a2VmdS5jb20iLCJqdGkiOiJsWFhpbmciLCJpYXQiOjE2NDg3MjE2MDcsImV4cCI6MTY1MTMxMzYwNywidWlkIjoxNDN9.aQjXL0DlGlNFcdWD3sPHOtuTBZ3GhBq_yesuQt2IiJk',
  'accept-encoding' => 'gzip, deflate',
  'accept-language' => 'zh-CN,zh;q=0.8,zh-TW;q=0.7,zh-HK;q=0.5,en-US;q=0.3,en;q=0.2',
  'accept' => 'application/json, text/javascript, */*; q=0.01',
  'user-agent' => 'Mozilla/5.0 (Windows NT 10.0; Win64; x64; rv:98.0) Gecko/20100101 Firefox/98.0',
  'host' => 'api.newkefu.com',
)
[ info ] [ PARAM ] array (
  '/admin/Ajax/getProductList' => '',
)
[ info ] [ DB ] INIT mysql
[ info ] [ CACHE ] INIT redis
[ info ] [ DB ] INIT mysql
[ info ] [ DB ] INIT mysql
[ info ] [ RUN ] app\admin\controller\Ajax->getProductList[ D:\phpstudy_pro\WWW\new_kefu_online\application\admin\controller\Ajax.php ]
[ info ] [ DB ] INIT mysql
[ info ] [ LOG ] INIT File
[ sql ] [ DB ] CONNECT:[ UseTime:0.010927s ] mysql:host=127.0.0.1;port=3306;dbname=gr_chat;charset=utf8
[ sql ] [ SQL ] SHOW COLUMNS FROM `gr_menu_new` [ RunTime:0.002701s ]
[ sql ] [ SQL ] SELECT m.menu_id as id,`m`.`menu_name`,`m`.`p_id`,`m`.`controller`,`m`.`action`,`m`.`is_show`,`m`.`url`,`m`.`type` FROM `gr_menu_new` `m` ORDER BY `p_id` ASC,`sort` ASC,`id` ASC [ RunTime:0.001010s ]
---------------------------------------------------------------
[ 2022-04-13T11:23:08+08:00 ] 127.0.0.1 POST api.newkefu.com/admin/Ajax/getUserListByPlatformId
[运行时间：0.271440s] [吞吐率：3.68req/s] [内存消耗：5,090.64kb] [文件加载：195]
[ info ] [ LANG ] D:\phpstudy_pro\WWW\new_kefu_online\thinkphp\lang\zh-cn.php
[ info ] [ ROUTE ] array (
  'type' => 'module',
  'module' => 
  array (
    0 => 'admin',
    1 => 'Ajax',
    2 => 'getUserListByPlatformId',
  ),
)
[ info ] [ HEADER ] array (
  'content-length' => '0',
  'cache-control' => 'no-cache',
  'pragma' => 'no-cache',
  'referer' => 'http://www.newkefu.com/',
  'connection' => 'close',
  'origin' => 'http://www.newkefu.com',
  'platform' => 'youyu',
  'token' => 'eyJ0eXAiOiJKV1QiLCJhbGciOiJIUzI1NiIsImp0aSI6ImxYWGluZyJ9.eyJpc3MiOiJhcGkubmV3a2VmdS5jb20iLCJqdGkiOiJsWFhpbmciLCJpYXQiOjE2NDg3MjE2MDcsImV4cCI6MTY1MTMxMzYwNywidWlkIjoxNDN9.aQjXL0DlGlNFcdWD3sPHOtuTBZ3GhBq_yesuQt2IiJk',
  'accept-encoding' => 'gzip, deflate',
  'accept-language' => 'zh-CN,zh;q=0.8,zh-TW;q=0.7,zh-HK;q=0.5,en-US;q=0.3,en;q=0.2',
  'accept' => 'application/json, text/javascript, */*; q=0.01',
  'user-agent' => 'Mozilla/5.0 (Windows NT 10.0; Win64; x64; rv:98.0) Gecko/20100101 Firefox/98.0',
  'host' => 'api.newkefu.com',
)
[ info ] [ PARAM ] array (
  '/admin/Ajax/getUserListByPlatformId' => '',
)
[ info ] [ DB ] INIT mysql
[ info ] [ CACHE ] INIT redis
[ info ] [ DB ] INIT mysql
[ info ] [ DB ] INIT mysql
[ info ] [ RUN ] app\admin\controller\Ajax->getUserListByPlatformId[ D:\phpstudy_pro\WWW\new_kefu_online\application\admin\controller\Ajax.php ]
[ info ] [ LOG ] INIT File
[ sql ] [ DB ] CONNECT:[ UseTime:0.001189s ] mysql:host=127.0.0.1;port=3306;dbname=gr_chat;charset=utf8
[ sql ] [ SQL ] SHOW COLUMNS FROM `gr_menu_new` [ RunTime:0.002285s ]
[ sql ] [ SQL ] SELECT m.menu_id as id,`m`.`menu_name`,`m`.`p_id`,`m`.`controller`,`m`.`action`,`m`.`is_show`,`m`.`url`,`m`.`type` FROM `gr_menu_new` `m` ORDER BY `p_id` ASC,`sort` ASC,`id` ASC [ RunTime:0.003927s ]
[ sql ] [ SQL ] SHOW COLUMNS FROM `gr_user_group` [ RunTime:0.001432s ]
[ sql ] [ SQL ] SELECT * FROM `gr_user_group` WHERE  `id` IN (7,13) [ RunTime:0.002917s ]
[ sql ] [ SQL ] SELECT * FROM `gr_user_group` WHERE  `id` IN (10) [ RunTime:0.000858s ]
[ sql ] [ SQL ] SELECT * FROM `gr_user_group` WHERE  `id` IN (11) [ RunTime:0.000467s ]
[ sql ] [ SQL ] SELECT * FROM `gr_user_group` WHERE  `id` IN (11) [ RunTime:0.000316s ]
[ sql ] [ SQL ] SELECT * FROM `gr_user_group` WHERE  `id` IN (10) [ RunTime:0.000334s ]
[ sql ] [ SQL ] SELECT * FROM `gr_user_group` WHERE  `id` IN (12) [ RunTime:0.000493s ]
[ sql ] [ SQL ] SELECT * FROM `gr_user_group` WHERE  `id` IN (10) [ RunTime:0.000380s ]
[ sql ] [ SQL ] SELECT * FROM `gr_user_group` WHERE  `id` IN (7) [ RunTime:0.000391s ]
[ sql ] [ SQL ] SELECT * FROM `gr_user_group` WHERE  `id` IN (7) [ RunTime:0.000309s ]
[ sql ] [ SQL ] SELECT * FROM `gr_user_group` WHERE  `id` IN (11) [ RunTime:0.000297s ]
[ sql ] [ SQL ] SELECT * FROM `gr_user_group` WHERE  `id` IN (7) [ RunTime:0.000343s ]
[ sql ] [ SQL ] SELECT * FROM `gr_user_group` WHERE  `id` IN (7) [ RunTime:0.000375s ]
[ sql ] [ SQL ] SELECT * FROM `gr_user_group` WHERE  `id` IN (7) [ RunTime:0.000363s ]
[ sql ] [ SQL ] SELECT * FROM `gr_user_group` WHERE  `id` IN (8) [ RunTime:0.000350s ]
[ sql ] [ SQL ] SELECT * FROM `gr_user_group` WHERE  `id` IN (11) [ RunTime:0.000270s ]
[ sql ] [ SQL ] SELECT * FROM `gr_user_group` WHERE  `id` IN (11) [ RunTime:0.000258s ]
[ sql ] [ SQL ] SELECT * FROM `gr_user_group` WHERE  `id` IN (9) [ RunTime:0.000251s ]
[ sql ] [ SQL ] SELECT * FROM `gr_user_group` WHERE  `id` IN (17) [ RunTime:0.000545s ]
[ sql ] [ SQL ] SELECT * FROM `gr_user_group` WHERE  `id` IN (9) [ RunTime:0.000251s ]
[ sql ] [ SQL ] SELECT * FROM `gr_user_group` WHERE  `id` IN (9) [ RunTime:0.000276s ]
[ sql ] [ SQL ] SELECT * FROM `gr_user_group` WHERE  `id` IN (9) [ RunTime:0.000249s ]
[ sql ] [ SQL ] SELECT * FROM `gr_user_group` WHERE  `id` IN (9) [ RunTime:0.000248s ]
[ sql ] [ SQL ] SELECT * FROM `gr_user_group` WHERE  `id` IN (9,17) [ RunTime:0.000292s ]
[ sql ] [ SQL ] SELECT * FROM `gr_user_group` WHERE  `id` IN (9) [ RunTime:0.000322s ]
[ sql ] [ SQL ] SELECT * FROM `gr_user_group` WHERE  `id` IN (14) [ RunTime:0.000255s ]
[ sql ] [ SQL ] SELECT * FROM `gr_user_group` WHERE  `id` IN (9) [ RunTime:0.000253s ]
[ sql ] [ SQL ] SELECT * FROM `gr_user_group` WHERE  `id` IN (9) [ RunTime:0.000345s ]
[ sql ] [ SQL ] SELECT * FROM `gr_user_group` WHERE  `id` IN (9) [ RunTime:0.000309s ]
[ sql ] [ SQL ] SELECT * FROM `gr_user_group` WHERE  `id` IN (9) [ RunTime:0.000318s ]
[ sql ] [ SQL ] SELECT * FROM `gr_user_group` WHERE  `id` IN (9) [ RunTime:0.000410s ]
[ sql ] [ SQL ] SELECT * FROM `gr_user_group` WHERE  `id` IN (9) [ RunTime:0.000450s ]
[ sql ] [ SQL ] SELECT * FROM `gr_user_group` WHERE  `id` IN (11) [ RunTime:0.000339s ]
[ sql ] [ SQL ] SELECT * FROM `gr_user_group` WHERE  `id` IN (11) [ RunTime:0.000309s ]
[ sql ] [ SQL ] SELECT * FROM `gr_user_group` WHERE  `id` IN (5,14,7,16,8,9,10,11,13,1) [ RunTime:0.000675s ]
[ sql ] [ SQL ] SELECT * FROM `gr_user_group` WHERE  `id` IN (10) [ RunTime:0.000348s ]
[ sql ] [ SQL ] SELECT * FROM `gr_user_group` WHERE  `id` IN (13) [ RunTime:0.000329s ]
[ sql ] [ SQL ] SELECT * FROM `gr_user_group` WHERE  `id` IN (11) [ RunTime:0.000278s ]
[ sql ] [ SQL ] SELECT * FROM `gr_user_group` WHERE  `id` IN (13) [ RunTime:0.000269s ]
[ sql ] [ SQL ] SELECT * FROM `gr_user_group` WHERE  `id` IN (13) [ RunTime:0.000307s ]
[ sql ] [ SQL ] SELECT * FROM `gr_user_group` WHERE  `id` IN (11) [ RunTime:0.000267s ]
[ sql ] [ SQL ] SELECT * FROM `gr_user_group` WHERE  `id` IN (11) [ RunTime:0.000242s ]
[ sql ] [ SQL ] SELECT * FROM `gr_user_group` WHERE  `id` IN (11) [ RunTime:0.000238s ]
[ sql ] [ SQL ] SELECT * FROM `gr_user_group` WHERE  `id` IN (10) [ RunTime:0.000249s ]
[ sql ] [ SQL ] SELECT * FROM `gr_user_group` WHERE  `id` IN (11) [ RunTime:0.000239s ]
[ sql ] [ SQL ] SELECT * FROM `gr_user_group` WHERE  `id` IN (11) [ RunTime:0.000241s ]
[ sql ] [ SQL ] SELECT * FROM `gr_user_group` WHERE  `id` IN (10) [ RunTime:0.000239s ]
[ sql ] [ SQL ] SELECT * FROM `gr_user_group` WHERE  `id` IN (10) [ RunTime:0.000292s ]
[ sql ] [ SQL ] SELECT * FROM `gr_user_group` WHERE  `id` IN (10) [ RunTime:0.000263s ]
[ sql ] [ SQL ] SELECT * FROM `gr_user_group` WHERE  `id` IN (10) [ RunTime:0.000253s ]
[ sql ] [ SQL ] SELECT * FROM `gr_user_group` WHERE  `id` IN (9) [ RunTime:0.000268s ]
[ sql ] [ SQL ] SELECT * FROM `gr_user_group` WHERE  `id` IN (9) [ RunTime:0.000245s ]
[ sql ] [ SQL ] SELECT * FROM `gr_user_group` WHERE  `id` IN (9) [ RunTime:0.000247s ]
[ sql ] [ SQL ] SELECT * FROM `gr_user_group` WHERE  `id` IN (11) [ RunTime:0.000243s ]
[ sql ] [ SQL ] SELECT * FROM `gr_user_group` WHERE  `id` IN (11) [ RunTime:0.000245s ]
[ sql ] [ SQL ] SELECT * FROM `gr_user_group` WHERE  `id` IN (9) [ RunTime:0.000239s ]
[ sql ] [ SQL ] SELECT * FROM `gr_user_group` WHERE  `id` IN (9) [ RunTime:0.000252s ]
[ sql ] [ SQL ] SELECT * FROM `gr_user_group` WHERE  `id` IN (10) [ RunTime:0.000256s ]
[ sql ] [ SQL ] SELECT * FROM `gr_user_group` WHERE  `id` IN (12) [ RunTime:0.000308s ]
[ sql ] [ SQL ] SELECT * FROM `gr_user_group` WHERE  `id` IN (12) [ RunTime:0.000261s ]
[ sql ] [ SQL ] SELECT * FROM `gr_user_group` WHERE  `id` IN (10) [ RunTime:0.000268s ]
[ sql ] [ SQL ] SELECT * FROM `gr_user_group` WHERE  `id` IN (10) [ RunTime:0.000252s ]
[ sql ] [ SQL ] SELECT * FROM `gr_user_group` WHERE  `id` IN (10) [ RunTime:0.000268s ]
[ sql ] [ SQL ] SELECT * FROM `gr_user_group` WHERE  `id` IN (10) [ RunTime:0.000262s ]
[ sql ] [ SQL ] SELECT * FROM `gr_user_group` WHERE  `id` IN (7) [ RunTime:0.000258s ]
[ sql ] [ SQL ] SELECT * FROM `gr_user_group` WHERE  `id` IN (7) [ RunTime:0.000254s ]
[ sql ] [ SQL ] SELECT * FROM `gr_user_group` WHERE  `id` IN (10) [ RunTime:0.000259s ]
[ sql ] [ SQL ] SELECT * FROM `gr_user_group` WHERE  `id` IN (8) [ RunTime:0.000296s ]
[ sql ] [ SQL ] SELECT * FROM `gr_user_group` WHERE  `id` IN (10) [ RunTime:0.000625s ]
[ sql ] [ SQL ] SELECT * FROM `gr_user_group` WHERE  `id` IN (7,8) [ RunTime:0.000329s ]
[ sql ] [ SQL ] SELECT * FROM `gr_user_group` WHERE  `id` IN (8) [ RunTime:0.000342s ]
[ sql ] [ SQL ] SELECT * FROM `gr_user_group` WHERE  `id` IN (8) [ RunTime:0.000296s ]
[ sql ] [ SQL ] SELECT * FROM `gr_user_group` WHERE  `id` IN (8) [ RunTime:0.000306s ]
[ sql ] [ SQL ] SELECT * FROM `gr_user_group` WHERE  `id` IN (8) [ RunTime:0.000296s ]
[ sql ] [ SQL ] SELECT * FROM `gr_user_group` WHERE  `id` IN (8) [ RunTime:0.000247s ]
[ sql ] [ SQL ] SELECT * FROM `gr_user_group` WHERE  `id` IN (8) [ RunTime:0.000291s ]
[ sql ] [ SQL ] SELECT * FROM `gr_user_group` WHERE  `id` IN (8) [ RunTime:0.000249s ]
[ sql ] [ SQL ] SELECT * FROM `gr_user_group` WHERE  `id` IN (8) [ RunTime:0.000257s ]
[ sql ] [ SQL ] SELECT * FROM `gr_user_group` WHERE  `id` IN (9) [ RunTime:0.000240s ]
[ sql ] [ SQL ] SELECT * FROM `gr_user_group` WHERE  `id` IN (7,8) [ RunTime:0.000280s ]
[ sql ] [ SQL ] SELECT * FROM `gr_user_group` WHERE  `id` IN (8) [ RunTime:0.000245s ]
[ sql ] [ SQL ] SELECT * FROM `gr_user_group` WHERE  `id` IN (7,9) [ RunTime:0.000274s ]
[ sql ] [ SQL ] SELECT * FROM `gr_user_group` WHERE  `id` IN (9) [ RunTime:0.000259s ]
[ sql ] [ SQL ] SELECT * FROM `gr_user_group` WHERE  `id` IN (7,8) [ RunTime:0.000269s ]
[ sql ] [ SQL ] SELECT * FROM `gr_user_group` WHERE  `id` IN (5) [ RunTime:0.000453s ]
[ sql ] [ SQL ] SELECT * FROM `gr_user_group` WHERE  `id` IN (13) [ RunTime:0.000245s ]
[ sql ] [ SQL ] SELECT * FROM `gr_user_group` WHERE  `id` IN (17) [ RunTime:0.000263s ]
[ sql ] [ SQL ] SELECT * FROM `gr_user_group` WHERE  `id` IN (14) [ RunTime:0.000286s ]
[ sql ] [ SQL ] SELECT * FROM `gr_user_group` WHERE  `id` IN (14) [ RunTime:0.000318s ]
[ sql ] [ SQL ] SELECT * FROM `gr_user_group` WHERE  `id` IN (14) [ RunTime:0.000294s ]
[ sql ] [ SQL ] SELECT * FROM `gr_user_group` WHERE  `id` IN (9) [ RunTime:0.000288s ]
[ sql ] [ SQL ] SELECT * FROM `gr_user_group` WHERE  `id` IN (9) [ RunTime:0.000295s ]
[ sql ] [ SQL ] SELECT * FROM `gr_user_group` WHERE  `id` IN (9) [ RunTime:0.000277s ]
[ sql ] [ SQL ] SELECT * FROM `gr_user_group` WHERE  `id` IN (8) [ RunTime:0.000265s ]
[ sql ] [ SQL ] SELECT * FROM `gr_user_group` WHERE  `id` IN (8) [ RunTime:0.000256s ]
[ sql ] [ SQL ] SELECT * FROM `gr_user_group` WHERE  `id` IN (9) [ RunTime:0.000258s ]
[ sql ] [ SQL ] SELECT * FROM `gr_user_group` WHERE  `id` IN (13) [ RunTime:0.000250s ]
[ sql ] [ SQL ] SELECT * FROM `gr_user_group` WHERE  `id` IN (13) [ RunTime:0.000257s ]
[ sql ] [ SQL ] SELECT * FROM `gr_user_group` WHERE  `id` IN (9) [ RunTime:0.000261s ]
[ sql ] [ SQL ] SELECT * FROM `gr_user_group` WHERE  `id` IN (9) [ RunTime:0.000325s ]
[ sql ] [ SQL ] SELECT * FROM `gr_user_group` WHERE  `id` IN (9) [ RunTime:0.000334s ]
[ sql ] [ SQL ] SELECT * FROM `gr_user_group` WHERE  `id` IN (5,8,9,13,17) [ RunTime:0.000332s ]
[ sql ] [ SQL ] SELECT * FROM `gr_user_group` WHERE  `id` IN (13) [ RunTime:0.000352s ]
[ sql ] [ SQL ] SELECT * FROM `gr_user_group` WHERE  `id` IN (9) [ RunTime:0.000298s ]
[ sql ] [ SQL ] SELECT * FROM `gr_user_group` WHERE  `id` IN (8) [ RunTime:0.000535s ]
[ sql ] [ SQL ] SELECT * FROM `gr_user_group` WHERE  `id` IN (7) [ RunTime:0.000241s ]
[ sql ] [ SQL ] SELECT * FROM `gr_user_group` WHERE  `id` IN (9) [ RunTime:0.000251s ]
[ sql ] [ SQL ] SELECT * FROM `gr_user_group` WHERE  `id` IN (8) [ RunTime:0.000273s ]
[ sql ] [ SQL ] SELECT * FROM `gr_user_group` WHERE  `id` IN (8) [ RunTime:0.000232s ]
[ sql ] [ SQL ] SELECT * FROM `gr_user_group` WHERE  `id` IN (8) [ RunTime:0.000242s ]
[ sql ] [ SQL ] SELECT * FROM `gr_user_group` WHERE  `id` IN (9) [ RunTime:0.000235s ]
[ sql ] [ SQL ] SELECT * FROM `gr_user_group` WHERE  `id` IN (9) [ RunTime:0.000226s ]
[ sql ] [ SQL ] SELECT * FROM `gr_user_group` WHERE  `id` IN (10) [ RunTime:0.000229s ]
[ sql ] [ SQL ] SELECT * FROM `gr_user_group` WHERE  `id` IN (10) [ RunTime:0.000227s ]
[ sql ] [ SQL ] SELECT * FROM `gr_user_group` WHERE  `id` IN (10) [ RunTime:0.000246s ]
[ sql ] [ SQL ] SELECT * FROM `gr_user_group` WHERE  `id` IN (10) [ RunTime:0.000232s ]
[ sql ] [ SQL ] SELECT * FROM `gr_user_group` WHERE  `id` IN (11) [ RunTime:0.000233s ]
[ sql ] [ SQL ] SELECT * FROM `gr_user_group` WHERE  `id` IN (10) [ RunTime:0.000236s ]
[ sql ] [ SQL ] SELECT * FROM `gr_user_group` WHERE  `id` IN (10) [ RunTime:0.000227s ]
[ sql ] [ SQL ] SELECT * FROM `gr_user_group` WHERE  `id` IN (10) [ RunTime:0.000262s ]
[ sql ] [ SQL ] SELECT * FROM `gr_user_group` WHERE  `id` IN (10) [ RunTime:0.000272s ]
[ sql ] [ SQL ] SELECT * FROM `gr_user_group` WHERE  `id` IN (11) [ RunTime:0.000276s ]
[ sql ] [ SQL ] SELECT * FROM `gr_user_group` WHERE  `id` IN (8) [ RunTime:0.000283s ]
[ sql ] [ SQL ] SELECT * FROM `gr_user_group` WHERE  `id` IN (7,8) [ RunTime:0.000289s ]
[ sql ] [ SQL ] SELECT * FROM `gr_user_group` WHERE  `id` IN (5,7,9,11,17) [ RunTime:0.000270s ]
[ sql ] [ SQL ] SELECT * FROM `gr_user_group` WHERE  `id` IN (11) [ RunTime:0.000234s ]
[ sql ] [ SQL ] SELECT * FROM `gr_user_group` WHERE  `id` IN (14) [ RunTime:0.000232s ]
[ sql ] [ SQL ] SELECT * FROM `gr_user_group` WHERE  `id` IN (5,14,8,9,13) [ RunTime:0.000286s ]
[ sql ] [ SQL ] SELECT * FROM `gr_user_group` WHERE  `id` IN (5,14,8,9,13,17) [ RunTime:0.000252s ]
[ sql ] [ SQL ] SELECT * FROM `gr_user_group` WHERE  `id` IN (14,16,8,10,13) [ RunTime:0.000251s ]
[ sql ] [ SQL ] SELECT * FROM `gr_user_group` WHERE  `id` IN (9,17) [ RunTime:0.000243s ]
[ sql ] [ SQL ] SELECT * FROM `gr_user_group` WHERE  `id` IN (9,17) [ RunTime:0.000258s ]
[ sql ] [ SQL ] SELECT * FROM `gr_user_group` WHERE  `id` IN (10) [ RunTime:0.000233s ]
[ sql ] [ SQL ] SELECT * FROM `gr_user_group` WHERE  `id` IN (9) [ RunTime:0.000308s ]
[ sql ] [ SQL ] SELECT * FROM `gr_user_group` WHERE  `id` IN (5,7,9,11,17) [ RunTime:0.000356s ]
[ sql ] [ SQL ] SELECT * FROM `gr_user_group` WHERE  `id` IN (11) [ RunTime:0.000325s ]
[ sql ] [ SQL ] SELECT * FROM `gr_user_group` WHERE  `id` IN (17) [ RunTime:0.000270s ]
[ sql ] [ SQL ] SELECT * FROM `gr_user_group` WHERE  `id` IN (11) [ RunTime:0.000239s ]
[ sql ] [ SQL ] SELECT * FROM `gr_user_group` WHERE  `id` IN (9) [ RunTime:0.000236s ]
[ sql ] [ SQL ] SELECT * FROM `gr_user_group` WHERE  `id` IN (13) [ RunTime:0.000232s ]
[ sql ] [ SQL ] SELECT * FROM `gr_user_group` WHERE  `id` IN (13) [ RunTime:0.000274s ]
[ sql ] [ SQL ] SELECT * FROM `gr_user_group` WHERE  `id` IN (8) [ RunTime:0.000232s ]
[ sql ] [ SQL ] SELECT * FROM `gr_user_group` WHERE  `id` IN (8) [ RunTime:0.000230s ]
[ sql ] [ SQL ] SELECT * FROM `gr_user_group` WHERE  `id` IN (9) [ RunTime:0.000234s ]
[ sql ] [ SQL ] SELECT * FROM `gr_user_group` WHERE  `id` IN (5) [ RunTime:0.000500s ]
[ sql ] [ SQL ] SELECT * FROM `gr_user_group` WHERE  `id` IN (5) [ RunTime:0.000236s ]
[ sql ] [ SQL ] SELECT * FROM `gr_user_group` WHERE  `id` IN (9) [ RunTime:0.000292s ]
[ sql ] [ SQL ] SELECT * FROM `gr_user_group` WHERE  `id` IN (11) [ RunTime:0.000246s ]
[ sql ] [ SQL ] SELECT * FROM `gr_user_group` WHERE  `id` IN (11) [ RunTime:0.000232s ]
[ sql ] [ SQL ] SELECT * FROM `gr_user_group` WHERE  `id` IN (13) [ RunTime:0.000278s ]
[ sql ] [ SQL ] SELECT * FROM `gr_user_group` WHERE  `id` IN (5,14) [ RunTime:0.000303s ]
[ sql ] [ SQL ] SELECT * FROM `gr_user_group` WHERE  `id` IN (7,9) [ RunTime:0.000335s ]
[ sql ] [ SQL ] SELECT * FROM `gr_user_group` WHERE  `id` IN (7,9) [ RunTime:0.000292s ]
[ sql ] [ SQL ] SELECT * FROM `gr_user_group` WHERE  `id` IN (11) [ RunTime:0.000288s ]
[ sql ] [ SQL ] SELECT * FROM `gr_user_group` WHERE  `id` IN (9) [ RunTime:0.000287s ]
[ sql ] [ SQL ] SELECT * FROM `gr_user_group` WHERE  `id` IN (5) [ RunTime:0.000265s ]
[ sql ] [ SQL ] SELECT * FROM `gr_user_group` WHERE  `id` IN (9) [ RunTime:0.000270s ]
[ sql ] [ SQL ] SELECT * FROM `gr_user_group` WHERE  `id` IN (17) [ RunTime:0.000241s ]
[ sql ] [ SQL ] SELECT * FROM `gr_user_group` WHERE  `id` IN (9) [ RunTime:0.000232s ]
[ sql ] [ SQL ] SELECT * FROM `gr_user_group` WHERE  `id` IN (17) [ RunTime:0.000261s ]
[ sql ] [ SQL ] SELECT * FROM `gr_user_group` WHERE  `id` IN (8) [ RunTime:0.000247s ]
[ sql ] [ SQL ] SELECT * FROM `gr_user_group` WHERE  `id` IN (11) [ RunTime:0.000240s ]
[ sql ] [ SQL ] SELECT * FROM `gr_user_group` WHERE  `id` IN (11) [ RunTime:0.000235s ]
[ sql ] [ SQL ] SELECT * FROM `gr_user_group` WHERE  `id` IN (11) [ RunTime:0.000232s ]
[ sql ] [ SQL ] SELECT * FROM `gr_user_group` WHERE  `id` IN (14) [ RunTime:0.000237s ]
[ sql ] [ SQL ] SELECT * FROM `gr_user_group` WHERE  `id` IN (8) [ RunTime:0.000228s ]
[ sql ] [ SQL ] SELECT * FROM `gr_user_group` WHERE  `id` IN (8) [ RunTime:0.000231s ]
[ sql ] [ SQL ] SELECT * FROM `gr_user_group` WHERE  `id` IN (8) [ RunTime:0.000238s ]
[ sql ] [ SQL ] SELECT * FROM `gr_user_group` WHERE  `id` IN (10) [ RunTime:0.000338s ]
[ sql ] [ SQL ] SELECT * FROM `gr_user_group` WHERE  `id` IN (10) [ RunTime:0.000328s ]
[ sql ] [ SQL ] SELECT * FROM `gr_user_group` WHERE  `id` IN (10) [ RunTime:0.000265s ]
[ sql ] [ SQL ] SELECT * FROM `gr_user_group` WHERE  `id` IN (13) [ RunTime:0.000264s ]
[ sql ] [ SQL ] SELECT * FROM `gr_user_group` WHERE  `id` IN (5,7,9,11,17) [ RunTime:0.000290s ]
[ sql ] [ SQL ] SELECT * FROM `gr_user_group` WHERE  `id` IN (10) [ RunTime:0.000241s ]
[ sql ] [ SQL ] SELECT * FROM `gr_user_group` WHERE  `id` IN (11) [ RunTime:0.000234s ]
[ sql ] [ SQL ] SELECT * FROM `gr_user_group` WHERE  `id` IN (10) [ RunTime:0.000251s ]
[ sql ] [ SQL ] SELECT * FROM `gr_user_group` WHERE  `id` IN (11) [ RunTime:0.000236s ]
[ sql ] [ SQL ] SELECT * FROM `gr_user_group` WHERE  `id` IN (13) [ RunTime:0.000229s ]
[ sql ] [ SQL ] SELECT * FROM `gr_user_group` WHERE  `id` IN (11) [ RunTime:0.000231s ]
[ sql ] [ SQL ] SELECT * FROM `gr_user_group` WHERE  `id` IN (11) [ RunTime:0.000228s ]
[ sql ] [ SQL ] SELECT * FROM `gr_user_group` WHERE  `id` IN (11) [ RunTime:0.000237s ]
[ sql ] [ SQL ] SELECT * FROM `gr_user_group` WHERE  `id` IN (14) [ RunTime:0.000260s ]
[ sql ] [ SQL ] SELECT * FROM `gr_user_group` WHERE  `id` IN (14) [ RunTime:0.000237s ]
[ sql ] [ SQL ] SELECT * FROM `gr_user_group` WHERE  `id` IN (10) [ RunTime:0.000306s ]
[ sql ] [ SQL ] SELECT * FROM `gr_user_group` WHERE  `id` IN (10) [ RunTime:0.000227s ]
[ sql ] [ SQL ] SELECT * FROM `gr_user_group` WHERE  `id` IN (13) [ RunTime:0.000232s ]
[ sql ] [ SQL ] SELECT * FROM `gr_user_group` WHERE  `id` IN (11) [ RunTime:0.000271s ]
[ sql ] [ SQL ] SELECT * FROM `gr_user_group` WHERE  `id` IN (8) [ RunTime:0.000280s ]
[ sql ] [ SQL ] SELECT * FROM `gr_user_group` WHERE  `id` IN (8) [ RunTime:0.000287s ]
[ sql ] [ SQL ] SELECT * FROM `gr_user_group` WHERE  `id` IN (11) [ RunTime:0.000280s ]
[ sql ] [ SQL ] SELECT * FROM `gr_user_group` WHERE  `id` IN (11) [ RunTime:0.000280s ]
[ sql ] [ SQL ] SELECT * FROM `gr_user_group` WHERE  `id` IN (10) [ RunTime:0.000283s ]
[ sql ] [ SQL ] SELECT * FROM `gr_user_group` WHERE  `id` IN (10) [ RunTime:0.000240s ]
[ sql ] [ SQL ] SELECT * FROM `gr_user_group` WHERE  `id` IN (10) [ RunTime:0.000239s ]
[ sql ] [ SQL ] SELECT * FROM `gr_user_group` WHERE  `id` IN (10) [ RunTime:0.000231s ]
---------------------------------------------------------------
[ 2022-04-13T11:23:09+08:00 ] 127.0.0.1 OPTIONS api.newkefu.com/admin/mouth_uphold_statistics/index
[运行时间：0.052403s] [吞吐率：19.08req/s] [内存消耗：2,387.88kb] [文件加载：153]
[ info ] [ LANG ] D:\phpstudy_pro\WWW\new_kefu_online\thinkphp\lang\zh-cn.php
[ info ] [ ROUTE ] array (
  'type' => 'module',
  'module' => 
  array (
    0 => 'admin',
    1 => 'mouth_uphold_statistics',
    2 => 'index',
  ),
)
[ info ] [ HEADER ] array (
  'cache-control' => 'no-cache',
  'pragma' => 'no-cache',
  'connection' => 'close',
  'origin' => 'http://www.newkefu.com',
  'referer' => 'http://www.newkefu.com/',
  'access-control-request-headers' => 'platform,token',
  'access-control-request-method' => 'POST',
  'accept-encoding' => 'gzip, deflate',
  'accept-language' => 'zh-CN,zh;q=0.8,zh-TW;q=0.7,zh-HK;q=0.5,en-US;q=0.3,en;q=0.2',
  'accept' => '*/*',
  'user-agent' => 'Mozilla/5.0 (Windows NT 10.0; Win64; x64; rv:98.0) Gecko/20100101 Firefox/98.0',
  'host' => 'api.newkefu.com',
)
[ info ] [ PARAM ] array (
  '/admin/mouth_uphold_statistics/index' => '',
)
[ info ] [ LOG ] INIT File
---------------------------------------------------------------
[ 2022-04-13T11:23:09+08:00 ] 127.0.0.1 POST api.newkefu.com/admin/mouth_uphold_statistics/index
[运行时间：0.114697s] [吞吐率：8.72req/s] [内存消耗：4,785.22kb] [文件加载：198]
[ info ] [ LANG ] D:\phpstudy_pro\WWW\new_kefu_online\thinkphp\lang\zh-cn.php
[ info ] [ ROUTE ] array (
  'type' => 'module',
  'module' => 
  array (
    0 => 'admin',
    1 => 'mouth_uphold_statistics',
    2 => 'index',
  ),
)
[ info ] [ HEADER ] array (
  'cache-control' => 'no-cache',
  'pragma' => 'no-cache',
  'referer' => 'http://www.newkefu.com/',
  'connection' => 'close',
  'origin' => 'http://www.newkefu.com',
  'content-length' => '15',
  'platform' => 'youyu',
  'token' => 'eyJ0eXAiOiJKV1QiLCJhbGciOiJIUzI1NiIsImp0aSI6ImxYWGluZyJ9.eyJpc3MiOiJhcGkubmV3a2VmdS5jb20iLCJqdGkiOiJsWFhpbmciLCJpYXQiOjE2NDg3MjE2MDcsImV4cCI6MTY1MTMxMzYwNywidWlkIjoxNDN9.aQjXL0DlGlNFcdWD3sPHOtuTBZ3GhBq_yesuQt2IiJk',
  'content-type' => 'application/x-www-form-urlencoded; charset=UTF-8',
  'accept-encoding' => 'gzip, deflate',
  'accept-language' => 'zh-CN,zh;q=0.8,zh-TW;q=0.7,zh-HK;q=0.5,en-US;q=0.3,en;q=0.2',
  'accept' => 'application/json, text/javascript, */*; q=0.01',
  'user-agent' => 'Mozilla/5.0 (Windows NT 10.0; Win64; x64; rv:98.0) Gecko/20100101 Firefox/98.0',
  'host' => 'api.newkefu.com',
)
[ info ] [ PARAM ] array (
  '/admin/mouth_uphold_statistics/index' => '',
  'page' => '1',
  'limit' => '20',
)
[ info ] [ DB ] INIT mysql
[ info ] [ CACHE ] INIT redis
[ info ] [ DB ] INIT mysql
[ info ] [ RUN ] app\admin\controller\MouthUpholdStatistics->index[ D:\phpstudy_pro\WWW\new_kefu_online\application\admin\controller\MouthUpholdStatistics.php ]
[ info ] [ DB ] INIT mysql
[ info ] [ LOG ] INIT File
[ sql ] [ DB ] CONNECT:[ UseTime:0.001173s ] mysql:host=127.0.0.1;port=3306;dbname=gr_chat;charset=utf8
[ sql ] [ SQL ] SHOW COLUMNS FROM `gr_menu_new` [ RunTime:0.001404s ]
[ sql ] [ SQL ] SELECT m.menu_id as id,`m`.`menu_name`,`m`.`p_id`,`m`.`controller`,`m`.`action`,`m`.`is_show`,`m`.`url`,`m`.`type` FROM `gr_menu_new` `m` ORDER BY `p_id` ASC,`sort` ASC,`id` ASC [ RunTime:0.000877s ]
[ sql ] [ SQL ] SHOW COLUMNS FROM `gr_admin_log_n` [ RunTime:0.001282s ]
[ sql ] [ SQL ] INSERT INTO `gr_admin_log_n` (`ip` , `admin_id` , `url` , `data` , `controller` , `action` , `add_time`) VALUES ('127.0.0.1' , 143 , '/admin/mouth_uphold_statistics/index' , '\"{\\\"\\\\\\/admin\\\\\\/mouth_uphold_statistics\\\\\\/index\\\":\\\"\\\",\\\"page\\\":\\\"1\\\",\\\"limit\\\":\\\"20\\\"}\"' , 'MouthUpholdStatistics' , 'index' , 1649820189) [ RunTime:0.003018s ]
---------------------------------------------------------------
[ 2022-04-13T11:23:11+08:00 ] 127.0.0.1 OPTIONS api.newkefu.com/admin/Ajax/getProductList
[运行时间：0.048863s] [吞吐率：20.47req/s] [内存消耗：2,418.70kb] [文件加载：153]
[ info ] [ LANG ] D:\phpstudy_pro\WWW\new_kefu_online\thinkphp\lang\zh-cn.php
[ info ] [ ROUTE ] array (
  'type' => 'module',
  'module' => 
  array (
    0 => 'admin',
    1 => 'Ajax',
    2 => 'getProductList',
  ),
)
[ info ] [ HEADER ] array (
  'cache-control' => 'no-cache',
  'pragma' => 'no-cache',
  'connection' => 'close',
  'origin' => 'http://www.newkefu.com',
  'referer' => 'http://www.newkefu.com/',
  'access-control-request-headers' => 'platform,token',
  'access-control-request-method' => 'POST',
  'accept-encoding' => 'gzip, deflate',
  'accept-language' => 'zh-CN,zh;q=0.8,zh-TW;q=0.7,zh-HK;q=0.5,en-US;q=0.3,en;q=0.2',
  'accept' => '*/*',
  'user-agent' => 'Mozilla/5.0 (Windows NT 10.0; Win64; x64; rv:98.0) Gecko/20100101 Firefox/98.0',
  'host' => 'api.newkefu.com',
)
[ info ] [ PARAM ] array (
  '/admin/Ajax/getProductList' => '',
)
[ info ] [ LOG ] INIT File
---------------------------------------------------------------
[ 2022-04-13T11:23:11+08:00 ] 127.0.0.1 OPTIONS api.newkefu.com/admin/Ajax/getUserListByPlatformId
[运行时间：0.052833s] [吞吐率：18.93req/s] [内存消耗：2,418.83kb] [文件加载：153]
[ info ] [ LANG ] D:\phpstudy_pro\WWW\new_kefu_online\thinkphp\lang\zh-cn.php
[ info ] [ ROUTE ] array (
  'type' => 'module',
  'module' => 
  array (
    0 => 'admin',
    1 => 'Ajax',
    2 => 'getUserListByPlatformId',
  ),
)
[ info ] [ HEADER ] array (
  'cache-control' => 'no-cache',
  'pragma' => 'no-cache',
  'connection' => 'close',
  'origin' => 'http://www.newkefu.com',
  'referer' => 'http://www.newkefu.com/',
  'access-control-request-headers' => 'platform,token',
  'access-control-request-method' => 'POST',
  'accept-encoding' => 'gzip, deflate',
  'accept-language' => 'zh-CN,zh;q=0.8,zh-TW;q=0.7,zh-HK;q=0.5,en-US;q=0.3,en;q=0.2',
  'accept' => '*/*',
  'user-agent' => 'Mozilla/5.0 (Windows NT 10.0; Win64; x64; rv:98.0) Gecko/20100101 Firefox/98.0',
  'host' => 'api.newkefu.com',
)
[ info ] [ PARAM ] array (
  '/admin/Ajax/getUserListByPlatformId' => '',
)
[ info ] [ LOG ] INIT File
---------------------------------------------------------------
[ 2022-04-13T11:23:11+08:00 ] 127.0.0.1 POST api.newkefu.com/admin/Ajax/getProductList
[运行时间：0.091498s] [吞吐率：10.93req/s] [内存消耗：4,951.55kb] [文件加载：196]
[ info ] [ LANG ] D:\phpstudy_pro\WWW\new_kefu_online\thinkphp\lang\zh-cn.php
[ info ] [ ROUTE ] array (
  'type' => 'module',
  'module' => 
  array (
    0 => 'admin',
    1 => 'Ajax',
    2 => 'getProductList',
  ),
)
[ info ] [ HEADER ] array (
  'cache-control' => 'no-cache',
  'pragma' => 'no-cache',
  'referer' => 'http://www.newkefu.com/',
  'connection' => 'close',
  'origin' => 'http://www.newkefu.com',
  'content-length' => '139',
  'platform' => 'youyu',
  'token' => 'eyJ0eXAiOiJKV1QiLCJhbGciOiJIUzI1NiIsImp0aSI6ImxYWGluZyJ9.eyJpc3MiOiJhcGkubmV3a2VmdS5jb20iLCJqdGkiOiJsWFhpbmciLCJpYXQiOjE2NDg3MjE2MDcsImV4cCI6MTY1MTMxMzYwNywidWlkIjoxNDN9.aQjXL0DlGlNFcdWD3sPHOtuTBZ3GhBq_yesuQt2IiJk',
  'content-type' => 'application/x-www-form-urlencoded; charset=UTF-8',
  'accept-encoding' => 'gzip, deflate',
  'accept-language' => 'zh-CN,zh;q=0.8,zh-TW;q=0.7,zh-HK;q=0.5,en-US;q=0.3,en;q=0.2',
  'accept' => 'application/json, text/javascript, */*; q=0.01',
  'user-agent' => 'Mozilla/5.0 (Windows NT 10.0; Win64; x64; rv:98.0) Gecko/20100101 Firefox/98.0',
  'host' => 'api.newkefu.com',
)
[ info ] [ PARAM ] array (
  '/admin/Ajax/getProductList' => '',
  'platform_id' => 
  array (
    0 => '1',
    1 => '2',
    2 => '3',
    3 => '4',
    4 => '5',
    5 => '6',
    6 => '7',
  ),
)
[ info ] [ DB ] INIT mysql
[ info ] [ CACHE ] INIT redis
[ info ] [ DB ] INIT mysql
[ info ] [ RUN ] app\admin\controller\Ajax->getProductList[ D:\phpstudy_pro\WWW\new_kefu_online\application\admin\controller\Ajax.php ]
[ info ] [ DB ] INIT mysql
[ info ] [ LOG ] INIT File
[ sql ] [ DB ] CONNECT:[ UseTime:0.001347s ] mysql:host=127.0.0.1;port=3306;dbname=gr_chat;charset=utf8
[ sql ] [ SQL ] SHOW COLUMNS FROM `gr_menu_new` [ RunTime:0.001102s ]
[ sql ] [ SQL ] SELECT m.menu_id as id,`m`.`menu_name`,`m`.`p_id`,`m`.`controller`,`m`.`action`,`m`.`is_show`,`m`.`url`,`m`.`type` FROM `gr_menu_new` `m` ORDER BY `p_id` ASC,`sort` ASC,`id` ASC [ RunTime:0.001062s ]
---------------------------------------------------------------
[ 2022-04-13T11:23:11+08:00 ] 127.0.0.1 POST api.newkefu.com/admin/Ajax/getUserListByPlatformId
[运行时间：0.093219s] [吞吐率：10.73req/s] [内存消耗：4,841.86kb] [文件加载：193]
[ info ] [ LANG ] D:\phpstudy_pro\WWW\new_kefu_online\thinkphp\lang\zh-cn.php
[ info ] [ ROUTE ] array (
  'type' => 'module',
  'module' => 
  array (
    0 => 'admin',
    1 => 'Ajax',
    2 => 'getUserListByPlatformId',
  ),
)
[ info ] [ HEADER ] array (
  'cache-control' => 'no-cache',
  'pragma' => 'no-cache',
  'referer' => 'http://www.newkefu.com/',
  'connection' => 'close',
  'origin' => 'http://www.newkefu.com',
  'content-length' => '139',
  'platform' => 'youyu',
  'token' => 'eyJ0eXAiOiJKV1QiLCJhbGciOiJIUzI1NiIsImp0aSI6ImxYWGluZyJ9.eyJpc3MiOiJhcGkubmV3a2VmdS5jb20iLCJqdGkiOiJsWFhpbmciLCJpYXQiOjE2NDg3MjE2MDcsImV4cCI6MTY1MTMxMzYwNywidWlkIjoxNDN9.aQjXL0DlGlNFcdWD3sPHOtuTBZ3GhBq_yesuQt2IiJk',
  'content-type' => 'application/x-www-form-urlencoded; charset=UTF-8',
  'accept-encoding' => 'gzip, deflate',
  'accept-language' => 'zh-CN,zh;q=0.8,zh-TW;q=0.7,zh-HK;q=0.5,en-US;q=0.3,en;q=0.2',
  'accept' => 'application/json, text/javascript, */*; q=0.01',
  'user-agent' => 'Mozilla/5.0 (Windows NT 10.0; Win64; x64; rv:98.0) Gecko/20100101 Firefox/98.0',
  'host' => 'api.newkefu.com',
)
[ info ] [ PARAM ] array (
  '/admin/Ajax/getUserListByPlatformId' => '',
  'platform_id' => 
  array (
    0 => '1',
    1 => '2',
    2 => '3',
    3 => '4',
    4 => '5',
    5 => '6',
    6 => '7',
  ),
)
[ info ] [ DB ] INIT mysql
[ info ] [ CACHE ] INIT redis
[ info ] [ DB ] INIT mysql
[ info ] [ RUN ] app\admin\controller\Ajax->getUserListByPlatformId[ D:\phpstudy_pro\WWW\new_kefu_online\application\admin\controller\Ajax.php ]
[ info ] [ LOG ] INIT File
[ sql ] [ DB ] CONNECT:[ UseTime:0.000986s ] mysql:host=127.0.0.1;port=3306;dbname=gr_chat;charset=utf8
[ sql ] [ SQL ] SHOW COLUMNS FROM `gr_menu_new` [ RunTime:0.000774s ]
[ sql ] [ SQL ] SELECT m.menu_id as id,`m`.`menu_name`,`m`.`p_id`,`m`.`controller`,`m`.`action`,`m`.`is_show`,`m`.`url`,`m`.`type` FROM `gr_menu_new` `m` ORDER BY `p_id` ASC,`sort` ASC,`id` ASC [ RunTime:0.000835s ]
---------------------------------------------------------------
[ 2022-04-13T11:23:33+08:00 ] 127.0.0.1 OPTIONS api.newkefu.com/admin/user/model
[运行时间：0.052876s] [吞吐率：18.91req/s] [内存消耗：2,405.37kb] [文件加载：153]
[ info ] [ LANG ] D:\phpstudy_pro\WWW\new_kefu_online\thinkphp\lang\zh-cn.php
[ info ] [ ROUTE ] array (
  'type' => 'module',
  'module' => 
  array (
    0 => 'admin',
    1 => 'user',
    2 => 'model',
  ),
)
[ info ] [ HEADER ] array (
  'cache-control' => 'no-cache',
  'pragma' => 'no-cache',
  'connection' => 'close',
  'origin' => 'http://www.newkefu.com',
  'referer' => 'http://www.newkefu.com/',
  'access-control-request-headers' => 'platform,token',
  'access-control-request-method' => 'POST',
  'accept-encoding' => 'gzip, deflate',
  'accept-language' => 'zh-CN,zh;q=0.8,zh-TW;q=0.7,zh-HK;q=0.5,en-US;q=0.3,en;q=0.2',
  'accept' => '*/*',
  'user-agent' => 'Mozilla/5.0 (Windows NT 10.0; Win64; x64; rv:98.0) Gecko/20100101 Firefox/98.0',
  'host' => 'api.newkefu.com',
)
[ info ] [ PARAM ] array (
  '/admin/user/model' => '',
)
[ info ] [ LOG ] INIT File
---------------------------------------------------------------
[ 2022-04-13T11:23:33+08:00 ] 127.0.0.1 POST api.newkefu.com/admin/user/model
[运行时间：0.084469s] [吞吐率：11.84req/s] [内存消耗：4,767.13kb] [文件加载：193]
[ info ] [ LANG ] D:\phpstudy_pro\WWW\new_kefu_online\thinkphp\lang\zh-cn.php
[ info ] [ ROUTE ] array (
  'type' => 'module',
  'module' => 
  array (
    0 => 'admin',
    1 => 'user',
    2 => 'model',
  ),
)
[ info ] [ HEADER ] array (
  'content-length' => '0',
  'cache-control' => 'no-cache',
  'pragma' => 'no-cache',
  'referer' => 'http://www.newkefu.com/',
  'connection' => 'close',
  'origin' => 'http://www.newkefu.com',
  'platform' => 'youyu',
  'token' => 'eyJ0eXAiOiJKV1QiLCJhbGciOiJIUzI1NiIsImp0aSI6ImxYWGluZyJ9.eyJpc3MiOiJhcGkubmV3a2VmdS5jb20iLCJqdGkiOiJsWFhpbmciLCJpYXQiOjE2NDg3MjE2MDcsImV4cCI6MTY1MTMxMzYwNywidWlkIjoxNDN9.aQjXL0DlGlNFcdWD3sPHOtuTBZ3GhBq_yesuQt2IiJk',
  'accept-encoding' => 'gzip, deflate',
  'accept-language' => 'zh-CN,zh;q=0.8,zh-TW;q=0.7,zh-HK;q=0.5,en-US;q=0.3,en;q=0.2',
  'accept' => 'application/json, text/javascript, */*; q=0.01',
  'user-agent' => 'Mozilla/5.0 (Windows NT 10.0; Win64; x64; rv:98.0) Gecko/20100101 Firefox/98.0',
  'host' => 'api.newkefu.com',
)
[ info ] [ PARAM ] array (
  '/admin/user/model' => '',
)
[ info ] [ DB ] INIT mysql
[ info ] [ CACHE ] INIT redis
[ info ] [ DB ] INIT mysql
[ info ] [ RUN ] app\admin\controller\User->model[ D:\phpstudy_pro\WWW\new_kefu_online\application\admin\controller\User.php ]
[ info ] [ LOG ] INIT File
[ sql ] [ DB ] CONNECT:[ UseTime:0.001136s ] mysql:host=127.0.0.1;port=3306;dbname=gr_chat;charset=utf8
[ sql ] [ SQL ] SHOW COLUMNS FROM `gr_menu_new` [ RunTime:0.000793s ]
[ sql ] [ SQL ] SELECT m.menu_id as id,`m`.`menu_name`,`m`.`p_id`,`m`.`controller`,`m`.`action`,`m`.`is_show`,`m`.`url`,`m`.`type` FROM `gr_menu_new` `m` ORDER BY `p_id` ASC,`sort` ASC,`id` ASC [ RunTime:0.001165s ]
---------------------------------------------------------------
[ 2022-04-13T11:23:33+08:00 ] 127.0.0.1 OPTIONS api.newkefu.com/admin/user/index
[运行时间：0.054946s] [吞吐率：18.20req/s] [内存消耗：2,405.37kb] [文件加载：153]
[ info ] [ LANG ] D:\phpstudy_pro\WWW\new_kefu_online\thinkphp\lang\zh-cn.php
[ info ] [ ROUTE ] array (
  'type' => 'module',
  'module' => 
  array (
    0 => 'admin',
    1 => 'user',
    2 => 'index',
  ),
)
[ info ] [ HEADER ] array (
  'cache-control' => 'no-cache',
  'pragma' => 'no-cache',
  'connection' => 'close',
  'origin' => 'http://www.newkefu.com',
  'referer' => 'http://www.newkefu.com/',
  'access-control-request-headers' => 'platform,token',
  'access-control-request-method' => 'POST',
  'accept-encoding' => 'gzip, deflate',
  'accept-language' => 'zh-CN,zh;q=0.8,zh-TW;q=0.7,zh-HK;q=0.5,en-US;q=0.3,en;q=0.2',
  'accept' => '*/*',
  'user-agent' => 'Mozilla/5.0 (Windows NT 10.0; Win64; x64; rv:98.0) Gecko/20100101 Firefox/98.0',
  'host' => 'api.newkefu.com',
)
[ info ] [ PARAM ] array (
  '/admin/user/index' => '',
)
[ info ] [ LOG ] INIT File
---------------------------------------------------------------
[ 2022-04-13T11:23:33+08:00 ] 127.0.0.1 POST api.newkefu.com/admin/user/index
[运行时间：0.101557s] [吞吐率：9.85req/s] [内存消耗：4,751.13kb] [文件加载：193]
[ info ] [ LANG ] D:\phpstudy_pro\WWW\new_kefu_online\thinkphp\lang\zh-cn.php
[ info ] [ ROUTE ] array (
  'type' => 'module',
  'module' => 
  array (
    0 => 'admin',
    1 => 'user',
    2 => 'index',
  ),
)
[ info ] [ HEADER ] array (
  'content-length' => '0',
  'cache-control' => 'no-cache',
  'pragma' => 'no-cache',
  'referer' => 'http://www.newkefu.com/',
  'connection' => 'close',
  'origin' => 'http://www.newkefu.com',
  'platform' => 'youyu',
  'token' => 'eyJ0eXAiOiJKV1QiLCJhbGciOiJIUzI1NiIsImp0aSI6ImxYWGluZyJ9.eyJpc3MiOiJhcGkubmV3a2VmdS5jb20iLCJqdGkiOiJsWFhpbmciLCJpYXQiOjE2NDg3MjE2MDcsImV4cCI6MTY1MTMxMzYwNywidWlkIjoxNDN9.aQjXL0DlGlNFcdWD3sPHOtuTBZ3GhBq_yesuQt2IiJk',
  'accept-encoding' => 'gzip, deflate',
  'accept-language' => 'zh-CN,zh;q=0.8,zh-TW;q=0.7,zh-HK;q=0.5,en-US;q=0.3,en;q=0.2',
  'accept' => 'application/json, text/javascript, */*; q=0.01',
  'user-agent' => 'Mozilla/5.0 (Windows NT 10.0; Win64; x64; rv:98.0) Gecko/20100101 Firefox/98.0',
  'host' => 'api.newkefu.com',
)
[ info ] [ PARAM ] array (
  '/admin/user/index' => '',
)
[ info ] [ DB ] INIT mysql
[ info ] [ CACHE ] INIT redis
[ info ] [ DB ] INIT mysql
[ info ] [ RUN ] app\admin\controller\User->index[ D:\phpstudy_pro\WWW\new_kefu_online\application\admin\controller\User.php ]
[ info ] [ LOG ] INIT File
[ sql ] [ DB ] CONNECT:[ UseTime:0.001279s ] mysql:host=127.0.0.1;port=3306;dbname=gr_chat;charset=utf8
[ sql ] [ SQL ] SHOW COLUMNS FROM `gr_menu_new` [ RunTime:0.001764s ]
[ sql ] [ SQL ] SELECT m.menu_id as id,`m`.`menu_name`,`m`.`p_id`,`m`.`controller`,`m`.`action`,`m`.`is_show`,`m`.`url`,`m`.`type` FROM `gr_menu_new` `m` ORDER BY `p_id` ASC,`sort` ASC,`id` ASC [ RunTime:0.001129s ]
