---------------------------------------------------------------
[ 2022-07-04T14:44:00+08:00 ] 127.0.0.1 GET api.newkefu.com/api/test/updateNbcqRoleid
[运行时间：0.139573s] [吞吐率：7.16req/s] [内存消耗：4,065.08kb] [文件加载：170]
[ info ] [ LANG ] D:\phpstudy_pro\WWW\new_kefu_online\thinkphp\lang\zh-cn.php
[ info ] [ ROUTE ] array (
  'type' => 'module',
  'module' => 
  array (
    0 => 'api',
    1 => 'test',
    2 => 'updateNbcqRoleid',
  ),
)
[ info ] [ HEADER ] array (
  'upgrade-insecure-requests' => '1',
  'connection' => 'close',
  'accept-encoding' => 'gzip, deflate',
  'accept-language' => 'zh-CN,zh;q=0.8,zh-TW;q=0.7,zh-HK;q=0.5,en-US;q=0.3,en;q=0.2',
  'accept' => 'text/html,application/xhtml+xml,application/xml;q=0.9,image/avif,image/webp,*/*;q=0.8',
  'user-agent' => 'Mozilla/5.0 (Windows NT 10.0; Win64; x64; rv:102.0) Gecko/20100101 Firefox/102.0',
  'host' => 'api.newkefu.com',
)
[ info ] [ PARAM ] array (
  '/api/test/updateNbcqRoleid' => '',
)
[ info ] [ CACHE ] INIT redis
[ info ] [ DB ] INIT mysql
[ info ] [ RUN ] app\api\controller\Test->updateNbcqRoleid[ D:\phpstudy_pro\WWW\new_kefu_online\application\api\controller\Test.php ]
[ info ] [ DB ] INIT mysql
[ info ] [ LOG ] INIT File
---------------------------------------------------------------
[ 2022-07-04T14:44:25+08:00 ] 127.0.0.1 GET api.newkefu.com/api/test/updateNbcqRoleid
[运行时间：0.064576s] [吞吐率：15.49req/s] [内存消耗：3,686.16kb] [文件加载：167]
[ info ] [ LANG ] D:\phpstudy_pro\WWW\new_kefu_online\thinkphp\lang\zh-cn.php
[ info ] [ ROUTE ] array (
  'type' => 'module',
  'module' => 
  array (
    0 => 'api',
    1 => 'test',
    2 => 'updateNbcqRoleid',
  ),
)
[ info ] [ HEADER ] array (
  'upgrade-insecure-requests' => '1',
  'connection' => 'close',
  'accept-encoding' => 'gzip, deflate',
  'accept-language' => 'zh-CN,zh;q=0.8,zh-TW;q=0.7,zh-HK;q=0.5,en-US;q=0.3,en;q=0.2',
  'accept' => 'text/html,application/xhtml+xml,application/xml;q=0.9,image/avif,image/webp,*/*;q=0.8',
  'user-agent' => 'Mozilla/5.0 (Windows NT 10.0; Win64; x64; rv:102.0) Gecko/20100101 Firefox/102.0',
  'host' => 'api.newkefu.com',
)
[ info ] [ PARAM ] array (
  '/api/test/updateNbcqRoleid' => '',
)
[ info ] [ CACHE ] INIT redis
[ info ] [ RUN ] app\api\controller\Test->updateNbcqRoleid[ D:\phpstudy_pro\WWW\new_kefu_online\application\api\controller\Test.php ]
[ info ] [ DB ] INIT mysql
[ info ] [ LOG ] INIT File
---------------------------------------------------------------
[ 2022-07-04T14:44:32+08:00 ] 127.0.0.1 GET api.newkefu.com/api/test/updateNbcqRoleid
[运行时间：0.080630s] [吞吐率：12.40req/s] [内存消耗：3,686.16kb] [文件加载：167]
[ info ] [ LANG ] D:\phpstudy_pro\WWW\new_kefu_online\thinkphp\lang\zh-cn.php
[ info ] [ ROUTE ] array (
  'type' => 'module',
  'module' => 
  array (
    0 => 'api',
    1 => 'test',
    2 => 'updateNbcqRoleid',
  ),
)
[ info ] [ HEADER ] array (
  'upgrade-insecure-requests' => '1',
  'connection' => 'close',
  'accept-encoding' => 'gzip, deflate',
  'accept-language' => 'zh-CN,zh;q=0.8,zh-TW;q=0.7,zh-HK;q=0.5,en-US;q=0.3,en;q=0.2',
  'accept' => 'text/html,application/xhtml+xml,application/xml;q=0.9,image/avif,image/webp,*/*;q=0.8',
  'user-agent' => 'Mozilla/5.0 (Windows NT 10.0; Win64; x64; rv:102.0) Gecko/20100101 Firefox/102.0',
  'host' => 'api.newkefu.com',
)
[ info ] [ PARAM ] array (
  '/api/test/updateNbcqRoleid' => '',
)
[ info ] [ CACHE ] INIT redis
[ info ] [ RUN ] app\api\controller\Test->updateNbcqRoleid[ D:\phpstudy_pro\WWW\new_kefu_online\application\api\controller\Test.php ]
[ info ] [ DB ] INIT mysql
[ info ] [ LOG ] INIT File
---------------------------------------------------------------
[ 2022-07-04T14:54:57+08:00 ] 127.0.0.1 GET api.newkefu.com/api/test/updateNbcqRoleid
[运行时间：4.098447s] [吞吐率：0.24req/s] [内存消耗：687,601.20kb] [文件加载：167]
[ info ] [ LANG ] D:\phpstudy_pro\WWW\new_kefu_online\thinkphp\lang\zh-cn.php
[ info ] [ ROUTE ] array (
  'type' => 'module',
  'module' => 
  array (
    0 => 'api',
    1 => 'test',
    2 => 'updateNbcqRoleid',
  ),
)
[ info ] [ HEADER ] array (
  'upgrade-insecure-requests' => '1',
  'connection' => 'close',
  'accept-encoding' => 'gzip, deflate',
  'accept-language' => 'zh-CN,zh;q=0.8,zh-TW;q=0.7,zh-HK;q=0.5,en-US;q=0.3,en;q=0.2',
  'accept' => 'text/html,application/xhtml+xml,application/xml;q=0.9,image/avif,image/webp,*/*;q=0.8',
  'user-agent' => 'Mozilla/5.0 (Windows NT 10.0; Win64; x64; rv:102.0) Gecko/20100101 Firefox/102.0',
  'host' => 'api.newkefu.com',
)
[ info ] [ PARAM ] array (
  '/api/test/updateNbcqRoleid' => '',
)
[ info ] [ CACHE ] INIT redis
[ info ] [ RUN ] app\api\controller\Test->updateNbcqRoleid[ D:\phpstudy_pro\WWW\new_kefu_online\application\api\controller\Test.php ]
[ info ] [ DB ] INIT mysql
[ info ] [ LOG ] INIT File
---------------------------------------------------------------
[ 2022-07-04T14:54:57+08:00 ] 127.0.0.1 GET api.newkefu.com/api/test/updateNbcqRoleid
[运行时间：0.050990s] [吞吐率：19.61req/s] [内存消耗：2,178.08kb] [文件加载：149]
[ info ] [ LANG ] D:\phpstudy_pro\WWW\new_kefu_online\thinkphp\lang\zh-cn.php
[ info ] [ ROUTE ] array (
  'type' => 'module',
  'module' => 
  array (
    0 => 'error',
    1 => '500',
    2 => NULL,
  ),
)
[ info ] [ HEADER ] array (
  'upgrade-insecure-requests' => '1',
  'connection' => 'close',
  'accept-encoding' => 'gzip, deflate',
  'accept-language' => 'zh-CN,zh;q=0.8,zh-TW;q=0.7,zh-HK;q=0.5,en-US;q=0.3,en;q=0.2',
  'accept' => 'text/html,application/xhtml+xml,application/xml;q=0.9,image/avif,image/webp,*/*;q=0.8',
  'user-agent' => 'Mozilla/5.0 (Windows NT 10.0; Win64; x64; rv:102.0) Gecko/20100101 Firefox/102.0',
  'host' => 'api.newkefu.com',
)
[ info ] [ PARAM ] array (
  '/error/500_html' => '',
)
[ info ] [ LOG ] INIT File
---------------------------------------------------------------
[ 2022-07-04T14:55:01+08:00 ] 127.0.0.1 GET api.newkefu.com/api/test/updateNbcqRoleid
[运行时间：0.084457s] [吞吐率：11.84req/s] [内存消耗：3,855.36kb] [文件加载：167]
[ info ] [ LANG ] D:\phpstudy_pro\WWW\new_kefu_online\thinkphp\lang\zh-cn.php
[ info ] [ ROUTE ] array (
  'type' => 'module',
  'module' => 
  array (
    0 => 'api',
    1 => 'test',
    2 => 'updateNbcqRoleid',
  ),
)
[ info ] [ HEADER ] array (
  'upgrade-insecure-requests' => '1',
  'connection' => 'close',
  'accept-encoding' => 'gzip, deflate',
  'accept-language' => 'zh-CN,zh;q=0.8,zh-TW;q=0.7,zh-HK;q=0.5,en-US;q=0.3,en;q=0.2',
  'accept' => 'text/html,application/xhtml+xml,application/xml;q=0.9,image/avif,image/webp,*/*;q=0.8',
  'user-agent' => 'Mozilla/5.0 (Windows NT 10.0; Win64; x64; rv:102.0) Gecko/20100101 Firefox/102.0',
  'host' => 'api.newkefu.com',
)
[ info ] [ PARAM ] array (
  '/api/test/updateNbcqRoleid' => '',
)
[ info ] [ CACHE ] INIT redis
[ info ] [ RUN ] app\api\controller\Test->updateNbcqRoleid[ D:\phpstudy_pro\WWW\new_kefu_online\application\api\controller\Test.php ]
[ info ] [ DB ] INIT mysql
[ info ] [ LOG ] INIT File
---------------------------------------------------------------
[ 2022-07-04T14:55:15+08:00 ] 127.0.0.1 GET api.newkefu.com/api/test/updateNbcqRoleid
[运行时间：0.064041s] [吞吐率：15.61req/s] [内存消耗：3,687.59kb] [文件加载：167]
[ info ] [ LANG ] D:\phpstudy_pro\WWW\new_kefu_online\thinkphp\lang\zh-cn.php
[ info ] [ ROUTE ] array (
  'type' => 'module',
  'module' => 
  array (
    0 => 'api',
    1 => 'test',
    2 => 'updateNbcqRoleid',
  ),
)
[ info ] [ HEADER ] array (
  'upgrade-insecure-requests' => '1',
  'connection' => 'close',
  'accept-encoding' => 'gzip, deflate',
  'accept-language' => 'zh-CN,zh;q=0.8,zh-TW;q=0.7,zh-HK;q=0.5,en-US;q=0.3,en;q=0.2',
  'accept' => 'text/html,application/xhtml+xml,application/xml;q=0.9,image/avif,image/webp,*/*;q=0.8',
  'user-agent' => 'Mozilla/5.0 (Windows NT 10.0; Win64; x64; rv:102.0) Gecko/20100101 Firefox/102.0',
  'host' => 'api.newkefu.com',
)
[ info ] [ PARAM ] array (
  '/api/test/updateNbcqRoleid' => '',
)
[ info ] [ CACHE ] INIT redis
[ info ] [ RUN ] app\api\controller\Test->updateNbcqRoleid[ D:\phpstudy_pro\WWW\new_kefu_online\application\api\controller\Test.php ]
[ info ] [ DB ] INIT mysql
[ info ] [ LOG ] INIT File
---------------------------------------------------------------
[ 2022-07-04T14:55:26+08:00 ] 127.0.0.1 GET api.newkefu.com/api/test/updateNbcqRoleid
[运行时间：0.067999s] [吞吐率：14.71req/s] [内存消耗：3,780.31kb] [文件加载：169]
[ info ] [ LANG ] D:\phpstudy_pro\WWW\new_kefu_online\thinkphp\lang\zh-cn.php
[ info ] [ ROUTE ] array (
  'type' => 'module',
  'module' => 
  array (
    0 => 'api',
    1 => 'test',
    2 => 'updateNbcqRoleid',
  ),
)
[ info ] [ HEADER ] array (
  'upgrade-insecure-requests' => '1',
  'connection' => 'close',
  'accept-encoding' => 'gzip, deflate',
  'accept-language' => 'zh-CN,zh;q=0.8,zh-TW;q=0.7,zh-HK;q=0.5,en-US;q=0.3,en;q=0.2',
  'accept' => 'text/html,application/xhtml+xml,application/xml;q=0.9,image/avif,image/webp,*/*;q=0.8',
  'user-agent' => 'Mozilla/5.0 (Windows NT 10.0; Win64; x64; rv:102.0) Gecko/20100101 Firefox/102.0',
  'host' => 'api.newkefu.com',
)
[ info ] [ PARAM ] array (
  '/api/test/updateNbcqRoleid' => '',
)
[ info ] [ CACHE ] INIT redis
[ info ] [ RUN ] app\api\controller\Test->updateNbcqRoleid[ D:\phpstudy_pro\WWW\new_kefu_online\application\api\controller\Test.php ]
[ info ] [ DB ] INIT mysql
[ info ] [ LOG ] INIT File
---------------------------------------------------------------
[ 2022-07-04T14:56:15+08:00 ] 127.0.0.1 GET api.newkefu.com/api/test/updateNbcqRoleid
[运行时间：0.065034s] [吞吐率：15.38req/s] [内存消耗：3,822.34kb] [文件加载：167]
[ info ] [ LANG ] D:\phpstudy_pro\WWW\new_kefu_online\thinkphp\lang\zh-cn.php
[ info ] [ ROUTE ] array (
  'type' => 'module',
  'module' => 
  array (
    0 => 'api',
    1 => 'test',
    2 => 'updateNbcqRoleid',
  ),
)
[ info ] [ HEADER ] array (
  'upgrade-insecure-requests' => '1',
  'connection' => 'close',
  'accept-encoding' => 'gzip, deflate',
  'accept-language' => 'zh-CN,zh;q=0.8,zh-TW;q=0.7,zh-HK;q=0.5,en-US;q=0.3,en;q=0.2',
  'accept' => 'text/html,application/xhtml+xml,application/xml;q=0.9,image/avif,image/webp,*/*;q=0.8',
  'user-agent' => 'Mozilla/5.0 (Windows NT 10.0; Win64; x64; rv:102.0) Gecko/20100101 Firefox/102.0',
  'host' => 'api.newkefu.com',
)
[ info ] [ PARAM ] array (
  '/api/test/updateNbcqRoleid' => '',
)
[ info ] [ CACHE ] INIT redis
[ info ] [ RUN ] app\api\controller\Test->updateNbcqRoleid[ D:\phpstudy_pro\WWW\new_kefu_online\application\api\controller\Test.php ]
[ info ] [ DB ] INIT mysql
[ info ] [ LOG ] INIT File
---------------------------------------------------------------
[ 2022-07-04T14:57:07+08:00 ] 127.0.0.1 GET api.newkefu.com/api/test/updateNbcqRoleid
[运行时间：0.060747s] [吞吐率：16.46req/s] [内存消耗：2,175.80kb] [文件加载：149]
[ info ] [ LANG ] D:\phpstudy_pro\WWW\new_kefu_online\thinkphp\lang\zh-cn.php
[ info ] [ ROUTE ] array (
  'type' => 'module',
  'module' => 
  array (
    0 => 'api',
    1 => 'test',
    2 => 'updateNbcqRoleid',
  ),
)
[ info ] [ HEADER ] array (
  'upgrade-insecure-requests' => '1',
  'connection' => 'close',
  'accept-encoding' => 'gzip, deflate',
  'accept-language' => 'zh-CN,zh;q=0.8,zh-TW;q=0.7,zh-HK;q=0.5,en-US;q=0.3,en;q=0.2',
  'accept' => 'text/html,application/xhtml+xml,application/xml;q=0.9,image/avif,image/webp,*/*;q=0.8',
  'user-agent' => 'Mozilla/5.0 (Windows NT 10.0; Win64; x64; rv:102.0) Gecko/20100101 Firefox/102.0',
  'host' => 'api.newkefu.com',
)
[ info ] [ PARAM ] array (
  '/api/test/updateNbcqRoleid' => '',
)
[ info ] [ LOG ] INIT File
[ error ] [0]语法解析错误: syntax error, unexpected ';', expecting ')'[D:\phpstudy_pro\WWW\new_kefu_online\application\api\controller\Test.php:103]
---------------------------------------------------------------
[ 2022-07-04T14:57:12+08:00 ] 127.0.0.1 GET api.newkefu.com/api/test/updateNbcqRoleid
[运行时间：0.065016s] [吞吐率：15.38req/s] [内存消耗：3,687.84kb] [文件加载：167]
[ info ] [ LANG ] D:\phpstudy_pro\WWW\new_kefu_online\thinkphp\lang\zh-cn.php
[ info ] [ ROUTE ] array (
  'type' => 'module',
  'module' => 
  array (
    0 => 'api',
    1 => 'test',
    2 => 'updateNbcqRoleid',
  ),
)
[ info ] [ HEADER ] array (
  'upgrade-insecure-requests' => '1',
  'connection' => 'close',
  'accept-encoding' => 'gzip, deflate',
  'accept-language' => 'zh-CN,zh;q=0.8,zh-TW;q=0.7,zh-HK;q=0.5,en-US;q=0.3,en;q=0.2',
  'accept' => 'text/html,application/xhtml+xml,application/xml;q=0.9,image/avif,image/webp,*/*;q=0.8',
  'user-agent' => 'Mozilla/5.0 (Windows NT 10.0; Win64; x64; rv:102.0) Gecko/20100101 Firefox/102.0',
  'host' => 'api.newkefu.com',
)
[ info ] [ PARAM ] array (
  '/api/test/updateNbcqRoleid' => '',
)
[ info ] [ CACHE ] INIT redis
[ info ] [ RUN ] app\api\controller\Test->updateNbcqRoleid[ D:\phpstudy_pro\WWW\new_kefu_online\application\api\controller\Test.php ]
[ info ] [ DB ] INIT mysql
[ info ] [ LOG ] INIT File
---------------------------------------------------------------
[ 2022-07-04T14:58:45+08:00 ] 127.0.0.1 GET api.newkefu.com/api/test/updateNbcqRoleid
[运行时间：0.063514s] [吞吐率：15.74req/s] [内存消耗：3,687.84kb] [文件加载：167]
[ info ] [ LANG ] D:\phpstudy_pro\WWW\new_kefu_online\thinkphp\lang\zh-cn.php
[ info ] [ ROUTE ] array (
  'type' => 'module',
  'module' => 
  array (
    0 => 'api',
    1 => 'test',
    2 => 'updateNbcqRoleid',
  ),
)
[ info ] [ HEADER ] array (
  'upgrade-insecure-requests' => '1',
  'connection' => 'close',
  'accept-encoding' => 'gzip, deflate',
  'accept-language' => 'zh-CN,zh;q=0.8,zh-TW;q=0.7,zh-HK;q=0.5,en-US;q=0.3,en;q=0.2',
  'accept' => 'text/html,application/xhtml+xml,application/xml;q=0.9,image/avif,image/webp,*/*;q=0.8',
  'user-agent' => 'Mozilla/5.0 (Windows NT 10.0; Win64; x64; rv:102.0) Gecko/20100101 Firefox/102.0',
  'host' => 'api.newkefu.com',
)
[ info ] [ PARAM ] array (
  '/api/test/updateNbcqRoleid' => '',
)
[ info ] [ CACHE ] INIT redis
[ info ] [ RUN ] app\api\controller\Test->updateNbcqRoleid[ D:\phpstudy_pro\WWW\new_kefu_online\application\api\controller\Test.php ]
[ info ] [ DB ] INIT mysql
[ info ] [ LOG ] INIT File
---------------------------------------------------------------
[ 2022-07-04T14:59:24+08:00 ] 127.0.0.1 GET api.newkefu.com/api/test/updateNbcqRoleid
[运行时间：0.082518s] [吞吐率：12.12req/s] [内存消耗：3,687.84kb] [文件加载：167]
[ info ] [ LANG ] D:\phpstudy_pro\WWW\new_kefu_online\thinkphp\lang\zh-cn.php
[ info ] [ ROUTE ] array (
  'type' => 'module',
  'module' => 
  array (
    0 => 'api',
    1 => 'test',
    2 => 'updateNbcqRoleid',
  ),
)
[ info ] [ HEADER ] array (
  'upgrade-insecure-requests' => '1',
  'connection' => 'close',
  'accept-encoding' => 'gzip, deflate',
  'accept-language' => 'zh-CN,zh;q=0.8,zh-TW;q=0.7,zh-HK;q=0.5,en-US;q=0.3,en;q=0.2',
  'accept' => 'text/html,application/xhtml+xml,application/xml;q=0.9,image/avif,image/webp,*/*;q=0.8',
  'user-agent' => 'Mozilla/5.0 (Windows NT 10.0; Win64; x64; rv:102.0) Gecko/20100101 Firefox/102.0',
  'host' => 'api.newkefu.com',
)
[ info ] [ PARAM ] array (
  '/api/test/updateNbcqRoleid' => '',
)
[ info ] [ CACHE ] INIT redis
[ info ] [ RUN ] app\api\controller\Test->updateNbcqRoleid[ D:\phpstudy_pro\WWW\new_kefu_online\application\api\controller\Test.php ]
[ info ] [ DB ] INIT mysql
[ info ] [ LOG ] INIT File
---------------------------------------------------------------
[ 2022-07-04T14:59:42+08:00 ] 127.0.0.1 GET api.newkefu.com/api/test/updateNbcqRoleid
[运行时间：0.068124s] [吞吐率：14.68req/s] [内存消耗：3,822.59kb] [文件加载：167]
[ info ] [ LANG ] D:\phpstudy_pro\WWW\new_kefu_online\thinkphp\lang\zh-cn.php
[ info ] [ ROUTE ] array (
  'type' => 'module',
  'module' => 
  array (
    0 => 'api',
    1 => 'test',
    2 => 'updateNbcqRoleid',
  ),
)
[ info ] [ HEADER ] array (
  'upgrade-insecure-requests' => '1',
  'connection' => 'close',
  'accept-encoding' => 'gzip, deflate',
  'accept-language' => 'zh-CN,zh;q=0.8,zh-TW;q=0.7,zh-HK;q=0.5,en-US;q=0.3,en;q=0.2',
  'accept' => 'text/html,application/xhtml+xml,application/xml;q=0.9,image/avif,image/webp,*/*;q=0.8',
  'user-agent' => 'Mozilla/5.0 (Windows NT 10.0; Win64; x64; rv:102.0) Gecko/20100101 Firefox/102.0',
  'host' => 'api.newkefu.com',
)
[ info ] [ PARAM ] array (
  '/api/test/updateNbcqRoleid' => '',
)
[ info ] [ CACHE ] INIT redis
[ info ] [ RUN ] app\api\controller\Test->updateNbcqRoleid[ D:\phpstudy_pro\WWW\new_kefu_online\application\api\controller\Test.php ]
[ info ] [ DB ] INIT mysql
[ info ] [ LOG ] INIT File
---------------------------------------------------------------
[ 2022-07-04T15:01:44+08:00 ] 127.0.0.1 GET api.newkefu.com/api/test/updateNbcqRoleid
[运行时间：0.073121s] [吞吐率：13.68req/s] [内存消耗：3,595.91kb] [文件加载：167]
[ info ] [ LANG ] D:\phpstudy_pro\WWW\new_kefu_online\thinkphp\lang\zh-cn.php
[ info ] [ ROUTE ] array (
  'type' => 'module',
  'module' => 
  array (
    0 => 'api',
    1 => 'test',
    2 => 'updateNbcqRoleid',
  ),
)
[ info ] [ HEADER ] array (
  'upgrade-insecure-requests' => '1',
  'connection' => 'close',
  'accept-encoding' => 'gzip, deflate',
  'accept-language' => 'zh-CN,zh;q=0.8,zh-TW;q=0.7,zh-HK;q=0.5,en-US;q=0.3,en;q=0.2',
  'accept' => 'text/html,application/xhtml+xml,application/xml;q=0.9,image/avif,image/webp,*/*;q=0.8',
  'user-agent' => 'Mozilla/5.0 (Windows NT 10.0; Win64; x64; rv:102.0) Gecko/20100101 Firefox/102.0',
  'host' => 'api.newkefu.com',
)
[ info ] [ PARAM ] array (
  '/api/test/updateNbcqRoleid' => '',
)
[ info ] [ CACHE ] INIT redis
[ info ] [ RUN ] app\api\controller\Test->updateNbcqRoleid[ D:\phpstudy_pro\WWW\new_kefu_online\application\api\controller\Test.php ]
[ info ] [ DB ] INIT mysql
[ info ] [ LOG ] INIT File
---------------------------------------------------------------
[ 2022-07-04T15:11:53+08:00 ] 127.0.0.1 GET api.newkefu.com/api/test/updateNbcqRoleid
[运行时间：347.943214s] [吞吐率：0.00req/s] [内存消耗：3,831.55kb] [文件加载：174]
[ info ] [ LANG ] D:\phpstudy_pro\WWW\new_kefu_online\thinkphp\lang\zh-cn.php
[ info ] [ ROUTE ] array (
  'type' => 'module',
  'module' => 
  array (
    0 => 'api',
    1 => 'test',
    2 => 'updateNbcqRoleid',
  ),
)
[ info ] [ HEADER ] array (
  'upgrade-insecure-requests' => '1',
  'connection' => 'close',
  'accept-encoding' => 'gzip, deflate',
  'accept-language' => 'zh-CN,zh;q=0.8,zh-TW;q=0.7,zh-HK;q=0.5,en-US;q=0.3,en;q=0.2',
  'accept' => 'text/html,application/xhtml+xml,application/xml;q=0.9,image/avif,image/webp,*/*;q=0.8',
  'user-agent' => 'Mozilla/5.0 (Windows NT 10.0; Win64; x64; rv:102.0) Gecko/20100101 Firefox/102.0',
  'host' => 'api.newkefu.com',
)
[ info ] [ PARAM ] array (
  '/api/test/updateNbcqRoleid' => '',
)
[ info ] [ CACHE ] INIT redis
[ info ] [ RUN ] app\api\controller\Test->updateNbcqRoleid[ D:\phpstudy_pro\WWW\new_kefu_online\application\api\controller\Test.php ]
[ info ] [ DB ] INIT mysql
[ info ] [ LOG ] INIT File
[ error ] [10501]SQLSTATE[23000]: Integrity constraint violation: 1062 Duplicate entry '20621515-256961720633522176' for key 'uid'[D:\phpstudy_pro\WWW\new_kefu_online\thinkphp\library\think\db\Connection.php:453]
---------------------------------------------------------------
[ 2022-07-04T15:15:40+08:00 ] 127.0.0.1 GET api.newkefu.com/api/test/updateNbcqRoleid
[运行时间：1.335350s] [吞吐率：0.75req/s] [内存消耗：203,979.13kb] [文件加载：177]
[ info ] [ LANG ] D:\phpstudy_pro\WWW\new_kefu_online\thinkphp\lang\zh-cn.php
[ info ] [ ROUTE ] array (
  'type' => 'module',
  'module' => 
  array (
    0 => 'api',
    1 => 'test',
    2 => 'updateNbcqRoleid',
  ),
)
[ info ] [ HEADER ] array (
  'upgrade-insecure-requests' => '1',
  'connection' => 'close',
  'accept-encoding' => 'gzip, deflate',
  'accept-language' => 'zh-CN,zh;q=0.8,zh-TW;q=0.7,zh-HK;q=0.5,en-US;q=0.3,en;q=0.2',
  'accept' => 'text/html,application/xhtml+xml,application/xml;q=0.9,image/avif,image/webp,*/*;q=0.8',
  'user-agent' => 'Mozilla/5.0 (Windows NT 10.0; Win64; x64; rv:102.0) Gecko/20100101 Firefox/102.0',
  'host' => 'api.newkefu.com',
)
[ info ] [ PARAM ] array (
  '/api/test/updateNbcqRoleid' => '',
)
[ info ] [ CACHE ] INIT redis
[ info ] [ DB ] INIT mysql
[ info ] [ RUN ] app\api\controller\Test->updateNbcqRoleid[ D:\phpstudy_pro\WWW\new_kefu_online\application\api\controller\Test.php ]
[ info ] [ DB ] INIT mysql
[ info ] [ LOG ] INIT File
[ error ] [10501]SQLSTATE[42000]: Syntax error or access violation: 1064 You have an error in your SQL syntax; check the manual that corresponds to your MySQL server version for the right syntax to use near 'reg_gid=200124 and reg_time>=UNIX_TIMESTAMP('2022-7-4')' at line 1[D:\phpstudy_pro\WWW\new_kefu_online\thinkphp\library\think\db\Connection.php:385]
---------------------------------------------------------------
[ 2022-07-04T15:16:19+08:00 ] 127.0.0.1 GET api.newkefu.com/api/test/updateNbcqRoleid
[运行时间：1.233919s] [吞吐率：0.81req/s] [内存消耗：487,691.92kb] [文件加载：167]
[ info ] [ LANG ] D:\phpstudy_pro\WWW\new_kefu_online\thinkphp\lang\zh-cn.php
[ info ] [ ROUTE ] array (
  'type' => 'module',
  'module' => 
  array (
    0 => 'api',
    1 => 'test',
    2 => 'updateNbcqRoleid',
  ),
)
[ info ] [ HEADER ] array (
  'upgrade-insecure-requests' => '1',
  'connection' => 'close',
  'accept-encoding' => 'gzip, deflate',
  'accept-language' => 'zh-CN,zh;q=0.8,zh-TW;q=0.7,zh-HK;q=0.5,en-US;q=0.3,en;q=0.2',
  'accept' => 'text/html,application/xhtml+xml,application/xml;q=0.9,image/avif,image/webp,*/*;q=0.8',
  'user-agent' => 'Mozilla/5.0 (Windows NT 10.0; Win64; x64; rv:102.0) Gecko/20100101 Firefox/102.0',
  'host' => 'api.newkefu.com',
)
[ info ] [ PARAM ] array (
  '/api/test/updateNbcqRoleid' => '',
)
[ info ] [ CACHE ] INIT redis
[ info ] [ RUN ] app\api\controller\Test->updateNbcqRoleid[ D:\phpstudy_pro\WWW\new_kefu_online\application\api\controller\Test.php ]
[ info ] [ DB ] INIT mysql
[ info ] [ LOG ] INIT File
---------------------------------------------------------------
[ 2022-07-04T15:17:10+08:00 ] 127.0.0.1 GET api.newkefu.com/api/test/updateNbcqRoleid
[运行时间：1.213429s] [吞吐率：0.82req/s] [内存消耗：487,691.92kb] [文件加载：167]
[ info ] [ LANG ] D:\phpstudy_pro\WWW\new_kefu_online\thinkphp\lang\zh-cn.php
[ info ] [ ROUTE ] array (
  'type' => 'module',
  'module' => 
  array (
    0 => 'api',
    1 => 'test',
    2 => 'updateNbcqRoleid',
  ),
)
[ info ] [ HEADER ] array (
  'upgrade-insecure-requests' => '1',
  'connection' => 'close',
  'accept-encoding' => 'gzip, deflate',
  'accept-language' => 'zh-CN,zh;q=0.8,zh-TW;q=0.7,zh-HK;q=0.5,en-US;q=0.3,en;q=0.2',
  'accept' => 'text/html,application/xhtml+xml,application/xml;q=0.9,image/avif,image/webp,*/*;q=0.8',
  'user-agent' => 'Mozilla/5.0 (Windows NT 10.0; Win64; x64; rv:102.0) Gecko/20100101 Firefox/102.0',
  'host' => 'api.newkefu.com',
)
[ info ] [ PARAM ] array (
  '/api/test/updateNbcqRoleid' => '',
)
[ info ] [ CACHE ] INIT redis
[ info ] [ RUN ] app\api\controller\Test->updateNbcqRoleid[ D:\phpstudy_pro\WWW\new_kefu_online\application\api\controller\Test.php ]
[ info ] [ DB ] INIT mysql
[ info ] [ LOG ] INIT File
---------------------------------------------------------------
[ 2022-07-04T15:17:26+08:00 ] 127.0.0.1 GET api.newkefu.com/api/test/updateNbcqRoleid
[运行时间：1.205988s] [吞吐率：0.83req/s] [内存消耗：487,691.42kb] [文件加载：167]
[ info ] [ LANG ] D:\phpstudy_pro\WWW\new_kefu_online\thinkphp\lang\zh-cn.php
[ info ] [ ROUTE ] array (
  'type' => 'module',
  'module' => 
  array (
    0 => 'api',
    1 => 'test',
    2 => 'updateNbcqRoleid',
  ),
)
[ info ] [ HEADER ] array (
  'upgrade-insecure-requests' => '1',
  'connection' => 'close',
  'accept-encoding' => 'gzip, deflate',
  'accept-language' => 'zh-CN,zh;q=0.8,zh-TW;q=0.7,zh-HK;q=0.5,en-US;q=0.3,en;q=0.2',
  'accept' => 'text/html,application/xhtml+xml,application/xml;q=0.9,image/avif,image/webp,*/*;q=0.8',
  'user-agent' => 'Mozilla/5.0 (Windows NT 10.0; Win64; x64; rv:102.0) Gecko/20100101 Firefox/102.0',
  'host' => 'api.newkefu.com',
)
[ info ] [ PARAM ] array (
  '/api/test/updateNbcqRoleid' => '',
)
[ info ] [ CACHE ] INIT redis
[ info ] [ RUN ] app\api\controller\Test->updateNbcqRoleid[ D:\phpstudy_pro\WWW\new_kefu_online\application\api\controller\Test.php ]
[ info ] [ DB ] INIT mysql
[ info ] [ LOG ] INIT File
---------------------------------------------------------------
[ 2022-07-04T15:17:32+08:00 ] 127.0.0.1 GET api.newkefu.com/api/test/updateNbcqRoleid
[运行时间：1.220100s] [吞吐率：0.82req/s] [内存消耗：487,691.92kb] [文件加载：167]
[ info ] [ LANG ] D:\phpstudy_pro\WWW\new_kefu_online\thinkphp\lang\zh-cn.php
[ info ] [ ROUTE ] array (
  'type' => 'module',
  'module' => 
  array (
    0 => 'api',
    1 => 'test',
    2 => 'updateNbcqRoleid',
  ),
)
[ info ] [ HEADER ] array (
  'upgrade-insecure-requests' => '1',
  'connection' => 'close',
  'accept-encoding' => 'gzip, deflate',
  'accept-language' => 'zh-CN,zh;q=0.8,zh-TW;q=0.7,zh-HK;q=0.5,en-US;q=0.3,en;q=0.2',
  'accept' => 'text/html,application/xhtml+xml,application/xml;q=0.9,image/avif,image/webp,*/*;q=0.8',
  'user-agent' => 'Mozilla/5.0 (Windows NT 10.0; Win64; x64; rv:102.0) Gecko/20100101 Firefox/102.0',
  'host' => 'api.newkefu.com',
)
[ info ] [ PARAM ] array (
  '/api/test/updateNbcqRoleid' => '',
)
[ info ] [ CACHE ] INIT redis
[ info ] [ RUN ] app\api\controller\Test->updateNbcqRoleid[ D:\phpstudy_pro\WWW\new_kefu_online\application\api\controller\Test.php ]
[ info ] [ DB ] INIT mysql
[ info ] [ LOG ] INIT File
---------------------------------------------------------------
[ 2022-07-04T15:17:51+08:00 ] 127.0.0.1 GET api.newkefu.com/api/test/updateNbcqRoleid
[运行时间：1.225741s] [吞吐率：0.82req/s] [内存消耗：487,691.42kb] [文件加载：167]
[ info ] [ LANG ] D:\phpstudy_pro\WWW\new_kefu_online\thinkphp\lang\zh-cn.php
[ info ] [ ROUTE ] array (
  'type' => 'module',
  'module' => 
  array (
    0 => 'api',
    1 => 'test',
    2 => 'updateNbcqRoleid',
  ),
)
[ info ] [ HEADER ] array (
  'upgrade-insecure-requests' => '1',
  'connection' => 'close',
  'accept-encoding' => 'gzip, deflate',
  'accept-language' => 'zh-CN,zh;q=0.8,zh-TW;q=0.7,zh-HK;q=0.5,en-US;q=0.3,en;q=0.2',
  'accept' => 'text/html,application/xhtml+xml,application/xml;q=0.9,image/avif,image/webp,*/*;q=0.8',
  'user-agent' => 'Mozilla/5.0 (Windows NT 10.0; Win64; x64; rv:102.0) Gecko/20100101 Firefox/102.0',
  'host' => 'api.newkefu.com',
)
[ info ] [ PARAM ] array (
  '/api/test/updateNbcqRoleid' => '',
)
[ info ] [ CACHE ] INIT redis
[ info ] [ RUN ] app\api\controller\Test->updateNbcqRoleid[ D:\phpstudy_pro\WWW\new_kefu_online\application\api\controller\Test.php ]
[ info ] [ DB ] INIT mysql
[ info ] [ LOG ] INIT File
---------------------------------------------------------------
[ 2022-07-04T15:18:15+08:00 ] 127.0.0.1 GET api.newkefu.com/api/test/updateNbcqRoleid
[运行时间：1.213500s] [吞吐率：0.82req/s] [内存消耗：487,691.67kb] [文件加载：167]
[ info ] [ LANG ] D:\phpstudy_pro\WWW\new_kefu_online\thinkphp\lang\zh-cn.php
[ info ] [ ROUTE ] array (
  'type' => 'module',
  'module' => 
  array (
    0 => 'api',
    1 => 'test',
    2 => 'updateNbcqRoleid',
  ),
)
[ info ] [ HEADER ] array (
  'upgrade-insecure-requests' => '1',
  'connection' => 'close',
  'accept-encoding' => 'gzip, deflate',
  'accept-language' => 'zh-CN,zh;q=0.8,zh-TW;q=0.7,zh-HK;q=0.5,en-US;q=0.3,en;q=0.2',
  'accept' => 'text/html,application/xhtml+xml,application/xml;q=0.9,image/avif,image/webp,*/*;q=0.8',
  'user-agent' => 'Mozilla/5.0 (Windows NT 10.0; Win64; x64; rv:102.0) Gecko/20100101 Firefox/102.0',
  'host' => 'api.newkefu.com',
)
[ info ] [ PARAM ] array (
  '/api/test/updateNbcqRoleid' => '',
)
[ info ] [ CACHE ] INIT redis
[ info ] [ RUN ] app\api\controller\Test->updateNbcqRoleid[ D:\phpstudy_pro\WWW\new_kefu_online\application\api\controller\Test.php ]
[ info ] [ DB ] INIT mysql
[ info ] [ LOG ] INIT File
---------------------------------------------------------------
[ 2022-07-04T15:18:40+08:00 ] 127.0.0.1 GET api.newkefu.com/api/test/updateNbcqRoleid
[运行时间：1.204320s] [吞吐率：0.83req/s] [内存消耗：487,691.67kb] [文件加载：167]
[ info ] [ LANG ] D:\phpstudy_pro\WWW\new_kefu_online\thinkphp\lang\zh-cn.php
[ info ] [ ROUTE ] array (
  'type' => 'module',
  'module' => 
  array (
    0 => 'api',
    1 => 'test',
    2 => 'updateNbcqRoleid',
  ),
)
[ info ] [ HEADER ] array (
  'upgrade-insecure-requests' => '1',
  'connection' => 'close',
  'accept-encoding' => 'gzip, deflate',
  'accept-language' => 'zh-CN,zh;q=0.8,zh-TW;q=0.7,zh-HK;q=0.5,en-US;q=0.3,en;q=0.2',
  'accept' => 'text/html,application/xhtml+xml,application/xml;q=0.9,image/avif,image/webp,*/*;q=0.8',
  'user-agent' => 'Mozilla/5.0 (Windows NT 10.0; Win64; x64; rv:102.0) Gecko/20100101 Firefox/102.0',
  'host' => 'api.newkefu.com',
)
[ info ] [ PARAM ] array (
  '/api/test/updateNbcqRoleid' => '',
)
[ info ] [ CACHE ] INIT redis
[ info ] [ RUN ] app\api\controller\Test->updateNbcqRoleid[ D:\phpstudy_pro\WWW\new_kefu_online\application\api\controller\Test.php ]
[ info ] [ DB ] INIT mysql
[ info ] [ LOG ] INIT File
---------------------------------------------------------------
[ 2022-07-04T15:19:24+08:00 ] 127.0.0.1 GET api.newkefu.com/api/test/updateNbcqRoleid
[运行时间：0.068038s] [吞吐率：14.70req/s] [内存消耗：3,928.70kb] [文件加载：174]
[ info ] [ LANG ] D:\phpstudy_pro\WWW\new_kefu_online\thinkphp\lang\zh-cn.php
[ info ] [ ROUTE ] array (
  'type' => 'module',
  'module' => 
  array (
    0 => 'api',
    1 => 'test',
    2 => 'updateNbcqRoleid',
  ),
)
[ info ] [ HEADER ] array (
  'upgrade-insecure-requests' => '1',
  'connection' => 'close',
  'accept-encoding' => 'gzip, deflate',
  'accept-language' => 'zh-CN,zh;q=0.8,zh-TW;q=0.7,zh-HK;q=0.5,en-US;q=0.3,en;q=0.2',
  'accept' => 'text/html,application/xhtml+xml,application/xml;q=0.9,image/avif,image/webp,*/*;q=0.8',
  'user-agent' => 'Mozilla/5.0 (Windows NT 10.0; Win64; x64; rv:102.0) Gecko/20100101 Firefox/102.0',
  'host' => 'api.newkefu.com',
)
[ info ] [ PARAM ] array (
  '/api/test/updateNbcqRoleid' => '',
)
[ info ] [ CACHE ] INIT redis
[ info ] [ RUN ] app\api\controller\Test->updateNbcqRoleid[ D:\phpstudy_pro\WWW\new_kefu_online\application\api\controller\Test.php ]
[ info ] [ DB ] INIT mysql
[ info ] [ LOG ] INIT File
[ error ] [10501]SQLSTATE[42000]: Syntax error or access violation: 1064 You have an error in your SQL syntax; check the manual that corresponds to your MySQL server version for the right syntax to use near 'reg_gid=200124 and reg_time>=UNIX_TIMESTAMP('2022-7-4')' at line 1[D:\phpstudy_pro\WWW\new_kefu_online\thinkphp\library\think\db\Connection.php:385]
---------------------------------------------------------------
[ 2022-07-04T15:19:46+08:00 ] 127.0.0.1 GET api.newkefu.com/api/test/updateNbcqRoleid
[运行时间：0.063852s] [吞吐率：15.66req/s] [内存消耗：4,011.82kb] [文件加载：167]
[ info ] [ LANG ] D:\phpstudy_pro\WWW\new_kefu_online\thinkphp\lang\zh-cn.php
[ info ] [ ROUTE ] array (
  'type' => 'module',
  'module' => 
  array (
    0 => 'api',
    1 => 'test',
    2 => 'updateNbcqRoleid',
  ),
)
[ info ] [ HEADER ] array (
  'upgrade-insecure-requests' => '1',
  'connection' => 'close',
  'accept-encoding' => 'gzip, deflate',
  'accept-language' => 'zh-CN,zh;q=0.8,zh-TW;q=0.7,zh-HK;q=0.5,en-US;q=0.3,en;q=0.2',
  'accept' => 'text/html,application/xhtml+xml,application/xml;q=0.9,image/avif,image/webp,*/*;q=0.8',
  'user-agent' => 'Mozilla/5.0 (Windows NT 10.0; Win64; x64; rv:102.0) Gecko/20100101 Firefox/102.0',
  'host' => 'api.newkefu.com',
)
[ info ] [ PARAM ] array (
  '/api/test/updateNbcqRoleid' => '',
)
[ info ] [ CACHE ] INIT redis
[ info ] [ RUN ] app\api\controller\Test->updateNbcqRoleid[ D:\phpstudy_pro\WWW\new_kefu_online\application\api\controller\Test.php ]
[ info ] [ DB ] INIT mysql
[ info ] [ LOG ] INIT File
---------------------------------------------------------------
[ 2022-07-04T15:20:13+08:00 ] 127.0.0.1 GET api.newkefu.com/api/test/updateNbcqRoleid
[运行时间：0.114250s] [吞吐率：8.75req/s] [内存消耗：3,813.60kb] [文件加载：169]
[ info ] [ LANG ] D:\phpstudy_pro\WWW\new_kefu_online\thinkphp\lang\zh-cn.php
[ info ] [ ROUTE ] array (
  'type' => 'module',
  'module' => 
  array (
    0 => 'api',
    1 => 'test',
    2 => 'updateNbcqRoleid',
  ),
)
[ info ] [ HEADER ] array (
  'upgrade-insecure-requests' => '1',
  'connection' => 'close',
  'accept-encoding' => 'gzip, deflate',
  'accept-language' => 'zh-CN,zh;q=0.8,zh-TW;q=0.7,zh-HK;q=0.5,en-US;q=0.3,en;q=0.2',
  'accept' => 'text/html,application/xhtml+xml,application/xml;q=0.9,image/avif,image/webp,*/*;q=0.8',
  'user-agent' => 'Mozilla/5.0 (Windows NT 10.0; Win64; x64; rv:102.0) Gecko/20100101 Firefox/102.0',
  'host' => 'api.newkefu.com',
)
[ info ] [ PARAM ] array (
  '/api/test/updateNbcqRoleid' => '',
)
[ info ] [ CACHE ] INIT redis
[ info ] [ RUN ] app\api\controller\Test->updateNbcqRoleid[ D:\phpstudy_pro\WWW\new_kefu_online\application\api\controller\Test.php ]
[ info ] [ DB ] INIT mysql
[ info ] [ LOG ] INIT File
---------------------------------------------------------------
[ 2022-07-04T15:22:06+08:00 ] 127.0.0.1 GET api.newkefu.com/api/test/updateNbcqRoleid
[运行时间：0.218608s] [吞吐率：4.57req/s] [内存消耗：3,780.52kb] [文件加载：169]
[ info ] [ LANG ] D:\phpstudy_pro\WWW\new_kefu_online\thinkphp\lang\zh-cn.php
[ info ] [ ROUTE ] array (
  'type' => 'module',
  'module' => 
  array (
    0 => 'api',
    1 => 'test',
    2 => 'updateNbcqRoleid',
  ),
)
[ info ] [ HEADER ] array (
  'upgrade-insecure-requests' => '1',
  'connection' => 'close',
  'accept-encoding' => 'gzip, deflate',
  'accept-language' => 'zh-CN,zh;q=0.8,zh-TW;q=0.7,zh-HK;q=0.5,en-US;q=0.3,en;q=0.2',
  'accept' => 'text/html,application/xhtml+xml,application/xml;q=0.9,image/avif,image/webp,*/*;q=0.8',
  'user-agent' => 'Mozilla/5.0 (Windows NT 10.0; Win64; x64; rv:102.0) Gecko/20100101 Firefox/102.0',
  'host' => 'api.newkefu.com',
)
[ info ] [ PARAM ] array (
  '/api/test/updateNbcqRoleid' => '',
)
[ info ] [ CACHE ] INIT redis
[ info ] [ RUN ] app\api\controller\Test->updateNbcqRoleid[ D:\phpstudy_pro\WWW\new_kefu_online\application\api\controller\Test.php ]
[ info ] [ DB ] INIT mysql
[ info ] [ LOG ] INIT File
---------------------------------------------------------------
[ 2022-07-04T17:02:36+08:00 ] 127.0.0.1 GET api.newkefu.com/api/test/getPayInfoUpdate
[运行时间：0.102128s] [吞吐率：9.79req/s] [内存消耗：4,027.51kb] [文件加载：176]
[ info ] [ LANG ] D:\phpstudy_pro\WWW\new_kefu_online\thinkphp\lang\zh-cn.php
[ info ] [ ROUTE ] array (
  'type' => 'module',
  'module' => 
  array (
    0 => 'api',
    1 => 'test',
    2 => 'getPayInfoUpdate',
  ),
)
[ info ] [ HEADER ] array (
  'upgrade-insecure-requests' => '1',
  'connection' => 'close',
  'accept-encoding' => 'gzip, deflate',
  'accept-language' => 'zh-CN,zh;q=0.8,zh-TW;q=0.7,zh-HK;q=0.5,en-US;q=0.3,en;q=0.2',
  'accept' => 'text/html,application/xhtml+xml,application/xml;q=0.9,image/avif,image/webp,*/*;q=0.8',
  'user-agent' => 'Mozilla/5.0 (Windows NT 10.0; Win64; x64; rv:102.0) Gecko/20100101 Firefox/102.0',
  'host' => 'api.newkefu.com',
)
[ info ] [ PARAM ] array (
  '/api/test/getPayInfoUpdate' => '',
)
[ info ] [ CACHE ] INIT redis
[ info ] [ DB ] INIT mysql
[ info ] [ RUN ] app\api\controller\Test->getPayInfoUpdate[ D:\phpstudy_pro\WWW\new_kefu_online\application\api\controller\Test.php ]
[ info ] [ LOG ] INIT File
[ error ] [0]致命错误: Call to undefined method app\api\controller\Test::recharge_log()[D:\phpstudy_pro\WWW\new_kefu_online\application\api\controller\Test.php:138]
---------------------------------------------------------------
[ 2022-07-04T17:05:26+08:00 ] 127.0.0.1 GET api.newkefu.com/api/test/getPayInfoUpdate?start_time=2022-5-7&end_time=2022-5-8&platform=youyu
[运行时间：0.069546s] [吞吐率：14.38req/s] [内存消耗：2,657.08kb] [文件加载：163]
[ info ] [ LANG ] D:\phpstudy_pro\WWW\new_kefu_online\thinkphp\lang\zh-cn.php
[ info ] [ ROUTE ] array (
  'type' => 'module',
  'module' => 
  array (
    0 => 'api',
    1 => 'test',
    2 => 'getPayInfoUpdate',
  ),
)
[ info ] [ HEADER ] array (
  'upgrade-insecure-requests' => '1',
  'connection' => 'close',
  'accept-encoding' => 'gzip, deflate',
  'accept-language' => 'zh-CN,zh;q=0.8,zh-TW;q=0.7,zh-HK;q=0.5,en-US;q=0.3,en;q=0.2',
  'accept' => 'text/html,application/xhtml+xml,application/xml;q=0.9,image/avif,image/webp,*/*;q=0.8',
  'user-agent' => 'Mozilla/5.0 (Windows NT 10.0; Win64; x64; rv:102.0) Gecko/20100101 Firefox/102.0',
  'host' => 'api.newkefu.com',
)
[ info ] [ PARAM ] array (
  '/api/test/getPayInfoUpdate' => '',
  'start_time' => '2022-5-7',
  'end_time' => '2022-5-8',
  'platform' => 'youyu',
)
[ info ] [ CACHE ] INIT redis
[ info ] [ LOG ] INIT File
---------------------------------------------------------------
[ 2022-07-04T17:05:32+08:00 ] 127.0.0.1 GET api.newkefu.com/api/test/userPay?start_time=2022-5-7&end_time=2022-5-8&platform=youyu
[运行时间：0.056989s] [吞吐率：17.55req/s] [内存消耗：2,655.63kb] [文件加载：158]
[ info ] [ LANG ] D:\phpstudy_pro\WWW\new_kefu_online\thinkphp\lang\zh-cn.php
[ info ] [ ROUTE ] array (
  'type' => 'module',
  'module' => 
  array (
    0 => 'api',
    1 => 'test',
    2 => 'userPay',
  ),
)
[ info ] [ HEADER ] array (
  'upgrade-insecure-requests' => '1',
  'connection' => 'close',
  'accept-encoding' => 'gzip, deflate',
  'accept-language' => 'zh-CN,zh;q=0.8,zh-TW;q=0.7,zh-HK;q=0.5,en-US;q=0.3,en;q=0.2',
  'accept' => 'text/html,application/xhtml+xml,application/xml;q=0.9,image/avif,image/webp,*/*;q=0.8',
  'user-agent' => 'Mozilla/5.0 (Windows NT 10.0; Win64; x64; rv:102.0) Gecko/20100101 Firefox/102.0',
  'host' => 'api.newkefu.com',
)
[ info ] [ PARAM ] array (
  '/api/test/userPay' => '',
  'start_time' => '2022-5-7',
  'end_time' => '2022-5-8',
  'platform' => 'youyu',
)
[ info ] [ CACHE ] INIT redis
[ info ] [ RUN ] app\api\controller\Test->userPay[ D:\phpstudy_pro\WWW\new_kefu_online\application\api\controller\Test.php ]
[ info ] [ LOG ] INIT File
---------------------------------------------------------------
[ 2022-07-04T17:05:42+08:00 ] 127.0.0.1 GET api.newkefu.com/api/test/userPay?start_time=2022-5-7&end_time=2022-5-8&platform=youyu
[运行时间：0.080244s] [吞吐率：12.46req/s] [内存消耗：4,163.57kb] [文件加载：171]
[ info ] [ LANG ] D:\phpstudy_pro\WWW\new_kefu_online\thinkphp\lang\zh-cn.php
[ info ] [ ROUTE ] array (
  'type' => 'module',
  'module' => 
  array (
    0 => 'api',
    1 => 'test',
    2 => 'userPay',
  ),
)
[ info ] [ HEADER ] array (
  'upgrade-insecure-requests' => '1',
  'connection' => 'close',
  'accept-encoding' => 'gzip, deflate',
  'accept-language' => 'zh-CN,zh;q=0.8,zh-TW;q=0.7,zh-HK;q=0.5,en-US;q=0.3,en;q=0.2',
  'accept' => 'text/html,application/xhtml+xml,application/xml;q=0.9,image/avif,image/webp,*/*;q=0.8',
  'user-agent' => 'Mozilla/5.0 (Windows NT 10.0; Win64; x64; rv:102.0) Gecko/20100101 Firefox/102.0',
  'host' => 'api.newkefu.com',
)
[ info ] [ PARAM ] array (
  '/api/test/userPay' => '',
  'start_time' => '2022-5-7',
  'end_time' => '2022-5-8',
  'platform' => 'youyu',
)
[ info ] [ CACHE ] INIT redis
[ info ] [ RUN ] app\api\controller\Test->userPay[ D:\phpstudy_pro\WWW\new_kefu_online\application\api\controller\Test.php ]
[ info ] [ DB ] INIT mysql
[ info ] [ LOG ] INIT File
---------------------------------------------------------------
[ 2022-07-04T17:05:48+08:00 ] 127.0.0.1 GET api.newkefu.com/api/test/userPay?start_time=2022-5-7&end_time=2022-5-8&platform=youyu
[运行时间：0.353983s] [吞吐率：2.82req/s] [内存消耗：4,161.77kb] [文件加载：176]
[ info ] [ LANG ] D:\phpstudy_pro\WWW\new_kefu_online\thinkphp\lang\zh-cn.php
[ info ] [ ROUTE ] array (
  'type' => 'module',
  'module' => 
  array (
    0 => 'api',
    1 => 'test',
    2 => 'userPay',
  ),
)
[ info ] [ HEADER ] array (
  'upgrade-insecure-requests' => '1',
  'connection' => 'close',
  'accept-encoding' => 'gzip, deflate',
  'accept-language' => 'zh-CN,zh;q=0.8,zh-TW;q=0.7,zh-HK;q=0.5,en-US;q=0.3,en;q=0.2',
  'accept' => 'text/html,application/xhtml+xml,application/xml;q=0.9,image/avif,image/webp,*/*;q=0.8',
  'user-agent' => 'Mozilla/5.0 (Windows NT 10.0; Win64; x64; rv:102.0) Gecko/20100101 Firefox/102.0',
  'host' => 'api.newkefu.com',
)
[ info ] [ PARAM ] array (
  '/api/test/userPay' => '',
  'start_time' => '2022-5-7',
  'end_time' => '2022-5-8',
  'platform' => 'youyu',
)
[ info ] [ CACHE ] INIT redis
[ info ] [ RUN ] app\api\controller\Test->userPay[ D:\phpstudy_pro\WWW\new_kefu_online\application\api\controller\Test.php ]
[ info ] [ DB ] INIT mysql
[ info ] [ LOG ] INIT File
[ error ] [0]致命错误: Call to a member function toArray() on array[D:\phpstudy_pro\WWW\new_kefu_online\common\sql_server\GetBaseInfoSqlServer.php:281]
---------------------------------------------------------------
[ 2022-07-04T17:06:03+08:00 ] 127.0.0.1 GET api.newkefu.com/api/test/userPay?start_time=2022-5-7&end_time=2022-5-8&platform=youyu
[运行时间：0.317962s] [吞吐率：3.15req/s] [内存消耗：2,986.05kb] [文件加载：162]
[ info ] [ LANG ] D:\phpstudy_pro\WWW\new_kefu_online\thinkphp\lang\zh-cn.php
[ info ] [ ROUTE ] array (
  'type' => 'module',
  'module' => 
  array (
    0 => 'api',
    1 => 'test',
    2 => 'userPay',
  ),
)
[ info ] [ HEADER ] array (
  'upgrade-insecure-requests' => '1',
  'connection' => 'close',
  'accept-encoding' => 'gzip, deflate',
  'accept-language' => 'zh-CN,zh;q=0.8,zh-TW;q=0.7,zh-HK;q=0.5,en-US;q=0.3,en;q=0.2',
  'accept' => 'text/html,application/xhtml+xml,application/xml;q=0.9,image/avif,image/webp,*/*;q=0.8',
  'user-agent' => 'Mozilla/5.0 (Windows NT 10.0; Win64; x64; rv:102.0) Gecko/20100101 Firefox/102.0',
  'host' => 'api.newkefu.com',
)
[ info ] [ PARAM ] array (
  '/api/test/userPay' => '',
  'start_time' => '2022-5-7',
  'end_time' => '2022-5-8',
  'platform' => 'youyu',
)
[ info ] [ CACHE ] INIT redis
[ info ] [ RUN ] app\api\controller\Test->userPay[ D:\phpstudy_pro\WWW\new_kefu_online\application\api\controller\Test.php ]
[ info ] [ LOG ] INIT File
---------------------------------------------------------------
[ 2022-07-04T17:06:06+08:00 ] 127.0.0.1 GET api.newkefu.com/api/test/userPay?start_time=2022-5-7&end_time=2022-5-8&platform=youyu
[运行时间：0.306561s] [吞吐率：3.26req/s] [内存消耗：2,986.05kb] [文件加载：162]
[ info ] [ LANG ] D:\phpstudy_pro\WWW\new_kefu_online\thinkphp\lang\zh-cn.php
[ info ] [ ROUTE ] array (
  'type' => 'module',
  'module' => 
  array (
    0 => 'api',
    1 => 'test',
    2 => 'userPay',
  ),
)
[ info ] [ HEADER ] array (
  'upgrade-insecure-requests' => '1',
  'connection' => 'close',
  'accept-encoding' => 'gzip, deflate',
  'accept-language' => 'zh-CN,zh;q=0.8,zh-TW;q=0.7,zh-HK;q=0.5,en-US;q=0.3,en;q=0.2',
  'accept' => 'text/html,application/xhtml+xml,application/xml;q=0.9,image/avif,image/webp,*/*;q=0.8',
  'user-agent' => 'Mozilla/5.0 (Windows NT 10.0; Win64; x64; rv:102.0) Gecko/20100101 Firefox/102.0',
  'host' => 'api.newkefu.com',
)
[ info ] [ PARAM ] array (
  '/api/test/userPay' => '',
  'start_time' => '2022-5-7',
  'end_time' => '2022-5-8',
  'platform' => 'youyu',
)
[ info ] [ CACHE ] INIT redis
[ info ] [ RUN ] app\api\controller\Test->userPay[ D:\phpstudy_pro\WWW\new_kefu_online\application\api\controller\Test.php ]
[ info ] [ LOG ] INIT File
---------------------------------------------------------------
[ 2022-07-04T17:06:27+08:00 ] 127.0.0.1 GET api.newkefu.com/api/test/userPay?start_time=2022-5-7&end_time=2022-5-8&platform=youyu
[运行时间：0.361032s] [吞吐率：2.77req/s] [内存消耗：2,987.09kb] [文件加载：162]
[ info ] [ LANG ] D:\phpstudy_pro\WWW\new_kefu_online\thinkphp\lang\zh-cn.php
[ info ] [ ROUTE ] array (
  'type' => 'module',
  'module' => 
  array (
    0 => 'api',
    1 => 'test',
    2 => 'userPay',
  ),
)
[ info ] [ HEADER ] array (
  'upgrade-insecure-requests' => '1',
  'connection' => 'close',
  'accept-encoding' => 'gzip, deflate',
  'accept-language' => 'zh-CN,zh;q=0.8,zh-TW;q=0.7,zh-HK;q=0.5,en-US;q=0.3,en;q=0.2',
  'accept' => 'text/html,application/xhtml+xml,application/xml;q=0.9,image/avif,image/webp,*/*;q=0.8',
  'user-agent' => 'Mozilla/5.0 (Windows NT 10.0; Win64; x64; rv:102.0) Gecko/20100101 Firefox/102.0',
  'host' => 'api.newkefu.com',
)
[ info ] [ PARAM ] array (
  '/api/test/userPay' => '',
  'start_time' => '2022-5-7',
  'end_time' => '2022-5-8',
  'platform' => 'youyu',
)
[ info ] [ CACHE ] INIT redis
[ info ] [ RUN ] app\api\controller\Test->userPay[ D:\phpstudy_pro\WWW\new_kefu_online\application\api\controller\Test.php ]
[ info ] [ LOG ] INIT File
---------------------------------------------------------------
[ 2022-07-04T17:15:42+08:00 ] 127.0.0.1 GET api.newkefu.com/api/test/userPay?start_time=2022-5-9&end_time=2022-5-10&platform=youyu
[运行时间：0.543097s] [吞吐率：1.84req/s] [内存消耗：4,170.51kb] [文件加载：176]
[ info ] [ LANG ] D:\phpstudy_pro\WWW\new_kefu_online\thinkphp\lang\zh-cn.php
[ info ] [ ROUTE ] array (
  'type' => 'module',
  'module' => 
  array (
    0 => 'api',
    1 => 'test',
    2 => 'userPay',
  ),
)
[ info ] [ HEADER ] array (
  'upgrade-insecure-requests' => '1',
  'connection' => 'close',
  'accept-encoding' => 'gzip, deflate',
  'accept-language' => 'zh-CN,zh;q=0.8,zh-TW;q=0.7,zh-HK;q=0.5,en-US;q=0.3,en;q=0.2',
  'accept' => 'text/html,application/xhtml+xml,application/xml;q=0.9,image/avif,image/webp,*/*;q=0.8',
  'user-agent' => 'Mozilla/5.0 (Windows NT 10.0; Win64; x64; rv:102.0) Gecko/20100101 Firefox/102.0',
  'host' => 'api.newkefu.com',
)
[ info ] [ PARAM ] array (
  '/api/test/userPay' => '',
  'start_time' => '2022-5-9',
  'end_time' => '2022-5-10',
  'platform' => 'youyu',
)
[ info ] [ CACHE ] INIT redis
[ info ] [ RUN ] app\api\controller\Test->userPay[ D:\phpstudy_pro\WWW\new_kefu_online\application\api\controller\Test.php ]
[ info ] [ DB ] INIT mysql
[ info ] [ LOG ] INIT File
[ error ] [0]致命错误: Call to a member function toArray() on array[D:\phpstudy_pro\WWW\new_kefu_online\common\sql_server\GetBaseInfoSqlServer.php:281]
---------------------------------------------------------------
[ 2022-07-04T17:16:02+08:00 ] 127.0.0.1 GET api.newkefu.com/api/test/userPay?start_time=2022-5-9&end_time=2022-5-10&platform=youyu
[运行时间：0.315052s] [吞吐率：3.17req/s] [内存消耗：3,057.24kb] [文件加载：162]
[ info ] [ LANG ] D:\phpstudy_pro\WWW\new_kefu_online\thinkphp\lang\zh-cn.php
[ info ] [ ROUTE ] array (
  'type' => 'module',
  'module' => 
  array (
    0 => 'api',
    1 => 'test',
    2 => 'userPay',
  ),
)
[ info ] [ HEADER ] array (
  'upgrade-insecure-requests' => '1',
  'connection' => 'close',
  'accept-encoding' => 'gzip, deflate',
  'accept-language' => 'zh-CN,zh;q=0.8,zh-TW;q=0.7,zh-HK;q=0.5,en-US;q=0.3,en;q=0.2',
  'accept' => 'text/html,application/xhtml+xml,application/xml;q=0.9,image/avif,image/webp,*/*;q=0.8',
  'user-agent' => 'Mozilla/5.0 (Windows NT 10.0; Win64; x64; rv:102.0) Gecko/20100101 Firefox/102.0',
  'host' => 'api.newkefu.com',
)
[ info ] [ PARAM ] array (
  '/api/test/userPay' => '',
  'start_time' => '2022-5-9',
  'end_time' => '2022-5-10',
  'platform' => 'youyu',
)
[ info ] [ CACHE ] INIT redis
[ info ] [ RUN ] app\api\controller\Test->userPay[ D:\phpstudy_pro\WWW\new_kefu_online\application\api\controller\Test.php ]
[ info ] [ LOG ] INIT File
---------------------------------------------------------------
[ 2022-07-04T17:16:27+08:00 ] 127.0.0.1 GET api.newkefu.com/api/test/userPay?start_time=2022-5-9&end_time=2022-5-10&platform=youyu
[运行时间：0.315893s] [吞吐率：3.17req/s] [内存消耗：4,170.51kb] [文件加载：176]
[ info ] [ LANG ] D:\phpstudy_pro\WWW\new_kefu_online\thinkphp\lang\zh-cn.php
[ info ] [ ROUTE ] array (
  'type' => 'module',
  'module' => 
  array (
    0 => 'api',
    1 => 'test',
    2 => 'userPay',
  ),
)
[ info ] [ HEADER ] array (
  'upgrade-insecure-requests' => '1',
  'connection' => 'close',
  'accept-encoding' => 'gzip, deflate',
  'accept-language' => 'zh-CN,zh;q=0.8,zh-TW;q=0.7,zh-HK;q=0.5,en-US;q=0.3,en;q=0.2',
  'accept' => 'text/html,application/xhtml+xml,application/xml;q=0.9,image/avif,image/webp,*/*;q=0.8',
  'user-agent' => 'Mozilla/5.0 (Windows NT 10.0; Win64; x64; rv:102.0) Gecko/20100101 Firefox/102.0',
  'host' => 'api.newkefu.com',
)
[ info ] [ PARAM ] array (
  '/api/test/userPay' => '',
  'start_time' => '2022-5-9',
  'end_time' => '2022-5-10',
  'platform' => 'youyu',
)
[ info ] [ CACHE ] INIT redis
[ info ] [ RUN ] app\api\controller\Test->userPay[ D:\phpstudy_pro\WWW\new_kefu_online\application\api\controller\Test.php ]
[ info ] [ DB ] INIT mysql
[ info ] [ LOG ] INIT File
[ error ] [0]致命错误: Call to a member function toArray() on array[D:\phpstudy_pro\WWW\new_kefu_online\common\sql_server\GetBaseInfoSqlServer.php:281]
---------------------------------------------------------------
[ 2022-07-04T17:17:33+08:00 ] 127.0.0.1 GET api.newkefu.com/api/test/userPay?start_time=2022-5-9&end_time=2022-5-10&platform=youyu
[运行时间：0.386295s] [吞吐率：2.59req/s] [内存消耗：3,041.24kb] [文件加载：162]
[ info ] [ LANG ] D:\phpstudy_pro\WWW\new_kefu_online\thinkphp\lang\zh-cn.php
[ info ] [ ROUTE ] array (
  'type' => 'module',
  'module' => 
  array (
    0 => 'api',
    1 => 'test',
    2 => 'userPay',
  ),
)
[ info ] [ HEADER ] array (
  'upgrade-insecure-requests' => '1',
  'connection' => 'close',
  'accept-encoding' => 'gzip, deflate',
  'accept-language' => 'zh-CN,zh;q=0.8,zh-TW;q=0.7,zh-HK;q=0.5,en-US;q=0.3,en;q=0.2',
  'accept' => 'text/html,application/xhtml+xml,application/xml;q=0.9,image/avif,image/webp,*/*;q=0.8',
  'user-agent' => 'Mozilla/5.0 (Windows NT 10.0; Win64; x64; rv:102.0) Gecko/20100101 Firefox/102.0',
  'host' => 'api.newkefu.com',
)
[ info ] [ PARAM ] array (
  '/api/test/userPay' => '',
  'start_time' => '2022-5-9',
  'end_time' => '2022-5-10',
  'platform' => 'youyu',
)
[ info ] [ CACHE ] INIT redis
[ info ] [ RUN ] app\api\controller\Test->userPay[ D:\phpstudy_pro\WWW\new_kefu_online\application\api\controller\Test.php ]
[ info ] [ LOG ] INIT File
---------------------------------------------------------------
[ 2022-07-04T17:17:50+08:00 ] 127.0.0.1 GET api.newkefu.com/api/test/userPay?start_time=2022-5-9&end_time=2022-5-10&platform=youyu
[运行时间：0.342424s] [吞吐率：2.92req/s] [内存消耗：4,236.26kb] [文件加载：171]
[ info ] [ LANG ] D:\phpstudy_pro\WWW\new_kefu_online\thinkphp\lang\zh-cn.php
[ info ] [ ROUTE ] array (
  'type' => 'module',
  'module' => 
  array (
    0 => 'api',
    1 => 'test',
    2 => 'userPay',
  ),
)
[ info ] [ HEADER ] array (
  'upgrade-insecure-requests' => '1',
  'connection' => 'close',
  'accept-encoding' => 'gzip, deflate',
  'accept-language' => 'zh-CN,zh;q=0.8,zh-TW;q=0.7,zh-HK;q=0.5,en-US;q=0.3,en;q=0.2',
  'accept' => 'text/html,application/xhtml+xml,application/xml;q=0.9,image/avif,image/webp,*/*;q=0.8',
  'user-agent' => 'Mozilla/5.0 (Windows NT 10.0; Win64; x64; rv:102.0) Gecko/20100101 Firefox/102.0',
  'host' => 'api.newkefu.com',
)
[ info ] [ PARAM ] array (
  '/api/test/userPay' => '',
  'start_time' => '2022-5-9',
  'end_time' => '2022-5-10',
  'platform' => 'youyu',
)
[ info ] [ CACHE ] INIT redis
[ info ] [ RUN ] app\api\controller\Test->userPay[ D:\phpstudy_pro\WWW\new_kefu_online\application\api\controller\Test.php ]
[ info ] [ DB ] INIT mysql
[ info ] [ LOG ] INIT File
---------------------------------------------------------------
[ 2022-07-04T17:18:25+08:00 ] 127.0.0.1 GET api.newkefu.com/api/test/userPay?start_time=2022-5-9&end_time=2022-5-10&platform=youyu
[运行时间：0.321659s] [吞吐率：3.11req/s] [内存消耗：4,236.26kb] [文件加载：171]
[ info ] [ LANG ] D:\phpstudy_pro\WWW\new_kefu_online\thinkphp\lang\zh-cn.php
[ info ] [ ROUTE ] array (
  'type' => 'module',
  'module' => 
  array (
    0 => 'api',
    1 => 'test',
    2 => 'userPay',
  ),
)
[ info ] [ HEADER ] array (
  'upgrade-insecure-requests' => '1',
  'connection' => 'close',
  'accept-encoding' => 'gzip, deflate',
  'accept-language' => 'zh-CN,zh;q=0.8,zh-TW;q=0.7,zh-HK;q=0.5,en-US;q=0.3,en;q=0.2',
  'accept' => 'text/html,application/xhtml+xml,application/xml;q=0.9,image/avif,image/webp,*/*;q=0.8',
  'user-agent' => 'Mozilla/5.0 (Windows NT 10.0; Win64; x64; rv:102.0) Gecko/20100101 Firefox/102.0',
  'host' => 'api.newkefu.com',
)
[ info ] [ PARAM ] array (
  '/api/test/userPay' => '',
  'start_time' => '2022-5-9',
  'end_time' => '2022-5-10',
  'platform' => 'youyu',
)
[ info ] [ CACHE ] INIT redis
[ info ] [ RUN ] app\api\controller\Test->userPay[ D:\phpstudy_pro\WWW\new_kefu_online\application\api\controller\Test.php ]
[ info ] [ DB ] INIT mysql
[ info ] [ LOG ] INIT File
---------------------------------------------------------------
[ 2022-07-04T17:18:37+08:00 ] 127.0.0.1 GET api.newkefu.com/api/test/userPay?start_time=2022-5-9&end_time=2022-5-10&platform=youyu
[运行时间：0.301446s] [吞吐率：3.32req/s] [内存消耗：4,236.01kb] [文件加载：171]
[ info ] [ LANG ] D:\phpstudy_pro\WWW\new_kefu_online\thinkphp\lang\zh-cn.php
[ info ] [ ROUTE ] array (
  'type' => 'module',
  'module' => 
  array (
    0 => 'api',
    1 => 'test',
    2 => 'userPay',
  ),
)
[ info ] [ HEADER ] array (
  'upgrade-insecure-requests' => '1',
  'connection' => 'close',
  'accept-encoding' => 'gzip, deflate',
  'accept-language' => 'zh-CN,zh;q=0.8,zh-TW;q=0.7,zh-HK;q=0.5,en-US;q=0.3,en;q=0.2',
  'accept' => 'text/html,application/xhtml+xml,application/xml;q=0.9,image/avif,image/webp,*/*;q=0.8',
  'user-agent' => 'Mozilla/5.0 (Windows NT 10.0; Win64; x64; rv:102.0) Gecko/20100101 Firefox/102.0',
  'host' => 'api.newkefu.com',
)
[ info ] [ PARAM ] array (
  '/api/test/userPay' => '',
  'start_time' => '2022-5-9',
  'end_time' => '2022-5-10',
  'platform' => 'youyu',
)
[ info ] [ CACHE ] INIT redis
[ info ] [ RUN ] app\api\controller\Test->userPay[ D:\phpstudy_pro\WWW\new_kefu_online\application\api\controller\Test.php ]
[ info ] [ DB ] INIT mysql
[ info ] [ LOG ] INIT File
---------------------------------------------------------------
[ 2022-07-04T17:18:48+08:00 ] 127.0.0.1 GET api.newkefu.com/api/test/userPay?start_time=2022-5-9&end_time=2022-5-10&platform=youyu
[运行时间：0.379595s] [吞吐率：2.63req/s] [内存消耗：4,261.67kb] [文件加载：172]
[ info ] [ LANG ] D:\phpstudy_pro\WWW\new_kefu_online\thinkphp\lang\zh-cn.php
[ info ] [ ROUTE ] array (
  'type' => 'module',
  'module' => 
  array (
    0 => 'api',
    1 => 'test',
    2 => 'userPay',
  ),
)
[ info ] [ HEADER ] array (
  'upgrade-insecure-requests' => '1',
  'connection' => 'close',
  'accept-encoding' => 'gzip, deflate',
  'accept-language' => 'zh-CN,zh;q=0.8,zh-TW;q=0.7,zh-HK;q=0.5,en-US;q=0.3,en;q=0.2',
  'accept' => 'text/html,application/xhtml+xml,application/xml;q=0.9,image/avif,image/webp,*/*;q=0.8',
  'user-agent' => 'Mozilla/5.0 (Windows NT 10.0; Win64; x64; rv:102.0) Gecko/20100101 Firefox/102.0',
  'host' => 'api.newkefu.com',
)
[ info ] [ PARAM ] array (
  '/api/test/userPay' => '',
  'start_time' => '2022-5-9',
  'end_time' => '2022-5-10',
  'platform' => 'youyu',
)
[ info ] [ CACHE ] INIT redis
[ info ] [ RUN ] app\api\controller\Test->userPay[ D:\phpstudy_pro\WWW\new_kefu_online\application\api\controller\Test.php ]
[ info ] [ DB ] INIT mysql
[ info ] [ LOG ] INIT File
---------------------------------------------------------------
[ 2022-07-04T17:18:56+08:00 ] 127.0.0.1 GET api.newkefu.com/api/test/userPay?start_time=2022-5-9&end_time=2022-5-10&platform=youyu
[运行时间：0.355259s] [吞吐率：2.81req/s] [内存消耗：4,192.49kb] [文件加载：177]
[ info ] [ LANG ] D:\phpstudy_pro\WWW\new_kefu_online\thinkphp\lang\zh-cn.php
[ info ] [ ROUTE ] array (
  'type' => 'module',
  'module' => 
  array (
    0 => 'api',
    1 => 'test',
    2 => 'userPay',
  ),
)
[ info ] [ HEADER ] array (
  'upgrade-insecure-requests' => '1',
  'connection' => 'close',
  'accept-encoding' => 'gzip, deflate',
  'accept-language' => 'zh-CN,zh;q=0.8,zh-TW;q=0.7,zh-HK;q=0.5,en-US;q=0.3,en;q=0.2',
  'accept' => 'text/html,application/xhtml+xml,application/xml;q=0.9,image/avif,image/webp,*/*;q=0.8',
  'user-agent' => 'Mozilla/5.0 (Windows NT 10.0; Win64; x64; rv:102.0) Gecko/20100101 Firefox/102.0',
  'host' => 'api.newkefu.com',
)
[ info ] [ PARAM ] array (
  '/api/test/userPay' => '',
  'start_time' => '2022-5-9',
  'end_time' => '2022-5-10',
  'platform' => 'youyu',
)
[ info ] [ CACHE ] INIT redis
[ info ] [ RUN ] app\api\controller\Test->userPay[ D:\phpstudy_pro\WWW\new_kefu_online\application\api\controller\Test.php ]
[ info ] [ DB ] INIT mysql
[ info ] [ LOG ] INIT File
[ error ] [0]致命错误: Call to undefined method common\sql_server\KefuCommonMember::execute()[D:\phpstudy_pro\WWW\new_kefu_online\common\server\GetBaseInfo\GetBaseInfoServer.php:558]
---------------------------------------------------------------
[ 2022-07-04T17:20:02+08:00 ] 127.0.0.1 GET api.newkefu.com/api/test/userPay?start_time=2022-5-9&end_time=2022-5-10&platform=youyu
[运行时间：0.362004s] [吞吐率：2.76req/s] [内存消耗：4,311.37kb] [文件加载：173]
[ info ] [ LANG ] D:\phpstudy_pro\WWW\new_kefu_online\thinkphp\lang\zh-cn.php
[ info ] [ ROUTE ] array (
  'type' => 'module',
  'module' => 
  array (
    0 => 'api',
    1 => 'test',
    2 => 'userPay',
  ),
)
[ info ] [ HEADER ] array (
  'upgrade-insecure-requests' => '1',
  'connection' => 'close',
  'accept-encoding' => 'gzip, deflate',
  'accept-language' => 'zh-CN,zh;q=0.8,zh-TW;q=0.7,zh-HK;q=0.5,en-US;q=0.3,en;q=0.2',
  'accept' => 'text/html,application/xhtml+xml,application/xml;q=0.9,image/avif,image/webp,*/*;q=0.8',
  'user-agent' => 'Mozilla/5.0 (Windows NT 10.0; Win64; x64; rv:102.0) Gecko/20100101 Firefox/102.0',
  'host' => 'api.newkefu.com',
)
[ info ] [ PARAM ] array (
  '/api/test/userPay' => '',
  'start_time' => '2022-5-9',
  'end_time' => '2022-5-10',
  'platform' => 'youyu',
)
[ info ] [ CACHE ] INIT redis
[ info ] [ RUN ] app\api\controller\Test->userPay[ D:\phpstudy_pro\WWW\new_kefu_online\application\api\controller\Test.php ]
[ info ] [ DB ] INIT mysql
[ info ] [ DB ] INIT mysql
[ info ] [ LOG ] INIT File
---------------------------------------------------------------
[ 2022-07-04T17:20:56+08:00 ] 127.0.0.1 GET api.newkefu.com/api/test/userPay?start_time=2022-5-9&end_time=2022-5-10&platform=youyu
[运行时间：0.422327s] [吞吐率：2.37req/s] [内存消耗：4,255.62kb] [文件加载：173]
[ info ] [ LANG ] D:\phpstudy_pro\WWW\new_kefu_online\thinkphp\lang\zh-cn.php
[ info ] [ ROUTE ] array (
  'type' => 'module',
  'module' => 
  array (
    0 => 'api',
    1 => 'test',
    2 => 'userPay',
  ),
)
[ info ] [ HEADER ] array (
  'upgrade-insecure-requests' => '1',
  'connection' => 'close',
  'accept-encoding' => 'gzip, deflate',
  'accept-language' => 'zh-CN,zh;q=0.8,zh-TW;q=0.7,zh-HK;q=0.5,en-US;q=0.3,en;q=0.2',
  'accept' => 'text/html,application/xhtml+xml,application/xml;q=0.9,image/avif,image/webp,*/*;q=0.8',
  'user-agent' => 'Mozilla/5.0 (Windows NT 10.0; Win64; x64; rv:102.0) Gecko/20100101 Firefox/102.0',
  'host' => 'api.newkefu.com',
)
[ info ] [ PARAM ] array (
  '/api/test/userPay' => '',
  'start_time' => '2022-5-9',
  'end_time' => '2022-5-10',
  'platform' => 'youyu',
)
[ info ] [ CACHE ] INIT redis
[ info ] [ RUN ] app\api\controller\Test->userPay[ D:\phpstudy_pro\WWW\new_kefu_online\application\api\controller\Test.php ]
[ info ] [ DB ] INIT mysql
[ info ] [ DB ] INIT mysql
[ info ] [ LOG ] INIT File
---------------------------------------------------------------
[ 2022-07-04T17:22:37+08:00 ] 127.0.0.1 GET api.newkefu.com/api/test/userPay?start_time=2022-5-9&end_time=2022-5-10&platform=youyu&num=1
[运行时间：0.302789s] [吞吐率：3.30req/s] [内存消耗：2,988.74kb] [文件加载：162]
[ info ] [ LANG ] D:\phpstudy_pro\WWW\new_kefu_online\thinkphp\lang\zh-cn.php
[ info ] [ ROUTE ] array (
  'type' => 'module',
  'module' => 
  array (
    0 => 'api',
    1 => 'test',
    2 => 'userPay',
  ),
)
[ info ] [ HEADER ] array (
  'upgrade-insecure-requests' => '1',
  'connection' => 'close',
  'accept-encoding' => 'gzip, deflate',
  'accept-language' => 'zh-CN,zh;q=0.8,zh-TW;q=0.7,zh-HK;q=0.5,en-US;q=0.3,en;q=0.2',
  'accept' => 'text/html,application/xhtml+xml,application/xml;q=0.9,image/avif,image/webp,*/*;q=0.8',
  'user-agent' => 'Mozilla/5.0 (Windows NT 10.0; Win64; x64; rv:102.0) Gecko/20100101 Firefox/102.0',
  'host' => 'api.newkefu.com',
)
[ info ] [ PARAM ] array (
  '/api/test/userPay' => '',
  'start_time' => '2022-5-9',
  'end_time' => '2022-5-10',
  'platform' => 'youyu',
  'num' => '1',
)
[ info ] [ CACHE ] INIT redis
[ info ] [ RUN ] app\api\controller\Test->userPay[ D:\phpstudy_pro\WWW\new_kefu_online\application\api\controller\Test.php ]
[ info ] [ LOG ] INIT File
---------------------------------------------------------------
[ 2022-07-04T17:22:51+08:00 ] 127.0.0.1 GET api.newkefu.com/api/test/userPay?start_time=2022-5-9&end_time=2022-5-10&platform=youyu&num=1
[运行时间：1.444325s] [吞吐率：0.69req/s] [内存消耗：4,255.64kb] [文件加载：173]
[ info ] [ LANG ] D:\phpstudy_pro\WWW\new_kefu_online\thinkphp\lang\zh-cn.php
[ info ] [ ROUTE ] array (
  'type' => 'module',
  'module' => 
  array (
    0 => 'api',
    1 => 'test',
    2 => 'userPay',
  ),
)
[ info ] [ HEADER ] array (
  'upgrade-insecure-requests' => '1',
  'connection' => 'close',
  'accept-encoding' => 'gzip, deflate',
  'accept-language' => 'zh-CN,zh;q=0.8,zh-TW;q=0.7,zh-HK;q=0.5,en-US;q=0.3,en;q=0.2',
  'accept' => 'text/html,application/xhtml+xml,application/xml;q=0.9,image/avif,image/webp,*/*;q=0.8',
  'user-agent' => 'Mozilla/5.0 (Windows NT 10.0; Win64; x64; rv:102.0) Gecko/20100101 Firefox/102.0',
  'host' => 'api.newkefu.com',
)
[ info ] [ PARAM ] array (
  '/api/test/userPay' => '',
  'start_time' => '2022-5-9',
  'end_time' => '2022-5-10',
  'platform' => 'youyu',
  'num' => '1',
)
[ info ] [ CACHE ] INIT redis
[ info ] [ RUN ] app\api\controller\Test->userPay[ D:\phpstudy_pro\WWW\new_kefu_online\application\api\controller\Test.php ]
[ info ] [ DB ] INIT mysql
[ info ] [ DB ] INIT mysql
[ info ] [ LOG ] INIT File
---------------------------------------------------------------
[ 2022-07-04T17:24:53+08:00 ] 127.0.0.1 GET api.newkefu.com/api/test/userPay?start_time=2022-5-9&end_time=2022-5-10&platform=youyu&num=1
[运行时间：1.332090s] [吞吐率：0.75req/s] [内存消耗：4,263.00kb] [文件加载：173]
[ info ] [ LANG ] D:\phpstudy_pro\WWW\new_kefu_online\thinkphp\lang\zh-cn.php
[ info ] [ ROUTE ] array (
  'type' => 'module',
  'module' => 
  array (
    0 => 'api',
    1 => 'test',
    2 => 'userPay',
  ),
)
[ info ] [ HEADER ] array (
  'upgrade-insecure-requests' => '1',
  'connection' => 'close',
  'accept-encoding' => 'gzip, deflate',
  'accept-language' => 'zh-CN,zh;q=0.8,zh-TW;q=0.7,zh-HK;q=0.5,en-US;q=0.3,en;q=0.2',
  'accept' => 'text/html,application/xhtml+xml,application/xml;q=0.9,image/avif,image/webp,*/*;q=0.8',
  'user-agent' => 'Mozilla/5.0 (Windows NT 10.0; Win64; x64; rv:102.0) Gecko/20100101 Firefox/102.0',
  'host' => 'api.newkefu.com',
)
[ info ] [ PARAM ] array (
  '/api/test/userPay' => '',
  'start_time' => '2022-5-9',
  'end_time' => '2022-5-10',
  'platform' => 'youyu',
  'num' => '1',
)
[ info ] [ CACHE ] INIT redis
[ info ] [ RUN ] app\api\controller\Test->userPay[ D:\phpstudy_pro\WWW\new_kefu_online\application\api\controller\Test.php ]
[ info ] [ DB ] INIT mysql
[ info ] [ DB ] INIT mysql
[ info ] [ LOG ] INIT File
---------------------------------------------------------------
[ 2022-07-04T17:27:38+08:00 ] 127.0.0.1 GET api.newkefu.com/api/test/userPay?start_time=2022-5-9&end_time=2022-5-10&platform=youyu&num=1
[运行时间：1.326387s] [吞吐率：0.75req/s] [内存消耗：4,263.00kb] [文件加载：173]
[ info ] [ LANG ] D:\phpstudy_pro\WWW\new_kefu_online\thinkphp\lang\zh-cn.php
[ info ] [ ROUTE ] array (
  'type' => 'module',
  'module' => 
  array (
    0 => 'api',
    1 => 'test',
    2 => 'userPay',
  ),
)
[ info ] [ HEADER ] array (
  'upgrade-insecure-requests' => '1',
  'connection' => 'close',
  'accept-encoding' => 'gzip, deflate',
  'accept-language' => 'zh-CN,zh;q=0.8,zh-TW;q=0.7,zh-HK;q=0.5,en-US;q=0.3,en;q=0.2',
  'accept' => 'text/html,application/xhtml+xml,application/xml;q=0.9,image/avif,image/webp,*/*;q=0.8',
  'user-agent' => 'Mozilla/5.0 (Windows NT 10.0; Win64; x64; rv:102.0) Gecko/20100101 Firefox/102.0',
  'host' => 'api.newkefu.com',
)
[ info ] [ PARAM ] array (
  '/api/test/userPay' => '',
  'start_time' => '2022-5-9',
  'end_time' => '2022-5-10',
  'platform' => 'youyu',
  'num' => '1',
)
[ info ] [ CACHE ] INIT redis
[ info ] [ RUN ] app\api\controller\Test->userPay[ D:\phpstudy_pro\WWW\new_kefu_online\application\api\controller\Test.php ]
[ info ] [ DB ] INIT mysql
[ info ] [ DB ] INIT mysql
[ info ] [ LOG ] INIT File
---------------------------------------------------------------
[ 2022-07-04T17:28:11+08:00 ] 127.0.0.1 GET api.newkefu.com/api/test/userPay?start_time=2022-5-9&end_time=2022-5-10&platform=youyu&num=1
[运行时间：1.421526s] [吞吐率：0.70req/s] [内存消耗：4,262.65kb] [文件加载：173]
[ info ] [ LANG ] D:\phpstudy_pro\WWW\new_kefu_online\thinkphp\lang\zh-cn.php
[ info ] [ ROUTE ] array (
  'type' => 'module',
  'module' => 
  array (
    0 => 'api',
    1 => 'test',
    2 => 'userPay',
  ),
)
[ info ] [ HEADER ] array (
  'upgrade-insecure-requests' => '1',
  'connection' => 'close',
  'accept-encoding' => 'gzip, deflate',
  'accept-language' => 'zh-CN,zh;q=0.8,zh-TW;q=0.7,zh-HK;q=0.5,en-US;q=0.3,en;q=0.2',
  'accept' => 'text/html,application/xhtml+xml,application/xml;q=0.9,image/avif,image/webp,*/*;q=0.8',
  'user-agent' => 'Mozilla/5.0 (Windows NT 10.0; Win64; x64; rv:102.0) Gecko/20100101 Firefox/102.0',
  'host' => 'api.newkefu.com',
)
[ info ] [ PARAM ] array (
  '/api/test/userPay' => '',
  'start_time' => '2022-5-9',
  'end_time' => '2022-5-10',
  'platform' => 'youyu',
  'num' => '1',
)
[ info ] [ CACHE ] INIT redis
[ info ] [ RUN ] app\api\controller\Test->userPay[ D:\phpstudy_pro\WWW\new_kefu_online\application\api\controller\Test.php ]
[ info ] [ DB ] INIT mysql
[ info ] [ DB ] INIT mysql
[ info ] [ LOG ] INIT File
---------------------------------------------------------------
[ 2022-07-04T17:28:49+08:00 ] 127.0.0.1 GET api.newkefu.com/api/test/userPay?start_time=2022-5-9&end_time=2022-5-10&platform=youyu&num=1
[运行时间：1.422088s] [吞吐率：0.70req/s] [内存消耗：4,263.02kb] [文件加载：173]
[ info ] [ LANG ] D:\phpstudy_pro\WWW\new_kefu_online\thinkphp\lang\zh-cn.php
[ info ] [ ROUTE ] array (
  'type' => 'module',
  'module' => 
  array (
    0 => 'api',
    1 => 'test',
    2 => 'userPay',
  ),
)
[ info ] [ HEADER ] array (
  'upgrade-insecure-requests' => '1',
  'connection' => 'close',
  'accept-encoding' => 'gzip, deflate',
  'accept-language' => 'zh-CN,zh;q=0.8,zh-TW;q=0.7,zh-HK;q=0.5,en-US;q=0.3,en;q=0.2',
  'accept' => 'text/html,application/xhtml+xml,application/xml;q=0.9,image/avif,image/webp,*/*;q=0.8',
  'user-agent' => 'Mozilla/5.0 (Windows NT 10.0; Win64; x64; rv:102.0) Gecko/20100101 Firefox/102.0',
  'host' => 'api.newkefu.com',
)
[ info ] [ PARAM ] array (
  '/api/test/userPay' => '',
  'start_time' => '2022-5-9',
  'end_time' => '2022-5-10',
  'platform' => 'youyu',
  'num' => '1',
)
[ info ] [ CACHE ] INIT redis
[ info ] [ RUN ] app\api\controller\Test->userPay[ D:\phpstudy_pro\WWW\new_kefu_online\application\api\controller\Test.php ]
[ info ] [ DB ] INIT mysql
[ info ] [ DB ] INIT mysql
[ info ] [ LOG ] INIT File
---------------------------------------------------------------
[ 2022-07-04T17:29:35+08:00 ] 127.0.0.1 GET api.newkefu.com/api/test/userPay?start_time=2022-5-9&end_time=2022-5-10&platform=youyu&num=1
[运行时间：1.485764s] [吞吐率：0.67req/s] [内存消耗：4,262.62kb] [文件加载：173]
[ info ] [ LANG ] D:\phpstudy_pro\WWW\new_kefu_online\thinkphp\lang\zh-cn.php
[ info ] [ ROUTE ] array (
  'type' => 'module',
  'module' => 
  array (
    0 => 'api',
    1 => 'test',
    2 => 'userPay',
  ),
)
[ info ] [ HEADER ] array (
  'upgrade-insecure-requests' => '1',
  'connection' => 'close',
  'accept-encoding' => 'gzip, deflate',
  'accept-language' => 'zh-CN,zh;q=0.8,zh-TW;q=0.7,zh-HK;q=0.5,en-US;q=0.3,en;q=0.2',
  'accept' => 'text/html,application/xhtml+xml,application/xml;q=0.9,image/avif,image/webp,*/*;q=0.8',
  'user-agent' => 'Mozilla/5.0 (Windows NT 10.0; Win64; x64; rv:102.0) Gecko/20100101 Firefox/102.0',
  'host' => 'api.newkefu.com',
)
[ info ] [ PARAM ] array (
  '/api/test/userPay' => '',
  'start_time' => '2022-5-9',
  'end_time' => '2022-5-10',
  'platform' => 'youyu',
  'num' => '1',
)
[ info ] [ CACHE ] INIT redis
[ info ] [ RUN ] app\api\controller\Test->userPay[ D:\phpstudy_pro\WWW\new_kefu_online\application\api\controller\Test.php ]
[ info ] [ DB ] INIT mysql
[ info ] [ DB ] INIT mysql
[ info ] [ LOG ] INIT File
---------------------------------------------------------------
[ 2022-07-04T17:29:42+08:00 ] 127.0.0.1 GET api.newkefu.com/api/test/userPay?start_time=2022-5-9&end_time=2022-5-10&platform=youyu&num=1
[运行时间：1.425552s] [吞吐率：0.70req/s] [内存消耗：4,262.99kb] [文件加载：173]
[ info ] [ LANG ] D:\phpstudy_pro\WWW\new_kefu_online\thinkphp\lang\zh-cn.php
[ info ] [ ROUTE ] array (
  'type' => 'module',
  'module' => 
  array (
    0 => 'api',
    1 => 'test',
    2 => 'userPay',
  ),
)
[ info ] [ HEADER ] array (
  'upgrade-insecure-requests' => '1',
  'connection' => 'close',
  'accept-encoding' => 'gzip, deflate',
  'accept-language' => 'zh-CN,zh;q=0.8,zh-TW;q=0.7,zh-HK;q=0.5,en-US;q=0.3,en;q=0.2',
  'accept' => 'text/html,application/xhtml+xml,application/xml;q=0.9,image/avif,image/webp,*/*;q=0.8',
  'user-agent' => 'Mozilla/5.0 (Windows NT 10.0; Win64; x64; rv:102.0) Gecko/20100101 Firefox/102.0',
  'host' => 'api.newkefu.com',
)
[ info ] [ PARAM ] array (
  '/api/test/userPay' => '',
  'start_time' => '2022-5-9',
  'end_time' => '2022-5-10',
  'platform' => 'youyu',
  'num' => '1',
)
[ info ] [ CACHE ] INIT redis
[ info ] [ RUN ] app\api\controller\Test->userPay[ D:\phpstudy_pro\WWW\new_kefu_online\application\api\controller\Test.php ]
[ info ] [ DB ] INIT mysql
[ info ] [ DB ] INIT mysql
[ info ] [ LOG ] INIT File
---------------------------------------------------------------
[ 2022-07-04T17:30:16+08:00 ] 127.0.0.1 GET api.newkefu.com/api/test/userPay?start_time=2022-5-9&end_time=2022-5-10&platform=youyu&num=1
[运行时间：1.439416s] [吞吐率：0.69req/s] [内存消耗：4,263.27kb] [文件加载：173]
[ info ] [ LANG ] D:\phpstudy_pro\WWW\new_kefu_online\thinkphp\lang\zh-cn.php
[ info ] [ ROUTE ] array (
  'type' => 'module',
  'module' => 
  array (
    0 => 'api',
    1 => 'test',
    2 => 'userPay',
  ),
)
[ info ] [ HEADER ] array (
  'upgrade-insecure-requests' => '1',
  'connection' => 'close',
  'accept-encoding' => 'gzip, deflate',
  'accept-language' => 'zh-CN,zh;q=0.8,zh-TW;q=0.7,zh-HK;q=0.5,en-US;q=0.3,en;q=0.2',
  'accept' => 'text/html,application/xhtml+xml,application/xml;q=0.9,image/avif,image/webp,*/*;q=0.8',
  'user-agent' => 'Mozilla/5.0 (Windows NT 10.0; Win64; x64; rv:102.0) Gecko/20100101 Firefox/102.0',
  'host' => 'api.newkefu.com',
)
[ info ] [ PARAM ] array (
  '/api/test/userPay' => '',
  'start_time' => '2022-5-9',
  'end_time' => '2022-5-10',
  'platform' => 'youyu',
  'num' => '1',
)
[ info ] [ CACHE ] INIT redis
[ info ] [ RUN ] app\api\controller\Test->userPay[ D:\phpstudy_pro\WWW\new_kefu_online\application\api\controller\Test.php ]
[ info ] [ DB ] INIT mysql
[ info ] [ DB ] INIT mysql
[ info ] [ LOG ] INIT File
---------------------------------------------------------------
[ 2022-07-04T17:30:43+08:00 ] 127.0.0.1 GET api.newkefu.com/api/test/userPay?start_time=2022-5-9&end_time=2022-5-10&platform=youyu&num=1
[运行时间：1.433020s] [吞吐率：0.70req/s] [内存消耗：4,263.02kb] [文件加载：173]
[ info ] [ LANG ] D:\phpstudy_pro\WWW\new_kefu_online\thinkphp\lang\zh-cn.php
[ info ] [ ROUTE ] array (
  'type' => 'module',
  'module' => 
  array (
    0 => 'api',
    1 => 'test',
    2 => 'userPay',
  ),
)
[ info ] [ HEADER ] array (
  'upgrade-insecure-requests' => '1',
  'connection' => 'close',
  'accept-encoding' => 'gzip, deflate',
  'accept-language' => 'zh-CN,zh;q=0.8,zh-TW;q=0.7,zh-HK;q=0.5,en-US;q=0.3,en;q=0.2',
  'accept' => 'text/html,application/xhtml+xml,application/xml;q=0.9,image/avif,image/webp,*/*;q=0.8',
  'user-agent' => 'Mozilla/5.0 (Windows NT 10.0; Win64; x64; rv:102.0) Gecko/20100101 Firefox/102.0',
  'host' => 'api.newkefu.com',
)
[ info ] [ PARAM ] array (
  '/api/test/userPay' => '',
  'start_time' => '2022-5-9',
  'end_time' => '2022-5-10',
  'platform' => 'youyu',
  'num' => '1',
)
[ info ] [ CACHE ] INIT redis
[ info ] [ RUN ] app\api\controller\Test->userPay[ D:\phpstudy_pro\WWW\new_kefu_online\application\api\controller\Test.php ]
[ info ] [ DB ] INIT mysql
[ info ] [ DB ] INIT mysql
[ info ] [ LOG ] INIT File
---------------------------------------------------------------
[ 2022-07-04T17:31:20+08:00 ] 127.0.0.1 GET api.newkefu.com/api/test/userPay?start_time=2022-5-9&end_time=2022-5-10&platform=youyu&num=1
[运行时间：1.491915s] [吞吐率：0.67req/s] [内存消耗：4,265.48kb] [文件加载：173]
[ info ] [ LANG ] D:\phpstudy_pro\WWW\new_kefu_online\thinkphp\lang\zh-cn.php
[ info ] [ ROUTE ] array (
  'type' => 'module',
  'module' => 
  array (
    0 => 'api',
    1 => 'test',
    2 => 'userPay',
  ),
)
[ info ] [ HEADER ] array (
  'upgrade-insecure-requests' => '1',
  'connection' => 'close',
  'accept-encoding' => 'gzip, deflate',
  'accept-language' => 'zh-CN,zh;q=0.8,zh-TW;q=0.7,zh-HK;q=0.5,en-US;q=0.3,en;q=0.2',
  'accept' => 'text/html,application/xhtml+xml,application/xml;q=0.9,image/avif,image/webp,*/*;q=0.8',
  'user-agent' => 'Mozilla/5.0 (Windows NT 10.0; Win64; x64; rv:102.0) Gecko/20100101 Firefox/102.0',
  'host' => 'api.newkefu.com',
)
[ info ] [ PARAM ] array (
  '/api/test/userPay' => '',
  'start_time' => '2022-5-9',
  'end_time' => '2022-5-10',
  'platform' => 'youyu',
  'num' => '1',
)
[ info ] [ CACHE ] INIT redis
[ info ] [ RUN ] app\api\controller\Test->userPay[ D:\phpstudy_pro\WWW\new_kefu_online\application\api\controller\Test.php ]
[ info ] [ DB ] INIT mysql
[ info ] [ DB ] INIT mysql
[ info ] [ LOG ] INIT File
---------------------------------------------------------------
[ 2022-07-04T17:32:04+08:00 ] 127.0.0.1 GET api.newkefu.com/api/test/userPay?start_time=2022-5-9&end_time=2022-5-10&platform=youyu&num=1
[运行时间：27.976790s] [吞吐率：0.04req/s] [内存消耗：4,259.64kb] [文件加载：173]
[ info ] [ LANG ] D:\phpstudy_pro\WWW\new_kefu_online\thinkphp\lang\zh-cn.php
[ info ] [ ROUTE ] array (
  'type' => 'module',
  'module' => 
  array (
    0 => 'api',
    1 => 'test',
    2 => 'userPay',
  ),
)
[ info ] [ HEADER ] array (
  'upgrade-insecure-requests' => '1',
  'connection' => 'close',
  'accept-encoding' => 'gzip, deflate',
  'accept-language' => 'zh-CN,zh;q=0.8,zh-TW;q=0.7,zh-HK;q=0.5,en-US;q=0.3,en;q=0.2',
  'accept' => 'text/html,application/xhtml+xml,application/xml;q=0.9,image/avif,image/webp,*/*;q=0.8',
  'user-agent' => 'Mozilla/5.0 (Windows NT 10.0; Win64; x64; rv:102.0) Gecko/20100101 Firefox/102.0',
  'host' => 'api.newkefu.com',
)
[ info ] [ PARAM ] array (
  '/api/test/userPay' => '',
  'start_time' => '2022-5-9',
  'end_time' => '2022-5-10',
  'platform' => 'youyu',
  'num' => '1',
)
[ info ] [ CACHE ] INIT redis
[ info ] [ RUN ] app\api\controller\Test->userPay[ D:\phpstudy_pro\WWW\new_kefu_online\application\api\controller\Test.php ]
[ info ] [ DB ] INIT mysql
[ info ] [ DB ] INIT mysql
[ info ] [ LOG ] INIT File
