---------------------------------------------------------------
[ 2022-07-25T11:32:19+08:00 ] 127.0.0.1 GET api.newkefu.com/scripts/GameServerinfoStatisticsServer/run
[运行时间：0.125655s] [吞吐率：7.96req/s] [内存消耗：2,178.87kb] [文件加载：150]
[ info ] [ LANG ] D:\phpstudy_pro\WWW\new_kefu_online\thinkphp\lang\zh-cn.php
[ info ] [ ROUTE ] array (
  'type' => 'module',
  'module' => 
  array (
    0 => 'scripts',
    1 => 'GameServerinfoStatisticsServer',
    2 => 'run',
  ),
)
[ info ] [ HEADER ] array (
  'upgrade-insecure-requests' => '1',
  'connection' => 'close',
  'accept-encoding' => 'gzip, deflate',
  'accept-language' => 'zh-CN,zh;q=0.8,zh-TW;q=0.7,zh-HK;q=0.5,en-US;q=0.3,en;q=0.2',
  'accept' => 'text/html,application/xhtml+xml,application/xml;q=0.9,image/avif,image/webp,*/*;q=0.8',
  'user-agent' => 'Mozilla/5.0 (Windows NT 10.0; Win64; x64; rv:102.0) Gecko/20100101 Firefox/102.0',
  'host' => 'api.newkefu.com',
)
[ info ] [ PARAM ] array (
  '/scripts/GameServerinfoStatisticsServer/run' => '',
)
[ info ] [ LOG ] INIT File
---------------------------------------------------------------
[ 2022-07-25T11:32:23+08:00 ] 127.0.0.1 GET api.newkefu.com/scripts/GameServerinfoStatisticsr/run
[运行时间：0.062936s] [吞吐率：15.89req/s] [内存消耗：2,178.84kb] [文件加载：150]
[ info ] [ LANG ] D:\phpstudy_pro\WWW\new_kefu_online\thinkphp\lang\zh-cn.php
[ info ] [ ROUTE ] array (
  'type' => 'module',
  'module' => 
  array (
    0 => 'scripts',
    1 => 'GameServerinfoStatisticsr',
    2 => 'run',
  ),
)
[ info ] [ HEADER ] array (
  'upgrade-insecure-requests' => '1',
  'connection' => 'close',
  'accept-encoding' => 'gzip, deflate',
  'accept-language' => 'zh-CN,zh;q=0.8,zh-TW;q=0.7,zh-HK;q=0.5,en-US;q=0.3,en;q=0.2',
  'accept' => 'text/html,application/xhtml+xml,application/xml;q=0.9,image/avif,image/webp,*/*;q=0.8',
  'user-agent' => 'Mozilla/5.0 (Windows NT 10.0; Win64; x64; rv:102.0) Gecko/20100101 Firefox/102.0',
  'host' => 'api.newkefu.com',
)
[ info ] [ PARAM ] array (
  '/scripts/GameServerinfoStatisticsr/run' => '',
)
[ info ] [ LOG ] INIT File
---------------------------------------------------------------
[ 2022-07-25T11:32:27+08:00 ] 127.0.0.1 GET api.newkefu.com/scripts/GameServerinfoStatistics/run
[运行时间：0.060884s] [吞吐率：16.42req/s] [内存消耗：2,265.65kb] [文件加载：156]
[ info ] [ LANG ] D:\phpstudy_pro\WWW\new_kefu_online\thinkphp\lang\zh-cn.php
[ info ] [ ROUTE ] array (
  'type' => 'module',
  'module' => 
  array (
    0 => 'scripts',
    1 => 'GameServerinfoStatistics',
    2 => 'run',
  ),
)
[ info ] [ HEADER ] array (
  'upgrade-insecure-requests' => '1',
  'connection' => 'close',
  'accept-encoding' => 'gzip, deflate',
  'accept-language' => 'zh-CN,zh;q=0.8,zh-TW;q=0.7,zh-HK;q=0.5,en-US;q=0.3,en;q=0.2',
  'accept' => 'text/html,application/xhtml+xml,application/xml;q=0.9,image/avif,image/webp,*/*;q=0.8',
  'user-agent' => 'Mozilla/5.0 (Windows NT 10.0; Win64; x64; rv:102.0) Gecko/20100101 Firefox/102.0',
  'host' => 'api.newkefu.com',
)
[ info ] [ PARAM ] array (
  '/scripts/GameServerinfoStatistics/run' => '',
)
[ info ] [ LOG ] INIT File
---------------------------------------------------------------
[ 2022-07-25T11:32:33+08:00 ] 127.0.0.1 GET api.newkefu.com/scripts/GameServerinfoStatistics/run
[运行时间：0.062117s] [吞吐率：16.10req/s] [内存消耗：2,265.65kb] [文件加载：156]
[ info ] [ LANG ] D:\phpstudy_pro\WWW\new_kefu_online\thinkphp\lang\zh-cn.php
[ info ] [ ROUTE ] array (
  'type' => 'module',
  'module' => 
  array (
    0 => 'scripts',
    1 => 'GameServerinfoStatistics',
    2 => 'run',
  ),
)
[ info ] [ HEADER ] array (
  'upgrade-insecure-requests' => '1',
  'connection' => 'close',
  'accept-encoding' => 'gzip, deflate',
  'accept-language' => 'zh-CN,zh;q=0.8,zh-TW;q=0.7,zh-HK;q=0.5,en-US;q=0.3,en;q=0.2',
  'accept' => 'text/html,application/xhtml+xml,application/xml;q=0.9,image/avif,image/webp,*/*;q=0.8',
  'user-agent' => 'Mozilla/5.0 (Windows NT 10.0; Win64; x64; rv:102.0) Gecko/20100101 Firefox/102.0',
  'host' => 'api.newkefu.com',
)
[ info ] [ PARAM ] array (
  '/scripts/GameServerinfoStatistics/run' => '',
)
[ info ] [ LOG ] INIT File
---------------------------------------------------------------
[ 2022-07-25T11:33:16+08:00 ] 127.0.0.1 GET api.newkefu.com/scripts/GameServerinfoStatistics/run
[运行时间：0.129555s] [吞吐率：7.72req/s] [内存消耗：3,925.61kb] [文件加载：176]
[ info ] [ LANG ] D:\phpstudy_pro\WWW\new_kefu_online\thinkphp\lang\zh-cn.php
[ info ] [ ROUTE ] array (
  'type' => 'module',
  'module' => 
  array (
    0 => 'scripts',
    1 => 'GameServerinfoStatistics',
    2 => 'run',
  ),
)
[ info ] [ HEADER ] array (
  'upgrade-insecure-requests' => '1',
  'connection' => 'close',
  'accept-encoding' => 'gzip, deflate',
  'accept-language' => 'zh-CN,zh;q=0.8,zh-TW;q=0.7,zh-HK;q=0.5,en-US;q=0.3,en;q=0.2',
  'accept' => 'text/html,application/xhtml+xml,application/xml;q=0.9,image/avif,image/webp,*/*;q=0.8',
  'user-agent' => 'Mozilla/5.0 (Windows NT 10.0; Win64; x64; rv:102.0) Gecko/20100101 Firefox/102.0',
  'host' => 'api.newkefu.com',
)
[ info ] [ PARAM ] array (
  '/scripts/GameServerinfoStatistics/run' => '',
)
[ info ] [ CACHE ] INIT redis
[ info ] [ DB ] INIT mysql
[ info ] [ RUN ] app\scripts\controller\GameServerinfoStatistics->run[ D:\phpstudy_pro\WWW\new_kefu_online\application\scripts\controller\GameServerinfoStatistics.php ]
[ info ] [ LOG ] INIT File
[ error ] [8]未定义数组索引: action[D:\phpstudy_pro\WWW\new_kefu_online\application\scripts\controller\GameServerinfoStatistics.php:20]
---------------------------------------------------------------
[ 2022-07-25T11:34:00+08:00 ] 127.0.0.1 GET api.newkefu.com/scripts/GameServerinfoStatistics/run?p[action]=server_info&p[no_cache]=1
[运行时间：0.068557s] [吞吐率：14.59req/s] [内存消耗：2,676.58kb] [文件加载：164]
[ info ] [ LANG ] D:\phpstudy_pro\WWW\new_kefu_online\thinkphp\lang\zh-cn.php
[ info ] [ ROUTE ] array (
  'type' => 'module',
  'module' => 
  array (
    0 => 'scripts',
    1 => 'GameServerinfoStatistics',
    2 => 'run',
  ),
)
[ info ] [ HEADER ] array (
  'upgrade-insecure-requests' => '1',
  'connection' => 'close',
  'accept-encoding' => 'gzip, deflate',
  'accept-language' => 'zh-CN,zh;q=0.8,zh-TW;q=0.7,zh-HK;q=0.5,en-US;q=0.3,en;q=0.2',
  'accept' => 'text/html,application/xhtml+xml,application/xml;q=0.9,image/avif,image/webp,*/*;q=0.8',
  'user-agent' => 'Mozilla/5.0 (Windows NT 10.0; Win64; x64; rv:102.0) Gecko/20100101 Firefox/102.0',
  'host' => 'api.newkefu.com',
)
[ info ] [ PARAM ] array (
  '/scripts/GameServerinfoStatistics/run' => '',
  'p' => 
  array (
    'action' => 'server_info',
    'no_cache' => '1',
  ),
)
[ info ] [ CACHE ] INIT redis
[ info ] [ RUN ] app\scripts\controller\GameServerinfoStatistics->run[ D:\phpstudy_pro\WWW\new_kefu_online\application\scripts\controller\GameServerinfoStatistics.php ]
[ info ] [ LOG ] INIT File
[ error ] [0]致命错误: Call to undefined method app\scripts\controller\GameServerinfoStatistics::clean()[D:\phpstudy_pro\WWW\new_kefu_online\application\scripts\controller\GameServerinfoStatistics.php:24]
---------------------------------------------------------------
[ 2022-07-25T11:34:20+08:00 ] 127.0.0.1 GET api.newkefu.com/scripts/GameServerinfoStatistics/run?p[action]=server_info&p[no_cache]=1
[运行时间：0.074264s] [吞吐率：13.47req/s] [内存消耗：2,585.07kb] [文件加载：159]
[ info ] [ LANG ] D:\phpstudy_pro\WWW\new_kefu_online\thinkphp\lang\zh-cn.php
[ info ] [ ROUTE ] array (
  'type' => 'module',
  'module' => 
  array (
    0 => 'scripts',
    1 => 'GameServerinfoStatistics',
    2 => 'run',
  ),
)
[ info ] [ HEADER ] array (
  'upgrade-insecure-requests' => '1',
  'connection' => 'close',
  'accept-encoding' => 'gzip, deflate',
  'accept-language' => 'zh-CN,zh;q=0.8,zh-TW;q=0.7,zh-HK;q=0.5,en-US;q=0.3,en;q=0.2',
  'accept' => 'text/html,application/xhtml+xml,application/xml;q=0.9,image/avif,image/webp,*/*;q=0.8',
  'user-agent' => 'Mozilla/5.0 (Windows NT 10.0; Win64; x64; rv:102.0) Gecko/20100101 Firefox/102.0',
  'host' => 'api.newkefu.com',
)
[ info ] [ PARAM ] array (
  '/scripts/GameServerinfoStatistics/run' => '',
  'p' => 
  array (
    'action' => 'server_info',
    'no_cache' => '1',
  ),
)
[ info ] [ CACHE ] INIT redis
[ info ] [ RUN ] app\scripts\controller\GameServerinfoStatistics->run[ D:\phpstudy_pro\WWW\new_kefu_online\application\scripts\controller\GameServerinfoStatistics.php ]
[ info ] [ LOG ] INIT File
---------------------------------------------------------------
[ 2022-07-25T15:07:06+08:00 ] 127.0.0.1 GET api.newkefu.com/scripts/GameServerinfoStatistics/run?p[action]=server_info&p[no_cache]=1
[运行时间：0.273323s] [吞吐率：3.66req/s] [内存消耗：4,139.69kb] [文件加载：178]
[ info ] [ LANG ] D:\phpstudy_pro\WWW\new_kefu_online\thinkphp\lang\zh-cn.php
[ info ] [ ROUTE ] array (
  'type' => 'module',
  'module' => 
  array (
    0 => 'scripts',
    1 => 'GameServerinfoStatistics',
    2 => 'run',
  ),
)
[ info ] [ HEADER ] array (
  'upgrade-insecure-requests' => '1',
  'connection' => 'close',
  'accept-encoding' => 'gzip, deflate',
  'accept-language' => 'zh-CN,zh;q=0.8,zh-TW;q=0.7,zh-HK;q=0.5,en-US;q=0.3,en;q=0.2',
  'accept' => 'text/html,application/xhtml+xml,application/xml;q=0.9,image/avif,image/webp,*/*;q=0.8',
  'user-agent' => 'Mozilla/5.0 (Windows NT 10.0; Win64; x64; rv:102.0) Gecko/20100101 Firefox/102.0',
  'host' => 'api.newkefu.com',
)
[ info ] [ PARAM ] array (
  '/scripts/GameServerinfoStatistics/run' => '',
  'p' => 
  array (
    'action' => 'server_info',
    'no_cache' => '1',
  ),
)
[ info ] [ CACHE ] INIT redis
[ info ] [ DB ] INIT mysql
[ info ] [ RUN ] app\scripts\controller\GameServerinfoStatistics->run[ D:\phpstudy_pro\WWW\new_kefu_online\application\scripts\controller\GameServerinfoStatistics.php ]
[ info ] [ DB ] INIT mysql
[ info ] [ DB ] INIT mysql
[ info ] [ LOG ] INIT File
[ sql ] [ DB ] CONNECT:[ UseTime:0.002746s ] mysql:host=127.0.0.1;port=3306;dbname=gr_chat;charset=utf8
[ sql ] [ SQL ] SHOW COLUMNS FROM `gr_run_log` [ RunTime:0.005980s ]
[ sql ] [ SQL ] INSERT INTO `gr_run_log` (`controller` , `action` , `input_param` , `add_time` , `update_time`) VALUES ('script_GameServerinfoStatistics' , 'insertIntoServerInfo' , '{\"action\":\"server_info\",\"no_cache\":\"1\"}' , 1658732826 , 1658732826) [ RunTime:0.006142s ]
[ sql ] [ SQL ] SELECT * FROM `gr_run_log` WHERE  `id` = 286 LIMIT 1 [ RunTime:0.000744s ]
[ sql ] [ SQL ] UPDATE `gr_run_log`  SET `status`=1,`out_param`='[]',`update_time`=1658732826  WHERE  `id` = 286 [ RunTime:0.003146s ]
