---------------------------------------------------------------
[ 2022-05-10T11:08:55+08:00 ] 127.0.0.1 OPTIONS api.newkefu.com/admin/user/model
[运行时间：0.086242s] [吞吐率：11.60req/s] [内存消耗：2,406.31kb] [文件加载：153]
[ info ] [ LANG ] D:\phpstudy_pro\WWW\new_kefu_online\thinkphp\lang\zh-cn.php
[ info ] [ ROUTE ] array (
  'type' => 'module',
  'module' => 
  array (
    0 => 'admin',
    1 => 'user',
    2 => 'model',
  ),
)
[ info ] [ HEADER ] array (
  'connection' => 'close',
  'origin' => 'http://www.newkefu.com',
  'referer' => 'http://www.newkefu.com/',
  'access-control-request-headers' => 'platform,token',
  'access-control-request-method' => 'POST',
  'accept-encoding' => 'gzip, deflate',
  'accept-language' => 'zh-CN,zh;q=0.8,zh-TW;q=0.7,zh-HK;q=0.5,en-US;q=0.3,en;q=0.2',
  'accept' => '*/*',
  'user-agent' => 'Mozilla/5.0 (Windows NT 10.0; Win64; x64; rv:99.0) Gecko/20100101 Firefox/99.0',
  'host' => 'api.newkefu.com',
)
[ info ] [ PARAM ] array (
  '/admin/user/model' => '',
)
[ info ] [ LOG ] INIT File
---------------------------------------------------------------
[ 2022-05-10T11:08:55+08:00 ] 127.0.0.1 POST api.newkefu.com/admin/user/model
[运行时间：0.134549s] [吞吐率：7.43req/s] [内存消耗：4,883.75kb] [文件加载：194]
[ info ] [ LANG ] D:\phpstudy_pro\WWW\new_kefu_online\thinkphp\lang\zh-cn.php
[ info ] [ ROUTE ] array (
  'type' => 'module',
  'module' => 
  array (
    0 => 'admin',
    1 => 'user',
    2 => 'model',
  ),
)
[ info ] [ HEADER ] array (
  'content-length' => '0',
  'referer' => 'http://www.newkefu.com/',
  'connection' => 'close',
  'origin' => 'http://www.newkefu.com',
  'platform' => 'bx',
  'token' => 'eyJ0eXAiOiJKV1QiLCJhbGciOiJIUzI1NiIsImp0aSI6ImxYWGluZyJ9.eyJpc3MiOiJhcGkubmV3a2VmdS5jb20iLCJqdGkiOiJsWFhpbmciLCJpYXQiOjE2NTE4MzAxMzUsImV4cCI6MTY1NDQyMjEzNSwidWlkIjoxNDN9.OCzadoAUz3FNtBnDSphV3i9z3el_Nc3BTjMK_31Z1Og',
  'accept-encoding' => 'gzip, deflate',
  'accept-language' => 'zh-CN,zh;q=0.8,zh-TW;q=0.7,zh-HK;q=0.5,en-US;q=0.3,en;q=0.2',
  'accept' => 'application/json, text/javascript, */*; q=0.01',
  'user-agent' => 'Mozilla/5.0 (Windows NT 10.0; Win64; x64; rv:99.0) Gecko/20100101 Firefox/99.0',
  'host' => 'api.newkefu.com',
)
[ info ] [ PARAM ] array (
  '/admin/user/model' => '',
)
[ info ] [ DB ] INIT mysql
[ info ] [ CACHE ] INIT redis
[ info ] [ DB ] INIT mysql
[ info ] [ DB ] INIT mysql
[ info ] [ RUN ] app\admin\controller\User->model[ D:\phpstudy_pro\WWW\new_kefu_online\application\admin\controller\User.php ]
[ info ] [ LOG ] INIT File
[ sql ] [ DB ] CONNECT:[ UseTime:0.001332s ] mysql:host=127.0.0.1;port=3306;dbname=gr_chat;charset=utf8
[ sql ] [ SQL ] SHOW COLUMNS FROM `gr_menu_new` [ RunTime:0.000923s ]
[ sql ] [ SQL ] SELECT m.menu_id as id,`m`.`menu_name`,`m`.`p_id`,`m`.`controller`,`m`.`action`,`m`.`is_show`,`m`.`url`,`m`.`type` FROM `gr_menu_new` `m` ORDER BY `p_id` ASC,`sort` ASC,`id` ASC [ RunTime:0.002773s ]
---------------------------------------------------------------
[ 2022-05-10T11:08:56+08:00 ] 127.0.0.1 OPTIONS api.newkefu.com/admin/user/index
[运行时间：0.057251s] [吞吐率：17.47req/s] [内存消耗：2,406.32kb] [文件加载：153]
[ info ] [ LANG ] D:\phpstudy_pro\WWW\new_kefu_online\thinkphp\lang\zh-cn.php
[ info ] [ ROUTE ] array (
  'type' => 'module',
  'module' => 
  array (
    0 => 'admin',
    1 => 'user',
    2 => 'index',
  ),
)
[ info ] [ HEADER ] array (
  'connection' => 'close',
  'origin' => 'http://www.newkefu.com',
  'referer' => 'http://www.newkefu.com/',
  'access-control-request-headers' => 'platform,token',
  'access-control-request-method' => 'POST',
  'accept-encoding' => 'gzip, deflate',
  'accept-language' => 'zh-CN,zh;q=0.8,zh-TW;q=0.7,zh-HK;q=0.5,en-US;q=0.3,en;q=0.2',
  'accept' => '*/*',
  'user-agent' => 'Mozilla/5.0 (Windows NT 10.0; Win64; x64; rv:99.0) Gecko/20100101 Firefox/99.0',
  'host' => 'api.newkefu.com',
)
[ info ] [ PARAM ] array (
  '/admin/user/index' => '',
)
[ info ] [ LOG ] INIT File
---------------------------------------------------------------
[ 2022-05-10T11:08:56+08:00 ] 127.0.0.1 POST api.newkefu.com/admin/user/index
[运行时间：0.099429s] [吞吐率：10.06req/s] [内存消耗：4,749.88kb] [文件加载：193]
[ info ] [ LANG ] D:\phpstudy_pro\WWW\new_kefu_online\thinkphp\lang\zh-cn.php
[ info ] [ ROUTE ] array (
  'type' => 'module',
  'module' => 
  array (
    0 => 'admin',
    1 => 'user',
    2 => 'index',
  ),
)
[ info ] [ HEADER ] array (
  'content-length' => '0',
  'referer' => 'http://www.newkefu.com/',
  'connection' => 'close',
  'origin' => 'http://www.newkefu.com',
  'platform' => 'bx',
  'token' => 'eyJ0eXAiOiJKV1QiLCJhbGciOiJIUzI1NiIsImp0aSI6ImxYWGluZyJ9.eyJpc3MiOiJhcGkubmV3a2VmdS5jb20iLCJqdGkiOiJsWFhpbmciLCJpYXQiOjE2NTE4MzAxMzUsImV4cCI6MTY1NDQyMjEzNSwidWlkIjoxNDN9.OCzadoAUz3FNtBnDSphV3i9z3el_Nc3BTjMK_31Z1Og',
  'accept-encoding' => 'gzip, deflate',
  'accept-language' => 'zh-CN,zh;q=0.8,zh-TW;q=0.7,zh-HK;q=0.5,en-US;q=0.3,en;q=0.2',
  'accept' => 'application/json, text/javascript, */*; q=0.01',
  'user-agent' => 'Mozilla/5.0 (Windows NT 10.0; Win64; x64; rv:99.0) Gecko/20100101 Firefox/99.0',
  'host' => 'api.newkefu.com',
)
[ info ] [ PARAM ] array (
  '/admin/user/index' => '',
)
[ info ] [ DB ] INIT mysql
[ info ] [ CACHE ] INIT redis
[ info ] [ DB ] INIT mysql
[ info ] [ RUN ] app\admin\controller\User->index[ D:\phpstudy_pro\WWW\new_kefu_online\application\admin\controller\User.php ]
[ info ] [ LOG ] INIT File
[ sql ] [ DB ] CONNECT:[ UseTime:0.001146s ] mysql:host=127.0.0.1;port=3306;dbname=gr_chat;charset=utf8
[ sql ] [ SQL ] SHOW COLUMNS FROM `gr_menu_new` [ RunTime:0.000987s ]
[ sql ] [ SQL ] SELECT m.menu_id as id,`m`.`menu_name`,`m`.`p_id`,`m`.`controller`,`m`.`action`,`m`.`is_show`,`m`.`url`,`m`.`type` FROM `gr_menu_new` `m` ORDER BY `p_id` ASC,`sort` ASC,`id` ASC [ RunTime:0.000880s ]
---------------------------------------------------------------
[ 2022-05-10T11:08:59+08:00 ] 127.0.0.1 OPTIONS api.newkefu.com/admin/batch_block/index?page=1&limit=10
[运行时间：0.052631s] [吞吐率：19.00req/s] [内存消耗：2,393.02kb] [文件加载：153]
[ info ] [ LANG ] D:\phpstudy_pro\WWW\new_kefu_online\thinkphp\lang\zh-cn.php
[ info ] [ ROUTE ] array (
  'type' => 'module',
  'module' => 
  array (
    0 => 'admin',
    1 => 'batch_block',
    2 => 'index',
  ),
)
[ info ] [ HEADER ] array (
  'connection' => 'close',
  'origin' => 'http://www.newkefu.com',
  'referer' => 'http://www.newkefu.com/',
  'access-control-request-headers' => 'platform,token',
  'access-control-request-method' => 'GET',
  'accept-encoding' => 'gzip, deflate',
  'accept-language' => 'zh-CN,zh;q=0.8,zh-TW;q=0.7,zh-HK;q=0.5,en-US;q=0.3,en;q=0.2',
  'accept' => '*/*',
  'user-agent' => 'Mozilla/5.0 (Windows NT 10.0; Win64; x64; rv:99.0) Gecko/20100101 Firefox/99.0',
  'host' => 'api.newkefu.com',
)
[ info ] [ PARAM ] array (
  '/admin/batch_block/index' => '',
  'page' => '1',
  'limit' => '10',
)
[ info ] [ LOG ] INIT File
---------------------------------------------------------------
[ 2022-05-10T11:08:59+08:00 ] 127.0.0.1 GET api.newkefu.com/admin/batch_block/index?page=1&limit=10
[运行时间：0.088755s] [吞吐率：11.27req/s] [内存消耗：4,807.65kb] [文件加载：200]
[ info ] [ LANG ] D:\phpstudy_pro\WWW\new_kefu_online\thinkphp\lang\zh-cn.php
[ info ] [ ROUTE ] array (
  'type' => 'module',
  'module' => 
  array (
    0 => 'admin',
    1 => 'batch_block',
    2 => 'index',
  ),
)
[ info ] [ HEADER ] array (
  'referer' => 'http://www.newkefu.com/',
  'connection' => 'close',
  'origin' => 'http://www.newkefu.com',
  'platform' => 'bx',
  'token' => 'eyJ0eXAiOiJKV1QiLCJhbGciOiJIUzI1NiIsImp0aSI6ImxYWGluZyJ9.eyJpc3MiOiJhcGkubmV3a2VmdS5jb20iLCJqdGkiOiJsWFhpbmciLCJpYXQiOjE2NTE4MzAxMzUsImV4cCI6MTY1NDQyMjEzNSwidWlkIjoxNDN9.OCzadoAUz3FNtBnDSphV3i9z3el_Nc3BTjMK_31Z1Og',
  'accept-encoding' => 'gzip, deflate',
  'accept-language' => 'zh-CN,zh;q=0.8,zh-TW;q=0.7,zh-HK;q=0.5,en-US;q=0.3,en;q=0.2',
  'accept' => 'application/json, text/javascript, */*; q=0.01',
  'user-agent' => 'Mozilla/5.0 (Windows NT 10.0; Win64; x64; rv:99.0) Gecko/20100101 Firefox/99.0',
  'host' => 'api.newkefu.com',
)
[ info ] [ PARAM ] array (
  '/admin/batch_block/index' => '',
  'page' => '1',
  'limit' => '10',
)
[ info ] [ DB ] INIT mysql
[ info ] [ CACHE ] INIT redis
[ info ] [ DB ] INIT mysql
[ info ] [ RUN ] app\admin\controller\BatchBlock->index[ D:\phpstudy_pro\WWW\new_kefu_online\application\admin\controller\BatchBlock.php ]
[ info ] [ LOG ] INIT File
[ sql ] [ DB ] CONNECT:[ UseTime:0.001161s ] mysql:host=127.0.0.1;port=3306;dbname=gr_chat;charset=utf8
[ sql ] [ SQL ] SHOW COLUMNS FROM `gr_menu_new` [ RunTime:0.000712s ]
[ sql ] [ SQL ] SELECT m.menu_id as id,`m`.`menu_name`,`m`.`p_id`,`m`.`controller`,`m`.`action`,`m`.`is_show`,`m`.`url`,`m`.`type` FROM `gr_menu_new` `m` ORDER BY `p_id` ASC,`sort` ASC,`id` ASC [ RunTime:0.000792s ]
[ sql ] [ SQL ] SHOW COLUMNS FROM `gr_admin_log_n` [ RunTime:0.000721s ]
[ sql ] [ SQL ] INSERT INTO `gr_admin_log_n` (`ip` , `admin_id` , `url` , `data` , `controller` , `action` , `add_time`) VALUES ('127.0.0.1' , 143 , '/admin/batch_block/index?page=1&limit=10' , '\"{\\\"\\\\\\/admin\\\\\\/batch_block\\\\\\/index\\\":\\\"\\\",\\\"page\\\":\\\"1\\\",\\\"limit\\\":\\\"10\\\"}\"' , 'BatchBlock' , 'index' , 1652152139) [ RunTime:0.000536s ]
---------------------------------------------------------------
[ 2022-05-10T11:09:00+08:00 ] 127.0.0.1 OPTIONS api.newkefu.com/admin/ajax/getGameProduct
[运行时间：0.052766s] [吞吐率：18.95req/s] [内存消耗：2,418.99kb] [文件加载：153]
[ info ] [ LANG ] D:\phpstudy_pro\WWW\new_kefu_online\thinkphp\lang\zh-cn.php
[ info ] [ ROUTE ] array (
  'type' => 'module',
  'module' => 
  array (
    0 => 'admin',
    1 => 'ajax',
    2 => 'getGameProduct',
  ),
)
[ info ] [ HEADER ] array (
  'connection' => 'close',
  'origin' => 'http://www.newkefu.com',
  'referer' => 'http://www.newkefu.com/',
  'access-control-request-headers' => 'platform,token',
  'access-control-request-method' => 'POST',
  'accept-encoding' => 'gzip, deflate',
  'accept-language' => 'zh-CN,zh;q=0.8,zh-TW;q=0.7,zh-HK;q=0.5,en-US;q=0.3,en;q=0.2',
  'accept' => '*/*',
  'user-agent' => 'Mozilla/5.0 (Windows NT 10.0; Win64; x64; rv:99.0) Gecko/20100101 Firefox/99.0',
  'host' => 'api.newkefu.com',
)
[ info ] [ PARAM ] array (
  '/admin/ajax/getGameProduct' => '',
)
[ info ] [ LOG ] INIT File
---------------------------------------------------------------
[ 2022-05-10T11:09:00+08:00 ] 127.0.0.1 POST api.newkefu.com/admin/ajax/getGameProduct
[运行时间：0.093176s] [吞吐率：10.73req/s] [内存消耗：4,839.45kb] [文件加载：194]
[ info ] [ LANG ] D:\phpstudy_pro\WWW\new_kefu_online\thinkphp\lang\zh-cn.php
[ info ] [ ROUTE ] array (
  'type' => 'module',
  'module' => 
  array (
    0 => 'admin',
    1 => 'ajax',
    2 => 'getGameProduct',
  ),
)
[ info ] [ HEADER ] array (
  'content-length' => '0',
  'referer' => 'http://www.newkefu.com/',
  'connection' => 'close',
  'origin' => 'http://www.newkefu.com',
  'platform' => 'bx',
  'token' => 'eyJ0eXAiOiJKV1QiLCJhbGciOiJIUzI1NiIsImp0aSI6ImxYWGluZyJ9.eyJpc3MiOiJhcGkubmV3a2VmdS5jb20iLCJqdGkiOiJsWFhpbmciLCJpYXQiOjE2NTE4MzAxMzUsImV4cCI6MTY1NDQyMjEzNSwidWlkIjoxNDN9.OCzadoAUz3FNtBnDSphV3i9z3el_Nc3BTjMK_31Z1Og',
  'accept-encoding' => 'gzip, deflate',
  'accept-language' => 'zh-CN,zh;q=0.8,zh-TW;q=0.7,zh-HK;q=0.5,en-US;q=0.3,en;q=0.2',
  'accept' => 'application/json, text/javascript, */*; q=0.01',
  'user-agent' => 'Mozilla/5.0 (Windows NT 10.0; Win64; x64; rv:99.0) Gecko/20100101 Firefox/99.0',
  'host' => 'api.newkefu.com',
)
[ info ] [ PARAM ] array (
  '/admin/ajax/getGameProduct' => '',
)
[ info ] [ DB ] INIT mysql
[ info ] [ CACHE ] INIT redis
[ info ] [ DB ] INIT mysql
[ info ] [ RUN ] app\admin\controller\Ajax->getGameProduct[ D:\phpstudy_pro\WWW\new_kefu_online\application\admin\controller\Ajax.php ]
[ info ] [ LOG ] INIT File
[ sql ] [ DB ] CONNECT:[ UseTime:0.001126s ] mysql:host=127.0.0.1;port=3306;dbname=gr_chat;charset=utf8
[ sql ] [ SQL ] SHOW COLUMNS FROM `gr_menu_new` [ RunTime:0.000838s ]
[ sql ] [ SQL ] SELECT m.menu_id as id,`m`.`menu_name`,`m`.`p_id`,`m`.`controller`,`m`.`action`,`m`.`is_show`,`m`.`url`,`m`.`type` FROM `gr_menu_new` `m` ORDER BY `p_id` ASC,`sort` ASC,`id` ASC [ RunTime:0.000883s ]
---------------------------------------------------------------
[ 2022-05-10T11:09:37+08:00 ] 127.0.0.1 OPTIONS api.newkefu.com/admin/ajax/getGameProduct
[运行时间：0.053655s] [吞吐率：18.64req/s] [内存消耗：2,418.99kb] [文件加载：153]
[ info ] [ LANG ] D:\phpstudy_pro\WWW\new_kefu_online\thinkphp\lang\zh-cn.php
[ info ] [ ROUTE ] array (
  'type' => 'module',
  'module' => 
  array (
    0 => 'admin',
    1 => 'ajax',
    2 => 'getGameProduct',
  ),
)
[ info ] [ HEADER ] array (
  'connection' => 'close',
  'origin' => 'http://www.newkefu.com',
  'referer' => 'http://www.newkefu.com/',
  'access-control-request-headers' => 'platform,token',
  'access-control-request-method' => 'POST',
  'accept-encoding' => 'gzip, deflate',
  'accept-language' => 'zh-CN,zh;q=0.8,zh-TW;q=0.7,zh-HK;q=0.5,en-US;q=0.3,en;q=0.2',
  'accept' => '*/*',
  'user-agent' => 'Mozilla/5.0 (Windows NT 10.0; Win64; x64; rv:99.0) Gecko/20100101 Firefox/99.0',
  'host' => 'api.newkefu.com',
)
[ info ] [ PARAM ] array (
  '/admin/ajax/getGameProduct' => '',
)
[ info ] [ LOG ] INIT File
---------------------------------------------------------------
[ 2022-05-10T11:09:38+08:00 ] 127.0.0.1 POST api.newkefu.com/admin/ajax/getGameProduct
[运行时间：0.099675s] [吞吐率：10.03req/s] [内存消耗：4,839.45kb] [文件加载：194]
[ info ] [ LANG ] D:\phpstudy_pro\WWW\new_kefu_online\thinkphp\lang\zh-cn.php
[ info ] [ ROUTE ] array (
  'type' => 'module',
  'module' => 
  array (
    0 => 'admin',
    1 => 'ajax',
    2 => 'getGameProduct',
  ),
)
[ info ] [ HEADER ] array (
  'content-length' => '0',
  'referer' => 'http://www.newkefu.com/',
  'connection' => 'close',
  'origin' => 'http://www.newkefu.com',
  'platform' => 'bx',
  'token' => 'eyJ0eXAiOiJKV1QiLCJhbGciOiJIUzI1NiIsImp0aSI6ImxYWGluZyJ9.eyJpc3MiOiJhcGkubmV3a2VmdS5jb20iLCJqdGkiOiJsWFhpbmciLCJpYXQiOjE2NTE4MzAxMzUsImV4cCI6MTY1NDQyMjEzNSwidWlkIjoxNDN9.OCzadoAUz3FNtBnDSphV3i9z3el_Nc3BTjMK_31Z1Og',
  'accept-encoding' => 'gzip, deflate',
  'accept-language' => 'zh-CN,zh;q=0.8,zh-TW;q=0.7,zh-HK;q=0.5,en-US;q=0.3,en;q=0.2',
  'accept' => 'application/json, text/javascript, */*; q=0.01',
  'user-agent' => 'Mozilla/5.0 (Windows NT 10.0; Win64; x64; rv:99.0) Gecko/20100101 Firefox/99.0',
  'host' => 'api.newkefu.com',
)
[ info ] [ PARAM ] array (
  '/admin/ajax/getGameProduct' => '',
)
[ info ] [ DB ] INIT mysql
[ info ] [ CACHE ] INIT redis
[ info ] [ DB ] INIT mysql
[ info ] [ RUN ] app\admin\controller\Ajax->getGameProduct[ D:\phpstudy_pro\WWW\new_kefu_online\application\admin\controller\Ajax.php ]
[ info ] [ LOG ] INIT File
[ sql ] [ DB ] CONNECT:[ UseTime:0.000958s ] mysql:host=127.0.0.1;port=3306;dbname=gr_chat;charset=utf8
[ sql ] [ SQL ] SHOW COLUMNS FROM `gr_menu_new` [ RunTime:0.000783s ]
[ sql ] [ SQL ] SELECT m.menu_id as id,`m`.`menu_name`,`m`.`p_id`,`m`.`controller`,`m`.`action`,`m`.`is_show`,`m`.`url`,`m`.`type` FROM `gr_menu_new` `m` ORDER BY `p_id` ASC,`sort` ASC,`id` ASC [ RunTime:0.001271s ]
---------------------------------------------------------------
[ 2022-05-10T11:09:48+08:00 ] 127.0.0.1 OPTIONS api.newkefu.com/admin/batch_block/batch_block
[运行时间：0.051234s] [吞吐率：19.52req/s] [内存消耗：2,392.90kb] [文件加载：153]
[ info ] [ LANG ] D:\phpstudy_pro\WWW\new_kefu_online\thinkphp\lang\zh-cn.php
[ info ] [ ROUTE ] array (
  'type' => 'module',
  'module' => 
  array (
    0 => 'admin',
    1 => 'batch_block',
    2 => 'batch_block',
  ),
)
[ info ] [ HEADER ] array (
  'connection' => 'close',
  'origin' => 'http://www.newkefu.com',
  'referer' => 'http://www.newkefu.com/',
  'access-control-request-headers' => 'platform,token',
  'access-control-request-method' => 'POST',
  'accept-encoding' => 'gzip, deflate',
  'accept-language' => 'zh-CN,zh;q=0.8,zh-TW;q=0.7,zh-HK;q=0.5,en-US;q=0.3,en;q=0.2',
  'accept' => '*/*',
  'user-agent' => 'Mozilla/5.0 (Windows NT 10.0; Win64; x64; rv:99.0) Gecko/20100101 Firefox/99.0',
  'host' => 'api.newkefu.com',
)
[ info ] [ PARAM ] array (
  '/admin/batch_block/batch_block' => '',
)
[ info ] [ LOG ] INIT File
---------------------------------------------------------------
[ 2022-05-10T11:09:50+08:00 ] 127.0.0.1 POST api.newkefu.com/admin/batch_block/batch_block
[运行时间：1.623096s] [吞吐率：0.62req/s] [内存消耗：4,911.74kb] [文件加载：200]
[ info ] [ LANG ] D:\phpstudy_pro\WWW\new_kefu_online\thinkphp\lang\zh-cn.php
[ info ] [ ROUTE ] array (
  'type' => 'module',
  'module' => 
  array (
    0 => 'admin',
    1 => 'batch_block',
    2 => 'batch_block',
  ),
)
[ info ] [ HEADER ] array (
  'referer' => 'http://www.newkefu.com/',
  'connection' => 'close',
  'origin' => 'http://www.newkefu.com',
  'content-length' => '53',
  'platform' => 'bx',
  'token' => 'eyJ0eXAiOiJKV1QiLCJhbGciOiJIUzI1NiIsImp0aSI6ImxYWGluZyJ9.eyJpc3MiOiJhcGkubmV3a2VmdS5jb20iLCJqdGkiOiJsWFhpbmciLCJpYXQiOjE2NTE4MzAxMzUsImV4cCI6MTY1NDQyMjEzNSwidWlkIjoxNDN9.OCzadoAUz3FNtBnDSphV3i9z3el_Nc3BTjMK_31Z1Og',
  'content-type' => 'application/x-www-form-urlencoded; charset=UTF-8',
  'accept-encoding' => 'gzip, deflate',
  'accept-language' => 'zh-CN,zh;q=0.8,zh-TW;q=0.7,zh-HK;q=0.5,en-US;q=0.3,en;q=0.2',
  'accept' => 'application/json, text/javascript, */*; q=0.01',
  'user-agent' => 'Mozilla/5.0 (Windows NT 10.0; Win64; x64; rv:99.0) Gecko/20100101 Firefox/99.0',
  'host' => 'api.newkefu.com',
)
[ info ] [ PARAM ] array (
  '/admin/batch_block/batch_block' => '',
  'game' => 'wyxx',
  'ban_time' => '1000',
  'account' => '2830812||1',
  'type' => '1',
)
[ info ] [ DB ] INIT mysql
[ info ] [ CACHE ] INIT redis
[ info ] [ DB ] INIT mysql
[ info ] [ RUN ] app\admin\controller\BatchBlock->batch_block[ D:\phpstudy_pro\WWW\new_kefu_online\application\admin\controller\BatchBlock.php ]
[ info ] [ LOG ] INIT File
[ sql ] [ DB ] CONNECT:[ UseTime:0.001044s ] mysql:host=127.0.0.1;port=3306;dbname=gr_chat;charset=utf8
[ sql ] [ SQL ] SHOW COLUMNS FROM `gr_menu_new` [ RunTime:0.000683s ]
[ sql ] [ SQL ] SELECT m.menu_id as id,`m`.`menu_name`,`m`.`p_id`,`m`.`controller`,`m`.`action`,`m`.`is_show`,`m`.`url`,`m`.`type` FROM `gr_menu_new` `m` ORDER BY `p_id` ASC,`sort` ASC,`id` ASC [ RunTime:0.000910s ]
[ sql ] [ SQL ] SHOW COLUMNS FROM `gr_admin_log_n` [ RunTime:0.000947s ]
[ sql ] [ SQL ] INSERT INTO `gr_admin_log_n` (`ip` , `admin_id` , `url` , `data` , `controller` , `action` , `add_time`) VALUES ('127.0.0.1' , 143 , '/admin/batch_block/batch_block' , '\"{\\\"\\\\\\/admin\\\\\\/batch_block\\\\\\/batch_block\\\":\\\"\\\",\\\"game\\\":\\\"wyxx\\\",\\\"ban_time\\\":\\\"1000\\\",\\\"account\\\":\\\"2830812||1\\\",\\\"type\\\":\\\"1\\\"}\"' , 'BatchBlock' , 'batch_block' , 1652152189) [ RunTime:0.000417s ]
---------------------------------------------------------------
[ 2022-05-10T11:09:51+08:00 ] 127.0.0.1 OPTIONS api.newkefu.com/admin/batch_block/index?page=1&limit=10
[运行时间：0.051156s] [吞吐率：19.55req/s] [内存消耗：2,393.02kb] [文件加载：153]
[ info ] [ LANG ] D:\phpstudy_pro\WWW\new_kefu_online\thinkphp\lang\zh-cn.php
[ info ] [ ROUTE ] array (
  'type' => 'module',
  'module' => 
  array (
    0 => 'admin',
    1 => 'batch_block',
    2 => 'index',
  ),
)
[ info ] [ HEADER ] array (
  'connection' => 'close',
  'origin' => 'http://www.newkefu.com',
  'referer' => 'http://www.newkefu.com/',
  'access-control-request-headers' => 'platform,token',
  'access-control-request-method' => 'GET',
  'accept-encoding' => 'gzip, deflate',
  'accept-language' => 'zh-CN,zh;q=0.8,zh-TW;q=0.7,zh-HK;q=0.5,en-US;q=0.3,en;q=0.2',
  'accept' => '*/*',
  'user-agent' => 'Mozilla/5.0 (Windows NT 10.0; Win64; x64; rv:99.0) Gecko/20100101 Firefox/99.0',
  'host' => 'api.newkefu.com',
)
[ info ] [ PARAM ] array (
  '/admin/batch_block/index' => '',
  'page' => '1',
  'limit' => '10',
)
[ info ] [ LOG ] INIT File
---------------------------------------------------------------
[ 2022-05-10T11:09:51+08:00 ] 127.0.0.1 GET api.newkefu.com/admin/batch_block/index?page=1&limit=10
[运行时间：0.095436s] [吞吐率：10.48req/s] [内存消耗：4,807.65kb] [文件加载：200]
[ info ] [ LANG ] D:\phpstudy_pro\WWW\new_kefu_online\thinkphp\lang\zh-cn.php
[ info ] [ ROUTE ] array (
  'type' => 'module',
  'module' => 
  array (
    0 => 'admin',
    1 => 'batch_block',
    2 => 'index',
  ),
)
[ info ] [ HEADER ] array (
  'referer' => 'http://www.newkefu.com/',
  'connection' => 'close',
  'origin' => 'http://www.newkefu.com',
  'platform' => 'bx',
  'token' => 'eyJ0eXAiOiJKV1QiLCJhbGciOiJIUzI1NiIsImp0aSI6ImxYWGluZyJ9.eyJpc3MiOiJhcGkubmV3a2VmdS5jb20iLCJqdGkiOiJsWFhpbmciLCJpYXQiOjE2NTE4MzAxMzUsImV4cCI6MTY1NDQyMjEzNSwidWlkIjoxNDN9.OCzadoAUz3FNtBnDSphV3i9z3el_Nc3BTjMK_31Z1Og',
  'accept-encoding' => 'gzip, deflate',
  'accept-language' => 'zh-CN,zh;q=0.8,zh-TW;q=0.7,zh-HK;q=0.5,en-US;q=0.3,en;q=0.2',
  'accept' => 'application/json, text/javascript, */*; q=0.01',
  'user-agent' => 'Mozilla/5.0 (Windows NT 10.0; Win64; x64; rv:99.0) Gecko/20100101 Firefox/99.0',
  'host' => 'api.newkefu.com',
)
[ info ] [ PARAM ] array (
  '/admin/batch_block/index' => '',
  'page' => '1',
  'limit' => '10',
)
[ info ] [ DB ] INIT mysql
[ info ] [ CACHE ] INIT redis
[ info ] [ DB ] INIT mysql
[ info ] [ RUN ] app\admin\controller\BatchBlock->index[ D:\phpstudy_pro\WWW\new_kefu_online\application\admin\controller\BatchBlock.php ]
[ info ] [ LOG ] INIT File
[ sql ] [ DB ] CONNECT:[ UseTime:0.001415s ] mysql:host=127.0.0.1;port=3306;dbname=gr_chat;charset=utf8
[ sql ] [ SQL ] SHOW COLUMNS FROM `gr_menu_new` [ RunTime:0.000818s ]
[ sql ] [ SQL ] SELECT m.menu_id as id,`m`.`menu_name`,`m`.`p_id`,`m`.`controller`,`m`.`action`,`m`.`is_show`,`m`.`url`,`m`.`type` FROM `gr_menu_new` `m` ORDER BY `p_id` ASC,`sort` ASC,`id` ASC [ RunTime:0.000864s ]
[ sql ] [ SQL ] SHOW COLUMNS FROM `gr_admin_log_n` [ RunTime:0.000923s ]
[ sql ] [ SQL ] INSERT INTO `gr_admin_log_n` (`ip` , `admin_id` , `url` , `data` , `controller` , `action` , `add_time`) VALUES ('127.0.0.1' , 143 , '/admin/batch_block/index?page=1&limit=10' , '\"{\\\"\\\\\\/admin\\\\\\/batch_block\\\\\\/index\\\":\\\"\\\",\\\"page\\\":\\\"1\\\",\\\"limit\\\":\\\"10\\\"}\"' , 'BatchBlock' , 'index' , 1652152191) [ RunTime:0.000344s ]
---------------------------------------------------------------
[ 2022-05-10T11:09:52+08:00 ] 127.0.0.1 OPTIONS api.newkefu.com/admin/ajax/getGameProduct
[运行时间：0.051028s] [吞吐率：19.60req/s] [内存消耗：2,418.99kb] [文件加载：153]
[ info ] [ LANG ] D:\phpstudy_pro\WWW\new_kefu_online\thinkphp\lang\zh-cn.php
[ info ] [ ROUTE ] array (
  'type' => 'module',
  'module' => 
  array (
    0 => 'admin',
    1 => 'ajax',
    2 => 'getGameProduct',
  ),
)
[ info ] [ HEADER ] array (
  'connection' => 'close',
  'origin' => 'http://www.newkefu.com',
  'referer' => 'http://www.newkefu.com/',
  'access-control-request-headers' => 'platform,token',
  'access-control-request-method' => 'POST',
  'accept-encoding' => 'gzip, deflate',
  'accept-language' => 'zh-CN,zh;q=0.8,zh-TW;q=0.7,zh-HK;q=0.5,en-US;q=0.3,en;q=0.2',
  'accept' => '*/*',
  'user-agent' => 'Mozilla/5.0 (Windows NT 10.0; Win64; x64; rv:99.0) Gecko/20100101 Firefox/99.0',
  'host' => 'api.newkefu.com',
)
[ info ] [ PARAM ] array (
  '/admin/ajax/getGameProduct' => '',
)
[ info ] [ LOG ] INIT File
---------------------------------------------------------------
[ 2022-05-10T11:09:52+08:00 ] 127.0.0.1 POST api.newkefu.com/admin/ajax/getGameProduct
[运行时间：0.101246s] [吞吐率：9.88req/s] [内存消耗：4,839.45kb] [文件加载：194]
[ info ] [ LANG ] D:\phpstudy_pro\WWW\new_kefu_online\thinkphp\lang\zh-cn.php
[ info ] [ ROUTE ] array (
  'type' => 'module',
  'module' => 
  array (
    0 => 'admin',
    1 => 'ajax',
    2 => 'getGameProduct',
  ),
)
[ info ] [ HEADER ] array (
  'content-length' => '0',
  'referer' => 'http://www.newkefu.com/',
  'connection' => 'close',
  'origin' => 'http://www.newkefu.com',
  'platform' => 'bx',
  'token' => 'eyJ0eXAiOiJKV1QiLCJhbGciOiJIUzI1NiIsImp0aSI6ImxYWGluZyJ9.eyJpc3MiOiJhcGkubmV3a2VmdS5jb20iLCJqdGkiOiJsWFhpbmciLCJpYXQiOjE2NTE4MzAxMzUsImV4cCI6MTY1NDQyMjEzNSwidWlkIjoxNDN9.OCzadoAUz3FNtBnDSphV3i9z3el_Nc3BTjMK_31Z1Og',
  'accept-encoding' => 'gzip, deflate',
  'accept-language' => 'zh-CN,zh;q=0.8,zh-TW;q=0.7,zh-HK;q=0.5,en-US;q=0.3,en;q=0.2',
  'accept' => 'application/json, text/javascript, */*; q=0.01',
  'user-agent' => 'Mozilla/5.0 (Windows NT 10.0; Win64; x64; rv:99.0) Gecko/20100101 Firefox/99.0',
  'host' => 'api.newkefu.com',
)
[ info ] [ PARAM ] array (
  '/admin/ajax/getGameProduct' => '',
)
[ info ] [ DB ] INIT mysql
[ info ] [ CACHE ] INIT redis
[ info ] [ DB ] INIT mysql
[ info ] [ RUN ] app\admin\controller\Ajax->getGameProduct[ D:\phpstudy_pro\WWW\new_kefu_online\application\admin\controller\Ajax.php ]
[ info ] [ LOG ] INIT File
[ sql ] [ DB ] CONNECT:[ UseTime:0.011199s ] mysql:host=127.0.0.1;port=3306;dbname=gr_chat;charset=utf8
[ sql ] [ SQL ] SHOW COLUMNS FROM `gr_menu_new` [ RunTime:0.000739s ]
[ sql ] [ SQL ] SELECT m.menu_id as id,`m`.`menu_name`,`m`.`p_id`,`m`.`controller`,`m`.`action`,`m`.`is_show`,`m`.`url`,`m`.`type` FROM `gr_menu_new` `m` ORDER BY `p_id` ASC,`sort` ASC,`id` ASC [ RunTime:0.000845s ]
---------------------------------------------------------------
[ 2022-05-10T16:17:39+08:00 ] 127.0.0.1 OPTIONS api.newkefu.com/admin/player/ban_user_list
[运行时间：0.105398s] [吞吐率：9.49req/s] [内存消耗：2,432.35kb] [文件加载：153]
[ info ] [ LANG ] D:\phpstudy_pro\WWW\new_kefu_online\thinkphp\lang\zh-cn.php
[ info ] [ ROUTE ] array (
  'type' => 'module',
  'module' => 
  array (
    0 => 'admin',
    1 => 'player',
    2 => 'ban_user_list',
  ),
)
[ info ] [ HEADER ] array (
  'connection' => 'close',
  'origin' => 'http://www.newkefu.com',
  'referer' => 'http://www.newkefu.com/',
  'access-control-request-headers' => 'platform,token',
  'access-control-request-method' => 'POST',
  'accept-encoding' => 'gzip, deflate',
  'accept-language' => 'zh-CN,zh;q=0.8,zh-TW;q=0.7,zh-HK;q=0.5,en-US;q=0.3,en;q=0.2',
  'accept' => '*/*',
  'user-agent' => 'Mozilla/5.0 (Windows NT 10.0; Win64; x64; rv:99.0) Gecko/20100101 Firefox/99.0',
  'host' => 'api.newkefu.com',
)
[ info ] [ PARAM ] array (
  '/admin/player/ban_user_list' => '',
)
[ info ] [ LOG ] INIT File
---------------------------------------------------------------
[ 2022-05-10T16:17:39+08:00 ] 127.0.0.1 POST api.newkefu.com/admin/player/ban_user_list
[运行时间：0.111548s] [吞吐率：8.96req/s] [内存消耗：4,848.41kb] [文件加载：199]
[ info ] [ LANG ] D:\phpstudy_pro\WWW\new_kefu_online\thinkphp\lang\zh-cn.php
[ info ] [ ROUTE ] array (
  'type' => 'module',
  'module' => 
  array (
    0 => 'admin',
    1 => 'player',
    2 => 'ban_user_list',
  ),
)
[ info ] [ HEADER ] array (
  'referer' => 'http://www.newkefu.com/',
  'connection' => 'close',
  'origin' => 'http://www.newkefu.com',
  'content-length' => '15',
  'platform' => 'bx',
  'token' => 'eyJ0eXAiOiJKV1QiLCJhbGciOiJIUzI1NiIsImp0aSI6ImxYWGluZyJ9.eyJpc3MiOiJhcGkubmV3a2VmdS5jb20iLCJqdGkiOiJsWFhpbmciLCJpYXQiOjE2NTE4MzAxMzUsImV4cCI6MTY1NDQyMjEzNSwidWlkIjoxNDN9.OCzadoAUz3FNtBnDSphV3i9z3el_Nc3BTjMK_31Z1Og',
  'content-type' => 'application/x-www-form-urlencoded; charset=UTF-8',
  'accept-encoding' => 'gzip, deflate',
  'accept-language' => 'zh-CN,zh;q=0.8,zh-TW;q=0.7,zh-HK;q=0.5,en-US;q=0.3,en;q=0.2',
  'accept' => 'application/json, text/javascript, */*; q=0.01',
  'user-agent' => 'Mozilla/5.0 (Windows NT 10.0; Win64; x64; rv:99.0) Gecko/20100101 Firefox/99.0',
  'host' => 'api.newkefu.com',
)
[ info ] [ PARAM ] array (
  '/admin/player/ban_user_list' => '',
  'page' => '1',
  'limit' => '20',
)
[ info ] [ DB ] INIT mysql
[ info ] [ CACHE ] INIT redis
[ info ] [ DB ] INIT mysql
[ info ] [ DB ] INIT mysql
[ info ] [ RUN ] app\admin\controller\Player->ban_user_list[ D:\phpstudy_pro\WWW\new_kefu_online\application\admin\controller\Player.php ]
[ info ] [ LOG ] INIT File
[ sql ] [ DB ] CONNECT:[ UseTime:0.001315s ] mysql:host=127.0.0.1;port=3306;dbname=gr_chat;charset=utf8
[ sql ] [ SQL ] SHOW COLUMNS FROM `gr_menu_new` [ RunTime:0.000871s ]
[ sql ] [ SQL ] SELECT m.menu_id as id,`m`.`menu_name`,`m`.`p_id`,`m`.`controller`,`m`.`action`,`m`.`is_show`,`m`.`url`,`m`.`type` FROM `gr_menu_new` `m` ORDER BY `p_id` ASC,`sort` ASC,`id` ASC [ RunTime:0.002830s ]
[ sql ] [ SQL ] SHOW COLUMNS FROM `gr_admin_log_n` [ RunTime:0.000968s ]
[ sql ] [ SQL ] INSERT INTO `gr_admin_log_n` (`ip` , `admin_id` , `url` , `data` , `controller` , `action` , `add_time`) VALUES ('127.0.0.1' , 143 , '/admin/player/ban_user_list' , '\"{\\\"\\\\\\/admin\\\\\\/player\\\\\\/ban_user_list\\\":\\\"\\\",\\\"page\\\":\\\"1\\\",\\\"limit\\\":\\\"20\\\"}\"' , 'Player' , 'ban_user_list' , 1652170659) [ RunTime:0.000512s ]
