---------------------------------------------------------------
[ 2022-05-17T15:53:35+08:00 ] 127.0.0.1 OPTIONS api.newkefu.com/admin/player/platform_ban
[运行时间：0.090064s] [吞吐率：11.10req/s] [内存消耗：2,426.20kb] [文件加载：153]
[ info ] [ LANG ] D:\phpstudy_pro\WWW\new_kefu_online\thinkphp\lang\zh-cn.php
[ info ] [ ROUTE ] array (
  'type' => 'module',
  'module' => 
  array (
    0 => 'admin',
    1 => 'player',
    2 => 'platform_ban',
  ),
)
[ info ] [ HEADER ] array (
  'cache-control' => 'no-cache',
  'pragma' => 'no-cache',
  'connection' => 'close',
  'origin' => 'http://www.newkefu.com',
  'referer' => 'http://www.newkefu.com/',
  'access-control-request-headers' => 'platform,token',
  'access-control-request-method' => 'POST',
  'accept-encoding' => 'gzip, deflate',
  'accept-language' => 'zh-CN,zh;q=0.8,zh-TW;q=0.7,zh-HK;q=0.5,en-US;q=0.3,en;q=0.2',
  'accept' => '*/*',
  'user-agent' => 'Mozilla/5.0 (Windows NT 10.0; Win64; x64; rv:99.0) Gecko/20100101 Firefox/99.0',
  'host' => 'api.newkefu.com',
)
[ info ] [ PARAM ] array (
  '/admin/player/platform_ban' => '',
)
[ info ] [ LOG ] INIT File
---------------------------------------------------------------
[ 2022-05-17T15:53:35+08:00 ] 127.0.0.1 POST api.newkefu.com/admin/player/platform_ban
[运行时间：0.123755s] [吞吐率：8.08req/s] [内存消耗：4,857.09kb] [文件加载：197]
[ info ] [ LANG ] D:\phpstudy_pro\WWW\new_kefu_online\thinkphp\lang\zh-cn.php
[ info ] [ ROUTE ] array (
  'type' => 'module',
  'module' => 
  array (
    0 => 'admin',
    1 => 'player',
    2 => 'platform_ban',
  ),
)
[ info ] [ HEADER ] array (
  'cache-control' => 'no-cache',
  'pragma' => 'no-cache',
  'referer' => 'http://www.newkefu.com/',
  'connection' => 'close',
  'origin' => 'http://www.newkefu.com',
  'content-length' => '83',
  'platform' => 'bx',
  'token' => 'eyJ0eXAiOiJKV1QiLCJhbGciOiJIUzI1NiIsImp0aSI6ImxYWGluZyJ9.eyJpc3MiOiJhcGkubmV3a2VmdS5jb20iLCJqdGkiOiJsWFhpbmciLCJpYXQiOjE2NTE4MzAxMzUsImV4cCI6MTY1NDQyMjEzNSwidWlkIjoxNDN9.OCzadoAUz3FNtBnDSphV3i9z3el_Nc3BTjMK_31Z1Og',
  'content-type' => 'application/x-www-form-urlencoded; charset=UTF-8',
  'accept-encoding' => 'gzip, deflate',
  'accept-language' => 'zh-CN,zh;q=0.8,zh-TW;q=0.7,zh-HK;q=0.5,en-US;q=0.3,en;q=0.2',
  'accept' => 'application/json, text/javascript, */*; q=0.01',
  'user-agent' => 'Mozilla/5.0 (Windows NT 10.0; Win64; x64; rv:99.0) Gecko/20100101 Firefox/99.0',
  'host' => 'api.newkefu.com',
)
[ info ] [ PARAM ] array (
  '/admin/player/platform_ban' => '',
  'ban_list' => '123123',
  'ban_account_radio' => '1',
  'ban_time' => '1111',
  'ban_type' => '1',
  'reason' => '1',
  'action_type' => '1',
)
[ info ] [ DB ] INIT mysql
[ info ] [ CACHE ] INIT redis
[ info ] [ DB ] INIT mysql
[ info ] [ DB ] INIT mysql
[ info ] [ LOG ] INIT File
[ sql ] [ DB ] CONNECT:[ UseTime:0.001300s ] mysql:host=127.0.0.1;port=3306;dbname=gr_chat;charset=utf8
[ sql ] [ SQL ] SHOW COLUMNS FROM `gr_menu_new` [ RunTime:0.001430s ]
[ sql ] [ SQL ] SELECT m.menu_id as id,`m`.`menu_name`,`m`.`p_id`,`m`.`controller`,`m`.`action`,`m`.`is_show`,`m`.`url`,`m`.`type` FROM `gr_menu_new` `m` ORDER BY `p_id` ASC,`sort` ASC,`id` ASC [ RunTime:0.002793s ]
[ sql ] [ SQL ] SHOW COLUMNS FROM `gr_admin_log_n` [ RunTime:0.001439s ]
[ sql ] [ SQL ] INSERT INTO `gr_admin_log_n` (`ip` , `admin_id` , `url` , `data` , `controller` , `action` , `add_time`) VALUES ('127.0.0.1' , 143 , '/admin/player/platform_ban' , '\"{\\\"\\\\\\/admin\\\\\\/player\\\\\\/platform_ban\\\":\\\"\\\",\\\"ban_list\\\":\\\"123123\\\",\\\"ban_account_radio\\\":\\\"1\\\",\\\"ban_time\\\":\\\"1111\\\",\\\"ban_type\\\":\\\"1\\\",\\\"reason\\\":\\\"1\\\",\\\"action_type\\\":\\\"1\\\"}\"' , 'Player' , 'platform_ban' , 1652774015) [ RunTime:0.000604s ]
---------------------------------------------------------------
[ 2022-05-17T16:01:09+08:00 ] 127.0.0.1 OPTIONS api.newkefu.com/admin/player/platformBan
[运行时间：0.061540s] [吞吐率：16.25req/s] [内存消耗：2,426.21kb] [文件加载：153]
[ info ] [ LANG ] D:\phpstudy_pro\WWW\new_kefu_online\thinkphp\lang\zh-cn.php
[ info ] [ ROUTE ] array (
  'type' => 'module',
  'module' => 
  array (
    0 => 'admin',
    1 => 'player',
    2 => 'platformBan',
  ),
)
[ info ] [ HEADER ] array (
  'cache-control' => 'no-cache',
  'pragma' => 'no-cache',
  'connection' => 'close',
  'origin' => 'http://www.newkefu.com',
  'referer' => 'http://www.newkefu.com/',
  'access-control-request-headers' => 'platform,token',
  'access-control-request-method' => 'POST',
  'accept-encoding' => 'gzip, deflate',
  'accept-language' => 'zh-CN,zh;q=0.8,zh-TW;q=0.7,zh-HK;q=0.5,en-US;q=0.3,en;q=0.2',
  'accept' => '*/*',
  'user-agent' => 'Mozilla/5.0 (Windows NT 10.0; Win64; x64; rv:99.0) Gecko/20100101 Firefox/99.0',
  'host' => 'api.newkefu.com',
)
[ info ] [ PARAM ] array (
  '/admin/player/platformBan' => '',
)
[ info ] [ LOG ] INIT File
---------------------------------------------------------------
[ 2022-05-17T16:01:09+08:00 ] 127.0.0.1 POST api.newkefu.com/admin/player/platformBan
[运行时间：0.105645s] [吞吐率：9.47req/s] [内存消耗：4,797.54kb] [文件加载：199]
[ info ] [ LANG ] D:\phpstudy_pro\WWW\new_kefu_online\thinkphp\lang\zh-cn.php
[ info ] [ ROUTE ] array (
  'type' => 'module',
  'module' => 
  array (
    0 => 'admin',
    1 => 'player',
    2 => 'platformBan',
  ),
)
[ info ] [ HEADER ] array (
  'cache-control' => 'no-cache',
  'pragma' => 'no-cache',
  'referer' => 'http://www.newkefu.com/',
  'connection' => 'close',
  'origin' => 'http://www.newkefu.com',
  'content-length' => '83',
  'platform' => 'bx',
  'token' => 'eyJ0eXAiOiJKV1QiLCJhbGciOiJIUzI1NiIsImp0aSI6ImxYWGluZyJ9.eyJpc3MiOiJhcGkubmV3a2VmdS5jb20iLCJqdGkiOiJsWFhpbmciLCJpYXQiOjE2NTE4MzAxMzUsImV4cCI6MTY1NDQyMjEzNSwidWlkIjoxNDN9.OCzadoAUz3FNtBnDSphV3i9z3el_Nc3BTjMK_31Z1Og',
  'content-type' => 'application/x-www-form-urlencoded; charset=UTF-8',
  'accept-encoding' => 'gzip, deflate',
  'accept-language' => 'zh-CN,zh;q=0.8,zh-TW;q=0.7,zh-HK;q=0.5,en-US;q=0.3,en;q=0.2',
  'accept' => 'application/json, text/javascript, */*; q=0.01',
  'user-agent' => 'Mozilla/5.0 (Windows NT 10.0; Win64; x64; rv:99.0) Gecko/20100101 Firefox/99.0',
  'host' => 'api.newkefu.com',
)
[ info ] [ PARAM ] array (
  '/admin/player/platformBan' => '',
  'ban_list' => '123123',
  'ban_account_radio' => '1',
  'ban_time' => '1000',
  'ban_type' => '1',
  'reason' => '1',
  'action_type' => '1',
)
[ info ] [ DB ] INIT mysql
[ info ] [ CACHE ] INIT redis
[ info ] [ DB ] INIT mysql
[ info ] [ RUN ] app\admin\controller\Player->platformBan[ D:\phpstudy_pro\WWW\new_kefu_online\application\admin\controller\Player.php ]
[ info ] [ LOG ] INIT File
[ sql ] [ DB ] CONNECT:[ UseTime:0.001340s ] mysql:host=127.0.0.1;port=3306;dbname=gr_chat;charset=utf8
[ sql ] [ SQL ] SHOW COLUMNS FROM `gr_menu_new` [ RunTime:0.000753s ]
[ sql ] [ SQL ] SELECT m.menu_id as id,`m`.`menu_name`,`m`.`p_id`,`m`.`controller`,`m`.`action`,`m`.`is_show`,`m`.`url`,`m`.`type` FROM `gr_menu_new` `m` ORDER BY `p_id` ASC,`sort` ASC,`id` ASC [ RunTime:0.001464s ]
[ sql ] [ SQL ] SHOW COLUMNS FROM `gr_admin_log_n` [ RunTime:0.001065s ]
[ sql ] [ SQL ] INSERT INTO `gr_admin_log_n` (`ip` , `admin_id` , `url` , `data` , `controller` , `action` , `add_time`) VALUES ('127.0.0.1' , 143 , '/admin/player/platformBan' , '\"{\\\"\\\\\\/admin\\\\\\/player\\\\\\/platformBan\\\":\\\"\\\",\\\"ban_list\\\":\\\"123123\\\",\\\"ban_account_radio\\\":\\\"1\\\",\\\"ban_time\\\":\\\"1000\\\",\\\"ban_type\\\":\\\"1\\\",\\\"reason\\\":\\\"1\\\",\\\"action_type\\\":\\\"1\\\"}\"' , 'Player' , 'platformBan' , 1652774469) [ RunTime:0.000373s ]
[ error ] [0]致命错误: Class 'common\libraries\common' not found[D:\phpstudy_pro\WWW\new_kefu_online\common\server\Platform\BanServer.php:70]
---------------------------------------------------------------
[ 2022-05-17T16:02:19+08:00 ] 127.0.0.1 POST api.newkefu.com/admin/player/platformBan
[运行时间：0.092201s] [吞吐率：10.85req/s] [内存消耗：4,763.79kb] [文件加载：195]
[ info ] [ LANG ] D:\phpstudy_pro\WWW\new_kefu_online\thinkphp\lang\zh-cn.php
[ info ] [ ROUTE ] array (
  'type' => 'module',
  'module' => 
  array (
    0 => 'admin',
    1 => 'player',
    2 => 'platformBan',
  ),
)
[ info ] [ HEADER ] array (
  'cache-control' => 'no-cache',
  'pragma' => 'no-cache',
  'connection' => 'close',
  'origin' => 'http://www.newkefu.com',
  'content-length' => '83',
  'platform' => 'bx',
  'token' => 'eyJ0eXAiOiJKV1QiLCJhbGciOiJIUzI1NiIsImp0aSI6ImxYWGluZyJ9.eyJpc3MiOiJhcGkubmV3a2VmdS5jb20iLCJqdGkiOiJsWFhpbmciLCJpYXQiOjE2NTE4MzAxMzUsImV4cCI6MTY1NDQyMjEzNSwidWlkIjoxNDN9.OCzadoAUz3FNtBnDSphV3i9z3el_Nc3BTjMK_31Z1Og',
  'content-type' => 'application/x-www-form-urlencoded; charset=UTF-8',
  'referer' => 'http://www.newkefu.com/',
  'accept-encoding' => 'gzip, deflate',
  'accept-language' => 'zh-CN,zh;q=0.8,zh-TW;q=0.7,zh-HK;q=0.5,en-US;q=0.3,en;q=0.2',
  'accept' => 'application/json, text/javascript, */*; q=0.01',
  'user-agent' => 'Mozilla/5.0 (Windows NT 10.0; Win64; x64; rv:99.0) Gecko/20100101 Firefox/99.0',
  'host' => 'api.newkefu.com',
)
[ info ] [ PARAM ] array (
  '/admin/player/platformBan' => '',
  'ban_list' => '123123',
  'ban_account_radio' => '1',
  'ban_time' => '1000',
  'ban_type' => '1',
  'reason' => '1',
  'action_type' => '1',
)
[ info ] [ DB ] INIT mysql
[ info ] [ CACHE ] INIT redis
[ info ] [ DB ] INIT mysql
[ info ] [ RUN ] app\admin\controller\Player->platformBan[ D:\phpstudy_pro\WWW\new_kefu_online\application\admin\controller\Player.php ]
[ info ] [ LOG ] INIT File
[ sql ] [ DB ] CONNECT:[ UseTime:0.001016s ] mysql:host=127.0.0.1;port=3306;dbname=gr_chat;charset=utf8
[ sql ] [ SQL ] SHOW COLUMNS FROM `gr_menu_new` [ RunTime:0.000840s ]
[ sql ] [ SQL ] SELECT m.menu_id as id,`m`.`menu_name`,`m`.`p_id`,`m`.`controller`,`m`.`action`,`m`.`is_show`,`m`.`url`,`m`.`type` FROM `gr_menu_new` `m` ORDER BY `p_id` ASC,`sort` ASC,`id` ASC [ RunTime:0.001022s ]
[ sql ] [ SQL ] SHOW COLUMNS FROM `gr_admin_log_n` [ RunTime:0.000947s ]
[ sql ] [ SQL ] INSERT INTO `gr_admin_log_n` (`ip` , `admin_id` , `url` , `data` , `controller` , `action` , `add_time`) VALUES ('127.0.0.1' , 143 , '/admin/player/platformBan' , '\"{\\\"\\\\\\/admin\\\\\\/player\\\\\\/platformBan\\\":\\\"\\\",\\\"ban_list\\\":\\\"123123\\\",\\\"ban_account_radio\\\":\\\"1\\\",\\\"ban_time\\\":\\\"1000\\\",\\\"ban_type\\\":\\\"1\\\",\\\"reason\\\":\\\"1\\\",\\\"action_type\\\":\\\"1\\\"}\"' , 'Player' , 'platformBan' , 1652774539) [ RunTime:0.000335s ]
---------------------------------------------------------------
[ 2022-05-17T16:05:05+08:00 ] 127.0.0.1 OPTIONS api.newkefu.com/admin/player/platformBan
[运行时间：0.063907s] [吞吐率：15.65req/s] [内存消耗：2,426.21kb] [文件加载：153]
[ info ] [ LANG ] D:\phpstudy_pro\WWW\new_kefu_online\thinkphp\lang\zh-cn.php
[ info ] [ ROUTE ] array (
  'type' => 'module',
  'module' => 
  array (
    0 => 'admin',
    1 => 'player',
    2 => 'platformBan',
  ),
)
[ info ] [ HEADER ] array (
  'cache-control' => 'no-cache',
  'pragma' => 'no-cache',
  'connection' => 'close',
  'origin' => 'http://www.newkefu.com',
  'referer' => 'http://www.newkefu.com/',
  'access-control-request-headers' => 'platform,token',
  'access-control-request-method' => 'POST',
  'accept-encoding' => 'gzip, deflate',
  'accept-language' => 'zh-CN,zh;q=0.8,zh-TW;q=0.7,zh-HK;q=0.5,en-US;q=0.3,en;q=0.2',
  'accept' => '*/*',
  'user-agent' => 'Mozilla/5.0 (Windows NT 10.0; Win64; x64; rv:99.0) Gecko/20100101 Firefox/99.0',
  'host' => 'api.newkefu.com',
)
[ info ] [ PARAM ] array (
  '/admin/player/platformBan' => '',
)
[ info ] [ LOG ] INIT File
---------------------------------------------------------------
[ 2022-05-17T16:05:05+08:00 ] 127.0.0.1 POST api.newkefu.com/admin/player/platformBan
[运行时间：0.110040s] [吞吐率：9.09req/s] [内存消耗：4,875.74kb] [文件加载：201]
[ info ] [ LANG ] D:\phpstudy_pro\WWW\new_kefu_online\thinkphp\lang\zh-cn.php
[ info ] [ ROUTE ] array (
  'type' => 'module',
  'module' => 
  array (
    0 => 'admin',
    1 => 'player',
    2 => 'platformBan',
  ),
)
[ info ] [ HEADER ] array (
  'cache-control' => 'no-cache',
  'pragma' => 'no-cache',
  'referer' => 'http://www.newkefu.com/',
  'connection' => 'close',
  'origin' => 'http://www.newkefu.com',
  'content-length' => '83',
  'platform' => 'bx',
  'token' => 'eyJ0eXAiOiJKV1QiLCJhbGciOiJIUzI1NiIsImp0aSI6ImxYWGluZyJ9.eyJpc3MiOiJhcGkubmV3a2VmdS5jb20iLCJqdGkiOiJsWFhpbmciLCJpYXQiOjE2NTE4MzAxMzUsImV4cCI6MTY1NDQyMjEzNSwidWlkIjoxNDN9.OCzadoAUz3FNtBnDSphV3i9z3el_Nc3BTjMK_31Z1Og',
  'content-type' => 'application/x-www-form-urlencoded; charset=UTF-8',
  'accept-encoding' => 'gzip, deflate',
  'accept-language' => 'zh-CN,zh;q=0.8,zh-TW;q=0.7,zh-HK;q=0.5,en-US;q=0.3,en;q=0.2',
  'accept' => 'application/json, text/javascript, */*; q=0.01',
  'user-agent' => 'Mozilla/5.0 (Windows NT 10.0; Win64; x64; rv:99.0) Gecko/20100101 Firefox/99.0',
  'host' => 'api.newkefu.com',
)
[ info ] [ PARAM ] array (
  '/admin/player/platformBan' => '',
  'ban_list' => '123123',
  'ban_account_radio' => '1',
  'ban_time' => '1000',
  'ban_type' => '1',
  'reason' => '1',
  'action_type' => '1',
)
[ info ] [ DB ] INIT mysql
[ info ] [ CACHE ] INIT redis
[ info ] [ DB ] INIT mysql
[ info ] [ RUN ] app\admin\controller\Player->platformBan[ D:\phpstudy_pro\WWW\new_kefu_online\application\admin\controller\Player.php ]
[ info ] [ LOG ] INIT File
[ sql ] [ DB ] CONNECT:[ UseTime:0.001470s ] mysql:host=127.0.0.1;port=3306;dbname=gr_chat;charset=utf8
[ sql ] [ SQL ] SHOW COLUMNS FROM `gr_menu_new` [ RunTime:0.000840s ]
[ sql ] [ SQL ] SELECT m.menu_id as id,`m`.`menu_name`,`m`.`p_id`,`m`.`controller`,`m`.`action`,`m`.`is_show`,`m`.`url`,`m`.`type` FROM `gr_menu_new` `m` ORDER BY `p_id` ASC,`sort` ASC,`id` ASC [ RunTime:0.001088s ]
[ sql ] [ SQL ] SHOW COLUMNS FROM `gr_admin_log_n` [ RunTime:0.000922s ]
[ sql ] [ SQL ] INSERT INTO `gr_admin_log_n` (`ip` , `admin_id` , `url` , `data` , `controller` , `action` , `add_time`) VALUES ('127.0.0.1' , 143 , '/admin/player/platformBan' , '\"{\\\"\\\\\\/admin\\\\\\/player\\\\\\/platformBan\\\":\\\"\\\",\\\"ban_list\\\":\\\"123123\\\",\\\"ban_account_radio\\\":\\\"1\\\",\\\"ban_time\\\":\\\"1000\\\",\\\"ban_type\\\":\\\"1\\\",\\\"reason\\\":\\\"1\\\",\\\"action_type\\\":\\\"1\\\"}\"' , 'Player' , 'platformBan' , 1652774705) [ RunTime:0.012378s ]
[ error ] [2]count(): Parameter must be an array or an object that implements Countable[D:\phpstudy_pro\WWW\new_kefu_online\common\sql_server\BanUserLog.php:104]
---------------------------------------------------------------
[ 2022-05-17T16:05:34+08:00 ] 127.0.0.1 POST api.newkefu.com/admin/player/platformBan
[运行时间：0.086124s] [吞吐率：11.61req/s] [内存消耗：4,764.16kb] [文件加载：195]
[ info ] [ LANG ] D:\phpstudy_pro\WWW\new_kefu_online\thinkphp\lang\zh-cn.php
[ info ] [ ROUTE ] array (
  'type' => 'module',
  'module' => 
  array (
    0 => 'admin',
    1 => 'player',
    2 => 'platformBan',
  ),
)
[ info ] [ HEADER ] array (
  'cache-control' => 'no-cache',
  'pragma' => 'no-cache',
  'connection' => 'close',
  'origin' => 'http://www.newkefu.com',
  'content-length' => '83',
  'platform' => 'bx',
  'token' => 'eyJ0eXAiOiJKV1QiLCJhbGciOiJIUzI1NiIsImp0aSI6ImxYWGluZyJ9.eyJpc3MiOiJhcGkubmV3a2VmdS5jb20iLCJqdGkiOiJsWFhpbmciLCJpYXQiOjE2NTE4MzAxMzUsImV4cCI6MTY1NDQyMjEzNSwidWlkIjoxNDN9.OCzadoAUz3FNtBnDSphV3i9z3el_Nc3BTjMK_31Z1Og',
  'content-type' => 'application/x-www-form-urlencoded; charset=UTF-8',
  'referer' => 'http://www.newkefu.com/',
  'accept-encoding' => 'gzip, deflate',
  'accept-language' => 'zh-CN,zh;q=0.8,zh-TW;q=0.7,zh-HK;q=0.5,en-US;q=0.3,en;q=0.2',
  'accept' => 'application/json, text/javascript, */*; q=0.01',
  'user-agent' => 'Mozilla/5.0 (Windows NT 10.0; Win64; x64; rv:99.0) Gecko/20100101 Firefox/99.0',
  'host' => 'api.newkefu.com',
)
[ info ] [ PARAM ] array (
  '/admin/player/platformBan' => '',
  'ban_list' => '123123',
  'ban_account_radio' => '1',
  'ban_time' => '1000',
  'ban_type' => '1',
  'reason' => '1',
  'action_type' => '1',
)
[ info ] [ DB ] INIT mysql
[ info ] [ CACHE ] INIT redis
[ info ] [ DB ] INIT mysql
[ info ] [ RUN ] app\admin\controller\Player->platformBan[ D:\phpstudy_pro\WWW\new_kefu_online\application\admin\controller\Player.php ]
[ info ] [ LOG ] INIT File
[ sql ] [ DB ] CONNECT:[ UseTime:0.001089s ] mysql:host=127.0.0.1;port=3306;dbname=gr_chat;charset=utf8
[ sql ] [ SQL ] SHOW COLUMNS FROM `gr_menu_new` [ RunTime:0.000700s ]
[ sql ] [ SQL ] SELECT m.menu_id as id,`m`.`menu_name`,`m`.`p_id`,`m`.`controller`,`m`.`action`,`m`.`is_show`,`m`.`url`,`m`.`type` FROM `gr_menu_new` `m` ORDER BY `p_id` ASC,`sort` ASC,`id` ASC [ RunTime:0.001091s ]
[ sql ] [ SQL ] SHOW COLUMNS FROM `gr_admin_log_n` [ RunTime:0.000711s ]
[ sql ] [ SQL ] INSERT INTO `gr_admin_log_n` (`ip` , `admin_id` , `url` , `data` , `controller` , `action` , `add_time`) VALUES ('127.0.0.1' , 143 , '/admin/player/platformBan' , '\"{\\\"\\\\\\/admin\\\\\\/player\\\\\\/platformBan\\\":\\\"\\\",\\\"ban_list\\\":\\\"123123\\\",\\\"ban_account_radio\\\":\\\"1\\\",\\\"ban_time\\\":\\\"1000\\\",\\\"ban_type\\\":\\\"1\\\",\\\"reason\\\":\\\"1\\\",\\\"action_type\\\":\\\"1\\\"}\"' , 'Player' , 'platformBan' , 1652774734) [ RunTime:0.000556s ]
---------------------------------------------------------------
[ 2022-05-17T16:22:18+08:00 ] 127.0.0.1 OPTIONS api.newkefu.com/admin/player/platformBan
[运行时间：0.064757s] [吞吐率：15.44req/s] [内存消耗：2,426.21kb] [文件加载：153]
[ info ] [ LANG ] D:\phpstudy_pro\WWW\new_kefu_online\thinkphp\lang\zh-cn.php
[ info ] [ ROUTE ] array (
  'type' => 'module',
  'module' => 
  array (
    0 => 'admin',
    1 => 'player',
    2 => 'platformBan',
  ),
)
[ info ] [ HEADER ] array (
  'cache-control' => 'no-cache',
  'pragma' => 'no-cache',
  'connection' => 'close',
  'origin' => 'http://www.newkefu.com',
  'referer' => 'http://www.newkefu.com/',
  'access-control-request-headers' => 'platform,token',
  'access-control-request-method' => 'POST',
  'accept-encoding' => 'gzip, deflate',
  'accept-language' => 'zh-CN,zh;q=0.8,zh-TW;q=0.7,zh-HK;q=0.5,en-US;q=0.3,en;q=0.2',
  'accept' => '*/*',
  'user-agent' => 'Mozilla/5.0 (Windows NT 10.0; Win64; x64; rv:99.0) Gecko/20100101 Firefox/99.0',
  'host' => 'api.newkefu.com',
)
[ info ] [ PARAM ] array (
  '/admin/player/platformBan' => '',
)
[ info ] [ LOG ] INIT File
---------------------------------------------------------------
[ 2022-05-17T16:22:18+08:00 ] 127.0.0.1 POST api.newkefu.com/admin/player/platformBan
[运行时间：0.103146s] [吞吐率：9.70req/s] [内存消耗：4,875.59kb] [文件加载：201]
[ info ] [ LANG ] D:\phpstudy_pro\WWW\new_kefu_online\thinkphp\lang\zh-cn.php
[ info ] [ ROUTE ] array (
  'type' => 'module',
  'module' => 
  array (
    0 => 'admin',
    1 => 'player',
    2 => 'platformBan',
  ),
)
[ info ] [ HEADER ] array (
  'cache-control' => 'no-cache',
  'pragma' => 'no-cache',
  'referer' => 'http://www.newkefu.com/',
  'connection' => 'close',
  'origin' => 'http://www.newkefu.com',
  'content-length' => '80',
  'platform' => 'bx',
  'token' => 'eyJ0eXAiOiJKV1QiLCJhbGciOiJIUzI1NiIsImp0aSI6ImxYWGluZyJ9.eyJpc3MiOiJhcGkubmV3a2VmdS5jb20iLCJqdGkiOiJsWFhpbmciLCJpYXQiOjE2NTE4MzAxMzUsImV4cCI6MTY1NDQyMjEzNSwidWlkIjoxNDN9.OCzadoAUz3FNtBnDSphV3i9z3el_Nc3BTjMK_31Z1Og',
  'content-type' => 'application/x-www-form-urlencoded; charset=UTF-8',
  'accept-encoding' => 'gzip, deflate',
  'accept-language' => 'zh-CN,zh;q=0.8,zh-TW;q=0.7,zh-HK;q=0.5,en-US;q=0.3,en;q=0.2',
  'accept' => 'application/json, text/javascript, */*; q=0.01',
  'user-agent' => 'Mozilla/5.0 (Windows NT 10.0; Win64; x64; rv:99.0) Gecko/20100101 Firefox/99.0',
  'host' => 'api.newkefu.com',
)
[ info ] [ PARAM ] array (
  '/admin/player/platformBan' => '',
  'ban_list' => '123123',
  'ban_account_radio' => '1',
  'ban_time' => '1',
  'ban_type' => '1',
  'reason' => '1',
  'action_type' => '1',
)
[ info ] [ DB ] INIT mysql
[ info ] [ CACHE ] INIT redis
[ info ] [ DB ] INIT mysql
[ info ] [ RUN ] app\admin\controller\Player->platformBan[ D:\phpstudy_pro\WWW\new_kefu_online\application\admin\controller\Player.php ]
[ info ] [ LOG ] INIT File
[ sql ] [ DB ] CONNECT:[ UseTime:0.001075s ] mysql:host=127.0.0.1;port=3306;dbname=gr_chat;charset=utf8
[ sql ] [ SQL ] SHOW COLUMNS FROM `gr_menu_new` [ RunTime:0.000847s ]
[ sql ] [ SQL ] SELECT m.menu_id as id,`m`.`menu_name`,`m`.`p_id`,`m`.`controller`,`m`.`action`,`m`.`is_show`,`m`.`url`,`m`.`type` FROM `gr_menu_new` `m` ORDER BY `p_id` ASC,`sort` ASC,`id` ASC [ RunTime:0.000982s ]
[ sql ] [ SQL ] SHOW COLUMNS FROM `gr_admin_log_n` [ RunTime:0.000789s ]
[ sql ] [ SQL ] INSERT INTO `gr_admin_log_n` (`ip` , `admin_id` , `url` , `data` , `controller` , `action` , `add_time`) VALUES ('127.0.0.1' , 143 , '/admin/player/platformBan' , '\"{\\\"\\\\\\/admin\\\\\\/player\\\\\\/platformBan\\\":\\\"\\\",\\\"ban_list\\\":\\\"123123\\\",\\\"ban_account_radio\\\":\\\"1\\\",\\\"ban_time\\\":\\\"1\\\",\\\"ban_type\\\":\\\"1\\\",\\\"reason\\\":\\\"1\\\",\\\"action_type\\\":\\\"1\\\"}\"' , 'Player' , 'platformBan' , 1652775738) [ RunTime:0.000441s ]
[ error ] [2]count(): Parameter must be an array or an object that implements Countable[D:\phpstudy_pro\WWW\new_kefu_online\common\sql_server\BanUserLog.php:104]
---------------------------------------------------------------
[ 2022-05-17T17:07:23+08:00 ] 127.0.0.1 OPTIONS api.newkefu.com/admin/player/platformBan
[运行时间：0.066412s] [吞吐率：15.06req/s] [内存消耗：2,426.21kb] [文件加载：153]
[ info ] [ LANG ] D:\phpstudy_pro\WWW\new_kefu_online\thinkphp\lang\zh-cn.php
[ info ] [ ROUTE ] array (
  'type' => 'module',
  'module' => 
  array (
    0 => 'admin',
    1 => 'player',
    2 => 'platformBan',
  ),
)
[ info ] [ HEADER ] array (
  'cache-control' => 'no-cache',
  'pragma' => 'no-cache',
  'connection' => 'close',
  'origin' => 'http://www.newkefu.com',
  'referer' => 'http://www.newkefu.com/',
  'access-control-request-headers' => 'platform,token',
  'access-control-request-method' => 'POST',
  'accept-encoding' => 'gzip, deflate',
  'accept-language' => 'zh-CN,zh;q=0.8,zh-TW;q=0.7,zh-HK;q=0.5,en-US;q=0.3,en;q=0.2',
  'accept' => '*/*',
  'user-agent' => 'Mozilla/5.0 (Windows NT 10.0; Win64; x64; rv:99.0) Gecko/20100101 Firefox/99.0',
  'host' => 'api.newkefu.com',
)
[ info ] [ PARAM ] array (
  '/admin/player/platformBan' => '',
)
[ info ] [ LOG ] INIT File
---------------------------------------------------------------
[ 2022-05-17T17:07:24+08:00 ] 127.0.0.1 POST api.newkefu.com/admin/player/platformBan
[运行时间：0.108486s] [吞吐率：9.22req/s] [内存消耗：4,946.11kb] [文件加载：198]
[ info ] [ LANG ] D:\phpstudy_pro\WWW\new_kefu_online\thinkphp\lang\zh-cn.php
[ info ] [ ROUTE ] array (
  'type' => 'module',
  'module' => 
  array (
    0 => 'admin',
    1 => 'player',
    2 => 'platformBan',
  ),
)
[ info ] [ HEADER ] array (
  'cache-control' => 'no-cache',
  'pragma' => 'no-cache',
  'referer' => 'http://www.newkefu.com/',
  'connection' => 'close',
  'origin' => 'http://www.newkefu.com',
  'content-length' => '80',
  'platform' => 'bx',
  'token' => 'eyJ0eXAiOiJKV1QiLCJhbGciOiJIUzI1NiIsImp0aSI6ImxYWGluZyJ9.eyJpc3MiOiJhcGkubmV3a2VmdS5jb20iLCJqdGkiOiJsWFhpbmciLCJpYXQiOjE2NTE4MzAxMzUsImV4cCI6MTY1NDQyMjEzNSwidWlkIjoxNDN9.OCzadoAUz3FNtBnDSphV3i9z3el_Nc3BTjMK_31Z1Og',
  'content-type' => 'application/x-www-form-urlencoded; charset=UTF-8',
  'accept-encoding' => 'gzip, deflate',
  'accept-language' => 'zh-CN,zh;q=0.8,zh-TW;q=0.7,zh-HK;q=0.5,en-US;q=0.3,en;q=0.2',
  'accept' => 'application/json, text/javascript, */*; q=0.01',
  'user-agent' => 'Mozilla/5.0 (Windows NT 10.0; Win64; x64; rv:99.0) Gecko/20100101 Firefox/99.0',
  'host' => 'api.newkefu.com',
)
[ info ] [ PARAM ] array (
  '/admin/player/platformBan' => '',
  'ban_list' => '123123',
  'ban_account_radio' => '1',
  'ban_time' => '1',
  'ban_type' => '1',
  'reason' => '1',
  'action_type' => '1',
)
[ info ] [ DB ] INIT mysql
[ info ] [ CACHE ] INIT redis
[ info ] [ DB ] INIT mysql
[ info ] [ DB ] INIT mysql
[ info ] [ RUN ] app\admin\controller\Player->platformBan[ D:\phpstudy_pro\WWW\new_kefu_online\application\admin\controller\Player.php ]
[ info ] [ LOG ] INIT File
[ sql ] [ DB ] CONNECT:[ UseTime:0.001574s ] mysql:host=127.0.0.1;port=3306;dbname=gr_chat;charset=utf8
[ sql ] [ SQL ] SHOW COLUMNS FROM `gr_menu_new` [ RunTime:0.000875s ]
[ sql ] [ SQL ] SELECT m.menu_id as id,`m`.`menu_name`,`m`.`p_id`,`m`.`controller`,`m`.`action`,`m`.`is_show`,`m`.`url`,`m`.`type` FROM `gr_menu_new` `m` ORDER BY `p_id` ASC,`sort` ASC,`id` ASC [ RunTime:0.001167s ]
[ sql ] [ SQL ] SHOW COLUMNS FROM `gr_admin_log_n` [ RunTime:0.000844s ]
[ sql ] [ SQL ] INSERT INTO `gr_admin_log_n` (`ip` , `admin_id` , `url` , `data` , `controller` , `action` , `add_time`) VALUES ('127.0.0.1' , 143 , '/admin/player/platformBan' , '\"{\\\"\\\\\\/admin\\\\\\/player\\\\\\/platformBan\\\":\\\"\\\",\\\"ban_list\\\":\\\"123123\\\",\\\"ban_account_radio\\\":\\\"1\\\",\\\"ban_time\\\":\\\"1\\\",\\\"ban_type\\\":\\\"1\\\",\\\"reason\\\":\\\"1\\\",\\\"action_type\\\":\\\"1\\\"}\"' , 'Player' , 'platformBan' , 1652778444) [ RunTime:0.000423s ]
---------------------------------------------------------------
[ 2022-05-17T17:08:30+08:00 ] 127.0.0.1 OPTIONS api.newkefu.com/admin/player/platformBan
[运行时间：0.052994s] [吞吐率：18.87req/s] [内存消耗：2,426.21kb] [文件加载：153]
[ info ] [ LANG ] D:\phpstudy_pro\WWW\new_kefu_online\thinkphp\lang\zh-cn.php
[ info ] [ ROUTE ] array (
  'type' => 'module',
  'module' => 
  array (
    0 => 'admin',
    1 => 'player',
    2 => 'platformBan',
  ),
)
[ info ] [ HEADER ] array (
  'cache-control' => 'no-cache',
  'pragma' => 'no-cache',
  'connection' => 'close',
  'origin' => 'http://www.newkefu.com',
  'referer' => 'http://www.newkefu.com/',
  'access-control-request-headers' => 'platform,token',
  'access-control-request-method' => 'POST',
  'accept-encoding' => 'gzip, deflate',
  'accept-language' => 'zh-CN,zh;q=0.8,zh-TW;q=0.7,zh-HK;q=0.5,en-US;q=0.3,en;q=0.2',
  'accept' => '*/*',
  'user-agent' => 'Mozilla/5.0 (Windows NT 10.0; Win64; x64; rv:99.0) Gecko/20100101 Firefox/99.0',
  'host' => 'api.newkefu.com',
)
[ info ] [ PARAM ] array (
  '/admin/player/platformBan' => '',
)
[ info ] [ LOG ] INIT File
---------------------------------------------------------------
[ 2022-05-17T17:08:30+08:00 ] 127.0.0.1 POST api.newkefu.com/admin/player/platformBan
[运行时间：0.090934s] [吞吐率：11.00req/s] [内存消耗：4,828.59kb] [文件加载：197]
[ info ] [ LANG ] D:\phpstudy_pro\WWW\new_kefu_online\thinkphp\lang\zh-cn.php
[ info ] [ ROUTE ] array (
  'type' => 'module',
  'module' => 
  array (
    0 => 'admin',
    1 => 'player',
    2 => 'platformBan',
  ),
)
[ info ] [ HEADER ] array (
  'cache-control' => 'no-cache',
  'pragma' => 'no-cache',
  'referer' => 'http://www.newkefu.com/',
  'connection' => 'close',
  'origin' => 'http://www.newkefu.com',
  'content-length' => '80',
  'platform' => 'bx',
  'token' => 'eyJ0eXAiOiJKV1QiLCJhbGciOiJIUzI1NiIsImp0aSI6ImxYWGluZyJ9.eyJpc3MiOiJhcGkubmV3a2VmdS5jb20iLCJqdGkiOiJsWFhpbmciLCJpYXQiOjE2NTE4MzAxMzUsImV4cCI6MTY1NDQyMjEzNSwidWlkIjoxNDN9.OCzadoAUz3FNtBnDSphV3i9z3el_Nc3BTjMK_31Z1Og',
  'content-type' => 'application/x-www-form-urlencoded; charset=UTF-8',
  'accept-encoding' => 'gzip, deflate',
  'accept-language' => 'zh-CN,zh;q=0.8,zh-TW;q=0.7,zh-HK;q=0.5,en-US;q=0.3,en;q=0.2',
  'accept' => 'application/json, text/javascript, */*; q=0.01',
  'user-agent' => 'Mozilla/5.0 (Windows NT 10.0; Win64; x64; rv:99.0) Gecko/20100101 Firefox/99.0',
  'host' => 'api.newkefu.com',
)
[ info ] [ PARAM ] array (
  '/admin/player/platformBan' => '',
  'ban_list' => '123123',
  'ban_account_radio' => '1',
  'ban_time' => '1',
  'ban_type' => '1',
  'reason' => '1',
  'action_type' => '1',
)
[ info ] [ DB ] INIT mysql
[ info ] [ CACHE ] INIT redis
[ info ] [ DB ] INIT mysql
[ info ] [ RUN ] app\admin\controller\Player->platformBan[ D:\phpstudy_pro\WWW\new_kefu_online\application\admin\controller\Player.php ]
[ info ] [ LOG ] INIT File
[ sql ] [ DB ] CONNECT:[ UseTime:0.001063s ] mysql:host=127.0.0.1;port=3306;dbname=gr_chat;charset=utf8
[ sql ] [ SQL ] SHOW COLUMNS FROM `gr_menu_new` [ RunTime:0.001141s ]
[ sql ] [ SQL ] SELECT m.menu_id as id,`m`.`menu_name`,`m`.`p_id`,`m`.`controller`,`m`.`action`,`m`.`is_show`,`m`.`url`,`m`.`type` FROM `gr_menu_new` `m` ORDER BY `p_id` ASC,`sort` ASC,`id` ASC [ RunTime:0.000888s ]
[ sql ] [ SQL ] SHOW COLUMNS FROM `gr_admin_log_n` [ RunTime:0.001011s ]
[ sql ] [ SQL ] INSERT INTO `gr_admin_log_n` (`ip` , `admin_id` , `url` , `data` , `controller` , `action` , `add_time`) VALUES ('127.0.0.1' , 143 , '/admin/player/platformBan' , '\"{\\\"\\\\\\/admin\\\\\\/player\\\\\\/platformBan\\\":\\\"\\\",\\\"ban_list\\\":\\\"123123\\\",\\\"ban_account_radio\\\":\\\"1\\\",\\\"ban_time\\\":\\\"1\\\",\\\"ban_type\\\":\\\"1\\\",\\\"reason\\\":\\\"1\\\",\\\"action_type\\\":\\\"1\\\"}\"' , 'Player' , 'platformBan' , 1652778510) [ RunTime:0.000426s ]
---------------------------------------------------------------
[ 2022-05-17T17:10:22+08:00 ] 127.0.0.1 POST api.newkefu.com/admin/player/platformBan
[运行时间：0.103072s] [吞吐率：9.70req/s] [内存消耗：4,828.59kb] [文件加载：197]
[ info ] [ LANG ] D:\phpstudy_pro\WWW\new_kefu_online\thinkphp\lang\zh-cn.php
[ info ] [ ROUTE ] array (
  'type' => 'module',
  'module' => 
  array (
    0 => 'admin',
    1 => 'player',
    2 => 'platformBan',
  ),
)
[ info ] [ HEADER ] array (
  'cache-control' => 'no-cache',
  'pragma' => 'no-cache',
  'connection' => 'close',
  'origin' => 'http://www.newkefu.com',
  'content-length' => '80',
  'platform' => 'bx',
  'token' => 'eyJ0eXAiOiJKV1QiLCJhbGciOiJIUzI1NiIsImp0aSI6ImxYWGluZyJ9.eyJpc3MiOiJhcGkubmV3a2VmdS5jb20iLCJqdGkiOiJsWFhpbmciLCJpYXQiOjE2NTE4MzAxMzUsImV4cCI6MTY1NDQyMjEzNSwidWlkIjoxNDN9.OCzadoAUz3FNtBnDSphV3i9z3el_Nc3BTjMK_31Z1Og',
  'content-type' => 'application/x-www-form-urlencoded; charset=UTF-8',
  'referer' => 'http://www.newkefu.com/',
  'accept-encoding' => 'gzip, deflate',
  'accept-language' => 'zh-CN,zh;q=0.8,zh-TW;q=0.7,zh-HK;q=0.5,en-US;q=0.3,en;q=0.2',
  'accept' => 'application/json, text/javascript, */*; q=0.01',
  'user-agent' => 'Mozilla/5.0 (Windows NT 10.0; Win64; x64; rv:99.0) Gecko/20100101 Firefox/99.0',
  'host' => 'api.newkefu.com',
)
[ info ] [ PARAM ] array (
  '/admin/player/platformBan' => '',
  'ban_list' => '123123',
  'ban_account_radio' => '1',
  'ban_time' => '1',
  'ban_type' => '1',
  'reason' => '1',
  'action_type' => '1',
)
[ info ] [ DB ] INIT mysql
[ info ] [ CACHE ] INIT redis
[ info ] [ DB ] INIT mysql
[ info ] [ RUN ] app\admin\controller\Player->platformBan[ D:\phpstudy_pro\WWW\new_kefu_online\application\admin\controller\Player.php ]
[ info ] [ LOG ] INIT File
[ sql ] [ DB ] CONNECT:[ UseTime:0.001092s ] mysql:host=127.0.0.1;port=3306;dbname=gr_chat;charset=utf8
[ sql ] [ SQL ] SHOW COLUMNS FROM `gr_menu_new` [ RunTime:0.000804s ]
[ sql ] [ SQL ] SELECT m.menu_id as id,`m`.`menu_name`,`m`.`p_id`,`m`.`controller`,`m`.`action`,`m`.`is_show`,`m`.`url`,`m`.`type` FROM `gr_menu_new` `m` ORDER BY `p_id` ASC,`sort` ASC,`id` ASC [ RunTime:0.000796s ]
[ sql ] [ SQL ] SHOW COLUMNS FROM `gr_admin_log_n` [ RunTime:0.000728s ]
[ sql ] [ SQL ] INSERT INTO `gr_admin_log_n` (`ip` , `admin_id` , `url` , `data` , `controller` , `action` , `add_time`) VALUES ('127.0.0.1' , 143 , '/admin/player/platformBan' , '\"{\\\"\\\\\\/admin\\\\\\/player\\\\\\/platformBan\\\":\\\"\\\",\\\"ban_list\\\":\\\"123123\\\",\\\"ban_account_radio\\\":\\\"1\\\",\\\"ban_time\\\":\\\"1\\\",\\\"ban_type\\\":\\\"1\\\",\\\"reason\\\":\\\"1\\\",\\\"action_type\\\":\\\"1\\\"}\"' , 'Player' , 'platformBan' , 1652778622) [ RunTime:0.000370s ]
---------------------------------------------------------------
[ 2022-05-17T17:32:09+08:00 ] 127.0.0.1 POST api.newkefu.com/admin/player/platformBan
[运行时间：0.112419s] [吞吐率：8.90req/s] [内存消耗：4,828.59kb] [文件加载：197]
[ info ] [ LANG ] D:\phpstudy_pro\WWW\new_kefu_online\thinkphp\lang\zh-cn.php
[ info ] [ ROUTE ] array (
  'type' => 'module',
  'module' => 
  array (
    0 => 'admin',
    1 => 'player',
    2 => 'platformBan',
  ),
)
[ info ] [ HEADER ] array (
  'cache-control' => 'no-cache',
  'pragma' => 'no-cache',
  'connection' => 'close',
  'origin' => 'http://www.newkefu.com',
  'content-length' => '80',
  'platform' => 'bx',
  'token' => 'eyJ0eXAiOiJKV1QiLCJhbGciOiJIUzI1NiIsImp0aSI6ImxYWGluZyJ9.eyJpc3MiOiJhcGkubmV3a2VmdS5jb20iLCJqdGkiOiJsWFhpbmciLCJpYXQiOjE2NTE4MzAxMzUsImV4cCI6MTY1NDQyMjEzNSwidWlkIjoxNDN9.OCzadoAUz3FNtBnDSphV3i9z3el_Nc3BTjMK_31Z1Og',
  'content-type' => 'application/x-www-form-urlencoded; charset=UTF-8',
  'referer' => 'http://www.newkefu.com/',
  'accept-encoding' => 'gzip, deflate',
  'accept-language' => 'zh-CN,zh;q=0.8,zh-TW;q=0.7,zh-HK;q=0.5,en-US;q=0.3,en;q=0.2',
  'accept' => 'application/json, text/javascript, */*; q=0.01',
  'user-agent' => 'Mozilla/5.0 (Windows NT 10.0; Win64; x64; rv:99.0) Gecko/20100101 Firefox/99.0',
  'host' => 'api.newkefu.com',
)
[ info ] [ PARAM ] array (
  '/admin/player/platformBan' => '',
  'ban_list' => '123123',
  'ban_account_radio' => '1',
  'ban_time' => '1',
  'ban_type' => '1',
  'reason' => '1',
  'action_type' => '1',
)
[ info ] [ DB ] INIT mysql
[ info ] [ CACHE ] INIT redis
[ info ] [ DB ] INIT mysql
[ info ] [ RUN ] app\admin\controller\Player->platformBan[ D:\phpstudy_pro\WWW\new_kefu_online\application\admin\controller\Player.php ]
[ info ] [ LOG ] INIT File
[ sql ] [ DB ] CONNECT:[ UseTime:0.001105s ] mysql:host=127.0.0.1;port=3306;dbname=gr_chat;charset=utf8
[ sql ] [ SQL ] SHOW COLUMNS FROM `gr_menu_new` [ RunTime:0.003028s ]
[ sql ] [ SQL ] SELECT m.menu_id as id,`m`.`menu_name`,`m`.`p_id`,`m`.`controller`,`m`.`action`,`m`.`is_show`,`m`.`url`,`m`.`type` FROM `gr_menu_new` `m` ORDER BY `p_id` ASC,`sort` ASC,`id` ASC [ RunTime:0.000961s ]
[ sql ] [ SQL ] SHOW COLUMNS FROM `gr_admin_log_n` [ RunTime:0.001274s ]
[ sql ] [ SQL ] INSERT INTO `gr_admin_log_n` (`ip` , `admin_id` , `url` , `data` , `controller` , `action` , `add_time`) VALUES ('127.0.0.1' , 143 , '/admin/player/platformBan' , '\"{\\\"\\\\\\/admin\\\\\\/player\\\\\\/platformBan\\\":\\\"\\\",\\\"ban_list\\\":\\\"123123\\\",\\\"ban_account_radio\\\":\\\"1\\\",\\\"ban_time\\\":\\\"1\\\",\\\"ban_type\\\":\\\"1\\\",\\\"reason\\\":\\\"1\\\",\\\"action_type\\\":\\\"1\\\"}\"' , 'Player' , 'platformBan' , 1652779929) [ RunTime:0.000472s ]
---------------------------------------------------------------
[ 2022-05-17T17:32:26+08:00 ] 127.0.0.1 POST api.newkefu.com/admin/player/platformBan
[运行时间：0.090058s] [吞吐率：11.10req/s] [内存消耗：4,828.70kb] [文件加载：197]
[ info ] [ LANG ] D:\phpstudy_pro\WWW\new_kefu_online\thinkphp\lang\zh-cn.php
[ info ] [ ROUTE ] array (
  'type' => 'module',
  'module' => 
  array (
    0 => 'admin',
    1 => 'player',
    2 => 'platformBan',
  ),
)
[ info ] [ HEADER ] array (
  'cache-control' => 'no-cache',
  'pragma' => 'no-cache',
  'connection' => 'close',
  'origin' => 'http://www.newkefu.com',
  'content-length' => '80',
  'platform' => 'bx',
  'token' => 'eyJ0eXAiOiJKV1QiLCJhbGciOiJIUzI1NiIsImp0aSI6ImxYWGluZyJ9.eyJpc3MiOiJhcGkubmV3a2VmdS5jb20iLCJqdGkiOiJsWFhpbmciLCJpYXQiOjE2NTE4MzAxMzUsImV4cCI6MTY1NDQyMjEzNSwidWlkIjoxNDN9.OCzadoAUz3FNtBnDSphV3i9z3el_Nc3BTjMK_31Z1Og',
  'content-type' => 'application/x-www-form-urlencoded; charset=UTF-8',
  'referer' => 'http://www.newkefu.com/',
  'accept-encoding' => 'gzip, deflate',
  'accept-language' => 'zh-CN,zh;q=0.8,zh-TW;q=0.7,zh-HK;q=0.5,en-US;q=0.3,en;q=0.2',
  'accept' => 'application/json, text/javascript, */*; q=0.01',
  'user-agent' => 'Mozilla/5.0 (Windows NT 10.0; Win64; x64; rv:99.0) Gecko/20100101 Firefox/99.0',
  'host' => 'api.newkefu.com',
)
[ info ] [ PARAM ] array (
  '/admin/player/platformBan' => '',
  'ban_list' => '123123',
  'ban_account_radio' => '1',
  'ban_time' => '1',
  'ban_type' => '1',
  'reason' => '1',
  'action_type' => '1',
)
[ info ] [ DB ] INIT mysql
[ info ] [ CACHE ] INIT redis
[ info ] [ DB ] INIT mysql
[ info ] [ RUN ] app\admin\controller\Player->platformBan[ D:\phpstudy_pro\WWW\new_kefu_online\application\admin\controller\Player.php ]
[ info ] [ LOG ] INIT File
[ sql ] [ DB ] CONNECT:[ UseTime:0.001163s ] mysql:host=127.0.0.1;port=3306;dbname=gr_chat;charset=utf8
[ sql ] [ SQL ] SHOW COLUMNS FROM `gr_menu_new` [ RunTime:0.000750s ]
[ sql ] [ SQL ] SELECT m.menu_id as id,`m`.`menu_name`,`m`.`p_id`,`m`.`controller`,`m`.`action`,`m`.`is_show`,`m`.`url`,`m`.`type` FROM `gr_menu_new` `m` ORDER BY `p_id` ASC,`sort` ASC,`id` ASC [ RunTime:0.000856s ]
[ sql ] [ SQL ] SHOW COLUMNS FROM `gr_admin_log_n` [ RunTime:0.001007s ]
[ sql ] [ SQL ] INSERT INTO `gr_admin_log_n` (`ip` , `admin_id` , `url` , `data` , `controller` , `action` , `add_time`) VALUES ('127.0.0.1' , 143 , '/admin/player/platformBan' , '\"{\\\"\\\\\\/admin\\\\\\/player\\\\\\/platformBan\\\":\\\"\\\",\\\"ban_list\\\":\\\"123123\\\",\\\"ban_account_radio\\\":\\\"1\\\",\\\"ban_time\\\":\\\"1\\\",\\\"ban_type\\\":\\\"1\\\",\\\"reason\\\":\\\"1\\\",\\\"action_type\\\":\\\"1\\\"}\"' , 'Player' , 'platformBan' , 1652779946) [ RunTime:0.000391s ]
---------------------------------------------------------------
[ 2022-05-17T17:32:32+08:00 ] 127.0.0.1 POST api.newkefu.com/admin/player/platformBan
[运行时间：0.088675s] [吞吐率：11.28req/s] [内存消耗：4,764.84kb] [文件加载：195]
[ info ] [ LANG ] D:\phpstudy_pro\WWW\new_kefu_online\thinkphp\lang\zh-cn.php
[ info ] [ ROUTE ] array (
  'type' => 'module',
  'module' => 
  array (
    0 => 'admin',
    1 => 'player',
    2 => 'platformBan',
  ),
)
[ info ] [ HEADER ] array (
  'cache-control' => 'no-cache',
  'pragma' => 'no-cache',
  'connection' => 'close',
  'origin' => 'http://www.newkefu.com',
  'content-length' => '80',
  'platform' => 'bx',
  'token' => 'eyJ0eXAiOiJKV1QiLCJhbGciOiJIUzI1NiIsImp0aSI6ImxYWGluZyJ9.eyJpc3MiOiJhcGkubmV3a2VmdS5jb20iLCJqdGkiOiJsWFhpbmciLCJpYXQiOjE2NTE4MzAxMzUsImV4cCI6MTY1NDQyMjEzNSwidWlkIjoxNDN9.OCzadoAUz3FNtBnDSphV3i9z3el_Nc3BTjMK_31Z1Og',
  'content-type' => 'application/x-www-form-urlencoded; charset=UTF-8',
  'referer' => 'http://www.newkefu.com/',
  'accept-encoding' => 'gzip, deflate',
  'accept-language' => 'zh-CN,zh;q=0.8,zh-TW;q=0.7,zh-HK;q=0.5,en-US;q=0.3,en;q=0.2',
  'accept' => 'application/json, text/javascript, */*; q=0.01',
  'user-agent' => 'Mozilla/5.0 (Windows NT 10.0; Win64; x64; rv:99.0) Gecko/20100101 Firefox/99.0',
  'host' => 'api.newkefu.com',
)
[ info ] [ PARAM ] array (
  '/admin/player/platformBan' => '',
  'ban_list' => '123123',
  'ban_account_radio' => '1',
  'ban_time' => '1',
  'ban_type' => '1',
  'reason' => '1',
  'action_type' => '1',
)
[ info ] [ DB ] INIT mysql
[ info ] [ CACHE ] INIT redis
[ info ] [ DB ] INIT mysql
[ info ] [ RUN ] app\admin\controller\Player->platformBan[ D:\phpstudy_pro\WWW\new_kefu_online\application\admin\controller\Player.php ]
[ info ] [ LOG ] INIT File
[ sql ] [ DB ] CONNECT:[ UseTime:0.000975s ] mysql:host=127.0.0.1;port=3306;dbname=gr_chat;charset=utf8
[ sql ] [ SQL ] SHOW COLUMNS FROM `gr_menu_new` [ RunTime:0.000714s ]
[ sql ] [ SQL ] SELECT m.menu_id as id,`m`.`menu_name`,`m`.`p_id`,`m`.`controller`,`m`.`action`,`m`.`is_show`,`m`.`url`,`m`.`type` FROM `gr_menu_new` `m` ORDER BY `p_id` ASC,`sort` ASC,`id` ASC [ RunTime:0.000819s ]
[ sql ] [ SQL ] SHOW COLUMNS FROM `gr_admin_log_n` [ RunTime:0.000821s ]
[ sql ] [ SQL ] INSERT INTO `gr_admin_log_n` (`ip` , `admin_id` , `url` , `data` , `controller` , `action` , `add_time`) VALUES ('127.0.0.1' , 143 , '/admin/player/platformBan' , '\"{\\\"\\\\\\/admin\\\\\\/player\\\\\\/platformBan\\\":\\\"\\\",\\\"ban_list\\\":\\\"123123\\\",\\\"ban_account_radio\\\":\\\"1\\\",\\\"ban_time\\\":\\\"1\\\",\\\"ban_type\\\":\\\"1\\\",\\\"reason\\\":\\\"1\\\",\\\"action_type\\\":\\\"1\\\"}\"' , 'Player' , 'platformBan' , 1652779952) [ RunTime:0.000358s ]
