---------------------------------------------------------------
[ 2022-05-19T17:44:10+08:00 ] 127.0.0.1 OPTIONS api.newkefu.com/admin/elastic_search_chat/getTypes
[运行时间：0.112175s] [吞吐率：8.91req/s] [内存消耗：2,401.77kb] [文件加载：153]
[ info ] [ LANG ] D:\phpstudy_pro\WWW\new_kefu_online\thinkphp\lang\zh-cn.php
[ info ] [ ROUTE ] array (
  'type' => 'module',
  'module' => 
  array (
    0 => 'admin',
    1 => 'elastic_search_chat',
    2 => 'getTypes',
  ),
)
[ info ] [ HEADER ] array (
  'connection' => 'close',
  'origin' => 'http://www.newkefu.com',
  'referer' => 'http://www.newkefu.com/',
  'access-control-request-headers' => 'platform,token',
  'access-control-request-method' => 'POST',
  'accept-encoding' => 'gzip, deflate',
  'accept-language' => 'zh-CN,zh;q=0.8,zh-TW;q=0.7,zh-HK;q=0.5,en-US;q=0.3,en;q=0.2',
  'accept' => '*/*',
  'user-agent' => 'Mozilla/5.0 (Windows NT 10.0; Win64; x64; rv:100.0) Gecko/20100101 Firefox/100.0',
  'host' => 'api.newkefu.com',
)
[ info ] [ PARAM ] array (
  '/admin/elastic_search_chat/getTypes' => '',
)
[ info ] [ LOG ] INIT File
---------------------------------------------------------------
[ 2022-05-19T17:44:10+08:00 ] 127.0.0.1 POST api.newkefu.com/admin/elastic_search_chat/getTypes
[运行时间：0.168333s] [吞吐率：5.94req/s] [内存消耗：4,834.56kb] [文件加载：196]
[ info ] [ LANG ] D:\phpstudy_pro\WWW\new_kefu_online\thinkphp\lang\zh-cn.php
[ info ] [ ROUTE ] array (
  'type' => 'module',
  'module' => 
  array (
    0 => 'admin',
    1 => 'elastic_search_chat',
    2 => 'getTypes',
  ),
)
[ info ] [ HEADER ] array (
  'content-length' => '0',
  'referer' => 'http://www.newkefu.com/',
  'connection' => 'close',
  'origin' => 'http://www.newkefu.com',
  'platform' => 'bx',
  'token' => 'eyJ0eXAiOiJKV1QiLCJhbGciOiJIUzI1NiIsImp0aSI6ImxYWGluZyJ9.eyJpc3MiOiJhcGkubmV3a2VmdS5jb20iLCJqdGkiOiJsWFhpbmciLCJpYXQiOjE2NTE4MzAxMzUsImV4cCI6MTY1NDQyMjEzNSwidWlkIjoxNDN9.OCzadoAUz3FNtBnDSphV3i9z3el_Nc3BTjMK_31Z1Og',
  'accept-encoding' => 'gzip, deflate',
  'accept-language' => 'zh-CN,zh;q=0.8,zh-TW;q=0.7,zh-HK;q=0.5,en-US;q=0.3,en;q=0.2',
  'accept' => 'application/json, text/javascript, */*; q=0.01',
  'user-agent' => 'Mozilla/5.0 (Windows NT 10.0; Win64; x64; rv:100.0) Gecko/20100101 Firefox/100.0',
  'host' => 'api.newkefu.com',
)
[ info ] [ PARAM ] array (
  '/admin/elastic_search_chat/getTypes' => '',
)
[ info ] [ DB ] INIT mysql
[ info ] [ CACHE ] INIT redis
[ info ] [ DB ] INIT mysql
[ info ] [ DB ] INIT mysql
[ info ] [ RUN ] app\admin\controller\ElasticSearchChat->getTypes[ D:\phpstudy_pro\WWW\new_kefu_online\application\admin\controller\ElasticSearchChat.php ]
[ info ] [ LOG ] INIT File
[ sql ] [ DB ] CONNECT:[ UseTime:0.001226s ] mysql:host=127.0.0.1;port=3306;dbname=gr_chat;charset=utf8
[ sql ] [ SQL ] SHOW COLUMNS FROM `gr_menu_new` [ RunTime:0.000897s ]
[ sql ] [ SQL ] SELECT m.menu_id as id,`m`.`menu_name`,`m`.`p_id`,`m`.`controller`,`m`.`action`,`m`.`is_show`,`m`.`url`,`m`.`type` FROM `gr_menu_new` `m` ORDER BY `p_id` ASC,`sort` ASC,`id` ASC [ RunTime:0.003153s ]
[ sql ] [ SQL ] SHOW COLUMNS FROM `gr_admin_log_n` [ RunTime:0.000798s ]
[ sql ] [ SQL ] INSERT INTO `gr_admin_log_n` (`ip` , `admin_id` , `url` , `data` , `controller` , `action` , `add_time`) VALUES ('127.0.0.1' , 143 , '/admin/elastic_search_chat/getTypes' , '\"{\\\"\\\\\\/admin\\\\\\/elastic_search_chat\\\\\\/getTypes\\\":\\\"\\\"}\"' , 'ElasticSearchChat' , 'getTypes' , 1652953450) [ RunTime:0.002505s ]
---------------------------------------------------------------
[ 2022-05-19T17:44:11+08:00 ] 127.0.0.1 OPTIONS api.newkefu.com/admin/ajax/getPlatformList
[运行时间：0.053776s] [吞吐率：18.60req/s] [内存消耗：2,420.60kb] [文件加载：153]
[ info ] [ LANG ] D:\phpstudy_pro\WWW\new_kefu_online\thinkphp\lang\zh-cn.php
[ info ] [ ROUTE ] array (
  'type' => 'module',
  'module' => 
  array (
    0 => 'admin',
    1 => 'ajax',
    2 => 'getPlatformList',
  ),
)
[ info ] [ HEADER ] array (
  'connection' => 'close',
  'origin' => 'http://www.newkefu.com',
  'referer' => 'http://www.newkefu.com/',
  'access-control-request-headers' => 'platform,token',
  'access-control-request-method' => 'POST',
  'accept-encoding' => 'gzip, deflate',
  'accept-language' => 'zh-CN,zh;q=0.8,zh-TW;q=0.7,zh-HK;q=0.5,en-US;q=0.3,en;q=0.2',
  'accept' => '*/*',
  'user-agent' => 'Mozilla/5.0 (Windows NT 10.0; Win64; x64; rv:100.0) Gecko/20100101 Firefox/100.0',
  'host' => 'api.newkefu.com',
)
[ info ] [ PARAM ] array (
  '/admin/ajax/getPlatformList' => '',
)
[ info ] [ LOG ] INIT File
---------------------------------------------------------------
[ 2022-05-19T17:44:11+08:00 ] 127.0.0.1 POST api.newkefu.com/admin/ajax/getPlatformList
[运行时间：0.105753s] [吞吐率：9.46req/s] [内存消耗：4,764.55kb] [文件加载：193]
[ info ] [ LANG ] D:\phpstudy_pro\WWW\new_kefu_online\thinkphp\lang\zh-cn.php
[ info ] [ ROUTE ] array (
  'type' => 'module',
  'module' => 
  array (
    0 => 'admin',
    1 => 'ajax',
    2 => 'getPlatformList',
  ),
)
[ info ] [ HEADER ] array (
  'content-length' => '0',
  'referer' => 'http://www.newkefu.com/',
  'connection' => 'close',
  'origin' => 'http://www.newkefu.com',
  'platform' => 'bx',
  'token' => 'eyJ0eXAiOiJKV1QiLCJhbGciOiJIUzI1NiIsImp0aSI6ImxYWGluZyJ9.eyJpc3MiOiJhcGkubmV3a2VmdS5jb20iLCJqdGkiOiJsWFhpbmciLCJpYXQiOjE2NTE4MzAxMzUsImV4cCI6MTY1NDQyMjEzNSwidWlkIjoxNDN9.OCzadoAUz3FNtBnDSphV3i9z3el_Nc3BTjMK_31Z1Og',
  'accept-encoding' => 'gzip, deflate',
  'accept-language' => 'zh-CN,zh;q=0.8,zh-TW;q=0.7,zh-HK;q=0.5,en-US;q=0.3,en;q=0.2',
  'accept' => 'application/json, text/javascript, */*; q=0.01',
  'user-agent' => 'Mozilla/5.0 (Windows NT 10.0; Win64; x64; rv:100.0) Gecko/20100101 Firefox/100.0',
  'host' => 'api.newkefu.com',
)
[ info ] [ PARAM ] array (
  '/admin/ajax/getPlatformList' => '',
)
[ info ] [ DB ] INIT mysql
[ info ] [ CACHE ] INIT redis
[ info ] [ DB ] INIT mysql
[ info ] [ RUN ] app\admin\controller\Ajax->getPlatformList[ D:\phpstudy_pro\WWW\new_kefu_online\application\admin\controller\Ajax.php ]
[ info ] [ LOG ] INIT File
[ sql ] [ DB ] CONNECT:[ UseTime:0.001189s ] mysql:host=127.0.0.1;port=3306;dbname=gr_chat;charset=utf8
[ sql ] [ SQL ] SHOW COLUMNS FROM `gr_menu_new` [ RunTime:0.000803s ]
[ sql ] [ SQL ] SELECT m.menu_id as id,`m`.`menu_name`,`m`.`p_id`,`m`.`controller`,`m`.`action`,`m`.`is_show`,`m`.`url`,`m`.`type` FROM `gr_menu_new` `m` ORDER BY `p_id` ASC,`sort` ASC,`id` ASC [ RunTime:0.000880s ]
---------------------------------------------------------------
[ 2022-05-19T17:44:11+08:00 ] 127.0.0.1 OPTIONS api.newkefu.com/admin/elastic_search_chat/index?page=1&limit=20
[运行时间：0.058014s] [吞吐率：17.24req/s] [内存消耗：2,402.64kb] [文件加载：153]
[ info ] [ LANG ] D:\phpstudy_pro\WWW\new_kefu_online\thinkphp\lang\zh-cn.php
[ info ] [ ROUTE ] array (
  'type' => 'module',
  'module' => 
  array (
    0 => 'admin',
    1 => 'elastic_search_chat',
    2 => 'index',
  ),
)
[ info ] [ HEADER ] array (
  'connection' => 'close',
  'origin' => 'http://www.newkefu.com',
  'referer' => 'http://www.newkefu.com/',
  'access-control-request-headers' => 'platform,token',
  'access-control-request-method' => 'GET',
  'accept-encoding' => 'gzip, deflate',
  'accept-language' => 'zh-CN,zh;q=0.8,zh-TW;q=0.7,zh-HK;q=0.5,en-US;q=0.3,en;q=0.2',
  'accept' => '*/*',
  'user-agent' => 'Mozilla/5.0 (Windows NT 10.0; Win64; x64; rv:100.0) Gecko/20100101 Firefox/100.0',
  'host' => 'api.newkefu.com',
)
[ info ] [ PARAM ] array (
  '/admin/elastic_search_chat/index' => '',
  'page' => '1',
  'limit' => '20',
)
[ info ] [ LOG ] INIT File
---------------------------------------------------------------
[ 2022-05-19T17:44:11+08:00 ] 127.0.0.1 OPTIONS api.newkefu.com/admin/ajax/getGameProduct
[运行时间：0.063268s] [吞吐率：15.81req/s] [内存消耗：2,421.22kb] [文件加载：153]
[ info ] [ LANG ] D:\phpstudy_pro\WWW\new_kefu_online\thinkphp\lang\zh-cn.php
[ info ] [ ROUTE ] array (
  'type' => 'module',
  'module' => 
  array (
    0 => 'admin',
    1 => 'ajax',
    2 => 'getGameProduct',
  ),
)
[ info ] [ HEADER ] array (
  'connection' => 'close',
  'origin' => 'http://www.newkefu.com',
  'referer' => 'http://www.newkefu.com/',
  'access-control-request-headers' => 'platform,token',
  'access-control-request-method' => 'POST',
  'accept-encoding' => 'gzip, deflate',
  'accept-language' => 'zh-CN,zh;q=0.8,zh-TW;q=0.7,zh-HK;q=0.5,en-US;q=0.3,en;q=0.2',
  'accept' => '*/*',
  'user-agent' => 'Mozilla/5.0 (Windows NT 10.0; Win64; x64; rv:100.0) Gecko/20100101 Firefox/100.0',
  'host' => 'api.newkefu.com',
)
[ info ] [ PARAM ] array (
  '/admin/ajax/getGameProduct' => '',
)
[ info ] [ LOG ] INIT File
---------------------------------------------------------------
[ 2022-05-19T17:44:11+08:00 ] 127.0.0.1 GET api.newkefu.com/admin/elastic_search_chat/index?page=1&limit=20
[运行时间：0.088055s] [吞吐率：11.36req/s] [内存消耗：4,806.45kb] [文件加载：196]
[ info ] [ LANG ] D:\phpstudy_pro\WWW\new_kefu_online\thinkphp\lang\zh-cn.php
[ info ] [ ROUTE ] array (
  'type' => 'module',
  'module' => 
  array (
    0 => 'admin',
    1 => 'elastic_search_chat',
    2 => 'index',
  ),
)
[ info ] [ HEADER ] array (
  'referer' => 'http://www.newkefu.com/',
  'connection' => 'close',
  'origin' => 'http://www.newkefu.com',
  'platform' => 'bx',
  'token' => 'eyJ0eXAiOiJKV1QiLCJhbGciOiJIUzI1NiIsImp0aSI6ImxYWGluZyJ9.eyJpc3MiOiJhcGkubmV3a2VmdS5jb20iLCJqdGkiOiJsWFhpbmciLCJpYXQiOjE2NTE4MzAxMzUsImV4cCI6MTY1NDQyMjEzNSwidWlkIjoxNDN9.OCzadoAUz3FNtBnDSphV3i9z3el_Nc3BTjMK_31Z1Og',
  'accept-encoding' => 'gzip, deflate',
  'accept-language' => 'zh-CN,zh;q=0.8,zh-TW;q=0.7,zh-HK;q=0.5,en-US;q=0.3,en;q=0.2',
  'accept' => 'application/json, text/javascript, */*; q=0.01',
  'user-agent' => 'Mozilla/5.0 (Windows NT 10.0; Win64; x64; rv:100.0) Gecko/20100101 Firefox/100.0',
  'host' => 'api.newkefu.com',
)
[ info ] [ PARAM ] array (
  '/admin/elastic_search_chat/index' => '',
  'page' => '1',
  'limit' => '20',
)
[ info ] [ DB ] INIT mysql
[ info ] [ CACHE ] INIT redis
[ info ] [ DB ] INIT mysql
[ info ] [ RUN ] app\admin\controller\ElasticSearchChat->index[ D:\phpstudy_pro\WWW\new_kefu_online\application\admin\controller\ElasticSearchChat.php ]
[ info ] [ LOG ] INIT File
[ sql ] [ DB ] CONNECT:[ UseTime:0.001224s ] mysql:host=127.0.0.1;port=3306;dbname=gr_chat;charset=utf8
[ sql ] [ SQL ] SHOW COLUMNS FROM `gr_menu_new` [ RunTime:0.000787s ]
[ sql ] [ SQL ] SELECT m.menu_id as id,`m`.`menu_name`,`m`.`p_id`,`m`.`controller`,`m`.`action`,`m`.`is_show`,`m`.`url`,`m`.`type` FROM `gr_menu_new` `m` ORDER BY `p_id` ASC,`sort` ASC,`id` ASC [ RunTime:0.000890s ]
[ sql ] [ SQL ] SHOW COLUMNS FROM `gr_admin_log_n` [ RunTime:0.000760s ]
[ sql ] [ SQL ] INSERT INTO `gr_admin_log_n` (`ip` , `admin_id` , `url` , `data` , `controller` , `action` , `add_time`) VALUES ('127.0.0.1' , 143 , '/admin/elastic_search_chat/index?page=1&limit=20' , '\"{\\\"\\\\\\/admin\\\\\\/elastic_search_chat\\\\\\/index\\\":\\\"\\\",\\\"page\\\":\\\"1\\\",\\\"limit\\\":\\\"20\\\"}\"' , 'ElasticSearchChat' , 'index' , 1652953451) [ RunTime:0.000369s ]
---------------------------------------------------------------
[ 2022-05-19T17:44:11+08:00 ] 127.0.0.1 POST api.newkefu.com/admin/ajax/getGameProduct
[运行时间：0.092605s] [吞吐率：10.80req/s] [内存消耗：4,841.05kb] [文件加载：194]
[ info ] [ LANG ] D:\phpstudy_pro\WWW\new_kefu_online\thinkphp\lang\zh-cn.php
[ info ] [ ROUTE ] array (
  'type' => 'module',
  'module' => 
  array (
    0 => 'admin',
    1 => 'ajax',
    2 => 'getGameProduct',
  ),
)
[ info ] [ HEADER ] array (
  'content-length' => '0',
  'referer' => 'http://www.newkefu.com/',
  'connection' => 'close',
  'origin' => 'http://www.newkefu.com',
  'platform' => 'bx',
  'token' => 'eyJ0eXAiOiJKV1QiLCJhbGciOiJIUzI1NiIsImp0aSI6ImxYWGluZyJ9.eyJpc3MiOiJhcGkubmV3a2VmdS5jb20iLCJqdGkiOiJsWFhpbmciLCJpYXQiOjE2NTE4MzAxMzUsImV4cCI6MTY1NDQyMjEzNSwidWlkIjoxNDN9.OCzadoAUz3FNtBnDSphV3i9z3el_Nc3BTjMK_31Z1Og',
  'accept-encoding' => 'gzip, deflate',
  'accept-language' => 'zh-CN,zh;q=0.8,zh-TW;q=0.7,zh-HK;q=0.5,en-US;q=0.3,en;q=0.2',
  'accept' => 'application/json, text/javascript, */*; q=0.01',
  'user-agent' => 'Mozilla/5.0 (Windows NT 10.0; Win64; x64; rv:100.0) Gecko/20100101 Firefox/100.0',
  'host' => 'api.newkefu.com',
)
[ info ] [ PARAM ] array (
  '/admin/ajax/getGameProduct' => '',
)
[ info ] [ DB ] INIT mysql
[ info ] [ CACHE ] INIT redis
[ info ] [ DB ] INIT mysql
[ info ] [ RUN ] app\admin\controller\Ajax->getGameProduct[ D:\phpstudy_pro\WWW\new_kefu_online\application\admin\controller\Ajax.php ]
[ info ] [ LOG ] INIT File
[ sql ] [ DB ] CONNECT:[ UseTime:0.001247s ] mysql:host=127.0.0.1;port=3306;dbname=gr_chat;charset=utf8
[ sql ] [ SQL ] SHOW COLUMNS FROM `gr_menu_new` [ RunTime:0.000912s ]
[ sql ] [ SQL ] SELECT m.menu_id as id,`m`.`menu_name`,`m`.`p_id`,`m`.`controller`,`m`.`action`,`m`.`is_show`,`m`.`url`,`m`.`type` FROM `gr_menu_new` `m` ORDER BY `p_id` ASC,`sort` ASC,`id` ASC [ RunTime:0.001385s ]
