---------------------------------------------------------------
[ 2022-05-24T15:35:03+08:00 ] 127.0.0.1 OPTIONS api.newkefu.com/admin/elastic_search_chat/index
[运行时间：0.095481s] [吞吐率：10.47req/s] [内存消耗：2,401.75kb] [文件加载：153]
[ info ] [ LANG ] D:\phpstudy_pro\WWW\new_kefu_online\thinkphp\lang\zh-cn.php
[ info ] [ ROUTE ] array (
  'type' => 'module',
  'module' => 
  array (
    0 => 'admin',
    1 => 'elastic_search_chat',
    2 => 'index',
  ),
)
[ info ] [ HEADER ] array (
  'connection' => 'close',
  'origin' => 'http://www.newkefu.com',
  'referer' => 'http://www.newkefu.com/',
  'access-control-request-headers' => 'platform,token',
  'access-control-request-method' => 'POST',
  'accept-encoding' => 'gzip, deflate',
  'accept-language' => 'zh-CN,zh;q=0.8,zh-TW;q=0.7,zh-HK;q=0.5,en-US;q=0.3,en;q=0.2',
  'accept' => '*/*',
  'user-agent' => 'Mozilla/5.0 (Windows NT 10.0; Win64; x64; rv:100.0) Gecko/20100101 Firefox/100.0',
  'host' => 'api.newkefu.com',
)
[ info ] [ PARAM ] array (
  '/admin/elastic_search_chat/index' => '',
)
[ info ] [ LOG ] INIT File
---------------------------------------------------------------
[ 2022-05-24T15:35:03+08:00 ] 127.0.0.1 POST api.newkefu.com/admin/elastic_search_chat/index
[运行时间：0.119686s] [吞吐率：8.36req/s] [内存消耗：4,935.59kb] [文件加载：197]
[ info ] [ LANG ] D:\phpstudy_pro\WWW\new_kefu_online\thinkphp\lang\zh-cn.php
[ info ] [ ROUTE ] array (
  'type' => 'module',
  'module' => 
  array (
    0 => 'admin',
    1 => 'elastic_search_chat',
    2 => 'index',
  ),
)
[ info ] [ HEADER ] array (
  'referer' => 'http://www.newkefu.com/',
  'connection' => 'close',
  'origin' => 'http://www.newkefu.com',
  'content-length' => '204',
  'platform' => 'bx',
  'token' => 'eyJ0eXAiOiJKV1QiLCJhbGciOiJIUzI1NiIsImp0aSI6ImxYWGluZyJ9.eyJpc3MiOiJhcGkubmV3a2VmdS5jb20iLCJqdGkiOiJsWFhpbmciLCJpYXQiOjE2NTE4MzAxMzUsImV4cCI6MTY1NDQyMjEzNSwidWlkIjoxNDN9.OCzadoAUz3FNtBnDSphV3i9z3el_Nc3BTjMK_31Z1Og',
  'content-type' => 'application/x-www-form-urlencoded; charset=UTF-8',
  'accept-encoding' => 'gzip, deflate',
  'accept-language' => 'zh-CN,zh;q=0.8,zh-TW;q=0.7,zh-HK;q=0.5,en-US;q=0.3,en;q=0.2',
  'accept' => 'application/json, text/javascript, */*; q=0.01',
  'user-agent' => 'Mozilla/5.0 (Windows NT 10.0; Win64; x64; rv:100.0) Gecko/20100101 Firefox/100.0',
  'host' => 'api.newkefu.com',
)
[ info ] [ PARAM ] array (
  '/admin/elastic_search_chat/index' => '',
  'page' => '1',
  'limit' => '20',
  'tkey' => '',
  'game' => '',
  'type' => '',
  'keyword' => '',
  'uid' => '20058422',
  'uname' => '',
  'sid' => '',
  'ip' => '',
  'imei' => '',
  'money_min' => '',
  'money_max' => '',
  'sdate' => '2022-05-19 00:00:00',
  'edate' => '2022-05-20 00:00:00',
  'level_min' => '',
  'level_max' => '',
  'sid_min' => '',
  'sid_max' => '',
  'ext' => '',
)
[ info ] [ DB ] INIT mysql
[ info ] [ CACHE ] INIT redis
[ info ] [ DB ] INIT mysql
[ info ] [ DB ] INIT mysql
[ info ] [ RUN ] app\admin\controller\ElasticSearchChat->index[ D:\phpstudy_pro\WWW\new_kefu_online\application\admin\controller\ElasticSearchChat.php ]
[ info ] [ LOG ] INIT File
[ sql ] [ DB ] CONNECT:[ UseTime:0.001327s ] mysql:host=127.0.0.1;port=3306;dbname=gr_chat;charset=utf8
[ sql ] [ SQL ] SHOW COLUMNS FROM `gr_menu_new` [ RunTime:0.002001s ]
[ sql ] [ SQL ] SELECT m.menu_id as id,`m`.`menu_name`,`m`.`p_id`,`m`.`controller`,`m`.`action`,`m`.`is_show`,`m`.`url`,`m`.`type` FROM `gr_menu_new` `m` ORDER BY `p_id` ASC,`sort` ASC,`id` ASC [ RunTime:0.003097s ]
[ sql ] [ SQL ] SHOW COLUMNS FROM `gr_admin_log_n` [ RunTime:0.001024s ]
[ sql ] [ SQL ] INSERT INTO `gr_admin_log_n` (`ip` , `admin_id` , `url` , `data` , `controller` , `action` , `add_time`) VALUES ('127.0.0.1' , 143 , '/admin/elastic_search_chat/index' , '\"{\\\"\\\\\\/admin\\\\\\/elastic_search_chat\\\\\\/index\\\":\\\"\\\",\\\"page\\\":\\\"1\\\",\\\"limit\\\":\\\"20\\\",\\\"tkey\\\":\\\"\\\",\\\"game\\\":\\\"\\\",\\\"type\\\":\\\"\\\",\\\"keyword\\\":\\\"\\\",\\\"uid\\\":\\\"20058422\\\",\\\"uname\\\":\\\"\\\",\\\"sid\\\":\\\"\\\",\\\"ip\\\":\\\"\\\",\\\"imei\\\":\\\"\\\",\\\"money_min\\\":\\\"\\\",\\\"money_max\\\":\\\"\\\",\\\"sdate\\\":\\\"2022-05-19 00:00:00\\\",\\\"edate\\\":\\\"2022-05-20 00:00:00\\\",\\\"level_min\\\":\\\"\\\",\\\"level_max\\\":\\\"\\\",\\\"sid_min\\\":\\\"\\\",\\\"sid_max\\\":\\\"\\\",\\\"ext\\\":\\\"\\\"}\"' , 'ElasticSearchChat' , 'index' , 1653377703) [ RunTime:0.000748s ]
