---------------------------------------------------------------
[ 2022-05-30T12:27:25+08:00 ] 127.0.0.1 OPTIONS api.newkefu.com/admin/user/model
[运行时间：0.091210s] [吞吐率：10.96req/s] [内存消耗：2,408.54kb] [文件加载：153]
[ info ] [ LANG ] D:\phpstudy_pro\WWW\new_kefu_online\thinkphp\lang\zh-cn.php
[ info ] [ ROUTE ] array (
  'type' => 'module',
  'module' => 
  array (
    0 => 'admin',
    1 => 'user',
    2 => 'model',
  ),
)
[ info ] [ HEADER ] array (
  'connection' => 'close',
  'origin' => 'http://www.newkefu.com',
  'referer' => 'http://www.newkefu.com/',
  'access-control-request-headers' => 'platform,token',
  'access-control-request-method' => 'POST',
  'accept-encoding' => 'gzip, deflate',
  'accept-language' => 'zh-CN,zh;q=0.8,zh-TW;q=0.7,zh-HK;q=0.5,en-US;q=0.3,en;q=0.2',
  'accept' => '*/*',
  'user-agent' => 'Mozilla/5.0 (Windows NT 10.0; Win64; x64; rv:100.0) Gecko/20100101 Firefox/100.0',
  'host' => 'api.newkefu.com',
)
[ info ] [ PARAM ] array (
  '/admin/user/model' => '',
)
[ info ] [ LOG ] INIT File
---------------------------------------------------------------
[ 2022-05-30T12:27:25+08:00 ] 127.0.0.1 POST api.newkefu.com/admin/user/model
[运行时间：0.099094s] [吞吐率：10.09req/s] [内存消耗：3,838.30kb] [文件加载：183]
[ info ] [ LANG ] D:\phpstudy_pro\WWW\new_kefu_online\thinkphp\lang\zh-cn.php
[ info ] [ ROUTE ] array (
  'type' => 'module',
  'module' => 
  array (
    0 => 'admin',
    1 => 'user',
    2 => 'model',
  ),
)
[ info ] [ HEADER ] array (
  'content-length' => '0',
  'referer' => 'http://www.newkefu.com/',
  'connection' => 'close',
  'origin' => 'http://www.newkefu.com',
  'platform' => 'bx',
  'token' => 'eyJ0eXAiOiJKV1QiLCJhbGciOiJIUzI1NiIsImp0aSI6ImxYWGluZyJ9.eyJpc3MiOiJhcGkubmV3a2VmdS5jb20iLCJqdGkiOiJsWFhpbmciLCJpYXQiOjE2NTE4MzAxMzUsImV4cCI6MTY1NDQyMjEzNSwidWlkIjoxNDN9.OCzadoAUz3FNtBnDSphV3i9z3el_Nc3BTjMK_31Z1Og',
  'accept-encoding' => 'gzip, deflate',
  'accept-language' => 'zh-CN,zh;q=0.8,zh-TW;q=0.7,zh-HK;q=0.5,en-US;q=0.3,en;q=0.2',
  'accept' => 'application/json, text/javascript, */*; q=0.01',
  'user-agent' => 'Mozilla/5.0 (Windows NT 10.0; Win64; x64; rv:100.0) Gecko/20100101 Firefox/100.0',
  'host' => 'api.newkefu.com',
)
[ info ] [ PARAM ] array (
  '/admin/user/model' => '',
)
[ info ] [ DB ] INIT mysql
[ info ] [ CACHE ] INIT redis
[ info ] [ LOG ] INIT File
---------------------------------------------------------------
[ 2022-05-30T12:27:25+08:00 ] 127.0.0.1 OPTIONS api.newkefu.com/admin/user/index
[运行时间：0.054160s] [吞吐率：18.46req/s] [内存消耗：2,407.93kb] [文件加载：153]
[ info ] [ LANG ] D:\phpstudy_pro\WWW\new_kefu_online\thinkphp\lang\zh-cn.php
[ info ] [ ROUTE ] array (
  'type' => 'module',
  'module' => 
  array (
    0 => 'admin',
    1 => 'user',
    2 => 'index',
  ),
)
[ info ] [ HEADER ] array (
  'connection' => 'close',
  'origin' => 'http://www.newkefu.com',
  'referer' => 'http://www.newkefu.com/',
  'access-control-request-headers' => 'platform',
  'access-control-request-method' => 'POST',
  'accept-encoding' => 'gzip, deflate',
  'accept-language' => 'zh-CN,zh;q=0.8,zh-TW;q=0.7,zh-HK;q=0.5,en-US;q=0.3,en;q=0.2',
  'accept' => '*/*',
  'user-agent' => 'Mozilla/5.0 (Windows NT 10.0; Win64; x64; rv:100.0) Gecko/20100101 Firefox/100.0',
  'host' => 'api.newkefu.com',
)
[ info ] [ PARAM ] array (
  '/admin/user/index' => '',
)
[ info ] [ LOG ] INIT File
---------------------------------------------------------------
[ 2022-05-30T12:27:25+08:00 ] 127.0.0.1 POST api.newkefu.com/admin/user/index
[运行时间：0.048552s] [吞吐率：20.60req/s] [内存消耗：2,407.36kb] [文件加载：153]
[ info ] [ LANG ] D:\phpstudy_pro\WWW\new_kefu_online\thinkphp\lang\zh-cn.php
[ info ] [ ROUTE ] array (
  'type' => 'module',
  'module' => 
  array (
    0 => 'admin',
    1 => 'user',
    2 => 'index',
  ),
)
[ info ] [ HEADER ] array (
  'content-length' => '0',
  'referer' => 'http://www.newkefu.com/',
  'connection' => 'close',
  'origin' => 'http://www.newkefu.com',
  'platform' => 'bx',
  'accept-encoding' => 'gzip, deflate',
  'accept-language' => 'zh-CN,zh;q=0.8,zh-TW;q=0.7,zh-HK;q=0.5,en-US;q=0.3,en;q=0.2',
  'accept' => 'application/json, text/javascript, */*; q=0.01',
  'user-agent' => 'Mozilla/5.0 (Windows NT 10.0; Win64; x64; rv:100.0) Gecko/20100101 Firefox/100.0',
  'host' => 'api.newkefu.com',
)
[ info ] [ PARAM ] array (
  '/admin/user/index' => '',
)
[ info ] [ LOG ] INIT File
---------------------------------------------------------------
[ 2022-05-30T12:27:29+08:00 ] 127.0.0.1 OPTIONS api.newkefu.com/admin/Login/index
[运行时间：0.052643s] [吞吐率：19.00req/s] [内存消耗：2,429.98kb] [文件加载：155]
[ info ] [ LANG ] D:\phpstudy_pro\WWW\new_kefu_online\thinkphp\lang\zh-cn.php
[ info ] [ ROUTE ] array (
  'type' => 'module',
  'module' => 
  array (
    0 => 'admin',
    1 => 'Login',
    2 => 'index',
  ),
)
[ info ] [ HEADER ] array (
  'connection' => 'close',
  'origin' => 'http://www.newkefu.com',
  'referer' => 'http://www.newkefu.com/',
  'access-control-request-headers' => 'platform',
  'access-control-request-method' => 'POST',
  'accept-encoding' => 'gzip, deflate',
  'accept-language' => 'zh-CN,zh;q=0.8,zh-TW;q=0.7,zh-HK;q=0.5,en-US;q=0.3,en;q=0.2',
  'accept' => '*/*',
  'user-agent' => 'Mozilla/5.0 (Windows NT 10.0; Win64; x64; rv:100.0) Gecko/20100101 Firefox/100.0',
  'host' => 'api.newkefu.com',
)
[ info ] [ PARAM ] array (
  '/admin/Login/index' => '',
)
[ info ] [ RUN ] app\admin\controller\Login->index[ D:\phpstudy_pro\WWW\new_kefu_online\application\admin\controller\Login.php ]
[ info ] [ LOG ] INIT File
---------------------------------------------------------------
[ 2022-05-30T12:27:30+08:00 ] 127.0.0.1 POST api.newkefu.com/admin/Login/index
[运行时间：0.094571s] [吞吐率：10.57req/s] [内存消耗：4,270.05kb] [文件加载：190]
[ info ] [ LANG ] D:\phpstudy_pro\WWW\new_kefu_online\thinkphp\lang\zh-cn.php
[ info ] [ ROUTE ] array (
  'type' => 'module',
  'module' => 
  array (
    0 => 'admin',
    1 => 'Login',
    2 => 'index',
  ),
)
[ info ] [ HEADER ] array (
  'referer' => 'http://www.newkefu.com/',
  'connection' => 'close',
  'origin' => 'http://www.newkefu.com',
  'content-length' => '29',
  'platform' => 'bx',
  'content-type' => 'application/x-www-form-urlencoded; charset=UTF-8',
  'accept-encoding' => 'gzip, deflate',
  'accept-language' => 'zh-CN,zh;q=0.8,zh-TW;q=0.7,zh-HK;q=0.5,en-US;q=0.3,en;q=0.2',
  'accept' => 'application/json, text/javascript, */*; q=0.01',
  'user-agent' => 'Mozilla/5.0 (Windows NT 10.0; Win64; x64; rv:100.0) Gecko/20100101 Firefox/100.0',
  'host' => 'api.newkefu.com',
)
[ info ] [ PARAM ] array (
  '/admin/Login/index' => '',
  'username' => 'lirm',
  'password' => '123456',
)
[ info ] [ RUN ] app\admin\controller\Login->index[ D:\phpstudy_pro\WWW\new_kefu_online\application\admin\controller\Login.php ]
[ info ] [ DB ] INIT mysql
[ info ] [ CACHE ] INIT redis
[ info ] [ DB ] INIT mysql
[ info ] [ LOG ] INIT File
---------------------------------------------------------------
[ 2022-05-30T12:27:42+08:00 ] 127.0.0.1 OPTIONS api.newkefu.com/admin/user/model
[运行时间：0.050596s] [吞吐率：19.76req/s] [内存消耗：2,407.93kb] [文件加载：153]
[ info ] [ LANG ] D:\phpstudy_pro\WWW\new_kefu_online\thinkphp\lang\zh-cn.php
[ info ] [ ROUTE ] array (
  'type' => 'module',
  'module' => 
  array (
    0 => 'admin',
    1 => 'user',
    2 => 'model',
  ),
)
[ info ] [ HEADER ] array (
  'connection' => 'close',
  'origin' => 'http://www.newkefu.com',
  'referer' => 'http://www.newkefu.com/',
  'access-control-request-headers' => 'platform,token',
  'access-control-request-method' => 'POST',
  'accept-encoding' => 'gzip, deflate',
  'accept-language' => 'zh-CN,zh;q=0.8,zh-TW;q=0.7,zh-HK;q=0.5,en-US;q=0.3,en;q=0.2',
  'accept' => '*/*',
  'user-agent' => 'Mozilla/5.0 (Windows NT 10.0; Win64; x64; rv:100.0) Gecko/20100101 Firefox/100.0',
  'host' => 'api.newkefu.com',
)
[ info ] [ PARAM ] array (
  '/admin/user/model' => '',
)
[ info ] [ LOG ] INIT File
---------------------------------------------------------------
[ 2022-05-30T12:27:42+08:00 ] 127.0.0.1 POST api.newkefu.com/admin/user/model
[运行时间：0.132361s] [吞吐率：7.56req/s] [内存消耗：4,767.73kb] [文件加载：193]
[ info ] [ LANG ] D:\phpstudy_pro\WWW\new_kefu_online\thinkphp\lang\zh-cn.php
[ info ] [ ROUTE ] array (
  'type' => 'module',
  'module' => 
  array (
    0 => 'admin',
    1 => 'user',
    2 => 'model',
  ),
)
[ info ] [ HEADER ] array (
  'content-length' => '0',
  'referer' => 'http://www.newkefu.com/',
  'connection' => 'close',
  'origin' => 'http://www.newkefu.com',
  'platform' => 'zw',
  'token' => 'eyJ0eXAiOiJKV1QiLCJhbGciOiJIUzI1NiIsImp0aSI6ImxYWGluZyJ9.eyJpc3MiOiJhcGkubmV3a2VmdS5jb20iLCJqdGkiOiJsWFhpbmciLCJpYXQiOjE2NTM4ODQ4NTAsImV4cCI6MTY1NjQ3Njg1MCwidWlkIjoxNDN9.HDR_HxsO89Tc3MDKEmcmEUPOk_benl1anpS5J1FQ9kY',
  'accept-encoding' => 'gzip, deflate',
  'accept-language' => 'zh-CN,zh;q=0.8,zh-TW;q=0.7,zh-HK;q=0.5,en-US;q=0.3,en;q=0.2',
  'accept' => 'application/json, text/javascript, */*; q=0.01',
  'user-agent' => 'Mozilla/5.0 (Windows NT 10.0; Win64; x64; rv:100.0) Gecko/20100101 Firefox/100.0',
  'host' => 'api.newkefu.com',
)
[ info ] [ PARAM ] array (
  '/admin/user/model' => '',
)
[ info ] [ DB ] INIT mysql
[ info ] [ CACHE ] INIT redis
[ info ] [ DB ] INIT mysql
[ info ] [ RUN ] app\admin\controller\User->model[ D:\phpstudy_pro\WWW\new_kefu_online\application\admin\controller\User.php ]
[ info ] [ LOG ] INIT File
[ sql ] [ DB ] CONNECT:[ UseTime:0.010499s ] mysql:host=127.0.0.1;port=3306;dbname=gr_chat;charset=utf8
[ sql ] [ SQL ] SHOW COLUMNS FROM `gr_menu_new` [ RunTime:0.009803s ]
[ sql ] [ SQL ] SELECT m.menu_id as id,`m`.`menu_name`,`m`.`p_id`,`m`.`controller`,`m`.`action`,`m`.`is_show`,`m`.`url`,`m`.`type` FROM `gr_menu_new` `m` ORDER BY `p_id` ASC,`sort` ASC,`id` ASC [ RunTime:0.001527s ]
---------------------------------------------------------------
[ 2022-05-30T12:27:42+08:00 ] 127.0.0.1 OPTIONS api.newkefu.com/admin/user/index
[运行时间：0.052843s] [吞吐率：18.92req/s] [内存消耗：2,407.93kb] [文件加载：153]
[ info ] [ LANG ] D:\phpstudy_pro\WWW\new_kefu_online\thinkphp\lang\zh-cn.php
[ info ] [ ROUTE ] array (
  'type' => 'module',
  'module' => 
  array (
    0 => 'admin',
    1 => 'user',
    2 => 'index',
  ),
)
[ info ] [ HEADER ] array (
  'connection' => 'close',
  'origin' => 'http://www.newkefu.com',
  'referer' => 'http://www.newkefu.com/',
  'access-control-request-headers' => 'platform,token',
  'access-control-request-method' => 'POST',
  'accept-encoding' => 'gzip, deflate',
  'accept-language' => 'zh-CN,zh;q=0.8,zh-TW;q=0.7,zh-HK;q=0.5,en-US;q=0.3,en;q=0.2',
  'accept' => '*/*',
  'user-agent' => 'Mozilla/5.0 (Windows NT 10.0; Win64; x64; rv:100.0) Gecko/20100101 Firefox/100.0',
  'host' => 'api.newkefu.com',
)
[ info ] [ PARAM ] array (
  '/admin/user/index' => '',
)
[ info ] [ LOG ] INIT File
---------------------------------------------------------------
[ 2022-05-30T12:27:42+08:00 ] 127.0.0.1 POST api.newkefu.com/admin/user/index
[运行时间：0.121692s] [吞吐率：8.22req/s] [内存消耗：4,751.73kb] [文件加载：193]
[ info ] [ LANG ] D:\phpstudy_pro\WWW\new_kefu_online\thinkphp\lang\zh-cn.php
[ info ] [ ROUTE ] array (
  'type' => 'module',
  'module' => 
  array (
    0 => 'admin',
    1 => 'user',
    2 => 'index',
  ),
)
[ info ] [ HEADER ] array (
  'content-length' => '0',
  'referer' => 'http://www.newkefu.com/',
  'connection' => 'close',
  'origin' => 'http://www.newkefu.com',
  'platform' => 'zw',
  'token' => 'eyJ0eXAiOiJKV1QiLCJhbGciOiJIUzI1NiIsImp0aSI6ImxYWGluZyJ9.eyJpc3MiOiJhcGkubmV3a2VmdS5jb20iLCJqdGkiOiJsWFhpbmciLCJpYXQiOjE2NTM4ODQ4NTAsImV4cCI6MTY1NjQ3Njg1MCwidWlkIjoxNDN9.HDR_HxsO89Tc3MDKEmcmEUPOk_benl1anpS5J1FQ9kY',
  'accept-encoding' => 'gzip, deflate',
  'accept-language' => 'zh-CN,zh;q=0.8,zh-TW;q=0.7,zh-HK;q=0.5,en-US;q=0.3,en;q=0.2',
  'accept' => 'application/json, text/javascript, */*; q=0.01',
  'user-agent' => 'Mozilla/5.0 (Windows NT 10.0; Win64; x64; rv:100.0) Gecko/20100101 Firefox/100.0',
  'host' => 'api.newkefu.com',
)
[ info ] [ PARAM ] array (
  '/admin/user/index' => '',
)
[ info ] [ DB ] INIT mysql
[ info ] [ CACHE ] INIT redis
[ info ] [ DB ] INIT mysql
[ info ] [ RUN ] app\admin\controller\User->index[ D:\phpstudy_pro\WWW\new_kefu_online\application\admin\controller\User.php ]
[ info ] [ LOG ] INIT File
[ sql ] [ DB ] CONNECT:[ UseTime:0.011513s ] mysql:host=127.0.0.1;port=3306;dbname=gr_chat;charset=utf8
[ sql ] [ SQL ] SHOW COLUMNS FROM `gr_menu_new` [ RunTime:0.002146s ]
[ sql ] [ SQL ] SELECT m.menu_id as id,`m`.`menu_name`,`m`.`p_id`,`m`.`controller`,`m`.`action`,`m`.`is_show`,`m`.`url`,`m`.`type` FROM `gr_menu_new` `m` ORDER BY `p_id` ASC,`sort` ASC,`id` ASC [ RunTime:0.000739s ]
