---------------------------------------------------------------
[ 2022-09-06T10:43:05+08:00 ] 127.0.0.1 GET api.newkefu.com/scripts/RecallPlan/run
[运行时间：0.322034s] [吞吐率：3.11req/s] [内存消耗：4,007.10kb] [文件加载：176]
[ info ] [ LANG ] D:\phpstudy_pro\WWW\new_kefu_online\thinkphp\lang\zh-cn.php
[ info ] [ ROUTE ] array (
  'type' => 'module',
  'module' => 
  array (
    0 => 'scripts',
    1 => 'RecallPlan',
    2 => 'run',
  ),
)
[ info ] [ HEADER ] array (
  'upgrade-insecure-requests' => '1',
  'connection' => 'close',
  'accept-encoding' => 'gzip, deflate',
  'accept-language' => 'zh-CN,zh;q=0.8,zh-TW;q=0.7,zh-HK;q=0.5,en-US;q=0.3,en;q=0.2',
  'accept' => 'text/html,application/xhtml+xml,application/xml;q=0.9,image/avif,image/webp,*/*;q=0.8',
  'user-agent' => 'Mozilla/5.0 (Windows NT 10.0; Win64; x64; rv:104.0) Gecko/20100101 Firefox/104.0',
  'host' => 'api.newkefu.com',
)
[ info ] [ PARAM ] array (
  '/scripts/RecallPlan/run' => '',
)
[ info ] [ CACHE ] INIT redis
[ info ] [ DB ] INIT mysql
[ info ] [ RUN ] app\scripts\controller\RecallPlan->run[ D:\phpstudy_pro\WWW\new_kefu_online\application\scripts\controller\RecallPlan.php ]
[ info ] [ DB ] INIT mysql
[ info ] [ LOG ] INIT File
[ sql ] [ DB ] CONNECT:[ UseTime:0.004302s ] mysql:host=127.0.0.1;port=3306;dbname=gr_chat;charset=utf8
[ sql ] [ SQL ] SHOW COLUMNS FROM `gr_run_log` [ RunTime:0.005352s ]
[ sql ] [ SQL ] INSERT INTO `gr_run_log` (`controller` , `action` , `input_param` , `add_time` , `update_time`) VALUES ('script_RecallPlan' , 'sendRecallPlanLog' , '\"\"' , 1662432184 , 1662432184) [ RunTime:0.008513s ]
[ sql ] [ SQL ] SELECT * FROM `gr_run_log` WHERE  `id` = 702 LIMIT 1 [ RunTime:0.000832s ]
[ sql ] [ SQL ] UPDATE `gr_run_log`  SET `status`=1,`out_param`='[]',`update_time`=1662432184  WHERE  `id` = 702 [ RunTime:0.006694s ]
---------------------------------------------------------------
[ 2022-09-06T10:43:17+08:00 ] 127.0.0.1 GET api.newkefu.com/scripts/RecallPlan/run
[运行时间：0.151070s] [吞吐率：6.62req/s] [内存消耗：3,986.42kb] [文件加载：175]
[ info ] [ LANG ] D:\phpstudy_pro\WWW\new_kefu_online\thinkphp\lang\zh-cn.php
[ info ] [ ROUTE ] array (
  'type' => 'module',
  'module' => 
  array (
    0 => 'scripts',
    1 => 'RecallPlan',
    2 => 'run',
  ),
)
[ info ] [ HEADER ] array (
  'upgrade-insecure-requests' => '1',
  'connection' => 'close',
  'accept-encoding' => 'gzip, deflate',
  'accept-language' => 'zh-CN,zh;q=0.8,zh-TW;q=0.7,zh-HK;q=0.5,en-US;q=0.3,en;q=0.2',
  'accept' => 'text/html,application/xhtml+xml,application/xml;q=0.9,image/avif,image/webp,*/*;q=0.8',
  'user-agent' => 'Mozilla/5.0 (Windows NT 10.0; Win64; x64; rv:104.0) Gecko/20100101 Firefox/104.0',
  'host' => 'api.newkefu.com',
)
[ info ] [ PARAM ] array (
  '/scripts/RecallPlan/run' => '',
)
[ info ] [ CACHE ] INIT redis
[ info ] [ RUN ] app\scripts\controller\RecallPlan->run[ D:\phpstudy_pro\WWW\new_kefu_online\application\scripts\controller\RecallPlan.php ]
[ info ] [ DB ] INIT mysql
[ info ] [ DB ] INIT mysql
[ info ] [ LOG ] INIT File
[ sql ] [ DB ] CONNECT:[ UseTime:0.002511s ] mysql:host=127.0.0.1;port=3306;dbname=gr_chat;charset=utf8
[ sql ] [ SQL ] SHOW COLUMNS FROM `gr_run_log` [ RunTime:0.002488s ]
[ sql ] [ SQL ] INSERT INTO `gr_run_log` (`controller` , `action` , `input_param` , `add_time` , `update_time`) VALUES ('script_RecallPlan' , 'sendRecallPlanLog' , '\"\"' , 1662432197 , 1662432197) [ RunTime:0.001151s ]
[ sql ] [ SQL ] SELECT * FROM `gr_run_log` WHERE  `id` = 703 LIMIT 1 [ RunTime:0.000327s ]
[ sql ] [ SQL ] UPDATE `gr_run_log`  SET `status`=1,`out_param`='[]',`update_time`=1662432197  WHERE  `id` = 703 [ RunTime:0.002656s ]
---------------------------------------------------------------
[ 2022-09-06T10:43:26+08:00 ] 127.0.0.1 GET api.newkefu.com/scripts/RecallPlan/run
[运行时间：0.072180s] [吞吐率：13.85req/s] [内存消耗：3,786.72kb] [文件加载：169]
[ info ] [ LANG ] D:\phpstudy_pro\WWW\new_kefu_online\thinkphp\lang\zh-cn.php
[ info ] [ ROUTE ] array (
  'type' => 'module',
  'module' => 
  array (
    0 => 'scripts',
    1 => 'RecallPlan',
    2 => 'run',
  ),
)
[ info ] [ HEADER ] array (
  'upgrade-insecure-requests' => '1',
  'connection' => 'close',
  'accept-encoding' => 'gzip, deflate',
  'accept-language' => 'zh-CN,zh;q=0.8,zh-TW;q=0.7,zh-HK;q=0.5,en-US;q=0.3,en;q=0.2',
  'accept' => 'text/html,application/xhtml+xml,application/xml;q=0.9,image/avif,image/webp,*/*;q=0.8',
  'user-agent' => 'Mozilla/5.0 (Windows NT 10.0; Win64; x64; rv:104.0) Gecko/20100101 Firefox/104.0',
  'host' => 'api.newkefu.com',
)
[ info ] [ PARAM ] array (
  '/scripts/RecallPlan/run' => '',
)
[ info ] [ CACHE ] INIT redis
[ info ] [ RUN ] app\scripts\controller\RecallPlan->run[ D:\phpstudy_pro\WWW\new_kefu_online\application\scripts\controller\RecallPlan.php ]
[ info ] [ DB ] INIT mysql
[ info ] [ LOG ] INIT File
[ sql ] [ DB ] CONNECT:[ UseTime:0.001732s ] mysql:host=127.0.0.1;port=3306;dbname=gr_chat;charset=utf8
[ sql ] [ SQL ] SHOW COLUMNS FROM `gr_run_log` [ RunTime:0.001776s ]
[ sql ] [ SQL ] INSERT INTO `gr_run_log` (`controller` , `action` , `input_param` , `add_time` , `update_time`) VALUES ('script_RecallPlan' , 'sendRecallPlanLog' , '\"\"' , 1662432206 , 1662432206) [ RunTime:0.000855s ]
---------------------------------------------------------------
[ 2022-09-06T10:43:40+08:00 ] 127.0.0.1 GET api.newkefu.com/scripts/RecallPlan/run
[运行时间：0.082146s] [吞吐率：12.17req/s] [内存消耗：3,999.84kb] [文件加载：176]
[ info ] [ LANG ] D:\phpstudy_pro\WWW\new_kefu_online\thinkphp\lang\zh-cn.php
[ info ] [ ROUTE ] array (
  'type' => 'module',
  'module' => 
  array (
    0 => 'scripts',
    1 => 'RecallPlan',
    2 => 'run',
  ),
)
[ info ] [ HEADER ] array (
  'upgrade-insecure-requests' => '1',
  'connection' => 'close',
  'accept-encoding' => 'gzip, deflate',
  'accept-language' => 'zh-CN,zh;q=0.8,zh-TW;q=0.7,zh-HK;q=0.5,en-US;q=0.3,en;q=0.2',
  'accept' => 'text/html,application/xhtml+xml,application/xml;q=0.9,image/avif,image/webp,*/*;q=0.8',
  'user-agent' => 'Mozilla/5.0 (Windows NT 10.0; Win64; x64; rv:104.0) Gecko/20100101 Firefox/104.0',
  'host' => 'api.newkefu.com',
)
[ info ] [ PARAM ] array (
  '/scripts/RecallPlan/run' => '',
)
[ info ] [ CACHE ] INIT redis
[ info ] [ RUN ] app\scripts\controller\RecallPlan->run[ D:\phpstudy_pro\WWW\new_kefu_online\application\scripts\controller\RecallPlan.php ]
[ info ] [ DB ] INIT mysql
[ info ] [ DB ] INIT mysql
[ info ] [ LOG ] INIT File
[ sql ] [ DB ] CONNECT:[ UseTime:0.002842s ] mysql:host=127.0.0.1;port=3306;dbname=gr_chat;charset=utf8
[ sql ] [ SQL ] SHOW COLUMNS FROM `gr_run_log` [ RunTime:0.002671s ]
[ sql ] [ SQL ] INSERT INTO `gr_run_log` (`controller` , `action` , `input_param` , `add_time` , `update_time`) VALUES ('script_RecallPlan' , 'sendRecallPlanLog' , '\"\"' , 1662432220 , 1662432220) [ RunTime:0.001681s ]
---------------------------------------------------------------
[ 2022-09-06T10:43:44+08:00 ] 127.0.0.1 GET api.newkefu.com/scripts/RecallPlan/run
[运行时间：0.076210s] [吞吐率：13.12req/s] [内存消耗：4,003.37kb] [文件加载：176]
[ info ] [ LANG ] D:\phpstudy_pro\WWW\new_kefu_online\thinkphp\lang\zh-cn.php
[ info ] [ ROUTE ] array (
  'type' => 'module',
  'module' => 
  array (
    0 => 'scripts',
    1 => 'RecallPlan',
    2 => 'run',
  ),
)
[ info ] [ HEADER ] array (
  'upgrade-insecure-requests' => '1',
  'connection' => 'close',
  'accept-encoding' => 'gzip, deflate',
  'accept-language' => 'zh-CN,zh;q=0.8,zh-TW;q=0.7,zh-HK;q=0.5,en-US;q=0.3,en;q=0.2',
  'accept' => 'text/html,application/xhtml+xml,application/xml;q=0.9,image/avif,image/webp,*/*;q=0.8',
  'user-agent' => 'Mozilla/5.0 (Windows NT 10.0; Win64; x64; rv:104.0) Gecko/20100101 Firefox/104.0',
  'host' => 'api.newkefu.com',
)
[ info ] [ PARAM ] array (
  '/scripts/RecallPlan/run' => '',
)
[ info ] [ CACHE ] INIT redis
[ info ] [ RUN ] app\scripts\controller\RecallPlan->run[ D:\phpstudy_pro\WWW\new_kefu_online\application\scripts\controller\RecallPlan.php ]
[ info ] [ DB ] INIT mysql
[ info ] [ DB ] INIT mysql
[ info ] [ LOG ] INIT File
[ sql ] [ DB ] CONNECT:[ UseTime:0.003106s ] mysql:host=127.0.0.1;port=3306;dbname=gr_chat;charset=utf8
[ sql ] [ SQL ] SHOW COLUMNS FROM `gr_run_log` [ RunTime:0.002837s ]
[ sql ] [ SQL ] INSERT INTO `gr_run_log` (`controller` , `action` , `input_param` , `add_time` , `update_time`) VALUES ('script_RecallPlan' , 'sendRecallPlanLog' , '\"\"' , 1662432224 , 1662432224) [ RunTime:0.000785s ]
---------------------------------------------------------------
[ 2022-09-06T10:44:01+08:00 ] 127.0.0.1 GET api.newkefu.com/scripts/RecallPlan/run
[运行时间：0.089111s] [吞吐率：11.22req/s] [内存消耗：4,003.66kb] [文件加载：176]
[ info ] [ LANG ] D:\phpstudy_pro\WWW\new_kefu_online\thinkphp\lang\zh-cn.php
[ info ] [ ROUTE ] array (
  'type' => 'module',
  'module' => 
  array (
    0 => 'scripts',
    1 => 'RecallPlan',
    2 => 'run',
  ),
)
[ info ] [ HEADER ] array (
  'upgrade-insecure-requests' => '1',
  'connection' => 'close',
  'accept-encoding' => 'gzip, deflate',
  'accept-language' => 'zh-CN,zh;q=0.8,zh-TW;q=0.7,zh-HK;q=0.5,en-US;q=0.3,en;q=0.2',
  'accept' => 'text/html,application/xhtml+xml,application/xml;q=0.9,image/avif,image/webp,*/*;q=0.8',
  'user-agent' => 'Mozilla/5.0 (Windows NT 10.0; Win64; x64; rv:104.0) Gecko/20100101 Firefox/104.0',
  'host' => 'api.newkefu.com',
)
[ info ] [ PARAM ] array (
  '/scripts/RecallPlan/run' => '',
)
[ info ] [ CACHE ] INIT redis
[ info ] [ RUN ] app\scripts\controller\RecallPlan->run[ D:\phpstudy_pro\WWW\new_kefu_online\application\scripts\controller\RecallPlan.php ]
[ info ] [ DB ] INIT mysql
[ info ] [ DB ] INIT mysql
[ info ] [ LOG ] INIT File
[ sql ] [ DB ] CONNECT:[ UseTime:0.011419s ] mysql:host=127.0.0.1;port=3306;dbname=gr_chat;charset=utf8
[ sql ] [ SQL ] SHOW COLUMNS FROM `gr_run_log` [ RunTime:0.002726s ]
[ sql ] [ SQL ] INSERT INTO `gr_run_log` (`controller` , `action` , `input_param` , `add_time` , `update_time`) VALUES ('script_RecallPlan' , 'sendRecallPlanLog' , '\"\"' , 1662432241 , 1662432241) [ RunTime:0.002592s ]
---------------------------------------------------------------
[ 2022-09-06T10:45:13+08:00 ] 127.0.0.1 GET api.newkefu.com/scripts/RecallPlan/run
[运行时间：0.075319s] [吞吐率：13.28req/s] [内存消耗：4,003.37kb] [文件加载：176]
[ info ] [ LANG ] D:\phpstudy_pro\WWW\new_kefu_online\thinkphp\lang\zh-cn.php
[ info ] [ ROUTE ] array (
  'type' => 'module',
  'module' => 
  array (
    0 => 'scripts',
    1 => 'RecallPlan',
    2 => 'run',
  ),
)
[ info ] [ HEADER ] array (
  'upgrade-insecure-requests' => '1',
  'connection' => 'close',
  'accept-encoding' => 'gzip, deflate',
  'accept-language' => 'zh-CN,zh;q=0.8,zh-TW;q=0.7,zh-HK;q=0.5,en-US;q=0.3,en;q=0.2',
  'accept' => 'text/html,application/xhtml+xml,application/xml;q=0.9,image/avif,image/webp,*/*;q=0.8',
  'user-agent' => 'Mozilla/5.0 (Windows NT 10.0; Win64; x64; rv:104.0) Gecko/20100101 Firefox/104.0',
  'host' => 'api.newkefu.com',
)
[ info ] [ PARAM ] array (
  '/scripts/RecallPlan/run' => '',
)
[ info ] [ CACHE ] INIT redis
[ info ] [ RUN ] app\scripts\controller\RecallPlan->run[ D:\phpstudy_pro\WWW\new_kefu_online\application\scripts\controller\RecallPlan.php ]
[ info ] [ DB ] INIT mysql
[ info ] [ DB ] INIT mysql
[ info ] [ LOG ] INIT File
[ sql ] [ DB ] CONNECT:[ UseTime:0.001233s ] mysql:host=127.0.0.1;port=3306;dbname=gr_chat;charset=utf8
[ sql ] [ SQL ] SHOW COLUMNS FROM `gr_run_log` [ RunTime:0.000986s ]
[ sql ] [ SQL ] INSERT INTO `gr_run_log` (`controller` , `action` , `input_param` , `add_time` , `update_time`) VALUES ('script_RecallPlan' , 'sendRecallPlanLog' , '\"\"' , 1662432313 , 1662432313) [ RunTime:0.001199s ]
---------------------------------------------------------------
[ 2022-09-06T10:45:29+08:00 ] 127.0.0.1 GET api.newkefu.com/scripts/RecallPlan/run
[运行时间：0.090887s] [吞吐率：11.00req/s] [内存消耗：4,003.37kb] [文件加载：176]
[ info ] [ LANG ] D:\phpstudy_pro\WWW\new_kefu_online\thinkphp\lang\zh-cn.php
[ info ] [ ROUTE ] array (
  'type' => 'module',
  'module' => 
  array (
    0 => 'scripts',
    1 => 'RecallPlan',
    2 => 'run',
  ),
)
[ info ] [ HEADER ] array (
  'upgrade-insecure-requests' => '1',
  'connection' => 'close',
  'accept-encoding' => 'gzip, deflate',
  'accept-language' => 'zh-CN,zh;q=0.8,zh-TW;q=0.7,zh-HK;q=0.5,en-US;q=0.3,en;q=0.2',
  'accept' => 'text/html,application/xhtml+xml,application/xml;q=0.9,image/avif,image/webp,*/*;q=0.8',
  'user-agent' => 'Mozilla/5.0 (Windows NT 10.0; Win64; x64; rv:104.0) Gecko/20100101 Firefox/104.0',
  'host' => 'api.newkefu.com',
)
[ info ] [ PARAM ] array (
  '/scripts/RecallPlan/run' => '',
)
[ info ] [ CACHE ] INIT redis
[ info ] [ RUN ] app\scripts\controller\RecallPlan->run[ D:\phpstudy_pro\WWW\new_kefu_online\application\scripts\controller\RecallPlan.php ]
[ info ] [ DB ] INIT mysql
[ info ] [ DB ] INIT mysql
[ info ] [ LOG ] INIT File
[ sql ] [ DB ] CONNECT:[ UseTime:0.001156s ] mysql:host=127.0.0.1;port=3306;dbname=gr_chat;charset=utf8
[ sql ] [ SQL ] SHOW COLUMNS FROM `gr_run_log` [ RunTime:0.001411s ]
[ sql ] [ SQL ] INSERT INTO `gr_run_log` (`controller` , `action` , `input_param` , `add_time` , `update_time`) VALUES ('script_RecallPlan' , 'sendRecallPlanLog' , '\"\"' , 1662432329 , 1662432329) [ RunTime:0.001182s ]
---------------------------------------------------------------
[ 2022-09-06T10:45:38+08:00 ] 127.0.0.1 GET api.newkefu.com/scripts/RecallPlan/run
[运行时间：0.095655s] [吞吐率：10.45req/s] [内存消耗：4,003.66kb] [文件加载：176]
[ info ] [ LANG ] D:\phpstudy_pro\WWW\new_kefu_online\thinkphp\lang\zh-cn.php
[ info ] [ ROUTE ] array (
  'type' => 'module',
  'module' => 
  array (
    0 => 'scripts',
    1 => 'RecallPlan',
    2 => 'run',
  ),
)
[ info ] [ HEADER ] array (
  'upgrade-insecure-requests' => '1',
  'connection' => 'close',
  'accept-encoding' => 'gzip, deflate',
  'accept-language' => 'zh-CN,zh;q=0.8,zh-TW;q=0.7,zh-HK;q=0.5,en-US;q=0.3,en;q=0.2',
  'accept' => 'text/html,application/xhtml+xml,application/xml;q=0.9,image/avif,image/webp,*/*;q=0.8',
  'user-agent' => 'Mozilla/5.0 (Windows NT 10.0; Win64; x64; rv:104.0) Gecko/20100101 Firefox/104.0',
  'host' => 'api.newkefu.com',
)
[ info ] [ PARAM ] array (
  '/scripts/RecallPlan/run' => '',
)
[ info ] [ CACHE ] INIT redis
[ info ] [ RUN ] app\scripts\controller\RecallPlan->run[ D:\phpstudy_pro\WWW\new_kefu_online\application\scripts\controller\RecallPlan.php ]
[ info ] [ DB ] INIT mysql
[ info ] [ DB ] INIT mysql
[ info ] [ LOG ] INIT File
[ sql ] [ DB ] CONNECT:[ UseTime:0.010321s ] mysql:host=127.0.0.1;port=3306;dbname=gr_chat;charset=utf8
[ sql ] [ SQL ] SHOW COLUMNS FROM `gr_run_log` [ RunTime:0.001806s ]
[ sql ] [ SQL ] INSERT INTO `gr_run_log` (`controller` , `action` , `input_param` , `add_time` , `update_time`) VALUES ('script_RecallPlan' , 'sendRecallPlanLog' , '\"\"' , 1662432338 , 1662432338) [ RunTime:0.001368s ]
---------------------------------------------------------------
[ 2022-09-06T10:47:37+08:00 ] 127.0.0.1 GET api.newkefu.com/scripts/RecallPlan/run
[运行时间：0.096314s] [吞吐率：10.38req/s] [内存消耗：3,986.59kb] [文件加载：175]
[ info ] [ LANG ] D:\phpstudy_pro\WWW\new_kefu_online\thinkphp\lang\zh-cn.php
[ info ] [ ROUTE ] array (
  'type' => 'module',
  'module' => 
  array (
    0 => 'scripts',
    1 => 'RecallPlan',
    2 => 'run',
  ),
)
[ info ] [ HEADER ] array (
  'upgrade-insecure-requests' => '1',
  'connection' => 'close',
  'accept-encoding' => 'gzip, deflate',
  'accept-language' => 'zh-CN,zh;q=0.8,zh-TW;q=0.7,zh-HK;q=0.5,en-US;q=0.3,en;q=0.2',
  'accept' => 'text/html,application/xhtml+xml,application/xml;q=0.9,image/avif,image/webp,*/*;q=0.8',
  'user-agent' => 'Mozilla/5.0 (Windows NT 10.0; Win64; x64; rv:104.0) Gecko/20100101 Firefox/104.0',
  'host' => 'api.newkefu.com',
)
[ info ] [ PARAM ] array (
  '/scripts/RecallPlan/run' => '',
)
[ info ] [ CACHE ] INIT redis
[ info ] [ RUN ] app\scripts\controller\RecallPlan->run[ D:\phpstudy_pro\WWW\new_kefu_online\application\scripts\controller\RecallPlan.php ]
[ info ] [ DB ] INIT mysql
[ info ] [ DB ] INIT mysql
[ info ] [ LOG ] INIT File
[ sql ] [ DB ] CONNECT:[ UseTime:0.003071s ] mysql:host=127.0.0.1;port=3306;dbname=gr_chat;charset=utf8
[ sql ] [ SQL ] SHOW COLUMNS FROM `gr_run_log` [ RunTime:0.002171s ]
[ sql ] [ SQL ] INSERT INTO `gr_run_log` (`controller` , `action` , `input_param` , `add_time` , `update_time`) VALUES ('script_RecallPlan' , 'sendRecallPlanPeopleLog' , '\"\"' , 1662432457 , 1662432457) [ RunTime:0.001499s ]
[ sql ] [ SQL ] SELECT * FROM `gr_run_log` WHERE  `id` = 711 LIMIT 1 [ RunTime:0.000530s ]
[ sql ] [ SQL ] UPDATE `gr_run_log`  SET `status`=1,`out_param`='[]',`update_time`=1662432457  WHERE  `id` = 711 [ RunTime:0.002190s ]
---------------------------------------------------------------
[ 2022-09-06T10:47:51+08:00 ] 127.0.0.1 GET api.newkefu.com/scripts/RecallPlan/run
[运行时间：0.077799s] [吞吐率：12.85req/s] [内存消耗：3,923.99kb] [文件加载：177]
[ info ] [ LANG ] D:\phpstudy_pro\WWW\new_kefu_online\thinkphp\lang\zh-cn.php
[ info ] [ ROUTE ] array (
  'type' => 'module',
  'module' => 
  array (
    0 => 'scripts',
    1 => 'RecallPlan',
    2 => 'run',
  ),
)
[ info ] [ HEADER ] array (
  'upgrade-insecure-requests' => '1',
  'connection' => 'close',
  'accept-encoding' => 'gzip, deflate',
  'accept-language' => 'zh-CN,zh;q=0.8,zh-TW;q=0.7,zh-HK;q=0.5,en-US;q=0.3,en;q=0.2',
  'accept' => 'text/html,application/xhtml+xml,application/xml;q=0.9,image/avif,image/webp,*/*;q=0.8',
  'user-agent' => 'Mozilla/5.0 (Windows NT 10.0; Win64; x64; rv:104.0) Gecko/20100101 Firefox/104.0',
  'host' => 'api.newkefu.com',
)
[ info ] [ PARAM ] array (
  '/scripts/RecallPlan/run' => '',
)
[ info ] [ CACHE ] INIT redis
[ info ] [ RUN ] app\scripts\controller\RecallPlan->run[ D:\phpstudy_pro\WWW\new_kefu_online\application\scripts\controller\RecallPlan.php ]
[ info ] [ DB ] INIT mysql
[ info ] [ LOG ] INIT File
[ sql ] [ DB ] CONNECT:[ UseTime:0.001670s ] mysql:host=127.0.0.1;port=3306;dbname=gr_chat;charset=utf8
[ sql ] [ SQL ] SHOW COLUMNS FROM `gr_run_log` [ RunTime:0.001885s ]
[ sql ] [ SQL ] INSERT INTO `gr_run_log` (`controller` , `action` , `input_param` , `add_time` , `update_time`) VALUES ('script_RecallPlan' , 'sendRecallPlanPeopleLog' , '\"\"' , 1662432471 , 1662432471) [ RunTime:0.001596s ]
[ error ] [8]未定义数组下标: 0[D:\phpstudy_pro\WWW\new_kefu_online\common\libraries\SendNuoer.php:15]
---------------------------------------------------------------
[ 2022-09-06T10:48:16+08:00 ] 127.0.0.1 GET api.newkefu.com/scripts/RecallPlan/run
[运行时间：0.094748s] [吞吐率：10.55req/s] [内存消耗：3,924.00kb] [文件加载：177]
[ info ] [ LANG ] D:\phpstudy_pro\WWW\new_kefu_online\thinkphp\lang\zh-cn.php
[ info ] [ ROUTE ] array (
  'type' => 'module',
  'module' => 
  array (
    0 => 'scripts',
    1 => 'RecallPlan',
    2 => 'run',
  ),
)
[ info ] [ HEADER ] array (
  'upgrade-insecure-requests' => '1',
  'connection' => 'close',
  'accept-encoding' => 'gzip, deflate',
  'accept-language' => 'zh-CN,zh;q=0.8,zh-TW;q=0.7,zh-HK;q=0.5,en-US;q=0.3,en;q=0.2',
  'accept' => 'text/html,application/xhtml+xml,application/xml;q=0.9,image/avif,image/webp,*/*;q=0.8',
  'user-agent' => 'Mozilla/5.0 (Windows NT 10.0; Win64; x64; rv:104.0) Gecko/20100101 Firefox/104.0',
  'host' => 'api.newkefu.com',
)
[ info ] [ PARAM ] array (
  '/scripts/RecallPlan/run' => '',
)
[ info ] [ CACHE ] INIT redis
[ info ] [ RUN ] app\scripts\controller\RecallPlan->run[ D:\phpstudy_pro\WWW\new_kefu_online\application\scripts\controller\RecallPlan.php ]
[ info ] [ DB ] INIT mysql
[ info ] [ LOG ] INIT File
[ sql ] [ DB ] CONNECT:[ UseTime:0.001225s ] mysql:host=127.0.0.1;port=3306;dbname=gr_chat;charset=utf8
[ sql ] [ SQL ] SHOW COLUMNS FROM `gr_run_log` [ RunTime:0.002133s ]
[ sql ] [ SQL ] INSERT INTO `gr_run_log` (`controller` , `action` , `input_param` , `add_time` , `update_time`) VALUES ('script_RecallPlan' , 'sendRecallPlanPeopleLog' , '\"\"' , 1662432496 , 1662432496) [ RunTime:0.000823s ]
[ error ] [8]未定义数组下标: 0[D:\phpstudy_pro\WWW\new_kefu_online\common\libraries\SendNuoer.php:26]
---------------------------------------------------------------
[ 2022-09-06T10:48:30+08:00 ] 127.0.0.1 GET api.newkefu.com/scripts/RecallPlan/run
[运行时间：0.070253s] [吞吐率：14.23req/s] [内存消耗：3,924.00kb] [文件加载：177]
[ info ] [ LANG ] D:\phpstudy_pro\WWW\new_kefu_online\thinkphp\lang\zh-cn.php
[ info ] [ ROUTE ] array (
  'type' => 'module',
  'module' => 
  array (
    0 => 'scripts',
    1 => 'RecallPlan',
    2 => 'run',
  ),
)
[ info ] [ HEADER ] array (
  'upgrade-insecure-requests' => '1',
  'connection' => 'close',
  'accept-encoding' => 'gzip, deflate',
  'accept-language' => 'zh-CN,zh;q=0.8,zh-TW;q=0.7,zh-HK;q=0.5,en-US;q=0.3,en;q=0.2',
  'accept' => 'text/html,application/xhtml+xml,application/xml;q=0.9,image/avif,image/webp,*/*;q=0.8',
  'user-agent' => 'Mozilla/5.0 (Windows NT 10.0; Win64; x64; rv:104.0) Gecko/20100101 Firefox/104.0',
  'host' => 'api.newkefu.com',
)
[ info ] [ PARAM ] array (
  '/scripts/RecallPlan/run' => '',
)
[ info ] [ CACHE ] INIT redis
[ info ] [ RUN ] app\scripts\controller\RecallPlan->run[ D:\phpstudy_pro\WWW\new_kefu_online\application\scripts\controller\RecallPlan.php ]
[ info ] [ DB ] INIT mysql
[ info ] [ LOG ] INIT File
[ sql ] [ DB ] CONNECT:[ UseTime:0.001036s ] mysql:host=127.0.0.1;port=3306;dbname=gr_chat;charset=utf8
[ sql ] [ SQL ] SHOW COLUMNS FROM `gr_run_log` [ RunTime:0.000909s ]
[ sql ] [ SQL ] INSERT INTO `gr_run_log` (`controller` , `action` , `input_param` , `add_time` , `update_time`) VALUES ('script_RecallPlan' , 'sendRecallPlanPeopleLog' , '\"\"' , 1662432510 , 1662432510) [ RunTime:0.000759s ]
[ error ] [8]未定义数组索引: id[D:\phpstudy_pro\WWW\new_kefu_online\common\libraries\SendNuoer.php:26]
---------------------------------------------------------------
[ 2022-09-06T10:49:03+08:00 ] 127.0.0.1 GET api.newkefu.com/scripts/RecallPlan/run
[运行时间：0.073293s] [吞吐率：13.64req/s] [内存消耗：3,830.84kb] [文件加载：171]
[ info ] [ LANG ] D:\phpstudy_pro\WWW\new_kefu_online\thinkphp\lang\zh-cn.php
[ info ] [ ROUTE ] array (
  'type' => 'module',
  'module' => 
  array (
    0 => 'scripts',
    1 => 'RecallPlan',
    2 => 'run',
  ),
)
[ info ] [ HEADER ] array (
  'upgrade-insecure-requests' => '1',
  'connection' => 'close',
  'accept-encoding' => 'gzip, deflate',
  'accept-language' => 'zh-CN,zh;q=0.8,zh-TW;q=0.7,zh-HK;q=0.5,en-US;q=0.3,en;q=0.2',
  'accept' => 'text/html,application/xhtml+xml,application/xml;q=0.9,image/avif,image/webp,*/*;q=0.8',
  'user-agent' => 'Mozilla/5.0 (Windows NT 10.0; Win64; x64; rv:104.0) Gecko/20100101 Firefox/104.0',
  'host' => 'api.newkefu.com',
)
[ info ] [ PARAM ] array (
  '/scripts/RecallPlan/run' => '',
)
[ info ] [ CACHE ] INIT redis
[ info ] [ RUN ] app\scripts\controller\RecallPlan->run[ D:\phpstudy_pro\WWW\new_kefu_online\application\scripts\controller\RecallPlan.php ]
[ info ] [ DB ] INIT mysql
[ info ] [ LOG ] INIT File
[ sql ] [ DB ] CONNECT:[ UseTime:0.001030s ] mysql:host=127.0.0.1;port=3306;dbname=gr_chat;charset=utf8
[ sql ] [ SQL ] SHOW COLUMNS FROM `gr_run_log` [ RunTime:0.003810s ]
[ sql ] [ SQL ] INSERT INTO `gr_run_log` (`controller` , `action` , `input_param` , `add_time` , `update_time`) VALUES ('script_RecallPlan' , 'sendRecallPlanPeopleLog' , '\"\"' , 1662432543 , 1662432543) [ RunTime:0.000927s ]
---------------------------------------------------------------
[ 2022-09-06T10:49:11+08:00 ] 127.0.0.1 GET api.newkefu.com/scripts/RecallPlan/run
[运行时间：0.067970s] [吞吐率：14.71req/s] [内存消耗：3,831.13kb] [文件加载：171]
[ info ] [ LANG ] D:\phpstudy_pro\WWW\new_kefu_online\thinkphp\lang\zh-cn.php
[ info ] [ ROUTE ] array (
  'type' => 'module',
  'module' => 
  array (
    0 => 'scripts',
    1 => 'RecallPlan',
    2 => 'run',
  ),
)
[ info ] [ HEADER ] array (
  'upgrade-insecure-requests' => '1',
  'connection' => 'close',
  'accept-encoding' => 'gzip, deflate',
  'accept-language' => 'zh-CN,zh;q=0.8,zh-TW;q=0.7,zh-HK;q=0.5,en-US;q=0.3,en;q=0.2',
  'accept' => 'text/html,application/xhtml+xml,application/xml;q=0.9,image/avif,image/webp,*/*;q=0.8',
  'user-agent' => 'Mozilla/5.0 (Windows NT 10.0; Win64; x64; rv:104.0) Gecko/20100101 Firefox/104.0',
  'host' => 'api.newkefu.com',
)
[ info ] [ PARAM ] array (
  '/scripts/RecallPlan/run' => '',
)
[ info ] [ CACHE ] INIT redis
[ info ] [ RUN ] app\scripts\controller\RecallPlan->run[ D:\phpstudy_pro\WWW\new_kefu_online\application\scripts\controller\RecallPlan.php ]
[ info ] [ DB ] INIT mysql
[ info ] [ LOG ] INIT File
[ sql ] [ DB ] CONNECT:[ UseTime:0.001442s ] mysql:host=127.0.0.1;port=3306;dbname=gr_chat;charset=utf8
[ sql ] [ SQL ] SHOW COLUMNS FROM `gr_run_log` [ RunTime:0.001352s ]
[ sql ] [ SQL ] INSERT INTO `gr_run_log` (`controller` , `action` , `input_param` , `add_time` , `update_time`) VALUES ('script_RecallPlan' , 'sendRecallPlanPeopleLog' , '\"\"' , 1662432551 , 1662432551) [ RunTime:0.000857s ]
---------------------------------------------------------------
[ 2022-09-06T10:49:19+08:00 ] 127.0.0.1 GET api.newkefu.com/scripts/RecallPlan/run
[运行时间：0.086084s] [吞吐率：11.62req/s] [内存消耗：3,830.84kb] [文件加载：171]
[ info ] [ LANG ] D:\phpstudy_pro\WWW\new_kefu_online\thinkphp\lang\zh-cn.php
[ info ] [ ROUTE ] array (
  'type' => 'module',
  'module' => 
  array (
    0 => 'scripts',
    1 => 'RecallPlan',
    2 => 'run',
  ),
)
[ info ] [ HEADER ] array (
  'upgrade-insecure-requests' => '1',
  'connection' => 'close',
  'accept-encoding' => 'gzip, deflate',
  'accept-language' => 'zh-CN,zh;q=0.8,zh-TW;q=0.7,zh-HK;q=0.5,en-US;q=0.3,en;q=0.2',
  'accept' => 'text/html,application/xhtml+xml,application/xml;q=0.9,image/avif,image/webp,*/*;q=0.8',
  'user-agent' => 'Mozilla/5.0 (Windows NT 10.0; Win64; x64; rv:104.0) Gecko/20100101 Firefox/104.0',
  'host' => 'api.newkefu.com',
)
[ info ] [ PARAM ] array (
  '/scripts/RecallPlan/run' => '',
)
[ info ] [ CACHE ] INIT redis
[ info ] [ RUN ] app\scripts\controller\RecallPlan->run[ D:\phpstudy_pro\WWW\new_kefu_online\application\scripts\controller\RecallPlan.php ]
[ info ] [ DB ] INIT mysql
[ info ] [ LOG ] INIT File
[ sql ] [ DB ] CONNECT:[ UseTime:0.010999s ] mysql:host=127.0.0.1;port=3306;dbname=gr_chat;charset=utf8
[ sql ] [ SQL ] SHOW COLUMNS FROM `gr_run_log` [ RunTime:0.002367s ]
[ sql ] [ SQL ] INSERT INTO `gr_run_log` (`controller` , `action` , `input_param` , `add_time` , `update_time`) VALUES ('script_RecallPlan' , 'sendRecallPlanPeopleLog' , '\"\"' , 1662432559 , 1662432559) [ RunTime:0.001702s ]
---------------------------------------------------------------
[ 2022-09-06T10:49:50+08:00 ] 127.0.0.1 GET api.newkefu.com/scripts/RecallPlan/run
[运行时间：0.077077s] [吞吐率：12.97req/s] [内存消耗：3,830.84kb] [文件加载：171]
[ info ] [ LANG ] D:\phpstudy_pro\WWW\new_kefu_online\thinkphp\lang\zh-cn.php
[ info ] [ ROUTE ] array (
  'type' => 'module',
  'module' => 
  array (
    0 => 'scripts',
    1 => 'RecallPlan',
    2 => 'run',
  ),
)
[ info ] [ HEADER ] array (
  'upgrade-insecure-requests' => '1',
  'connection' => 'close',
  'accept-encoding' => 'gzip, deflate',
  'accept-language' => 'zh-CN,zh;q=0.8,zh-TW;q=0.7,zh-HK;q=0.5,en-US;q=0.3,en;q=0.2',
  'accept' => 'text/html,application/xhtml+xml,application/xml;q=0.9,image/avif,image/webp,*/*;q=0.8',
  'user-agent' => 'Mozilla/5.0 (Windows NT 10.0; Win64; x64; rv:104.0) Gecko/20100101 Firefox/104.0',
  'host' => 'api.newkefu.com',
)
[ info ] [ PARAM ] array (
  '/scripts/RecallPlan/run' => '',
)
[ info ] [ CACHE ] INIT redis
[ info ] [ RUN ] app\scripts\controller\RecallPlan->run[ D:\phpstudy_pro\WWW\new_kefu_online\application\scripts\controller\RecallPlan.php ]
[ info ] [ DB ] INIT mysql
[ info ] [ LOG ] INIT File
[ sql ] [ DB ] CONNECT:[ UseTime:0.001038s ] mysql:host=127.0.0.1;port=3306;dbname=gr_chat;charset=utf8
[ sql ] [ SQL ] SHOW COLUMNS FROM `gr_run_log` [ RunTime:0.001194s ]
[ sql ] [ SQL ] INSERT INTO `gr_run_log` (`controller` , `action` , `input_param` , `add_time` , `update_time`) VALUES ('script_RecallPlan' , 'sendRecallPlanPeopleLog' , '\"\"' , 1662432590 , 1662432590) [ RunTime:0.000876s ]
---------------------------------------------------------------
[ 2022-09-06T10:50:00+08:00 ] 127.0.0.1 GET api.newkefu.com/scripts/RecallPlan/run
[运行时间：0.071470s] [吞吐率：13.99req/s] [内存消耗：3,830.88kb] [文件加载：171]
[ info ] [ LANG ] D:\phpstudy_pro\WWW\new_kefu_online\thinkphp\lang\zh-cn.php
[ info ] [ ROUTE ] array (
  'type' => 'module',
  'module' => 
  array (
    0 => 'scripts',
    1 => 'RecallPlan',
    2 => 'run',
  ),
)
[ info ] [ HEADER ] array (
  'upgrade-insecure-requests' => '1',
  'connection' => 'close',
  'accept-encoding' => 'gzip, deflate',
  'accept-language' => 'zh-CN,zh;q=0.8,zh-TW;q=0.7,zh-HK;q=0.5,en-US;q=0.3,en;q=0.2',
  'accept' => 'text/html,application/xhtml+xml,application/xml;q=0.9,image/avif,image/webp,*/*;q=0.8',
  'user-agent' => 'Mozilla/5.0 (Windows NT 10.0; Win64; x64; rv:104.0) Gecko/20100101 Firefox/104.0',
  'host' => 'api.newkefu.com',
)
[ info ] [ PARAM ] array (
  '/scripts/RecallPlan/run' => '',
)
[ info ] [ CACHE ] INIT redis
[ info ] [ RUN ] app\scripts\controller\RecallPlan->run[ D:\phpstudy_pro\WWW\new_kefu_online\application\scripts\controller\RecallPlan.php ]
[ info ] [ DB ] INIT mysql
[ info ] [ LOG ] INIT File
[ sql ] [ DB ] CONNECT:[ UseTime:0.002256s ] mysql:host=127.0.0.1;port=3306;dbname=gr_chat;charset=utf8
[ sql ] [ SQL ] SHOW COLUMNS FROM `gr_run_log` [ RunTime:0.002598s ]
[ sql ] [ SQL ] INSERT INTO `gr_run_log` (`controller` , `action` , `input_param` , `add_time` , `update_time`) VALUES ('script_RecallPlan' , 'sendRecallPlanPeopleLog' , '\"\"' , 1662432600 , 1662432600) [ RunTime:0.000904s ]
---------------------------------------------------------------
[ 2022-09-06T10:50:12+08:00 ] 127.0.0.1 GET api.newkefu.com/scripts/RecallPlan/run
[运行时间：0.066845s] [吞吐率：14.96req/s] [内存消耗：3,830.84kb] [文件加载：171]
[ info ] [ LANG ] D:\phpstudy_pro\WWW\new_kefu_online\thinkphp\lang\zh-cn.php
[ info ] [ ROUTE ] array (
  'type' => 'module',
  'module' => 
  array (
    0 => 'scripts',
    1 => 'RecallPlan',
    2 => 'run',
  ),
)
[ info ] [ HEADER ] array (
  'upgrade-insecure-requests' => '1',
  'connection' => 'close',
  'accept-encoding' => 'gzip, deflate',
  'accept-language' => 'zh-CN,zh;q=0.8,zh-TW;q=0.7,zh-HK;q=0.5,en-US;q=0.3,en;q=0.2',
  'accept' => 'text/html,application/xhtml+xml,application/xml;q=0.9,image/avif,image/webp,*/*;q=0.8',
  'user-agent' => 'Mozilla/5.0 (Windows NT 10.0; Win64; x64; rv:104.0) Gecko/20100101 Firefox/104.0',
  'host' => 'api.newkefu.com',
)
[ info ] [ PARAM ] array (
  '/scripts/RecallPlan/run' => '',
)
[ info ] [ CACHE ] INIT redis
[ info ] [ RUN ] app\scripts\controller\RecallPlan->run[ D:\phpstudy_pro\WWW\new_kefu_online\application\scripts\controller\RecallPlan.php ]
[ info ] [ DB ] INIT mysql
[ info ] [ LOG ] INIT File
[ sql ] [ DB ] CONNECT:[ UseTime:0.000949s ] mysql:host=127.0.0.1;port=3306;dbname=gr_chat;charset=utf8
[ sql ] [ SQL ] SHOW COLUMNS FROM `gr_run_log` [ RunTime:0.000989s ]
[ sql ] [ SQL ] INSERT INTO `gr_run_log` (`controller` , `action` , `input_param` , `add_time` , `update_time`) VALUES ('script_RecallPlan' , 'sendRecallPlanPeopleLog' , '\"\"' , 1662432612 , 1662432612) [ RunTime:0.000864s ]
---------------------------------------------------------------
[ 2022-09-06T10:57:59+08:00 ] 127.0.0.1 GET api.newkefu.com/scripts/RecallPlan/run
[运行时间：0.079681s] [吞吐率：12.55req/s] [内存消耗：3,831.00kb] [文件加载：171]
[ info ] [ LANG ] D:\phpstudy_pro\WWW\new_kefu_online\thinkphp\lang\zh-cn.php
[ info ] [ ROUTE ] array (
  'type' => 'module',
  'module' => 
  array (
    0 => 'scripts',
    1 => 'RecallPlan',
    2 => 'run',
  ),
)
[ info ] [ HEADER ] array (
  'upgrade-insecure-requests' => '1',
  'connection' => 'close',
  'accept-encoding' => 'gzip, deflate',
  'accept-language' => 'zh-CN,zh;q=0.8,zh-TW;q=0.7,zh-HK;q=0.5,en-US;q=0.3,en;q=0.2',
  'accept' => 'text/html,application/xhtml+xml,application/xml;q=0.9,image/avif,image/webp,*/*;q=0.8',
  'user-agent' => 'Mozilla/5.0 (Windows NT 10.0; Win64; x64; rv:104.0) Gecko/20100101 Firefox/104.0',
  'host' => 'api.newkefu.com',
)
[ info ] [ PARAM ] array (
  '/scripts/RecallPlan/run' => '',
)
[ info ] [ CACHE ] INIT redis
[ info ] [ RUN ] app\scripts\controller\RecallPlan->run[ D:\phpstudy_pro\WWW\new_kefu_online\application\scripts\controller\RecallPlan.php ]
[ info ] [ DB ] INIT mysql
[ info ] [ LOG ] INIT File
[ sql ] [ DB ] CONNECT:[ UseTime:0.001192s ] mysql:host=127.0.0.1;port=3306;dbname=gr_chat;charset=utf8
[ sql ] [ SQL ] SHOW COLUMNS FROM `gr_run_log` [ RunTime:0.001983s ]
[ sql ] [ SQL ] INSERT INTO `gr_run_log` (`controller` , `action` , `input_param` , `add_time` , `update_time`) VALUES ('script_RecallPlan' , 'sendRecallPlanPeopleLog' , '\"\"' , 1662433078 , 1662433078) [ RunTime:0.001049s ]
---------------------------------------------------------------
[ 2022-09-06T10:58:06+08:00 ] 127.0.0.1 GET api.newkefu.com/scripts/RecallPlan/run
[运行时间：0.081966s] [吞吐率：12.20req/s] [内存消耗：3,921.24kb] [文件加载：176]
[ info ] [ LANG ] D:\phpstudy_pro\WWW\new_kefu_online\thinkphp\lang\zh-cn.php
[ info ] [ ROUTE ] array (
  'type' => 'module',
  'module' => 
  array (
    0 => 'scripts',
    1 => 'RecallPlan',
    2 => 'run',
  ),
)
[ info ] [ HEADER ] array (
  'upgrade-insecure-requests' => '1',
  'connection' => 'close',
  'accept-encoding' => 'gzip, deflate',
  'accept-language' => 'zh-CN,zh;q=0.8,zh-TW;q=0.7,zh-HK;q=0.5,en-US;q=0.3,en;q=0.2',
  'accept' => 'text/html,application/xhtml+xml,application/xml;q=0.9,image/avif,image/webp,*/*;q=0.8',
  'user-agent' => 'Mozilla/5.0 (Windows NT 10.0; Win64; x64; rv:104.0) Gecko/20100101 Firefox/104.0',
  'host' => 'api.newkefu.com',
)
[ info ] [ PARAM ] array (
  '/scripts/RecallPlan/run' => '',
)
[ info ] [ CACHE ] INIT redis
[ info ] [ RUN ] app\scripts\controller\RecallPlan->run[ D:\phpstudy_pro\WWW\new_kefu_online\application\scripts\controller\RecallPlan.php ]
[ info ] [ DB ] INIT mysql
[ info ] [ LOG ] INIT File
[ sql ] [ DB ] CONNECT:[ UseTime:0.002672s ] mysql:host=127.0.0.1;port=3306;dbname=gr_chat;charset=utf8
[ sql ] [ SQL ] SHOW COLUMNS FROM `gr_run_log` [ RunTime:0.001302s ]
[ sql ] [ SQL ] INSERT INTO `gr_run_log` (`controller` , `action` , `input_param` , `add_time` , `update_time`) VALUES ('script_RecallPlan' , 'sendRecallPlanPeopleLog' , '\"\"' , 1662433086 , 1662433086) [ RunTime:0.000764s ]
[ error ] [0]致命错误: Call to undefined function common\libraries\ms5()[D:\phpstudy_pro\WWW\new_kefu_online\common\libraries\SendNuoer.php:31]
---------------------------------------------------------------
[ 2022-09-06T10:58:10+08:00 ] 127.0.0.1 GET api.newkefu.com/scripts/RecallPlan/run
[运行时间：0.070883s] [吞吐率：14.11req/s] [内存消耗：3,831.30kb] [文件加载：171]
[ info ] [ LANG ] D:\phpstudy_pro\WWW\new_kefu_online\thinkphp\lang\zh-cn.php
[ info ] [ ROUTE ] array (
  'type' => 'module',
  'module' => 
  array (
    0 => 'scripts',
    1 => 'RecallPlan',
    2 => 'run',
  ),
)
[ info ] [ HEADER ] array (
  'upgrade-insecure-requests' => '1',
  'connection' => 'close',
  'accept-encoding' => 'gzip, deflate',
  'accept-language' => 'zh-CN,zh;q=0.8,zh-TW;q=0.7,zh-HK;q=0.5,en-US;q=0.3,en;q=0.2',
  'accept' => 'text/html,application/xhtml+xml,application/xml;q=0.9,image/avif,image/webp,*/*;q=0.8',
  'user-agent' => 'Mozilla/5.0 (Windows NT 10.0; Win64; x64; rv:104.0) Gecko/20100101 Firefox/104.0',
  'host' => 'api.newkefu.com',
)
[ info ] [ PARAM ] array (
  '/scripts/RecallPlan/run' => '',
)
[ info ] [ CACHE ] INIT redis
[ info ] [ RUN ] app\scripts\controller\RecallPlan->run[ D:\phpstudy_pro\WWW\new_kefu_online\application\scripts\controller\RecallPlan.php ]
[ info ] [ DB ] INIT mysql
[ info ] [ LOG ] INIT File
[ sql ] [ DB ] CONNECT:[ UseTime:0.002327s ] mysql:host=127.0.0.1;port=3306;dbname=gr_chat;charset=utf8
[ sql ] [ SQL ] SHOW COLUMNS FROM `gr_run_log` [ RunTime:0.004626s ]
[ sql ] [ SQL ] INSERT INTO `gr_run_log` (`controller` , `action` , `input_param` , `add_time` , `update_time`) VALUES ('script_RecallPlan' , 'sendRecallPlanPeopleLog' , '\"\"' , 1662433090 , 1662433090) [ RunTime:0.000813s ]
---------------------------------------------------------------
[ 2022-09-06T11:44:46+08:00 ] 127.0.0.1 GET api.newkefu.com/scripts/RecallPlan/run
[运行时间：0.120845s] [吞吐率：8.28req/s] [内存消耗：4,261.91kb] [文件加载：182]
[ info ] [ LANG ] D:\phpstudy_pro\WWW\new_kefu_online\thinkphp\lang\zh-cn.php
[ info ] [ ROUTE ] array (
  'type' => 'module',
  'module' => 
  array (
    0 => 'scripts',
    1 => 'RecallPlan',
    2 => 'run',
  ),
)
[ info ] [ HEADER ] array (
  'upgrade-insecure-requests' => '1',
  'connection' => 'close',
  'accept-encoding' => 'gzip, deflate',
  'accept-language' => 'zh-CN,zh;q=0.8,zh-TW;q=0.7,zh-HK;q=0.5,en-US;q=0.3,en;q=0.2',
  'accept' => 'text/html,application/xhtml+xml,application/xml;q=0.9,image/avif,image/webp,*/*;q=0.8',
  'user-agent' => 'Mozilla/5.0 (Windows NT 10.0; Win64; x64; rv:104.0) Gecko/20100101 Firefox/104.0',
  'host' => 'api.newkefu.com',
)
[ info ] [ PARAM ] array (
  '/scripts/RecallPlan/run' => '',
)
[ info ] [ CACHE ] INIT redis
[ info ] [ DB ] INIT mysql
[ info ] [ RUN ] app\scripts\controller\RecallPlan->run[ D:\phpstudy_pro\WWW\new_kefu_online\application\scripts\controller\RecallPlan.php ]
[ info ] [ DB ] INIT mysql
[ info ] [ LOG ] INIT File
[ sql ] [ DB ] CONNECT:[ UseTime:0.001813s ] mysql:host=127.0.0.1;port=3306;dbname=gr_chat;charset=utf8
[ sql ] [ SQL ] SHOW COLUMNS FROM `gr_run_log` [ RunTime:0.002303s ]
[ sql ] [ SQL ] INSERT INTO `gr_run_log` (`controller` , `action` , `input_param` , `add_time` , `update_time`) VALUES ('script_RecallPlan' , 'sendRecallPlanLog' , '\"\"' , 1662435886 , 1662435886) [ RunTime:0.001380s ]
[ error ] [8]未定义数组索引: id[D:\phpstudy_pro\WWW\new_kefu_online\common\server\Vip\RecallServer.php:814]
---------------------------------------------------------------
[ 2022-09-06T11:44:56+08:00 ] 127.0.0.1 GET api.newkefu.com/scripts/RecallPlan/run
[运行时间：0.093443s] [吞吐率：10.70req/s] [内存消耗：3,786.72kb] [文件加载：169]
[ info ] [ LANG ] D:\phpstudy_pro\WWW\new_kefu_online\thinkphp\lang\zh-cn.php
[ info ] [ ROUTE ] array (
  'type' => 'module',
  'module' => 
  array (
    0 => 'scripts',
    1 => 'RecallPlan',
    2 => 'run',
  ),
)
[ info ] [ HEADER ] array (
  'upgrade-insecure-requests' => '1',
  'connection' => 'close',
  'accept-encoding' => 'gzip, deflate',
  'accept-language' => 'zh-CN,zh;q=0.8,zh-TW;q=0.7,zh-HK;q=0.5,en-US;q=0.3,en;q=0.2',
  'accept' => 'text/html,application/xhtml+xml,application/xml;q=0.9,image/avif,image/webp,*/*;q=0.8',
  'user-agent' => 'Mozilla/5.0 (Windows NT 10.0; Win64; x64; rv:104.0) Gecko/20100101 Firefox/104.0',
  'host' => 'api.newkefu.com',
)
[ info ] [ PARAM ] array (
  '/scripts/RecallPlan/run' => '',
)
[ info ] [ CACHE ] INIT redis
[ info ] [ RUN ] app\scripts\controller\RecallPlan->run[ D:\phpstudy_pro\WWW\new_kefu_online\application\scripts\controller\RecallPlan.php ]
[ info ] [ DB ] INIT mysql
[ info ] [ LOG ] INIT File
[ sql ] [ DB ] CONNECT:[ UseTime:0.003597s ] mysql:host=127.0.0.1;port=3306;dbname=gr_chat;charset=utf8
[ sql ] [ SQL ] SHOW COLUMNS FROM `gr_run_log` [ RunTime:0.001554s ]
[ sql ] [ SQL ] INSERT INTO `gr_run_log` (`controller` , `action` , `input_param` , `add_time` , `update_time`) VALUES ('script_RecallPlan' , 'sendRecallPlanLog' , '\"\"' , 1662435896 , 1662435896) [ RunTime:0.001067s ]
---------------------------------------------------------------
[ 2022-09-06T11:45:28+08:00 ] 127.0.0.1 GET api.newkefu.com/scripts/RecallPlan/run
[运行时间：0.103720s] [吞吐率：9.64req/s] [内存消耗：4,246.13kb] [文件加载：181]
[ info ] [ LANG ] D:\phpstudy_pro\WWW\new_kefu_online\thinkphp\lang\zh-cn.php
[ info ] [ ROUTE ] array (
  'type' => 'module',
  'module' => 
  array (
    0 => 'scripts',
    1 => 'RecallPlan',
    2 => 'run',
  ),
)
[ info ] [ HEADER ] array (
  'upgrade-insecure-requests' => '1',
  'connection' => 'close',
  'accept-encoding' => 'gzip, deflate',
  'accept-language' => 'zh-CN,zh;q=0.8,zh-TW;q=0.7,zh-HK;q=0.5,en-US;q=0.3,en;q=0.2',
  'accept' => 'text/html,application/xhtml+xml,application/xml;q=0.9,image/avif,image/webp,*/*;q=0.8',
  'user-agent' => 'Mozilla/5.0 (Windows NT 10.0; Win64; x64; rv:104.0) Gecko/20100101 Firefox/104.0',
  'host' => 'api.newkefu.com',
)
[ info ] [ PARAM ] array (
  '/scripts/RecallPlan/run' => '',
)
[ info ] [ CACHE ] INIT redis
[ info ] [ RUN ] app\scripts\controller\RecallPlan->run[ D:\phpstudy_pro\WWW\new_kefu_online\application\scripts\controller\RecallPlan.php ]
[ info ] [ DB ] INIT mysql
[ info ] [ DB ] INIT mysql
[ info ] [ LOG ] INIT File
[ sql ] [ DB ] CONNECT:[ UseTime:0.001441s ] mysql:host=127.0.0.1;port=3306;dbname=gr_chat;charset=utf8
[ sql ] [ SQL ] SHOW COLUMNS FROM `gr_run_log` [ RunTime:0.001836s ]
[ sql ] [ SQL ] INSERT INTO `gr_run_log` (`controller` , `action` , `input_param` , `add_time` , `update_time`) VALUES ('script_RecallPlan' , 'sendRecallPlanLog' , '\"\"' , 1662435928 , 1662435928) [ RunTime:0.000960s ]
[ error ] [8]未定义数组索引: id[D:\phpstudy_pro\WWW\new_kefu_online\common\server\Vip\RecallServer.php:814]
---------------------------------------------------------------
[ 2022-09-06T11:45:58+08:00 ] 127.0.0.1 GET api.newkefu.com/scripts/RecallPlan/run
[运行时间：0.076867s] [吞吐率：13.01req/s] [内存消耗：4,051.25kb] [文件加载：173]
[ info ] [ LANG ] D:\phpstudy_pro\WWW\new_kefu_online\thinkphp\lang\zh-cn.php
[ info ] [ ROUTE ] array (
  'type' => 'module',
  'module' => 
  array (
    0 => 'scripts',
    1 => 'RecallPlan',
    2 => 'run',
  ),
)
[ info ] [ HEADER ] array (
  'upgrade-insecure-requests' => '1',
  'connection' => 'close',
  'accept-encoding' => 'gzip, deflate',
  'accept-language' => 'zh-CN,zh;q=0.8,zh-TW;q=0.7,zh-HK;q=0.5,en-US;q=0.3,en;q=0.2',
  'accept' => 'text/html,application/xhtml+xml,application/xml;q=0.9,image/avif,image/webp,*/*;q=0.8',
  'user-agent' => 'Mozilla/5.0 (Windows NT 10.0; Win64; x64; rv:104.0) Gecko/20100101 Firefox/104.0',
  'host' => 'api.newkefu.com',
)
[ info ] [ PARAM ] array (
  '/scripts/RecallPlan/run' => '',
)
[ info ] [ CACHE ] INIT redis
[ info ] [ RUN ] app\scripts\controller\RecallPlan->run[ D:\phpstudy_pro\WWW\new_kefu_online\application\scripts\controller\RecallPlan.php ]
[ info ] [ DB ] INIT mysql
[ info ] [ DB ] INIT mysql
[ info ] [ LOG ] INIT File
[ sql ] [ DB ] CONNECT:[ UseTime:0.001236s ] mysql:host=127.0.0.1;port=3306;dbname=gr_chat;charset=utf8
[ sql ] [ SQL ] SHOW COLUMNS FROM `gr_run_log` [ RunTime:0.001511s ]
[ sql ] [ SQL ] INSERT INTO `gr_run_log` (`controller` , `action` , `input_param` , `add_time` , `update_time`) VALUES ('script_RecallPlan' , 'sendRecallPlanLog' , '\"\"' , 1662435958 , 1662435958) [ RunTime:0.000807s ]
---------------------------------------------------------------
[ 2022-09-06T11:46:49+08:00 ] 127.0.0.1 GET api.newkefu.com/scripts/RecallPlan/run
[运行时间：0.077037s] [吞吐率：12.98req/s] [内存消耗：4,091.91kb] [文件加载：175]
[ info ] [ LANG ] D:\phpstudy_pro\WWW\new_kefu_online\thinkphp\lang\zh-cn.php
[ info ] [ ROUTE ] array (
  'type' => 'module',
  'module' => 
  array (
    0 => 'scripts',
    1 => 'RecallPlan',
    2 => 'run',
  ),
)
[ info ] [ HEADER ] array (
  'upgrade-insecure-requests' => '1',
  'connection' => 'close',
  'accept-encoding' => 'gzip, deflate',
  'accept-language' => 'zh-CN,zh;q=0.8,zh-TW;q=0.7,zh-HK;q=0.5,en-US;q=0.3,en;q=0.2',
  'accept' => 'text/html,application/xhtml+xml,application/xml;q=0.9,image/avif,image/webp,*/*;q=0.8',
  'user-agent' => 'Mozilla/5.0 (Windows NT 10.0; Win64; x64; rv:104.0) Gecko/20100101 Firefox/104.0',
  'host' => 'api.newkefu.com',
)
[ info ] [ PARAM ] array (
  '/scripts/RecallPlan/run' => '',
)
[ info ] [ CACHE ] INIT redis
[ info ] [ RUN ] app\scripts\controller\RecallPlan->run[ D:\phpstudy_pro\WWW\new_kefu_online\application\scripts\controller\RecallPlan.php ]
[ info ] [ DB ] INIT mysql
[ info ] [ DB ] INIT mysql
[ info ] [ LOG ] INIT File
[ sql ] [ DB ] CONNECT:[ UseTime:0.001296s ] mysql:host=127.0.0.1;port=3306;dbname=gr_chat;charset=utf8
[ sql ] [ SQL ] SHOW COLUMNS FROM `gr_run_log` [ RunTime:0.002835s ]
[ sql ] [ SQL ] INSERT INTO `gr_run_log` (`controller` , `action` , `input_param` , `add_time` , `update_time`) VALUES ('script_RecallPlan' , 'sendRecallPlanLog' , '\"\"' , 1662436009 , 1662436009) [ RunTime:0.001307s ]
---------------------------------------------------------------
[ 2022-09-06T11:47:18+08:00 ] 127.0.0.1 GET api.newkefu.com/scripts/RecallPlan/run
[运行时间：0.100557s] [吞吐率：9.94req/s] [内存消耗：4,091.61kb] [文件加载：175]
[ info ] [ LANG ] D:\phpstudy_pro\WWW\new_kefu_online\thinkphp\lang\zh-cn.php
[ info ] [ ROUTE ] array (
  'type' => 'module',
  'module' => 
  array (
    0 => 'scripts',
    1 => 'RecallPlan',
    2 => 'run',
  ),
)
[ info ] [ HEADER ] array (
  'upgrade-insecure-requests' => '1',
  'connection' => 'close',
  'accept-encoding' => 'gzip, deflate',
  'accept-language' => 'zh-CN,zh;q=0.8,zh-TW;q=0.7,zh-HK;q=0.5,en-US;q=0.3,en;q=0.2',
  'accept' => 'text/html,application/xhtml+xml,application/xml;q=0.9,image/avif,image/webp,*/*;q=0.8',
  'user-agent' => 'Mozilla/5.0 (Windows NT 10.0; Win64; x64; rv:104.0) Gecko/20100101 Firefox/104.0',
  'host' => 'api.newkefu.com',
)
[ info ] [ PARAM ] array (
  '/scripts/RecallPlan/run' => '',
)
[ info ] [ CACHE ] INIT redis
[ info ] [ RUN ] app\scripts\controller\RecallPlan->run[ D:\phpstudy_pro\WWW\new_kefu_online\application\scripts\controller\RecallPlan.php ]
[ info ] [ DB ] INIT mysql
[ info ] [ DB ] INIT mysql
[ info ] [ LOG ] INIT File
[ sql ] [ DB ] CONNECT:[ UseTime:0.001311s ] mysql:host=127.0.0.1;port=3306;dbname=gr_chat;charset=utf8
[ sql ] [ SQL ] SHOW COLUMNS FROM `gr_run_log` [ RunTime:0.001751s ]
[ sql ] [ SQL ] INSERT INTO `gr_run_log` (`controller` , `action` , `input_param` , `add_time` , `update_time`) VALUES ('script_RecallPlan' , 'sendRecallPlanLog' , '\"\"' , 1662436038 , 1662436038) [ RunTime:0.001612s ]
