---------------------------------------------------------------
[ 2022-09-07T11:23:24+08:00 ] 127.0.0.1 GET api.newkefu.com/scripts/RecallPlan/diyExec?p[%27func%27]%20=abc
[运行时间：0.143404s] [吞吐率：6.97req/s] [内存消耗：3,935.23kb] [文件加载：176]
[ info ] [ LANG ] D:\phpstudy_pro\WWW\new_kefu_online\thinkphp\lang\zh-cn.php
[ info ] [ ROUTE ] array (
  'type' => 'module',
  'module' => 
  array (
    0 => 'scripts',
    1 => 'RecallPlan',
    2 => 'diyExec',
  ),
)
[ info ] [ HEADER ] array (
  'upgrade-insecure-requests' => '1',
  'connection' => 'close',
  'accept-encoding' => 'gzip, deflate',
  'accept-language' => 'zh-CN,zh;q=0.8,zh-TW;q=0.7,zh-HK;q=0.5,en-US;q=0.3,en;q=0.2',
  'accept' => 'text/html,application/xhtml+xml,application/xml;q=0.9,image/avif,image/webp,*/*;q=0.8',
  'user-agent' => 'Mozilla/5.0 (Windows NT 10.0; Win64; x64; rv:104.0) Gecko/20100101 Firefox/104.0',
  'host' => 'api.newkefu.com',
)
[ info ] [ PARAM ] array (
  '/scripts/RecallPlan/diyExec' => '',
  'p' => 
  array (
    '\'func\'' => 'abc',
  ),
)
[ info ] [ CACHE ] INIT redis
[ info ] [ DB ] INIT mysql
[ info ] [ RUN ] app\scripts\controller\RecallPlan->diyExec[ D:\phpstudy_pro\WWW\new_kefu_online\application\scripts\controller\RecallPlan.php ]
[ info ] [ LOG ] INIT File
[ error ] [8]未定义数组索引: func[D:\phpstudy_pro\WWW\new_kefu_online\application\scripts\controller\RecallPlan.php:99]
---------------------------------------------------------------
[ 2022-09-07T11:23:30+08:00 ] 127.0.0.1 GET api.newkefu.com/scripts/RecallPlan/diyExec?p[func]%20=abc
[运行时间：0.080359s] [吞吐率：12.44req/s] [内存消耗：2,593.70kb] [文件加载：159]
[ info ] [ LANG ] D:\phpstudy_pro\WWW\new_kefu_online\thinkphp\lang\zh-cn.php
[ info ] [ ROUTE ] array (
  'type' => 'module',
  'module' => 
  array (
    0 => 'scripts',
    1 => 'RecallPlan',
    2 => 'diyExec',
  ),
)
[ info ] [ HEADER ] array (
  'upgrade-insecure-requests' => '1',
  'connection' => 'close',
  'accept-encoding' => 'gzip, deflate',
  'accept-language' => 'zh-CN,zh;q=0.8,zh-TW;q=0.7,zh-HK;q=0.5,en-US;q=0.3,en;q=0.2',
  'accept' => 'text/html,application/xhtml+xml,application/xml;q=0.9,image/avif,image/webp,*/*;q=0.8',
  'user-agent' => 'Mozilla/5.0 (Windows NT 10.0; Win64; x64; rv:104.0) Gecko/20100101 Firefox/104.0',
  'host' => 'api.newkefu.com',
)
[ info ] [ PARAM ] array (
  '/scripts/RecallPlan/diyExec' => '',
  'p' => 
  array (
    'func' => 'abc',
  ),
)
[ info ] [ CACHE ] INIT redis
[ info ] [ RUN ] app\scripts\controller\RecallPlan->diyExec[ D:\phpstudy_pro\WWW\new_kefu_online\application\scripts\controller\RecallPlan.php ]
[ info ] [ LOG ] INIT File
---------------------------------------------------------------
[ 2022-09-07T11:23:57+08:00 ] 127.0.0.1 GET api.newkefu.com/scripts/RecallPlan/diyExec?p[func]%20=executeRecallPlan
[运行时间：0.060233s] [吞吐率：16.60req/s] [内存消耗：2,593.63kb] [文件加载：159]
[ info ] [ LANG ] D:\phpstudy_pro\WWW\new_kefu_online\thinkphp\lang\zh-cn.php
[ info ] [ ROUTE ] array (
  'type' => 'module',
  'module' => 
  array (
    0 => 'scripts',
    1 => 'RecallPlan',
    2 => 'diyExec',
  ),
)
[ info ] [ HEADER ] array (
  'upgrade-insecure-requests' => '1',
  'connection' => 'close',
  'accept-encoding' => 'gzip, deflate',
  'accept-language' => 'zh-CN,zh;q=0.8,zh-TW;q=0.7,zh-HK;q=0.5,en-US;q=0.3,en;q=0.2',
  'accept' => 'text/html,application/xhtml+xml,application/xml;q=0.9,image/avif,image/webp,*/*;q=0.8',
  'user-agent' => 'Mozilla/5.0 (Windows NT 10.0; Win64; x64; rv:104.0) Gecko/20100101 Firefox/104.0',
  'host' => 'api.newkefu.com',
)
[ info ] [ PARAM ] array (
  '/scripts/RecallPlan/diyExec' => '',
  'p' => 
  array (
    'func' => 'executeRecallPlan',
  ),
)
[ info ] [ CACHE ] INIT redis
[ info ] [ RUN ] app\scripts\controller\RecallPlan->diyExec[ D:\phpstudy_pro\WWW\new_kefu_online\application\scripts\controller\RecallPlan.php ]
[ info ] [ LOG ] INIT File
