---------------------------------------------------------------
[ 2022-09-22T10:38:30+08:00 ] 127.0.0.1 POST api.newkefu.com/admin/account_registration/getAdminDepartment
[运行时间：0.248067s] [吞吐率：4.03req/s] [内存消耗：4,961.52kb] [文件加载：196]
[ info ] [ LANG ] D:\phpstudy_pro\WWW\new_kefu_online\thinkphp\lang\zh-cn.php
[ info ] [ ROUTE ] array (
  'type' => 'module',
  'module' => 
  array (
    0 => 'admin',
    1 => 'account_registration',
    2 => 'getAdminDepartment',
  ),
)
[ info ] [ HEADER ] array (
  'content-length' => '0',
  'cache-control' => 'no-cache',
  'pragma' => 'no-cache',
  'referer' => 'http://www.newkefu.com/',
  'connection' => 'close',
  'origin' => 'http://www.newkefu.com',
  'platform' => 'youyu',
  'token' => 'eyJ0eXAiOiJKV1QiLCJhbGciOiJIUzI1NiIsImp0aSI6ImxYWGluZyJ9.eyJpc3MiOiJhcGkubmV3a2VmdS5jb20iLCJqdGkiOiJsWFhpbmciLCJpYXQiOjE2NjMxNDA0NzUsImV4cCI6MTY2NTczMjQ3NSwidWlkIjoxNDN9.Bmhe0j7Bg2CyMQygKqI62qEuDGBKyVEfg84VoBhRlEw',
  'accept-encoding' => 'gzip, deflate',
  'accept-language' => 'zh-CN,zh;q=0.8,zh-TW;q=0.7,zh-HK;q=0.5,en-US;q=0.3,en;q=0.2',
  'accept' => 'application/json, text/javascript, */*; q=0.01',
  'user-agent' => 'Mozilla/5.0 (Windows NT 10.0; Win64; x64; rv:104.0) Gecko/20100101 Firefox/104.0',
  'host' => 'api.newkefu.com',
)
[ info ] [ PARAM ] array (
  '/admin/account_registration/getAdminDepartment' => '',
)
[ info ] [ DB ] INIT mysql
[ info ] [ CACHE ] INIT redis
[ info ] [ DB ] INIT mysql
[ info ] [ DB ] INIT mysql
[ info ] [ RUN ] app\admin\controller\AccountRegistration->getAdminDepartment[ D:\phpstudy_pro\WWW\new_kefu_online\application\admin\controller\AccountRegistration.php ]
[ info ] [ LOG ] INIT File
[ sql ] [ DB ] CONNECT:[ UseTime:0.001805s ] mysql:host=127.0.0.1;port=3306;dbname=gr_chat;charset=utf8
[ sql ] [ SQL ] SHOW COLUMNS FROM `gr_user_group` [ RunTime:0.002583s ]
[ sql ] [ SQL ] SELECT * FROM `gr_user_group` WHERE  `id` IN (17,10,11,5,14,8,9,7,16) [ RunTime:0.001210s ]
[ sql ] [ SQL ] SHOW COLUMNS FROM `gr_menu_new` [ RunTime:0.000812s ]
[ sql ] [ SQL ] SELECT m.menu_id as id,`m`.`menu_name`,`m`.`p_id`,`m`.`controller`,`m`.`action`,`m`.`is_show`,`m`.`url`,`m`.`type` FROM `gr_menu_new` `m` ORDER BY `p_id` ASC,`sort` ASC,`id` ASC [ RunTime:0.001486s ]
---------------------------------------------------------------
[ 2022-09-22T10:38:30+08:00 ] 127.0.0.1 GET api.newkefu.com/admin/inner_account/index?page=1&limit=20
[运行时间：0.258823s] [吞吐率：3.86req/s] [内存消耗：5,039.68kb] [文件加载：200]
[ info ] [ LANG ] D:\phpstudy_pro\WWW\new_kefu_online\thinkphp\lang\zh-cn.php
[ info ] [ ROUTE ] array (
  'type' => 'module',
  'module' => 
  array (
    0 => 'admin',
    1 => 'inner_account',
    2 => 'index',
  ),
)
[ info ] [ HEADER ] array (
  'cache-control' => 'no-cache',
  'pragma' => 'no-cache',
  'referer' => 'http://www.newkefu.com/',
  'connection' => 'close',
  'origin' => 'http://www.newkefu.com',
  'platform' => 'youyu',
  'token' => 'eyJ0eXAiOiJKV1QiLCJhbGciOiJIUzI1NiIsImp0aSI6ImxYWGluZyJ9.eyJpc3MiOiJhcGkubmV3a2VmdS5jb20iLCJqdGkiOiJsWFhpbmciLCJpYXQiOjE2NjMxNDA0NzUsImV4cCI6MTY2NTczMjQ3NSwidWlkIjoxNDN9.Bmhe0j7Bg2CyMQygKqI62qEuDGBKyVEfg84VoBhRlEw',
  'accept-encoding' => 'gzip, deflate',
  'accept-language' => 'zh-CN,zh;q=0.8,zh-TW;q=0.7,zh-HK;q=0.5,en-US;q=0.3,en;q=0.2',
  'accept' => 'application/json, text/javascript, */*; q=0.01',
  'user-agent' => 'Mozilla/5.0 (Windows NT 10.0; Win64; x64; rv:104.0) Gecko/20100101 Firefox/104.0',
  'host' => 'api.newkefu.com',
)
[ info ] [ PARAM ] array (
  '/admin/inner_account/index' => '',
  'page' => '1',
  'limit' => '20',
)
[ info ] [ DB ] INIT mysql
[ info ] [ CACHE ] INIT redis
[ info ] [ DB ] INIT mysql
[ info ] [ DB ] INIT mysql
[ info ] [ RUN ] app\admin\controller\InnerAccount->index[ D:\phpstudy_pro\WWW\new_kefu_online\application\admin\controller\InnerAccount.php ]
[ info ] [ DB ] INIT mysql
[ info ] [ LOG ] INIT File
[ sql ] [ DB ] CONNECT:[ UseTime:0.002036s ] mysql:host=127.0.0.1;port=3306;dbname=gr_chat;charset=utf8
[ sql ] [ SQL ] SHOW COLUMNS FROM `gr_user_group` [ RunTime:0.002455s ]
[ sql ] [ SQL ] SELECT * FROM `gr_user_group` WHERE  `id` IN (17,10,11,5,14,8,9,7,16) [ RunTime:0.001326s ]
[ sql ] [ SQL ] SHOW COLUMNS FROM `gr_menu_new` [ RunTime:0.000925s ]
[ sql ] [ SQL ] SELECT m.menu_id as id,`m`.`menu_name`,`m`.`p_id`,`m`.`controller`,`m`.`action`,`m`.`is_show`,`m`.`url`,`m`.`type` FROM `gr_menu_new` `m` ORDER BY `p_id` ASC,`sort` ASC,`id` ASC [ RunTime:0.003771s ]
